[0.129s] Invoking command in '/home/ubuntu/workspace/robotics_v1/build/robo_collector_interfaces': CMAKE_PREFIX_PATH=/opt/ros/foxy /usr/bin/cmake --build /home/ubuntu/workspace/robotics_v1/build/robo_collector_interfaces -- -j4 -l4
[0.407s] [ 10%] Built target robo_collector_interfaces__rosidl_generator_c
[0.476s] [ 12%] Built target robo_collector_interfaces__cpp
[0.627s] [ 23%] Built target robo_collector_interfaces__rosidl_typesupport_introspection_c
[0.669s] [ 33%] Built target robo_collector_interfaces__rosidl_typesupport_introspection_cpp
[0.702s] [ 43%] Built target robo_collector_interfaces__rosidl_typesupport_fastrtps_cpp
[0.715s] [ 53%] Built target robo_collector_interfaces__rosidl_typesupport_c
[0.769s] [ 64%] Built target robo_collector_interfaces__rosidl_typesupport_cpp
[0.883s] [ 74%] Built target robo_collector_interfaces__rosidl_typesupport_fastrtps_c
[1.097s] [ 74%] Built target robo_collector_interfaces
[1.256s] [ 76%] Built target robo_collector_interfaces__py
[1.539s] [ 84%] Built target robo_collector_interfaces__python
[1.823s] [ 89%] Built target robo_collector_interfaces__rosidl_typesupport_introspection_c__pyext
[1.875s] [ 94%] Built target robo_collector_interfaces__rosidl_typesupport_fastrtps_c__pyext
[1.899s] [100%] Built target robo_collector_interfaces__rosidl_typesupport_c__pyext
[2.022s] Invoked command in '/home/ubuntu/workspace/robotics_v1/build/robo_collector_interfaces' returned '0': CMAKE_PREFIX_PATH=/opt/ros/foxy /usr/bin/cmake --build /home/ubuntu/workspace/robotics_v1/build/robo_collector_interfaces -- -j4 -l4
[2.705s] Invoking command in '/home/ubuntu/workspace/robotics_v1/build/robo_collector_interfaces': CMAKE_PREFIX_PATH=/opt/ros/foxy /usr/bin/cmake --install /home/ubuntu/workspace/robotics_v1/build/robo_collector_interfaces
[2.732s] -- Install configuration: "Debug"
[2.737s] -- Execute custom install script
[2.739s] -- Up-to-date symlink: /home/ubuntu/workspace/robotics_v1/install/robo_collector_interfaces/share/ament_index/resource_index/rosidl_interfaces/robo_collector_interfaces
[2.742s] -- Up-to-date symlink: /home/ubuntu/workspace/robotics_v1/install/robo_collector_interfaces/include/robo_collector_interfaces/msg/detail/robot_move_type__functions.h
[2.745s] -- Up-to-date symlink: /home/ubuntu/workspace/robotics_v1/install/robo_collector_interfaces/include/robo_collector_interfaces/msg/detail/robot_move_type__struct.h
[2.746s] -- Up-to-date symlink: /home/ubuntu/workspace/robotics_v1/install/robo_collector_interfaces/include/robo_collector_interfaces/msg/detail/robot_move_type__type_support.h
[2.747s] -- Up-to-date symlink: /home/ubuntu/workspace/robotics_v1/install/robo_collector_interfaces/include/robo_collector_interfaces/msg/detail/user_authenticate__functions.h
[2.749s] -- Up-to-date symlink: /home/ubuntu/workspace/robotics_v1/install/robo_collector_interfaces/include/robo_collector_interfaces/msg/detail/user_authenticate__struct.h
[2.751s] -- Up-to-date symlink: /home/ubuntu/workspace/robotics_v1/install/robo_collector_interfaces/include/robo_collector_interfaces/msg/detail/user_authenticate__type_support.h
[2.752s] -- Up-to-date symlink: /home/ubuntu/workspace/robotics_v1/install/robo_collector_interfaces/include/robo_collector_interfaces/msg/robot_move_type.h
[2.753s] -- Up-to-date symlink: /home/ubuntu/workspace/robotics_v1/install/robo_collector_interfaces/include/robo_collector_interfaces/msg/rosidl_generator_c__visibility_control.h
[2.755s] -- Up-to-date symlink: /home/ubuntu/workspace/robotics_v1/install/robo_collector_interfaces/include/robo_collector_interfaces/msg/user_authenticate.h
[2.757s] -- Up-to-date symlink: /home/ubuntu/workspace/robotics_v1/install/robo_collector_interfaces/share/robo_collector_interfaces/environment/library_path.sh
[2.758s] -- Up-to-date symlink: /home/ubuntu/workspace/robotics_v1/install/robo_collector_interfaces/share/robo_collector_interfaces/environment/library_path.dsv
[2.762s] -- Up-to-date symlink: /home/ubuntu/workspace/robotics_v1/install/robo_collector_interfaces/include/robo_collector_interfaces/msg/detail/robot_move_type__rosidl_typesupport_fastrtps_c.h
[2.763s] -- Up-to-date symlink: /home/ubuntu/workspace/robotics_v1/install/robo_collector_interfaces/include/robo_collector_interfaces/msg/detail/user_authenticate__rosidl_typesupport_fastrtps_c.h
[2.764s] -- Up-to-date symlink: /home/ubuntu/workspace/robotics_v1/install/robo_collector_interfaces/include/robo_collector_interfaces/msg/rosidl_typesupport_fastrtps_c__visibility_control.h
[2.767s] -- Up-to-date symlink: /home/ubuntu/workspace/robotics_v1/install/robo_collector_interfaces/lib/librobo_collector_interfaces__rosidl_typesupport_fastrtps_c.so
[2.769s] -- Up-to-date symlink: /home/ubuntu/workspace/robotics_v1/install/robo_collector_interfaces/include/robo_collector_interfaces/msg/detail/robot_move_type__rosidl_typesupport_fastrtps_cpp.hpp
[2.771s] -- Up-to-date symlink: /home/ubuntu/workspace/robotics_v1/install/robo_collector_interfaces/include/robo_collector_interfaces/msg/detail/user_authenticate__rosidl_typesupport_fastrtps_cpp.hpp
[2.773s] -- Up-to-date symlink: /home/ubuntu/workspace/robotics_v1/install/robo_collector_interfaces/include/robo_collector_interfaces/msg/rosidl_typesupport_fastrtps_cpp__visibility_control.h
[2.775s] -- Up-to-date symlink: /home/ubuntu/workspace/robotics_v1/install/robo_collector_interfaces/lib/librobo_collector_interfaces__rosidl_typesupport_fastrtps_cpp.so
[2.777s] -- Up-to-date symlink: /home/ubuntu/workspace/robotics_v1/install/robo_collector_interfaces/include/robo_collector_interfaces/msg/detail/robot_move_type__rosidl_typesupport_introspection_c.h
[2.778s] -- Up-to-date symlink: /home/ubuntu/workspace/robotics_v1/install/robo_collector_interfaces/include/robo_collector_interfaces/msg/detail/user_authenticate__rosidl_typesupport_introspection_c.h
[2.779s] -- Up-to-date symlink: /home/ubuntu/workspace/robotics_v1/install/robo_collector_interfaces/include/robo_collector_interfaces/msg/rosidl_typesupport_introspection_c__visibility_control.h
[2.780s] -- Up-to-date symlink: /home/ubuntu/workspace/robotics_v1/install/robo_collector_interfaces/include/robo_collector_interfaces/msg/detail/robot_move_type__builder.hpp
[2.781s] -- Up-to-date symlink: /home/ubuntu/workspace/robotics_v1/install/robo_collector_interfaces/include/robo_collector_interfaces/msg/detail/robot_move_type__struct.hpp
[2.782s] -- Up-to-date symlink: /home/ubuntu/workspace/robotics_v1/install/robo_collector_interfaces/include/robo_collector_interfaces/msg/detail/robot_move_type__traits.hpp
[2.783s] -- Up-to-date symlink: /home/ubuntu/workspace/robotics_v1/install/robo_collector_interfaces/include/robo_collector_interfaces/msg/detail/user_authenticate__builder.hpp
[2.785s] -- Up-to-date symlink: /home/ubuntu/workspace/robotics_v1/install/robo_collector_interfaces/include/robo_collector_interfaces/msg/detail/user_authenticate__struct.hpp
[2.785s] -- Up-to-date symlink: /home/ubuntu/workspace/robotics_v1/install/robo_collector_interfaces/include/robo_collector_interfaces/msg/detail/user_authenticate__traits.hpp
[2.786s] -- Up-to-date symlink: /home/ubuntu/workspace/robotics_v1/install/robo_collector_interfaces/include/robo_collector_interfaces/msg/robot_move_type.hpp
[2.787s] -- Up-to-date symlink: /home/ubuntu/workspace/robotics_v1/install/robo_collector_interfaces/include/robo_collector_interfaces/msg/user_authenticate.hpp
[2.789s] -- Up-to-date symlink: /home/ubuntu/workspace/robotics_v1/install/robo_collector_interfaces/include/robo_collector_interfaces/msg/detail/robot_move_type__rosidl_typesupport_introspection_cpp.hpp
[2.790s] -- Up-to-date symlink: /home/ubuntu/workspace/robotics_v1/install/robo_collector_interfaces/include/robo_collector_interfaces/msg/detail/user_authenticate__rosidl_typesupport_introspection_cpp.hpp
[2.792s] -- Up-to-date symlink: /home/ubuntu/workspace/robotics_v1/install/robo_collector_interfaces/share/robo_collector_interfaces/environment/pythonpath.sh
[2.794s] -- Up-to-date symlink: /home/ubuntu/workspace/robotics_v1/install/robo_collector_interfaces/share/robo_collector_interfaces/environment/pythonpath.dsv
[2.799s] -- Up-to-date symlink: /home/ubuntu/workspace/robotics_v1/install/robo_collector_interfaces/lib/python3.8/site-packages/robo_collector_interfaces/__init__.py
[2.799s] -- Up-to-date symlink: /home/ubuntu/workspace/robotics_v1/install/robo_collector_interfaces/lib/python3.8/site-packages/robo_collector_interfaces/msg/__init__.py
[2.800s] -- Up-to-date symlink: /home/ubuntu/workspace/robotics_v1/install/robo_collector_interfaces/lib/python3.8/site-packages/robo_collector_interfaces/msg/_robot_move_type.py
[2.800s] -- Up-to-date symlink: /home/ubuntu/workspace/robotics_v1/install/robo_collector_interfaces/lib/python3.8/site-packages/robo_collector_interfaces/msg/_user_authenticate.py
[2.800s] -- Up-to-date symlink: /home/ubuntu/workspace/robotics_v1/install/robo_collector_interfaces/lib/python3.8/site-packages/robo_collector_interfaces/robo_collector_interfaces_s__rosidl_typesupport_fastrtps_c.cpython-38-x86_64-linux-gnu.so
[2.801s] -- Up-to-date symlink: /home/ubuntu/workspace/robotics_v1/install/robo_collector_interfaces/lib/python3.8/site-packages/robo_collector_interfaces/robo_collector_interfaces_s__rosidl_typesupport_introspection_c.cpython-38-x86_64-linux-gnu.so
[2.803s] -- Up-to-date symlink: /home/ubuntu/workspace/robotics_v1/install/robo_collector_interfaces/lib/python3.8/site-packages/robo_collector_interfaces/robo_collector_interfaces_s__rosidl_typesupport_c.cpython-38-x86_64-linux-gnu.so
[2.805s] -- Up-to-date symlink: /home/ubuntu/workspace/robotics_v1/install/robo_collector_interfaces/lib/librobo_collector_interfaces__python.so
[2.807s] -- Up-to-date symlink: /home/ubuntu/workspace/robotics_v1/install/robo_collector_interfaces/share/robo_collector_interfaces/msg/RobotMoveType.idl
[2.812s] -- Up-to-date symlink: /home/ubuntu/workspace/robotics_v1/install/robo_collector_interfaces/share/robo_collector_interfaces/msg/UserAuthenticate.idl
[2.813s] -- Up-to-date symlink: /home/ubuntu/workspace/robotics_v1/install/robo_collector_interfaces/share/robo_collector_interfaces/msg/RobotMoveType.msg
[2.816s] -- Up-to-date symlink: /home/ubuntu/workspace/robotics_v1/install/robo_collector_interfaces/share/robo_collector_interfaces/msg/UserAuthenticate.msg
[2.817s] -- Up-to-date symlink: /home/ubuntu/workspace/robotics_v1/install/robo_collector_interfaces/share/ament_index/resource_index/package_run_dependencies/robo_collector_interfaces
[2.818s] -- Up-to-date symlink: /home/ubuntu/workspace/robotics_v1/install/robo_collector_interfaces/share/ament_index/resource_index/parent_prefix_path/robo_collector_interfaces
[2.820s] -- Up-to-date symlink: /home/ubuntu/workspace/robotics_v1/install/robo_collector_interfaces/share/robo_collector_interfaces/environment/ament_prefix_path.sh
[2.822s] -- Up-to-date symlink: /home/ubuntu/workspace/robotics_v1/install/robo_collector_interfaces/share/robo_collector_interfaces/environment/ament_prefix_path.dsv
[2.824s] -- Up-to-date symlink: /home/ubuntu/workspace/robotics_v1/install/robo_collector_interfaces/share/robo_collector_interfaces/environment/path.sh
[2.825s] -- Up-to-date symlink: /home/ubuntu/workspace/robotics_v1/install/robo_collector_interfaces/share/robo_collector_interfaces/environment/path.dsv
[2.827s] -- Up-to-date symlink: /home/ubuntu/workspace/robotics_v1/install/robo_collector_interfaces/share/robo_collector_interfaces/local_setup.bash
[2.829s] -- Up-to-date symlink: /home/ubuntu/workspace/robotics_v1/install/robo_collector_interfaces/share/robo_collector_interfaces/local_setup.sh
[2.829s] -- Up-to-date symlink: /home/ubuntu/workspace/robotics_v1/install/robo_collector_interfaces/share/robo_collector_interfaces/local_setup.zsh
[2.831s] -- Up-to-date symlink: /home/ubuntu/workspace/robotics_v1/install/robo_collector_interfaces/share/robo_collector_interfaces/local_setup.dsv
[2.832s] -- Symlinking: /home/ubuntu/workspace/robotics_v1/install/robo_collector_interfaces/share/robo_collector_interfaces/package.dsv
[2.864s] -- Up-to-date symlink: /home/ubuntu/workspace/robotics_v1/install/robo_collector_interfaces/share/ament_index/resource_index/packages/robo_collector_interfaces
[2.864s] -- Up-to-date symlink: /home/ubuntu/workspace/robotics_v1/install/robo_collector_interfaces/share/robo_collector_interfaces/cmake/rosidl_cmake-extras.cmake
[2.864s] -- Up-to-date symlink: /home/ubuntu/workspace/robotics_v1/install/robo_collector_interfaces/share/robo_collector_interfaces/cmake/ament_cmake_export_dependencies-extras.cmake
[2.866s] -- Up-to-date symlink: /home/ubuntu/workspace/robotics_v1/install/robo_collector_interfaces/share/robo_collector_interfaces/cmake/ament_cmake_export_libraries-extras.cmake
[2.866s] -- Up-to-date symlink: /home/ubuntu/workspace/robotics_v1/install/robo_collector_interfaces/share/robo_collector_interfaces/cmake/ament_cmake_export_targets-extras.cmake
[2.868s] -- Up-to-date symlink: /home/ubuntu/workspace/robotics_v1/install/robo_collector_interfaces/share/robo_collector_interfaces/cmake/ament_cmake_export_include_directories-extras.cmake
[2.869s] -- Up-to-date symlink: /home/ubuntu/workspace/robotics_v1/install/robo_collector_interfaces/share/robo_collector_interfaces/cmake/rosidl_cmake_export_typesupport_libraries-extras.cmake
[2.870s] -- Up-to-date symlink: /home/ubuntu/workspace/robotics_v1/install/robo_collector_interfaces/share/robo_collector_interfaces/cmake/rosidl_cmake_export_typesupport_targets-extras.cmake
[2.873s] -- Up-to-date symlink: /home/ubuntu/workspace/robotics_v1/install/robo_collector_interfaces/share/robo_collector_interfaces/cmake/robo_collector_interfacesConfig.cmake
[2.874s] -- Up-to-date symlink: /home/ubuntu/workspace/robotics_v1/install/robo_collector_interfaces/share/robo_collector_interfaces/cmake/robo_collector_interfacesConfig-version.cmake
[2.876s] -- Up-to-date symlink: /home/ubuntu/workspace/robotics_v1/install/robo_collector_interfaces/share/robo_collector_interfaces/package.xml
[2.877s] -- Up-to-date: /home/ubuntu/workspace/robotics_v1/install/robo_collector_interfaces/lib/librobo_collector_interfaces__rosidl_generator_c.so
[2.878s] -- Up-to-date: /home/ubuntu/workspace/robotics_v1/install/robo_collector_interfaces/lib/librobo_collector_interfaces__rosidl_typesupport_introspection_c.so
[2.882s] -- Up-to-date: /home/ubuntu/workspace/robotics_v1/install/robo_collector_interfaces/lib/librobo_collector_interfaces__rosidl_typesupport_c.so
[2.884s] -- Up-to-date: /home/ubuntu/workspace/robotics_v1/install/robo_collector_interfaces/lib/librobo_collector_interfaces__rosidl_typesupport_introspection_cpp.so
[2.885s] -- Up-to-date: /home/ubuntu/workspace/robotics_v1/install/robo_collector_interfaces/lib/librobo_collector_interfaces__rosidl_typesupport_cpp.so
[3.072s] -- Up-to-date: /home/ubuntu/workspace/robotics_v1/install/robo_collector_interfaces/share/robo_collector_interfaces/cmake/robo_collector_interfaces__rosidl_generator_cExport.cmake
[3.075s] -- Up-to-date: /home/ubuntu/workspace/robotics_v1/install/robo_collector_interfaces/share/robo_collector_interfaces/cmake/robo_collector_interfaces__rosidl_generator_cExport-debug.cmake
[3.075s] -- Up-to-date: /home/ubuntu/workspace/robotics_v1/install/robo_collector_interfaces/share/robo_collector_interfaces/cmake/robo_collector_interfaces__rosidl_typesupport_introspection_cExport.cmake
[3.076s] -- Up-to-date: /home/ubuntu/workspace/robotics_v1/install/robo_collector_interfaces/share/robo_collector_interfaces/cmake/robo_collector_interfaces__rosidl_typesupport_introspection_cExport-debug.cmake
[3.076s] -- Up-to-date: /home/ubuntu/workspace/robotics_v1/install/robo_collector_interfaces/share/robo_collector_interfaces/cmake/robo_collector_interfaces__rosidl_typesupport_cExport.cmake
[3.076s] -- Up-to-date: /home/ubuntu/workspace/robotics_v1/install/robo_collector_interfaces/share/robo_collector_interfaces/cmake/robo_collector_interfaces__rosidl_typesupport_cExport-debug.cmake
[3.077s] -- Up-to-date: /home/ubuntu/workspace/robotics_v1/install/robo_collector_interfaces/share/robo_collector_interfaces/cmake/robo_collector_interfaces__rosidl_generator_cppExport.cmake
[3.077s] -- Up-to-date: /home/ubuntu/workspace/robotics_v1/install/robo_collector_interfaces/share/robo_collector_interfaces/cmake/robo_collector_interfaces__rosidl_typesupport_introspection_cppExport.cmake
[3.077s] -- Up-to-date: /home/ubuntu/workspace/robotics_v1/install/robo_collector_interfaces/share/robo_collector_interfaces/cmake/robo_collector_interfaces__rosidl_typesupport_introspection_cppExport-debug.cmake
[3.078s] -- Up-to-date: /home/ubuntu/workspace/robotics_v1/install/robo_collector_interfaces/share/robo_collector_interfaces/cmake/robo_collector_interfaces__rosidl_typesupport_cppExport.cmake
[3.078s] -- Up-to-date: /home/ubuntu/workspace/robotics_v1/install/robo_collector_interfaces/share/robo_collector_interfaces/cmake/robo_collector_interfaces__rosidl_typesupport_cppExport-debug.cmake
[3.217s] Invoked command in '/home/ubuntu/workspace/robotics_v1/build/robo_collector_interfaces' returned '0': CMAKE_PREFIX_PATH=/opt/ros/foxy /usr/bin/cmake --install /home/ubuntu/workspace/robotics_v1/build/robo_collector_interfaces
