[0.016s] Invoking command in '/home/ubuntu/workspace/robotics_v1/build/robo_cleaner_common': AMENT_PREFIX_PATH=/home/ubuntu/workspace/robotics_v1/install/robo_cleaner_interfaces:${AMENT_PREFIX_PATH} CMAKE_PREFIX_PATH=/home/ubuntu/workspace/robotics_v1/install/robo_common:/home/ubuntu/workspace/robotics_v1/install/manager_utils:/home/ubuntu/workspace/robotics_v1/install/sdl_utils:/home/ubuntu/workspace/robotics_v1/install/resource_utils:/home/ubuntu/workspace/robotics_v1/install/utils:/home/ubuntu/workspace/robotics_v1/install/robo_cleaner_interfaces:/home/ubuntu/workspace/robotics_v1/install/cmake_helpers:/opt/ros/foxy LD_LIBRARY_PATH=/home/ubuntu/workspace/robotics_v1/install/robo_cleaner_interfaces/lib:${LD_LIBRARY_PATH} PKG_CONFIG_PATH=/home/ubuntu/workspace/robotics_v1/install/robo_common/lib/x86_64-linux-gnu/pkgconfig:/home/ubuntu/workspace/robotics_v1/install/robo_common/lib/pkgconfig:/home/ubuntu/workspace/robotics_v1/install/manager_utils/lib/x86_64-linux-gnu/pkgconfig:/home/ubuntu/workspace/robotics_v1/install/manager_utils/lib/pkgconfig:/home/ubuntu/workspace/robotics_v1/install/sdl_utils/lib/x86_64-linux-gnu/pkgconfig:/home/ubuntu/workspace/robotics_v1/install/sdl_utils/lib/pkgconfig:/home/ubuntu/workspace/robotics_v1/install/resource_utils/lib/x86_64-linux-gnu/pkgconfig:/home/ubuntu/workspace/robotics_v1/install/resource_utils/lib/pkgconfig:/home/ubuntu/workspace/robotics_v1/install/utils/lib/x86_64-linux-gnu/pkgconfig:/home/ubuntu/workspace/robotics_v1/install/utils/lib/pkgconfig:/home/ubuntu/workspace/robotics_v1/install/cmake_helpers/lib/x86_64-linux-gnu/pkgconfig:/home/ubuntu/workspace/robotics_v1/install/cmake_helpers/lib/pkgconfig PS1=[\u@\h \W]$(git_branch)$ PYTHONPATH=/home/ubuntu/workspace/robotics_v1/install/robo_cleaner_interfaces/lib/python3.8/site-packages:${PYTHONPATH} /usr/bin/cmake /home/ubuntu/workspace/robotics_v1/src/robo_cleaner/robo_cleaner_common -DCMAKE_BUILD_TYPE=Debug -DCMAKE_CXX_COMPILER=/usr/bin/clang++ -DAMENT_CMAKE_SYMLINK_INSTALL=1 -DCMAKE_INSTALL_PREFIX=/home/ubuntu/workspace/robotics_v1/install/robo_cleaner_common
[0.098s] -- The CXX compiler identification is Clang 10.0.0
[0.103s] -- Check for working CXX compiler: /usr/bin/clang++
[0.202s] -- Check for working CXX compiler: /usr/bin/clang++ -- works
[0.202s] -- Detecting CXX compiler ABI info
[0.298s] -- Detecting CXX compiler ABI info - done
[0.306s] -- Detecting CXX compile features
[0.306s] -- Detecting CXX compile features - done
[0.307s] -- Found cmake_helpers: 1.0.0 (/home/ubuntu/workspace/robotics_v1/install/cmake_helpers/share/cmake_helpers/cmake)
[0.310s] -- Looking for C++ include pthread.h
[0.401s] -- Looking for C++ include pthread.h - found
[0.402s] -- Performing Test CMAKE_HAVE_LIBC_PTHREAD
[0.509s] -- Performing Test CMAKE_HAVE_LIBC_PTHREAD - Failed
[0.509s] -- Looking for pthread_create in pthreads
[0.591s] -- Looking for pthread_create in pthreads - not found
[0.591s] -- Looking for pthread_create in pthread
[0.708s] -- Looking for pthread_create in pthread - found
[0.709s] -- Found Threads: TRUE  
[0.713s] -- Found robo_cleaner_interfaces: 1.0.0 (/home/ubuntu/workspace/robotics_v1/install/robo_cleaner_interfaces/share/robo_cleaner_interfaces/cmake)
[0.737s] -- Found PythonInterp: /usr/bin/python3 (found suitable version "3.8.10", minimum required is "3") 
[0.738s] -- Using PYTHON_EXECUTABLE: /usr/bin/python3
[0.871s] -- Override CMake install command with custom implementation using symlinks instead of copying resources
[0.918s] -- Using all available rosidl_typesupport_c: rosidl_typesupport_fastrtps_c;rosidl_typesupport_introspection_c
[0.924s] -- Found rosidl_adapter: 1.2.1 (/opt/ros/foxy/share/rosidl_adapter/cmake)
[0.999s] -- Found OpenSSL: /usr/lib/x86_64-linux-gnu/libcrypto.so (found version "1.1.1f")  
[1.022s] -- Found FastRTPS: /opt/ros/foxy/include  
[1.081s] -- Using all available rosidl_typesupport_cpp: rosidl_typesupport_fastrtps_cpp;rosidl_typesupport_introspection_cpp
[1.211s] -- Configuring done
[1.216s] -- Generating done
[1.217s] -- Build files have been written to: /home/ubuntu/workspace/robotics_v1/build/robo_cleaner_common
[1.224s] Invoked command in '/home/ubuntu/workspace/robotics_v1/build/robo_cleaner_common' returned '0': AMENT_PREFIX_PATH=/home/ubuntu/workspace/robotics_v1/install/robo_cleaner_interfaces:${AMENT_PREFIX_PATH} CMAKE_PREFIX_PATH=/home/ubuntu/workspace/robotics_v1/install/robo_common:/home/ubuntu/workspace/robotics_v1/install/manager_utils:/home/ubuntu/workspace/robotics_v1/install/sdl_utils:/home/ubuntu/workspace/robotics_v1/install/resource_utils:/home/ubuntu/workspace/robotics_v1/install/utils:/home/ubuntu/workspace/robotics_v1/install/robo_cleaner_interfaces:/home/ubuntu/workspace/robotics_v1/install/cmake_helpers:/opt/ros/foxy LD_LIBRARY_PATH=/home/ubuntu/workspace/robotics_v1/install/robo_cleaner_interfaces/lib:${LD_LIBRARY_PATH} PKG_CONFIG_PATH=/home/ubuntu/workspace/robotics_v1/install/robo_common/lib/x86_64-linux-gnu/pkgconfig:/home/ubuntu/workspace/robotics_v1/install/robo_common/lib/pkgconfig:/home/ubuntu/workspace/robotics_v1/install/manager_utils/lib/x86_64-linux-gnu/pkgconfig:/home/ubuntu/workspace/robotics_v1/install/manager_utils/lib/pkgconfig:/home/ubuntu/workspace/robotics_v1/install/sdl_utils/lib/x86_64-linux-gnu/pkgconfig:/home/ubuntu/workspace/robotics_v1/install/sdl_utils/lib/pkgconfig:/home/ubuntu/workspace/robotics_v1/install/resource_utils/lib/x86_64-linux-gnu/pkgconfig:/home/ubuntu/workspace/robotics_v1/install/resource_utils/lib/pkgconfig:/home/ubuntu/workspace/robotics_v1/install/utils/lib/x86_64-linux-gnu/pkgconfig:/home/ubuntu/workspace/robotics_v1/install/utils/lib/pkgconfig:/home/ubuntu/workspace/robotics_v1/install/cmake_helpers/lib/x86_64-linux-gnu/pkgconfig:/home/ubuntu/workspace/robotics_v1/install/cmake_helpers/lib/pkgconfig PS1=[\u@\h \W]$(git_branch)$ PYTHONPATH=/home/ubuntu/workspace/robotics_v1/install/robo_cleaner_interfaces/lib/python3.8/site-packages:${PYTHONPATH} /usr/bin/cmake /home/ubuntu/workspace/robotics_v1/src/robo_cleaner/robo_cleaner_common -DCMAKE_BUILD_TYPE=Debug -DCMAKE_CXX_COMPILER=/usr/bin/clang++ -DAMENT_CMAKE_SYMLINK_INSTALL=1 -DCMAKE_INSTALL_PREFIX=/home/ubuntu/workspace/robotics_v1/install/robo_cleaner_common
[1.225s] Invoking command in '/home/ubuntu/workspace/robotics_v1/build/robo_cleaner_common': AMENT_PREFIX_PATH=/home/ubuntu/workspace/robotics_v1/install/robo_cleaner_interfaces:${AMENT_PREFIX_PATH} CMAKE_PREFIX_PATH=/home/ubuntu/workspace/robotics_v1/install/robo_common:/home/ubuntu/workspace/robotics_v1/install/manager_utils:/home/ubuntu/workspace/robotics_v1/install/sdl_utils:/home/ubuntu/workspace/robotics_v1/install/resource_utils:/home/ubuntu/workspace/robotics_v1/install/utils:/home/ubuntu/workspace/robotics_v1/install/robo_cleaner_interfaces:/home/ubuntu/workspace/robotics_v1/install/cmake_helpers:/opt/ros/foxy LD_LIBRARY_PATH=/home/ubuntu/workspace/robotics_v1/install/robo_cleaner_interfaces/lib:${LD_LIBRARY_PATH} PKG_CONFIG_PATH=/home/ubuntu/workspace/robotics_v1/install/robo_common/lib/x86_64-linux-gnu/pkgconfig:/home/ubuntu/workspace/robotics_v1/install/robo_common/lib/pkgconfig:/home/ubuntu/workspace/robotics_v1/install/manager_utils/lib/x86_64-linux-gnu/pkgconfig:/home/ubuntu/workspace/robotics_v1/install/manager_utils/lib/pkgconfig:/home/ubuntu/workspace/robotics_v1/install/sdl_utils/lib/x86_64-linux-gnu/pkgconfig:/home/ubuntu/workspace/robotics_v1/install/sdl_utils/lib/pkgconfig:/home/ubuntu/workspace/robotics_v1/install/resource_utils/lib/x86_64-linux-gnu/pkgconfig:/home/ubuntu/workspace/robotics_v1/install/resource_utils/lib/pkgconfig:/home/ubuntu/workspace/robotics_v1/install/utils/lib/x86_64-linux-gnu/pkgconfig:/home/ubuntu/workspace/robotics_v1/install/utils/lib/pkgconfig:/home/ubuntu/workspace/robotics_v1/install/cmake_helpers/lib/x86_64-linux-gnu/pkgconfig:/home/ubuntu/workspace/robotics_v1/install/cmake_helpers/lib/pkgconfig PS1=[\u@\h \W]$(git_branch)$ PYTHONPATH=/home/ubuntu/workspace/robotics_v1/install/robo_cleaner_interfaces/lib/python3.8/site-packages:${PYTHONPATH} /usr/bin/cmake --build /home/ubuntu/workspace/robotics_v1/build/robo_cleaner_common -- -j8 -l8
[1.259s] [35m[1mScanning dependencies of target robo_cleaner_common[0m
[1.272s] [ 66%] [32mBuilding CXX object CMakeFiles/robo_cleaner_common.dir/src/defines/RoboCleanerDefines.cpp.o[0m
[1.272s] [ 66%] [32mBuilding CXX object CMakeFiles/robo_cleaner_common.dir/src/message_helpers/RoboCleanerMessageHelpers.cpp.o[0m
[1.517s] [100%] [32m[1mLinking CXX static library librobo_cleaner_common.a[0m
[1.540s] [100%] Built target robo_cleaner_common
[1.552s] Invoked command in '/home/ubuntu/workspace/robotics_v1/build/robo_cleaner_common' returned '0': AMENT_PREFIX_PATH=/home/ubuntu/workspace/robotics_v1/install/robo_cleaner_interfaces:${AMENT_PREFIX_PATH} CMAKE_PREFIX_PATH=/home/ubuntu/workspace/robotics_v1/install/robo_common:/home/ubuntu/workspace/robotics_v1/install/manager_utils:/home/ubuntu/workspace/robotics_v1/install/sdl_utils:/home/ubuntu/workspace/robotics_v1/install/resource_utils:/home/ubuntu/workspace/robotics_v1/install/utils:/home/ubuntu/workspace/robotics_v1/install/robo_cleaner_interfaces:/home/ubuntu/workspace/robotics_v1/install/cmake_helpers:/opt/ros/foxy LD_LIBRARY_PATH=/home/ubuntu/workspace/robotics_v1/install/robo_cleaner_interfaces/lib:${LD_LIBRARY_PATH} PKG_CONFIG_PATH=/home/ubuntu/workspace/robotics_v1/install/robo_common/lib/x86_64-linux-gnu/pkgconfig:/home/ubuntu/workspace/robotics_v1/install/robo_common/lib/pkgconfig:/home/ubuntu/workspace/robotics_v1/install/manager_utils/lib/x86_64-linux-gnu/pkgconfig:/home/ubuntu/workspace/robotics_v1/install/manager_utils/lib/pkgconfig:/home/ubuntu/workspace/robotics_v1/install/sdl_utils/lib/x86_64-linux-gnu/pkgconfig:/home/ubuntu/workspace/robotics_v1/install/sdl_utils/lib/pkgconfig:/home/ubuntu/workspace/robotics_v1/install/resource_utils/lib/x86_64-linux-gnu/pkgconfig:/home/ubuntu/workspace/robotics_v1/install/resource_utils/lib/pkgconfig:/home/ubuntu/workspace/robotics_v1/install/utils/lib/x86_64-linux-gnu/pkgconfig:/home/ubuntu/workspace/robotics_v1/install/utils/lib/pkgconfig:/home/ubuntu/workspace/robotics_v1/install/cmake_helpers/lib/x86_64-linux-gnu/pkgconfig:/home/ubuntu/workspace/robotics_v1/install/cmake_helpers/lib/pkgconfig PS1=[\u@\h \W]$(git_branch)$ PYTHONPATH=/home/ubuntu/workspace/robotics_v1/install/robo_cleaner_interfaces/lib/python3.8/site-packages:${PYTHONPATH} /usr/bin/cmake --build /home/ubuntu/workspace/robotics_v1/build/robo_cleaner_common -- -j8 -l8
[1.585s] Invoking command in '/home/ubuntu/workspace/robotics_v1/build/robo_cleaner_common': AMENT_PREFIX_PATH=/home/ubuntu/workspace/robotics_v1/install/robo_cleaner_interfaces:${AMENT_PREFIX_PATH} CMAKE_PREFIX_PATH=/home/ubuntu/workspace/robotics_v1/install/robo_common:/home/ubuntu/workspace/robotics_v1/install/manager_utils:/home/ubuntu/workspace/robotics_v1/install/sdl_utils:/home/ubuntu/workspace/robotics_v1/install/resource_utils:/home/ubuntu/workspace/robotics_v1/install/utils:/home/ubuntu/workspace/robotics_v1/install/robo_cleaner_interfaces:/home/ubuntu/workspace/robotics_v1/install/cmake_helpers:/opt/ros/foxy LD_LIBRARY_PATH=/home/ubuntu/workspace/robotics_v1/install/robo_cleaner_interfaces/lib:${LD_LIBRARY_PATH} PKG_CONFIG_PATH=/home/ubuntu/workspace/robotics_v1/install/robo_common/lib/x86_64-linux-gnu/pkgconfig:/home/ubuntu/workspace/robotics_v1/install/robo_common/lib/pkgconfig:/home/ubuntu/workspace/robotics_v1/install/manager_utils/lib/x86_64-linux-gnu/pkgconfig:/home/ubuntu/workspace/robotics_v1/install/manager_utils/lib/pkgconfig:/home/ubuntu/workspace/robotics_v1/install/sdl_utils/lib/x86_64-linux-gnu/pkgconfig:/home/ubuntu/workspace/robotics_v1/install/sdl_utils/lib/pkgconfig:/home/ubuntu/workspace/robotics_v1/install/resource_utils/lib/x86_64-linux-gnu/pkgconfig:/home/ubuntu/workspace/robotics_v1/install/resource_utils/lib/pkgconfig:/home/ubuntu/workspace/robotics_v1/install/utils/lib/x86_64-linux-gnu/pkgconfig:/home/ubuntu/workspace/robotics_v1/install/utils/lib/pkgconfig:/home/ubuntu/workspace/robotics_v1/install/cmake_helpers/lib/x86_64-linux-gnu/pkgconfig:/home/ubuntu/workspace/robotics_v1/install/cmake_helpers/lib/pkgconfig PS1=[\u@\h \W]$(git_branch)$ PYTHONPATH=/home/ubuntu/workspace/robotics_v1/install/robo_cleaner_interfaces/lib/python3.8/site-packages:${PYTHONPATH} /usr/bin/cmake --install /home/ubuntu/workspace/robotics_v1/build/robo_cleaner_common
[1.592s] -- Install configuration: "Debug"
[1.592s] -- Execute custom install script
[1.592s] -- Symlinking: /home/ubuntu/workspace/robotics_v1/install/robo_cleaner_common/share/robo_cleaner_common/package.xml
[1.601s] -- Symlinking: /home/ubuntu/workspace/robotics_v1/install/robo_cleaner_common/lib/robo_cleaner_common/librobo_cleaner_common.a
[1.612s] -- Symlinking: /home/ubuntu/workspace/robotics_v1/install/robo_cleaner_common/share/ament_index/resource_index/packages/robo_cleaner_common
[1.622s] -- Symlinking: /home/ubuntu/workspace/robotics_v1/install/robo_cleaner_common/share/robo_cleaner_common/hook/ament_prefix_path.dsv
[1.629s] -- Symlinking: /home/ubuntu/workspace/robotics_v1/install/robo_cleaner_common/share/robo_cleaner_common/hook/ros_package_path.dsv
[1.636s] -- Symlinking: /home/ubuntu/workspace/robotics_v1/install/robo_cleaner_common/share/ament_index/resource_index/package_run_dependencies/robo_cleaner_common
[1.643s] -- Symlinking: /home/ubuntu/workspace/robotics_v1/install/robo_cleaner_common/share/ament_index/resource_index/parent_prefix_path/robo_cleaner_common
[1.649s] -- Symlinking: /home/ubuntu/workspace/robotics_v1/install/robo_cleaner_common/share/robo_cleaner_common/environment/ament_prefix_path.sh
[1.654s] -- Symlinking: /home/ubuntu/workspace/robotics_v1/install/robo_cleaner_common/share/robo_cleaner_common/environment/ament_prefix_path.dsv
[1.660s] -- Symlinking: /home/ubuntu/workspace/robotics_v1/install/robo_cleaner_common/share/robo_cleaner_common/environment/path.sh
[1.668s] -- Symlinking: /home/ubuntu/workspace/robotics_v1/install/robo_cleaner_common/share/robo_cleaner_common/environment/path.dsv
[1.675s] -- Symlinking: /home/ubuntu/workspace/robotics_v1/install/robo_cleaner_common/share/robo_cleaner_common/local_setup.bash
[1.683s] -- Symlinking: /home/ubuntu/workspace/robotics_v1/install/robo_cleaner_common/share/robo_cleaner_common/local_setup.sh
[1.690s] -- Symlinking: /home/ubuntu/workspace/robotics_v1/install/robo_cleaner_common/share/robo_cleaner_common/local_setup.zsh
[1.696s] -- Symlinking: /home/ubuntu/workspace/robotics_v1/install/robo_cleaner_common/share/robo_cleaner_common/local_setup.dsv
[1.702s] -- Symlinking: /home/ubuntu/workspace/robotics_v1/install/robo_cleaner_common/share/robo_cleaner_common/package.dsv
[1.708s] -- Symlinking: /home/ubuntu/workspace/robotics_v1/install/robo_cleaner_common/share/ament_index/resource_index/packages/robo_cleaner_common
[1.715s] -- Symlinking: /home/ubuntu/workspace/robotics_v1/install/robo_cleaner_common/share/robo_cleaner_common/cmake/robo_cleaner_commonConfig.cmake
[1.724s] -- Symlinking: /home/ubuntu/workspace/robotics_v1/install/robo_cleaner_common/share/robo_cleaner_common/cmake/robo_cleaner_commonConfig-version.cmake
[1.733s] -- Up-to-date symlink: /home/ubuntu/workspace/robotics_v1/install/robo_cleaner_common/share/robo_cleaner_common/package.xml
[1.733s] -- Symlinking: /home/ubuntu/workspace/robotics_v1/install/robo_cleaner_common/include/robo_cleaner_common/defines/RoboCleanerDefines.h
[1.740s] -- Symlinking: /home/ubuntu/workspace/robotics_v1/install/robo_cleaner_common/include/robo_cleaner_common/defines/RoboCleanerTopics.h
[1.749s] -- Symlinking: /home/ubuntu/workspace/robotics_v1/install/robo_cleaner_common/include/robo_cleaner_common/message_helpers/RoboCleanerMessageHelpers.h
[1.755s] -- Symlinking: /home/ubuntu/workspace/robotics_v1/install/robo_cleaner_common/lib/cmake/robo_cleaner_common/robo_cleaner_commonConfig.cmake
[1.763s] -- Installing: /home/ubuntu/workspace/robotics_v1/install/robo_cleaner_common/lib/librobo_cleaner_common.a
[1.764s] -- Installing: /home/ubuntu/workspace/robotics_v1/install/robo_cleaner_common/lib/cmake/robo_cleaner_common/robo_cleaner_commonTargets.cmake
[1.764s] -- Installing: /home/ubuntu/workspace/robotics_v1/install/robo_cleaner_common/lib/cmake/robo_cleaner_common/robo_cleaner_commonTargets-debug.cmake
[1.771s] Invoked command in '/home/ubuntu/workspace/robotics_v1/build/robo_cleaner_common' returned '0': AMENT_PREFIX_PATH=/home/ubuntu/workspace/robotics_v1/install/robo_cleaner_interfaces:${AMENT_PREFIX_PATH} CMAKE_PREFIX_PATH=/home/ubuntu/workspace/robotics_v1/install/robo_common:/home/ubuntu/workspace/robotics_v1/install/manager_utils:/home/ubuntu/workspace/robotics_v1/install/sdl_utils:/home/ubuntu/workspace/robotics_v1/install/resource_utils:/home/ubuntu/workspace/robotics_v1/install/utils:/home/ubuntu/workspace/robotics_v1/install/robo_cleaner_interfaces:/home/ubuntu/workspace/robotics_v1/install/cmake_helpers:/opt/ros/foxy LD_LIBRARY_PATH=/home/ubuntu/workspace/robotics_v1/install/robo_cleaner_interfaces/lib:${LD_LIBRARY_PATH} PKG_CONFIG_PATH=/home/ubuntu/workspace/robotics_v1/install/robo_common/lib/x86_64-linux-gnu/pkgconfig:/home/ubuntu/workspace/robotics_v1/install/robo_common/lib/pkgconfig:/home/ubuntu/workspace/robotics_v1/install/manager_utils/lib/x86_64-linux-gnu/pkgconfig:/home/ubuntu/workspace/robotics_v1/install/manager_utils/lib/pkgconfig:/home/ubuntu/workspace/robotics_v1/install/sdl_utils/lib/x86_64-linux-gnu/pkgconfig:/home/ubuntu/workspace/robotics_v1/install/sdl_utils/lib/pkgconfig:/home/ubuntu/workspace/robotics_v1/install/resource_utils/lib/x86_64-linux-gnu/pkgconfig:/home/ubuntu/workspace/robotics_v1/install/resource_utils/lib/pkgconfig:/home/ubuntu/workspace/robotics_v1/install/utils/lib/x86_64-linux-gnu/pkgconfig:/home/ubuntu/workspace/robotics_v1/install/utils/lib/pkgconfig:/home/ubuntu/workspace/robotics_v1/install/cmake_helpers/lib/x86_64-linux-gnu/pkgconfig:/home/ubuntu/workspace/robotics_v1/install/cmake_helpers/lib/pkgconfig PS1=[\u@\h \W]$(git_branch)$ PYTHONPATH=/home/ubuntu/workspace/robotics_v1/install/robo_cleaner_interfaces/lib/python3.8/site-packages:${PYTHONPATH} /usr/bin/cmake --install /home/ubuntu/workspace/robotics_v1/build/robo_cleaner_common
