[0.183s] Invoking command in '/home/ubuntu/workspace/robotics_v1/build/robo_miner_interfaces': CMAKE_PREFIX_PATH=/opt/ros/foxy /usr/bin/cmake --build /home/ubuntu/workspace/robotics_v1/build/robo_miner_interfaces -- -j4 -l4
[0.749s] [ 12%] Built target robo_miner_interfaces__rosidl_generator_c
[0.761s] [ 12%] Built target robo_miner_interfaces__cpp
[0.907s] [ 24%] Built target robo_miner_interfaces__rosidl_typesupport_introspection_c
[0.975s] [ 36%] Built target robo_miner_interfaces__rosidl_typesupport_cpp
[0.987s] [ 47%] Built target robo_miner_interfaces__rosidl_typesupport_c
[1.042s] [ 58%] Built target robo_miner_interfaces__rosidl_typesupport_fastrtps_cpp
[1.092s] [ 70%] Built target robo_miner_interfaces__rosidl_typesupport_introspection_cpp
[1.239s] [ 82%] Built target robo_miner_interfaces__rosidl_typesupport_fastrtps_c
[1.339s] [ 82%] Built target robo_miner_interfaces
[1.539s] [ 83%] Built target robo_miner_interfaces__py
[1.706s] [ 94%] Built target robo_miner_interfaces__python
[1.832s] [ 96%] Built target robo_miner_interfaces__rosidl_typesupport_introspection_c__pyext
[1.873s] [ 98%] Built target robo_miner_interfaces__rosidl_typesupport_fastrtps_c__pyext
[1.886s] [100%] Built target robo_miner_interfaces__rosidl_typesupport_c__pyext
[1.928s] Invoked command in '/home/ubuntu/workspace/robotics_v1/build/robo_miner_interfaces' returned '0': CMAKE_PREFIX_PATH=/opt/ros/foxy /usr/bin/cmake --build /home/ubuntu/workspace/robotics_v1/build/robo_miner_interfaces -- -j4 -l4
[3.446s] Invoking command in '/home/ubuntu/workspace/robotics_v1/build/robo_miner_interfaces': CMAKE_PREFIX_PATH=/opt/ros/foxy /usr/bin/cmake --install /home/ubuntu/workspace/robotics_v1/build/robo_miner_interfaces
[3.480s] -- Install configuration: "Debug"
[3.482s] -- Execute custom install script
[3.484s] -- Up-to-date symlink: /home/ubuntu/workspace/robotics_v1/install/robo_miner_interfaces/share/ament_index/resource_index/rosidl_interfaces/robo_miner_interfaces
[3.490s] -- Up-to-date symlink: /home/ubuntu/workspace/robotics_v1/install/robo_miner_interfaces/include/robo_miner_interfaces/msg/detail/field_point__functions.h
[3.501s] -- Up-to-date symlink: /home/ubuntu/workspace/robotics_v1/install/robo_miner_interfaces/include/robo_miner_interfaces/msg/detail/field_point__struct.h
[3.505s] -- Up-to-date symlink: /home/ubuntu/workspace/robotics_v1/install/robo_miner_interfaces/include/robo_miner_interfaces/msg/detail/field_point__type_support.h
[3.506s] -- Up-to-date symlink: /home/ubuntu/workspace/robotics_v1/install/robo_miner_interfaces/include/robo_miner_interfaces/msg/detail/robot_move_type__functions.h
[3.519s] -- Up-to-date symlink: /home/ubuntu/workspace/robotics_v1/install/robo_miner_interfaces/include/robo_miner_interfaces/msg/detail/robot_move_type__struct.h
[3.520s] -- Up-to-date symlink: /home/ubuntu/workspace/robotics_v1/install/robo_miner_interfaces/include/robo_miner_interfaces/msg/detail/robot_move_type__type_support.h
[3.522s] -- Up-to-date symlink: /home/ubuntu/workspace/robotics_v1/install/robo_miner_interfaces/include/robo_miner_interfaces/msg/detail/robot_position_response__functions.h
[3.523s] -- Up-to-date symlink: /home/ubuntu/workspace/robotics_v1/install/robo_miner_interfaces/include/robo_miner_interfaces/msg/detail/robot_position_response__struct.h
[3.525s] -- Up-to-date symlink: /home/ubuntu/workspace/robotics_v1/install/robo_miner_interfaces/include/robo_miner_interfaces/msg/detail/robot_position_response__type_support.h
[3.526s] -- Up-to-date symlink: /home/ubuntu/workspace/robotics_v1/install/robo_miner_interfaces/include/robo_miner_interfaces/msg/detail/u_int8_multi_array__functions.h
[3.527s] -- Up-to-date symlink: /home/ubuntu/workspace/robotics_v1/install/robo_miner_interfaces/include/robo_miner_interfaces/msg/detail/u_int8_multi_array__struct.h
[3.529s] -- Up-to-date symlink: /home/ubuntu/workspace/robotics_v1/install/robo_miner_interfaces/include/robo_miner_interfaces/msg/detail/u_int8_multi_array__type_support.h
[3.529s] -- Up-to-date symlink: /home/ubuntu/workspace/robotics_v1/install/robo_miner_interfaces/include/robo_miner_interfaces/msg/detail/user_authenticate__functions.h
[3.531s] -- Up-to-date symlink: /home/ubuntu/workspace/robotics_v1/install/robo_miner_interfaces/include/robo_miner_interfaces/msg/detail/user_authenticate__struct.h
[3.531s] -- Up-to-date symlink: /home/ubuntu/workspace/robotics_v1/install/robo_miner_interfaces/include/robo_miner_interfaces/msg/detail/user_authenticate__type_support.h
[3.532s] -- Up-to-date symlink: /home/ubuntu/workspace/robotics_v1/install/robo_miner_interfaces/include/robo_miner_interfaces/msg/field_point.h
[3.533s] -- Up-to-date symlink: /home/ubuntu/workspace/robotics_v1/install/robo_miner_interfaces/include/robo_miner_interfaces/msg/robot_move_type.h
[3.534s] -- Up-to-date symlink: /home/ubuntu/workspace/robotics_v1/install/robo_miner_interfaces/include/robo_miner_interfaces/msg/robot_position_response.h
[3.534s] -- Up-to-date symlink: /home/ubuntu/workspace/robotics_v1/install/robo_miner_interfaces/include/robo_miner_interfaces/msg/rosidl_generator_c__visibility_control.h
[3.536s] -- Up-to-date symlink: /home/ubuntu/workspace/robotics_v1/install/robo_miner_interfaces/include/robo_miner_interfaces/msg/u_int8_multi_array.h
[3.537s] -- Up-to-date symlink: /home/ubuntu/workspace/robotics_v1/install/robo_miner_interfaces/include/robo_miner_interfaces/msg/user_authenticate.h
[3.538s] -- Up-to-date symlink: /home/ubuntu/workspace/robotics_v1/install/robo_miner_interfaces/include/robo_miner_interfaces/srv/activate_mining_validate.h
[3.540s] -- Up-to-date symlink: /home/ubuntu/workspace/robotics_v1/install/robo_miner_interfaces/include/robo_miner_interfaces/srv/detail/activate_mining_validate__functions.h
[3.540s] -- Up-to-date symlink: /home/ubuntu/workspace/robotics_v1/install/robo_miner_interfaces/include/robo_miner_interfaces/srv/detail/activate_mining_validate__struct.h
[3.541s] -- Up-to-date symlink: /home/ubuntu/workspace/robotics_v1/install/robo_miner_interfaces/include/robo_miner_interfaces/srv/detail/activate_mining_validate__type_support.h
[3.542s] -- Up-to-date symlink: /home/ubuntu/workspace/robotics_v1/install/robo_miner_interfaces/include/robo_miner_interfaces/srv/detail/field_map_validate__functions.h
[3.543s] -- Up-to-date symlink: /home/ubuntu/workspace/robotics_v1/install/robo_miner_interfaces/include/robo_miner_interfaces/srv/detail/field_map_validate__struct.h
[3.543s] -- Up-to-date symlink: /home/ubuntu/workspace/robotics_v1/install/robo_miner_interfaces/include/robo_miner_interfaces/srv/detail/field_map_validate__type_support.h
[3.544s] -- Up-to-date symlink: /home/ubuntu/workspace/robotics_v1/install/robo_miner_interfaces/include/robo_miner_interfaces/srv/detail/longest_sequence_validate__functions.h
[3.544s] -- Up-to-date symlink: /home/ubuntu/workspace/robotics_v1/install/robo_miner_interfaces/include/robo_miner_interfaces/srv/detail/longest_sequence_validate__struct.h
[3.544s] -- Up-to-date symlink: /home/ubuntu/workspace/robotics_v1/install/robo_miner_interfaces/include/robo_miner_interfaces/srv/detail/longest_sequence_validate__type_support.h
[3.544s] -- Up-to-date symlink: /home/ubuntu/workspace/robotics_v1/install/robo_miner_interfaces/include/robo_miner_interfaces/srv/detail/query_initial_robot_position__functions.h
[3.544s] -- Up-to-date symlink: /home/ubuntu/workspace/robotics_v1/install/robo_miner_interfaces/include/robo_miner_interfaces/srv/detail/query_initial_robot_position__struct.h
[3.545s] -- Up-to-date symlink: /home/ubuntu/workspace/robotics_v1/install/robo_miner_interfaces/include/robo_miner_interfaces/srv/detail/query_initial_robot_position__type_support.h
[3.545s] -- Up-to-date symlink: /home/ubuntu/workspace/robotics_v1/install/robo_miner_interfaces/include/robo_miner_interfaces/srv/detail/robot_move__functions.h
[3.546s] -- Up-to-date symlink: /home/ubuntu/workspace/robotics_v1/install/robo_miner_interfaces/include/robo_miner_interfaces/srv/detail/robot_move__struct.h
[3.546s] -- Up-to-date symlink: /home/ubuntu/workspace/robotics_v1/install/robo_miner_interfaces/include/robo_miner_interfaces/srv/detail/robot_move__type_support.h
[3.546s] -- Up-to-date symlink: /home/ubuntu/workspace/robotics_v1/install/robo_miner_interfaces/include/robo_miner_interfaces/srv/field_map_validate.h
[3.546s] -- Up-to-date symlink: /home/ubuntu/workspace/robotics_v1/install/robo_miner_interfaces/include/robo_miner_interfaces/srv/longest_sequence_validate.h
[3.546s] -- Up-to-date symlink: /home/ubuntu/workspace/robotics_v1/install/robo_miner_interfaces/include/robo_miner_interfaces/srv/query_initial_robot_position.h
[3.546s] -- Up-to-date symlink: /home/ubuntu/workspace/robotics_v1/install/robo_miner_interfaces/include/robo_miner_interfaces/srv/robot_move.h
[3.546s] -- Up-to-date symlink: /home/ubuntu/workspace/robotics_v1/install/robo_miner_interfaces/share/robo_miner_interfaces/environment/library_path.sh
[3.547s] -- Up-to-date symlink: /home/ubuntu/workspace/robotics_v1/install/robo_miner_interfaces/share/robo_miner_interfaces/environment/library_path.dsv
[3.552s] -- Up-to-date symlink: /home/ubuntu/workspace/robotics_v1/install/robo_miner_interfaces/include/robo_miner_interfaces/msg/detail/field_point__rosidl_typesupport_fastrtps_c.h
[3.555s] -- Up-to-date symlink: /home/ubuntu/workspace/robotics_v1/install/robo_miner_interfaces/include/robo_miner_interfaces/msg/detail/robot_move_type__rosidl_typesupport_fastrtps_c.h
[3.555s] -- Up-to-date symlink: /home/ubuntu/workspace/robotics_v1/install/robo_miner_interfaces/include/robo_miner_interfaces/msg/detail/robot_position_response__rosidl_typesupport_fastrtps_c.h
[3.555s] -- Up-to-date symlink: /home/ubuntu/workspace/robotics_v1/install/robo_miner_interfaces/include/robo_miner_interfaces/msg/detail/u_int8_multi_array__rosidl_typesupport_fastrtps_c.h
[3.556s] -- Up-to-date symlink: /home/ubuntu/workspace/robotics_v1/install/robo_miner_interfaces/include/robo_miner_interfaces/msg/detail/user_authenticate__rosidl_typesupport_fastrtps_c.h
[3.556s] -- Up-to-date symlink: /home/ubuntu/workspace/robotics_v1/install/robo_miner_interfaces/include/robo_miner_interfaces/msg/rosidl_typesupport_fastrtps_c__visibility_control.h
[3.556s] -- Up-to-date symlink: /home/ubuntu/workspace/robotics_v1/install/robo_miner_interfaces/include/robo_miner_interfaces/srv/detail/activate_mining_validate__rosidl_typesupport_fastrtps_c.h
[3.560s] -- Up-to-date symlink: /home/ubuntu/workspace/robotics_v1/install/robo_miner_interfaces/include/robo_miner_interfaces/srv/detail/field_map_validate__rosidl_typesupport_fastrtps_c.h
[3.565s] -- Up-to-date symlink: /home/ubuntu/workspace/robotics_v1/install/robo_miner_interfaces/include/robo_miner_interfaces/srv/detail/longest_sequence_validate__rosidl_typesupport_fastrtps_c.h
[3.565s] -- Up-to-date symlink: /home/ubuntu/workspace/robotics_v1/install/robo_miner_interfaces/include/robo_miner_interfaces/srv/detail/query_initial_robot_position__rosidl_typesupport_fastrtps_c.h
[3.565s] -- Up-to-date symlink: /home/ubuntu/workspace/robotics_v1/install/robo_miner_interfaces/include/robo_miner_interfaces/srv/detail/robot_move__rosidl_typesupport_fastrtps_c.h
[3.565s] -- Up-to-date symlink: /home/ubuntu/workspace/robotics_v1/install/robo_miner_interfaces/lib/librobo_miner_interfaces__rosidl_typesupport_fastrtps_c.so
[3.566s] -- Up-to-date symlink: /home/ubuntu/workspace/robotics_v1/install/robo_miner_interfaces/include/robo_miner_interfaces/msg/detail/field_point__rosidl_typesupport_fastrtps_cpp.hpp
[3.566s] -- Up-to-date symlink: /home/ubuntu/workspace/robotics_v1/install/robo_miner_interfaces/include/robo_miner_interfaces/msg/detail/robot_move_type__rosidl_typesupport_fastrtps_cpp.hpp
[3.568s] -- Up-to-date symlink: /home/ubuntu/workspace/robotics_v1/install/robo_miner_interfaces/include/robo_miner_interfaces/msg/detail/robot_position_response__rosidl_typesupport_fastrtps_cpp.hpp
[3.569s] -- Up-to-date symlink: /home/ubuntu/workspace/robotics_v1/install/robo_miner_interfaces/include/robo_miner_interfaces/msg/detail/u_int8_multi_array__rosidl_typesupport_fastrtps_cpp.hpp
[3.572s] -- Up-to-date symlink: /home/ubuntu/workspace/robotics_v1/install/robo_miner_interfaces/include/robo_miner_interfaces/msg/detail/user_authenticate__rosidl_typesupport_fastrtps_cpp.hpp
[3.574s] -- Up-to-date symlink: /home/ubuntu/workspace/robotics_v1/install/robo_miner_interfaces/include/robo_miner_interfaces/msg/rosidl_typesupport_fastrtps_cpp__visibility_control.h
[3.575s] -- Up-to-date symlink: /home/ubuntu/workspace/robotics_v1/install/robo_miner_interfaces/include/robo_miner_interfaces/srv/detail/activate_mining_validate__rosidl_typesupport_fastrtps_cpp.hpp
[3.577s] -- Up-to-date symlink: /home/ubuntu/workspace/robotics_v1/install/robo_miner_interfaces/include/robo_miner_interfaces/srv/detail/field_map_validate__rosidl_typesupport_fastrtps_cpp.hpp
[3.588s] -- Up-to-date symlink: /home/ubuntu/workspace/robotics_v1/install/robo_miner_interfaces/include/robo_miner_interfaces/srv/detail/longest_sequence_validate__rosidl_typesupport_fastrtps_cpp.hpp
[3.588s] -- Up-to-date symlink: /home/ubuntu/workspace/robotics_v1/install/robo_miner_interfaces/include/robo_miner_interfaces/srv/detail/query_initial_robot_position__rosidl_typesupport_fastrtps_cpp.hpp
[3.588s] -- Up-to-date symlink: /home/ubuntu/workspace/robotics_v1/install/robo_miner_interfaces/include/robo_miner_interfaces/srv/detail/robot_move__rosidl_typesupport_fastrtps_cpp.hpp
[3.588s] -- Up-to-date symlink: /home/ubuntu/workspace/robotics_v1/install/robo_miner_interfaces/lib/librobo_miner_interfaces__rosidl_typesupport_fastrtps_cpp.so
[3.589s] -- Up-to-date symlink: /home/ubuntu/workspace/robotics_v1/install/robo_miner_interfaces/include/robo_miner_interfaces/msg/detail/field_point__rosidl_typesupport_introspection_c.h
[3.590s] -- Up-to-date symlink: /home/ubuntu/workspace/robotics_v1/install/robo_miner_interfaces/include/robo_miner_interfaces/msg/detail/robot_move_type__rosidl_typesupport_introspection_c.h
[3.590s] -- Up-to-date symlink: /home/ubuntu/workspace/robotics_v1/install/robo_miner_interfaces/include/robo_miner_interfaces/msg/detail/robot_position_response__rosidl_typesupport_introspection_c.h
[3.590s] -- Up-to-date symlink: /home/ubuntu/workspace/robotics_v1/install/robo_miner_interfaces/include/robo_miner_interfaces/msg/detail/u_int8_multi_array__rosidl_typesupport_introspection_c.h
[3.590s] -- Up-to-date symlink: /home/ubuntu/workspace/robotics_v1/install/robo_miner_interfaces/include/robo_miner_interfaces/msg/detail/user_authenticate__rosidl_typesupport_introspection_c.h
[3.590s] -- Up-to-date symlink: /home/ubuntu/workspace/robotics_v1/install/robo_miner_interfaces/include/robo_miner_interfaces/msg/rosidl_typesupport_introspection_c__visibility_control.h
[3.591s] -- Up-to-date symlink: /home/ubuntu/workspace/robotics_v1/install/robo_miner_interfaces/include/robo_miner_interfaces/srv/detail/activate_mining_validate__rosidl_typesupport_introspection_c.h
[3.592s] -- Up-to-date symlink: /home/ubuntu/workspace/robotics_v1/install/robo_miner_interfaces/include/robo_miner_interfaces/srv/detail/field_map_validate__rosidl_typesupport_introspection_c.h
[3.592s] -- Up-to-date symlink: /home/ubuntu/workspace/robotics_v1/install/robo_miner_interfaces/include/robo_miner_interfaces/srv/detail/longest_sequence_validate__rosidl_typesupport_introspection_c.h
[3.593s] -- Up-to-date symlink: /home/ubuntu/workspace/robotics_v1/install/robo_miner_interfaces/include/robo_miner_interfaces/srv/detail/query_initial_robot_position__rosidl_typesupport_introspection_c.h
[3.594s] -- Up-to-date symlink: /home/ubuntu/workspace/robotics_v1/install/robo_miner_interfaces/include/robo_miner_interfaces/srv/detail/robot_move__rosidl_typesupport_introspection_c.h
[3.594s] -- Up-to-date symlink: /home/ubuntu/workspace/robotics_v1/install/robo_miner_interfaces/include/robo_miner_interfaces/msg/detail/field_point__builder.hpp
[3.595s] -- Up-to-date symlink: /home/ubuntu/workspace/robotics_v1/install/robo_miner_interfaces/include/robo_miner_interfaces/msg/detail/field_point__struct.hpp
[3.597s] -- Up-to-date symlink: /home/ubuntu/workspace/robotics_v1/install/robo_miner_interfaces/include/robo_miner_interfaces/msg/detail/field_point__traits.hpp
[3.597s] -- Up-to-date symlink: /home/ubuntu/workspace/robotics_v1/install/robo_miner_interfaces/include/robo_miner_interfaces/msg/detail/robot_move_type__builder.hpp
[3.598s] -- Up-to-date symlink: /home/ubuntu/workspace/robotics_v1/install/robo_miner_interfaces/include/robo_miner_interfaces/msg/detail/robot_move_type__struct.hpp
[3.599s] -- Up-to-date symlink: /home/ubuntu/workspace/robotics_v1/install/robo_miner_interfaces/include/robo_miner_interfaces/msg/detail/robot_move_type__traits.hpp
[3.601s] -- Up-to-date symlink: /home/ubuntu/workspace/robotics_v1/install/robo_miner_interfaces/include/robo_miner_interfaces/msg/detail/robot_position_response__builder.hpp
[3.602s] -- Up-to-date symlink: /home/ubuntu/workspace/robotics_v1/install/robo_miner_interfaces/include/robo_miner_interfaces/msg/detail/robot_position_response__struct.hpp
[3.602s] -- Up-to-date symlink: /home/ubuntu/workspace/robotics_v1/install/robo_miner_interfaces/include/robo_miner_interfaces/msg/detail/robot_position_response__traits.hpp
[3.606s] -- Up-to-date symlink: /home/ubuntu/workspace/robotics_v1/install/robo_miner_interfaces/include/robo_miner_interfaces/msg/detail/u_int8_multi_array__builder.hpp
[3.606s] -- Up-to-date symlink: /home/ubuntu/workspace/robotics_v1/install/robo_miner_interfaces/include/robo_miner_interfaces/msg/detail/u_int8_multi_array__struct.hpp
[3.607s] -- Up-to-date symlink: /home/ubuntu/workspace/robotics_v1/install/robo_miner_interfaces/include/robo_miner_interfaces/msg/detail/u_int8_multi_array__traits.hpp
[3.608s] -- Up-to-date symlink: /home/ubuntu/workspace/robotics_v1/install/robo_miner_interfaces/include/robo_miner_interfaces/msg/detail/user_authenticate__builder.hpp
[3.608s] -- Up-to-date symlink: /home/ubuntu/workspace/robotics_v1/install/robo_miner_interfaces/include/robo_miner_interfaces/msg/detail/user_authenticate__struct.hpp
[3.609s] -- Up-to-date symlink: /home/ubuntu/workspace/robotics_v1/install/robo_miner_interfaces/include/robo_miner_interfaces/msg/detail/user_authenticate__traits.hpp
[3.610s] -- Up-to-date symlink: /home/ubuntu/workspace/robotics_v1/install/robo_miner_interfaces/include/robo_miner_interfaces/msg/field_point.hpp
[3.611s] -- Up-to-date symlink: /home/ubuntu/workspace/robotics_v1/install/robo_miner_interfaces/include/robo_miner_interfaces/msg/robot_move_type.hpp
[3.612s] -- Up-to-date symlink: /home/ubuntu/workspace/robotics_v1/install/robo_miner_interfaces/include/robo_miner_interfaces/msg/robot_position_response.hpp
[3.614s] -- Up-to-date symlink: /home/ubuntu/workspace/robotics_v1/install/robo_miner_interfaces/include/robo_miner_interfaces/msg/u_int8_multi_array.hpp
[3.614s] -- Up-to-date symlink: /home/ubuntu/workspace/robotics_v1/install/robo_miner_interfaces/include/robo_miner_interfaces/msg/user_authenticate.hpp
[3.615s] -- Up-to-date symlink: /home/ubuntu/workspace/robotics_v1/install/robo_miner_interfaces/include/robo_miner_interfaces/srv/activate_mining_validate.hpp
[3.615s] -- Up-to-date symlink: /home/ubuntu/workspace/robotics_v1/install/robo_miner_interfaces/include/robo_miner_interfaces/srv/detail/activate_mining_validate__builder.hpp
[3.615s] -- Up-to-date symlink: /home/ubuntu/workspace/robotics_v1/install/robo_miner_interfaces/include/robo_miner_interfaces/srv/detail/activate_mining_validate__struct.hpp
[3.617s] -- Up-to-date symlink: /home/ubuntu/workspace/robotics_v1/install/robo_miner_interfaces/include/robo_miner_interfaces/srv/detail/activate_mining_validate__traits.hpp
[3.622s] -- Up-to-date symlink: /home/ubuntu/workspace/robotics_v1/install/robo_miner_interfaces/include/robo_miner_interfaces/srv/detail/field_map_validate__builder.hpp
[3.624s] -- Up-to-date symlink: /home/ubuntu/workspace/robotics_v1/install/robo_miner_interfaces/include/robo_miner_interfaces/srv/detail/field_map_validate__struct.hpp
[3.626s] -- Up-to-date symlink: /home/ubuntu/workspace/robotics_v1/install/robo_miner_interfaces/include/robo_miner_interfaces/srv/detail/field_map_validate__traits.hpp
[3.627s] -- Up-to-date symlink: /home/ubuntu/workspace/robotics_v1/install/robo_miner_interfaces/include/robo_miner_interfaces/srv/detail/longest_sequence_validate__builder.hpp
[3.629s] -- Up-to-date symlink: /home/ubuntu/workspace/robotics_v1/install/robo_miner_interfaces/include/robo_miner_interfaces/srv/detail/longest_sequence_validate__struct.hpp
[3.630s] -- Up-to-date symlink: /home/ubuntu/workspace/robotics_v1/install/robo_miner_interfaces/include/robo_miner_interfaces/srv/detail/longest_sequence_validate__traits.hpp
[3.641s] -- Up-to-date symlink: /home/ubuntu/workspace/robotics_v1/install/robo_miner_interfaces/include/robo_miner_interfaces/srv/detail/query_initial_robot_position__builder.hpp
[3.641s] -- Up-to-date symlink: /home/ubuntu/workspace/robotics_v1/install/robo_miner_interfaces/include/robo_miner_interfaces/srv/detail/query_initial_robot_position__struct.hpp
[3.643s] -- Up-to-date symlink: /home/ubuntu/workspace/robotics_v1/install/robo_miner_interfaces/include/robo_miner_interfaces/srv/detail/query_initial_robot_position__traits.hpp
[3.644s] -- Up-to-date symlink: /home/ubuntu/workspace/robotics_v1/install/robo_miner_interfaces/include/robo_miner_interfaces/srv/detail/robot_move__builder.hpp
[3.644s] -- Up-to-date symlink: /home/ubuntu/workspace/robotics_v1/install/robo_miner_interfaces/include/robo_miner_interfaces/srv/detail/robot_move__struct.hpp
[3.644s] -- Up-to-date symlink: /home/ubuntu/workspace/robotics_v1/install/robo_miner_interfaces/include/robo_miner_interfaces/srv/detail/robot_move__traits.hpp
[3.644s] -- Up-to-date symlink: /home/ubuntu/workspace/robotics_v1/install/robo_miner_interfaces/include/robo_miner_interfaces/srv/field_map_validate.hpp
[3.645s] -- Up-to-date symlink: /home/ubuntu/workspace/robotics_v1/install/robo_miner_interfaces/include/robo_miner_interfaces/srv/longest_sequence_validate.hpp
[3.645s] -- Up-to-date symlink: /home/ubuntu/workspace/robotics_v1/install/robo_miner_interfaces/include/robo_miner_interfaces/srv/query_initial_robot_position.hpp
[3.645s] -- Up-to-date symlink: /home/ubuntu/workspace/robotics_v1/install/robo_miner_interfaces/include/robo_miner_interfaces/srv/robot_move.hpp
[3.646s] -- Up-to-date symlink: /home/ubuntu/workspace/robotics_v1/install/robo_miner_interfaces/include/robo_miner_interfaces/msg/detail/field_point__rosidl_typesupport_introspection_cpp.hpp
[3.646s] -- Up-to-date symlink: /home/ubuntu/workspace/robotics_v1/install/robo_miner_interfaces/include/robo_miner_interfaces/msg/detail/robot_move_type__rosidl_typesupport_introspection_cpp.hpp
[3.646s] -- Up-to-date symlink: /home/ubuntu/workspace/robotics_v1/install/robo_miner_interfaces/include/robo_miner_interfaces/msg/detail/robot_position_response__rosidl_typesupport_introspection_cpp.hpp
[3.647s] -- Up-to-date symlink: /home/ubuntu/workspace/robotics_v1/install/robo_miner_interfaces/include/robo_miner_interfaces/msg/detail/u_int8_multi_array__rosidl_typesupport_introspection_cpp.hpp
[3.647s] -- Up-to-date symlink: /home/ubuntu/workspace/robotics_v1/install/robo_miner_interfaces/include/robo_miner_interfaces/msg/detail/user_authenticate__rosidl_typesupport_introspection_cpp.hpp
[3.648s] -- Up-to-date symlink: /home/ubuntu/workspace/robotics_v1/install/robo_miner_interfaces/include/robo_miner_interfaces/srv/detail/activate_mining_validate__rosidl_typesupport_introspection_cpp.hpp
[3.648s] -- Up-to-date symlink: /home/ubuntu/workspace/robotics_v1/install/robo_miner_interfaces/include/robo_miner_interfaces/srv/detail/field_map_validate__rosidl_typesupport_introspection_cpp.hpp
[3.648s] -- Up-to-date symlink: /home/ubuntu/workspace/robotics_v1/install/robo_miner_interfaces/include/robo_miner_interfaces/srv/detail/longest_sequence_validate__rosidl_typesupport_introspection_cpp.hpp
[3.649s] -- Up-to-date symlink: /home/ubuntu/workspace/robotics_v1/install/robo_miner_interfaces/include/robo_miner_interfaces/srv/detail/query_initial_robot_position__rosidl_typesupport_introspection_cpp.hpp
[3.649s] -- Up-to-date symlink: /home/ubuntu/workspace/robotics_v1/install/robo_miner_interfaces/include/robo_miner_interfaces/srv/detail/robot_move__rosidl_typesupport_introspection_cpp.hpp
[3.650s] -- Up-to-date symlink: /home/ubuntu/workspace/robotics_v1/install/robo_miner_interfaces/share/robo_miner_interfaces/environment/pythonpath.sh
[3.650s] -- Up-to-date symlink: /home/ubuntu/workspace/robotics_v1/install/robo_miner_interfaces/share/robo_miner_interfaces/environment/pythonpath.dsv
[3.653s] -- Up-to-date symlink: /home/ubuntu/workspace/robotics_v1/install/robo_miner_interfaces/lib/python3.8/site-packages/robo_miner_interfaces/__init__.py
[3.656s] -- Up-to-date symlink: /home/ubuntu/workspace/robotics_v1/install/robo_miner_interfaces/lib/python3.8/site-packages/robo_miner_interfaces/msg/__init__.py
[3.656s] -- Up-to-date symlink: /home/ubuntu/workspace/robotics_v1/install/robo_miner_interfaces/lib/python3.8/site-packages/robo_miner_interfaces/msg/_field_point.py
[3.656s] -- Up-to-date symlink: /home/ubuntu/workspace/robotics_v1/install/robo_miner_interfaces/lib/python3.8/site-packages/robo_miner_interfaces/msg/_robot_move_type.py
[3.657s] -- Up-to-date symlink: /home/ubuntu/workspace/robotics_v1/install/robo_miner_interfaces/lib/python3.8/site-packages/robo_miner_interfaces/msg/_robot_position_response.py
[3.658s] -- Up-to-date symlink: /home/ubuntu/workspace/robotics_v1/install/robo_miner_interfaces/lib/python3.8/site-packages/robo_miner_interfaces/msg/_u_int8_multi_array.py
[3.658s] -- Up-to-date symlink: /home/ubuntu/workspace/robotics_v1/install/robo_miner_interfaces/lib/python3.8/site-packages/robo_miner_interfaces/msg/_user_authenticate.py
[3.660s] -- Up-to-date symlink: /home/ubuntu/workspace/robotics_v1/install/robo_miner_interfaces/lib/python3.8/site-packages/robo_miner_interfaces/srv/__init__.py
[3.660s] -- Up-to-date symlink: /home/ubuntu/workspace/robotics_v1/install/robo_miner_interfaces/lib/python3.8/site-packages/robo_miner_interfaces/srv/_activate_mining_validate.py
[3.660s] -- Up-to-date symlink: /home/ubuntu/workspace/robotics_v1/install/robo_miner_interfaces/lib/python3.8/site-packages/robo_miner_interfaces/srv/_field_map_validate.py
[3.661s] -- Up-to-date symlink: /home/ubuntu/workspace/robotics_v1/install/robo_miner_interfaces/lib/python3.8/site-packages/robo_miner_interfaces/srv/_longest_sequence_validate.py
[3.661s] -- Up-to-date symlink: /home/ubuntu/workspace/robotics_v1/install/robo_miner_interfaces/lib/python3.8/site-packages/robo_miner_interfaces/srv/_query_initial_robot_position.py
[3.662s] -- Up-to-date symlink: /home/ubuntu/workspace/robotics_v1/install/robo_miner_interfaces/lib/python3.8/site-packages/robo_miner_interfaces/srv/_robot_move.py
[3.663s] -- Up-to-date symlink: /home/ubuntu/workspace/robotics_v1/install/robo_miner_interfaces/lib/python3.8/site-packages/robo_miner_interfaces/robo_miner_interfaces_s__rosidl_typesupport_fastrtps_c.cpython-38-x86_64-linux-gnu.so
[3.664s] -- Up-to-date symlink: /home/ubuntu/workspace/robotics_v1/install/robo_miner_interfaces/lib/python3.8/site-packages/robo_miner_interfaces/robo_miner_interfaces_s__rosidl_typesupport_introspection_c.cpython-38-x86_64-linux-gnu.so
[3.665s] -- Up-to-date symlink: /home/ubuntu/workspace/robotics_v1/install/robo_miner_interfaces/lib/python3.8/site-packages/robo_miner_interfaces/robo_miner_interfaces_s__rosidl_typesupport_c.cpython-38-x86_64-linux-gnu.so
[3.666s] -- Up-to-date symlink: /home/ubuntu/workspace/robotics_v1/install/robo_miner_interfaces/lib/librobo_miner_interfaces__python.so
[3.667s] -- Up-to-date symlink: /home/ubuntu/workspace/robotics_v1/install/robo_miner_interfaces/share/robo_miner_interfaces/msg/FieldPoint.idl
[3.670s] -- Up-to-date symlink: /home/ubuntu/workspace/robotics_v1/install/robo_miner_interfaces/share/robo_miner_interfaces/msg/RobotPositionResponse.idl
[3.670s] -- Up-to-date symlink: /home/ubuntu/workspace/robotics_v1/install/robo_miner_interfaces/share/robo_miner_interfaces/msg/UInt8MultiArray.idl
[3.676s] -- Up-to-date symlink: /home/ubuntu/workspace/robotics_v1/install/robo_miner_interfaces/share/robo_miner_interfaces/msg/RobotMoveType.idl
[3.677s] -- Up-to-date symlink: /home/ubuntu/workspace/robotics_v1/install/robo_miner_interfaces/share/robo_miner_interfaces/msg/UserAuthenticate.idl
[3.679s] -- Up-to-date symlink: /home/ubuntu/workspace/robotics_v1/install/robo_miner_interfaces/share/robo_miner_interfaces/srv/ActivateMiningValidate.idl
[3.681s] -- Up-to-date symlink: /home/ubuntu/workspace/robotics_v1/install/robo_miner_interfaces/share/robo_miner_interfaces/srv/RobotMove.idl
[3.687s] -- Up-to-date symlink: /home/ubuntu/workspace/robotics_v1/install/robo_miner_interfaces/share/robo_miner_interfaces/srv/LongestSequenceValidate.idl
[3.688s] -- Up-to-date symlink: /home/ubuntu/workspace/robotics_v1/install/robo_miner_interfaces/share/robo_miner_interfaces/srv/FieldMapValidate.idl
[3.690s] -- Up-to-date symlink: /home/ubuntu/workspace/robotics_v1/install/robo_miner_interfaces/share/robo_miner_interfaces/srv/QueryInitialRobotPosition.idl
[3.692s] -- Up-to-date symlink: /home/ubuntu/workspace/robotics_v1/install/robo_miner_interfaces/share/robo_miner_interfaces/msg/FieldPoint.msg
[3.695s] -- Up-to-date symlink: /home/ubuntu/workspace/robotics_v1/install/robo_miner_interfaces/share/robo_miner_interfaces/msg/RobotPositionResponse.msg
[3.697s] -- Up-to-date symlink: /home/ubuntu/workspace/robotics_v1/install/robo_miner_interfaces/share/robo_miner_interfaces/msg/UInt8MultiArray.msg
[3.700s] -- Up-to-date symlink: /home/ubuntu/workspace/robotics_v1/install/robo_miner_interfaces/share/robo_miner_interfaces/msg/RobotMoveType.msg
[3.701s] -- Up-to-date symlink: /home/ubuntu/workspace/robotics_v1/install/robo_miner_interfaces/share/robo_miner_interfaces/msg/UserAuthenticate.msg
[3.701s] -- Up-to-date symlink: /home/ubuntu/workspace/robotics_v1/install/robo_miner_interfaces/share/robo_miner_interfaces/srv/ActivateMiningValidate.srv
[3.702s] -- Up-to-date symlink: /home/ubuntu/workspace/robotics_v1/install/robo_miner_interfaces/share/robo_miner_interfaces/srv/ActivateMiningValidate_Request.msg
[3.705s] -- Up-to-date symlink: /home/ubuntu/workspace/robotics_v1/install/robo_miner_interfaces/share/robo_miner_interfaces/srv/ActivateMiningValidate_Response.msg
[3.707s] -- Up-to-date symlink: /home/ubuntu/workspace/robotics_v1/install/robo_miner_interfaces/share/robo_miner_interfaces/srv/RobotMove.srv
[3.709s] -- Up-to-date symlink: /home/ubuntu/workspace/robotics_v1/install/robo_miner_interfaces/share/robo_miner_interfaces/srv/RobotMove_Request.msg
[3.711s] -- Up-to-date symlink: /home/ubuntu/workspace/robotics_v1/install/robo_miner_interfaces/share/robo_miner_interfaces/srv/RobotMove_Response.msg
[3.725s] -- Up-to-date symlink: /home/ubuntu/workspace/robotics_v1/install/robo_miner_interfaces/share/robo_miner_interfaces/srv/LongestSequenceValidate.srv
[3.725s] -- Up-to-date symlink: /home/ubuntu/workspace/robotics_v1/install/robo_miner_interfaces/share/robo_miner_interfaces/srv/LongestSequenceValidate_Request.msg
[3.725s] -- Up-to-date symlink: /home/ubuntu/workspace/robotics_v1/install/robo_miner_interfaces/share/robo_miner_interfaces/srv/LongestSequenceValidate_Response.msg
[3.726s] -- Up-to-date symlink: /home/ubuntu/workspace/robotics_v1/install/robo_miner_interfaces/share/robo_miner_interfaces/srv/FieldMapValidate.srv
[3.726s] -- Up-to-date symlink: /home/ubuntu/workspace/robotics_v1/install/robo_miner_interfaces/share/robo_miner_interfaces/srv/FieldMapValidate_Request.msg
[3.727s] -- Up-to-date symlink: /home/ubuntu/workspace/robotics_v1/install/robo_miner_interfaces/share/robo_miner_interfaces/srv/FieldMapValidate_Response.msg
[3.727s] -- Up-to-date symlink: /home/ubuntu/workspace/robotics_v1/install/robo_miner_interfaces/share/robo_miner_interfaces/srv/QueryInitialRobotPosition.srv
[3.727s] -- Up-to-date symlink: /home/ubuntu/workspace/robotics_v1/install/robo_miner_interfaces/share/robo_miner_interfaces/srv/QueryInitialRobotPosition_Request.msg
[3.728s] -- Up-to-date symlink: /home/ubuntu/workspace/robotics_v1/install/robo_miner_interfaces/share/robo_miner_interfaces/srv/QueryInitialRobotPosition_Response.msg
[3.729s] -- Up-to-date symlink: /home/ubuntu/workspace/robotics_v1/install/robo_miner_interfaces/share/ament_index/resource_index/package_run_dependencies/robo_miner_interfaces
[3.729s] -- Up-to-date symlink: /home/ubuntu/workspace/robotics_v1/install/robo_miner_interfaces/share/ament_index/resource_index/parent_prefix_path/robo_miner_interfaces
[3.730s] -- Up-to-date symlink: /home/ubuntu/workspace/robotics_v1/install/robo_miner_interfaces/share/robo_miner_interfaces/environment/ament_prefix_path.sh
[3.731s] -- Up-to-date symlink: /home/ubuntu/workspace/robotics_v1/install/robo_miner_interfaces/share/robo_miner_interfaces/environment/ament_prefix_path.dsv
[3.732s] -- Up-to-date symlink: /home/ubuntu/workspace/robotics_v1/install/robo_miner_interfaces/share/robo_miner_interfaces/environment/path.sh
[3.732s] -- Up-to-date symlink: /home/ubuntu/workspace/robotics_v1/install/robo_miner_interfaces/share/robo_miner_interfaces/environment/path.dsv
[3.733s] -- Up-to-date symlink: /home/ubuntu/workspace/robotics_v1/install/robo_miner_interfaces/share/robo_miner_interfaces/local_setup.bash
[3.733s] -- Up-to-date symlink: /home/ubuntu/workspace/robotics_v1/install/robo_miner_interfaces/share/robo_miner_interfaces/local_setup.sh
[3.735s] -- Up-to-date symlink: /home/ubuntu/workspace/robotics_v1/install/robo_miner_interfaces/share/robo_miner_interfaces/local_setup.zsh
[3.740s] -- Up-to-date symlink: /home/ubuntu/workspace/robotics_v1/install/robo_miner_interfaces/share/robo_miner_interfaces/local_setup.dsv
[3.741s] -- Symlinking: /home/ubuntu/workspace/robotics_v1/install/robo_miner_interfaces/share/robo_miner_interfaces/package.dsv
[3.833s] -- Up-to-date symlink: /home/ubuntu/workspace/robotics_v1/install/robo_miner_interfaces/share/ament_index/resource_index/packages/robo_miner_interfaces
[3.833s] -- Up-to-date symlink: /home/ubuntu/workspace/robotics_v1/install/robo_miner_interfaces/share/robo_miner_interfaces/cmake/rosidl_cmake-extras.cmake
[3.833s] -- Up-to-date symlink: /home/ubuntu/workspace/robotics_v1/install/robo_miner_interfaces/share/robo_miner_interfaces/cmake/ament_cmake_export_dependencies-extras.cmake
[3.833s] -- Up-to-date symlink: /home/ubuntu/workspace/robotics_v1/install/robo_miner_interfaces/share/robo_miner_interfaces/cmake/ament_cmake_export_libraries-extras.cmake
[3.833s] -- Up-to-date symlink: /home/ubuntu/workspace/robotics_v1/install/robo_miner_interfaces/share/robo_miner_interfaces/cmake/ament_cmake_export_targets-extras.cmake
[3.834s] -- Up-to-date symlink: /home/ubuntu/workspace/robotics_v1/install/robo_miner_interfaces/share/robo_miner_interfaces/cmake/ament_cmake_export_include_directories-extras.cmake
[3.834s] -- Up-to-date symlink: /home/ubuntu/workspace/robotics_v1/install/robo_miner_interfaces/share/robo_miner_interfaces/cmake/rosidl_cmake_export_typesupport_libraries-extras.cmake
[3.834s] -- Up-to-date symlink: /home/ubuntu/workspace/robotics_v1/install/robo_miner_interfaces/share/robo_miner_interfaces/cmake/rosidl_cmake_export_typesupport_targets-extras.cmake
[3.834s] -- Up-to-date symlink: /home/ubuntu/workspace/robotics_v1/install/robo_miner_interfaces/share/robo_miner_interfaces/cmake/robo_miner_interfacesConfig.cmake
[3.834s] -- Up-to-date symlink: /home/ubuntu/workspace/robotics_v1/install/robo_miner_interfaces/share/robo_miner_interfaces/cmake/robo_miner_interfacesConfig-version.cmake
[3.835s] -- Up-to-date symlink: /home/ubuntu/workspace/robotics_v1/install/robo_miner_interfaces/share/robo_miner_interfaces/package.xml
[3.835s] -- Up-to-date: /home/ubuntu/workspace/robotics_v1/install/robo_miner_interfaces/lib/librobo_miner_interfaces__rosidl_generator_c.so
[3.835s] -- Up-to-date: /home/ubuntu/workspace/robotics_v1/install/robo_miner_interfaces/lib/librobo_miner_interfaces__rosidl_typesupport_introspection_c.so
[3.835s] -- Up-to-date: /home/ubuntu/workspace/robotics_v1/install/robo_miner_interfaces/lib/librobo_miner_interfaces__rosidl_typesupport_c.so
[3.850s] -- Up-to-date: /home/ubuntu/workspace/robotics_v1/install/robo_miner_interfaces/lib/librobo_miner_interfaces__rosidl_typesupport_introspection_cpp.so
[3.851s] -- Up-to-date: /home/ubuntu/workspace/robotics_v1/install/robo_miner_interfaces/lib/librobo_miner_interfaces__rosidl_typesupport_cpp.so
[4.012s] -- Up-to-date: /home/ubuntu/workspace/robotics_v1/install/robo_miner_interfaces/share/robo_miner_interfaces/cmake/robo_miner_interfaces__rosidl_generator_cExport.cmake
[4.013s] -- Up-to-date: /home/ubuntu/workspace/robotics_v1/install/robo_miner_interfaces/share/robo_miner_interfaces/cmake/robo_miner_interfaces__rosidl_generator_cExport-debug.cmake
[4.013s] -- Up-to-date: /home/ubuntu/workspace/robotics_v1/install/robo_miner_interfaces/share/robo_miner_interfaces/cmake/robo_miner_interfaces__rosidl_typesupport_introspection_cExport.cmake
[4.013s] -- Up-to-date: /home/ubuntu/workspace/robotics_v1/install/robo_miner_interfaces/share/robo_miner_interfaces/cmake/robo_miner_interfaces__rosidl_typesupport_introspection_cExport-debug.cmake
[4.014s] -- Up-to-date: /home/ubuntu/workspace/robotics_v1/install/robo_miner_interfaces/share/robo_miner_interfaces/cmake/robo_miner_interfaces__rosidl_typesupport_cExport.cmake
[4.014s] -- Up-to-date: /home/ubuntu/workspace/robotics_v1/install/robo_miner_interfaces/share/robo_miner_interfaces/cmake/robo_miner_interfaces__rosidl_typesupport_cExport-debug.cmake
[4.014s] -- Up-to-date: /home/ubuntu/workspace/robotics_v1/install/robo_miner_interfaces/share/robo_miner_interfaces/cmake/robo_miner_interfaces__rosidl_generator_cppExport.cmake
[4.015s] -- Up-to-date: /home/ubuntu/workspace/robotics_v1/install/robo_miner_interfaces/share/robo_miner_interfaces/cmake/robo_miner_interfaces__rosidl_typesupport_introspection_cppExport.cmake
[4.015s] -- Up-to-date: /home/ubuntu/workspace/robotics_v1/install/robo_miner_interfaces/share/robo_miner_interfaces/cmake/robo_miner_interfaces__rosidl_typesupport_introspection_cppExport-debug.cmake
[4.016s] -- Up-to-date: /home/ubuntu/workspace/robotics_v1/install/robo_miner_interfaces/share/robo_miner_interfaces/cmake/robo_miner_interfaces__rosidl_typesupport_cppExport.cmake
[4.016s] -- Up-to-date: /home/ubuntu/workspace/robotics_v1/install/robo_miner_interfaces/share/robo_miner_interfaces/cmake/robo_miner_interfaces__rosidl_typesupport_cppExport-debug.cmake
[4.048s] Invoked command in '/home/ubuntu/workspace/robotics_v1/build/robo_miner_interfaces' returned '0': CMAKE_PREFIX_PATH=/opt/ros/foxy /usr/bin/cmake --install /home/ubuntu/workspace/robotics_v1/build/robo_miner_interfaces
