[0.133s] Invoking command in '/home/ubuntu/workspace/robotics_v1/build/ur_dashboard_msgs': CMAKE_PREFIX_PATH=/opt/ros/foxy /usr/bin/cmake --build /home/ubuntu/workspace/robotics_v1/build/ur_dashboard_msgs -- -j4 -l4
[0.411s] [  0%] Built target ur_dashboard_msgs__cpp
[0.442s] [ 12%] Built target ur_dashboard_msgs__rosidl_generator_c
[0.667s] [ 24%] Built target ur_dashboard_msgs__rosidl_typesupport_introspection_cpp
[0.685s] [ 36%] Built target ur_dashboard_msgs__rosidl_typesupport_cpp
[0.696s] [ 48%] Built target ur_dashboard_msgs__rosidl_typesupport_c
[0.783s] [ 60%] Built target ur_dashboard_msgs__rosidl_typesupport_fastrtps_cpp
[0.864s] [ 72%] Built target ur_dashboard_msgs__rosidl_typesupport_introspection_c
[1.036s] [ 84%] Built target ur_dashboard_msgs__rosidl_typesupport_fastrtps_c
[1.116s] [ 84%] Built target ur_dashboard_msgs
[1.175s] [ 85%] Built target ur_dashboard_msgs__py
[1.261s] [ 96%] Built target ur_dashboard_msgs__python
[1.440s] [ 97%] Built target ur_dashboard_msgs__rosidl_typesupport_fastrtps_c__pyext
[1.477s] [ 99%] Built target ur_dashboard_msgs__rosidl_typesupport_introspection_c__pyext
[1.500s] [100%] Built target ur_dashboard_msgs__rosidl_typesupport_c__pyext
[1.549s] Invoked command in '/home/ubuntu/workspace/robotics_v1/build/ur_dashboard_msgs' returned '0': CMAKE_PREFIX_PATH=/opt/ros/foxy /usr/bin/cmake --build /home/ubuntu/workspace/robotics_v1/build/ur_dashboard_msgs -- -j4 -l4
[2.885s] Invoking command in '/home/ubuntu/workspace/robotics_v1/build/ur_dashboard_msgs': CMAKE_PREFIX_PATH=/opt/ros/foxy /usr/bin/cmake --install /home/ubuntu/workspace/robotics_v1/build/ur_dashboard_msgs
[2.911s] -- Install configuration: "Debug"
[2.913s] -- Execute custom install script
[2.913s] -- Up-to-date symlink: /home/ubuntu/workspace/robotics_v1/install/ur_dashboard_msgs/share/ament_index/resource_index/rosidl_interfaces/ur_dashboard_msgs
[2.916s] -- Up-to-date symlink: /home/ubuntu/workspace/robotics_v1/install/ur_dashboard_msgs/include/ur_dashboard_msgs/action/detail/set_mode__functions.h
[2.916s] -- Up-to-date symlink: /home/ubuntu/workspace/robotics_v1/install/ur_dashboard_msgs/include/ur_dashboard_msgs/action/detail/set_mode__struct.h
[2.917s] -- Up-to-date symlink: /home/ubuntu/workspace/robotics_v1/install/ur_dashboard_msgs/include/ur_dashboard_msgs/action/detail/set_mode__type_support.h
[2.917s] -- Up-to-date symlink: /home/ubuntu/workspace/robotics_v1/install/ur_dashboard_msgs/include/ur_dashboard_msgs/action/set_mode.h
[2.917s] -- Up-to-date symlink: /home/ubuntu/workspace/robotics_v1/install/ur_dashboard_msgs/include/ur_dashboard_msgs/msg/detail/program_state__functions.h
[2.918s] -- Up-to-date symlink: /home/ubuntu/workspace/robotics_v1/install/ur_dashboard_msgs/include/ur_dashboard_msgs/msg/detail/program_state__struct.h
[2.918s] -- Up-to-date symlink: /home/ubuntu/workspace/robotics_v1/install/ur_dashboard_msgs/include/ur_dashboard_msgs/msg/detail/program_state__type_support.h
[2.918s] -- Up-to-date symlink: /home/ubuntu/workspace/robotics_v1/install/ur_dashboard_msgs/include/ur_dashboard_msgs/msg/detail/robot_mode__functions.h
[2.919s] -- Up-to-date symlink: /home/ubuntu/workspace/robotics_v1/install/ur_dashboard_msgs/include/ur_dashboard_msgs/msg/detail/robot_mode__struct.h
[2.919s] -- Up-to-date symlink: /home/ubuntu/workspace/robotics_v1/install/ur_dashboard_msgs/include/ur_dashboard_msgs/msg/detail/robot_mode__type_support.h
[2.919s] -- Up-to-date symlink: /home/ubuntu/workspace/robotics_v1/install/ur_dashboard_msgs/include/ur_dashboard_msgs/msg/detail/safety_mode__functions.h
[2.920s] -- Up-to-date symlink: /home/ubuntu/workspace/robotics_v1/install/ur_dashboard_msgs/include/ur_dashboard_msgs/msg/detail/safety_mode__struct.h
[2.920s] -- Up-to-date symlink: /home/ubuntu/workspace/robotics_v1/install/ur_dashboard_msgs/include/ur_dashboard_msgs/msg/detail/safety_mode__type_support.h
[2.920s] -- Up-to-date symlink: /home/ubuntu/workspace/robotics_v1/install/ur_dashboard_msgs/include/ur_dashboard_msgs/msg/program_state.h
[2.921s] -- Up-to-date symlink: /home/ubuntu/workspace/robotics_v1/install/ur_dashboard_msgs/include/ur_dashboard_msgs/msg/robot_mode.h
[2.921s] -- Up-to-date symlink: /home/ubuntu/workspace/robotics_v1/install/ur_dashboard_msgs/include/ur_dashboard_msgs/msg/rosidl_generator_c__visibility_control.h
[2.922s] -- Up-to-date symlink: /home/ubuntu/workspace/robotics_v1/install/ur_dashboard_msgs/include/ur_dashboard_msgs/msg/safety_mode.h
[2.922s] -- Up-to-date symlink: /home/ubuntu/workspace/robotics_v1/install/ur_dashboard_msgs/include/ur_dashboard_msgs/srv/add_to_log.h
[2.922s] -- Up-to-date symlink: /home/ubuntu/workspace/robotics_v1/install/ur_dashboard_msgs/include/ur_dashboard_msgs/srv/detail/add_to_log__functions.h
[2.923s] -- Up-to-date symlink: /home/ubuntu/workspace/robotics_v1/install/ur_dashboard_msgs/include/ur_dashboard_msgs/srv/detail/add_to_log__struct.h
[2.923s] -- Up-to-date symlink: /home/ubuntu/workspace/robotics_v1/install/ur_dashboard_msgs/include/ur_dashboard_msgs/srv/detail/add_to_log__type_support.h
[2.924s] -- Up-to-date symlink: /home/ubuntu/workspace/robotics_v1/install/ur_dashboard_msgs/include/ur_dashboard_msgs/srv/detail/get_loaded_program__functions.h
[2.924s] -- Up-to-date symlink: /home/ubuntu/workspace/robotics_v1/install/ur_dashboard_msgs/include/ur_dashboard_msgs/srv/detail/get_loaded_program__struct.h
[2.924s] -- Up-to-date symlink: /home/ubuntu/workspace/robotics_v1/install/ur_dashboard_msgs/include/ur_dashboard_msgs/srv/detail/get_loaded_program__type_support.h
[2.925s] -- Up-to-date symlink: /home/ubuntu/workspace/robotics_v1/install/ur_dashboard_msgs/include/ur_dashboard_msgs/srv/detail/get_program_state__functions.h
[2.925s] -- Up-to-date symlink: /home/ubuntu/workspace/robotics_v1/install/ur_dashboard_msgs/include/ur_dashboard_msgs/srv/detail/get_program_state__struct.h
[2.925s] -- Up-to-date symlink: /home/ubuntu/workspace/robotics_v1/install/ur_dashboard_msgs/include/ur_dashboard_msgs/srv/detail/get_program_state__type_support.h
[2.926s] -- Up-to-date symlink: /home/ubuntu/workspace/robotics_v1/install/ur_dashboard_msgs/include/ur_dashboard_msgs/srv/detail/get_robot_mode__functions.h
[2.926s] -- Up-to-date symlink: /home/ubuntu/workspace/robotics_v1/install/ur_dashboard_msgs/include/ur_dashboard_msgs/srv/detail/get_robot_mode__struct.h
[2.927s] -- Up-to-date symlink: /home/ubuntu/workspace/robotics_v1/install/ur_dashboard_msgs/include/ur_dashboard_msgs/srv/detail/get_robot_mode__type_support.h
[2.927s] -- Up-to-date symlink: /home/ubuntu/workspace/robotics_v1/install/ur_dashboard_msgs/include/ur_dashboard_msgs/srv/detail/get_safety_mode__functions.h
[2.928s] -- Up-to-date symlink: /home/ubuntu/workspace/robotics_v1/install/ur_dashboard_msgs/include/ur_dashboard_msgs/srv/detail/get_safety_mode__struct.h
[2.928s] -- Up-to-date symlink: /home/ubuntu/workspace/robotics_v1/install/ur_dashboard_msgs/include/ur_dashboard_msgs/srv/detail/get_safety_mode__type_support.h
[2.928s] -- Up-to-date symlink: /home/ubuntu/workspace/robotics_v1/install/ur_dashboard_msgs/include/ur_dashboard_msgs/srv/detail/is_program_running__functions.h
[2.929s] -- Up-to-date symlink: /home/ubuntu/workspace/robotics_v1/install/ur_dashboard_msgs/include/ur_dashboard_msgs/srv/detail/is_program_running__struct.h
[2.929s] -- Up-to-date symlink: /home/ubuntu/workspace/robotics_v1/install/ur_dashboard_msgs/include/ur_dashboard_msgs/srv/detail/is_program_running__type_support.h
[2.929s] -- Up-to-date symlink: /home/ubuntu/workspace/robotics_v1/install/ur_dashboard_msgs/include/ur_dashboard_msgs/srv/detail/is_program_saved__functions.h
[2.930s] -- Up-to-date symlink: /home/ubuntu/workspace/robotics_v1/install/ur_dashboard_msgs/include/ur_dashboard_msgs/srv/detail/is_program_saved__struct.h
[2.931s] -- Up-to-date symlink: /home/ubuntu/workspace/robotics_v1/install/ur_dashboard_msgs/include/ur_dashboard_msgs/srv/detail/is_program_saved__type_support.h
[2.931s] -- Up-to-date symlink: /home/ubuntu/workspace/robotics_v1/install/ur_dashboard_msgs/include/ur_dashboard_msgs/srv/detail/load__functions.h
[2.931s] -- Up-to-date symlink: /home/ubuntu/workspace/robotics_v1/install/ur_dashboard_msgs/include/ur_dashboard_msgs/srv/detail/load__struct.h
[2.932s] -- Up-to-date symlink: /home/ubuntu/workspace/robotics_v1/install/ur_dashboard_msgs/include/ur_dashboard_msgs/srv/detail/load__type_support.h
[2.932s] -- Up-to-date symlink: /home/ubuntu/workspace/robotics_v1/install/ur_dashboard_msgs/include/ur_dashboard_msgs/srv/detail/popup__functions.h
[2.932s] -- Up-to-date symlink: /home/ubuntu/workspace/robotics_v1/install/ur_dashboard_msgs/include/ur_dashboard_msgs/srv/detail/popup__struct.h
[2.933s] -- Up-to-date symlink: /home/ubuntu/workspace/robotics_v1/install/ur_dashboard_msgs/include/ur_dashboard_msgs/srv/detail/popup__type_support.h
[2.933s] -- Up-to-date symlink: /home/ubuntu/workspace/robotics_v1/install/ur_dashboard_msgs/include/ur_dashboard_msgs/srv/detail/raw_request__functions.h
[2.935s] -- Up-to-date symlink: /home/ubuntu/workspace/robotics_v1/install/ur_dashboard_msgs/include/ur_dashboard_msgs/srv/detail/raw_request__struct.h
[2.945s] -- Up-to-date symlink: /home/ubuntu/workspace/robotics_v1/install/ur_dashboard_msgs/include/ur_dashboard_msgs/srv/detail/raw_request__type_support.h
[2.945s] -- Up-to-date symlink: /home/ubuntu/workspace/robotics_v1/install/ur_dashboard_msgs/include/ur_dashboard_msgs/srv/get_loaded_program.h
[2.945s] -- Up-to-date symlink: /home/ubuntu/workspace/robotics_v1/install/ur_dashboard_msgs/include/ur_dashboard_msgs/srv/get_program_state.h
[2.945s] -- Up-to-date symlink: /home/ubuntu/workspace/robotics_v1/install/ur_dashboard_msgs/include/ur_dashboard_msgs/srv/get_robot_mode.h
[2.946s] -- Up-to-date symlink: /home/ubuntu/workspace/robotics_v1/install/ur_dashboard_msgs/include/ur_dashboard_msgs/srv/get_safety_mode.h
[2.946s] -- Up-to-date symlink: /home/ubuntu/workspace/robotics_v1/install/ur_dashboard_msgs/include/ur_dashboard_msgs/srv/is_program_running.h
[2.946s] -- Up-to-date symlink: /home/ubuntu/workspace/robotics_v1/install/ur_dashboard_msgs/include/ur_dashboard_msgs/srv/is_program_saved.h
[2.946s] -- Up-to-date symlink: /home/ubuntu/workspace/robotics_v1/install/ur_dashboard_msgs/include/ur_dashboard_msgs/srv/load.h
[2.946s] -- Up-to-date symlink: /home/ubuntu/workspace/robotics_v1/install/ur_dashboard_msgs/include/ur_dashboard_msgs/srv/popup.h
[2.946s] -- Up-to-date symlink: /home/ubuntu/workspace/robotics_v1/install/ur_dashboard_msgs/include/ur_dashboard_msgs/srv/raw_request.h
[2.946s] -- Up-to-date symlink: /home/ubuntu/workspace/robotics_v1/install/ur_dashboard_msgs/share/ur_dashboard_msgs/environment/library_path.sh
[2.946s] -- Up-to-date symlink: /home/ubuntu/workspace/robotics_v1/install/ur_dashboard_msgs/share/ur_dashboard_msgs/environment/library_path.dsv
[2.947s] -- Up-to-date symlink: /home/ubuntu/workspace/robotics_v1/install/ur_dashboard_msgs/include/ur_dashboard_msgs/action/detail/set_mode__rosidl_typesupport_fastrtps_c.h
[2.947s] -- Up-to-date symlink: /home/ubuntu/workspace/robotics_v1/install/ur_dashboard_msgs/include/ur_dashboard_msgs/msg/detail/program_state__rosidl_typesupport_fastrtps_c.h
[2.948s] -- Up-to-date symlink: /home/ubuntu/workspace/robotics_v1/install/ur_dashboard_msgs/include/ur_dashboard_msgs/msg/detail/robot_mode__rosidl_typesupport_fastrtps_c.h
[2.948s] -- Up-to-date symlink: /home/ubuntu/workspace/robotics_v1/install/ur_dashboard_msgs/include/ur_dashboard_msgs/msg/detail/safety_mode__rosidl_typesupport_fastrtps_c.h
[2.949s] -- Up-to-date symlink: /home/ubuntu/workspace/robotics_v1/install/ur_dashboard_msgs/include/ur_dashboard_msgs/msg/rosidl_typesupport_fastrtps_c__visibility_control.h
[2.949s] -- Up-to-date symlink: /home/ubuntu/workspace/robotics_v1/install/ur_dashboard_msgs/include/ur_dashboard_msgs/srv/detail/add_to_log__rosidl_typesupport_fastrtps_c.h
[2.949s] -- Up-to-date symlink: /home/ubuntu/workspace/robotics_v1/install/ur_dashboard_msgs/include/ur_dashboard_msgs/srv/detail/get_loaded_program__rosidl_typesupport_fastrtps_c.h
[2.950s] -- Up-to-date symlink: /home/ubuntu/workspace/robotics_v1/install/ur_dashboard_msgs/include/ur_dashboard_msgs/srv/detail/get_program_state__rosidl_typesupport_fastrtps_c.h
[2.950s] -- Up-to-date symlink: /home/ubuntu/workspace/robotics_v1/install/ur_dashboard_msgs/include/ur_dashboard_msgs/srv/detail/get_robot_mode__rosidl_typesupport_fastrtps_c.h
[2.950s] -- Up-to-date symlink: /home/ubuntu/workspace/robotics_v1/install/ur_dashboard_msgs/include/ur_dashboard_msgs/srv/detail/get_safety_mode__rosidl_typesupport_fastrtps_c.h
[2.952s] -- Up-to-date symlink: /home/ubuntu/workspace/robotics_v1/install/ur_dashboard_msgs/include/ur_dashboard_msgs/srv/detail/is_program_running__rosidl_typesupport_fastrtps_c.h
[2.952s] -- Up-to-date symlink: /home/ubuntu/workspace/robotics_v1/install/ur_dashboard_msgs/include/ur_dashboard_msgs/srv/detail/is_program_saved__rosidl_typesupport_fastrtps_c.h
[2.952s] -- Up-to-date symlink: /home/ubuntu/workspace/robotics_v1/install/ur_dashboard_msgs/include/ur_dashboard_msgs/srv/detail/load__rosidl_typesupport_fastrtps_c.h
[2.952s] -- Up-to-date symlink: /home/ubuntu/workspace/robotics_v1/install/ur_dashboard_msgs/include/ur_dashboard_msgs/srv/detail/popup__rosidl_typesupport_fastrtps_c.h
[2.953s] -- Up-to-date symlink: /home/ubuntu/workspace/robotics_v1/install/ur_dashboard_msgs/include/ur_dashboard_msgs/srv/detail/raw_request__rosidl_typesupport_fastrtps_c.h
[2.953s] -- Up-to-date symlink: /home/ubuntu/workspace/robotics_v1/install/ur_dashboard_msgs/lib/libur_dashboard_msgs__rosidl_typesupport_fastrtps_c.so
[2.955s] -- Up-to-date symlink: /home/ubuntu/workspace/robotics_v1/install/ur_dashboard_msgs/include/ur_dashboard_msgs/action/detail/set_mode__rosidl_typesupport_fastrtps_cpp.hpp
[2.956s] -- Up-to-date symlink: /home/ubuntu/workspace/robotics_v1/install/ur_dashboard_msgs/include/ur_dashboard_msgs/msg/detail/program_state__rosidl_typesupport_fastrtps_cpp.hpp
[2.956s] -- Up-to-date symlink: /home/ubuntu/workspace/robotics_v1/install/ur_dashboard_msgs/include/ur_dashboard_msgs/msg/detail/robot_mode__rosidl_typesupport_fastrtps_cpp.hpp
[2.956s] -- Up-to-date symlink: /home/ubuntu/workspace/robotics_v1/install/ur_dashboard_msgs/include/ur_dashboard_msgs/msg/detail/safety_mode__rosidl_typesupport_fastrtps_cpp.hpp
[2.957s] -- Up-to-date symlink: /home/ubuntu/workspace/robotics_v1/install/ur_dashboard_msgs/include/ur_dashboard_msgs/msg/rosidl_typesupport_fastrtps_cpp__visibility_control.h
[2.966s] -- Up-to-date symlink: /home/ubuntu/workspace/robotics_v1/install/ur_dashboard_msgs/include/ur_dashboard_msgs/srv/detail/add_to_log__rosidl_typesupport_fastrtps_cpp.hpp
[2.966s] -- Up-to-date symlink: /home/ubuntu/workspace/robotics_v1/install/ur_dashboard_msgs/include/ur_dashboard_msgs/srv/detail/get_loaded_program__rosidl_typesupport_fastrtps_cpp.hpp
[2.967s] -- Up-to-date symlink: /home/ubuntu/workspace/robotics_v1/install/ur_dashboard_msgs/include/ur_dashboard_msgs/srv/detail/get_program_state__rosidl_typesupport_fastrtps_cpp.hpp
[2.967s] -- Up-to-date symlink: /home/ubuntu/workspace/robotics_v1/install/ur_dashboard_msgs/include/ur_dashboard_msgs/srv/detail/get_robot_mode__rosidl_typesupport_fastrtps_cpp.hpp
[2.967s] -- Up-to-date symlink: /home/ubuntu/workspace/robotics_v1/install/ur_dashboard_msgs/include/ur_dashboard_msgs/srv/detail/get_safety_mode__rosidl_typesupport_fastrtps_cpp.hpp
[2.967s] -- Up-to-date symlink: /home/ubuntu/workspace/robotics_v1/install/ur_dashboard_msgs/include/ur_dashboard_msgs/srv/detail/is_program_running__rosidl_typesupport_fastrtps_cpp.hpp
[2.967s] -- Up-to-date symlink: /home/ubuntu/workspace/robotics_v1/install/ur_dashboard_msgs/include/ur_dashboard_msgs/srv/detail/is_program_saved__rosidl_typesupport_fastrtps_cpp.hpp
[2.968s] -- Up-to-date symlink: /home/ubuntu/workspace/robotics_v1/install/ur_dashboard_msgs/include/ur_dashboard_msgs/srv/detail/load__rosidl_typesupport_fastrtps_cpp.hpp
[2.968s] -- Up-to-date symlink: /home/ubuntu/workspace/robotics_v1/install/ur_dashboard_msgs/include/ur_dashboard_msgs/srv/detail/popup__rosidl_typesupport_fastrtps_cpp.hpp
[2.968s] -- Up-to-date symlink: /home/ubuntu/workspace/robotics_v1/install/ur_dashboard_msgs/include/ur_dashboard_msgs/srv/detail/raw_request__rosidl_typesupport_fastrtps_cpp.hpp
[2.968s] -- Up-to-date symlink: /home/ubuntu/workspace/robotics_v1/install/ur_dashboard_msgs/lib/libur_dashboard_msgs__rosidl_typesupport_fastrtps_cpp.so
[2.968s] -- Up-to-date symlink: /home/ubuntu/workspace/robotics_v1/install/ur_dashboard_msgs/include/ur_dashboard_msgs/action/detail/set_mode__rosidl_typesupport_introspection_c.h
[2.969s] -- Up-to-date symlink: /home/ubuntu/workspace/robotics_v1/install/ur_dashboard_msgs/include/ur_dashboard_msgs/msg/detail/program_state__rosidl_typesupport_introspection_c.h
[2.969s] -- Up-to-date symlink: /home/ubuntu/workspace/robotics_v1/install/ur_dashboard_msgs/include/ur_dashboard_msgs/msg/detail/robot_mode__rosidl_typesupport_introspection_c.h
[2.969s] -- Up-to-date symlink: /home/ubuntu/workspace/robotics_v1/install/ur_dashboard_msgs/include/ur_dashboard_msgs/msg/detail/safety_mode__rosidl_typesupport_introspection_c.h
[2.969s] -- Up-to-date symlink: /home/ubuntu/workspace/robotics_v1/install/ur_dashboard_msgs/include/ur_dashboard_msgs/msg/rosidl_typesupport_introspection_c__visibility_control.h
[2.969s] -- Up-to-date symlink: /home/ubuntu/workspace/robotics_v1/install/ur_dashboard_msgs/include/ur_dashboard_msgs/srv/detail/add_to_log__rosidl_typesupport_introspection_c.h
[2.969s] -- Up-to-date symlink: /home/ubuntu/workspace/robotics_v1/install/ur_dashboard_msgs/include/ur_dashboard_msgs/srv/detail/get_loaded_program__rosidl_typesupport_introspection_c.h
[2.969s] -- Up-to-date symlink: /home/ubuntu/workspace/robotics_v1/install/ur_dashboard_msgs/include/ur_dashboard_msgs/srv/detail/get_program_state__rosidl_typesupport_introspection_c.h
[2.969s] -- Up-to-date symlink: /home/ubuntu/workspace/robotics_v1/install/ur_dashboard_msgs/include/ur_dashboard_msgs/srv/detail/get_robot_mode__rosidl_typesupport_introspection_c.h
[2.970s] -- Up-to-date symlink: /home/ubuntu/workspace/robotics_v1/install/ur_dashboard_msgs/include/ur_dashboard_msgs/srv/detail/get_safety_mode__rosidl_typesupport_introspection_c.h
[2.970s] -- Up-to-date symlink: /home/ubuntu/workspace/robotics_v1/install/ur_dashboard_msgs/include/ur_dashboard_msgs/srv/detail/is_program_running__rosidl_typesupport_introspection_c.h
[2.970s] -- Up-to-date symlink: /home/ubuntu/workspace/robotics_v1/install/ur_dashboard_msgs/include/ur_dashboard_msgs/srv/detail/is_program_saved__rosidl_typesupport_introspection_c.h
[2.970s] -- Up-to-date symlink: /home/ubuntu/workspace/robotics_v1/install/ur_dashboard_msgs/include/ur_dashboard_msgs/srv/detail/load__rosidl_typesupport_introspection_c.h
[2.970s] -- Up-to-date symlink: /home/ubuntu/workspace/robotics_v1/install/ur_dashboard_msgs/include/ur_dashboard_msgs/srv/detail/popup__rosidl_typesupport_introspection_c.h
[2.970s] -- Up-to-date symlink: /home/ubuntu/workspace/robotics_v1/install/ur_dashboard_msgs/include/ur_dashboard_msgs/srv/detail/raw_request__rosidl_typesupport_introspection_c.h
[2.971s] -- Up-to-date symlink: /home/ubuntu/workspace/robotics_v1/install/ur_dashboard_msgs/include/ur_dashboard_msgs/action/detail/set_mode__builder.hpp
[2.976s] -- Up-to-date symlink: /home/ubuntu/workspace/robotics_v1/install/ur_dashboard_msgs/include/ur_dashboard_msgs/action/detail/set_mode__struct.hpp
[2.976s] -- Up-to-date symlink: /home/ubuntu/workspace/robotics_v1/install/ur_dashboard_msgs/include/ur_dashboard_msgs/action/detail/set_mode__traits.hpp
[2.976s] -- Up-to-date symlink: /home/ubuntu/workspace/robotics_v1/install/ur_dashboard_msgs/include/ur_dashboard_msgs/action/set_mode.hpp
[2.976s] -- Up-to-date symlink: /home/ubuntu/workspace/robotics_v1/install/ur_dashboard_msgs/include/ur_dashboard_msgs/msg/detail/program_state__builder.hpp
[2.977s] -- Up-to-date symlink: /home/ubuntu/workspace/robotics_v1/install/ur_dashboard_msgs/include/ur_dashboard_msgs/msg/detail/program_state__struct.hpp
[2.978s] -- Up-to-date symlink: /home/ubuntu/workspace/robotics_v1/install/ur_dashboard_msgs/include/ur_dashboard_msgs/msg/detail/program_state__traits.hpp
[2.978s] -- Up-to-date symlink: /home/ubuntu/workspace/robotics_v1/install/ur_dashboard_msgs/include/ur_dashboard_msgs/msg/detail/robot_mode__builder.hpp
[2.983s] -- Up-to-date symlink: /home/ubuntu/workspace/robotics_v1/install/ur_dashboard_msgs/include/ur_dashboard_msgs/msg/detail/robot_mode__struct.hpp
[2.984s] -- Up-to-date symlink: /home/ubuntu/workspace/robotics_v1/install/ur_dashboard_msgs/include/ur_dashboard_msgs/msg/detail/robot_mode__traits.hpp
[2.984s] -- Up-to-date symlink: /home/ubuntu/workspace/robotics_v1/install/ur_dashboard_msgs/include/ur_dashboard_msgs/msg/detail/safety_mode__builder.hpp
[2.984s] -- Up-to-date symlink: /home/ubuntu/workspace/robotics_v1/install/ur_dashboard_msgs/include/ur_dashboard_msgs/msg/detail/safety_mode__struct.hpp
[2.984s] -- Up-to-date symlink: /home/ubuntu/workspace/robotics_v1/install/ur_dashboard_msgs/include/ur_dashboard_msgs/msg/detail/safety_mode__traits.hpp
[2.985s] -- Up-to-date symlink: /home/ubuntu/workspace/robotics_v1/install/ur_dashboard_msgs/include/ur_dashboard_msgs/msg/program_state.hpp
[2.985s] -- Up-to-date symlink: /home/ubuntu/workspace/robotics_v1/install/ur_dashboard_msgs/include/ur_dashboard_msgs/msg/robot_mode.hpp
[2.985s] -- Up-to-date symlink: /home/ubuntu/workspace/robotics_v1/install/ur_dashboard_msgs/include/ur_dashboard_msgs/msg/safety_mode.hpp
[2.986s] -- Up-to-date symlink: /home/ubuntu/workspace/robotics_v1/install/ur_dashboard_msgs/include/ur_dashboard_msgs/srv/add_to_log.hpp
[2.987s] -- Up-to-date symlink: /home/ubuntu/workspace/robotics_v1/install/ur_dashboard_msgs/include/ur_dashboard_msgs/srv/detail/add_to_log__builder.hpp
[2.988s] -- Up-to-date symlink: /home/ubuntu/workspace/robotics_v1/install/ur_dashboard_msgs/include/ur_dashboard_msgs/srv/detail/add_to_log__struct.hpp
[2.988s] -- Up-to-date symlink: /home/ubuntu/workspace/robotics_v1/install/ur_dashboard_msgs/include/ur_dashboard_msgs/srv/detail/add_to_log__traits.hpp
[2.989s] -- Up-to-date symlink: /home/ubuntu/workspace/robotics_v1/install/ur_dashboard_msgs/include/ur_dashboard_msgs/srv/detail/get_loaded_program__builder.hpp
[2.990s] -- Up-to-date symlink: /home/ubuntu/workspace/robotics_v1/install/ur_dashboard_msgs/include/ur_dashboard_msgs/srv/detail/get_loaded_program__struct.hpp
[2.990s] -- Up-to-date symlink: /home/ubuntu/workspace/robotics_v1/install/ur_dashboard_msgs/include/ur_dashboard_msgs/srv/detail/get_loaded_program__traits.hpp
[2.991s] -- Up-to-date symlink: /home/ubuntu/workspace/robotics_v1/install/ur_dashboard_msgs/include/ur_dashboard_msgs/srv/detail/get_program_state__builder.hpp
[2.991s] -- Up-to-date symlink: /home/ubuntu/workspace/robotics_v1/install/ur_dashboard_msgs/include/ur_dashboard_msgs/srv/detail/get_program_state__struct.hpp
[2.991s] -- Up-to-date symlink: /home/ubuntu/workspace/robotics_v1/install/ur_dashboard_msgs/include/ur_dashboard_msgs/srv/detail/get_program_state__traits.hpp
[3.040s] -- Up-to-date symlink: /home/ubuntu/workspace/robotics_v1/install/ur_dashboard_msgs/include/ur_dashboard_msgs/srv/detail/get_robot_mode__builder.hpp
[3.041s] -- Up-to-date symlink: /home/ubuntu/workspace/robotics_v1/install/ur_dashboard_msgs/include/ur_dashboard_msgs/srv/detail/get_robot_mode__struct.hpp
[3.042s] -- Up-to-date symlink: /home/ubuntu/workspace/robotics_v1/install/ur_dashboard_msgs/include/ur_dashboard_msgs/srv/detail/get_robot_mode__traits.hpp
[3.042s] -- Up-to-date symlink: /home/ubuntu/workspace/robotics_v1/install/ur_dashboard_msgs/include/ur_dashboard_msgs/srv/detail/get_safety_mode__builder.hpp
[3.042s] -- Up-to-date symlink: /home/ubuntu/workspace/robotics_v1/install/ur_dashboard_msgs/include/ur_dashboard_msgs/srv/detail/get_safety_mode__struct.hpp
[3.042s] -- Up-to-date symlink: /home/ubuntu/workspace/robotics_v1/install/ur_dashboard_msgs/include/ur_dashboard_msgs/srv/detail/get_safety_mode__traits.hpp
[3.042s] -- Up-to-date symlink: /home/ubuntu/workspace/robotics_v1/install/ur_dashboard_msgs/include/ur_dashboard_msgs/srv/detail/is_program_running__builder.hpp
[3.042s] -- Up-to-date symlink: /home/ubuntu/workspace/robotics_v1/install/ur_dashboard_msgs/include/ur_dashboard_msgs/srv/detail/is_program_running__struct.hpp
[3.043s] -- Up-to-date symlink: /home/ubuntu/workspace/robotics_v1/install/ur_dashboard_msgs/include/ur_dashboard_msgs/srv/detail/is_program_running__traits.hpp
[3.043s] -- Up-to-date symlink: /home/ubuntu/workspace/robotics_v1/install/ur_dashboard_msgs/include/ur_dashboard_msgs/srv/detail/is_program_saved__builder.hpp
[3.045s] -- Up-to-date symlink: /home/ubuntu/workspace/robotics_v1/install/ur_dashboard_msgs/include/ur_dashboard_msgs/srv/detail/is_program_saved__struct.hpp
[3.045s] -- Up-to-date symlink: /home/ubuntu/workspace/robotics_v1/install/ur_dashboard_msgs/include/ur_dashboard_msgs/srv/detail/is_program_saved__traits.hpp
[3.045s] -- Up-to-date symlink: /home/ubuntu/workspace/robotics_v1/install/ur_dashboard_msgs/include/ur_dashboard_msgs/srv/detail/load__builder.hpp
[3.045s] -- Up-to-date symlink: /home/ubuntu/workspace/robotics_v1/install/ur_dashboard_msgs/include/ur_dashboard_msgs/srv/detail/load__struct.hpp
[3.045s] -- Up-to-date symlink: /home/ubuntu/workspace/robotics_v1/install/ur_dashboard_msgs/include/ur_dashboard_msgs/srv/detail/load__traits.hpp
[3.045s] -- Up-to-date symlink: /home/ubuntu/workspace/robotics_v1/install/ur_dashboard_msgs/include/ur_dashboard_msgs/srv/detail/popup__builder.hpp
[3.046s] -- Up-to-date symlink: /home/ubuntu/workspace/robotics_v1/install/ur_dashboard_msgs/include/ur_dashboard_msgs/srv/detail/popup__struct.hpp
[3.046s] -- Up-to-date symlink: /home/ubuntu/workspace/robotics_v1/install/ur_dashboard_msgs/include/ur_dashboard_msgs/srv/detail/popup__traits.hpp
[3.046s] -- Up-to-date symlink: /home/ubuntu/workspace/robotics_v1/install/ur_dashboard_msgs/include/ur_dashboard_msgs/srv/detail/raw_request__builder.hpp
[3.046s] -- Up-to-date symlink: /home/ubuntu/workspace/robotics_v1/install/ur_dashboard_msgs/include/ur_dashboard_msgs/srv/detail/raw_request__struct.hpp
[3.046s] -- Up-to-date symlink: /home/ubuntu/workspace/robotics_v1/install/ur_dashboard_msgs/include/ur_dashboard_msgs/srv/detail/raw_request__traits.hpp
[3.046s] -- Up-to-date symlink: /home/ubuntu/workspace/robotics_v1/install/ur_dashboard_msgs/include/ur_dashboard_msgs/srv/get_loaded_program.hpp
[3.047s] -- Up-to-date symlink: /home/ubuntu/workspace/robotics_v1/install/ur_dashboard_msgs/include/ur_dashboard_msgs/srv/get_program_state.hpp
[3.047s] -- Up-to-date symlink: /home/ubuntu/workspace/robotics_v1/install/ur_dashboard_msgs/include/ur_dashboard_msgs/srv/get_robot_mode.hpp
[3.047s] -- Up-to-date symlink: /home/ubuntu/workspace/robotics_v1/install/ur_dashboard_msgs/include/ur_dashboard_msgs/srv/get_safety_mode.hpp
[3.047s] -- Up-to-date symlink: /home/ubuntu/workspace/robotics_v1/install/ur_dashboard_msgs/include/ur_dashboard_msgs/srv/is_program_running.hpp
[3.048s] -- Up-to-date symlink: /home/ubuntu/workspace/robotics_v1/install/ur_dashboard_msgs/include/ur_dashboard_msgs/srv/is_program_saved.hpp
[3.048s] -- Up-to-date symlink: /home/ubuntu/workspace/robotics_v1/install/ur_dashboard_msgs/include/ur_dashboard_msgs/srv/load.hpp
[3.048s] -- Up-to-date symlink: /home/ubuntu/workspace/robotics_v1/install/ur_dashboard_msgs/include/ur_dashboard_msgs/srv/popup.hpp
[3.050s] -- Up-to-date symlink: /home/ubuntu/workspace/robotics_v1/install/ur_dashboard_msgs/include/ur_dashboard_msgs/srv/raw_request.hpp
[3.050s] -- Up-to-date symlink: /home/ubuntu/workspace/robotics_v1/install/ur_dashboard_msgs/include/ur_dashboard_msgs/action/detail/set_mode__rosidl_typesupport_introspection_cpp.hpp
[3.050s] -- Up-to-date symlink: /home/ubuntu/workspace/robotics_v1/install/ur_dashboard_msgs/include/ur_dashboard_msgs/msg/detail/program_state__rosidl_typesupport_introspection_cpp.hpp
[3.051s] -- Up-to-date symlink: /home/ubuntu/workspace/robotics_v1/install/ur_dashboard_msgs/include/ur_dashboard_msgs/msg/detail/robot_mode__rosidl_typesupport_introspection_cpp.hpp
[3.051s] -- Up-to-date symlink: /home/ubuntu/workspace/robotics_v1/install/ur_dashboard_msgs/include/ur_dashboard_msgs/msg/detail/safety_mode__rosidl_typesupport_introspection_cpp.hpp
[3.051s] -- Up-to-date symlink: /home/ubuntu/workspace/robotics_v1/install/ur_dashboard_msgs/include/ur_dashboard_msgs/srv/detail/add_to_log__rosidl_typesupport_introspection_cpp.hpp
[3.051s] -- Up-to-date symlink: /home/ubuntu/workspace/robotics_v1/install/ur_dashboard_msgs/include/ur_dashboard_msgs/srv/detail/get_loaded_program__rosidl_typesupport_introspection_cpp.hpp
[3.052s] -- Up-to-date symlink: /home/ubuntu/workspace/robotics_v1/install/ur_dashboard_msgs/include/ur_dashboard_msgs/srv/detail/get_program_state__rosidl_typesupport_introspection_cpp.hpp
[3.052s] -- Up-to-date symlink: /home/ubuntu/workspace/robotics_v1/install/ur_dashboard_msgs/include/ur_dashboard_msgs/srv/detail/get_robot_mode__rosidl_typesupport_introspection_cpp.hpp
[3.052s] -- Up-to-date symlink: /home/ubuntu/workspace/robotics_v1/install/ur_dashboard_msgs/include/ur_dashboard_msgs/srv/detail/get_safety_mode__rosidl_typesupport_introspection_cpp.hpp
[3.052s] -- Up-to-date symlink: /home/ubuntu/workspace/robotics_v1/install/ur_dashboard_msgs/include/ur_dashboard_msgs/srv/detail/is_program_running__rosidl_typesupport_introspection_cpp.hpp
[3.053s] -- Up-to-date symlink: /home/ubuntu/workspace/robotics_v1/install/ur_dashboard_msgs/include/ur_dashboard_msgs/srv/detail/is_program_saved__rosidl_typesupport_introspection_cpp.hpp
[3.053s] -- Up-to-date symlink: /home/ubuntu/workspace/robotics_v1/install/ur_dashboard_msgs/include/ur_dashboard_msgs/srv/detail/load__rosidl_typesupport_introspection_cpp.hpp
[3.053s] -- Up-to-date symlink: /home/ubuntu/workspace/robotics_v1/install/ur_dashboard_msgs/include/ur_dashboard_msgs/srv/detail/popup__rosidl_typesupport_introspection_cpp.hpp
[3.056s] -- Up-to-date symlink: /home/ubuntu/workspace/robotics_v1/install/ur_dashboard_msgs/include/ur_dashboard_msgs/srv/detail/raw_request__rosidl_typesupport_introspection_cpp.hpp
[3.060s] -- Up-to-date symlink: /home/ubuntu/workspace/robotics_v1/install/ur_dashboard_msgs/share/ur_dashboard_msgs/environment/pythonpath.sh
[3.061s] -- Up-to-date symlink: /home/ubuntu/workspace/robotics_v1/install/ur_dashboard_msgs/share/ur_dashboard_msgs/environment/pythonpath.dsv
[3.061s] -- Up-to-date symlink: /home/ubuntu/workspace/robotics_v1/install/ur_dashboard_msgs/lib/python3.8/site-packages/ur_dashboard_msgs/__init__.py
[3.067s] -- Up-to-date symlink: /home/ubuntu/workspace/robotics_v1/install/ur_dashboard_msgs/lib/python3.8/site-packages/ur_dashboard_msgs/msg/__init__.py
[3.068s] -- Up-to-date symlink: /home/ubuntu/workspace/robotics_v1/install/ur_dashboard_msgs/lib/python3.8/site-packages/ur_dashboard_msgs/msg/_program_state.py
[3.068s] -- Up-to-date symlink: /home/ubuntu/workspace/robotics_v1/install/ur_dashboard_msgs/lib/python3.8/site-packages/ur_dashboard_msgs/msg/_robot_mode.py
[3.068s] -- Up-to-date symlink: /home/ubuntu/workspace/robotics_v1/install/ur_dashboard_msgs/lib/python3.8/site-packages/ur_dashboard_msgs/msg/_safety_mode.py
[3.070s] -- Up-to-date symlink: /home/ubuntu/workspace/robotics_v1/install/ur_dashboard_msgs/lib/python3.8/site-packages/ur_dashboard_msgs/srv/__init__.py
[3.071s] -- Up-to-date symlink: /home/ubuntu/workspace/robotics_v1/install/ur_dashboard_msgs/lib/python3.8/site-packages/ur_dashboard_msgs/srv/_add_to_log.py
[3.072s] -- Up-to-date symlink: /home/ubuntu/workspace/robotics_v1/install/ur_dashboard_msgs/lib/python3.8/site-packages/ur_dashboard_msgs/srv/_get_loaded_program.py
[3.072s] -- Up-to-date symlink: /home/ubuntu/workspace/robotics_v1/install/ur_dashboard_msgs/lib/python3.8/site-packages/ur_dashboard_msgs/srv/_get_program_state.py
[3.073s] -- Up-to-date symlink: /home/ubuntu/workspace/robotics_v1/install/ur_dashboard_msgs/lib/python3.8/site-packages/ur_dashboard_msgs/srv/_get_robot_mode.py
[3.074s] -- Up-to-date symlink: /home/ubuntu/workspace/robotics_v1/install/ur_dashboard_msgs/lib/python3.8/site-packages/ur_dashboard_msgs/srv/_get_safety_mode.py
[3.075s] -- Up-to-date symlink: /home/ubuntu/workspace/robotics_v1/install/ur_dashboard_msgs/lib/python3.8/site-packages/ur_dashboard_msgs/srv/_is_program_running.py
[3.076s] -- Up-to-date symlink: /home/ubuntu/workspace/robotics_v1/install/ur_dashboard_msgs/lib/python3.8/site-packages/ur_dashboard_msgs/srv/_is_program_saved.py
[3.076s] -- Up-to-date symlink: /home/ubuntu/workspace/robotics_v1/install/ur_dashboard_msgs/lib/python3.8/site-packages/ur_dashboard_msgs/srv/_load.py
[3.078s] -- Up-to-date symlink: /home/ubuntu/workspace/robotics_v1/install/ur_dashboard_msgs/lib/python3.8/site-packages/ur_dashboard_msgs/srv/_popup.py
[3.079s] -- Up-to-date symlink: /home/ubuntu/workspace/robotics_v1/install/ur_dashboard_msgs/lib/python3.8/site-packages/ur_dashboard_msgs/srv/_raw_request.py
[3.081s] -- Up-to-date symlink: /home/ubuntu/workspace/robotics_v1/install/ur_dashboard_msgs/lib/python3.8/site-packages/ur_dashboard_msgs/action/__init__.py
[3.082s] -- Up-to-date symlink: /home/ubuntu/workspace/robotics_v1/install/ur_dashboard_msgs/lib/python3.8/site-packages/ur_dashboard_msgs/action/_set_mode.py
[3.084s] -- Up-to-date symlink: /home/ubuntu/workspace/robotics_v1/install/ur_dashboard_msgs/lib/python3.8/site-packages/ur_dashboard_msgs/ur_dashboard_msgs_s__rosidl_typesupport_fastrtps_c.cpython-38-x86_64-linux-gnu.so
[3.087s] -- Up-to-date symlink: /home/ubuntu/workspace/robotics_v1/install/ur_dashboard_msgs/lib/python3.8/site-packages/ur_dashboard_msgs/ur_dashboard_msgs_s__rosidl_typesupport_introspection_c.cpython-38-x86_64-linux-gnu.so
[3.089s] -- Up-to-date symlink: /home/ubuntu/workspace/robotics_v1/install/ur_dashboard_msgs/lib/python3.8/site-packages/ur_dashboard_msgs/ur_dashboard_msgs_s__rosidl_typesupport_c.cpython-38-x86_64-linux-gnu.so
[3.091s] -- Up-to-date symlink: /home/ubuntu/workspace/robotics_v1/install/ur_dashboard_msgs/lib/libur_dashboard_msgs__python.so
[3.092s] -- Up-to-date symlink: /home/ubuntu/workspace/robotics_v1/install/ur_dashboard_msgs/share/ur_dashboard_msgs/msg/ProgramState.idl
[3.094s] -- Up-to-date symlink: /home/ubuntu/workspace/robotics_v1/install/ur_dashboard_msgs/share/ur_dashboard_msgs/msg/RobotMode.idl
[3.095s] -- Up-to-date symlink: /home/ubuntu/workspace/robotics_v1/install/ur_dashboard_msgs/share/ur_dashboard_msgs/msg/SafetyMode.idl
[3.096s] -- Up-to-date symlink: /home/ubuntu/workspace/robotics_v1/install/ur_dashboard_msgs/share/ur_dashboard_msgs/srv/AddToLog.idl
[3.098s] -- Up-to-date symlink: /home/ubuntu/workspace/robotics_v1/install/ur_dashboard_msgs/share/ur_dashboard_msgs/srv/GetLoadedProgram.idl
[3.099s] -- Up-to-date symlink: /home/ubuntu/workspace/robotics_v1/install/ur_dashboard_msgs/share/ur_dashboard_msgs/srv/GetProgramState.idl
[3.100s] -- Up-to-date symlink: /home/ubuntu/workspace/robotics_v1/install/ur_dashboard_msgs/share/ur_dashboard_msgs/srv/GetRobotMode.idl
[3.101s] -- Up-to-date symlink: /home/ubuntu/workspace/robotics_v1/install/ur_dashboard_msgs/share/ur_dashboard_msgs/srv/GetSafetyMode.idl
[3.103s] -- Up-to-date symlink: /home/ubuntu/workspace/robotics_v1/install/ur_dashboard_msgs/share/ur_dashboard_msgs/srv/IsProgramRunning.idl
[3.104s] -- Up-to-date symlink: /home/ubuntu/workspace/robotics_v1/install/ur_dashboard_msgs/share/ur_dashboard_msgs/srv/IsProgramSaved.idl
[3.105s] -- Up-to-date symlink: /home/ubuntu/workspace/robotics_v1/install/ur_dashboard_msgs/share/ur_dashboard_msgs/srv/Load.idl
[3.106s] -- Up-to-date symlink: /home/ubuntu/workspace/robotics_v1/install/ur_dashboard_msgs/share/ur_dashboard_msgs/srv/Popup.idl
[3.107s] -- Up-to-date symlink: /home/ubuntu/workspace/robotics_v1/install/ur_dashboard_msgs/share/ur_dashboard_msgs/srv/RawRequest.idl
[3.108s] -- Up-to-date symlink: /home/ubuntu/workspace/robotics_v1/install/ur_dashboard_msgs/share/ur_dashboard_msgs/action/SetMode.idl
[3.110s] -- Up-to-date symlink: /home/ubuntu/workspace/robotics_v1/install/ur_dashboard_msgs/share/ur_dashboard_msgs/msg/ProgramState.msg
[3.111s] -- Up-to-date symlink: /home/ubuntu/workspace/robotics_v1/install/ur_dashboard_msgs/share/ur_dashboard_msgs/msg/RobotMode.msg
[3.112s] -- Up-to-date symlink: /home/ubuntu/workspace/robotics_v1/install/ur_dashboard_msgs/share/ur_dashboard_msgs/msg/SafetyMode.msg
[3.113s] -- Up-to-date symlink: /home/ubuntu/workspace/robotics_v1/install/ur_dashboard_msgs/share/ur_dashboard_msgs/srv/AddToLog.srv
[3.114s] -- Up-to-date symlink: /home/ubuntu/workspace/robotics_v1/install/ur_dashboard_msgs/share/ur_dashboard_msgs/srv/AddToLog_Request.msg
[3.116s] -- Up-to-date symlink: /home/ubuntu/workspace/robotics_v1/install/ur_dashboard_msgs/share/ur_dashboard_msgs/srv/AddToLog_Response.msg
[3.117s] -- Up-to-date symlink: /home/ubuntu/workspace/robotics_v1/install/ur_dashboard_msgs/share/ur_dashboard_msgs/srv/GetLoadedProgram.srv
[3.120s] -- Up-to-date symlink: /home/ubuntu/workspace/robotics_v1/install/ur_dashboard_msgs/share/ur_dashboard_msgs/srv/GetLoadedProgram_Request.msg
[3.120s] -- Up-to-date symlink: /home/ubuntu/workspace/robotics_v1/install/ur_dashboard_msgs/share/ur_dashboard_msgs/srv/GetLoadedProgram_Response.msg
[3.120s] -- Up-to-date symlink: /home/ubuntu/workspace/robotics_v1/install/ur_dashboard_msgs/share/ur_dashboard_msgs/srv/GetProgramState.srv
[3.122s] -- Up-to-date symlink: /home/ubuntu/workspace/robotics_v1/install/ur_dashboard_msgs/share/ur_dashboard_msgs/srv/GetProgramState_Request.msg
[3.123s] -- Up-to-date symlink: /home/ubuntu/workspace/robotics_v1/install/ur_dashboard_msgs/share/ur_dashboard_msgs/srv/GetProgramState_Response.msg
[3.124s] -- Up-to-date symlink: /home/ubuntu/workspace/robotics_v1/install/ur_dashboard_msgs/share/ur_dashboard_msgs/srv/GetRobotMode.srv
[3.125s] -- Up-to-date symlink: /home/ubuntu/workspace/robotics_v1/install/ur_dashboard_msgs/share/ur_dashboard_msgs/srv/GetRobotMode_Request.msg
[3.126s] -- Up-to-date symlink: /home/ubuntu/workspace/robotics_v1/install/ur_dashboard_msgs/share/ur_dashboard_msgs/srv/GetRobotMode_Response.msg
[3.127s] -- Up-to-date symlink: /home/ubuntu/workspace/robotics_v1/install/ur_dashboard_msgs/share/ur_dashboard_msgs/srv/GetSafetyMode.srv
[3.129s] -- Up-to-date symlink: /home/ubuntu/workspace/robotics_v1/install/ur_dashboard_msgs/share/ur_dashboard_msgs/srv/GetSafetyMode_Request.msg
[3.130s] -- Up-to-date symlink: /home/ubuntu/workspace/robotics_v1/install/ur_dashboard_msgs/share/ur_dashboard_msgs/srv/GetSafetyMode_Response.msg
[3.131s] -- Up-to-date symlink: /home/ubuntu/workspace/robotics_v1/install/ur_dashboard_msgs/share/ur_dashboard_msgs/srv/IsProgramRunning.srv
[3.132s] -- Up-to-date symlink: /home/ubuntu/workspace/robotics_v1/install/ur_dashboard_msgs/share/ur_dashboard_msgs/srv/IsProgramRunning_Request.msg
[3.134s] -- Up-to-date symlink: /home/ubuntu/workspace/robotics_v1/install/ur_dashboard_msgs/share/ur_dashboard_msgs/srv/IsProgramRunning_Response.msg
[3.137s] -- Up-to-date symlink: /home/ubuntu/workspace/robotics_v1/install/ur_dashboard_msgs/share/ur_dashboard_msgs/srv/IsProgramSaved.srv
[3.139s] -- Up-to-date symlink: /home/ubuntu/workspace/robotics_v1/install/ur_dashboard_msgs/share/ur_dashboard_msgs/srv/IsProgramSaved_Request.msg
[3.142s] -- Up-to-date symlink: /home/ubuntu/workspace/robotics_v1/install/ur_dashboard_msgs/share/ur_dashboard_msgs/srv/IsProgramSaved_Response.msg
[3.143s] -- Up-to-date symlink: /home/ubuntu/workspace/robotics_v1/install/ur_dashboard_msgs/share/ur_dashboard_msgs/srv/Load.srv
[3.143s] -- Up-to-date symlink: /home/ubuntu/workspace/robotics_v1/install/ur_dashboard_msgs/share/ur_dashboard_msgs/srv/Load_Request.msg
[3.144s] -- Up-to-date symlink: /home/ubuntu/workspace/robotics_v1/install/ur_dashboard_msgs/share/ur_dashboard_msgs/srv/Load_Response.msg
[3.145s] -- Up-to-date symlink: /home/ubuntu/workspace/robotics_v1/install/ur_dashboard_msgs/share/ur_dashboard_msgs/srv/Popup.srv
[3.146s] -- Up-to-date symlink: /home/ubuntu/workspace/robotics_v1/install/ur_dashboard_msgs/share/ur_dashboard_msgs/srv/Popup_Request.msg
[3.146s] -- Up-to-date symlink: /home/ubuntu/workspace/robotics_v1/install/ur_dashboard_msgs/share/ur_dashboard_msgs/srv/Popup_Response.msg
[3.147s] -- Up-to-date symlink: /home/ubuntu/workspace/robotics_v1/install/ur_dashboard_msgs/share/ur_dashboard_msgs/srv/RawRequest.srv
[3.148s] -- Up-to-date symlink: /home/ubuntu/workspace/robotics_v1/install/ur_dashboard_msgs/share/ur_dashboard_msgs/srv/RawRequest_Request.msg
[3.149s] -- Up-to-date symlink: /home/ubuntu/workspace/robotics_v1/install/ur_dashboard_msgs/share/ur_dashboard_msgs/srv/RawRequest_Response.msg
[3.149s] -- Up-to-date symlink: /home/ubuntu/workspace/robotics_v1/install/ur_dashboard_msgs/share/ur_dashboard_msgs/action/SetMode.action
[3.151s] -- Up-to-date symlink: /home/ubuntu/workspace/robotics_v1/install/ur_dashboard_msgs/share/ament_index/resource_index/package_run_dependencies/ur_dashboard_msgs
[3.152s] -- Up-to-date symlink: /home/ubuntu/workspace/robotics_v1/install/ur_dashboard_msgs/share/ament_index/resource_index/parent_prefix_path/ur_dashboard_msgs
[3.153s] -- Up-to-date symlink: /home/ubuntu/workspace/robotics_v1/install/ur_dashboard_msgs/share/ur_dashboard_msgs/environment/ament_prefix_path.sh
[3.154s] -- Up-to-date symlink: /home/ubuntu/workspace/robotics_v1/install/ur_dashboard_msgs/share/ur_dashboard_msgs/environment/ament_prefix_path.dsv
[3.155s] -- Up-to-date symlink: /home/ubuntu/workspace/robotics_v1/install/ur_dashboard_msgs/share/ur_dashboard_msgs/environment/path.sh
[3.156s] -- Up-to-date symlink: /home/ubuntu/workspace/robotics_v1/install/ur_dashboard_msgs/share/ur_dashboard_msgs/environment/path.dsv
[3.156s] -- Up-to-date symlink: /home/ubuntu/workspace/robotics_v1/install/ur_dashboard_msgs/share/ur_dashboard_msgs/local_setup.bash
[3.157s] -- Up-to-date symlink: /home/ubuntu/workspace/robotics_v1/install/ur_dashboard_msgs/share/ur_dashboard_msgs/local_setup.sh
[3.158s] -- Up-to-date symlink: /home/ubuntu/workspace/robotics_v1/install/ur_dashboard_msgs/share/ur_dashboard_msgs/local_setup.zsh
[3.158s] -- Up-to-date symlink: /home/ubuntu/workspace/robotics_v1/install/ur_dashboard_msgs/share/ur_dashboard_msgs/local_setup.dsv
[3.159s] -- Symlinking: /home/ubuntu/workspace/robotics_v1/install/ur_dashboard_msgs/share/ur_dashboard_msgs/package.dsv
[3.179s] -- Up-to-date symlink: /home/ubuntu/workspace/robotics_v1/install/ur_dashboard_msgs/share/ament_index/resource_index/packages/ur_dashboard_msgs
[3.180s] -- Up-to-date symlink: /home/ubuntu/workspace/robotics_v1/install/ur_dashboard_msgs/share/ur_dashboard_msgs/cmake/rosidl_cmake-extras.cmake
[3.180s] -- Up-to-date symlink: /home/ubuntu/workspace/robotics_v1/install/ur_dashboard_msgs/share/ur_dashboard_msgs/cmake/ament_cmake_export_dependencies-extras.cmake
[3.181s] -- Up-to-date symlink: /home/ubuntu/workspace/robotics_v1/install/ur_dashboard_msgs/share/ur_dashboard_msgs/cmake/ament_cmake_export_libraries-extras.cmake
[3.181s] -- Up-to-date symlink: /home/ubuntu/workspace/robotics_v1/install/ur_dashboard_msgs/share/ur_dashboard_msgs/cmake/ament_cmake_export_targets-extras.cmake
[3.182s] -- Up-to-date symlink: /home/ubuntu/workspace/robotics_v1/install/ur_dashboard_msgs/share/ur_dashboard_msgs/cmake/ament_cmake_export_include_directories-extras.cmake
[3.182s] -- Up-to-date symlink: /home/ubuntu/workspace/robotics_v1/install/ur_dashboard_msgs/share/ur_dashboard_msgs/cmake/rosidl_cmake_export_typesupport_libraries-extras.cmake
[3.183s] -- Up-to-date symlink: /home/ubuntu/workspace/robotics_v1/install/ur_dashboard_msgs/share/ur_dashboard_msgs/cmake/rosidl_cmake_export_typesupport_targets-extras.cmake
[3.183s] -- Up-to-date symlink: /home/ubuntu/workspace/robotics_v1/install/ur_dashboard_msgs/share/ur_dashboard_msgs/cmake/ur_dashboard_msgsConfig.cmake
[3.183s] -- Up-to-date symlink: /home/ubuntu/workspace/robotics_v1/install/ur_dashboard_msgs/share/ur_dashboard_msgs/cmake/ur_dashboard_msgsConfig-version.cmake
[3.184s] -- Up-to-date symlink: /home/ubuntu/workspace/robotics_v1/install/ur_dashboard_msgs/share/ur_dashboard_msgs/package.xml
[3.184s] -- Up-to-date: /home/ubuntu/workspace/robotics_v1/install/ur_dashboard_msgs/lib/libur_dashboard_msgs__rosidl_generator_c.so
[3.185s] -- Up-to-date: /home/ubuntu/workspace/robotics_v1/install/ur_dashboard_msgs/lib/libur_dashboard_msgs__rosidl_typesupport_introspection_c.so
[3.186s] -- Up-to-date: /home/ubuntu/workspace/robotics_v1/install/ur_dashboard_msgs/lib/libur_dashboard_msgs__rosidl_typesupport_c.so
[3.187s] -- Up-to-date: /home/ubuntu/workspace/robotics_v1/install/ur_dashboard_msgs/lib/libur_dashboard_msgs__rosidl_typesupport_introspection_cpp.so
[3.188s] -- Up-to-date: /home/ubuntu/workspace/robotics_v1/install/ur_dashboard_msgs/lib/libur_dashboard_msgs__rosidl_typesupport_cpp.so
[3.320s] -- Up-to-date: /home/ubuntu/workspace/robotics_v1/install/ur_dashboard_msgs/share/ur_dashboard_msgs/cmake/ur_dashboard_msgs__rosidl_generator_cExport.cmake
[3.321s] -- Up-to-date: /home/ubuntu/workspace/robotics_v1/install/ur_dashboard_msgs/share/ur_dashboard_msgs/cmake/ur_dashboard_msgs__rosidl_generator_cExport-debug.cmake
[3.321s] -- Up-to-date: /home/ubuntu/workspace/robotics_v1/install/ur_dashboard_msgs/share/ur_dashboard_msgs/cmake/ur_dashboard_msgs__rosidl_typesupport_introspection_cExport.cmake
[3.321s] -- Up-to-date: /home/ubuntu/workspace/robotics_v1/install/ur_dashboard_msgs/share/ur_dashboard_msgs/cmake/ur_dashboard_msgs__rosidl_typesupport_introspection_cExport-debug.cmake
[3.322s] -- Up-to-date: /home/ubuntu/workspace/robotics_v1/install/ur_dashboard_msgs/share/ur_dashboard_msgs/cmake/ur_dashboard_msgs__rosidl_typesupport_cExport.cmake
[3.322s] -- Up-to-date: /home/ubuntu/workspace/robotics_v1/install/ur_dashboard_msgs/share/ur_dashboard_msgs/cmake/ur_dashboard_msgs__rosidl_typesupport_cExport-debug.cmake
[3.322s] -- Up-to-date: /home/ubuntu/workspace/robotics_v1/install/ur_dashboard_msgs/share/ur_dashboard_msgs/cmake/ur_dashboard_msgs__rosidl_generator_cppExport.cmake
[3.323s] -- Up-to-date: /home/ubuntu/workspace/robotics_v1/install/ur_dashboard_msgs/share/ur_dashboard_msgs/cmake/ur_dashboard_msgs__rosidl_typesupport_introspection_cppExport.cmake
[3.323s] -- Up-to-date: /home/ubuntu/workspace/robotics_v1/install/ur_dashboard_msgs/share/ur_dashboard_msgs/cmake/ur_dashboard_msgs__rosidl_typesupport_introspection_cppExport-debug.cmake
[3.323s] -- Up-to-date: /home/ubuntu/workspace/robotics_v1/install/ur_dashboard_msgs/share/ur_dashboard_msgs/cmake/ur_dashboard_msgs__rosidl_typesupport_cppExport.cmake
[3.323s] -- Up-to-date: /home/ubuntu/workspace/robotics_v1/install/ur_dashboard_msgs/share/ur_dashboard_msgs/cmake/ur_dashboard_msgs__rosidl_typesupport_cppExport-debug.cmake
[3.332s] Invoked command in '/home/ubuntu/workspace/robotics_v1/build/ur_dashboard_msgs' returned '0': CMAKE_PREFIX_PATH=/opt/ros/foxy /usr/bin/cmake --install /home/ubuntu/workspace/robotics_v1/build/ur_dashboard_msgs
