[0.270s] Invoking command in '/home/ubuntu/workspace/robotics_v1/build/game_engine': CMAKE_PREFIX_PATH=/home/ubuntu/workspace/robotics_v1/install/manager_utils:/home/ubuntu/workspace/robotics_v1/install/sdl_utils:/home/ubuntu/workspace/robotics_v1/install/resource_utils:/home/ubuntu/workspace/robotics_v1/install/utils:/home/ubuntu/workspace/robotics_v1/install/cmake_helpers:/opt/ros/foxy PKG_CONFIG_PATH=/home/ubuntu/workspace/robotics_v1/install/manager_utils/lib/x86_64-linux-gnu/pkgconfig:/home/ubuntu/workspace/robotics_v1/install/manager_utils/lib/pkgconfig:/home/ubuntu/workspace/robotics_v1/install/sdl_utils/lib/x86_64-linux-gnu/pkgconfig:/home/ubuntu/workspace/robotics_v1/install/sdl_utils/lib/pkgconfig:/home/ubuntu/workspace/robotics_v1/install/resource_utils/lib/x86_64-linux-gnu/pkgconfig:/home/ubuntu/workspace/robotics_v1/install/resource_utils/lib/pkgconfig:/home/ubuntu/workspace/robotics_v1/install/utils/lib/x86_64-linux-gnu/pkgconfig:/home/ubuntu/workspace/robotics_v1/install/utils/lib/pkgconfig:/home/ubuntu/workspace/robotics_v1/install/cmake_helpers/lib/x86_64-linux-gnu/pkgconfig:/home/ubuntu/workspace/robotics_v1/install/cmake_helpers/lib/pkgconfig /usr/bin/cmake --build /home/ubuntu/workspace/robotics_v1/build/game_engine -- -j4 -l4
[0.473s] [100%] Built target game_engine
[0.531s] Invoked command in '/home/ubuntu/workspace/robotics_v1/build/game_engine' returned '0': CMAKE_PREFIX_PATH=/home/ubuntu/workspace/robotics_v1/install/manager_utils:/home/ubuntu/workspace/robotics_v1/install/sdl_utils:/home/ubuntu/workspace/robotics_v1/install/resource_utils:/home/ubuntu/workspace/robotics_v1/install/utils:/home/ubuntu/workspace/robotics_v1/install/cmake_helpers:/opt/ros/foxy PKG_CONFIG_PATH=/home/ubuntu/workspace/robotics_v1/install/manager_utils/lib/x86_64-linux-gnu/pkgconfig:/home/ubuntu/workspace/robotics_v1/install/manager_utils/lib/pkgconfig:/home/ubuntu/workspace/robotics_v1/install/sdl_utils/lib/x86_64-linux-gnu/pkgconfig:/home/ubuntu/workspace/robotics_v1/install/sdl_utils/lib/pkgconfig:/home/ubuntu/workspace/robotics_v1/install/resource_utils/lib/x86_64-linux-gnu/pkgconfig:/home/ubuntu/workspace/robotics_v1/install/resource_utils/lib/pkgconfig:/home/ubuntu/workspace/robotics_v1/install/utils/lib/x86_64-linux-gnu/pkgconfig:/home/ubuntu/workspace/robotics_v1/install/utils/lib/pkgconfig:/home/ubuntu/workspace/robotics_v1/install/cmake_helpers/lib/x86_64-linux-gnu/pkgconfig:/home/ubuntu/workspace/robotics_v1/install/cmake_helpers/lib/pkgconfig /usr/bin/cmake --build /home/ubuntu/workspace/robotics_v1/build/game_engine -- -j4 -l4
[0.828s] Invoking command in '/home/ubuntu/workspace/robotics_v1/build/game_engine': CMAKE_PREFIX_PATH=/home/ubuntu/workspace/robotics_v1/install/manager_utils:/home/ubuntu/workspace/robotics_v1/install/sdl_utils:/home/ubuntu/workspace/robotics_v1/install/resource_utils:/home/ubuntu/workspace/robotics_v1/install/utils:/home/ubuntu/workspace/robotics_v1/install/cmake_helpers:/opt/ros/foxy PKG_CONFIG_PATH=/home/ubuntu/workspace/robotics_v1/install/manager_utils/lib/x86_64-linux-gnu/pkgconfig:/home/ubuntu/workspace/robotics_v1/install/manager_utils/lib/pkgconfig:/home/ubuntu/workspace/robotics_v1/install/sdl_utils/lib/x86_64-linux-gnu/pkgconfig:/home/ubuntu/workspace/robotics_v1/install/sdl_utils/lib/pkgconfig:/home/ubuntu/workspace/robotics_v1/install/resource_utils/lib/x86_64-linux-gnu/pkgconfig:/home/ubuntu/workspace/robotics_v1/install/resource_utils/lib/pkgconfig:/home/ubuntu/workspace/robotics_v1/install/utils/lib/x86_64-linux-gnu/pkgconfig:/home/ubuntu/workspace/robotics_v1/install/utils/lib/pkgconfig:/home/ubuntu/workspace/robotics_v1/install/cmake_helpers/lib/x86_64-linux-gnu/pkgconfig:/home/ubuntu/workspace/robotics_v1/install/cmake_helpers/lib/pkgconfig /usr/bin/cmake --install /home/ubuntu/workspace/robotics_v1/build/game_engine
[0.923s] -- Install configuration: "Debug"
[0.930s] -- Up-to-date: /home/ubuntu/workspace/robotics_v1/install/game_engine/share/game_engine/package.xml
[0.930s] -- Up-to-date: /home/ubuntu/workspace/robotics_v1/install/game_engine/lib/game_engine/libgame_engine.a
[0.930s] -- Installing: /home/ubuntu/workspace/robotics_v1/install/game_engine/share/ament_index/resource_index/packages/game_engine
[0.931s] -- Up-to-date: /home/ubuntu/workspace/robotics_v1/install/game_engine/share/game_engine/hook/ament_prefix_path.dsv
[0.931s] -- Up-to-date: /home/ubuntu/workspace/robotics_v1/install/game_engine/share/game_engine/hook/ros_package_path.dsv
[0.936s] -- Up-to-date: /home/ubuntu/workspace/robotics_v1/install/game_engine/share/ament_index/resource_index/package_run_dependencies/game_engine
[0.942s] -- Up-to-date: /home/ubuntu/workspace/robotics_v1/install/game_engine/share/ament_index/resource_index/parent_prefix_path/game_engine
[0.949s] -- Up-to-date: /home/ubuntu/workspace/robotics_v1/install/game_engine/share/game_engine/environment/ament_prefix_path.sh
[0.957s] -- Up-to-date: /home/ubuntu/workspace/robotics_v1/install/game_engine/share/game_engine/environment/ament_prefix_path.dsv
[0.962s] -- Up-to-date: /home/ubuntu/workspace/robotics_v1/install/game_engine/share/game_engine/environment/path.sh
[0.971s] -- Up-to-date: /home/ubuntu/workspace/robotics_v1/install/game_engine/share/game_engine/environment/path.dsv
[0.990s] -- Up-to-date: /home/ubuntu/workspace/robotics_v1/install/game_engine/share/game_engine/local_setup.bash
[0.991s] -- Up-to-date: /home/ubuntu/workspace/robotics_v1/install/game_engine/share/game_engine/local_setup.sh
[0.991s] -- Up-to-date: /home/ubuntu/workspace/robotics_v1/install/game_engine/share/game_engine/local_setup.zsh
[0.993s] -- Up-to-date: /home/ubuntu/workspace/robotics_v1/install/game_engine/share/game_engine/local_setup.dsv
[0.993s] -- Installing: /home/ubuntu/workspace/robotics_v1/install/game_engine/share/game_engine/package.dsv
[0.994s] -- Installing: /home/ubuntu/workspace/robotics_v1/install/game_engine/share/ament_index/resource_index/packages/game_engine
[0.994s] -- Up-to-date: /home/ubuntu/workspace/robotics_v1/install/game_engine/share/game_engine/cmake/game_engineConfig.cmake
[0.994s] -- Up-to-date: /home/ubuntu/workspace/robotics_v1/install/game_engine/share/game_engine/cmake/game_engineConfig-version.cmake
[0.994s] -- Up-to-date: /home/ubuntu/workspace/robotics_v1/install/game_engine/share/game_engine/package.xml
[0.998s] -- Up-to-date: /home/ubuntu/workspace/robotics_v1/install/game_engine/lib/libgame_engine.a
[0.999s] -- Up-to-date: /home/ubuntu/workspace/robotics_v1/install/game_engine/include
[1.000s] -- Up-to-date: /home/ubuntu/workspace/robotics_v1/install/game_engine/include/game_engine
[1.000s] -- Up-to-date: /home/ubuntu/workspace/robotics_v1/install/game_engine/include/game_engine/event_handler
[1.000s] -- Up-to-date: /home/ubuntu/workspace/robotics_v1/install/game_engine/include/game_engine/event_handler/ActionEventHandler.h
[1.000s] -- Up-to-date: /home/ubuntu/workspace/robotics_v1/install/game_engine/include/game_engine/Game.h
[1.001s] -- Up-to-date: /home/ubuntu/workspace/robotics_v1/install/game_engine/include/game_engine/communicator
[1.001s] -- Up-to-date: /home/ubuntu/workspace/robotics_v1/install/game_engine/include/game_engine/communicator/Communicator.h
[1.001s] -- Up-to-date: /home/ubuntu/workspace/robotics_v1/install/game_engine/include/game_engine/communicator/NullCommunicator.h
[1.002s] -- Up-to-date: /home/ubuntu/workspace/robotics_v1/install/game_engine/include/game_engine/utils
[1.002s] -- Up-to-date: /home/ubuntu/workspace/robotics_v1/install/game_engine/include/game_engine/utils/config
[1.006s] -- Up-to-date: /home/ubuntu/workspace/robotics_v1/install/game_engine/include/game_engine/utils/config/DebugConsoleConfig.h
[1.009s] -- Up-to-date: /home/ubuntu/workspace/robotics_v1/install/game_engine/include/game_engine/utils/DebugConsole.h
[1.011s] -- Up-to-date: /home/ubuntu/workspace/robotics_v1/install/game_engine/include/game_engine/Application.h
[1.012s] -- Up-to-date: /home/ubuntu/workspace/robotics_v1/install/game_engine/include/game_engine/config
[1.013s] -- Up-to-date: /home/ubuntu/workspace/robotics_v1/install/game_engine/include/game_engine/config/ApplicationConfig.h
[1.013s] -- Up-to-date: /home/ubuntu/workspace/robotics_v1/install/game_engine/include/game_engine/engine
[1.013s] -- Up-to-date: /home/ubuntu/workspace/robotics_v1/install/game_engine/include/game_engine/engine/Engine.h
[1.014s] -- Up-to-date: /home/ubuntu/workspace/robotics_v1/install/game_engine/include/game_engine/engine/config
[1.014s] -- Up-to-date: /home/ubuntu/workspace/robotics_v1/install/game_engine/include/game_engine/engine/config/EngineConfig.h
[1.014s] -- Up-to-date: /home/ubuntu/workspace/robotics_v1/install/game_engine/include/game_engine/defines
[1.015s] -- Up-to-date: /home/ubuntu/workspace/robotics_v1/install/game_engine/include/game_engine/defines/DependencyDefines.h
[1.016s] -- Up-to-date: /home/ubuntu/workspace/robotics_v1/install/game_engine/include/game_engine/defines/ActionEventDefines.h
[1.016s] -- Up-to-date: /home/ubuntu/workspace/robotics_v1/install/game_engine/lib/cmake/game_engine/game_engineTargets.cmake
[1.017s] -- Up-to-date: /home/ubuntu/workspace/robotics_v1/install/game_engine/lib/cmake/game_engine/game_engineTargets-debug.cmake
[1.017s] -- Up-to-date: /home/ubuntu/workspace/robotics_v1/install/game_engine/lib/cmake/game_engine/game_engineConfig.cmake
[1.021s] Invoked command in '/home/ubuntu/workspace/robotics_v1/build/game_engine' returned '0': CMAKE_PREFIX_PATH=/home/ubuntu/workspace/robotics_v1/install/manager_utils:/home/ubuntu/workspace/robotics_v1/install/sdl_utils:/home/ubuntu/workspace/robotics_v1/install/resource_utils:/home/ubuntu/workspace/robotics_v1/install/utils:/home/ubuntu/workspace/robotics_v1/install/cmake_helpers:/opt/ros/foxy PKG_CONFIG_PATH=/home/ubuntu/workspace/robotics_v1/install/manager_utils/lib/x86_64-linux-gnu/pkgconfig:/home/ubuntu/workspace/robotics_v1/install/manager_utils/lib/pkgconfig:/home/ubuntu/workspace/robotics_v1/install/sdl_utils/lib/x86_64-linux-gnu/pkgconfig:/home/ubuntu/workspace/robotics_v1/install/sdl_utils/lib/pkgconfig:/home/ubuntu/workspace/robotics_v1/install/resource_utils/lib/x86_64-linux-gnu/pkgconfig:/home/ubuntu/workspace/robotics_v1/install/resource_utils/lib/pkgconfig:/home/ubuntu/workspace/robotics_v1/install/utils/lib/x86_64-linux-gnu/pkgconfig:/home/ubuntu/workspace/robotics_v1/install/utils/lib/pkgconfig:/home/ubuntu/workspace/robotics_v1/install/cmake_helpers/lib/x86_64-linux-gnu/pkgconfig:/home/ubuntu/workspace/robotics_v1/install/cmake_helpers/lib/pkgconfig /usr/bin/cmake --install /home/ubuntu/workspace/robotics_v1/build/game_engine
