[0.022s] Invoking command in '/home/ubuntu/workspace/robotics_v1/build/ur_description': CMAKE_PREFIX_PATH=/opt/ros/foxy /usr/bin/cmake /home/ubuntu/workspace/robotics_v1/src/ur_driver/Universal_Robots_ROS2_Driver/ur_description -DCMAKE_INSTALL_PREFIX=/home/ubuntu/workspace/robotics_v1/install/ur_description
[0.051s] -- Found ament_cmake: 0.9.9 (/opt/ros/foxy/share/ament_cmake/cmake)
[0.112s] -- Using PYTHON_EXECUTABLE: /usr/bin/python3
[0.716s] -- Override CMake install command with custom implementation using symlinks instead of copying resources
[1.106s] -- Configuring done
[1.122s] -- Generating done
[1.127s] -- Build files have been written to: /home/ubuntu/workspace/robotics_v1/build/ur_description
[1.137s] Invoked command in '/home/ubuntu/workspace/robotics_v1/build/ur_description' returned '0': CMAKE_PREFIX_PATH=/opt/ros/foxy /usr/bin/cmake /home/ubuntu/workspace/robotics_v1/src/ur_driver/Universal_Robots_ROS2_Driver/ur_description -DCMAKE_INSTALL_PREFIX=/home/ubuntu/workspace/robotics_v1/install/ur_description
[1.139s] Invoking command in '/home/ubuntu/workspace/robotics_v1/build/ur_description': CMAKE_PREFIX_PATH=/opt/ros/foxy /usr/bin/cmake --build /home/ubuntu/workspace/robotics_v1/build/ur_description -- -j4 -l4
[1.355s] Invoked command in '/home/ubuntu/workspace/robotics_v1/build/ur_description' returned '0': CMAKE_PREFIX_PATH=/opt/ros/foxy /usr/bin/cmake --build /home/ubuntu/workspace/robotics_v1/build/ur_description -- -j4 -l4
[1.537s] Invoking command in '/home/ubuntu/workspace/robotics_v1/build/ur_description': CMAKE_PREFIX_PATH=/opt/ros/foxy /usr/bin/cmake --install /home/ubuntu/workspace/robotics_v1/build/ur_description
[1.591s] -- Install configuration: "Debug"
[1.593s] -- Execute custom install script
[1.598s] -- Up-to-date symlink: /home/ubuntu/workspace/robotics_v1/install/ur_description/share/ur_description/config/initial_positions.yaml
[1.599s] -- Up-to-date symlink: /home/ubuntu/workspace/robotics_v1/install/ur_description/share/ur_description/config/ur10/default_kinematics.yaml
[1.600s] -- Up-to-date symlink: /home/ubuntu/workspace/robotics_v1/install/ur_description/share/ur_description/config/ur10/joint_limits.yaml
[1.601s] -- Up-to-date symlink: /home/ubuntu/workspace/robotics_v1/install/ur_description/share/ur_description/config/ur10/physical_parameters.yaml
[1.603s] -- Up-to-date symlink: /home/ubuntu/workspace/robotics_v1/install/ur_description/share/ur_description/config/ur10/visual_parameters.yaml
[1.604s] -- Up-to-date symlink: /home/ubuntu/workspace/robotics_v1/install/ur_description/share/ur_description/config/ur10e/default_kinematics.yaml
[1.606s] -- Up-to-date symlink: /home/ubuntu/workspace/robotics_v1/install/ur_description/share/ur_description/config/ur10e/joint_limits.yaml
[1.608s] -- Up-to-date symlink: /home/ubuntu/workspace/robotics_v1/install/ur_description/share/ur_description/config/ur10e/physical_parameters.yaml
[1.610s] -- Up-to-date symlink: /home/ubuntu/workspace/robotics_v1/install/ur_description/share/ur_description/config/ur10e/visual_parameters.yaml
[1.611s] -- Up-to-date symlink: /home/ubuntu/workspace/robotics_v1/install/ur_description/share/ur_description/config/ur16e/default_kinematics.yaml
[1.613s] -- Up-to-date symlink: /home/ubuntu/workspace/robotics_v1/install/ur_description/share/ur_description/config/ur16e/joint_limits.yaml
[1.614s] -- Up-to-date symlink: /home/ubuntu/workspace/robotics_v1/install/ur_description/share/ur_description/config/ur16e/physical_parameters.yaml
[1.615s] -- Up-to-date symlink: /home/ubuntu/workspace/robotics_v1/install/ur_description/share/ur_description/config/ur16e/visual_parameters.yaml
[1.616s] -- Up-to-date symlink: /home/ubuntu/workspace/robotics_v1/install/ur_description/share/ur_description/config/ur3/default_kinematics.yaml
[1.617s] -- Up-to-date symlink: /home/ubuntu/workspace/robotics_v1/install/ur_description/share/ur_description/config/ur3/joint_limits.yaml
[1.619s] -- Up-to-date symlink: /home/ubuntu/workspace/robotics_v1/install/ur_description/share/ur_description/config/ur3/physical_parameters.yaml
[1.620s] -- Up-to-date symlink: /home/ubuntu/workspace/robotics_v1/install/ur_description/share/ur_description/config/ur3/visual_parameters.yaml
[1.621s] -- Up-to-date symlink: /home/ubuntu/workspace/robotics_v1/install/ur_description/share/ur_description/config/ur3e/default_kinematics.yaml
[1.623s] -- Up-to-date symlink: /home/ubuntu/workspace/robotics_v1/install/ur_description/share/ur_description/config/ur3e/joint_limits.yaml
[1.624s] -- Up-to-date symlink: /home/ubuntu/workspace/robotics_v1/install/ur_description/share/ur_description/config/ur3e/physical_parameters.yaml
[1.626s] -- Up-to-date symlink: /home/ubuntu/workspace/robotics_v1/install/ur_description/share/ur_description/config/ur3e/visual_parameters.yaml
[1.628s] -- Up-to-date symlink: /home/ubuntu/workspace/robotics_v1/install/ur_description/share/ur_description/config/ur5/default_kinematics.yaml
[1.630s] -- Up-to-date symlink: /home/ubuntu/workspace/robotics_v1/install/ur_description/share/ur_description/config/ur5/joint_limits.yaml
[1.631s] -- Up-to-date symlink: /home/ubuntu/workspace/robotics_v1/install/ur_description/share/ur_description/config/ur5/physical_parameters.yaml
[1.632s] -- Up-to-date symlink: /home/ubuntu/workspace/robotics_v1/install/ur_description/share/ur_description/config/ur5/visual_parameters.yaml
[1.633s] -- Up-to-date symlink: /home/ubuntu/workspace/robotics_v1/install/ur_description/share/ur_description/config/ur5e/default_kinematics.yaml
[1.635s] -- Up-to-date symlink: /home/ubuntu/workspace/robotics_v1/install/ur_description/share/ur_description/config/ur5e/joint_limits.yaml
[1.638s] -- Up-to-date symlink: /home/ubuntu/workspace/robotics_v1/install/ur_description/share/ur_description/config/ur5e/physical_parameters.yaml
[1.638s] -- Up-to-date symlink: /home/ubuntu/workspace/robotics_v1/install/ur_description/share/ur_description/config/ur5e/visual_parameters.yaml
[1.639s] -- Up-to-date symlink: /home/ubuntu/workspace/robotics_v1/install/ur_description/share/ur_description/launch/view_ur.launch.py
[1.656s] -- Up-to-date symlink: /home/ubuntu/workspace/robotics_v1/install/ur_description/share/ur_description/meshes/ur10/collision/base.stl
[1.657s] -- Up-to-date symlink: /home/ubuntu/workspace/robotics_v1/install/ur_description/share/ur_description/meshes/ur10/collision/forearm.stl
[1.657s] -- Up-to-date symlink: /home/ubuntu/workspace/robotics_v1/install/ur_description/share/ur_description/meshes/ur10/collision/shoulder.stl
[1.660s] -- Up-to-date symlink: /home/ubuntu/workspace/robotics_v1/install/ur_description/share/ur_description/meshes/ur10/collision/upperarm.stl
[1.662s] -- Up-to-date symlink: /home/ubuntu/workspace/robotics_v1/install/ur_description/share/ur_description/meshes/ur10/collision/wrist1.stl
[1.663s] -- Up-to-date symlink: /home/ubuntu/workspace/robotics_v1/install/ur_description/share/ur_description/meshes/ur10/collision/wrist2.stl
[1.663s] -- Up-to-date symlink: /home/ubuntu/workspace/robotics_v1/install/ur_description/share/ur_description/meshes/ur10/collision/wrist3.stl
[1.664s] -- Up-to-date symlink: /home/ubuntu/workspace/robotics_v1/install/ur_description/share/ur_description/meshes/ur10/visual/base.dae
[1.669s] -- Up-to-date symlink: /home/ubuntu/workspace/robotics_v1/install/ur_description/share/ur_description/meshes/ur10/visual/forearm.dae
[1.672s] -- Up-to-date symlink: /home/ubuntu/workspace/robotics_v1/install/ur_description/share/ur_description/meshes/ur10/visual/shoulder.dae
[1.673s] -- Up-to-date symlink: /home/ubuntu/workspace/robotics_v1/install/ur_description/share/ur_description/meshes/ur10/visual/upperarm.dae
[1.674s] -- Up-to-date symlink: /home/ubuntu/workspace/robotics_v1/install/ur_description/share/ur_description/meshes/ur10/visual/wrist1.dae
[1.678s] -- Up-to-date symlink: /home/ubuntu/workspace/robotics_v1/install/ur_description/share/ur_description/meshes/ur10/visual/wrist2.dae
[1.681s] -- Up-to-date symlink: /home/ubuntu/workspace/robotics_v1/install/ur_description/share/ur_description/meshes/ur10/visual/wrist3.dae
[1.685s] -- Up-to-date symlink: /home/ubuntu/workspace/robotics_v1/install/ur_description/share/ur_description/meshes/ur10e/collision/base.stl
[1.688s] -- Up-to-date symlink: /home/ubuntu/workspace/robotics_v1/install/ur_description/share/ur_description/meshes/ur10e/collision/forearm.stl
[1.691s] -- Up-to-date symlink: /home/ubuntu/workspace/robotics_v1/install/ur_description/share/ur_description/meshes/ur10e/collision/shoulder.stl
[1.693s] -- Up-to-date symlink: /home/ubuntu/workspace/robotics_v1/install/ur_description/share/ur_description/meshes/ur10e/collision/upperarm.stl
[1.696s] -- Up-to-date symlink: /home/ubuntu/workspace/robotics_v1/install/ur_description/share/ur_description/meshes/ur10e/collision/wrist1.stl
[1.698s] -- Up-to-date symlink: /home/ubuntu/workspace/robotics_v1/install/ur_description/share/ur_description/meshes/ur10e/collision/wrist2.stl
[1.702s] -- Up-to-date symlink: /home/ubuntu/workspace/robotics_v1/install/ur_description/share/ur_description/meshes/ur10e/collision/wrist3.stl
[1.706s] -- Up-to-date symlink: /home/ubuntu/workspace/robotics_v1/install/ur_description/share/ur_description/meshes/ur10e/visual/base.dae
[1.708s] -- Up-to-date symlink: /home/ubuntu/workspace/robotics_v1/install/ur_description/share/ur_description/meshes/ur10e/visual/forearm.dae
[1.710s] -- Up-to-date symlink: /home/ubuntu/workspace/robotics_v1/install/ur_description/share/ur_description/meshes/ur10e/visual/shoulder.dae
[1.714s] -- Up-to-date symlink: /home/ubuntu/workspace/robotics_v1/install/ur_description/share/ur_description/meshes/ur10e/visual/upperarm.dae
[1.716s] -- Up-to-date symlink: /home/ubuntu/workspace/robotics_v1/install/ur_description/share/ur_description/meshes/ur10e/visual/wrist1.dae
[1.720s] -- Up-to-date symlink: /home/ubuntu/workspace/robotics_v1/install/ur_description/share/ur_description/meshes/ur10e/visual/wrist2.dae
[1.722s] -- Up-to-date symlink: /home/ubuntu/workspace/robotics_v1/install/ur_description/share/ur_description/meshes/ur10e/visual/wrist3.dae
[1.724s] -- Up-to-date symlink: /home/ubuntu/workspace/robotics_v1/install/ur_description/share/ur_description/meshes/ur16e/collision/forearm.stl
[1.728s] -- Up-to-date symlink: /home/ubuntu/workspace/robotics_v1/install/ur_description/share/ur_description/meshes/ur16e/collision/upperarm.stl
[1.728s] -- Up-to-date symlink: /home/ubuntu/workspace/robotics_v1/install/ur_description/share/ur_description/meshes/ur16e/visual/forearm.dae
[1.729s] -- Up-to-date symlink: /home/ubuntu/workspace/robotics_v1/install/ur_description/share/ur_description/meshes/ur16e/visual/upperarm.dae
[1.730s] -- Up-to-date symlink: /home/ubuntu/workspace/robotics_v1/install/ur_description/share/ur_description/meshes/ur3/collision/base.stl
[1.730s] -- Up-to-date symlink: /home/ubuntu/workspace/robotics_v1/install/ur_description/share/ur_description/meshes/ur3/collision/forearm.stl
[1.731s] -- Up-to-date symlink: /home/ubuntu/workspace/robotics_v1/install/ur_description/share/ur_description/meshes/ur3/collision/shoulder.stl
[1.732s] -- Up-to-date symlink: /home/ubuntu/workspace/robotics_v1/install/ur_description/share/ur_description/meshes/ur3/collision/upperarm.stl
[1.732s] -- Up-to-date symlink: /home/ubuntu/workspace/robotics_v1/install/ur_description/share/ur_description/meshes/ur3/collision/wrist1.stl
[1.733s] -- Up-to-date symlink: /home/ubuntu/workspace/robotics_v1/install/ur_description/share/ur_description/meshes/ur3/collision/wrist2.stl
[1.734s] -- Up-to-date symlink: /home/ubuntu/workspace/robotics_v1/install/ur_description/share/ur_description/meshes/ur3/collision/wrist3.stl
[1.735s] -- Up-to-date symlink: /home/ubuntu/workspace/robotics_v1/install/ur_description/share/ur_description/meshes/ur3/visual/base.dae
[1.736s] -- Up-to-date symlink: /home/ubuntu/workspace/robotics_v1/install/ur_description/share/ur_description/meshes/ur3/visual/forearm.dae
[1.736s] -- Up-to-date symlink: /home/ubuntu/workspace/robotics_v1/install/ur_description/share/ur_description/meshes/ur3/visual/shoulder.dae
[1.737s] -- Up-to-date symlink: /home/ubuntu/workspace/robotics_v1/install/ur_description/share/ur_description/meshes/ur3/visual/upperarm.dae
[1.750s] -- Up-to-date symlink: /home/ubuntu/workspace/robotics_v1/install/ur_description/share/ur_description/meshes/ur3/visual/wrist1.dae
[1.750s] -- Up-to-date symlink: /home/ubuntu/workspace/robotics_v1/install/ur_description/share/ur_description/meshes/ur3/visual/wrist2.dae
[1.755s] -- Up-to-date symlink: /home/ubuntu/workspace/robotics_v1/install/ur_description/share/ur_description/meshes/ur3/visual/wrist3.dae
[1.756s] -- Up-to-date symlink: /home/ubuntu/workspace/robotics_v1/install/ur_description/share/ur_description/meshes/ur3e/collision/base.stl
[1.756s] -- Up-to-date symlink: /home/ubuntu/workspace/robotics_v1/install/ur_description/share/ur_description/meshes/ur3e/collision/forearm.stl
[1.756s] -- Up-to-date symlink: /home/ubuntu/workspace/robotics_v1/install/ur_description/share/ur_description/meshes/ur3e/collision/shoulder.stl
[1.756s] -- Up-to-date symlink: /home/ubuntu/workspace/robotics_v1/install/ur_description/share/ur_description/meshes/ur3e/collision/upperarm.stl
[1.761s] -- Up-to-date symlink: /home/ubuntu/workspace/robotics_v1/install/ur_description/share/ur_description/meshes/ur3e/collision/wrist1.stl
[1.762s] -- Up-to-date symlink: /home/ubuntu/workspace/robotics_v1/install/ur_description/share/ur_description/meshes/ur3e/collision/wrist2.stl
[1.763s] -- Up-to-date symlink: /home/ubuntu/workspace/robotics_v1/install/ur_description/share/ur_description/meshes/ur3e/collision/wrist3.stl
[1.764s] -- Up-to-date symlink: /home/ubuntu/workspace/robotics_v1/install/ur_description/share/ur_description/meshes/ur3e/visual/base.dae
[1.764s] -- Up-to-date symlink: /home/ubuntu/workspace/robotics_v1/install/ur_description/share/ur_description/meshes/ur3e/visual/forearm.dae
[1.767s] -- Up-to-date symlink: /home/ubuntu/workspace/robotics_v1/install/ur_description/share/ur_description/meshes/ur3e/visual/shoulder.dae
[1.772s] -- Up-to-date symlink: /home/ubuntu/workspace/robotics_v1/install/ur_description/share/ur_description/meshes/ur3e/visual/upperarm.dae
[1.772s] -- Up-to-date symlink: /home/ubuntu/workspace/robotics_v1/install/ur_description/share/ur_description/meshes/ur3e/visual/wrist1.dae
[1.775s] -- Up-to-date symlink: /home/ubuntu/workspace/robotics_v1/install/ur_description/share/ur_description/meshes/ur3e/visual/wrist2.dae
[1.776s] -- Up-to-date symlink: /home/ubuntu/workspace/robotics_v1/install/ur_description/share/ur_description/meshes/ur3e/visual/wrist3.dae
[1.776s] -- Up-to-date symlink: /home/ubuntu/workspace/robotics_v1/install/ur_description/share/ur_description/meshes/ur5/collision/base.stl
[1.779s] -- Up-to-date symlink: /home/ubuntu/workspace/robotics_v1/install/ur_description/share/ur_description/meshes/ur5/collision/forearm.stl
[1.780s] -- Up-to-date symlink: /home/ubuntu/workspace/robotics_v1/install/ur_description/share/ur_description/meshes/ur5/collision/shoulder.stl
[1.780s] -- Up-to-date symlink: /home/ubuntu/workspace/robotics_v1/install/ur_description/share/ur_description/meshes/ur5/collision/upperarm.stl
[1.781s] -- Up-to-date symlink: /home/ubuntu/workspace/robotics_v1/install/ur_description/share/ur_description/meshes/ur5/collision/wrist1.stl
[1.782s] -- Up-to-date symlink: /home/ubuntu/workspace/robotics_v1/install/ur_description/share/ur_description/meshes/ur5/collision/wrist2.stl
[1.787s] -- Up-to-date symlink: /home/ubuntu/workspace/robotics_v1/install/ur_description/share/ur_description/meshes/ur5/collision/wrist3.stl
[1.787s] -- Up-to-date symlink: /home/ubuntu/workspace/robotics_v1/install/ur_description/share/ur_description/meshes/ur5/visual/base.dae
[1.787s] -- Up-to-date symlink: /home/ubuntu/workspace/robotics_v1/install/ur_description/share/ur_description/meshes/ur5/visual/forearm.dae
[1.787s] -- Up-to-date symlink: /home/ubuntu/workspace/robotics_v1/install/ur_description/share/ur_description/meshes/ur5/visual/shoulder.dae
[1.787s] -- Up-to-date symlink: /home/ubuntu/workspace/robotics_v1/install/ur_description/share/ur_description/meshes/ur5/visual/upperarm.dae
[1.787s] -- Up-to-date symlink: /home/ubuntu/workspace/robotics_v1/install/ur_description/share/ur_description/meshes/ur5/visual/wrist1.dae
[1.787s] -- Up-to-date symlink: /home/ubuntu/workspace/robotics_v1/install/ur_description/share/ur_description/meshes/ur5/visual/wrist2.dae
[1.788s] -- Up-to-date symlink: /home/ubuntu/workspace/robotics_v1/install/ur_description/share/ur_description/meshes/ur5/visual/wrist3.dae
[1.788s] -- Up-to-date symlink: /home/ubuntu/workspace/robotics_v1/install/ur_description/share/ur_description/meshes/ur5e/collision/base.stl
[1.789s] -- Up-to-date symlink: /home/ubuntu/workspace/robotics_v1/install/ur_description/share/ur_description/meshes/ur5e/collision/forearm.stl
[1.790s] -- Up-to-date symlink: /home/ubuntu/workspace/robotics_v1/install/ur_description/share/ur_description/meshes/ur5e/collision/shoulder.stl
[1.790s] -- Up-to-date symlink: /home/ubuntu/workspace/robotics_v1/install/ur_description/share/ur_description/meshes/ur5e/collision/upperarm.stl
[1.791s] -- Up-to-date symlink: /home/ubuntu/workspace/robotics_v1/install/ur_description/share/ur_description/meshes/ur5e/collision/wrist1.stl
[1.792s] -- Up-to-date symlink: /home/ubuntu/workspace/robotics_v1/install/ur_description/share/ur_description/meshes/ur5e/collision/wrist2.stl
[1.793s] -- Up-to-date symlink: /home/ubuntu/workspace/robotics_v1/install/ur_description/share/ur_description/meshes/ur5e/collision/wrist3.stl
[1.794s] -- Up-to-date symlink: /home/ubuntu/workspace/robotics_v1/install/ur_description/share/ur_description/meshes/ur5e/visual/base.dae
[1.795s] -- Up-to-date symlink: /home/ubuntu/workspace/robotics_v1/install/ur_description/share/ur_description/meshes/ur5e/visual/forearm.dae
[1.796s] -- Up-to-date symlink: /home/ubuntu/workspace/robotics_v1/install/ur_description/share/ur_description/meshes/ur5e/visual/shoulder.dae
[1.797s] -- Up-to-date symlink: /home/ubuntu/workspace/robotics_v1/install/ur_description/share/ur_description/meshes/ur5e/visual/upperarm.dae
[1.798s] -- Up-to-date symlink: /home/ubuntu/workspace/robotics_v1/install/ur_description/share/ur_description/meshes/ur5e/visual/wrist1.dae
[1.799s] -- Up-to-date symlink: /home/ubuntu/workspace/robotics_v1/install/ur_description/share/ur_description/meshes/ur5e/visual/wrist2.dae
[1.799s] -- Up-to-date symlink: /home/ubuntu/workspace/robotics_v1/install/ur_description/share/ur_description/meshes/ur5e/visual/wrist3.dae
[1.801s] -- Up-to-date symlink: /home/ubuntu/workspace/robotics_v1/install/ur_description/share/ur_description/rviz/view_robot.rviz
[1.803s] -- Up-to-date symlink: /home/ubuntu/workspace/robotics_v1/install/ur_description/share/ur_description/urdf/inc/ur_common.xacro
[1.803s] -- Up-to-date symlink: /home/ubuntu/workspace/robotics_v1/install/ur_description/share/ur_description/urdf/inc/ur_transmissions.xacro
[1.804s] -- Up-to-date symlink: /home/ubuntu/workspace/robotics_v1/install/ur_description/share/ur_description/urdf/ur.ros2_control.xacro
[1.805s] -- Up-to-date symlink: /home/ubuntu/workspace/robotics_v1/install/ur_description/share/ur_description/urdf/ur.urdf.xacro
[1.806s] -- Up-to-date symlink: /home/ubuntu/workspace/robotics_v1/install/ur_description/share/ur_description/urdf/ur_macro.xacro
[1.807s] -- Up-to-date symlink: /home/ubuntu/workspace/robotics_v1/install/ur_description/share/ament_index/resource_index/package_run_dependencies/ur_description
[1.808s] -- Up-to-date symlink: /home/ubuntu/workspace/robotics_v1/install/ur_description/share/ament_index/resource_index/parent_prefix_path/ur_description
[1.809s] -- Up-to-date symlink: /home/ubuntu/workspace/robotics_v1/install/ur_description/share/ur_description/environment/ament_prefix_path.sh
[1.810s] -- Up-to-date symlink: /home/ubuntu/workspace/robotics_v1/install/ur_description/share/ur_description/environment/ament_prefix_path.dsv
[1.811s] -- Up-to-date symlink: /home/ubuntu/workspace/robotics_v1/install/ur_description/share/ur_description/environment/path.sh
[1.813s] -- Up-to-date symlink: /home/ubuntu/workspace/robotics_v1/install/ur_description/share/ur_description/environment/path.dsv
[1.814s] -- Up-to-date symlink: /home/ubuntu/workspace/robotics_v1/install/ur_description/share/ur_description/local_setup.bash
[1.815s] -- Up-to-date symlink: /home/ubuntu/workspace/robotics_v1/install/ur_description/share/ur_description/local_setup.sh
[1.816s] -- Up-to-date symlink: /home/ubuntu/workspace/robotics_v1/install/ur_description/share/ur_description/local_setup.zsh
[1.817s] -- Up-to-date symlink: /home/ubuntu/workspace/robotics_v1/install/ur_description/share/ur_description/local_setup.dsv
[1.818s] -- Symlinking: /home/ubuntu/workspace/robotics_v1/install/ur_description/share/ur_description/package.dsv
[1.869s] -- Up-to-date symlink: /home/ubuntu/workspace/robotics_v1/install/ur_description/share/ament_index/resource_index/packages/ur_description
[1.870s] -- Up-to-date symlink: /home/ubuntu/workspace/robotics_v1/install/ur_description/share/ur_description/cmake/ur_descriptionConfig.cmake
[1.872s] -- Up-to-date symlink: /home/ubuntu/workspace/robotics_v1/install/ur_description/share/ur_description/cmake/ur_descriptionConfig-version.cmake
[1.873s] -- Up-to-date symlink: /home/ubuntu/workspace/robotics_v1/install/ur_description/share/ur_description/package.xml
[1.885s] Invoked command in '/home/ubuntu/workspace/robotics_v1/build/ur_description' returned '0': CMAKE_PREFIX_PATH=/opt/ros/foxy /usr/bin/cmake --install /home/ubuntu/workspace/robotics_v1/build/ur_description
