[0.094s] Invoking command in '/home/ubuntu/workspace/robotics_v1/build/robo_collector_interfaces': CMAKE_PREFIX_PATH=/opt/ros/foxy /usr/bin/cmake --build /home/ubuntu/workspace/robotics_v1/build/robo_collector_interfaces -- -j4 -l4
[0.313s] [  2%] Built target robo_collector_interfaces__cpp
[0.318s] [ 12%] Built target robo_collector_interfaces__rosidl_generator_c
[0.520s] [ 23%] Built target robo_collector_interfaces__rosidl_typesupport_introspection_cpp
[0.558s] [ 33%] Built target robo_collector_interfaces__rosidl_typesupport_fastrtps_cpp
[0.562s] [ 43%] Built target robo_collector_interfaces__rosidl_typesupport_cpp
[0.686s] [ 53%] Built target robo_collector_interfaces__rosidl_typesupport_introspection_c
[0.714s] [ 64%] Built target robo_collector_interfaces__rosidl_typesupport_c
[0.728s] [ 74%] Built target robo_collector_interfaces__rosidl_typesupport_fastrtps_c
[0.866s] [ 74%] Built target robo_collector_interfaces
[0.945s] [ 76%] Built target robo_collector_interfaces__py
[1.072s] [ 84%] Built target robo_collector_interfaces__python
[1.273s] [ 89%] Built target robo_collector_interfaces__rosidl_typesupport_c__pyext
[1.285s] [ 94%] Built target robo_collector_interfaces__rosidl_typesupport_introspection_c__pyext
[1.373s] [100%] Built target robo_collector_interfaces__rosidl_typesupport_fastrtps_c__pyext
[1.428s] Invoked command in '/home/ubuntu/workspace/robotics_v1/build/robo_collector_interfaces' returned '0': CMAKE_PREFIX_PATH=/opt/ros/foxy /usr/bin/cmake --build /home/ubuntu/workspace/robotics_v1/build/robo_collector_interfaces -- -j4 -l4
[1.885s] Invoking command in '/home/ubuntu/workspace/robotics_v1/build/robo_collector_interfaces': CMAKE_PREFIX_PATH=/opt/ros/foxy /usr/bin/cmake --install /home/ubuntu/workspace/robotics_v1/build/robo_collector_interfaces
[1.926s] -- Install configuration: "Debug"
[1.927s] -- Execute custom install script
[1.928s] -- Up-to-date symlink: /home/ubuntu/workspace/robotics_v1/install/robo_collector_interfaces/share/ament_index/resource_index/rosidl_interfaces/robo_collector_interfaces
[1.940s] -- Up-to-date symlink: /home/ubuntu/workspace/robotics_v1/install/robo_collector_interfaces/include/robo_collector_interfaces/msg/detail/robot_move_type__functions.h
[1.941s] -- Up-to-date symlink: /home/ubuntu/workspace/robotics_v1/install/robo_collector_interfaces/include/robo_collector_interfaces/msg/detail/robot_move_type__struct.h
[1.941s] -- Up-to-date symlink: /home/ubuntu/workspace/robotics_v1/install/robo_collector_interfaces/include/robo_collector_interfaces/msg/detail/robot_move_type__type_support.h
[1.941s] -- Up-to-date symlink: /home/ubuntu/workspace/robotics_v1/install/robo_collector_interfaces/include/robo_collector_interfaces/msg/detail/user_authenticate__functions.h
[1.941s] -- Up-to-date symlink: /home/ubuntu/workspace/robotics_v1/install/robo_collector_interfaces/include/robo_collector_interfaces/msg/detail/user_authenticate__struct.h
[1.941s] -- Up-to-date symlink: /home/ubuntu/workspace/robotics_v1/install/robo_collector_interfaces/include/robo_collector_interfaces/msg/detail/user_authenticate__type_support.h
[1.947s] -- Up-to-date symlink: /home/ubuntu/workspace/robotics_v1/install/robo_collector_interfaces/include/robo_collector_interfaces/msg/robot_move_type.h
[1.948s] -- Up-to-date symlink: /home/ubuntu/workspace/robotics_v1/install/robo_collector_interfaces/include/robo_collector_interfaces/msg/rosidl_generator_c__visibility_control.h
[1.948s] -- Up-to-date symlink: /home/ubuntu/workspace/robotics_v1/install/robo_collector_interfaces/include/robo_collector_interfaces/msg/user_authenticate.h
[1.949s] -- Up-to-date symlink: /home/ubuntu/workspace/robotics_v1/install/robo_collector_interfaces/share/robo_collector_interfaces/environment/library_path.sh
[1.953s] -- Up-to-date symlink: /home/ubuntu/workspace/robotics_v1/install/robo_collector_interfaces/share/robo_collector_interfaces/environment/library_path.dsv
[1.955s] -- Up-to-date symlink: /home/ubuntu/workspace/robotics_v1/install/robo_collector_interfaces/include/robo_collector_interfaces/msg/detail/robot_move_type__rosidl_typesupport_fastrtps_c.h
[1.955s] -- Up-to-date symlink: /home/ubuntu/workspace/robotics_v1/install/robo_collector_interfaces/include/robo_collector_interfaces/msg/detail/user_authenticate__rosidl_typesupport_fastrtps_c.h
[1.956s] -- Up-to-date symlink: /home/ubuntu/workspace/robotics_v1/install/robo_collector_interfaces/include/robo_collector_interfaces/msg/rosidl_typesupport_fastrtps_c__visibility_control.h
[1.958s] -- Up-to-date symlink: /home/ubuntu/workspace/robotics_v1/install/robo_collector_interfaces/lib/librobo_collector_interfaces__rosidl_typesupport_fastrtps_c.so
[1.960s] -- Up-to-date symlink: /home/ubuntu/workspace/robotics_v1/install/robo_collector_interfaces/include/robo_collector_interfaces/msg/detail/robot_move_type__rosidl_typesupport_fastrtps_cpp.hpp
[1.961s] -- Up-to-date symlink: /home/ubuntu/workspace/robotics_v1/install/robo_collector_interfaces/include/robo_collector_interfaces/msg/detail/user_authenticate__rosidl_typesupport_fastrtps_cpp.hpp
[1.961s] -- Up-to-date symlink: /home/ubuntu/workspace/robotics_v1/install/robo_collector_interfaces/include/robo_collector_interfaces/msg/rosidl_typesupport_fastrtps_cpp__visibility_control.h
[1.966s] -- Up-to-date symlink: /home/ubuntu/workspace/robotics_v1/install/robo_collector_interfaces/lib/librobo_collector_interfaces__rosidl_typesupport_fastrtps_cpp.so
[1.969s] -- Up-to-date symlink: /home/ubuntu/workspace/robotics_v1/install/robo_collector_interfaces/include/robo_collector_interfaces/msg/detail/robot_move_type__rosidl_typesupport_introspection_c.h
[1.970s] -- Up-to-date symlink: /home/ubuntu/workspace/robotics_v1/install/robo_collector_interfaces/include/robo_collector_interfaces/msg/detail/user_authenticate__rosidl_typesupport_introspection_c.h
[1.971s] -- Up-to-date symlink: /home/ubuntu/workspace/robotics_v1/install/robo_collector_interfaces/include/robo_collector_interfaces/msg/rosidl_typesupport_introspection_c__visibility_control.h
[1.973s] -- Up-to-date symlink: /home/ubuntu/workspace/robotics_v1/install/robo_collector_interfaces/include/robo_collector_interfaces/msg/detail/robot_move_type__builder.hpp
[1.980s] -- Up-to-date symlink: /home/ubuntu/workspace/robotics_v1/install/robo_collector_interfaces/include/robo_collector_interfaces/msg/detail/robot_move_type__struct.hpp
[1.981s] -- Up-to-date symlink: /home/ubuntu/workspace/robotics_v1/install/robo_collector_interfaces/include/robo_collector_interfaces/msg/detail/robot_move_type__traits.hpp
[1.982s] -- Up-to-date symlink: /home/ubuntu/workspace/robotics_v1/install/robo_collector_interfaces/include/robo_collector_interfaces/msg/detail/user_authenticate__builder.hpp
[1.984s] -- Up-to-date symlink: /home/ubuntu/workspace/robotics_v1/install/robo_collector_interfaces/include/robo_collector_interfaces/msg/detail/user_authenticate__struct.hpp
[1.988s] -- Up-to-date symlink: /home/ubuntu/workspace/robotics_v1/install/robo_collector_interfaces/include/robo_collector_interfaces/msg/detail/user_authenticate__traits.hpp
[1.989s] -- Up-to-date symlink: /home/ubuntu/workspace/robotics_v1/install/robo_collector_interfaces/include/robo_collector_interfaces/msg/robot_move_type.hpp
[1.989s] -- Up-to-date symlink: /home/ubuntu/workspace/robotics_v1/install/robo_collector_interfaces/include/robo_collector_interfaces/msg/user_authenticate.hpp
[1.996s] -- Up-to-date symlink: /home/ubuntu/workspace/robotics_v1/install/robo_collector_interfaces/include/robo_collector_interfaces/msg/detail/robot_move_type__rosidl_typesupport_introspection_cpp.hpp
[1.998s] -- Up-to-date symlink: /home/ubuntu/workspace/robotics_v1/install/robo_collector_interfaces/include/robo_collector_interfaces/msg/detail/user_authenticate__rosidl_typesupport_introspection_cpp.hpp
[1.999s] -- Up-to-date symlink: /home/ubuntu/workspace/robotics_v1/install/robo_collector_interfaces/share/robo_collector_interfaces/environment/pythonpath.sh
[2.000s] -- Up-to-date symlink: /home/ubuntu/workspace/robotics_v1/install/robo_collector_interfaces/share/robo_collector_interfaces/environment/pythonpath.dsv
[2.003s] -- Up-to-date symlink: /home/ubuntu/workspace/robotics_v1/install/robo_collector_interfaces/lib/python3.8/site-packages/robo_collector_interfaces/__init__.py
[2.005s] -- Up-to-date symlink: /home/ubuntu/workspace/robotics_v1/install/robo_collector_interfaces/lib/python3.8/site-packages/robo_collector_interfaces/msg/__init__.py
[2.006s] -- Up-to-date symlink: /home/ubuntu/workspace/robotics_v1/install/robo_collector_interfaces/lib/python3.8/site-packages/robo_collector_interfaces/msg/_robot_move_type.py
[2.011s] -- Up-to-date symlink: /home/ubuntu/workspace/robotics_v1/install/robo_collector_interfaces/lib/python3.8/site-packages/robo_collector_interfaces/msg/_user_authenticate.py
[2.013s] -- Up-to-date symlink: /home/ubuntu/workspace/robotics_v1/install/robo_collector_interfaces/lib/python3.8/site-packages/robo_collector_interfaces/robo_collector_interfaces_s__rosidl_typesupport_fastrtps_c.cpython-38-x86_64-linux-gnu.so
[2.019s] -- Up-to-date symlink: /home/ubuntu/workspace/robotics_v1/install/robo_collector_interfaces/lib/python3.8/site-packages/robo_collector_interfaces/robo_collector_interfaces_s__rosidl_typesupport_introspection_c.cpython-38-x86_64-linux-gnu.so
[2.020s] -- Up-to-date symlink: /home/ubuntu/workspace/robotics_v1/install/robo_collector_interfaces/lib/python3.8/site-packages/robo_collector_interfaces/robo_collector_interfaces_s__rosidl_typesupport_c.cpython-38-x86_64-linux-gnu.so
[2.024s] -- Up-to-date symlink: /home/ubuntu/workspace/robotics_v1/install/robo_collector_interfaces/lib/librobo_collector_interfaces__python.so
[2.025s] -- Up-to-date symlink: /home/ubuntu/workspace/robotics_v1/install/robo_collector_interfaces/share/robo_collector_interfaces/msg/RobotMoveType.idl
[2.025s] -- Up-to-date symlink: /home/ubuntu/workspace/robotics_v1/install/robo_collector_interfaces/share/robo_collector_interfaces/msg/UserAuthenticate.idl
[2.025s] -- Up-to-date symlink: /home/ubuntu/workspace/robotics_v1/install/robo_collector_interfaces/share/robo_collector_interfaces/msg/RobotMoveType.msg
[2.026s] -- Up-to-date symlink: /home/ubuntu/workspace/robotics_v1/install/robo_collector_interfaces/share/robo_collector_interfaces/msg/UserAuthenticate.msg
[2.026s] -- Up-to-date symlink: /home/ubuntu/workspace/robotics_v1/install/robo_collector_interfaces/share/ament_index/resource_index/package_run_dependencies/robo_collector_interfaces
[2.026s] -- Up-to-date symlink: /home/ubuntu/workspace/robotics_v1/install/robo_collector_interfaces/share/ament_index/resource_index/parent_prefix_path/robo_collector_interfaces
[2.029s] -- Up-to-date symlink: /home/ubuntu/workspace/robotics_v1/install/robo_collector_interfaces/share/robo_collector_interfaces/environment/ament_prefix_path.sh
[2.031s] -- Up-to-date symlink: /home/ubuntu/workspace/robotics_v1/install/robo_collector_interfaces/share/robo_collector_interfaces/environment/ament_prefix_path.dsv
[2.032s] -- Up-to-date symlink: /home/ubuntu/workspace/robotics_v1/install/robo_collector_interfaces/share/robo_collector_interfaces/environment/path.sh
[2.033s] -- Up-to-date symlink: /home/ubuntu/workspace/robotics_v1/install/robo_collector_interfaces/share/robo_collector_interfaces/environment/path.dsv
[2.033s] -- Up-to-date symlink: /home/ubuntu/workspace/robotics_v1/install/robo_collector_interfaces/share/robo_collector_interfaces/local_setup.bash
[2.034s] -- Up-to-date symlink: /home/ubuntu/workspace/robotics_v1/install/robo_collector_interfaces/share/robo_collector_interfaces/local_setup.sh
[2.035s] -- Up-to-date symlink: /home/ubuntu/workspace/robotics_v1/install/robo_collector_interfaces/share/robo_collector_interfaces/local_setup.zsh
[2.044s] -- Up-to-date symlink: /home/ubuntu/workspace/robotics_v1/install/robo_collector_interfaces/share/robo_collector_interfaces/local_setup.dsv
[2.044s] -- Symlinking: /home/ubuntu/workspace/robotics_v1/install/robo_collector_interfaces/share/robo_collector_interfaces/package.dsv
[2.063s] -- Up-to-date symlink: /home/ubuntu/workspace/robotics_v1/install/robo_collector_interfaces/share/ament_index/resource_index/packages/robo_collector_interfaces
[2.064s] -- Up-to-date symlink: /home/ubuntu/workspace/robotics_v1/install/robo_collector_interfaces/share/robo_collector_interfaces/cmake/rosidl_cmake-extras.cmake
[2.065s] -- Up-to-date symlink: /home/ubuntu/workspace/robotics_v1/install/robo_collector_interfaces/share/robo_collector_interfaces/cmake/ament_cmake_export_dependencies-extras.cmake
[2.066s] -- Up-to-date symlink: /home/ubuntu/workspace/robotics_v1/install/robo_collector_interfaces/share/robo_collector_interfaces/cmake/ament_cmake_export_libraries-extras.cmake
[2.068s] -- Up-to-date symlink: /home/ubuntu/workspace/robotics_v1/install/robo_collector_interfaces/share/robo_collector_interfaces/cmake/ament_cmake_export_targets-extras.cmake
[2.069s] -- Up-to-date symlink: /home/ubuntu/workspace/robotics_v1/install/robo_collector_interfaces/share/robo_collector_interfaces/cmake/ament_cmake_export_include_directories-extras.cmake
[2.071s] -- Up-to-date symlink: /home/ubuntu/workspace/robotics_v1/install/robo_collector_interfaces/share/robo_collector_interfaces/cmake/rosidl_cmake_export_typesupport_libraries-extras.cmake
[2.072s] -- Up-to-date symlink: /home/ubuntu/workspace/robotics_v1/install/robo_collector_interfaces/share/robo_collector_interfaces/cmake/rosidl_cmake_export_typesupport_targets-extras.cmake
[2.073s] -- Up-to-date symlink: /home/ubuntu/workspace/robotics_v1/install/robo_collector_interfaces/share/robo_collector_interfaces/cmake/robo_collector_interfacesConfig.cmake
[2.074s] -- Up-to-date symlink: /home/ubuntu/workspace/robotics_v1/install/robo_collector_interfaces/share/robo_collector_interfaces/cmake/robo_collector_interfacesConfig-version.cmake
[2.076s] -- Up-to-date symlink: /home/ubuntu/workspace/robotics_v1/install/robo_collector_interfaces/share/robo_collector_interfaces/package.xml
[2.077s] -- Up-to-date: /home/ubuntu/workspace/robotics_v1/install/robo_collector_interfaces/lib/librobo_collector_interfaces__rosidl_generator_c.so
[2.078s] -- Up-to-date: /home/ubuntu/workspace/robotics_v1/install/robo_collector_interfaces/lib/librobo_collector_interfaces__rosidl_typesupport_introspection_c.so
[2.080s] -- Up-to-date: /home/ubuntu/workspace/robotics_v1/install/robo_collector_interfaces/lib/librobo_collector_interfaces__rosidl_typesupport_c.so
[2.082s] -- Up-to-date: /home/ubuntu/workspace/robotics_v1/install/robo_collector_interfaces/lib/librobo_collector_interfaces__rosidl_typesupport_introspection_cpp.so
[2.084s] -- Up-to-date: /home/ubuntu/workspace/robotics_v1/install/robo_collector_interfaces/lib/librobo_collector_interfaces__rosidl_typesupport_cpp.so
[2.181s] -- Up-to-date: /home/ubuntu/workspace/robotics_v1/install/robo_collector_interfaces/share/robo_collector_interfaces/cmake/robo_collector_interfaces__rosidl_generator_cExport.cmake
[2.181s] -- Up-to-date: /home/ubuntu/workspace/robotics_v1/install/robo_collector_interfaces/share/robo_collector_interfaces/cmake/robo_collector_interfaces__rosidl_generator_cExport-debug.cmake
[2.182s] -- Up-to-date: /home/ubuntu/workspace/robotics_v1/install/robo_collector_interfaces/share/robo_collector_interfaces/cmake/robo_collector_interfaces__rosidl_typesupport_introspection_cExport.cmake
[2.182s] -- Up-to-date: /home/ubuntu/workspace/robotics_v1/install/robo_collector_interfaces/share/robo_collector_interfaces/cmake/robo_collector_interfaces__rosidl_typesupport_introspection_cExport-debug.cmake
[2.182s] -- Up-to-date: /home/ubuntu/workspace/robotics_v1/install/robo_collector_interfaces/share/robo_collector_interfaces/cmake/robo_collector_interfaces__rosidl_typesupport_cExport.cmake
[2.183s] -- Up-to-date: /home/ubuntu/workspace/robotics_v1/install/robo_collector_interfaces/share/robo_collector_interfaces/cmake/robo_collector_interfaces__rosidl_typesupport_cExport-debug.cmake
[2.183s] -- Up-to-date: /home/ubuntu/workspace/robotics_v1/install/robo_collector_interfaces/share/robo_collector_interfaces/cmake/robo_collector_interfaces__rosidl_generator_cppExport.cmake
[2.183s] -- Up-to-date: /home/ubuntu/workspace/robotics_v1/install/robo_collector_interfaces/share/robo_collector_interfaces/cmake/robo_collector_interfaces__rosidl_typesupport_introspection_cppExport.cmake
[2.183s] -- Up-to-date: /home/ubuntu/workspace/robotics_v1/install/robo_collector_interfaces/share/robo_collector_interfaces/cmake/robo_collector_interfaces__rosidl_typesupport_introspection_cppExport-debug.cmake
[2.184s] -- Up-to-date: /home/ubuntu/workspace/robotics_v1/install/robo_collector_interfaces/share/robo_collector_interfaces/cmake/robo_collector_interfaces__rosidl_typesupport_cppExport.cmake
[2.184s] -- Up-to-date: /home/ubuntu/workspace/robotics_v1/install/robo_collector_interfaces/share/robo_collector_interfaces/cmake/robo_collector_interfaces__rosidl_typesupport_cppExport-debug.cmake
[2.249s] Invoked command in '/home/ubuntu/workspace/robotics_v1/build/robo_collector_interfaces' returned '0': CMAKE_PREFIX_PATH=/opt/ros/foxy /usr/bin/cmake --install /home/ubuntu/workspace/robotics_v1/build/robo_collector_interfaces
