[0.520s] Invoking command in '/home/ubuntu/workspace/robotics_v1/build/robo_miner_gui': AMENT_PREFIX_PATH=/home/ubuntu/workspace/robotics_v1/install/robo_miner_common:/home/ubuntu/workspace/robotics_v1/install/robo_miner_interfaces:${AMENT_PREFIX_PATH} CMAKE_PREFIX_PATH=/home/ubuntu/workspace/robotics_v1/install/ros2_game_engine:/home/ubuntu/workspace/robotics_v1/install/robo_miner_common:/home/ubuntu/workspace/robotics_v1/install/robo_common:/home/ubuntu/workspace/robotics_v1/install/game_engine:/home/ubuntu/workspace/robotics_v1/install/manager_utils:/home/ubuntu/workspace/robotics_v1/install/sdl_utils:/home/ubuntu/workspace/robotics_v1/install/resource_utils:/home/ubuntu/workspace/robotics_v1/install/utils:/home/ubuntu/workspace/robotics_v1/install/robo_miner_interfaces:/home/ubuntu/workspace/robotics_v1/install/cmake_helpers:/opt/ros/foxy LD_LIBRARY_PATH=/home/ubuntu/workspace/robotics_v1/install/robo_miner_interfaces/lib:${LD_LIBRARY_PATH} PKG_CONFIG_PATH=/home/ubuntu/workspace/robotics_v1/install/ros2_game_engine/lib/x86_64-linux-gnu/pkgconfig:/home/ubuntu/workspace/robotics_v1/install/ros2_game_engine/lib/pkgconfig:/home/ubuntu/workspace/robotics_v1/install/robo_common/lib/x86_64-linux-gnu/pkgconfig:/home/ubuntu/workspace/robotics_v1/install/robo_common/lib/pkgconfig:/home/ubuntu/workspace/robotics_v1/install/game_engine/lib/x86_64-linux-gnu/pkgconfig:/home/ubuntu/workspace/robotics_v1/install/game_engine/lib/pkgconfig:/home/ubuntu/workspace/robotics_v1/install/manager_utils/lib/x86_64-linux-gnu/pkgconfig:/home/ubuntu/workspace/robotics_v1/install/manager_utils/lib/pkgconfig:/home/ubuntu/workspace/robotics_v1/install/sdl_utils/lib/x86_64-linux-gnu/pkgconfig:/home/ubuntu/workspace/robotics_v1/install/sdl_utils/lib/pkgconfig:/home/ubuntu/workspace/robotics_v1/install/resource_utils/lib/x86_64-linux-gnu/pkgconfig:/home/ubuntu/workspace/robotics_v1/install/resource_utils/lib/pkgconfig:/home/ubuntu/workspace/robotics_v1/install/utils/lib/x86_64-linux-gnu/pkgconfig:/home/ubuntu/workspace/robotics_v1/install/utils/lib/pkgconfig:/home/ubuntu/workspace/robotics_v1/install/cmake_helpers/lib/x86_64-linux-gnu/pkgconfig:/home/ubuntu/workspace/robotics_v1/install/cmake_helpers/lib/pkgconfig PYTHONPATH=/home/ubuntu/workspace/robotics_v1/install/robo_miner_interfaces/lib/python3.8/site-packages:${PYTHONPATH} /usr/bin/cmake --build /home/ubuntu/workspace/robotics_v1/build/robo_miner_gui -- -j4 -l4
[1.075s] [100%] Built target robo_miner_gui
[1.178s] Invoked command in '/home/ubuntu/workspace/robotics_v1/build/robo_miner_gui' returned '0': AMENT_PREFIX_PATH=/home/ubuntu/workspace/robotics_v1/install/robo_miner_common:/home/ubuntu/workspace/robotics_v1/install/robo_miner_interfaces:${AMENT_PREFIX_PATH} CMAKE_PREFIX_PATH=/home/ubuntu/workspace/robotics_v1/install/ros2_game_engine:/home/ubuntu/workspace/robotics_v1/install/robo_miner_common:/home/ubuntu/workspace/robotics_v1/install/robo_common:/home/ubuntu/workspace/robotics_v1/install/game_engine:/home/ubuntu/workspace/robotics_v1/install/manager_utils:/home/ubuntu/workspace/robotics_v1/install/sdl_utils:/home/ubuntu/workspace/robotics_v1/install/resource_utils:/home/ubuntu/workspace/robotics_v1/install/utils:/home/ubuntu/workspace/robotics_v1/install/robo_miner_interfaces:/home/ubuntu/workspace/robotics_v1/install/cmake_helpers:/opt/ros/foxy LD_LIBRARY_PATH=/home/ubuntu/workspace/robotics_v1/install/robo_miner_interfaces/lib:${LD_LIBRARY_PATH} PKG_CONFIG_PATH=/home/ubuntu/workspace/robotics_v1/install/ros2_game_engine/lib/x86_64-linux-gnu/pkgconfig:/home/ubuntu/workspace/robotics_v1/install/ros2_game_engine/lib/pkgconfig:/home/ubuntu/workspace/robotics_v1/install/robo_common/lib/x86_64-linux-gnu/pkgconfig:/home/ubuntu/workspace/robotics_v1/install/robo_common/lib/pkgconfig:/home/ubuntu/workspace/robotics_v1/install/game_engine/lib/x86_64-linux-gnu/pkgconfig:/home/ubuntu/workspace/robotics_v1/install/game_engine/lib/pkgconfig:/home/ubuntu/workspace/robotics_v1/install/manager_utils/lib/x86_64-linux-gnu/pkgconfig:/home/ubuntu/workspace/robotics_v1/install/manager_utils/lib/pkgconfig:/home/ubuntu/workspace/robotics_v1/install/sdl_utils/lib/x86_64-linux-gnu/pkgconfig:/home/ubuntu/workspace/robotics_v1/install/sdl_utils/lib/pkgconfig:/home/ubuntu/workspace/robotics_v1/install/resource_utils/lib/x86_64-linux-gnu/pkgconfig:/home/ubuntu/workspace/robotics_v1/install/resource_utils/lib/pkgconfig:/home/ubuntu/workspace/robotics_v1/install/utils/lib/x86_64-linux-gnu/pkgconfig:/home/ubuntu/workspace/robotics_v1/install/utils/lib/pkgconfig:/home/ubuntu/workspace/robotics_v1/install/cmake_helpers/lib/x86_64-linux-gnu/pkgconfig:/home/ubuntu/workspace/robotics_v1/install/cmake_helpers/lib/pkgconfig PYTHONPATH=/home/ubuntu/workspace/robotics_v1/install/robo_miner_interfaces/lib/python3.8/site-packages:${PYTHONPATH} /usr/bin/cmake --build /home/ubuntu/workspace/robotics_v1/build/robo_miner_gui -- -j4 -l4
[1.714s] Invoking command in '/home/ubuntu/workspace/robotics_v1/build/robo_miner_gui': AMENT_PREFIX_PATH=/home/ubuntu/workspace/robotics_v1/install/robo_miner_common:/home/ubuntu/workspace/robotics_v1/install/robo_miner_interfaces:${AMENT_PREFIX_PATH} CMAKE_PREFIX_PATH=/home/ubuntu/workspace/robotics_v1/install/ros2_game_engine:/home/ubuntu/workspace/robotics_v1/install/robo_miner_common:/home/ubuntu/workspace/robotics_v1/install/robo_common:/home/ubuntu/workspace/robotics_v1/install/game_engine:/home/ubuntu/workspace/robotics_v1/install/manager_utils:/home/ubuntu/workspace/robotics_v1/install/sdl_utils:/home/ubuntu/workspace/robotics_v1/install/resource_utils:/home/ubuntu/workspace/robotics_v1/install/utils:/home/ubuntu/workspace/robotics_v1/install/robo_miner_interfaces:/home/ubuntu/workspace/robotics_v1/install/cmake_helpers:/opt/ros/foxy LD_LIBRARY_PATH=/home/ubuntu/workspace/robotics_v1/install/robo_miner_interfaces/lib:${LD_LIBRARY_PATH} PKG_CONFIG_PATH=/home/ubuntu/workspace/robotics_v1/install/ros2_game_engine/lib/x86_64-linux-gnu/pkgconfig:/home/ubuntu/workspace/robotics_v1/install/ros2_game_engine/lib/pkgconfig:/home/ubuntu/workspace/robotics_v1/install/robo_common/lib/x86_64-linux-gnu/pkgconfig:/home/ubuntu/workspace/robotics_v1/install/robo_common/lib/pkgconfig:/home/ubuntu/workspace/robotics_v1/install/game_engine/lib/x86_64-linux-gnu/pkgconfig:/home/ubuntu/workspace/robotics_v1/install/game_engine/lib/pkgconfig:/home/ubuntu/workspace/robotics_v1/install/manager_utils/lib/x86_64-linux-gnu/pkgconfig:/home/ubuntu/workspace/robotics_v1/install/manager_utils/lib/pkgconfig:/home/ubuntu/workspace/robotics_v1/install/sdl_utils/lib/x86_64-linux-gnu/pkgconfig:/home/ubuntu/workspace/robotics_v1/install/sdl_utils/lib/pkgconfig:/home/ubuntu/workspace/robotics_v1/install/resource_utils/lib/x86_64-linux-gnu/pkgconfig:/home/ubuntu/workspace/robotics_v1/install/resource_utils/lib/pkgconfig:/home/ubuntu/workspace/robotics_v1/install/utils/lib/x86_64-linux-gnu/pkgconfig:/home/ubuntu/workspace/robotics_v1/install/utils/lib/pkgconfig:/home/ubuntu/workspace/robotics_v1/install/cmake_helpers/lib/x86_64-linux-gnu/pkgconfig:/home/ubuntu/workspace/robotics_v1/install/cmake_helpers/lib/pkgconfig PYTHONPATH=/home/ubuntu/workspace/robotics_v1/install/robo_miner_interfaces/lib/python3.8/site-packages:${PYTHONPATH} /usr/bin/cmake --install /home/ubuntu/workspace/robotics_v1/build/robo_miner_gui
[1.788s] -- Install configuration: "Debug"
[1.790s] -- Execute custom install script
[1.791s] -- Up-to-date symlink: /home/ubuntu/workspace/robotics_v1/install/robo_miner_gui/share/robo_miner_gui/package.xml
[1.795s] -- Up-to-date symlink: /home/ubuntu/workspace/robotics_v1/install/robo_miner_gui/share/robo_miner_gui//launch/launch.py
[1.798s] -- Up-to-date symlink: /home/ubuntu/workspace/robotics_v1/install/robo_miner_gui/share/robo_miner_gui//config/params.yaml
[1.799s] -- Up-to-date symlink: /home/ubuntu/workspace/robotics_v1/install/robo_miner_gui/lib/robo_miner_gui/robo_miner_gui
[1.801s] -- Symlinking: /home/ubuntu/workspace/robotics_v1/install/robo_miner_gui/share/ament_index/resource_index/packages/robo_miner_gui
[1.889s] -- Up-to-date symlink: /home/ubuntu/workspace/robotics_v1/install/robo_miner_gui/share/robo_miner_gui/hook/ament_prefix_path.dsv
[1.889s] -- Up-to-date symlink: /home/ubuntu/workspace/robotics_v1/install/robo_miner_gui/share/robo_miner_gui/hook/ros_package_path.dsv
[1.890s] -- Up-to-date symlink: /home/ubuntu/workspace/robotics_v1/install/robo_miner_gui/share/ament_index/resource_index/package_run_dependencies/robo_miner_gui
[1.891s] -- Up-to-date symlink: /home/ubuntu/workspace/robotics_v1/install/robo_miner_gui/share/ament_index/resource_index/parent_prefix_path/robo_miner_gui
[1.893s] -- Up-to-date symlink: /home/ubuntu/workspace/robotics_v1/install/robo_miner_gui/share/robo_miner_gui/environment/ament_prefix_path.sh
[1.895s] -- Up-to-date symlink: /home/ubuntu/workspace/robotics_v1/install/robo_miner_gui/share/robo_miner_gui/environment/ament_prefix_path.dsv
[1.898s] -- Up-to-date symlink: /home/ubuntu/workspace/robotics_v1/install/robo_miner_gui/share/robo_miner_gui/environment/path.sh
[1.903s] -- Up-to-date symlink: /home/ubuntu/workspace/robotics_v1/install/robo_miner_gui/share/robo_miner_gui/environment/path.dsv
[1.904s] -- Up-to-date symlink: /home/ubuntu/workspace/robotics_v1/install/robo_miner_gui/share/robo_miner_gui/local_setup.bash
[1.907s] -- Up-to-date symlink: /home/ubuntu/workspace/robotics_v1/install/robo_miner_gui/share/robo_miner_gui/local_setup.sh
[1.909s] -- Up-to-date symlink: /home/ubuntu/workspace/robotics_v1/install/robo_miner_gui/share/robo_miner_gui/local_setup.zsh
[1.911s] -- Up-to-date symlink: /home/ubuntu/workspace/robotics_v1/install/robo_miner_gui/share/robo_miner_gui/local_setup.dsv
[1.913s] -- Symlinking: /home/ubuntu/workspace/robotics_v1/install/robo_miner_gui/share/robo_miner_gui/package.dsv
[2.026s] -- Symlinking: /home/ubuntu/workspace/robotics_v1/install/robo_miner_gui/share/ament_index/resource_index/packages/robo_miner_gui
[2.171s] -- Up-to-date symlink: /home/ubuntu/workspace/robotics_v1/install/robo_miner_gui/share/robo_miner_gui/cmake/robo_miner_guiConfig.cmake
[2.173s] -- Up-to-date symlink: /home/ubuntu/workspace/robotics_v1/install/robo_miner_gui/share/robo_miner_gui/cmake/robo_miner_guiConfig-version.cmake
[2.180s] -- Up-to-date symlink: /home/ubuntu/workspace/robotics_v1/install/robo_miner_gui/share/robo_miner_gui/package.xml
[2.181s] -- Up-to-date symlink: /home/ubuntu/workspace/robotics_v1/install/robo_miner_gui/share/robo_miner_gui/resources//RoboMinerGui.rsrc
[2.181s] -- Up-to-date symlink: /home/ubuntu/workspace/robotics_v1/install/robo_miner_gui/share/robo_miner_gui/resources//f/vinque_rg_20.ttf
[2.190s] -- Up-to-date symlink: /home/ubuntu/workspace/robotics_v1/install/robo_miner_gui/share/robo_miner_gui/resources//f/vinque_rg_30.ttf
[2.191s] -- Up-to-date symlink: /home/ubuntu/workspace/robotics_v1/install/robo_miner_gui/share/robo_miner_gui/resources//f/vinque_rg_75.ttf
[2.211s] -- Up-to-date symlink: /home/ubuntu/workspace/robotics_v1/install/robo_miner_gui/share/robo_miner_gui/resources//generated/RoboMinerGuiResources.h
[2.211s] -- Up-to-date symlink: /home/ubuntu/workspace/robotics_v1/install/robo_miner_gui/share/robo_miner_gui/resources//generated/RoboMinerGuiResourcesDynamic.h
[2.211s] -- Up-to-date symlink: /home/ubuntu/workspace/robotics_v1/install/robo_miner_gui/share/robo_miner_gui/resources//generated/RoboMinerGuiResourcesDynamicValues.h
[2.211s] -- Up-to-date symlink: /home/ubuntu/workspace/robotics_v1/install/robo_miner_gui/share/robo_miner_gui/resources//generated/fonts.bin
[2.212s] -- Up-to-date symlink: /home/ubuntu/workspace/robotics_v1/install/robo_miner_gui/share/robo_miner_gui/resources//generated/resources.bin
[2.216s] -- Up-to-date symlink: /home/ubuntu/workspace/robotics_v1/install/robo_miner_gui/share/robo_miner_gui/resources//generated/sounds.bin
[2.216s] -- Up-to-date symlink: /home/ubuntu/workspace/robotics_v1/install/robo_miner_gui/share/robo_miner_gui/resources//levels/level_1/field_map.txt
[2.220s] -- Up-to-date symlink: /home/ubuntu/workspace/robotics_v1/install/robo_miner_gui/share/robo_miner_gui/resources//levels/level_1/solution.txt
[2.220s] -- Up-to-date symlink: /home/ubuntu/workspace/robotics_v1/install/robo_miner_gui/share/robo_miner_gui/resources//levels/level_2/field_map.txt
[2.221s] -- Up-to-date symlink: /home/ubuntu/workspace/robotics_v1/install/robo_miner_gui/share/robo_miner_gui/resources//levels/level_2/solution.txt
[2.221s] -- Up-to-date symlink: /home/ubuntu/workspace/robotics_v1/install/robo_miner_gui/share/robo_miner_gui/resources//levels/level_3/field_map.txt
[2.225s] -- Up-to-date symlink: /home/ubuntu/workspace/robotics_v1/install/robo_miner_gui/share/robo_miner_gui/resources//levels/level_3/solution.txt
[2.227s] -- Up-to-date symlink: /home/ubuntu/workspace/robotics_v1/install/robo_miner_gui/share/robo_miner_gui/resources//p/background/fogOfWar.png
[2.234s] -- Up-to-date symlink: /home/ubuntu/workspace/robotics_v1/install/robo_miner_gui/share/robo_miner_gui/resources//p/background/map.png
[2.236s] -- Up-to-date symlink: /home/ubuntu/workspace/robotics_v1/install/robo_miner_gui/share/robo_miner_gui/resources//p/background/obstacle.png
[2.241s] -- Up-to-date symlink: /home/ubuntu/workspace/robotics_v1/install/robo_miner_gui/share/robo_miner_gui/resources//p/background/tile.png
[2.241s] -- Up-to-date symlink: /home/ubuntu/workspace/robotics_v1/install/robo_miner_gui/share/robo_miner_gui/resources//p/entities/crystals.png
[2.242s] -- Up-to-date symlink: /home/ubuntu/workspace/robotics_v1/install/robo_miner_gui/share/robo_miner_gui/resources//p/entities/damage_marker.png
[2.243s] -- Up-to-date symlink: /home/ubuntu/workspace/robotics_v1/install/robo_miner_gui/share/robo_miner_gui/resources//p/entities/player_robot.png
[2.245s] -- Up-to-date symlink: /home/ubuntu/workspace/robotics_v1/install/robo_miner_gui/share/robo_miner_gui/resources//p/panels/crystal_panel.png
[2.246s] -- Up-to-date symlink: /home/ubuntu/workspace/robotics_v1/install/robo_miner_gui/share/robo_miner_gui/resources//p/panels/health_indicator.png
[2.247s] -- Up-to-date symlink: /home/ubuntu/workspace/robotics_v1/install/robo_miner_gui/share/robo_miner_gui/resources//p/panels/health_panel.png
[2.249s] -- Up-to-date symlink: /home/ubuntu/workspace/robotics_v1/install/robo_miner_gui/share/robo_miner_gui/resources//p/panels/hor_delimiter.png
[2.250s] -- Up-to-date symlink: /home/ubuntu/workspace/robotics_v1/install/robo_miner_gui/share/robo_miner_gui/resources//p/panels/tile_panel.png
[2.251s] -- Up-to-date symlink: /home/ubuntu/workspace/robotics_v1/install/robo_miner_gui/share/robo_miner_gui/resources//p/panels/vert_delimiter.png
[2.253s] -- Up-to-date symlink: /home/ubuntu/workspace/robotics_v1/install/robo_miner_gui/share/robo_miner_gui/resources//p/stars/star_single.png
[2.255s] -- Up-to-date symlink: /home/ubuntu/workspace/robotics_v1/install/robo_miner_gui/share/robo_miner_gui/resources//p/stars/stars.png
[2.294s] Invoked command in '/home/ubuntu/workspace/robotics_v1/build/robo_miner_gui' returned '0': AMENT_PREFIX_PATH=/home/ubuntu/workspace/robotics_v1/install/robo_miner_common:/home/ubuntu/workspace/robotics_v1/install/robo_miner_interfaces:${AMENT_PREFIX_PATH} CMAKE_PREFIX_PATH=/home/ubuntu/workspace/robotics_v1/install/ros2_game_engine:/home/ubuntu/workspace/robotics_v1/install/robo_miner_common:/home/ubuntu/workspace/robotics_v1/install/robo_common:/home/ubuntu/workspace/robotics_v1/install/game_engine:/home/ubuntu/workspace/robotics_v1/install/manager_utils:/home/ubuntu/workspace/robotics_v1/install/sdl_utils:/home/ubuntu/workspace/robotics_v1/install/resource_utils:/home/ubuntu/workspace/robotics_v1/install/utils:/home/ubuntu/workspace/robotics_v1/install/robo_miner_interfaces:/home/ubuntu/workspace/robotics_v1/install/cmake_helpers:/opt/ros/foxy LD_LIBRARY_PATH=/home/ubuntu/workspace/robotics_v1/install/robo_miner_interfaces/lib:${LD_LIBRARY_PATH} PKG_CONFIG_PATH=/home/ubuntu/workspace/robotics_v1/install/ros2_game_engine/lib/x86_64-linux-gnu/pkgconfig:/home/ubuntu/workspace/robotics_v1/install/ros2_game_engine/lib/pkgconfig:/home/ubuntu/workspace/robotics_v1/install/robo_common/lib/x86_64-linux-gnu/pkgconfig:/home/ubuntu/workspace/robotics_v1/install/robo_common/lib/pkgconfig:/home/ubuntu/workspace/robotics_v1/install/game_engine/lib/x86_64-linux-gnu/pkgconfig:/home/ubuntu/workspace/robotics_v1/install/game_engine/lib/pkgconfig:/home/ubuntu/workspace/robotics_v1/install/manager_utils/lib/x86_64-linux-gnu/pkgconfig:/home/ubuntu/workspace/robotics_v1/install/manager_utils/lib/pkgconfig:/home/ubuntu/workspace/robotics_v1/install/sdl_utils/lib/x86_64-linux-gnu/pkgconfig:/home/ubuntu/workspace/robotics_v1/install/sdl_utils/lib/pkgconfig:/home/ubuntu/workspace/robotics_v1/install/resource_utils/lib/x86_64-linux-gnu/pkgconfig:/home/ubuntu/workspace/robotics_v1/install/resource_utils/lib/pkgconfig:/home/ubuntu/workspace/robotics_v1/install/utils/lib/x86_64-linux-gnu/pkgconfig:/home/ubuntu/workspace/robotics_v1/install/utils/lib/pkgconfig:/home/ubuntu/workspace/robotics_v1/install/cmake_helpers/lib/x86_64-linux-gnu/pkgconfig:/home/ubuntu/workspace/robotics_v1/install/cmake_helpers/lib/pkgconfig PYTHONPATH=/home/ubuntu/workspace/robotics_v1/install/robo_miner_interfaces/lib/python3.8/site-packages:${PYTHONPATH} /usr/bin/cmake --install /home/ubuntu/workspace/robotics_v1/build/robo_miner_gui
