[0.049s] Invoking command in '/home/ubuntu/workspace/robotics_v1/build/robo_miner_controller': AMENT_PREFIX_PATH=/home/ubuntu/workspace/robotics_v1/install/robo_miner_interfaces:${AMENT_PREFIX_PATH} CMAKE_PREFIX_PATH=/home/ubuntu/workspace/robotics_v1/install/robo_miner_interfaces:/opt/ros/foxy LD_LIBRARY_PATH=/home/ubuntu/workspace/robotics_v1/install/robo_miner_interfaces/lib:${LD_LIBRARY_PATH} PYTHONPATH=/home/ubuntu/workspace/robotics_v1/install/robo_miner_interfaces/lib/python3.8/site-packages:${PYTHONPATH} /usr/bin/cmake --build /home/ubuntu/workspace/robotics_v1/build/robo_miner_controller -- -j4 -l4
[0.181s] [35m[1mScanning dependencies of target robo_miner_controller[0m
[0.314s] [ 50%] [32mBuilding CXX object CMakeFiles/robo_miner_controller.dir/src/robo_miner_controller.cpp.o[0m
[4.325s] In file included from [01m[K/home/ubuntu/workspace/robotics_v1/src/robo_miner/robo_miner_controller/include/robo_miner_controller/RobotMoveLogistics/RobotMoveLogistics.hpp:5[m[K,
[4.326s]                  from [01m[K/home/ubuntu/workspace/robotics_v1/src/robo_miner/robo_miner_controller/src/robo_miner_controller.cpp:19[m[K:
[4.326s] [01m[K/home/ubuntu/workspace/robotics_v1/src/robo_miner/robo_miner_controller/include/robo_miner_controller/MapNode/MapNode.hpp:[m[K In constructor ‘[01m[KMapNode::MapNode(int, int, char, bool)[m[K’:
[4.326s] [01m[K/home/ubuntu/workspace/robotics_v1/src/robo_miner/robo_miner_controller/include/robo_miner_controller/MapNode/MapNode.hpp:12:11:[m[K [01;35m[Kwarning: [m[K‘[01m[KMapNode::fieldtype[m[K’ will be initialized after [[01;35m[K-Wreorder[m[K]
[4.326s]    12 | FieldType [01;35m[Kfieldtype[m[K;
[4.326s]       |           [01;35m[K^~~~~~~~~[m[K
[4.327s] [01m[K/home/ubuntu/workspace/robotics_v1/src/robo_miner/robo_miner_controller/include/robo_miner_controller/MapNode/MapNode.hpp:11:6:[m[K [01;35m[Kwarning: [m[K  ‘[01m[Kbool MapNode::locked[m[K’ [[01;35m[K-Wreorder[m[K]
[4.327s]    11 | bool [01;35m[Klocked[m[K = false;
[4.327s]       |      [01;35m[K^~~~~~[m[K
[4.328s] [01m[K/home/ubuntu/workspace/robotics_v1/src/robo_miner/robo_miner_controller/include/robo_miner_controller/MapNode/MapNode.hpp:17:2:[m[K [01;35m[Kwarning: [m[K  when initialized here [[01;35m[K-Wreorder[m[K]
[4.328s]    17 |  [01;35m[KMapNode[m[K(int x,int y,char fieldtype,bool locked = false):fieldtype(getCrystalType(fieldtype)),locked(locked),send_location({x,y}){
[4.328s]       |  [01;35m[K^~~~~~~[m[K
[4.333s] [01m[K/home/ubuntu/workspace/robotics_v1/src/robo_miner/robo_miner_controller/include/robo_miner_controller/MapNode/MapNode.hpp:[m[K In constructor ‘[01m[KMapNode::MapNode(char, bool)[m[K’:
[4.333s] [01m[K/home/ubuntu/workspace/robotics_v1/src/robo_miner/robo_miner_controller/include/robo_miner_controller/MapNode/MapNode.hpp:12:11:[m[K [01;35m[Kwarning: [m[K‘[01m[KMapNode::fieldtype[m[K’ will be initialized after [[01;35m[K-Wreorder[m[K]
[4.333s]    12 | FieldType [01;35m[Kfieldtype[m[K;
[4.333s]       |           [01;35m[K^~~~~~~~~[m[K
[4.334s] [01m[K/home/ubuntu/workspace/robotics_v1/src/robo_miner/robo_miner_controller/include/robo_miner_controller/MapNode/MapNode.hpp:11:6:[m[K [01;35m[Kwarning: [m[K  ‘[01m[Kbool MapNode::locked[m[K’ [[01;35m[K-Wreorder[m[K]
[4.334s]    11 | bool [01;35m[Klocked[m[K = false;
[4.334s]       |      [01;35m[K^~~~~~[m[K
[4.334s] In file included from [01m[K/home/ubuntu/workspace/robotics_v1/src/robo_miner/robo_miner_controller/include/robo_miner_controller/RobotMoveLogistics/RobotMoveLogistics.hpp:5[m[K,
[4.334s]                  from [01m[K/home/ubuntu/workspace/robotics_v1/src/robo_miner/robo_miner_controller/src/robo_miner_controller.cpp:19[m[K:
[4.334s] [01m[K/home/ubuntu/workspace/robotics_v1/src/robo_miner/robo_miner_controller/include/robo_miner_controller/MapNode/MapNode.hpp:20:2:[m[K [01;35m[Kwarning: [m[K  when initialized here [[01;35m[K-Wreorder[m[K]
[4.334s]    20 |  [01;35m[KMapNode[m[K(char fieldtype,bool locked = false):fieldtype(getCrystalType(fieldtype)),locked(locked){
[4.335s]       |  [01;35m[K^~~~~~~[m[K
[4.401s] In file included from [01m[K/home/ubuntu/workspace/robotics_v1/src/robo_miner/robo_miner_controller/src/robo_miner_controller.cpp:19[m[K:
[4.402s] [01m[K/home/ubuntu/workspace/robotics_v1/src/robo_miner/robo_miner_controller/include/robo_miner_controller/RobotMoveLogistics/RobotMoveLogistics.hpp:[m[K In member function ‘[01m[Kstd::pair<long unsigned int, long unsigned int> RobotMoverLogistics::getSizes()[m[K’:
[4.402s] [01m[K/home/ubuntu/workspace/robotics_v1/src/robo_miner/robo_miner_controller/include/robo_miner_controller/RobotMoveLogistics/RobotMoveLogistics.hpp:249:8:[m[K [01;35m[Kwarning: [m[Kunused variable ‘[01m[KXsize[m[K’ [[01;35m[K-Wunused-variable[m[K]
[4.402s]   249 |    int [01;35m[KXsize[m[K = maxMapX -  minMapX;
[4.402s]       |        [01;35m[K^~~~~[m[K
[4.402s] [01m[K/home/ubuntu/workspace/robotics_v1/src/robo_miner/robo_miner_controller/include/robo_miner_controller/RobotMoveLogistics/RobotMoveLogistics.hpp:250:8:[m[K [01;35m[Kwarning: [m[Kunused variable ‘[01m[KYsize[m[K’ [[01;35m[K-Wunused-variable[m[K]
[4.402s]   250 |    int [01;35m[KYsize[m[K = maxMapY - minMapY;
[4.403s]       |        [01;35m[K^~~~~[m[K
[4.412s] [01m[K/home/ubuntu/workspace/robotics_v1/src/robo_miner/robo_miner_controller/include/robo_miner_controller/RobotMoveLogistics/RobotMoveLogistics.hpp:[m[K In member function ‘[01m[Kvoid RobotMoverLogistics::DFSFindLonggestGemRec(int, int, int)[m[K’:
[4.412s] [01m[K/home/ubuntu/workspace/robotics_v1/src/robo_miner/robo_miner_controller/include/robo_miner_controller/RobotMoveLogistics/RobotMoveLogistics.hpp:306:16:[m[K [01;35m[Kwarning: [m[Kformat ‘[01m[K%d[m[K’ expects a matching ‘[01m[Kint[m[K’ argument [[01;35m[K-Wformat=[m[K]
[4.413s]   306 |    printf("X: [01;35m[K%d[m[K, Y: %d, id: %d\n");
[4.414s]       |               [01;35m[K~^[m[K
[4.414s]       |                [01;35m[K|[m[K
[4.415s]       |                [01;35m[Kint[m[K
[4.415s] [01m[K/home/ubuntu/workspace/robotics_v1/src/robo_miner/robo_miner_controller/include/robo_miner_controller/RobotMoveLogistics/RobotMoveLogistics.hpp:306:23:[m[K [01;35m[Kwarning: [m[Kformat ‘[01m[K%d[m[K’ expects a matching ‘[01m[Kint[m[K’ argument [[01;35m[K-Wformat=[m[K]
[4.415s]   306 |    printf("X: %d, Y: [01;35m[K%d[m[K, id: %d\n");
[4.415s]       |                      [01;35m[K~^[m[K
[4.415s]       |                       [01;35m[K|[m[K
[4.416s]       |                       [01;35m[Kint[m[K
[4.416s] [01m[K/home/ubuntu/workspace/robotics_v1/src/robo_miner/robo_miner_controller/include/robo_miner_controller/RobotMoveLogistics/RobotMoveLogistics.hpp:306:31:[m[K [01;35m[Kwarning: [m[Kformat ‘[01m[K%d[m[K’ expects a matching ‘[01m[Kint[m[K’ argument [[01;35m[K-Wformat=[m[K]
[4.416s]   306 |    printf("X: %d, Y: %d, id: [01;35m[K%d[m[K\n");
[4.416s]       |                              [01;35m[K~^[m[K
[4.416s]       |                               [01;35m[K|[m[K
[4.416s]       |                               [01;35m[Kint[m[K
[4.417s] [01m[K/home/ubuntu/workspace/robotics_v1/src/robo_miner/robo_miner_controller/include/robo_miner_controller/RobotMoveLogistics/RobotMoveLogistics.hpp:308:8:[m[K [01;35m[Kwarning: [m[Kcomparison of integer expressions of different signedness: ‘[01m[Kint[m[K’ and ‘[01m[Kstd::vector<std::shared_ptr<MapNode> >::size_type[m[K’ {aka ‘[01m[Klong unsigned int[m[K’} [[01;35m[K-Wsign-compare[m[K]
[4.417s]   308 |    if([01;35m[Kx>=this->num[0].size()[m[K || x<0 || y<0 || y>=this->num.size() ){
[4.417s]       |       [01;35m[K~^~~~~~~~~~~~~~~~~~~~~[m[K
[4.417s] [01m[K/home/ubuntu/workspace/robotics_v1/src/robo_miner/robo_miner_controller/include/robo_miner_controller/RobotMoveLogistics/RobotMoveLogistics.hpp:308:48:[m[K [01;35m[Kwarning: [m[Kcomparison of integer expressions of different signedness: ‘[01m[Kint[m[K’ and ‘[01m[Kstd::vector<std::vector<std::shared_ptr<MapNode> > >::size_type[m[K’ {aka ‘[01m[Klong unsigned int[m[K’} [[01;35m[K-Wsign-compare[m[K]
[4.417s]   308 |    if(x>=this->num[0].size() || x<0 || y<0 || [01;35m[Ky>=this->num.size()[m[K ){
[4.417s]       |                                               [01;35m[K~^~~~~~~~~~~~~~~~~~[m[K
[4.418s] [01m[K/home/ubuntu/workspace/robotics_v1/src/robo_miner/robo_miner_controller/include/robo_miner_controller/RobotMoveLogistics/RobotMoveLogistics.hpp:[m[K In member function ‘[01m[Kvoid RobotMoverLogistics::DFSFindLonggestGem()[m[K’:
[4.419s] [01m[K/home/ubuntu/workspace/robotics_v1/src/robo_miner/robo_miner_controller/include/robo_miner_controller/RobotMoveLogistics/RobotMoveLogistics.hpp:348:19:[m[K [01;35m[Kwarning: [m[Kcomparison of integer expressions of different signedness: ‘[01m[Kint[m[K’ and ‘[01m[Kstd::vector<std::vector<std::shared_ptr<MapNode> > >::size_type[m[K’ {aka ‘[01m[Klong unsigned int[m[K’} [[01;35m[K-Wsign-compare[m[K]
[4.419s]   348 |    for(int i = 0;[01;35m[Ki<this->num.size()[m[K;i++){
[4.419s]       |                  [01;35m[K~^~~~~~~~~~~~~~~~~[m[K
[4.419s] [01m[K/home/ubuntu/workspace/robotics_v1/src/robo_miner/robo_miner_controller/include/robo_miner_controller/RobotMoveLogistics/RobotMoveLogistics.hpp:349:20:[m[K [01;35m[Kwarning: [m[Kcomparison of integer expressions of different signedness: ‘[01m[Kint[m[K’ and ‘[01m[Kstd::vector<std::shared_ptr<MapNode> >::size_type[m[K’ {aka ‘[01m[Klong unsigned int[m[K’} [[01;35m[K-Wsign-compare[m[K]
[4.420s]   349 |     for(int j = 0;[01;35m[Kj<this->num[0].size()[m[K;j++){
[4.420s]       |                   [01;35m[K~^~~~~~~~~~~~~~~~~~~~[m[K
[4.426s] [01m[K/home/ubuntu/workspace/robotics_v1/src/robo_miner/robo_miner_controller/include/robo_miner_controller/RobotMoveLogistics/RobotMoveLogistics.hpp:[m[K In member function ‘[01m[Kstd::shared_ptr<robo_miner_interfaces::srv::LongestSequenceValidate_Request_<std::allocator<void> > > RobotMoverLogistics::longest_gem()[m[K’:
[4.426s] [01m[K/home/ubuntu/workspace/robotics_v1/src/robo_miner/robo_miner_controller/include/robo_miner_controller/RobotMoveLogistics/RobotMoveLogistics.hpp:371:11:[m[K [01;35m[Kwarning: [m[Kcomparison of integer expressions of different signedness: ‘[01m[Kint[m[K’ and ‘[01m[Kstd::vector<std::shared_ptr<MapNode> >::size_type[m[K’ {aka ‘[01m[Klong unsigned int[m[K’} [[01;35m[K-Wsign-compare[m[K]
[4.426s]   371 |     if([01;35m[Kmax<gems[i].size()[m[K){
[4.426s]       |        [01;35m[K~~~^~~~~~~~~~~~~~~[m[K
[6.810s] In file included from [01m[K/home/ubuntu/workspace/robotics_v1/src/robo_miner/robo_miner_controller/src/robo_miner_controller.cpp:19[m[K:
[6.811s] [01m[K/home/ubuntu/workspace/robotics_v1/src/robo_miner/robo_miner_controller/include/robo_miner_controller/RobotMoveLogistics/RobotMoveLogistics.hpp:[m[K In member function ‘[01m[Kstd::shared_ptr<MapNode> RobotMoverLogistics::get(int, int)[m[K’:
[6.811s] [01m[K/home/ubuntu/workspace/robotics_v1/src/robo_miner/robo_miner_controller/include/robo_miner_controller/RobotMoveLogistics/RobotMoveLogistics.hpp:69:3:[m[K [01;35m[Kwarning: [m[Kcontrol reaches end of non-void function [[01;35m[K-Wreturn-type[m[K]
[6.811s]    69 |   [01;35m[K}[m[K
[6.811s]       |   [01;35m[K^[m[K
[9.897s] [100%] [32m[1mLinking CXX executable robo_miner_controller[0m
[10.378s] [100%] Built target robo_miner_controller
[10.403s] Invoked command in '/home/ubuntu/workspace/robotics_v1/build/robo_miner_controller' returned '0': AMENT_PREFIX_PATH=/home/ubuntu/workspace/robotics_v1/install/robo_miner_interfaces:${AMENT_PREFIX_PATH} CMAKE_PREFIX_PATH=/home/ubuntu/workspace/robotics_v1/install/robo_miner_interfaces:/opt/ros/foxy LD_LIBRARY_PATH=/home/ubuntu/workspace/robotics_v1/install/robo_miner_interfaces/lib:${LD_LIBRARY_PATH} PYTHONPATH=/home/ubuntu/workspace/robotics_v1/install/robo_miner_interfaces/lib/python3.8/site-packages:${PYTHONPATH} /usr/bin/cmake --build /home/ubuntu/workspace/robotics_v1/build/robo_miner_controller -- -j4 -l4
[10.483s] Invoking command in '/home/ubuntu/workspace/robotics_v1/build/robo_miner_controller': AMENT_PREFIX_PATH=/home/ubuntu/workspace/robotics_v1/install/robo_miner_interfaces:${AMENT_PREFIX_PATH} CMAKE_PREFIX_PATH=/home/ubuntu/workspace/robotics_v1/install/robo_miner_interfaces:/opt/ros/foxy LD_LIBRARY_PATH=/home/ubuntu/workspace/robotics_v1/install/robo_miner_interfaces/lib:${LD_LIBRARY_PATH} PYTHONPATH=/home/ubuntu/workspace/robotics_v1/install/robo_miner_interfaces/lib/python3.8/site-packages:${PYTHONPATH} /usr/bin/cmake --install /home/ubuntu/workspace/robotics_v1/build/robo_miner_controller
[10.504s] -- Install configuration: ""
[10.505s] -- Installing: /home/ubuntu/workspace/robotics_v1/install/robo_miner_controller/lib/robo_miner_controller/robo_miner_controller
[10.508s] -- Set runtime path of "/home/ubuntu/workspace/robotics_v1/install/robo_miner_controller/lib/robo_miner_controller/robo_miner_controller" to ""
[10.509s] -- Up-to-date: /home/ubuntu/workspace/robotics_v1/install/robo_miner_controller/share/ament_index/resource_index/package_run_dependencies/robo_miner_controller
[10.509s] -- Up-to-date: /home/ubuntu/workspace/robotics_v1/install/robo_miner_controller/share/ament_index/resource_index/parent_prefix_path/robo_miner_controller
[10.510s] -- Up-to-date: /home/ubuntu/workspace/robotics_v1/install/robo_miner_controller/share/robo_miner_controller/environment/ament_prefix_path.sh
[10.510s] -- Up-to-date: /home/ubuntu/workspace/robotics_v1/install/robo_miner_controller/share/robo_miner_controller/environment/ament_prefix_path.dsv
[10.510s] -- Up-to-date: /home/ubuntu/workspace/robotics_v1/install/robo_miner_controller/share/robo_miner_controller/environment/path.sh
[10.510s] -- Up-to-date: /home/ubuntu/workspace/robotics_v1/install/robo_miner_controller/share/robo_miner_controller/environment/path.dsv
[10.510s] -- Up-to-date: /home/ubuntu/workspace/robotics_v1/install/robo_miner_controller/share/robo_miner_controller/local_setup.bash
[10.511s] -- Up-to-date: /home/ubuntu/workspace/robotics_v1/install/robo_miner_controller/share/robo_miner_controller/local_setup.sh
[10.511s] -- Up-to-date: /home/ubuntu/workspace/robotics_v1/install/robo_miner_controller/share/robo_miner_controller/local_setup.zsh
[10.511s] -- Up-to-date: /home/ubuntu/workspace/robotics_v1/install/robo_miner_controller/share/robo_miner_controller/local_setup.dsv
[10.511s] -- Installing: /home/ubuntu/workspace/robotics_v1/install/robo_miner_controller/share/robo_miner_controller/package.dsv
[10.512s] -- Up-to-date: /home/ubuntu/workspace/robotics_v1/install/robo_miner_controller/share/ament_index/resource_index/packages/robo_miner_controller
[10.512s] -- Up-to-date: /home/ubuntu/workspace/robotics_v1/install/robo_miner_controller/share/robo_miner_controller/cmake/robo_miner_controllerConfig.cmake
[10.512s] -- Up-to-date: /home/ubuntu/workspace/robotics_v1/install/robo_miner_controller/share/robo_miner_controller/cmake/robo_miner_controllerConfig-version.cmake
[10.512s] -- Up-to-date: /home/ubuntu/workspace/robotics_v1/install/robo_miner_controller/share/robo_miner_controller/package.xml
[10.515s] Invoked command in '/home/ubuntu/workspace/robotics_v1/build/robo_miner_controller' returned '0': AMENT_PREFIX_PATH=/home/ubuntu/workspace/robotics_v1/install/robo_miner_interfaces:${AMENT_PREFIX_PATH} CMAKE_PREFIX_PATH=/home/ubuntu/workspace/robotics_v1/install/robo_miner_interfaces:/opt/ros/foxy LD_LIBRARY_PATH=/home/ubuntu/workspace/robotics_v1/install/robo_miner_interfaces/lib:${LD_LIBRARY_PATH} PYTHONPATH=/home/ubuntu/workspace/robotics_v1/install/robo_miner_interfaces/lib/python3.8/site-packages:${PYTHONPATH} /usr/bin/cmake --install /home/ubuntu/workspace/robotics_v1/build/robo_miner_controller
