[0.178s] Invoking command in '/home/ubuntu/workspace/robotics_v1/build/ur_client_library': CMAKE_PREFIX_PATH=/opt/ros/foxy /usr/bin/cmake --build /home/ubuntu/workspace/robotics_v1/build/ur_client_library -- -j4 -l4
[0.533s] [ 82%] Built target urcl
[0.719s] [ 88%] Built target primary_pipeline_example
[0.737s] [ 94%] Built target driver_example
[0.762s] [100%] Built target rtde_client_example
[0.805s] Invoked command in '/home/ubuntu/workspace/robotics_v1/build/ur_client_library' returned '0': CMAKE_PREFIX_PATH=/opt/ros/foxy /usr/bin/cmake --build /home/ubuntu/workspace/robotics_v1/build/ur_client_library -- -j4 -l4
[1.276s] Invoking command in '/home/ubuntu/workspace/robotics_v1/build/ur_client_library': CMAKE_PREFIX_PATH=/opt/ros/foxy /usr/bin/cmake --install /home/ubuntu/workspace/robotics_v1/build/ur_client_library
[1.306s] -- Install configuration: "Debug"
[1.308s] -- Up-to-date: /home/ubuntu/workspace/robotics_v1/install/ur_client_library/lib/liburcl.so
[1.309s] -- Up-to-date: /home/ubuntu/workspace/robotics_v1/install/ur_client_library/include
[1.312s] -- Up-to-date: /home/ubuntu/workspace/robotics_v1/install/ur_client_library/include/ur_client_library
[1.312s] -- Up-to-date: /home/ubuntu/workspace/robotics_v1/install/ur_client_library/include/ur_client_library/exceptions.h
[1.312s] -- Up-to-date: /home/ubuntu/workspace/robotics_v1/install/ur_client_library/include/ur_client_library/control
[1.313s] -- Up-to-date: /home/ubuntu/workspace/robotics_v1/install/ur_client_library/include/ur_client_library/control/script_sender.h
[1.313s] -- Up-to-date: /home/ubuntu/workspace/robotics_v1/install/ur_client_library/include/ur_client_library/control/reverse_interface.h
[1.314s] -- Up-to-date: /home/ubuntu/workspace/robotics_v1/install/ur_client_library/include/ur_client_library/control/trajectory_point_interface.h
[1.314s] -- Up-to-date: /home/ubuntu/workspace/robotics_v1/install/ur_client_library/include/ur_client_library/types.h
[1.314s] -- Up-to-date: /home/ubuntu/workspace/robotics_v1/install/ur_client_library/include/ur_client_library/ur
[1.315s] -- Up-to-date: /home/ubuntu/workspace/robotics_v1/install/ur_client_library/include/ur_client_library/ur/dashboard_client.h
[1.316s] -- Up-to-date: /home/ubuntu/workspace/robotics_v1/install/ur_client_library/include/ur_client_library/ur/datatypes.h
[1.317s] -- Up-to-date: /home/ubuntu/workspace/robotics_v1/install/ur_client_library/include/ur_client_library/ur/version_information.h
[1.318s] -- Up-to-date: /home/ubuntu/workspace/robotics_v1/install/ur_client_library/include/ur_client_library/ur/ur_driver.h
[1.319s] -- Up-to-date: /home/ubuntu/workspace/robotics_v1/install/ur_client_library/include/ur_client_library/ur/tool_communication.h
[1.321s] -- Up-to-date: /home/ubuntu/workspace/robotics_v1/install/ur_client_library/include/ur_client_library/ur/calibration_checker.h
[1.322s] -- Up-to-date: /home/ubuntu/workspace/robotics_v1/install/ur_client_library/include/ur_client_library/log.h
[1.323s] -- Up-to-date: /home/ubuntu/workspace/robotics_v1/install/ur_client_library/include/ur_client_library/primary
[1.324s] -- Up-to-date: /home/ubuntu/workspace/robotics_v1/install/ur_client_library/include/ur_client_library/primary/package_header.h
[1.324s] -- Up-to-date: /home/ubuntu/workspace/robotics_v1/install/ur_client_library/include/ur_client_library/primary/primary_package.h
[1.325s] -- Up-to-date: /home/ubuntu/workspace/robotics_v1/install/ur_client_library/include/ur_client_library/primary/robot_message.h
[1.325s] -- Up-to-date: /home/ubuntu/workspace/robotics_v1/install/ur_client_library/include/ur_client_library/primary/primary_parser.h
[1.325s] -- Up-to-date: /home/ubuntu/workspace/robotics_v1/install/ur_client_library/include/ur_client_library/primary/robot_message
[1.326s] -- Up-to-date: /home/ubuntu/workspace/robotics_v1/install/ur_client_library/include/ur_client_library/primary/robot_message/version_message.h
[1.326s] -- Up-to-date: /home/ubuntu/workspace/robotics_v1/install/ur_client_library/include/ur_client_library/primary/abstract_primary_consumer.h
[1.328s] -- Up-to-date: /home/ubuntu/workspace/robotics_v1/install/ur_client_library/include/ur_client_library/primary/robot_state
[1.329s] -- Up-to-date: /home/ubuntu/workspace/robotics_v1/install/ur_client_library/include/ur_client_library/primary/robot_state/kinematics_info.h
[1.333s] -- Up-to-date: /home/ubuntu/workspace/robotics_v1/install/ur_client_library/include/ur_client_library/primary/robot_state.h
[1.335s] -- Up-to-date: /home/ubuntu/workspace/robotics_v1/install/ur_client_library/include/ur_client_library/default_log_handler.h
[1.337s] -- Up-to-date: /home/ubuntu/workspace/robotics_v1/install/ur_client_library/include/ur_client_library/comm
[1.359s] -- Up-to-date: /home/ubuntu/workspace/robotics_v1/install/ur_client_library/include/ur_client_library/comm/pipeline.h
[1.360s] -- Up-to-date: /home/ubuntu/workspace/robotics_v1/install/ur_client_library/include/ur_client_library/comm/control_mode.h
[1.360s] -- Up-to-date: /home/ubuntu/workspace/robotics_v1/install/ur_client_library/include/ur_client_library/comm/package_serializer.h
[1.360s] -- Up-to-date: /home/ubuntu/workspace/robotics_v1/install/ur_client_library/include/ur_client_library/comm/parser.h
[1.360s] -- Up-to-date: /home/ubuntu/workspace/robotics_v1/install/ur_client_library/include/ur_client_library/comm/shell_consumer.h
[1.361s] -- Up-to-date: /home/ubuntu/workspace/robotics_v1/install/ur_client_library/include/ur_client_library/comm/stream.h
[1.361s] -- Up-to-date: /home/ubuntu/workspace/robotics_v1/install/ur_client_library/include/ur_client_library/comm/bin_parser.h
[1.361s] -- Up-to-date: /home/ubuntu/workspace/robotics_v1/install/ur_client_library/include/ur_client_library/comm/tcp_socket.h
[1.361s] -- Up-to-date: /home/ubuntu/workspace/robotics_v1/install/ur_client_library/include/ur_client_library/comm/producer.h
[1.361s] -- Up-to-date: /home/ubuntu/workspace/robotics_v1/install/ur_client_library/include/ur_client_library/comm/tcp_server.h
[1.361s] -- Up-to-date: /home/ubuntu/workspace/robotics_v1/install/ur_client_library/include/ur_client_library/comm/package.h
[1.362s] -- Up-to-date: /home/ubuntu/workspace/robotics_v1/install/ur_client_library/include/ur_client_library/rtde
[1.362s] -- Up-to-date: /home/ubuntu/workspace/robotics_v1/install/ur_client_library/include/ur_client_library/rtde/package_header.h
[1.362s] -- Up-to-date: /home/ubuntu/workspace/robotics_v1/install/ur_client_library/include/ur_client_library/rtde/rtde_client.h
[1.362s] -- Up-to-date: /home/ubuntu/workspace/robotics_v1/install/ur_client_library/include/ur_client_library/rtde/text_message.h
[1.362s] -- Up-to-date: /home/ubuntu/workspace/robotics_v1/install/ur_client_library/include/ur_client_library/rtde/rtde_writer.h
[1.362s] -- Up-to-date: /home/ubuntu/workspace/robotics_v1/install/ur_client_library/include/ur_client_library/rtde/rtde_package.h
[1.363s] -- Up-to-date: /home/ubuntu/workspace/robotics_v1/install/ur_client_library/include/ur_client_library/rtde/rtde_parser.h
[1.371s] -- Up-to-date: /home/ubuntu/workspace/robotics_v1/install/ur_client_library/include/ur_client_library/rtde/control_package_start.h
[1.371s] -- Up-to-date: /home/ubuntu/workspace/robotics_v1/install/ur_client_library/include/ur_client_library/rtde/control_package_setup_outputs.h
[1.372s] -- Up-to-date: /home/ubuntu/workspace/robotics_v1/install/ur_client_library/include/ur_client_library/rtde/control_package_pause.h
[1.372s] -- Up-to-date: /home/ubuntu/workspace/robotics_v1/install/ur_client_library/include/ur_client_library/rtde/get_urcontrol_version.h
[1.372s] -- Up-to-date: /home/ubuntu/workspace/robotics_v1/install/ur_client_library/include/ur_client_library/rtde/control_package_setup_inputs.h
[1.373s] -- Up-to-date: /home/ubuntu/workspace/robotics_v1/install/ur_client_library/include/ur_client_library/rtde/data_package.h
[1.373s] -- Up-to-date: /home/ubuntu/workspace/robotics_v1/install/ur_client_library/include/ur_client_library/rtde/request_protocol_version.h
[1.374s] -- Up-to-date: /home/ubuntu/workspace/robotics_v1/install/ur_client_library/include/ur_client_library/queue
[1.374s] -- Up-to-date: /home/ubuntu/workspace/robotics_v1/install/ur_client_library/include/ur_client_library/queue/readerwriterqueue.h
[1.375s] -- Up-to-date: /home/ubuntu/workspace/robotics_v1/install/ur_client_library/include/ur_client_library/queue/LICENSE.md
[1.375s] -- Up-to-date: /home/ubuntu/workspace/robotics_v1/install/ur_client_library/include/ur_client_library/queue/atomicops.h
[1.375s] -- Up-to-date: /home/ubuntu/workspace/robotics_v1/install/ur_client_library/lib/cmake/ur_client_library/urclTargets.cmake
[1.376s] -- Up-to-date: /home/ubuntu/workspace/robotics_v1/install/ur_client_library/lib/cmake/ur_client_library/urclTargets-debug.cmake
[1.377s] -- Up-to-date: /home/ubuntu/workspace/robotics_v1/install/ur_client_library/lib/cmake/ur_client_library/ur_client_libraryConfig.cmake
[1.378s] -- Up-to-date: /home/ubuntu/workspace/robotics_v1/install/ur_client_library/share/ur_client_library/package.xml
[1.387s] -- Up-to-date: /home/ubuntu/workspace/robotics_v1/install/ur_client_library/share/ament_index/resource_index/packages/ur_client_library
[1.389s] -- Up-to-date: /home/ubuntu/workspace/robotics_v1/install/ur_client_library/share/ur_client_library/hook/ament_prefix_path.dsv
[1.392s] -- Up-to-date: /home/ubuntu/workspace/robotics_v1/install/ur_client_library/share/ur_client_library/hook/ros_package_path.dsv
[1.393s] -- Up-to-date: /home/ubuntu/workspace/robotics_v1/install/ur_client_library/share/ur_client_library/resources
[1.393s] -- Up-to-date: /home/ubuntu/workspace/robotics_v1/install/ur_client_library/share/ur_client_library/resources/external_control.urscript
[1.394s] Invoked command in '/home/ubuntu/workspace/robotics_v1/build/ur_client_library' returned '0': CMAKE_PREFIX_PATH=/opt/ros/foxy /usr/bin/cmake --install /home/ubuntu/workspace/robotics_v1/build/ur_client_library
