[0.143s] Invoking command in '/home/ubuntu/workspace/robotics_v1/build/ur_moveit_config': CMAKE_PREFIX_PATH=/opt/ros/foxy /usr/bin/cmake --build /home/ubuntu/workspace/robotics_v1/build/ur_moveit_config -- -j4 -l4
[0.299s] Invoked command in '/home/ubuntu/workspace/robotics_v1/build/ur_moveit_config' returned '0': CMAKE_PREFIX_PATH=/opt/ros/foxy /usr/bin/cmake --build /home/ubuntu/workspace/robotics_v1/build/ur_moveit_config -- -j4 -l4
[0.435s] Invoking command in '/home/ubuntu/workspace/robotics_v1/build/ur_moveit_config': CMAKE_PREFIX_PATH=/opt/ros/foxy /usr/bin/cmake --install /home/ubuntu/workspace/robotics_v1/build/ur_moveit_config
[0.464s] -- Install configuration: "Debug"
[0.465s] -- Execute custom install script
[0.466s] -- Up-to-date symlink: /home/ubuntu/workspace/robotics_v1/install/ur_moveit_config/share/ur_moveit_config/config/controllers.yaml
[0.467s] -- Up-to-date symlink: /home/ubuntu/workspace/robotics_v1/install/ur_moveit_config/share/ur_moveit_config/config/kinematics.yaml
[0.467s] -- Up-to-date symlink: /home/ubuntu/workspace/robotics_v1/install/ur_moveit_config/share/ur_moveit_config/config/ompl_planning.yaml
[0.469s] -- Up-to-date symlink: /home/ubuntu/workspace/robotics_v1/install/ur_moveit_config/share/ur_moveit_config/rviz/view_robot.rviz
[0.470s] -- Up-to-date symlink: /home/ubuntu/workspace/robotics_v1/install/ur_moveit_config/share/ur_moveit_config/srdf/ur.srdf.xacro
[0.470s] -- Up-to-date symlink: /home/ubuntu/workspace/robotics_v1/install/ur_moveit_config/share/ur_moveit_config/srdf/ur_macro.srdf.xacro
[0.471s] -- Up-to-date symlink: /home/ubuntu/workspace/robotics_v1/install/ur_moveit_config/share/ament_index/resource_index/package_run_dependencies/ur_moveit_config
[0.472s] -- Up-to-date symlink: /home/ubuntu/workspace/robotics_v1/install/ur_moveit_config/share/ament_index/resource_index/parent_prefix_path/ur_moveit_config
[0.473s] -- Up-to-date symlink: /home/ubuntu/workspace/robotics_v1/install/ur_moveit_config/share/ur_moveit_config/environment/ament_prefix_path.sh
[0.473s] -- Up-to-date symlink: /home/ubuntu/workspace/robotics_v1/install/ur_moveit_config/share/ur_moveit_config/environment/ament_prefix_path.dsv
[0.474s] -- Up-to-date symlink: /home/ubuntu/workspace/robotics_v1/install/ur_moveit_config/share/ur_moveit_config/environment/path.sh
[0.477s] -- Up-to-date symlink: /home/ubuntu/workspace/robotics_v1/install/ur_moveit_config/share/ur_moveit_config/environment/path.dsv
[0.478s] -- Up-to-date symlink: /home/ubuntu/workspace/robotics_v1/install/ur_moveit_config/share/ur_moveit_config/local_setup.bash
[0.478s] -- Up-to-date symlink: /home/ubuntu/workspace/robotics_v1/install/ur_moveit_config/share/ur_moveit_config/local_setup.sh
[0.479s] -- Up-to-date symlink: /home/ubuntu/workspace/robotics_v1/install/ur_moveit_config/share/ur_moveit_config/local_setup.zsh
[0.480s] -- Up-to-date symlink: /home/ubuntu/workspace/robotics_v1/install/ur_moveit_config/share/ur_moveit_config/local_setup.dsv
[0.480s] -- Symlinking: /home/ubuntu/workspace/robotics_v1/install/ur_moveit_config/share/ur_moveit_config/package.dsv
[0.511s] -- Up-to-date symlink: /home/ubuntu/workspace/robotics_v1/install/ur_moveit_config/share/ament_index/resource_index/packages/ur_moveit_config
[0.511s] -- Up-to-date symlink: /home/ubuntu/workspace/robotics_v1/install/ur_moveit_config/share/ur_moveit_config/cmake/ur_moveit_configConfig.cmake
[0.512s] -- Up-to-date symlink: /home/ubuntu/workspace/robotics_v1/install/ur_moveit_config/share/ur_moveit_config/cmake/ur_moveit_configConfig-version.cmake
[0.512s] -- Up-to-date symlink: /home/ubuntu/workspace/robotics_v1/install/ur_moveit_config/share/ur_moveit_config/package.xml
[0.516s] Invoked command in '/home/ubuntu/workspace/robotics_v1/build/ur_moveit_config' returned '0': CMAKE_PREFIX_PATH=/opt/ros/foxy /usr/bin/cmake --install /home/ubuntu/workspace/robotics_v1/build/ur_moveit_config
