[0.007s] Invoking command in '/home/ubuntu/workspace/robotics_v1/build/urscript_interfaces': CMAKE_PREFIX_PATH=/opt/ros/foxy PS1=[\u@\h \W]$(git_branch)$ /usr/bin/cmake --build /home/ubuntu/workspace/robotics_v1/build/urscript_interfaces -- -j8 -l8
[0.048s] [  3%] Built target urscript_interfaces__cpp
[0.049s] [ 12%] Built target urscript_interfaces__rosidl_generator_c
[0.068s] [ 22%] Built target urscript_interfaces__rosidl_typesupport_introspection_cpp
[0.068s] [ 32%] Built target urscript_interfaces__rosidl_typesupport_cpp
[0.071s] [ 41%] Built target urscript_interfaces__rosidl_typesupport_fastrtps_cpp
[0.088s] [ 58%] Built target urscript_interfaces__rosidl_typesupport_introspection_c
[0.088s] [ 61%] Built target urscript_interfaces__rosidl_typesupport_c
[0.094s] [ 70%] Built target urscript_interfaces__rosidl_typesupport_fastrtps_c
[0.109s] [ 70%] Built target urscript_interfaces
[0.124s] [ 74%] Built target urscript_interfaces__py
[0.146s] [ 80%] Built target urscript_interfaces__python
[0.168s] [ 87%] Built target urscript_interfaces__rosidl_typesupport_introspection_c__pyext
[0.170s] [ 93%] Built target urscript_interfaces__rosidl_typesupport_fastrtps_c__pyext
[0.170s] [100%] Built target urscript_interfaces__rosidl_typesupport_c__pyext
[0.179s] Invoked command in '/home/ubuntu/workspace/robotics_v1/build/urscript_interfaces' returned '0': CMAKE_PREFIX_PATH=/opt/ros/foxy PS1=[\u@\h \W]$(git_branch)$ /usr/bin/cmake --build /home/ubuntu/workspace/robotics_v1/build/urscript_interfaces -- -j8 -l8
[0.229s] Invoking command in '/home/ubuntu/workspace/robotics_v1/build/urscript_interfaces': CMAKE_PREFIX_PATH=/opt/ros/foxy PS1=[\u@\h \W]$(git_branch)$ /usr/bin/cmake --install /home/ubuntu/workspace/robotics_v1/build/urscript_interfaces
[0.235s] -- Install configuration: "Debug"
[0.235s] -- Execute custom install script
[0.235s] -- Up-to-date symlink: /home/ubuntu/workspace/robotics_v1/install/urscript_interfaces/share/ament_index/resource_index/rosidl_interfaces/urscript_interfaces
[0.236s] -- Up-to-date symlink: /home/ubuntu/workspace/robotics_v1/install/urscript_interfaces/include/urscript_interfaces/msg/rosidl_generator_c__visibility_control.h
[0.236s] -- Up-to-date symlink: /home/ubuntu/workspace/robotics_v1/install/urscript_interfaces/include/urscript_interfaces/srv/detail/ur_script__functions.h
[0.236s] -- Up-to-date symlink: /home/ubuntu/workspace/robotics_v1/install/urscript_interfaces/include/urscript_interfaces/srv/detail/ur_script__struct.h
[0.236s] -- Up-to-date symlink: /home/ubuntu/workspace/robotics_v1/install/urscript_interfaces/include/urscript_interfaces/srv/detail/ur_script__type_support.h
[0.236s] -- Up-to-date symlink: /home/ubuntu/workspace/robotics_v1/install/urscript_interfaces/include/urscript_interfaces/srv/ur_script.h
[0.236s] -- Up-to-date symlink: /home/ubuntu/workspace/robotics_v1/install/urscript_interfaces/share/urscript_interfaces/environment/library_path.sh
[0.236s] -- Up-to-date symlink: /home/ubuntu/workspace/robotics_v1/install/urscript_interfaces/share/urscript_interfaces/environment/library_path.dsv
[0.237s] -- Up-to-date symlink: /home/ubuntu/workspace/robotics_v1/install/urscript_interfaces/include/urscript_interfaces/msg/rosidl_typesupport_fastrtps_c__visibility_control.h
[0.237s] -- Up-to-date symlink: /home/ubuntu/workspace/robotics_v1/install/urscript_interfaces/include/urscript_interfaces/srv/detail/ur_script__rosidl_typesupport_fastrtps_c.h
[0.237s] -- Up-to-date symlink: /home/ubuntu/workspace/robotics_v1/install/urscript_interfaces/lib/liburscript_interfaces__rosidl_typesupport_fastrtps_c.so
[0.237s] -- Up-to-date symlink: /home/ubuntu/workspace/robotics_v1/install/urscript_interfaces/include/urscript_interfaces/msg/rosidl_typesupport_fastrtps_cpp__visibility_control.h
[0.238s] -- Up-to-date symlink: /home/ubuntu/workspace/robotics_v1/install/urscript_interfaces/include/urscript_interfaces/srv/detail/ur_script__rosidl_typesupport_fastrtps_cpp.hpp
[0.238s] -- Up-to-date symlink: /home/ubuntu/workspace/robotics_v1/install/urscript_interfaces/lib/liburscript_interfaces__rosidl_typesupport_fastrtps_cpp.so
[0.238s] -- Up-to-date symlink: /home/ubuntu/workspace/robotics_v1/install/urscript_interfaces/include/urscript_interfaces/msg/rosidl_typesupport_introspection_c__visibility_control.h
[0.238s] -- Up-to-date symlink: /home/ubuntu/workspace/robotics_v1/install/urscript_interfaces/include/urscript_interfaces/srv/detail/ur_script__rosidl_typesupport_introspection_c.h
[0.239s] -- Up-to-date symlink: /home/ubuntu/workspace/robotics_v1/install/urscript_interfaces/include/urscript_interfaces/srv/detail/ur_script__builder.hpp
[0.239s] -- Up-to-date symlink: /home/ubuntu/workspace/robotics_v1/install/urscript_interfaces/include/urscript_interfaces/srv/detail/ur_script__struct.hpp
[0.239s] -- Up-to-date symlink: /home/ubuntu/workspace/robotics_v1/install/urscript_interfaces/include/urscript_interfaces/srv/detail/ur_script__traits.hpp
[0.239s] -- Up-to-date symlink: /home/ubuntu/workspace/robotics_v1/install/urscript_interfaces/include/urscript_interfaces/srv/ur_script.hpp
[0.239s] -- Up-to-date symlink: /home/ubuntu/workspace/robotics_v1/install/urscript_interfaces/include/urscript_interfaces/srv/detail/ur_script__rosidl_typesupport_introspection_cpp.hpp
[0.239s] -- Up-to-date symlink: /home/ubuntu/workspace/robotics_v1/install/urscript_interfaces/share/urscript_interfaces/environment/pythonpath.sh
[0.239s] -- Up-to-date symlink: /home/ubuntu/workspace/robotics_v1/install/urscript_interfaces/share/urscript_interfaces/environment/pythonpath.dsv
[0.239s] -- Up-to-date symlink: /home/ubuntu/workspace/robotics_v1/install/urscript_interfaces/lib/python3.8/site-packages/urscript_interfaces/__init__.py
[0.240s] -- Up-to-date symlink: /home/ubuntu/workspace/robotics_v1/install/urscript_interfaces/lib/python3.8/site-packages/urscript_interfaces/srv/__init__.py
[0.240s] -- Up-to-date symlink: /home/ubuntu/workspace/robotics_v1/install/urscript_interfaces/lib/python3.8/site-packages/urscript_interfaces/srv/_ur_script.py
[0.240s] -- Up-to-date symlink: /home/ubuntu/workspace/robotics_v1/install/urscript_interfaces/lib/python3.8/site-packages/urscript_interfaces/urscript_interfaces_s__rosidl_typesupport_fastrtps_c.cpython-38-x86_64-linux-gnu.so
[0.240s] -- Up-to-date symlink: /home/ubuntu/workspace/robotics_v1/install/urscript_interfaces/lib/python3.8/site-packages/urscript_interfaces/urscript_interfaces_s__rosidl_typesupport_introspection_c.cpython-38-x86_64-linux-gnu.so
[0.241s] -- Up-to-date symlink: /home/ubuntu/workspace/robotics_v1/install/urscript_interfaces/lib/python3.8/site-packages/urscript_interfaces/urscript_interfaces_s__rosidl_typesupport_c.cpython-38-x86_64-linux-gnu.so
[0.241s] -- Up-to-date symlink: /home/ubuntu/workspace/robotics_v1/install/urscript_interfaces/lib/liburscript_interfaces__python.so
[0.241s] -- Up-to-date symlink: /home/ubuntu/workspace/robotics_v1/install/urscript_interfaces/share/urscript_interfaces/srv/UrScript.idl
[0.241s] -- Up-to-date symlink: /home/ubuntu/workspace/robotics_v1/install/urscript_interfaces/share/urscript_interfaces/srv/UrScript.srv
[0.242s] -- Up-to-date symlink: /home/ubuntu/workspace/robotics_v1/install/urscript_interfaces/share/urscript_interfaces/srv/UrScript_Request.msg
[0.242s] -- Up-to-date symlink: /home/ubuntu/workspace/robotics_v1/install/urscript_interfaces/share/urscript_interfaces/srv/UrScript_Response.msg
[0.242s] -- Up-to-date symlink: /home/ubuntu/workspace/robotics_v1/install/urscript_interfaces/share/ament_index/resource_index/package_run_dependencies/urscript_interfaces
[0.242s] -- Up-to-date symlink: /home/ubuntu/workspace/robotics_v1/install/urscript_interfaces/share/ament_index/resource_index/parent_prefix_path/urscript_interfaces
[0.242s] -- Up-to-date symlink: /home/ubuntu/workspace/robotics_v1/install/urscript_interfaces/share/urscript_interfaces/environment/ament_prefix_path.sh
[0.242s] -- Up-to-date symlink: /home/ubuntu/workspace/robotics_v1/install/urscript_interfaces/share/urscript_interfaces/environment/ament_prefix_path.dsv
[0.242s] -- Up-to-date symlink: /home/ubuntu/workspace/robotics_v1/install/urscript_interfaces/share/urscript_interfaces/environment/path.sh
[0.243s] -- Up-to-date symlink: /home/ubuntu/workspace/robotics_v1/install/urscript_interfaces/share/urscript_interfaces/environment/path.dsv
[0.243s] -- Up-to-date symlink: /home/ubuntu/workspace/robotics_v1/install/urscript_interfaces/share/urscript_interfaces/local_setup.bash
[0.243s] -- Up-to-date symlink: /home/ubuntu/workspace/robotics_v1/install/urscript_interfaces/share/urscript_interfaces/local_setup.sh
[0.243s] -- Up-to-date symlink: /home/ubuntu/workspace/robotics_v1/install/urscript_interfaces/share/urscript_interfaces/local_setup.zsh
[0.243s] -- Up-to-date symlink: /home/ubuntu/workspace/robotics_v1/install/urscript_interfaces/share/urscript_interfaces/local_setup.dsv
[0.243s] -- Symlinking: /home/ubuntu/workspace/robotics_v1/install/urscript_interfaces/share/urscript_interfaces/package.dsv
[0.249s] -- Up-to-date symlink: /home/ubuntu/workspace/robotics_v1/install/urscript_interfaces/share/ament_index/resource_index/packages/urscript_interfaces
[0.249s] -- Up-to-date symlink: /home/ubuntu/workspace/robotics_v1/install/urscript_interfaces/share/urscript_interfaces/cmake/rosidl_cmake-extras.cmake
[0.249s] -- Up-to-date symlink: /home/ubuntu/workspace/robotics_v1/install/urscript_interfaces/share/urscript_interfaces/cmake/ament_cmake_export_dependencies-extras.cmake
[0.249s] -- Up-to-date symlink: /home/ubuntu/workspace/robotics_v1/install/urscript_interfaces/share/urscript_interfaces/cmake/ament_cmake_export_libraries-extras.cmake
[0.250s] -- Up-to-date symlink: /home/ubuntu/workspace/robotics_v1/install/urscript_interfaces/share/urscript_interfaces/cmake/ament_cmake_export_targets-extras.cmake
[0.250s] -- Up-to-date symlink: /home/ubuntu/workspace/robotics_v1/install/urscript_interfaces/share/urscript_interfaces/cmake/ament_cmake_export_include_directories-extras.cmake
[0.250s] -- Up-to-date symlink: /home/ubuntu/workspace/robotics_v1/install/urscript_interfaces/share/urscript_interfaces/cmake/rosidl_cmake_export_typesupport_libraries-extras.cmake
[0.250s] -- Up-to-date symlink: /home/ubuntu/workspace/robotics_v1/install/urscript_interfaces/share/urscript_interfaces/cmake/rosidl_cmake_export_typesupport_targets-extras.cmake
[0.250s] -- Up-to-date symlink: /home/ubuntu/workspace/robotics_v1/install/urscript_interfaces/share/urscript_interfaces/cmake/urscript_interfacesConfig.cmake
[0.250s] -- Up-to-date symlink: /home/ubuntu/workspace/robotics_v1/install/urscript_interfaces/share/urscript_interfaces/cmake/urscript_interfacesConfig-version.cmake
[0.250s] -- Up-to-date symlink: /home/ubuntu/workspace/robotics_v1/install/urscript_interfaces/share/urscript_interfaces/package.xml
[0.251s] -- Up-to-date: /home/ubuntu/workspace/robotics_v1/install/urscript_interfaces/lib/liburscript_interfaces__rosidl_generator_c.so
[0.251s] -- Up-to-date: /home/ubuntu/workspace/robotics_v1/install/urscript_interfaces/lib/liburscript_interfaces__rosidl_typesupport_introspection_c.so
[0.251s] -- Up-to-date: /home/ubuntu/workspace/robotics_v1/install/urscript_interfaces/lib/liburscript_interfaces__rosidl_typesupport_c.so
[0.251s] -- Up-to-date: /home/ubuntu/workspace/robotics_v1/install/urscript_interfaces/lib/liburscript_interfaces__rosidl_typesupport_introspection_cpp.so
[0.252s] -- Up-to-date: /home/ubuntu/workspace/robotics_v1/install/urscript_interfaces/lib/liburscript_interfaces__rosidl_typesupport_cpp.so
[0.274s] -- Up-to-date: /home/ubuntu/workspace/robotics_v1/install/urscript_interfaces/share/urscript_interfaces/cmake/urscript_interfaces__rosidl_generator_cExport.cmake
[0.274s] -- Up-to-date: /home/ubuntu/workspace/robotics_v1/install/urscript_interfaces/share/urscript_interfaces/cmake/urscript_interfaces__rosidl_generator_cExport-debug.cmake
[0.274s] -- Up-to-date: /home/ubuntu/workspace/robotics_v1/install/urscript_interfaces/share/urscript_interfaces/cmake/urscript_interfaces__rosidl_typesupport_introspection_cExport.cmake
[0.274s] -- Up-to-date: /home/ubuntu/workspace/robotics_v1/install/urscript_interfaces/share/urscript_interfaces/cmake/urscript_interfaces__rosidl_typesupport_introspection_cExport-debug.cmake
[0.274s] -- Up-to-date: /home/ubuntu/workspace/robotics_v1/install/urscript_interfaces/share/urscript_interfaces/cmake/urscript_interfaces__rosidl_typesupport_cExport.cmake
[0.274s] -- Up-to-date: /home/ubuntu/workspace/robotics_v1/install/urscript_interfaces/share/urscript_interfaces/cmake/urscript_interfaces__rosidl_typesupport_cExport-debug.cmake
[0.274s] -- Up-to-date: /home/ubuntu/workspace/robotics_v1/install/urscript_interfaces/share/urscript_interfaces/cmake/urscript_interfaces__rosidl_generator_cppExport.cmake
[0.275s] -- Up-to-date: /home/ubuntu/workspace/robotics_v1/install/urscript_interfaces/share/urscript_interfaces/cmake/urscript_interfaces__rosidl_typesupport_introspection_cppExport.cmake
[0.275s] -- Up-to-date: /home/ubuntu/workspace/robotics_v1/install/urscript_interfaces/share/urscript_interfaces/cmake/urscript_interfaces__rosidl_typesupport_introspection_cppExport-debug.cmake
[0.275s] -- Up-to-date: /home/ubuntu/workspace/robotics_v1/install/urscript_interfaces/share/urscript_interfaces/cmake/urscript_interfaces__rosidl_typesupport_cppExport.cmake
[0.275s] -- Up-to-date: /home/ubuntu/workspace/robotics_v1/install/urscript_interfaces/share/urscript_interfaces/cmake/urscript_interfaces__rosidl_typesupport_cppExport-debug.cmake
[0.279s] Invoked command in '/home/ubuntu/workspace/robotics_v1/build/urscript_interfaces' returned '0': CMAKE_PREFIX_PATH=/opt/ros/foxy PS1=[\u@\h \W]$(git_branch)$ /usr/bin/cmake --install /home/ubuntu/workspace/robotics_v1/build/urscript_interfaces
