[0.029s] Invoking command in '/home/ubuntu/workspace/robotics_v1/build/robo_cleaner_interfaces': CMAKE_PREFIX_PATH=/opt/ros/foxy PS1=[\u@\h \W]$(git_branch)$ /usr/bin/cmake --build /home/ubuntu/workspace/robotics_v1/build/robo_cleaner_interfaces -- -j4 -l4
[0.186s] [ 11%] Built target robo_cleaner_interfaces__rosidl_generator_c
[0.193s] [ 12%] Built target robo_cleaner_interfaces__cpp
[0.268s] [ 24%] Built target robo_cleaner_interfaces__rosidl_typesupport_introspection_c
[0.270s] [ 35%] Built target robo_cleaner_interfaces__rosidl_typesupport_introspection_cpp
[0.315s] [ 47%] Built target robo_cleaner_interfaces__rosidl_typesupport_c
[0.368s] [ 58%] Built target robo_cleaner_interfaces__rosidl_typesupport_fastrtps_cpp
[0.395s] [ 70%] Built target robo_cleaner_interfaces__rosidl_typesupport_cpp
[0.572s] [ 81%] Built target robo_cleaner_interfaces__rosidl_typesupport_fastrtps_c
[0.649s] [ 81%] Built target robo_cleaner_interfaces
[0.698s] [ 82%] Built target robo_cleaner_interfaces__py
[0.777s] [ 93%] Built target robo_cleaner_interfaces__python
[0.850s] [ 95%] Built target robo_cleaner_interfaces__rosidl_typesupport_c__pyext
[0.857s] [ 97%] Built target robo_cleaner_interfaces__rosidl_typesupport_fastrtps_c__pyext
[0.928s] [100%] Built target robo_cleaner_interfaces__rosidl_typesupport_introspection_c__pyext
[0.961s] Invoked command in '/home/ubuntu/workspace/robotics_v1/build/robo_cleaner_interfaces' returned '0': CMAKE_PREFIX_PATH=/opt/ros/foxy PS1=[\u@\h \W]$(git_branch)$ /usr/bin/cmake --build /home/ubuntu/workspace/robotics_v1/build/robo_cleaner_interfaces -- -j4 -l4
[1.485s] Invoking command in '/home/ubuntu/workspace/robotics_v1/build/robo_cleaner_interfaces': CMAKE_PREFIX_PATH=/opt/ros/foxy PS1=[\u@\h \W]$(git_branch)$ /usr/bin/cmake --install /home/ubuntu/workspace/robotics_v1/build/robo_cleaner_interfaces
[1.551s] -- Install configuration: "Debug"
[1.551s] -- Execute custom install script
[1.552s] -- Up-to-date symlink: /home/ubuntu/workspace/robotics_v1/install/robo_cleaner_interfaces/share/ament_index/resource_index/rosidl_interfaces/robo_cleaner_interfaces
[1.552s] -- Up-to-date symlink: /home/ubuntu/workspace/robotics_v1/install/robo_cleaner_interfaces/include/robo_cleaner_interfaces/action/detail/robot_move__functions.h
[1.554s] -- Up-to-date symlink: /home/ubuntu/workspace/robotics_v1/install/robo_cleaner_interfaces/include/robo_cleaner_interfaces/action/detail/robot_move__struct.h
[1.555s] -- Up-to-date symlink: /home/ubuntu/workspace/robotics_v1/install/robo_cleaner_interfaces/include/robo_cleaner_interfaces/action/detail/robot_move__type_support.h
[1.555s] -- Up-to-date symlink: /home/ubuntu/workspace/robotics_v1/install/robo_cleaner_interfaces/include/robo_cleaner_interfaces/action/robot_move.h
[1.555s] -- Up-to-date symlink: /home/ubuntu/workspace/robotics_v1/install/robo_cleaner_interfaces/include/robo_cleaner_interfaces/msg/battery_status.h
[1.556s] -- Up-to-date symlink: /home/ubuntu/workspace/robotics_v1/install/robo_cleaner_interfaces/include/robo_cleaner_interfaces/msg/detail/battery_status__functions.h
[1.557s] -- Up-to-date symlink: /home/ubuntu/workspace/robotics_v1/install/robo_cleaner_interfaces/include/robo_cleaner_interfaces/msg/detail/battery_status__struct.h
[1.557s] -- Up-to-date symlink: /home/ubuntu/workspace/robotics_v1/install/robo_cleaner_interfaces/include/robo_cleaner_interfaces/msg/detail/battery_status__type_support.h
[1.557s] -- Up-to-date symlink: /home/ubuntu/workspace/robotics_v1/install/robo_cleaner_interfaces/include/robo_cleaner_interfaces/msg/detail/initial_robot_state__functions.h
[1.558s] -- Up-to-date symlink: /home/ubuntu/workspace/robotics_v1/install/robo_cleaner_interfaces/include/robo_cleaner_interfaces/msg/detail/initial_robot_state__struct.h
[1.558s] -- Up-to-date symlink: /home/ubuntu/workspace/robotics_v1/install/robo_cleaner_interfaces/include/robo_cleaner_interfaces/msg/detail/initial_robot_state__type_support.h
[1.558s] -- Up-to-date symlink: /home/ubuntu/workspace/robotics_v1/install/robo_cleaner_interfaces/include/robo_cleaner_interfaces/msg/detail/robot_move_type__functions.h
[1.570s] -- Up-to-date symlink: /home/ubuntu/workspace/robotics_v1/install/robo_cleaner_interfaces/include/robo_cleaner_interfaces/msg/detail/robot_move_type__struct.h
[1.570s] -- Up-to-date symlink: /home/ubuntu/workspace/robotics_v1/install/robo_cleaner_interfaces/include/robo_cleaner_interfaces/msg/detail/robot_move_type__type_support.h
[1.570s] -- Up-to-date symlink: /home/ubuntu/workspace/robotics_v1/install/robo_cleaner_interfaces/include/robo_cleaner_interfaces/msg/detail/user_authenticate__functions.h
[1.570s] -- Up-to-date symlink: /home/ubuntu/workspace/robotics_v1/install/robo_cleaner_interfaces/include/robo_cleaner_interfaces/msg/detail/user_authenticate__struct.h
[1.571s] -- Up-to-date symlink: /home/ubuntu/workspace/robotics_v1/install/robo_cleaner_interfaces/include/robo_cleaner_interfaces/msg/detail/user_authenticate__type_support.h
[1.571s] -- Up-to-date symlink: /home/ubuntu/workspace/robotics_v1/install/robo_cleaner_interfaces/include/robo_cleaner_interfaces/msg/initial_robot_state.h
[1.571s] -- Up-to-date symlink: /home/ubuntu/workspace/robotics_v1/install/robo_cleaner_interfaces/include/robo_cleaner_interfaces/msg/robot_move_type.h
[1.572s] -- Up-to-date symlink: /home/ubuntu/workspace/robotics_v1/install/robo_cleaner_interfaces/include/robo_cleaner_interfaces/msg/rosidl_generator_c__visibility_control.h
[1.572s] -- Up-to-date symlink: /home/ubuntu/workspace/robotics_v1/install/robo_cleaner_interfaces/include/robo_cleaner_interfaces/msg/user_authenticate.h
[1.572s] -- Up-to-date symlink: /home/ubuntu/workspace/robotics_v1/install/robo_cleaner_interfaces/include/robo_cleaner_interfaces/srv/charge_battery.h
[1.572s] -- Up-to-date symlink: /home/ubuntu/workspace/robotics_v1/install/robo_cleaner_interfaces/include/robo_cleaner_interfaces/srv/detail/charge_battery__functions.h
[1.572s] -- Up-to-date symlink: /home/ubuntu/workspace/robotics_v1/install/robo_cleaner_interfaces/include/robo_cleaner_interfaces/srv/detail/charge_battery__struct.h
[1.572s] -- Up-to-date symlink: /home/ubuntu/workspace/robotics_v1/install/robo_cleaner_interfaces/include/robo_cleaner_interfaces/srv/detail/charge_battery__type_support.h
[1.573s] -- Up-to-date symlink: /home/ubuntu/workspace/robotics_v1/install/robo_cleaner_interfaces/include/robo_cleaner_interfaces/srv/detail/query_battery_status__functions.h
[1.573s] -- Up-to-date symlink: /home/ubuntu/workspace/robotics_v1/install/robo_cleaner_interfaces/include/robo_cleaner_interfaces/srv/detail/query_battery_status__struct.h
[1.573s] -- Up-to-date symlink: /home/ubuntu/workspace/robotics_v1/install/robo_cleaner_interfaces/include/robo_cleaner_interfaces/srv/detail/query_battery_status__type_support.h
[1.573s] -- Up-to-date symlink: /home/ubuntu/workspace/robotics_v1/install/robo_cleaner_interfaces/include/robo_cleaner_interfaces/srv/detail/query_initial_robot_state__functions.h
[1.573s] -- Up-to-date symlink: /home/ubuntu/workspace/robotics_v1/install/robo_cleaner_interfaces/include/robo_cleaner_interfaces/srv/detail/query_initial_robot_state__struct.h
[1.573s] -- Up-to-date symlink: /home/ubuntu/workspace/robotics_v1/install/robo_cleaner_interfaces/include/robo_cleaner_interfaces/srv/detail/query_initial_robot_state__type_support.h
[1.573s] -- Up-to-date symlink: /home/ubuntu/workspace/robotics_v1/install/robo_cleaner_interfaces/include/robo_cleaner_interfaces/srv/query_battery_status.h
[1.574s] -- Up-to-date symlink: /home/ubuntu/workspace/robotics_v1/install/robo_cleaner_interfaces/include/robo_cleaner_interfaces/srv/query_initial_robot_state.h
[1.574s] -- Up-to-date symlink: /home/ubuntu/workspace/robotics_v1/install/robo_cleaner_interfaces/share/robo_cleaner_interfaces/environment/library_path.sh
[1.574s] -- Up-to-date symlink: /home/ubuntu/workspace/robotics_v1/install/robo_cleaner_interfaces/share/robo_cleaner_interfaces/environment/library_path.dsv
[1.574s] -- Up-to-date symlink: /home/ubuntu/workspace/robotics_v1/install/robo_cleaner_interfaces/include/robo_cleaner_interfaces/action/detail/robot_move__rosidl_typesupport_fastrtps_c.h
[1.575s] -- Up-to-date symlink: /home/ubuntu/workspace/robotics_v1/install/robo_cleaner_interfaces/include/robo_cleaner_interfaces/msg/detail/battery_status__rosidl_typesupport_fastrtps_c.h
[1.583s] -- Up-to-date symlink: /home/ubuntu/workspace/robotics_v1/install/robo_cleaner_interfaces/include/robo_cleaner_interfaces/msg/detail/initial_robot_state__rosidl_typesupport_fastrtps_c.h
[1.583s] -- Up-to-date symlink: /home/ubuntu/workspace/robotics_v1/install/robo_cleaner_interfaces/include/robo_cleaner_interfaces/msg/detail/robot_move_type__rosidl_typesupport_fastrtps_c.h
[1.584s] -- Up-to-date symlink: /home/ubuntu/workspace/robotics_v1/install/robo_cleaner_interfaces/include/robo_cleaner_interfaces/msg/detail/user_authenticate__rosidl_typesupport_fastrtps_c.h
[1.584s] -- Up-to-date symlink: /home/ubuntu/workspace/robotics_v1/install/robo_cleaner_interfaces/include/robo_cleaner_interfaces/msg/rosidl_typesupport_fastrtps_c__visibility_control.h
[1.585s] -- Up-to-date symlink: /home/ubuntu/workspace/robotics_v1/install/robo_cleaner_interfaces/include/robo_cleaner_interfaces/srv/detail/charge_battery__rosidl_typesupport_fastrtps_c.h
[1.585s] -- Up-to-date symlink: /home/ubuntu/workspace/robotics_v1/install/robo_cleaner_interfaces/include/robo_cleaner_interfaces/srv/detail/query_battery_status__rosidl_typesupport_fastrtps_c.h
[1.586s] -- Up-to-date symlink: /home/ubuntu/workspace/robotics_v1/install/robo_cleaner_interfaces/include/robo_cleaner_interfaces/srv/detail/query_initial_robot_state__rosidl_typesupport_fastrtps_c.h
[1.587s] -- Up-to-date symlink: /home/ubuntu/workspace/robotics_v1/install/robo_cleaner_interfaces/lib/librobo_cleaner_interfaces__rosidl_typesupport_fastrtps_c.so
[1.587s] -- Up-to-date symlink: /home/ubuntu/workspace/robotics_v1/install/robo_cleaner_interfaces/include/robo_cleaner_interfaces/action/detail/robot_move__rosidl_typesupport_fastrtps_cpp.hpp
[1.587s] -- Up-to-date symlink: /home/ubuntu/workspace/robotics_v1/install/robo_cleaner_interfaces/include/robo_cleaner_interfaces/msg/detail/battery_status__rosidl_typesupport_fastrtps_cpp.hpp
[1.587s] -- Up-to-date symlink: /home/ubuntu/workspace/robotics_v1/install/robo_cleaner_interfaces/include/robo_cleaner_interfaces/msg/detail/initial_robot_state__rosidl_typesupport_fastrtps_cpp.hpp
[1.587s] -- Up-to-date symlink: /home/ubuntu/workspace/robotics_v1/install/robo_cleaner_interfaces/include/robo_cleaner_interfaces/msg/detail/robot_move_type__rosidl_typesupport_fastrtps_cpp.hpp
[1.587s] -- Up-to-date symlink: /home/ubuntu/workspace/robotics_v1/install/robo_cleaner_interfaces/include/robo_cleaner_interfaces/msg/detail/user_authenticate__rosidl_typesupport_fastrtps_cpp.hpp
[1.588s] -- Up-to-date symlink: /home/ubuntu/workspace/robotics_v1/install/robo_cleaner_interfaces/include/robo_cleaner_interfaces/msg/rosidl_typesupport_fastrtps_cpp__visibility_control.h
[1.588s] -- Up-to-date symlink: /home/ubuntu/workspace/robotics_v1/install/robo_cleaner_interfaces/include/robo_cleaner_interfaces/srv/detail/charge_battery__rosidl_typesupport_fastrtps_cpp.hpp
[1.588s] -- Up-to-date symlink: /home/ubuntu/workspace/robotics_v1/install/robo_cleaner_interfaces/include/robo_cleaner_interfaces/srv/detail/query_battery_status__rosidl_typesupport_fastrtps_cpp.hpp
[1.589s] -- Up-to-date symlink: /home/ubuntu/workspace/robotics_v1/install/robo_cleaner_interfaces/include/robo_cleaner_interfaces/srv/detail/query_initial_robot_state__rosidl_typesupport_fastrtps_cpp.hpp
[1.589s] -- Up-to-date symlink: /home/ubuntu/workspace/robotics_v1/install/robo_cleaner_interfaces/lib/librobo_cleaner_interfaces__rosidl_typesupport_fastrtps_cpp.so
[1.590s] -- Up-to-date symlink: /home/ubuntu/workspace/robotics_v1/install/robo_cleaner_interfaces/include/robo_cleaner_interfaces/action/detail/robot_move__rosidl_typesupport_introspection_c.h
[1.590s] -- Up-to-date symlink: /home/ubuntu/workspace/robotics_v1/install/robo_cleaner_interfaces/include/robo_cleaner_interfaces/msg/detail/battery_status__rosidl_typesupport_introspection_c.h
[1.590s] -- Up-to-date symlink: /home/ubuntu/workspace/robotics_v1/install/robo_cleaner_interfaces/include/robo_cleaner_interfaces/msg/detail/initial_robot_state__rosidl_typesupport_introspection_c.h
[1.591s] -- Up-to-date symlink: /home/ubuntu/workspace/robotics_v1/install/robo_cleaner_interfaces/include/robo_cleaner_interfaces/msg/detail/robot_move_type__rosidl_typesupport_introspection_c.h
[1.591s] -- Up-to-date symlink: /home/ubuntu/workspace/robotics_v1/install/robo_cleaner_interfaces/include/robo_cleaner_interfaces/msg/detail/user_authenticate__rosidl_typesupport_introspection_c.h
[1.591s] -- Up-to-date symlink: /home/ubuntu/workspace/robotics_v1/install/robo_cleaner_interfaces/include/robo_cleaner_interfaces/msg/rosidl_typesupport_introspection_c__visibility_control.h
[1.592s] -- Up-to-date symlink: /home/ubuntu/workspace/robotics_v1/install/robo_cleaner_interfaces/include/robo_cleaner_interfaces/srv/detail/charge_battery__rosidl_typesupport_introspection_c.h
[1.592s] -- Up-to-date symlink: /home/ubuntu/workspace/robotics_v1/install/robo_cleaner_interfaces/include/robo_cleaner_interfaces/srv/detail/query_battery_status__rosidl_typesupport_introspection_c.h
[1.595s] -- Up-to-date symlink: /home/ubuntu/workspace/robotics_v1/install/robo_cleaner_interfaces/include/robo_cleaner_interfaces/srv/detail/query_initial_robot_state__rosidl_typesupport_introspection_c.h
[1.595s] -- Up-to-date symlink: /home/ubuntu/workspace/robotics_v1/install/robo_cleaner_interfaces/include/robo_cleaner_interfaces/action/detail/robot_move__builder.hpp
[1.596s] -- Up-to-date symlink: /home/ubuntu/workspace/robotics_v1/install/robo_cleaner_interfaces/include/robo_cleaner_interfaces/action/detail/robot_move__struct.hpp
[1.596s] -- Up-to-date symlink: /home/ubuntu/workspace/robotics_v1/install/robo_cleaner_interfaces/include/robo_cleaner_interfaces/action/detail/robot_move__traits.hpp
[1.596s] -- Up-to-date symlink: /home/ubuntu/workspace/robotics_v1/install/robo_cleaner_interfaces/include/robo_cleaner_interfaces/action/robot_move.hpp
[1.597s] -- Up-to-date symlink: /home/ubuntu/workspace/robotics_v1/install/robo_cleaner_interfaces/include/robo_cleaner_interfaces/msg/battery_status.hpp
[1.597s] -- Up-to-date symlink: /home/ubuntu/workspace/robotics_v1/install/robo_cleaner_interfaces/include/robo_cleaner_interfaces/msg/detail/battery_status__builder.hpp
[1.597s] -- Up-to-date symlink: /home/ubuntu/workspace/robotics_v1/install/robo_cleaner_interfaces/include/robo_cleaner_interfaces/msg/detail/battery_status__struct.hpp
[1.597s] -- Up-to-date symlink: /home/ubuntu/workspace/robotics_v1/install/robo_cleaner_interfaces/include/robo_cleaner_interfaces/msg/detail/battery_status__traits.hpp
[1.598s] -- Up-to-date symlink: /home/ubuntu/workspace/robotics_v1/install/robo_cleaner_interfaces/include/robo_cleaner_interfaces/msg/detail/initial_robot_state__builder.hpp
[1.599s] -- Up-to-date symlink: /home/ubuntu/workspace/robotics_v1/install/robo_cleaner_interfaces/include/robo_cleaner_interfaces/msg/detail/initial_robot_state__struct.hpp
[1.599s] -- Up-to-date symlink: /home/ubuntu/workspace/robotics_v1/install/robo_cleaner_interfaces/include/robo_cleaner_interfaces/msg/detail/initial_robot_state__traits.hpp
[1.612s] -- Up-to-date symlink: /home/ubuntu/workspace/robotics_v1/install/robo_cleaner_interfaces/include/robo_cleaner_interfaces/msg/detail/robot_move_type__builder.hpp
[1.612s] -- Up-to-date symlink: /home/ubuntu/workspace/robotics_v1/install/robo_cleaner_interfaces/include/robo_cleaner_interfaces/msg/detail/robot_move_type__struct.hpp
[1.612s] -- Up-to-date symlink: /home/ubuntu/workspace/robotics_v1/install/robo_cleaner_interfaces/include/robo_cleaner_interfaces/msg/detail/robot_move_type__traits.hpp
[1.612s] -- Up-to-date symlink: /home/ubuntu/workspace/robotics_v1/install/robo_cleaner_interfaces/include/robo_cleaner_interfaces/msg/detail/user_authenticate__builder.hpp
[1.613s] -- Up-to-date symlink: /home/ubuntu/workspace/robotics_v1/install/robo_cleaner_interfaces/include/robo_cleaner_interfaces/msg/detail/user_authenticate__struct.hpp
[1.613s] -- Up-to-date symlink: /home/ubuntu/workspace/robotics_v1/install/robo_cleaner_interfaces/include/robo_cleaner_interfaces/msg/detail/user_authenticate__traits.hpp
[1.613s] -- Up-to-date symlink: /home/ubuntu/workspace/robotics_v1/install/robo_cleaner_interfaces/include/robo_cleaner_interfaces/msg/initial_robot_state.hpp
[1.613s] -- Up-to-date symlink: /home/ubuntu/workspace/robotics_v1/install/robo_cleaner_interfaces/include/robo_cleaner_interfaces/msg/robot_move_type.hpp
[1.613s] -- Up-to-date symlink: /home/ubuntu/workspace/robotics_v1/install/robo_cleaner_interfaces/include/robo_cleaner_interfaces/msg/user_authenticate.hpp
[1.613s] -- Up-to-date symlink: /home/ubuntu/workspace/robotics_v1/install/robo_cleaner_interfaces/include/robo_cleaner_interfaces/srv/charge_battery.hpp
[1.613s] -- Up-to-date symlink: /home/ubuntu/workspace/robotics_v1/install/robo_cleaner_interfaces/include/robo_cleaner_interfaces/srv/detail/charge_battery__builder.hpp
[1.614s] -- Up-to-date symlink: /home/ubuntu/workspace/robotics_v1/install/robo_cleaner_interfaces/include/robo_cleaner_interfaces/srv/detail/charge_battery__struct.hpp
[1.614s] -- Up-to-date symlink: /home/ubuntu/workspace/robotics_v1/install/robo_cleaner_interfaces/include/robo_cleaner_interfaces/srv/detail/charge_battery__traits.hpp
[1.614s] -- Up-to-date symlink: /home/ubuntu/workspace/robotics_v1/install/robo_cleaner_interfaces/include/robo_cleaner_interfaces/srv/detail/query_battery_status__builder.hpp
[1.614s] -- Up-to-date symlink: /home/ubuntu/workspace/robotics_v1/install/robo_cleaner_interfaces/include/robo_cleaner_interfaces/srv/detail/query_battery_status__struct.hpp
[1.614s] -- Up-to-date symlink: /home/ubuntu/workspace/robotics_v1/install/robo_cleaner_interfaces/include/robo_cleaner_interfaces/srv/detail/query_battery_status__traits.hpp
[1.614s] -- Up-to-date symlink: /home/ubuntu/workspace/robotics_v1/install/robo_cleaner_interfaces/include/robo_cleaner_interfaces/srv/detail/query_initial_robot_state__builder.hpp
[1.615s] -- Up-to-date symlink: /home/ubuntu/workspace/robotics_v1/install/robo_cleaner_interfaces/include/robo_cleaner_interfaces/srv/detail/query_initial_robot_state__struct.hpp
[1.615s] -- Up-to-date symlink: /home/ubuntu/workspace/robotics_v1/install/robo_cleaner_interfaces/include/robo_cleaner_interfaces/srv/detail/query_initial_robot_state__traits.hpp
[1.615s] -- Up-to-date symlink: /home/ubuntu/workspace/robotics_v1/install/robo_cleaner_interfaces/include/robo_cleaner_interfaces/srv/query_battery_status.hpp
[1.616s] -- Up-to-date symlink: /home/ubuntu/workspace/robotics_v1/install/robo_cleaner_interfaces/include/robo_cleaner_interfaces/srv/query_initial_robot_state.hpp
[1.616s] -- Up-to-date symlink: /home/ubuntu/workspace/robotics_v1/install/robo_cleaner_interfaces/include/robo_cleaner_interfaces/action/detail/robot_move__rosidl_typesupport_introspection_cpp.hpp
[1.616s] -- Up-to-date symlink: /home/ubuntu/workspace/robotics_v1/install/robo_cleaner_interfaces/include/robo_cleaner_interfaces/msg/detail/battery_status__rosidl_typesupport_introspection_cpp.hpp
[1.617s] -- Up-to-date symlink: /home/ubuntu/workspace/robotics_v1/install/robo_cleaner_interfaces/include/robo_cleaner_interfaces/msg/detail/initial_robot_state__rosidl_typesupport_introspection_cpp.hpp
[1.617s] -- Up-to-date symlink: /home/ubuntu/workspace/robotics_v1/install/robo_cleaner_interfaces/include/robo_cleaner_interfaces/msg/detail/robot_move_type__rosidl_typesupport_introspection_cpp.hpp
[1.617s] -- Up-to-date symlink: /home/ubuntu/workspace/robotics_v1/install/robo_cleaner_interfaces/include/robo_cleaner_interfaces/msg/detail/user_authenticate__rosidl_typesupport_introspection_cpp.hpp
[1.618s] -- Up-to-date symlink: /home/ubuntu/workspace/robotics_v1/install/robo_cleaner_interfaces/include/robo_cleaner_interfaces/srv/detail/charge_battery__rosidl_typesupport_introspection_cpp.hpp
[1.618s] -- Up-to-date symlink: /home/ubuntu/workspace/robotics_v1/install/robo_cleaner_interfaces/include/robo_cleaner_interfaces/srv/detail/query_battery_status__rosidl_typesupport_introspection_cpp.hpp
[1.618s] -- Up-to-date symlink: /home/ubuntu/workspace/robotics_v1/install/robo_cleaner_interfaces/include/robo_cleaner_interfaces/srv/detail/query_initial_robot_state__rosidl_typesupport_introspection_cpp.hpp
[1.618s] -- Up-to-date symlink: /home/ubuntu/workspace/robotics_v1/install/robo_cleaner_interfaces/share/robo_cleaner_interfaces/environment/pythonpath.sh
[1.619s] -- Up-to-date symlink: /home/ubuntu/workspace/robotics_v1/install/robo_cleaner_interfaces/share/robo_cleaner_interfaces/environment/pythonpath.dsv
[1.640s] -- Up-to-date symlink: /home/ubuntu/workspace/robotics_v1/install/robo_cleaner_interfaces/lib/python3.8/site-packages/robo_cleaner_interfaces/__init__.py
[1.644s] -- Up-to-date symlink: /home/ubuntu/workspace/robotics_v1/install/robo_cleaner_interfaces/lib/python3.8/site-packages/robo_cleaner_interfaces/msg/__init__.py
[1.644s] -- Up-to-date symlink: /home/ubuntu/workspace/robotics_v1/install/robo_cleaner_interfaces/lib/python3.8/site-packages/robo_cleaner_interfaces/msg/_battery_status.py
[1.645s] -- Up-to-date symlink: /home/ubuntu/workspace/robotics_v1/install/robo_cleaner_interfaces/lib/python3.8/site-packages/robo_cleaner_interfaces/msg/_initial_robot_state.py
[1.645s] -- Up-to-date symlink: /home/ubuntu/workspace/robotics_v1/install/robo_cleaner_interfaces/lib/python3.8/site-packages/robo_cleaner_interfaces/msg/_robot_move_type.py
[1.645s] -- Up-to-date symlink: /home/ubuntu/workspace/robotics_v1/install/robo_cleaner_interfaces/lib/python3.8/site-packages/robo_cleaner_interfaces/msg/_user_authenticate.py
[1.646s] -- Up-to-date symlink: /home/ubuntu/workspace/robotics_v1/install/robo_cleaner_interfaces/lib/python3.8/site-packages/robo_cleaner_interfaces/srv/__init__.py
[1.646s] -- Up-to-date symlink: /home/ubuntu/workspace/robotics_v1/install/robo_cleaner_interfaces/lib/python3.8/site-packages/robo_cleaner_interfaces/srv/_charge_battery.py
[1.661s] -- Up-to-date symlink: /home/ubuntu/workspace/robotics_v1/install/robo_cleaner_interfaces/lib/python3.8/site-packages/robo_cleaner_interfaces/srv/_query_battery_status.py
[1.663s] -- Up-to-date symlink: /home/ubuntu/workspace/robotics_v1/install/robo_cleaner_interfaces/lib/python3.8/site-packages/robo_cleaner_interfaces/srv/_query_initial_robot_state.py
[1.663s] -- Up-to-date symlink: /home/ubuntu/workspace/robotics_v1/install/robo_cleaner_interfaces/lib/python3.8/site-packages/robo_cleaner_interfaces/action/__init__.py
[1.664s] -- Up-to-date symlink: /home/ubuntu/workspace/robotics_v1/install/robo_cleaner_interfaces/lib/python3.8/site-packages/robo_cleaner_interfaces/action/_robot_move.py
[1.666s] -- Up-to-date symlink: /home/ubuntu/workspace/robotics_v1/install/robo_cleaner_interfaces/lib/python3.8/site-packages/robo_cleaner_interfaces/robo_cleaner_interfaces_s__rosidl_typesupport_fastrtps_c.cpython-38-x86_64-linux-gnu.so
[1.666s] -- Up-to-date symlink: /home/ubuntu/workspace/robotics_v1/install/robo_cleaner_interfaces/lib/python3.8/site-packages/robo_cleaner_interfaces/robo_cleaner_interfaces_s__rosidl_typesupport_introspection_c.cpython-38-x86_64-linux-gnu.so
[1.666s] -- Up-to-date symlink: /home/ubuntu/workspace/robotics_v1/install/robo_cleaner_interfaces/lib/python3.8/site-packages/robo_cleaner_interfaces/robo_cleaner_interfaces_s__rosidl_typesupport_c.cpython-38-x86_64-linux-gnu.so
[1.667s] -- Up-to-date symlink: /home/ubuntu/workspace/robotics_v1/install/robo_cleaner_interfaces/lib/librobo_cleaner_interfaces__python.so
[1.667s] -- Up-to-date symlink: /home/ubuntu/workspace/robotics_v1/install/robo_cleaner_interfaces/share/robo_cleaner_interfaces/msg/BatteryStatus.idl
[1.668s] -- Up-to-date symlink: /home/ubuntu/workspace/robotics_v1/install/robo_cleaner_interfaces/share/robo_cleaner_interfaces/msg/InitialRobotState.idl
[1.670s] -- Up-to-date symlink: /home/ubuntu/workspace/robotics_v1/install/robo_cleaner_interfaces/share/robo_cleaner_interfaces/msg/RobotMoveType.idl
[1.671s] -- Up-to-date symlink: /home/ubuntu/workspace/robotics_v1/install/robo_cleaner_interfaces/share/robo_cleaner_interfaces/msg/UserAuthenticate.idl
[1.677s] -- Up-to-date symlink: /home/ubuntu/workspace/robotics_v1/install/robo_cleaner_interfaces/share/robo_cleaner_interfaces/srv/ChargeBattery.idl
[1.678s] -- Up-to-date symlink: /home/ubuntu/workspace/robotics_v1/install/robo_cleaner_interfaces/share/robo_cleaner_interfaces/srv/QueryBatteryStatus.idl
[1.679s] -- Up-to-date symlink: /home/ubuntu/workspace/robotics_v1/install/robo_cleaner_interfaces/share/robo_cleaner_interfaces/srv/QueryInitialRobotState.idl
[1.679s] -- Up-to-date symlink: /home/ubuntu/workspace/robotics_v1/install/robo_cleaner_interfaces/share/robo_cleaner_interfaces/action/RobotMove.idl
[1.679s] -- Up-to-date symlink: /home/ubuntu/workspace/robotics_v1/install/robo_cleaner_interfaces/share/robo_cleaner_interfaces/msg/BatteryStatus.msg
[1.683s] -- Up-to-date symlink: /home/ubuntu/workspace/robotics_v1/install/robo_cleaner_interfaces/share/robo_cleaner_interfaces/msg/InitialRobotState.msg
[1.683s] -- Up-to-date symlink: /home/ubuntu/workspace/robotics_v1/install/robo_cleaner_interfaces/share/robo_cleaner_interfaces/msg/RobotMoveType.msg
[1.684s] -- Up-to-date symlink: /home/ubuntu/workspace/robotics_v1/install/robo_cleaner_interfaces/share/robo_cleaner_interfaces/msg/UserAuthenticate.msg
[1.684s] -- Up-to-date symlink: /home/ubuntu/workspace/robotics_v1/install/robo_cleaner_interfaces/share/robo_cleaner_interfaces/srv/ChargeBattery.srv
[1.684s] -- Up-to-date symlink: /home/ubuntu/workspace/robotics_v1/install/robo_cleaner_interfaces/share/robo_cleaner_interfaces/srv/ChargeBattery_Request.msg
[1.685s] -- Up-to-date symlink: /home/ubuntu/workspace/robotics_v1/install/robo_cleaner_interfaces/share/robo_cleaner_interfaces/srv/ChargeBattery_Response.msg
[1.685s] -- Up-to-date symlink: /home/ubuntu/workspace/robotics_v1/install/robo_cleaner_interfaces/share/robo_cleaner_interfaces/srv/QueryBatteryStatus.srv
[1.685s] -- Up-to-date symlink: /home/ubuntu/workspace/robotics_v1/install/robo_cleaner_interfaces/share/robo_cleaner_interfaces/srv/QueryBatteryStatus_Request.msg
[1.686s] -- Up-to-date symlink: /home/ubuntu/workspace/robotics_v1/install/robo_cleaner_interfaces/share/robo_cleaner_interfaces/srv/QueryBatteryStatus_Response.msg
[1.686s] -- Up-to-date symlink: /home/ubuntu/workspace/robotics_v1/install/robo_cleaner_interfaces/share/robo_cleaner_interfaces/srv/QueryInitialRobotState.srv
[1.686s] -- Up-to-date symlink: /home/ubuntu/workspace/robotics_v1/install/robo_cleaner_interfaces/share/robo_cleaner_interfaces/srv/QueryInitialRobotState_Request.msg
[1.686s] -- Up-to-date symlink: /home/ubuntu/workspace/robotics_v1/install/robo_cleaner_interfaces/share/robo_cleaner_interfaces/srv/QueryInitialRobotState_Response.msg
[1.687s] -- Up-to-date symlink: /home/ubuntu/workspace/robotics_v1/install/robo_cleaner_interfaces/share/robo_cleaner_interfaces/action/RobotMove.action
[1.687s] -- Up-to-date symlink: /home/ubuntu/workspace/robotics_v1/install/robo_cleaner_interfaces/share/ament_index/resource_index/package_run_dependencies/robo_cleaner_interfaces
[1.687s] -- Up-to-date symlink: /home/ubuntu/workspace/robotics_v1/install/robo_cleaner_interfaces/share/ament_index/resource_index/parent_prefix_path/robo_cleaner_interfaces
[1.688s] -- Up-to-date symlink: /home/ubuntu/workspace/robotics_v1/install/robo_cleaner_interfaces/share/robo_cleaner_interfaces/environment/ament_prefix_path.sh
[1.688s] -- Up-to-date symlink: /home/ubuntu/workspace/robotics_v1/install/robo_cleaner_interfaces/share/robo_cleaner_interfaces/environment/ament_prefix_path.dsv
[1.688s] -- Up-to-date symlink: /home/ubuntu/workspace/robotics_v1/install/robo_cleaner_interfaces/share/robo_cleaner_interfaces/environment/path.sh
[1.688s] -- Up-to-date symlink: /home/ubuntu/workspace/robotics_v1/install/robo_cleaner_interfaces/share/robo_cleaner_interfaces/environment/path.dsv
[1.689s] -- Up-to-date symlink: /home/ubuntu/workspace/robotics_v1/install/robo_cleaner_interfaces/share/robo_cleaner_interfaces/local_setup.bash
[1.689s] -- Up-to-date symlink: /home/ubuntu/workspace/robotics_v1/install/robo_cleaner_interfaces/share/robo_cleaner_interfaces/local_setup.sh
[1.689s] -- Up-to-date symlink: /home/ubuntu/workspace/robotics_v1/install/robo_cleaner_interfaces/share/robo_cleaner_interfaces/local_setup.zsh
[1.689s] -- Up-to-date symlink: /home/ubuntu/workspace/robotics_v1/install/robo_cleaner_interfaces/share/robo_cleaner_interfaces/local_setup.dsv
[1.689s] -- Symlinking: /home/ubuntu/workspace/robotics_v1/install/robo_cleaner_interfaces/share/robo_cleaner_interfaces/package.dsv
[1.703s] -- Up-to-date symlink: /home/ubuntu/workspace/robotics_v1/install/robo_cleaner_interfaces/share/ament_index/resource_index/packages/robo_cleaner_interfaces
[1.703s] -- Up-to-date symlink: /home/ubuntu/workspace/robotics_v1/install/robo_cleaner_interfaces/share/robo_cleaner_interfaces/cmake/rosidl_cmake-extras.cmake
[1.710s] -- Up-to-date symlink: /home/ubuntu/workspace/robotics_v1/install/robo_cleaner_interfaces/share/robo_cleaner_interfaces/cmake/ament_cmake_export_dependencies-extras.cmake
[1.717s] -- Up-to-date symlink: /home/ubuntu/workspace/robotics_v1/install/robo_cleaner_interfaces/share/robo_cleaner_interfaces/cmake/ament_cmake_export_libraries-extras.cmake
[1.718s] -- Up-to-date symlink: /home/ubuntu/workspace/robotics_v1/install/robo_cleaner_interfaces/share/robo_cleaner_interfaces/cmake/ament_cmake_export_targets-extras.cmake
[1.719s] -- Up-to-date symlink: /home/ubuntu/workspace/robotics_v1/install/robo_cleaner_interfaces/share/robo_cleaner_interfaces/cmake/ament_cmake_export_include_directories-extras.cmake
[1.720s] -- Up-to-date symlink: /home/ubuntu/workspace/robotics_v1/install/robo_cleaner_interfaces/share/robo_cleaner_interfaces/cmake/rosidl_cmake_export_typesupport_libraries-extras.cmake
[1.720s] -- Up-to-date symlink: /home/ubuntu/workspace/robotics_v1/install/robo_cleaner_interfaces/share/robo_cleaner_interfaces/cmake/rosidl_cmake_export_typesupport_targets-extras.cmake
[1.721s] -- Up-to-date symlink: /home/ubuntu/workspace/robotics_v1/install/robo_cleaner_interfaces/share/robo_cleaner_interfaces/cmake/robo_cleaner_interfacesConfig.cmake
[1.721s] -- Up-to-date symlink: /home/ubuntu/workspace/robotics_v1/install/robo_cleaner_interfaces/share/robo_cleaner_interfaces/cmake/robo_cleaner_interfacesConfig-version.cmake
[1.721s] -- Up-to-date symlink: /home/ubuntu/workspace/robotics_v1/install/robo_cleaner_interfaces/share/robo_cleaner_interfaces/package.xml
[1.721s] -- Up-to-date: /home/ubuntu/workspace/robotics_v1/install/robo_cleaner_interfaces/lib/librobo_cleaner_interfaces__rosidl_generator_c.so
[1.721s] -- Up-to-date: /home/ubuntu/workspace/robotics_v1/install/robo_cleaner_interfaces/lib/librobo_cleaner_interfaces__rosidl_typesupport_introspection_c.so
[1.722s] -- Up-to-date: /home/ubuntu/workspace/robotics_v1/install/robo_cleaner_interfaces/lib/librobo_cleaner_interfaces__rosidl_typesupport_c.so
[1.722s] -- Up-to-date: /home/ubuntu/workspace/robotics_v1/install/robo_cleaner_interfaces/lib/librobo_cleaner_interfaces__rosidl_typesupport_introspection_cpp.so
[1.722s] -- Up-to-date: /home/ubuntu/workspace/robotics_v1/install/robo_cleaner_interfaces/lib/librobo_cleaner_interfaces__rosidl_typesupport_cpp.so
[1.777s] -- Up-to-date: /home/ubuntu/workspace/robotics_v1/install/robo_cleaner_interfaces/share/robo_cleaner_interfaces/cmake/robo_cleaner_interfaces__rosidl_generator_cExport.cmake
[1.777s] -- Up-to-date: /home/ubuntu/workspace/robotics_v1/install/robo_cleaner_interfaces/share/robo_cleaner_interfaces/cmake/robo_cleaner_interfaces__rosidl_generator_cExport-debug.cmake
[1.778s] -- Up-to-date: /home/ubuntu/workspace/robotics_v1/install/robo_cleaner_interfaces/share/robo_cleaner_interfaces/cmake/robo_cleaner_interfaces__rosidl_typesupport_introspection_cExport.cmake
[1.778s] -- Up-to-date: /home/ubuntu/workspace/robotics_v1/install/robo_cleaner_interfaces/share/robo_cleaner_interfaces/cmake/robo_cleaner_interfaces__rosidl_typesupport_introspection_cExport-debug.cmake
[1.778s] -- Up-to-date: /home/ubuntu/workspace/robotics_v1/install/robo_cleaner_interfaces/share/robo_cleaner_interfaces/cmake/robo_cleaner_interfaces__rosidl_typesupport_cExport.cmake
[1.778s] -- Up-to-date: /home/ubuntu/workspace/robotics_v1/install/robo_cleaner_interfaces/share/robo_cleaner_interfaces/cmake/robo_cleaner_interfaces__rosidl_typesupport_cExport-debug.cmake
[1.779s] -- Up-to-date: /home/ubuntu/workspace/robotics_v1/install/robo_cleaner_interfaces/share/robo_cleaner_interfaces/cmake/robo_cleaner_interfaces__rosidl_generator_cppExport.cmake
[1.779s] -- Up-to-date: /home/ubuntu/workspace/robotics_v1/install/robo_cleaner_interfaces/share/robo_cleaner_interfaces/cmake/robo_cleaner_interfaces__rosidl_typesupport_introspection_cppExport.cmake
[1.780s] -- Up-to-date: /home/ubuntu/workspace/robotics_v1/install/robo_cleaner_interfaces/share/robo_cleaner_interfaces/cmake/robo_cleaner_interfaces__rosidl_typesupport_introspection_cppExport-debug.cmake
[1.780s] -- Up-to-date: /home/ubuntu/workspace/robotics_v1/install/robo_cleaner_interfaces/share/robo_cleaner_interfaces/cmake/robo_cleaner_interfaces__rosidl_typesupport_cppExport.cmake
[1.781s] -- Up-to-date: /home/ubuntu/workspace/robotics_v1/install/robo_cleaner_interfaces/share/robo_cleaner_interfaces/cmake/robo_cleaner_interfaces__rosidl_typesupport_cppExport-debug.cmake
[1.785s] Invoked command in '/home/ubuntu/workspace/robotics_v1/build/robo_cleaner_interfaces' returned '0': CMAKE_PREFIX_PATH=/opt/ros/foxy PS1=[\u@\h \W]$(git_branch)$ /usr/bin/cmake --install /home/ubuntu/workspace/robotics_v1/build/robo_cleaner_interfaces
