[0.027s] Invoking command in '/home/ubuntu/workspace/robotics_v1/build/robo_miner_controller': CMAKE_PREFIX_PATH=/home/ubuntu/workspace/robotics_v1/install/robo_miner_interfaces:/opt/ros/foxy LD_LIBRARY_PATH=/home/ubuntu/workspace/robotics_v1/install/robo_miner_interfaces/lib:${LD_LIBRARY_PATH} PYTHONPATH=/home/ubuntu/workspace/robotics_v1/install/robo_miner_interfaces/lib/python3.8/site-packages:${PYTHONPATH} /usr/bin/cmake --build /home/ubuntu/workspace/robotics_v1/build/robo_miner_controller -- -j4 -l4
[0.075s] -- Found ament_cmake: 0.9.9 (/opt/ros/foxy/share/ament_cmake/cmake)
[0.108s] -- Using PYTHON_EXECUTABLE: /usr/bin/python3
[0.394s] -- Found ament_index_cpp: 1.1.0 (/opt/ros/foxy/share/ament_index_cpp/cmake)
[0.398s] -- Found rclcpp: 2.4.1 (/opt/ros/foxy/share/rclcpp/cmake)
[0.445s] -- Using all available rosidl_typesupport_c: rosidl_typesupport_fastrtps_c;rosidl_typesupport_introspection_c
[0.449s] -- Found rosidl_adapter: 1.2.1 (/opt/ros/foxy/share/rosidl_adapter/cmake)
[0.651s] -- Using all available rosidl_typesupport_cpp: rosidl_typesupport_fastrtps_cpp;rosidl_typesupport_introspection_cpp
[0.737s] -- Found rmw_implementation_cmake: 1.0.3 (/opt/ros/foxy/share/rmw_implementation_cmake/cmake)
[0.739s] -- Using RMW implementation 'rmw_fastrtps_cpp' as default
[0.910s] -- Found robo_miner_interfaces: 1.0.0 (/home/ubuntu/workspace/robotics_v1/install/robo_miner_interfaces/share/robo_miner_interfaces/cmake)
[0.923s] -- Found ament_lint_auto: 0.9.6 (/opt/ros/foxy/share/ament_lint_auto/cmake)
[1.000s] -- Added test 'copyright' to check source files copyright and LICENSE
[1.001s] -- Added test 'cppcheck' to perform static code analysis on C / C++ code
[1.002s] -- Configured cppcheck include dirs: $<BUILD_INTERFACE:/home/ubuntu/workspace/robotics_v1/src/robo_miner/robo_miner_controller/include>
[1.002s] -- Configured cppcheck exclude dirs and/or files: 
[1.003s] -- Added test 'cpplint' to check C / C++ code against the Google style
[1.003s] -- Configured cpplint exclude dirs and/or files: 
[1.004s] -- Added test 'lint_cmake' to check CMake code style
[1.006s] -- Added test 'uncrustify' to check C / C++ code style
[1.006s] -- Configured uncrustify additional arguments: 
[1.007s] -- Added test 'xmllint' to check XML markup files
[1.011s] -- Configuring done
[1.035s] -- Generating done
[1.039s] -- Build files have been written to: /home/ubuntu/workspace/robotics_v1/build/robo_miner_controller
[1.071s] [35m[1mScanning dependencies of target robo_miner_controller[0m
[1.103s] [ 50%] [32mBuilding CXX object CMakeFiles/robo_miner_controller.dir/src/robo_miner_controller.cpp.o[0m
[2.882s] [01m[K/home/ubuntu/workspace/robotics_v1/src/robo_miner/robo_miner_controller/src/robo_miner_controller.cpp:[m[K In member function ‘[01m[Kvoid RoboMinerControler::getInitailInfo()[m[K’:
[2.882s] [01m[K/home/ubuntu/workspace/robotics_v1/src/robo_miner/robo_miner_controller/src/robo_miner_controller.cpp:56:5:[m[K [01;31m[Kerror: [m[K‘[01m[KRobotMoverLogistics[m[K’ was not declared in this scope
[2.882s]    56 |     [01;31m[KRobotMoverLogistics[m[K logistics(resp);
[2.882s]       |     [01;31m[K^~~~~~~~~~~~~~~~~~~[m[K
[2.899s] [01m[K/home/ubuntu/workspace/robotics_v1/src/robo_miner/robo_miner_controller/src/robo_miner_controller.cpp:[m[K In member function ‘[01m[Kvoid RoboMinerControler::robotMove(uint8_t)[m[K’:
[2.900s] [01m[K/home/ubuntu/workspace/robotics_v1/src/robo_miner/robo_miner_controller/src/robo_miner_controller.cpp:79:5:[m[K [01;31m[Kerror: [m[K‘[01m[KRobotMoverLogistics[m[K’ was not declared in this scope
[2.900s]    79 |     [01;31m[KRobotMoverLogistics[m[K logistics(dirrection,resp);
[2.900s]       |     [01;31m[K^~~~~~~~~~~~~~~~~~~[m[K
[4.163s] make[2]: *** [CMakeFiles/robo_miner_controller.dir/build.make:63: CMakeFiles/robo_miner_controller.dir/src/robo_miner_controller.cpp.o] Error 1
[4.163s] make[1]: *** [CMakeFiles/Makefile2:78: CMakeFiles/robo_miner_controller.dir/all] Error 2
[4.164s] make: *** [Makefile:141: all] Error 2
[4.167s] Invoked command in '/home/ubuntu/workspace/robotics_v1/build/robo_miner_controller' returned '2': CMAKE_PREFIX_PATH=/home/ubuntu/workspace/robotics_v1/install/robo_miner_interfaces:/opt/ros/foxy LD_LIBRARY_PATH=/home/ubuntu/workspace/robotics_v1/install/robo_miner_interfaces/lib:${LD_LIBRARY_PATH} PYTHONPATH=/home/ubuntu/workspace/robotics_v1/install/robo_miner_interfaces/lib/python3.8/site-packages:${PYTHONPATH} /usr/bin/cmake --build /home/ubuntu/workspace/robotics_v1/build/robo_miner_controller -- -j4 -l4
