[0.064s] Invoking command in '/home/ubuntu/workspace/robotics_v1/build/urscript_interfaces': CMAKE_PREFIX_PATH=/opt/ros/foxy /usr/bin/cmake --build /home/ubuntu/workspace/robotics_v1/build/urscript_interfaces -- -j4 -l4
[0.222s] [  3%] Built target urscript_interfaces__cpp
[0.229s] [ 12%] Built target urscript_interfaces__rosidl_generator_c
[0.309s] [ 22%] Built target urscript_interfaces__rosidl_typesupport_fastrtps_cpp
[0.314s] [ 32%] Built target urscript_interfaces__rosidl_typesupport_cpp
[0.329s] [ 41%] Built target urscript_interfaces__rosidl_typesupport_introspection_cpp
[0.406s] [ 51%] Built target urscript_interfaces__rosidl_typesupport_c
[0.468s] [ 61%] Built target urscript_interfaces__rosidl_typesupport_fastrtps_c
[0.469s] [ 70%] Built target urscript_interfaces__rosidl_typesupport_introspection_c
[0.551s] [ 70%] Built target urscript_interfaces
[0.614s] [ 74%] Built target urscript_interfaces__py
[0.800s] [ 80%] Built target urscript_interfaces__python
[0.879s] [ 87%] Built target urscript_interfaces__rosidl_typesupport_introspection_c__pyext
[0.919s] [ 93%] Built target urscript_interfaces__rosidl_typesupport_c__pyext
[0.921s] [100%] Built target urscript_interfaces__rosidl_typesupport_fastrtps_c__pyext
[0.947s] Invoked command in '/home/ubuntu/workspace/robotics_v1/build/urscript_interfaces' returned '0': CMAKE_PREFIX_PATH=/opt/ros/foxy /usr/bin/cmake --build /home/ubuntu/workspace/robotics_v1/build/urscript_interfaces -- -j4 -l4
[1.069s] Invoking command in '/home/ubuntu/workspace/robotics_v1/build/urscript_interfaces': CMAKE_PREFIX_PATH=/opt/ros/foxy /usr/bin/cmake --install /home/ubuntu/workspace/robotics_v1/build/urscript_interfaces
[1.099s] -- Install configuration: "Debug"
[1.100s] -- Execute custom install script
[1.101s] -- Up-to-date symlink: /home/ubuntu/workspace/robotics_v1/install/urscript_interfaces/share/ament_index/resource_index/rosidl_interfaces/urscript_interfaces
[1.103s] -- Up-to-date symlink: /home/ubuntu/workspace/robotics_v1/install/urscript_interfaces/include/urscript_interfaces/msg/rosidl_generator_c__visibility_control.h
[1.103s] -- Up-to-date symlink: /home/ubuntu/workspace/robotics_v1/install/urscript_interfaces/include/urscript_interfaces/srv/detail/ur_script__functions.h
[1.103s] -- Up-to-date symlink: /home/ubuntu/workspace/robotics_v1/install/urscript_interfaces/include/urscript_interfaces/srv/detail/ur_script__struct.h
[1.104s] -- Up-to-date symlink: /home/ubuntu/workspace/robotics_v1/install/urscript_interfaces/include/urscript_interfaces/srv/detail/ur_script__type_support.h
[1.105s] -- Up-to-date symlink: /home/ubuntu/workspace/robotics_v1/install/urscript_interfaces/include/urscript_interfaces/srv/ur_script.h
[1.107s] -- Up-to-date symlink: /home/ubuntu/workspace/robotics_v1/install/urscript_interfaces/share/urscript_interfaces/environment/library_path.sh
[1.108s] -- Up-to-date symlink: /home/ubuntu/workspace/robotics_v1/install/urscript_interfaces/share/urscript_interfaces/environment/library_path.dsv
[1.110s] -- Up-to-date symlink: /home/ubuntu/workspace/robotics_v1/install/urscript_interfaces/include/urscript_interfaces/msg/rosidl_typesupport_fastrtps_c__visibility_control.h
[1.110s] -- Up-to-date symlink: /home/ubuntu/workspace/robotics_v1/install/urscript_interfaces/include/urscript_interfaces/srv/detail/ur_script__rosidl_typesupport_fastrtps_c.h
[1.111s] -- Up-to-date symlink: /home/ubuntu/workspace/robotics_v1/install/urscript_interfaces/lib/liburscript_interfaces__rosidl_typesupport_fastrtps_c.so
[1.113s] -- Up-to-date symlink: /home/ubuntu/workspace/robotics_v1/install/urscript_interfaces/include/urscript_interfaces/msg/rosidl_typesupport_fastrtps_cpp__visibility_control.h
[1.113s] -- Up-to-date symlink: /home/ubuntu/workspace/robotics_v1/install/urscript_interfaces/include/urscript_interfaces/srv/detail/ur_script__rosidl_typesupport_fastrtps_cpp.hpp
[1.114s] -- Up-to-date symlink: /home/ubuntu/workspace/robotics_v1/install/urscript_interfaces/lib/liburscript_interfaces__rosidl_typesupport_fastrtps_cpp.so
[1.115s] -- Up-to-date symlink: /home/ubuntu/workspace/robotics_v1/install/urscript_interfaces/include/urscript_interfaces/msg/rosidl_typesupport_introspection_c__visibility_control.h
[1.115s] -- Up-to-date symlink: /home/ubuntu/workspace/robotics_v1/install/urscript_interfaces/include/urscript_interfaces/srv/detail/ur_script__rosidl_typesupport_introspection_c.h
[1.116s] -- Up-to-date symlink: /home/ubuntu/workspace/robotics_v1/install/urscript_interfaces/include/urscript_interfaces/srv/detail/ur_script__builder.hpp
[1.117s] -- Up-to-date symlink: /home/ubuntu/workspace/robotics_v1/install/urscript_interfaces/include/urscript_interfaces/srv/detail/ur_script__struct.hpp
[1.117s] -- Up-to-date symlink: /home/ubuntu/workspace/robotics_v1/install/urscript_interfaces/include/urscript_interfaces/srv/detail/ur_script__traits.hpp
[1.118s] -- Up-to-date symlink: /home/ubuntu/workspace/robotics_v1/install/urscript_interfaces/include/urscript_interfaces/srv/ur_script.hpp
[1.119s] -- Up-to-date symlink: /home/ubuntu/workspace/robotics_v1/install/urscript_interfaces/include/urscript_interfaces/srv/detail/ur_script__rosidl_typesupport_introspection_cpp.hpp
[1.120s] -- Up-to-date symlink: /home/ubuntu/workspace/robotics_v1/install/urscript_interfaces/share/urscript_interfaces/environment/pythonpath.sh
[1.121s] -- Up-to-date symlink: /home/ubuntu/workspace/robotics_v1/install/urscript_interfaces/share/urscript_interfaces/environment/pythonpath.dsv
[1.121s] -- Up-to-date symlink: /home/ubuntu/workspace/robotics_v1/install/urscript_interfaces/lib/python3.8/site-packages/urscript_interfaces/__init__.py
[1.123s] -- Up-to-date symlink: /home/ubuntu/workspace/robotics_v1/install/urscript_interfaces/lib/python3.8/site-packages/urscript_interfaces/srv/__init__.py
[1.123s] -- Up-to-date symlink: /home/ubuntu/workspace/robotics_v1/install/urscript_interfaces/lib/python3.8/site-packages/urscript_interfaces/srv/_ur_script.py
[1.124s] -- Up-to-date symlink: /home/ubuntu/workspace/robotics_v1/install/urscript_interfaces/lib/python3.8/site-packages/urscript_interfaces/urscript_interfaces_s__rosidl_typesupport_fastrtps_c.cpython-38-x86_64-linux-gnu.so
[1.125s] -- Up-to-date symlink: /home/ubuntu/workspace/robotics_v1/install/urscript_interfaces/lib/python3.8/site-packages/urscript_interfaces/urscript_interfaces_s__rosidl_typesupport_introspection_c.cpython-38-x86_64-linux-gnu.so
[1.126s] -- Up-to-date symlink: /home/ubuntu/workspace/robotics_v1/install/urscript_interfaces/lib/python3.8/site-packages/urscript_interfaces/urscript_interfaces_s__rosidl_typesupport_c.cpython-38-x86_64-linux-gnu.so
[1.127s] -- Up-to-date symlink: /home/ubuntu/workspace/robotics_v1/install/urscript_interfaces/lib/liburscript_interfaces__python.so
[1.127s] -- Up-to-date symlink: /home/ubuntu/workspace/robotics_v1/install/urscript_interfaces/share/urscript_interfaces/srv/UrScript.idl
[1.128s] -- Up-to-date symlink: /home/ubuntu/workspace/robotics_v1/install/urscript_interfaces/share/urscript_interfaces/srv/UrScript.srv
[1.129s] -- Up-to-date symlink: /home/ubuntu/workspace/robotics_v1/install/urscript_interfaces/share/urscript_interfaces/srv/UrScript_Request.msg
[1.129s] -- Up-to-date symlink: /home/ubuntu/workspace/robotics_v1/install/urscript_interfaces/share/urscript_interfaces/srv/UrScript_Response.msg
[1.130s] -- Up-to-date symlink: /home/ubuntu/workspace/robotics_v1/install/urscript_interfaces/share/ament_index/resource_index/package_run_dependencies/urscript_interfaces
[1.130s] -- Up-to-date symlink: /home/ubuntu/workspace/robotics_v1/install/urscript_interfaces/share/ament_index/resource_index/parent_prefix_path/urscript_interfaces
[1.131s] -- Up-to-date symlink: /home/ubuntu/workspace/robotics_v1/install/urscript_interfaces/share/urscript_interfaces/environment/ament_prefix_path.sh
[1.131s] -- Up-to-date symlink: /home/ubuntu/workspace/robotics_v1/install/urscript_interfaces/share/urscript_interfaces/environment/ament_prefix_path.dsv
[1.132s] -- Up-to-date symlink: /home/ubuntu/workspace/robotics_v1/install/urscript_interfaces/share/urscript_interfaces/environment/path.sh
[1.133s] -- Up-to-date symlink: /home/ubuntu/workspace/robotics_v1/install/urscript_interfaces/share/urscript_interfaces/environment/path.dsv
[1.133s] -- Up-to-date symlink: /home/ubuntu/workspace/robotics_v1/install/urscript_interfaces/share/urscript_interfaces/local_setup.bash
[1.134s] -- Up-to-date symlink: /home/ubuntu/workspace/robotics_v1/install/urscript_interfaces/share/urscript_interfaces/local_setup.sh
[1.134s] -- Up-to-date symlink: /home/ubuntu/workspace/robotics_v1/install/urscript_interfaces/share/urscript_interfaces/local_setup.zsh
[1.135s] -- Up-to-date symlink: /home/ubuntu/workspace/robotics_v1/install/urscript_interfaces/share/urscript_interfaces/local_setup.dsv
[1.135s] -- Symlinking: /home/ubuntu/workspace/robotics_v1/install/urscript_interfaces/share/urscript_interfaces/package.dsv
[1.161s] -- Up-to-date symlink: /home/ubuntu/workspace/robotics_v1/install/urscript_interfaces/share/ament_index/resource_index/packages/urscript_interfaces
[1.161s] -- Up-to-date symlink: /home/ubuntu/workspace/robotics_v1/install/urscript_interfaces/share/urscript_interfaces/cmake/rosidl_cmake-extras.cmake
[1.162s] -- Up-to-date symlink: /home/ubuntu/workspace/robotics_v1/install/urscript_interfaces/share/urscript_interfaces/cmake/ament_cmake_export_dependencies-extras.cmake
[1.162s] -- Up-to-date symlink: /home/ubuntu/workspace/robotics_v1/install/urscript_interfaces/share/urscript_interfaces/cmake/ament_cmake_export_libraries-extras.cmake
[1.162s] -- Up-to-date symlink: /home/ubuntu/workspace/robotics_v1/install/urscript_interfaces/share/urscript_interfaces/cmake/ament_cmake_export_targets-extras.cmake
[1.162s] -- Up-to-date symlink: /home/ubuntu/workspace/robotics_v1/install/urscript_interfaces/share/urscript_interfaces/cmake/ament_cmake_export_include_directories-extras.cmake
[1.163s] -- Up-to-date symlink: /home/ubuntu/workspace/robotics_v1/install/urscript_interfaces/share/urscript_interfaces/cmake/rosidl_cmake_export_typesupport_libraries-extras.cmake
[1.163s] -- Up-to-date symlink: /home/ubuntu/workspace/robotics_v1/install/urscript_interfaces/share/urscript_interfaces/cmake/rosidl_cmake_export_typesupport_targets-extras.cmake
[1.164s] -- Up-to-date symlink: /home/ubuntu/workspace/robotics_v1/install/urscript_interfaces/share/urscript_interfaces/cmake/urscript_interfacesConfig.cmake
[1.164s] -- Up-to-date symlink: /home/ubuntu/workspace/robotics_v1/install/urscript_interfaces/share/urscript_interfaces/cmake/urscript_interfacesConfig-version.cmake
[1.165s] -- Up-to-date symlink: /home/ubuntu/workspace/robotics_v1/install/urscript_interfaces/share/urscript_interfaces/package.xml
[1.165s] -- Up-to-date: /home/ubuntu/workspace/robotics_v1/install/urscript_interfaces/lib/liburscript_interfaces__rosidl_generator_c.so
[1.166s] -- Up-to-date: /home/ubuntu/workspace/robotics_v1/install/urscript_interfaces/lib/liburscript_interfaces__rosidl_typesupport_introspection_c.so
[1.167s] -- Up-to-date: /home/ubuntu/workspace/robotics_v1/install/urscript_interfaces/lib/liburscript_interfaces__rosidl_typesupport_c.so
[1.169s] -- Up-to-date: /home/ubuntu/workspace/robotics_v1/install/urscript_interfaces/lib/liburscript_interfaces__rosidl_typesupport_introspection_cpp.so
[1.170s] -- Up-to-date: /home/ubuntu/workspace/robotics_v1/install/urscript_interfaces/lib/liburscript_interfaces__rosidl_typesupport_cpp.so
[1.244s] -- Up-to-date: /home/ubuntu/workspace/robotics_v1/install/urscript_interfaces/share/urscript_interfaces/cmake/urscript_interfaces__rosidl_generator_cExport.cmake
[1.244s] -- Up-to-date: /home/ubuntu/workspace/robotics_v1/install/urscript_interfaces/share/urscript_interfaces/cmake/urscript_interfaces__rosidl_generator_cExport-debug.cmake
[1.244s] -- Up-to-date: /home/ubuntu/workspace/robotics_v1/install/urscript_interfaces/share/urscript_interfaces/cmake/urscript_interfaces__rosidl_typesupport_introspection_cExport.cmake
[1.244s] -- Up-to-date: /home/ubuntu/workspace/robotics_v1/install/urscript_interfaces/share/urscript_interfaces/cmake/urscript_interfaces__rosidl_typesupport_introspection_cExport-debug.cmake
[1.245s] -- Up-to-date: /home/ubuntu/workspace/robotics_v1/install/urscript_interfaces/share/urscript_interfaces/cmake/urscript_interfaces__rosidl_typesupport_cExport.cmake
[1.245s] -- Up-to-date: /home/ubuntu/workspace/robotics_v1/install/urscript_interfaces/share/urscript_interfaces/cmake/urscript_interfaces__rosidl_typesupport_cExport-debug.cmake
[1.245s] -- Up-to-date: /home/ubuntu/workspace/robotics_v1/install/urscript_interfaces/share/urscript_interfaces/cmake/urscript_interfaces__rosidl_generator_cppExport.cmake
[1.246s] -- Up-to-date: /home/ubuntu/workspace/robotics_v1/install/urscript_interfaces/share/urscript_interfaces/cmake/urscript_interfaces__rosidl_typesupport_introspection_cppExport.cmake
[1.246s] -- Up-to-date: /home/ubuntu/workspace/robotics_v1/install/urscript_interfaces/share/urscript_interfaces/cmake/urscript_interfaces__rosidl_typesupport_introspection_cppExport-debug.cmake
[1.246s] -- Up-to-date: /home/ubuntu/workspace/robotics_v1/install/urscript_interfaces/share/urscript_interfaces/cmake/urscript_interfaces__rosidl_typesupport_cppExport.cmake
[1.246s] -- Up-to-date: /home/ubuntu/workspace/robotics_v1/install/urscript_interfaces/share/urscript_interfaces/cmake/urscript_interfaces__rosidl_typesupport_cppExport-debug.cmake
[1.250s] Invoked command in '/home/ubuntu/workspace/robotics_v1/build/urscript_interfaces' returned '0': CMAKE_PREFIX_PATH=/opt/ros/foxy /usr/bin/cmake --install /home/ubuntu/workspace/robotics_v1/build/urscript_interfaces
