[0.056s] Invoking command in '/home/ubuntu/workspace/robotics_v1/build/ur_client_library': CMAKE_PREFIX_PATH=/opt/ros/foxy /usr/bin/cmake --build /home/ubuntu/workspace/robotics_v1/build/ur_client_library -- -j4 -l4
[0.145s] [ 82%] Built target urcl
[0.178s] [ 91%] Built target rtde_client_example
[0.184s] [ 94%] Built target driver_example
[0.197s] [100%] Built target primary_pipeline_example
[0.212s] Invoked command in '/home/ubuntu/workspace/robotics_v1/build/ur_client_library' returned '0': CMAKE_PREFIX_PATH=/opt/ros/foxy /usr/bin/cmake --build /home/ubuntu/workspace/robotics_v1/build/ur_client_library -- -j4 -l4
[0.302s] Invoking command in '/home/ubuntu/workspace/robotics_v1/build/ur_client_library': CMAKE_PREFIX_PATH=/opt/ros/foxy /usr/bin/cmake --install /home/ubuntu/workspace/robotics_v1/build/ur_client_library
[0.315s] -- Install configuration: "Debug"
[0.316s] -- Up-to-date: /home/ubuntu/workspace/robotics_v1/install/ur_client_library/lib/liburcl.so
[0.316s] -- Up-to-date: /home/ubuntu/workspace/robotics_v1/install/ur_client_library/include
[0.316s] -- Up-to-date: /home/ubuntu/workspace/robotics_v1/install/ur_client_library/include/ur_client_library
[0.316s] -- Up-to-date: /home/ubuntu/workspace/robotics_v1/install/ur_client_library/include/ur_client_library/exceptions.h
[0.316s] -- Up-to-date: /home/ubuntu/workspace/robotics_v1/install/ur_client_library/include/ur_client_library/control
[0.316s] -- Up-to-date: /home/ubuntu/workspace/robotics_v1/install/ur_client_library/include/ur_client_library/control/script_sender.h
[0.316s] -- Up-to-date: /home/ubuntu/workspace/robotics_v1/install/ur_client_library/include/ur_client_library/control/reverse_interface.h
[0.316s] -- Up-to-date: /home/ubuntu/workspace/robotics_v1/install/ur_client_library/include/ur_client_library/control/trajectory_point_interface.h
[0.316s] -- Up-to-date: /home/ubuntu/workspace/robotics_v1/install/ur_client_library/include/ur_client_library/types.h
[0.317s] -- Up-to-date: /home/ubuntu/workspace/robotics_v1/install/ur_client_library/include/ur_client_library/ur
[0.317s] -- Up-to-date: /home/ubuntu/workspace/robotics_v1/install/ur_client_library/include/ur_client_library/ur/dashboard_client.h
[0.317s] -- Up-to-date: /home/ubuntu/workspace/robotics_v1/install/ur_client_library/include/ur_client_library/ur/datatypes.h
[0.317s] -- Up-to-date: /home/ubuntu/workspace/robotics_v1/install/ur_client_library/include/ur_client_library/ur/version_information.h
[0.317s] -- Up-to-date: /home/ubuntu/workspace/robotics_v1/install/ur_client_library/include/ur_client_library/ur/ur_driver.h
[0.317s] -- Up-to-date: /home/ubuntu/workspace/robotics_v1/install/ur_client_library/include/ur_client_library/ur/tool_communication.h
[0.317s] -- Up-to-date: /home/ubuntu/workspace/robotics_v1/install/ur_client_library/include/ur_client_library/ur/calibration_checker.h
[0.317s] -- Up-to-date: /home/ubuntu/workspace/robotics_v1/install/ur_client_library/include/ur_client_library/log.h
[0.317s] -- Up-to-date: /home/ubuntu/workspace/robotics_v1/install/ur_client_library/include/ur_client_library/primary
[0.318s] -- Up-to-date: /home/ubuntu/workspace/robotics_v1/install/ur_client_library/include/ur_client_library/primary/package_header.h
[0.318s] -- Up-to-date: /home/ubuntu/workspace/robotics_v1/install/ur_client_library/include/ur_client_library/primary/primary_package.h
[0.318s] -- Up-to-date: /home/ubuntu/workspace/robotics_v1/install/ur_client_library/include/ur_client_library/primary/robot_message.h
[0.318s] -- Up-to-date: /home/ubuntu/workspace/robotics_v1/install/ur_client_library/include/ur_client_library/primary/primary_parser.h
[0.318s] -- Up-to-date: /home/ubuntu/workspace/robotics_v1/install/ur_client_library/include/ur_client_library/primary/robot_message
[0.318s] -- Up-to-date: /home/ubuntu/workspace/robotics_v1/install/ur_client_library/include/ur_client_library/primary/robot_message/version_message.h
[0.318s] -- Up-to-date: /home/ubuntu/workspace/robotics_v1/install/ur_client_library/include/ur_client_library/primary/abstract_primary_consumer.h
[0.318s] -- Up-to-date: /home/ubuntu/workspace/robotics_v1/install/ur_client_library/include/ur_client_library/primary/robot_state
[0.318s] -- Up-to-date: /home/ubuntu/workspace/robotics_v1/install/ur_client_library/include/ur_client_library/primary/robot_state/kinematics_info.h
[0.319s] -- Up-to-date: /home/ubuntu/workspace/robotics_v1/install/ur_client_library/include/ur_client_library/primary/robot_state.h
[0.319s] -- Up-to-date: /home/ubuntu/workspace/robotics_v1/install/ur_client_library/include/ur_client_library/default_log_handler.h
[0.319s] -- Up-to-date: /home/ubuntu/workspace/robotics_v1/install/ur_client_library/include/ur_client_library/comm
[0.320s] -- Up-to-date: /home/ubuntu/workspace/robotics_v1/install/ur_client_library/include/ur_client_library/comm/pipeline.h
[0.320s] -- Up-to-date: /home/ubuntu/workspace/robotics_v1/install/ur_client_library/include/ur_client_library/comm/control_mode.h
[0.321s] -- Up-to-date: /home/ubuntu/workspace/robotics_v1/install/ur_client_library/include/ur_client_library/comm/package_serializer.h
[0.324s] -- Up-to-date: /home/ubuntu/workspace/robotics_v1/install/ur_client_library/include/ur_client_library/comm/parser.h
[0.325s] -- Up-to-date: /home/ubuntu/workspace/robotics_v1/install/ur_client_library/include/ur_client_library/comm/shell_consumer.h
[0.327s] -- Up-to-date: /home/ubuntu/workspace/robotics_v1/install/ur_client_library/include/ur_client_library/comm/stream.h
[0.328s] -- Up-to-date: /home/ubuntu/workspace/robotics_v1/install/ur_client_library/include/ur_client_library/comm/bin_parser.h
[0.329s] -- Up-to-date: /home/ubuntu/workspace/robotics_v1/install/ur_client_library/include/ur_client_library/comm/tcp_socket.h
[0.331s] -- Up-to-date: /home/ubuntu/workspace/robotics_v1/install/ur_client_library/include/ur_client_library/comm/producer.h
[0.333s] -- Up-to-date: /home/ubuntu/workspace/robotics_v1/install/ur_client_library/include/ur_client_library/comm/tcp_server.h
[0.334s] -- Up-to-date: /home/ubuntu/workspace/robotics_v1/install/ur_client_library/include/ur_client_library/comm/package.h
[0.334s] -- Up-to-date: /home/ubuntu/workspace/robotics_v1/install/ur_client_library/include/ur_client_library/rtde
[0.334s] -- Up-to-date: /home/ubuntu/workspace/robotics_v1/install/ur_client_library/include/ur_client_library/rtde/package_header.h
[0.334s] -- Up-to-date: /home/ubuntu/workspace/robotics_v1/install/ur_client_library/include/ur_client_library/rtde/rtde_client.h
[0.334s] -- Up-to-date: /home/ubuntu/workspace/robotics_v1/install/ur_client_library/include/ur_client_library/rtde/text_message.h
[0.334s] -- Up-to-date: /home/ubuntu/workspace/robotics_v1/install/ur_client_library/include/ur_client_library/rtde/rtde_writer.h
[0.334s] -- Up-to-date: /home/ubuntu/workspace/robotics_v1/install/ur_client_library/include/ur_client_library/rtde/rtde_package.h
[0.334s] -- Up-to-date: /home/ubuntu/workspace/robotics_v1/install/ur_client_library/include/ur_client_library/rtde/rtde_parser.h
[0.334s] -- Up-to-date: /home/ubuntu/workspace/robotics_v1/install/ur_client_library/include/ur_client_library/rtde/control_package_start.h
[0.334s] -- Up-to-date: /home/ubuntu/workspace/robotics_v1/install/ur_client_library/include/ur_client_library/rtde/control_package_setup_outputs.h
[0.334s] -- Up-to-date: /home/ubuntu/workspace/robotics_v1/install/ur_client_library/include/ur_client_library/rtde/control_package_pause.h
[0.334s] -- Up-to-date: /home/ubuntu/workspace/robotics_v1/install/ur_client_library/include/ur_client_library/rtde/get_urcontrol_version.h
[0.334s] -- Up-to-date: /home/ubuntu/workspace/robotics_v1/install/ur_client_library/include/ur_client_library/rtde/control_package_setup_inputs.h
[0.334s] -- Up-to-date: /home/ubuntu/workspace/robotics_v1/install/ur_client_library/include/ur_client_library/rtde/data_package.h
[0.334s] -- Up-to-date: /home/ubuntu/workspace/robotics_v1/install/ur_client_library/include/ur_client_library/rtde/request_protocol_version.h
[0.335s] -- Up-to-date: /home/ubuntu/workspace/robotics_v1/install/ur_client_library/include/ur_client_library/queue
[0.335s] -- Up-to-date: /home/ubuntu/workspace/robotics_v1/install/ur_client_library/include/ur_client_library/queue/readerwriterqueue.h
[0.335s] -- Up-to-date: /home/ubuntu/workspace/robotics_v1/install/ur_client_library/include/ur_client_library/queue/LICENSE.md
[0.335s] -- Up-to-date: /home/ubuntu/workspace/robotics_v1/install/ur_client_library/include/ur_client_library/queue/atomicops.h
[0.335s] -- Up-to-date: /home/ubuntu/workspace/robotics_v1/install/ur_client_library/lib/cmake/ur_client_library/urclTargets.cmake
[0.335s] -- Up-to-date: /home/ubuntu/workspace/robotics_v1/install/ur_client_library/lib/cmake/ur_client_library/urclTargets-debug.cmake
[0.335s] -- Up-to-date: /home/ubuntu/workspace/robotics_v1/install/ur_client_library/lib/cmake/ur_client_library/ur_client_libraryConfig.cmake
[0.335s] -- Up-to-date: /home/ubuntu/workspace/robotics_v1/install/ur_client_library/share/ur_client_library/package.xml
[0.335s] -- Up-to-date: /home/ubuntu/workspace/robotics_v1/install/ur_client_library/share/ament_index/resource_index/packages/ur_client_library
[0.335s] -- Up-to-date: /home/ubuntu/workspace/robotics_v1/install/ur_client_library/share/ur_client_library/hook/ament_prefix_path.dsv
[0.335s] -- Up-to-date: /home/ubuntu/workspace/robotics_v1/install/ur_client_library/share/ur_client_library/hook/ros_package_path.dsv
[0.335s] -- Up-to-date: /home/ubuntu/workspace/robotics_v1/install/ur_client_library/share/ur_client_library/resources
[0.335s] -- Up-to-date: /home/ubuntu/workspace/robotics_v1/install/ur_client_library/share/ur_client_library/resources/external_control.urscript
[0.343s] Invoked command in '/home/ubuntu/workspace/robotics_v1/build/ur_client_library' returned '0': CMAKE_PREFIX_PATH=/opt/ros/foxy /usr/bin/cmake --install /home/ubuntu/workspace/robotics_v1/build/ur_client_library
