[0.052s] Invoking command in '/home/ubuntu/workspace/robotics_v1/build/robo_miner_common': AMENT_PREFIX_PATH=/home/ubuntu/workspace/robotics_v1/install/robo_miner_interfaces:${AMENT_PREFIX_PATH} CMAKE_PREFIX_PATH=/home/ubuntu/workspace/robotics_v1/install/robo_common:/home/ubuntu/workspace/robotics_v1/install/manager_utils:/home/ubuntu/workspace/robotics_v1/install/sdl_utils:/home/ubuntu/workspace/robotics_v1/install/resource_utils:/home/ubuntu/workspace/robotics_v1/install/utils:/home/ubuntu/workspace/robotics_v1/install/robo_miner_interfaces:/home/ubuntu/workspace/robotics_v1/install/cmake_helpers:/opt/ros/foxy LD_LIBRARY_PATH=/home/ubuntu/workspace/robotics_v1/install/robo_miner_interfaces/lib:${LD_LIBRARY_PATH} PKG_CONFIG_PATH=/home/ubuntu/workspace/robotics_v1/install/robo_common/lib/x86_64-linux-gnu/pkgconfig:/home/ubuntu/workspace/robotics_v1/install/robo_common/lib/pkgconfig:/home/ubuntu/workspace/robotics_v1/install/manager_utils/lib/x86_64-linux-gnu/pkgconfig:/home/ubuntu/workspace/robotics_v1/install/manager_utils/lib/pkgconfig:/home/ubuntu/workspace/robotics_v1/install/sdl_utils/lib/x86_64-linux-gnu/pkgconfig:/home/ubuntu/workspace/robotics_v1/install/sdl_utils/lib/pkgconfig:/home/ubuntu/workspace/robotics_v1/install/resource_utils/lib/x86_64-linux-gnu/pkgconfig:/home/ubuntu/workspace/robotics_v1/install/resource_utils/lib/pkgconfig:/home/ubuntu/workspace/robotics_v1/install/utils/lib/x86_64-linux-gnu/pkgconfig:/home/ubuntu/workspace/robotics_v1/install/utils/lib/pkgconfig:/home/ubuntu/workspace/robotics_v1/install/cmake_helpers/lib/x86_64-linux-gnu/pkgconfig:/home/ubuntu/workspace/robotics_v1/install/cmake_helpers/lib/pkgconfig PYTHONPATH=/home/ubuntu/workspace/robotics_v1/install/robo_miner_interfaces/lib/python3.8/site-packages:${PYTHONPATH} /usr/bin/cmake --build /home/ubuntu/workspace/robotics_v1/build/robo_miner_common -- -j4 -l4
[0.100s] -- Found cmake_helpers: 1.0.0 (/home/ubuntu/workspace/robotics_v1/install/cmake_helpers/share/cmake_helpers/cmake)
[0.120s] -- Found robo_miner_interfaces: 1.0.0 (/home/ubuntu/workspace/robotics_v1/install/robo_miner_interfaces/share/robo_miner_interfaces/cmake)
[0.188s] -- Using PYTHON_EXECUTABLE: /usr/bin/python3
[0.593s] -- Override CMake install command with custom implementation using symlinks instead of copying resources
[0.658s] -- Using all available rosidl_typesupport_c: rosidl_typesupport_fastrtps_c;rosidl_typesupport_introspection_c
[0.662s] -- Found rosidl_adapter: 1.2.1 (/opt/ros/foxy/share/rosidl_adapter/cmake)
[0.847s] -- Using all available rosidl_typesupport_cpp: rosidl_typesupport_fastrtps_cpp;rosidl_typesupport_introspection_cpp
[1.021s] -- Configuring done
[1.051s] -- Generating done
[1.057s] -- Build files have been written to: /home/ubuntu/workspace/robotics_v1/build/robo_miner_common
[1.106s] [35m[1mScanning dependencies of target robo_miner_common[0m
[1.138s] [ 50%] [32mBuilding CXX object CMakeFiles/robo_miner_common.dir/src/message_helpers/RoboMinerMessageHelpers.cpp.o[0m
[2.690s] [100%] [32m[1mLinking CXX static library librobo_miner_common.a[0m
[2.824s] [100%] Built target robo_miner_common
[2.870s] Invoked command in '/home/ubuntu/workspace/robotics_v1/build/robo_miner_common' returned '0': AMENT_PREFIX_PATH=/home/ubuntu/workspace/robotics_v1/install/robo_miner_interfaces:${AMENT_PREFIX_PATH} CMAKE_PREFIX_PATH=/home/ubuntu/workspace/robotics_v1/install/robo_common:/home/ubuntu/workspace/robotics_v1/install/manager_utils:/home/ubuntu/workspace/robotics_v1/install/sdl_utils:/home/ubuntu/workspace/robotics_v1/install/resource_utils:/home/ubuntu/workspace/robotics_v1/install/utils:/home/ubuntu/workspace/robotics_v1/install/robo_miner_interfaces:/home/ubuntu/workspace/robotics_v1/install/cmake_helpers:/opt/ros/foxy LD_LIBRARY_PATH=/home/ubuntu/workspace/robotics_v1/install/robo_miner_interfaces/lib:${LD_LIBRARY_PATH} PKG_CONFIG_PATH=/home/ubuntu/workspace/robotics_v1/install/robo_common/lib/x86_64-linux-gnu/pkgconfig:/home/ubuntu/workspace/robotics_v1/install/robo_common/lib/pkgconfig:/home/ubuntu/workspace/robotics_v1/install/manager_utils/lib/x86_64-linux-gnu/pkgconfig:/home/ubuntu/workspace/robotics_v1/install/manager_utils/lib/pkgconfig:/home/ubuntu/workspace/robotics_v1/install/sdl_utils/lib/x86_64-linux-gnu/pkgconfig:/home/ubuntu/workspace/robotics_v1/install/sdl_utils/lib/pkgconfig:/home/ubuntu/workspace/robotics_v1/install/resource_utils/lib/x86_64-linux-gnu/pkgconfig:/home/ubuntu/workspace/robotics_v1/install/resource_utils/lib/pkgconfig:/home/ubuntu/workspace/robotics_v1/install/utils/lib/x86_64-linux-gnu/pkgconfig:/home/ubuntu/workspace/robotics_v1/install/utils/lib/pkgconfig:/home/ubuntu/workspace/robotics_v1/install/cmake_helpers/lib/x86_64-linux-gnu/pkgconfig:/home/ubuntu/workspace/robotics_v1/install/cmake_helpers/lib/pkgconfig PYTHONPATH=/home/ubuntu/workspace/robotics_v1/install/robo_miner_interfaces/lib/python3.8/site-packages:${PYTHONPATH} /usr/bin/cmake --build /home/ubuntu/workspace/robotics_v1/build/robo_miner_common -- -j4 -l4
[2.957s] Invoking command in '/home/ubuntu/workspace/robotics_v1/build/robo_miner_common': AMENT_PREFIX_PATH=/home/ubuntu/workspace/robotics_v1/install/robo_miner_interfaces:${AMENT_PREFIX_PATH} CMAKE_PREFIX_PATH=/home/ubuntu/workspace/robotics_v1/install/robo_common:/home/ubuntu/workspace/robotics_v1/install/manager_utils:/home/ubuntu/workspace/robotics_v1/install/sdl_utils:/home/ubuntu/workspace/robotics_v1/install/resource_utils:/home/ubuntu/workspace/robotics_v1/install/utils:/home/ubuntu/workspace/robotics_v1/install/robo_miner_interfaces:/home/ubuntu/workspace/robotics_v1/install/cmake_helpers:/opt/ros/foxy LD_LIBRARY_PATH=/home/ubuntu/workspace/robotics_v1/install/robo_miner_interfaces/lib:${LD_LIBRARY_PATH} PKG_CONFIG_PATH=/home/ubuntu/workspace/robotics_v1/install/robo_common/lib/x86_64-linux-gnu/pkgconfig:/home/ubuntu/workspace/robotics_v1/install/robo_common/lib/pkgconfig:/home/ubuntu/workspace/robotics_v1/install/manager_utils/lib/x86_64-linux-gnu/pkgconfig:/home/ubuntu/workspace/robotics_v1/install/manager_utils/lib/pkgconfig:/home/ubuntu/workspace/robotics_v1/install/sdl_utils/lib/x86_64-linux-gnu/pkgconfig:/home/ubuntu/workspace/robotics_v1/install/sdl_utils/lib/pkgconfig:/home/ubuntu/workspace/robotics_v1/install/resource_utils/lib/x86_64-linux-gnu/pkgconfig:/home/ubuntu/workspace/robotics_v1/install/resource_utils/lib/pkgconfig:/home/ubuntu/workspace/robotics_v1/install/utils/lib/x86_64-linux-gnu/pkgconfig:/home/ubuntu/workspace/robotics_v1/install/utils/lib/pkgconfig:/home/ubuntu/workspace/robotics_v1/install/cmake_helpers/lib/x86_64-linux-gnu/pkgconfig:/home/ubuntu/workspace/robotics_v1/install/cmake_helpers/lib/pkgconfig PYTHONPATH=/home/ubuntu/workspace/robotics_v1/install/robo_miner_interfaces/lib/python3.8/site-packages:${PYTHONPATH} /usr/bin/cmake --install /home/ubuntu/workspace/robotics_v1/build/robo_miner_common
[2.982s] -- Install configuration: "Debug"
[2.986s] -- Execute custom install script
[2.989s] -- Up-to-date symlink: /home/ubuntu/workspace/robotics_v1/install/robo_miner_common/share/robo_miner_common/package.xml
[2.990s] -- Up-to-date symlink: /home/ubuntu/workspace/robotics_v1/install/robo_miner_common/lib/robo_miner_common/librobo_miner_common.a
[2.991s] -- Symlinking: /home/ubuntu/workspace/robotics_v1/install/robo_miner_common/share/ament_index/resource_index/packages/robo_miner_common
[3.061s] -- Up-to-date symlink: /home/ubuntu/workspace/robotics_v1/install/robo_miner_common/share/robo_miner_common/hook/ament_prefix_path.dsv
[3.061s] -- Up-to-date symlink: /home/ubuntu/workspace/robotics_v1/install/robo_miner_common/share/robo_miner_common/hook/ros_package_path.dsv
[3.062s] -- Up-to-date symlink: /home/ubuntu/workspace/robotics_v1/install/robo_miner_common/share/ament_index/resource_index/package_run_dependencies/robo_miner_common
[3.062s] -- Up-to-date symlink: /home/ubuntu/workspace/robotics_v1/install/robo_miner_common/share/ament_index/resource_index/parent_prefix_path/robo_miner_common
[3.062s] -- Up-to-date symlink: /home/ubuntu/workspace/robotics_v1/install/robo_miner_common/share/robo_miner_common/environment/ament_prefix_path.sh
[3.062s] -- Up-to-date symlink: /home/ubuntu/workspace/robotics_v1/install/robo_miner_common/share/robo_miner_common/environment/ament_prefix_path.dsv
[3.062s] -- Up-to-date symlink: /home/ubuntu/workspace/robotics_v1/install/robo_miner_common/share/robo_miner_common/environment/path.sh
[3.062s] -- Up-to-date symlink: /home/ubuntu/workspace/robotics_v1/install/robo_miner_common/share/robo_miner_common/environment/path.dsv
[3.064s] -- Up-to-date symlink: /home/ubuntu/workspace/robotics_v1/install/robo_miner_common/share/robo_miner_common/local_setup.bash
[3.074s] -- Up-to-date symlink: /home/ubuntu/workspace/robotics_v1/install/robo_miner_common/share/robo_miner_common/local_setup.sh
[3.075s] -- Up-to-date symlink: /home/ubuntu/workspace/robotics_v1/install/robo_miner_common/share/robo_miner_common/local_setup.zsh
[3.076s] -- Up-to-date symlink: /home/ubuntu/workspace/robotics_v1/install/robo_miner_common/share/robo_miner_common/local_setup.dsv
[3.077s] -- Symlinking: /home/ubuntu/workspace/robotics_v1/install/robo_miner_common/share/robo_miner_common/package.dsv
[3.131s] -- Symlinking: /home/ubuntu/workspace/robotics_v1/install/robo_miner_common/share/ament_index/resource_index/packages/robo_miner_common
[3.190s] -- Up-to-date symlink: /home/ubuntu/workspace/robotics_v1/install/robo_miner_common/share/robo_miner_common/cmake/robo_miner_commonConfig.cmake
[3.191s] -- Up-to-date symlink: /home/ubuntu/workspace/robotics_v1/install/robo_miner_common/share/robo_miner_common/cmake/robo_miner_commonConfig-version.cmake
[3.191s] -- Up-to-date symlink: /home/ubuntu/workspace/robotics_v1/install/robo_miner_common/share/robo_miner_common/package.xml
[3.191s] -- Up-to-date symlink: /home/ubuntu/workspace/robotics_v1/install/robo_miner_common/include/robo_miner_common/defines/RoboMinerTopics.h
[3.191s] -- Up-to-date symlink: /home/ubuntu/workspace/robotics_v1/install/robo_miner_common/include/robo_miner_common/message_helpers/RoboMinerMessageHelpers.h
[3.191s] -- Up-to-date symlink: /home/ubuntu/workspace/robotics_v1/install/robo_miner_common/lib/cmake/robo_miner_common/robo_miner_commonConfig.cmake
[3.192s] -- Installing: /home/ubuntu/workspace/robotics_v1/install/robo_miner_common/lib/librobo_miner_common.a
[3.194s] -- Up-to-date: /home/ubuntu/workspace/robotics_v1/install/robo_miner_common/lib/cmake/robo_miner_common/robo_miner_commonTargets.cmake
[3.195s] -- Installing: /home/ubuntu/workspace/robotics_v1/install/robo_miner_common/lib/cmake/robo_miner_common/robo_miner_commonTargets-debug.cmake
[3.218s] Invoked command in '/home/ubuntu/workspace/robotics_v1/build/robo_miner_common' returned '0': AMENT_PREFIX_PATH=/home/ubuntu/workspace/robotics_v1/install/robo_miner_interfaces:${AMENT_PREFIX_PATH} CMAKE_PREFIX_PATH=/home/ubuntu/workspace/robotics_v1/install/robo_common:/home/ubuntu/workspace/robotics_v1/install/manager_utils:/home/ubuntu/workspace/robotics_v1/install/sdl_utils:/home/ubuntu/workspace/robotics_v1/install/resource_utils:/home/ubuntu/workspace/robotics_v1/install/utils:/home/ubuntu/workspace/robotics_v1/install/robo_miner_interfaces:/home/ubuntu/workspace/robotics_v1/install/cmake_helpers:/opt/ros/foxy LD_LIBRARY_PATH=/home/ubuntu/workspace/robotics_v1/install/robo_miner_interfaces/lib:${LD_LIBRARY_PATH} PKG_CONFIG_PATH=/home/ubuntu/workspace/robotics_v1/install/robo_common/lib/x86_64-linux-gnu/pkgconfig:/home/ubuntu/workspace/robotics_v1/install/robo_common/lib/pkgconfig:/home/ubuntu/workspace/robotics_v1/install/manager_utils/lib/x86_64-linux-gnu/pkgconfig:/home/ubuntu/workspace/robotics_v1/install/manager_utils/lib/pkgconfig:/home/ubuntu/workspace/robotics_v1/install/sdl_utils/lib/x86_64-linux-gnu/pkgconfig:/home/ubuntu/workspace/robotics_v1/install/sdl_utils/lib/pkgconfig:/home/ubuntu/workspace/robotics_v1/install/resource_utils/lib/x86_64-linux-gnu/pkgconfig:/home/ubuntu/workspace/robotics_v1/install/resource_utils/lib/pkgconfig:/home/ubuntu/workspace/robotics_v1/install/utils/lib/x86_64-linux-gnu/pkgconfig:/home/ubuntu/workspace/robotics_v1/install/utils/lib/pkgconfig:/home/ubuntu/workspace/robotics_v1/install/cmake_helpers/lib/x86_64-linux-gnu/pkgconfig:/home/ubuntu/workspace/robotics_v1/install/cmake_helpers/lib/pkgconfig PYTHONPATH=/home/ubuntu/workspace/robotics_v1/install/robo_miner_interfaces/lib/python3.8/site-packages:${PYTHONPATH} /usr/bin/cmake --install /home/ubuntu/workspace/robotics_v1/build/robo_miner_common
