[0.018s] Invoking command in '/home/ubuntu/workspace/robotics_v1/build/robo_miner_gui': AMENT_PREFIX_PATH=/home/ubuntu/workspace/robotics_v1/install/robo_miner_common:/home/ubuntu/workspace/robotics_v1/install/robo_miner_interfaces:${AMENT_PREFIX_PATH} CMAKE_PREFIX_PATH=/home/ubuntu/workspace/robotics_v1/install/ros2_game_engine:/home/ubuntu/workspace/robotics_v1/install/robo_miner_common:/home/ubuntu/workspace/robotics_v1/install/robo_common:/home/ubuntu/workspace/robotics_v1/install/game_engine:/home/ubuntu/workspace/robotics_v1/install/manager_utils:/home/ubuntu/workspace/robotics_v1/install/sdl_utils:/home/ubuntu/workspace/robotics_v1/install/resource_utils:/home/ubuntu/workspace/robotics_v1/install/utils:/home/ubuntu/workspace/robotics_v1/install/robo_miner_interfaces:/home/ubuntu/workspace/robotics_v1/install/cmake_helpers:/opt/ros/foxy LD_LIBRARY_PATH=/home/ubuntu/workspace/robotics_v1/install/robo_miner_interfaces/lib:${LD_LIBRARY_PATH} PKG_CONFIG_PATH=/home/ubuntu/workspace/robotics_v1/install/ros2_game_engine/lib/x86_64-linux-gnu/pkgconfig:/home/ubuntu/workspace/robotics_v1/install/ros2_game_engine/lib/pkgconfig:/home/ubuntu/workspace/robotics_v1/install/robo_common/lib/x86_64-linux-gnu/pkgconfig:/home/ubuntu/workspace/robotics_v1/install/robo_common/lib/pkgconfig:/home/ubuntu/workspace/robotics_v1/install/game_engine/lib/x86_64-linux-gnu/pkgconfig:/home/ubuntu/workspace/robotics_v1/install/game_engine/lib/pkgconfig:/home/ubuntu/workspace/robotics_v1/install/manager_utils/lib/x86_64-linux-gnu/pkgconfig:/home/ubuntu/workspace/robotics_v1/install/manager_utils/lib/pkgconfig:/home/ubuntu/workspace/robotics_v1/install/sdl_utils/lib/x86_64-linux-gnu/pkgconfig:/home/ubuntu/workspace/robotics_v1/install/sdl_utils/lib/pkgconfig:/home/ubuntu/workspace/robotics_v1/install/resource_utils/lib/x86_64-linux-gnu/pkgconfig:/home/ubuntu/workspace/robotics_v1/install/resource_utils/lib/pkgconfig:/home/ubuntu/workspace/robotics_v1/install/utils/lib/x86_64-linux-gnu/pkgconfig:/home/ubuntu/workspace/robotics_v1/install/utils/lib/pkgconfig:/home/ubuntu/workspace/robotics_v1/install/cmake_helpers/lib/x86_64-linux-gnu/pkgconfig:/home/ubuntu/workspace/robotics_v1/install/cmake_helpers/lib/pkgconfig PS1=[\u@\h \W]$(git_branch)$ PYTHONPATH=/home/ubuntu/workspace/robotics_v1/install/robo_miner_interfaces/lib/python3.8/site-packages:${PYTHONPATH} /usr/bin/cmake /home/ubuntu/workspace/robotics_v1/src/robo_miner/robo_miner_gui -DCMAKE_BUILD_TYPE=Debug -DCMAKE_CXX_COMPILER=/usr/bin/clang++ -DAMENT_CMAKE_SYMLINK_INSTALL=1 -DCMAKE_INSTALL_PREFIX=/home/ubuntu/workspace/robotics_v1/install/robo_miner_gui
[0.096s] -- The CXX compiler identification is Clang 10.0.0
[0.101s] -- Check for working CXX compiler: /usr/bin/clang++
[0.199s] -- Check for working CXX compiler: /usr/bin/clang++ -- works
[0.200s] -- Detecting CXX compiler ABI info
[0.300s] -- Detecting CXX compiler ABI info - done
[0.307s] -- Detecting CXX compile features
[0.307s] -- Detecting CXX compile features - done
[0.308s] -- Found cmake_helpers: 1.0.0 (/home/ubuntu/workspace/robotics_v1/install/cmake_helpers/share/cmake_helpers/cmake)
[0.309s] -- Found ament_cmake: 0.9.9 (/opt/ros/foxy/share/ament_cmake/cmake)
[0.328s] -- Found PythonInterp: /usr/bin/python3 (found suitable version "3.8.10", minimum required is "3") 
[0.328s] -- Using PYTHON_EXECUTABLE: /usr/bin/python3
[0.446s] -- Override CMake install command with custom implementation using symlinks instead of copying resources
[0.469s] -- Found ament_index_cpp: 1.1.0 (/opt/ros/foxy/share/ament_index_cpp/cmake)
[0.472s] -- Found rclcpp: 2.4.1 (/opt/ros/foxy/share/rclcpp/cmake)
[0.507s] -- Using all available rosidl_typesupport_c: rosidl_typesupport_fastrtps_c;rosidl_typesupport_introspection_c
[0.513s] -- Found rosidl_adapter: 1.2.1 (/opt/ros/foxy/share/rosidl_adapter/cmake)
[0.578s] -- Found OpenSSL: /usr/lib/x86_64-linux-gnu/libcrypto.so (found version "1.1.1f")  
[0.599s] -- Found FastRTPS: /opt/ros/foxy/include  
[0.660s] -- Using all available rosidl_typesupport_cpp: rosidl_typesupport_fastrtps_cpp;rosidl_typesupport_introspection_cpp
[0.701s] -- Found rmw_implementation_cmake: 1.0.3 (/opt/ros/foxy/share/rmw_implementation_cmake/cmake)
[0.702s] -- Using RMW implementation 'rmw_fastrtps_cpp' as default
[0.702s] -- Looking for C++ include pthread.h
[0.796s] -- Looking for C++ include pthread.h - found
[0.796s] -- Performing Test CMAKE_HAVE_LIBC_PTHREAD
[0.891s] -- Performing Test CMAKE_HAVE_LIBC_PTHREAD - Failed
[0.891s] -- Looking for pthread_create in pthreads
[0.966s] -- Looking for pthread_create in pthreads - not found
[0.966s] -- Looking for pthread_create in pthread
[1.058s] -- Looking for pthread_create in pthread - found
[1.059s] -- Found Threads: TRUE  
[1.160s] -- Found robo_miner_interfaces: 1.0.0 (/home/ubuntu/workspace/robotics_v1/install/robo_miner_interfaces/share/robo_miner_interfaces/cmake)
[3.590s] -- Configuring done
[3.603s] -- Generating done
[3.604s] -- Build files have been written to: /home/ubuntu/workspace/robotics_v1/build/robo_miner_gui
[3.611s] Invoked command in '/home/ubuntu/workspace/robotics_v1/build/robo_miner_gui' returned '0': AMENT_PREFIX_PATH=/home/ubuntu/workspace/robotics_v1/install/robo_miner_common:/home/ubuntu/workspace/robotics_v1/install/robo_miner_interfaces:${AMENT_PREFIX_PATH} CMAKE_PREFIX_PATH=/home/ubuntu/workspace/robotics_v1/install/ros2_game_engine:/home/ubuntu/workspace/robotics_v1/install/robo_miner_common:/home/ubuntu/workspace/robotics_v1/install/robo_common:/home/ubuntu/workspace/robotics_v1/install/game_engine:/home/ubuntu/workspace/robotics_v1/install/manager_utils:/home/ubuntu/workspace/robotics_v1/install/sdl_utils:/home/ubuntu/workspace/robotics_v1/install/resource_utils:/home/ubuntu/workspace/robotics_v1/install/utils:/home/ubuntu/workspace/robotics_v1/install/robo_miner_interfaces:/home/ubuntu/workspace/robotics_v1/install/cmake_helpers:/opt/ros/foxy LD_LIBRARY_PATH=/home/ubuntu/workspace/robotics_v1/install/robo_miner_interfaces/lib:${LD_LIBRARY_PATH} PKG_CONFIG_PATH=/home/ubuntu/workspace/robotics_v1/install/ros2_game_engine/lib/x86_64-linux-gnu/pkgconfig:/home/ubuntu/workspace/robotics_v1/install/ros2_game_engine/lib/pkgconfig:/home/ubuntu/workspace/robotics_v1/install/robo_common/lib/x86_64-linux-gnu/pkgconfig:/home/ubuntu/workspace/robotics_v1/install/robo_common/lib/pkgconfig:/home/ubuntu/workspace/robotics_v1/install/game_engine/lib/x86_64-linux-gnu/pkgconfig:/home/ubuntu/workspace/robotics_v1/install/game_engine/lib/pkgconfig:/home/ubuntu/workspace/robotics_v1/install/manager_utils/lib/x86_64-linux-gnu/pkgconfig:/home/ubuntu/workspace/robotics_v1/install/manager_utils/lib/pkgconfig:/home/ubuntu/workspace/robotics_v1/install/sdl_utils/lib/x86_64-linux-gnu/pkgconfig:/home/ubuntu/workspace/robotics_v1/install/sdl_utils/lib/pkgconfig:/home/ubuntu/workspace/robotics_v1/install/resource_utils/lib/x86_64-linux-gnu/pkgconfig:/home/ubuntu/workspace/robotics_v1/install/resource_utils/lib/pkgconfig:/home/ubuntu/workspace/robotics_v1/install/utils/lib/x86_64-linux-gnu/pkgconfig:/home/ubuntu/workspace/robotics_v1/install/utils/lib/pkgconfig:/home/ubuntu/workspace/robotics_v1/install/cmake_helpers/lib/x86_64-linux-gnu/pkgconfig:/home/ubuntu/workspace/robotics_v1/install/cmake_helpers/lib/pkgconfig PS1=[\u@\h \W]$(git_branch)$ PYTHONPATH=/home/ubuntu/workspace/robotics_v1/install/robo_miner_interfaces/lib/python3.8/site-packages:${PYTHONPATH} /usr/bin/cmake /home/ubuntu/workspace/robotics_v1/src/robo_miner/robo_miner_gui -DCMAKE_BUILD_TYPE=Debug -DCMAKE_CXX_COMPILER=/usr/bin/clang++ -DAMENT_CMAKE_SYMLINK_INSTALL=1 -DCMAKE_INSTALL_PREFIX=/home/ubuntu/workspace/robotics_v1/install/robo_miner_gui
[3.612s] Invoking command in '/home/ubuntu/workspace/robotics_v1/build/robo_miner_gui': AMENT_PREFIX_PATH=/home/ubuntu/workspace/robotics_v1/install/robo_miner_common:/home/ubuntu/workspace/robotics_v1/install/robo_miner_interfaces:${AMENT_PREFIX_PATH} CMAKE_PREFIX_PATH=/home/ubuntu/workspace/robotics_v1/install/ros2_game_engine:/home/ubuntu/workspace/robotics_v1/install/robo_miner_common:/home/ubuntu/workspace/robotics_v1/install/robo_common:/home/ubuntu/workspace/robotics_v1/install/game_engine:/home/ubuntu/workspace/robotics_v1/install/manager_utils:/home/ubuntu/workspace/robotics_v1/install/sdl_utils:/home/ubuntu/workspace/robotics_v1/install/resource_utils:/home/ubuntu/workspace/robotics_v1/install/utils:/home/ubuntu/workspace/robotics_v1/install/robo_miner_interfaces:/home/ubuntu/workspace/robotics_v1/install/cmake_helpers:/opt/ros/foxy LD_LIBRARY_PATH=/home/ubuntu/workspace/robotics_v1/install/robo_miner_interfaces/lib:${LD_LIBRARY_PATH} PKG_CONFIG_PATH=/home/ubuntu/workspace/robotics_v1/install/ros2_game_engine/lib/x86_64-linux-gnu/pkgconfig:/home/ubuntu/workspace/robotics_v1/install/ros2_game_engine/lib/pkgconfig:/home/ubuntu/workspace/robotics_v1/install/robo_common/lib/x86_64-linux-gnu/pkgconfig:/home/ubuntu/workspace/robotics_v1/install/robo_common/lib/pkgconfig:/home/ubuntu/workspace/robotics_v1/install/game_engine/lib/x86_64-linux-gnu/pkgconfig:/home/ubuntu/workspace/robotics_v1/install/game_engine/lib/pkgconfig:/home/ubuntu/workspace/robotics_v1/install/manager_utils/lib/x86_64-linux-gnu/pkgconfig:/home/ubuntu/workspace/robotics_v1/install/manager_utils/lib/pkgconfig:/home/ubuntu/workspace/robotics_v1/install/sdl_utils/lib/x86_64-linux-gnu/pkgconfig:/home/ubuntu/workspace/robotics_v1/install/sdl_utils/lib/pkgconfig:/home/ubuntu/workspace/robotics_v1/install/resource_utils/lib/x86_64-linux-gnu/pkgconfig:/home/ubuntu/workspace/robotics_v1/install/resource_utils/lib/pkgconfig:/home/ubuntu/workspace/robotics_v1/install/utils/lib/x86_64-linux-gnu/pkgconfig:/home/ubuntu/workspace/robotics_v1/install/utils/lib/pkgconfig:/home/ubuntu/workspace/robotics_v1/install/cmake_helpers/lib/x86_64-linux-gnu/pkgconfig:/home/ubuntu/workspace/robotics_v1/install/cmake_helpers/lib/pkgconfig PS1=[\u@\h \W]$(git_branch)$ PYTHONPATH=/home/ubuntu/workspace/robotics_v1/install/robo_miner_interfaces/lib/python3.8/site-packages:${PYTHONPATH} /usr/bin/cmake --build /home/ubuntu/workspace/robotics_v1/build/robo_miner_gui -- -j8 -l8
[3.643s] [35m[1mScanning dependencies of target robo_miner_gui[0m
[3.706s] [  5%] [32mBuilding CXX object CMakeFiles/robo_miner_gui.dir/src/main.cpp.o[0m
[3.707s] [ 11%] [32mBuilding CXX object CMakeFiles/robo_miner_gui.dir/src/RoboMinerGui.cpp.o[0m
[3.707s] [ 23%] [32mBuilding CXX object CMakeFiles/robo_miner_gui.dir/src/external_api/MinerControllerExternalBridge.cpp.o[0m
[3.707s] [ 23%] [32mBuilding CXX object CMakeFiles/robo_miner_gui.dir/src/config/RoboMinerGuiConfigGenerator.cpp.o[0m
[3.708s] [ 29%] [32mBuilding CXX object CMakeFiles/robo_miner_gui.dir/src/helpers/RoboMinerGuiInitHelper.cpp.o[0m
[3.709s] [ 35%] [32mBuilding CXX object CMakeFiles/robo_miner_gui.dir/src/external_api/RoboMinerGuiRos2ParamProvider.cpp.o[0m
[3.710s] [ 41%] [32mBuilding CXX object CMakeFiles/robo_miner_gui.dir/src/defines/RoboMinerGuiDefines.cpp.o[0m
[3.715s] [ 47%] [32mBuilding CXX object CMakeFiles/robo_miner_gui.dir/src/helpers/RoboMinerBuilder.cpp.o[0m
[4.179s] [ 52%] [32mBuilding CXX object CMakeFiles/robo_miner_gui.dir/src/helpers/MovementWatcher.cpp.o[0m
[4.773s] [ 58%] [32mBuilding CXX object CMakeFiles/robo_miner_gui.dir/src/helpers/SolutionValidator.cpp.o[0m
[4.986s] [ 64%] [32mBuilding CXX object CMakeFiles/robo_miner_gui.dir/src/helpers/algorithms/FloodFill.cpp.o[0m
[5.005s] [ 70%] [32mBuilding CXX object CMakeFiles/robo_miner_gui.dir/src/layout/RoboMinerLayout.cpp.o[0m
[5.076s] [ 76%] [32mBuilding CXX object CMakeFiles/robo_miner_gui.dir/src/layout/entities/Crystal.cpp.o[0m
[5.158s] [ 82%] [32mBuilding CXX object CMakeFiles/robo_miner_gui.dir/src/layout/entities/CrystalHandler.cpp.o[0m
[5.203s] [ 88%] [32mBuilding CXX object CMakeFiles/robo_miner_gui.dir/src/layout/panels/PanelHandler.cpp.o[0m
[5.303s] [ 94%] [32mBuilding CXX object CMakeFiles/robo_miner_gui.dir/src/layout/helpers/RoboMinerLayoutInitHelper.cpp.o[0m
[8.670s] [100%] [32m[1mLinking CXX executable robo_miner_gui[0m
[9.513s] [100%] Built target robo_miner_gui
[9.527s] Invoked command in '/home/ubuntu/workspace/robotics_v1/build/robo_miner_gui' returned '0': AMENT_PREFIX_PATH=/home/ubuntu/workspace/robotics_v1/install/robo_miner_common:/home/ubuntu/workspace/robotics_v1/install/robo_miner_interfaces:${AMENT_PREFIX_PATH} CMAKE_PREFIX_PATH=/home/ubuntu/workspace/robotics_v1/install/ros2_game_engine:/home/ubuntu/workspace/robotics_v1/install/robo_miner_common:/home/ubuntu/workspace/robotics_v1/install/robo_common:/home/ubuntu/workspace/robotics_v1/install/game_engine:/home/ubuntu/workspace/robotics_v1/install/manager_utils:/home/ubuntu/workspace/robotics_v1/install/sdl_utils:/home/ubuntu/workspace/robotics_v1/install/resource_utils:/home/ubuntu/workspace/robotics_v1/install/utils:/home/ubuntu/workspace/robotics_v1/install/robo_miner_interfaces:/home/ubuntu/workspace/robotics_v1/install/cmake_helpers:/opt/ros/foxy LD_LIBRARY_PATH=/home/ubuntu/workspace/robotics_v1/install/robo_miner_interfaces/lib:${LD_LIBRARY_PATH} PKG_CONFIG_PATH=/home/ubuntu/workspace/robotics_v1/install/ros2_game_engine/lib/x86_64-linux-gnu/pkgconfig:/home/ubuntu/workspace/robotics_v1/install/ros2_game_engine/lib/pkgconfig:/home/ubuntu/workspace/robotics_v1/install/robo_common/lib/x86_64-linux-gnu/pkgconfig:/home/ubuntu/workspace/robotics_v1/install/robo_common/lib/pkgconfig:/home/ubuntu/workspace/robotics_v1/install/game_engine/lib/x86_64-linux-gnu/pkgconfig:/home/ubuntu/workspace/robotics_v1/install/game_engine/lib/pkgconfig:/home/ubuntu/workspace/robotics_v1/install/manager_utils/lib/x86_64-linux-gnu/pkgconfig:/home/ubuntu/workspace/robotics_v1/install/manager_utils/lib/pkgconfig:/home/ubuntu/workspace/robotics_v1/install/sdl_utils/lib/x86_64-linux-gnu/pkgconfig:/home/ubuntu/workspace/robotics_v1/install/sdl_utils/lib/pkgconfig:/home/ubuntu/workspace/robotics_v1/install/resource_utils/lib/x86_64-linux-gnu/pkgconfig:/home/ubuntu/workspace/robotics_v1/install/resource_utils/lib/pkgconfig:/home/ubuntu/workspace/robotics_v1/install/utils/lib/x86_64-linux-gnu/pkgconfig:/home/ubuntu/workspace/robotics_v1/install/utils/lib/pkgconfig:/home/ubuntu/workspace/robotics_v1/install/cmake_helpers/lib/x86_64-linux-gnu/pkgconfig:/home/ubuntu/workspace/robotics_v1/install/cmake_helpers/lib/pkgconfig PS1=[\u@\h \W]$(git_branch)$ PYTHONPATH=/home/ubuntu/workspace/robotics_v1/install/robo_miner_interfaces/lib/python3.8/site-packages:${PYTHONPATH} /usr/bin/cmake --build /home/ubuntu/workspace/robotics_v1/build/robo_miner_gui -- -j8 -l8
[9.581s] Invoking command in '/home/ubuntu/workspace/robotics_v1/build/robo_miner_gui': AMENT_PREFIX_PATH=/home/ubuntu/workspace/robotics_v1/install/robo_miner_common:/home/ubuntu/workspace/robotics_v1/install/robo_miner_interfaces:${AMENT_PREFIX_PATH} CMAKE_PREFIX_PATH=/home/ubuntu/workspace/robotics_v1/install/ros2_game_engine:/home/ubuntu/workspace/robotics_v1/install/robo_miner_common:/home/ubuntu/workspace/robotics_v1/install/robo_common:/home/ubuntu/workspace/robotics_v1/install/game_engine:/home/ubuntu/workspace/robotics_v1/install/manager_utils:/home/ubuntu/workspace/robotics_v1/install/sdl_utils:/home/ubuntu/workspace/robotics_v1/install/resource_utils:/home/ubuntu/workspace/robotics_v1/install/utils:/home/ubuntu/workspace/robotics_v1/install/robo_miner_interfaces:/home/ubuntu/workspace/robotics_v1/install/cmake_helpers:/opt/ros/foxy LD_LIBRARY_PATH=/home/ubuntu/workspace/robotics_v1/install/robo_miner_interfaces/lib:${LD_LIBRARY_PATH} PKG_CONFIG_PATH=/home/ubuntu/workspace/robotics_v1/install/ros2_game_engine/lib/x86_64-linux-gnu/pkgconfig:/home/ubuntu/workspace/robotics_v1/install/ros2_game_engine/lib/pkgconfig:/home/ubuntu/workspace/robotics_v1/install/robo_common/lib/x86_64-linux-gnu/pkgconfig:/home/ubuntu/workspace/robotics_v1/install/robo_common/lib/pkgconfig:/home/ubuntu/workspace/robotics_v1/install/game_engine/lib/x86_64-linux-gnu/pkgconfig:/home/ubuntu/workspace/robotics_v1/install/game_engine/lib/pkgconfig:/home/ubuntu/workspace/robotics_v1/install/manager_utils/lib/x86_64-linux-gnu/pkgconfig:/home/ubuntu/workspace/robotics_v1/install/manager_utils/lib/pkgconfig:/home/ubuntu/workspace/robotics_v1/install/sdl_utils/lib/x86_64-linux-gnu/pkgconfig:/home/ubuntu/workspace/robotics_v1/install/sdl_utils/lib/pkgconfig:/home/ubuntu/workspace/robotics_v1/install/resource_utils/lib/x86_64-linux-gnu/pkgconfig:/home/ubuntu/workspace/robotics_v1/install/resource_utils/lib/pkgconfig:/home/ubuntu/workspace/robotics_v1/install/utils/lib/x86_64-linux-gnu/pkgconfig:/home/ubuntu/workspace/robotics_v1/install/utils/lib/pkgconfig:/home/ubuntu/workspace/robotics_v1/install/cmake_helpers/lib/x86_64-linux-gnu/pkgconfig:/home/ubuntu/workspace/robotics_v1/install/cmake_helpers/lib/pkgconfig PS1=[\u@\h \W]$(git_branch)$ PYTHONPATH=/home/ubuntu/workspace/robotics_v1/install/robo_miner_interfaces/lib/python3.8/site-packages:${PYTHONPATH} /usr/bin/cmake --install /home/ubuntu/workspace/robotics_v1/build/robo_miner_gui
[9.588s] -- Install configuration: "Debug"
[9.588s] -- Execute custom install script
[9.588s] -- Symlinking: /home/ubuntu/workspace/robotics_v1/install/robo_miner_gui/share/robo_miner_gui/package.xml
[9.597s] -- Symlinking: /home/ubuntu/workspace/robotics_v1/install/robo_miner_gui/share/robo_miner_gui//launch/launch.py
[9.604s] -- Symlinking: /home/ubuntu/workspace/robotics_v1/install/robo_miner_gui/share/robo_miner_gui//config/params.yaml
[9.611s] -- Symlinking: /home/ubuntu/workspace/robotics_v1/install/robo_miner_gui/lib/robo_miner_gui/robo_miner_gui
[9.617s] -- Symlinking: /home/ubuntu/workspace/robotics_v1/install/robo_miner_gui/share/ament_index/resource_index/packages/robo_miner_gui
[9.625s] -- Symlinking: /home/ubuntu/workspace/robotics_v1/install/robo_miner_gui/share/robo_miner_gui/hook/ament_prefix_path.dsv
[9.630s] -- Symlinking: /home/ubuntu/workspace/robotics_v1/install/robo_miner_gui/share/robo_miner_gui/hook/ros_package_path.dsv
[9.636s] -- Symlinking: /home/ubuntu/workspace/robotics_v1/install/robo_miner_gui/share/ament_index/resource_index/package_run_dependencies/robo_miner_gui
[9.642s] -- Symlinking: /home/ubuntu/workspace/robotics_v1/install/robo_miner_gui/share/ament_index/resource_index/parent_prefix_path/robo_miner_gui
[9.649s] -- Symlinking: /home/ubuntu/workspace/robotics_v1/install/robo_miner_gui/share/robo_miner_gui/environment/ament_prefix_path.sh
[9.656s] -- Symlinking: /home/ubuntu/workspace/robotics_v1/install/robo_miner_gui/share/robo_miner_gui/environment/ament_prefix_path.dsv
[9.664s] -- Symlinking: /home/ubuntu/workspace/robotics_v1/install/robo_miner_gui/share/robo_miner_gui/environment/path.sh
[9.670s] -- Symlinking: /home/ubuntu/workspace/robotics_v1/install/robo_miner_gui/share/robo_miner_gui/environment/path.dsv
[9.677s] -- Symlinking: /home/ubuntu/workspace/robotics_v1/install/robo_miner_gui/share/robo_miner_gui/local_setup.bash
[9.684s] -- Symlinking: /home/ubuntu/workspace/robotics_v1/install/robo_miner_gui/share/robo_miner_gui/local_setup.sh
[9.691s] -- Symlinking: /home/ubuntu/workspace/robotics_v1/install/robo_miner_gui/share/robo_miner_gui/local_setup.zsh
[9.700s] -- Symlinking: /home/ubuntu/workspace/robotics_v1/install/robo_miner_gui/share/robo_miner_gui/local_setup.dsv
[9.708s] -- Symlinking: /home/ubuntu/workspace/robotics_v1/install/robo_miner_gui/share/robo_miner_gui/package.dsv
[9.716s] -- Symlinking: /home/ubuntu/workspace/robotics_v1/install/robo_miner_gui/share/ament_index/resource_index/packages/robo_miner_gui
[9.723s] -- Symlinking: /home/ubuntu/workspace/robotics_v1/install/robo_miner_gui/share/robo_miner_gui/cmake/robo_miner_guiConfig.cmake
[9.730s] -- Symlinking: /home/ubuntu/workspace/robotics_v1/install/robo_miner_gui/share/robo_miner_gui/cmake/robo_miner_guiConfig-version.cmake
[9.737s] -- Up-to-date symlink: /home/ubuntu/workspace/robotics_v1/install/robo_miner_gui/share/robo_miner_gui/package.xml
[9.737s] -- Symlinking: /home/ubuntu/workspace/robotics_v1/install/robo_miner_gui/share/robo_miner_gui/resources//RoboMinerGui.rsrc
[9.745s] -- Symlinking: /home/ubuntu/workspace/robotics_v1/install/robo_miner_gui/share/robo_miner_gui/resources//f/vinque_rg_20.ttf
[9.754s] -- Symlinking: /home/ubuntu/workspace/robotics_v1/install/robo_miner_gui/share/robo_miner_gui/resources//f/vinque_rg_30.ttf
[9.761s] -- Symlinking: /home/ubuntu/workspace/robotics_v1/install/robo_miner_gui/share/robo_miner_gui/resources//f/vinque_rg_75.ttf
[9.769s] -- Symlinking: /home/ubuntu/workspace/robotics_v1/install/robo_miner_gui/share/robo_miner_gui/resources//generated/RoboMinerGuiResources.h
[9.777s] -- Symlinking: /home/ubuntu/workspace/robotics_v1/install/robo_miner_gui/share/robo_miner_gui/resources//generated/RoboMinerGuiResourcesDynamic.h
[9.786s] -- Symlinking: /home/ubuntu/workspace/robotics_v1/install/robo_miner_gui/share/robo_miner_gui/resources//generated/RoboMinerGuiResourcesDynamicValues.h
[9.795s] -- Symlinking: /home/ubuntu/workspace/robotics_v1/install/robo_miner_gui/share/robo_miner_gui/resources//generated/fonts.bin
[9.804s] -- Symlinking: /home/ubuntu/workspace/robotics_v1/install/robo_miner_gui/share/robo_miner_gui/resources//generated/resources.bin
[9.813s] -- Symlinking: /home/ubuntu/workspace/robotics_v1/install/robo_miner_gui/share/robo_miner_gui/resources//generated/sounds.bin
[9.821s] -- Symlinking: /home/ubuntu/workspace/robotics_v1/install/robo_miner_gui/share/robo_miner_gui/resources//levels/level_1/field_map.txt
[9.830s] -- Symlinking: /home/ubuntu/workspace/robotics_v1/install/robo_miner_gui/share/robo_miner_gui/resources//levels/level_1/solution.txt
[9.839s] -- Symlinking: /home/ubuntu/workspace/robotics_v1/install/robo_miner_gui/share/robo_miner_gui/resources//levels/level_2/field_map.txt
[9.846s] -- Symlinking: /home/ubuntu/workspace/robotics_v1/install/robo_miner_gui/share/robo_miner_gui/resources//levels/level_2/solution.txt
[9.854s] -- Symlinking: /home/ubuntu/workspace/robotics_v1/install/robo_miner_gui/share/robo_miner_gui/resources//levels/level_3/field_map.txt
[9.861s] -- Symlinking: /home/ubuntu/workspace/robotics_v1/install/robo_miner_gui/share/robo_miner_gui/resources//levels/level_3/solution.txt
[9.869s] -- Symlinking: /home/ubuntu/workspace/robotics_v1/install/robo_miner_gui/share/robo_miner_gui/resources//p/background/fogOfWar.png
[9.877s] -- Symlinking: /home/ubuntu/workspace/robotics_v1/install/robo_miner_gui/share/robo_miner_gui/resources//p/background/map.png
[9.884s] -- Symlinking: /home/ubuntu/workspace/robotics_v1/install/robo_miner_gui/share/robo_miner_gui/resources//p/background/obstacle.png
[9.891s] -- Symlinking: /home/ubuntu/workspace/robotics_v1/install/robo_miner_gui/share/robo_miner_gui/resources//p/background/tile.png
[9.900s] -- Symlinking: /home/ubuntu/workspace/robotics_v1/install/robo_miner_gui/share/robo_miner_gui/resources//p/entities/crystals.png
[9.908s] -- Symlinking: /home/ubuntu/workspace/robotics_v1/install/robo_miner_gui/share/robo_miner_gui/resources//p/entities/damage_marker.png
[9.917s] -- Symlinking: /home/ubuntu/workspace/robotics_v1/install/robo_miner_gui/share/robo_miner_gui/resources//p/entities/player_robot.png
[9.924s] -- Symlinking: /home/ubuntu/workspace/robotics_v1/install/robo_miner_gui/share/robo_miner_gui/resources//p/panels/crystal_panel.png
[9.931s] -- Symlinking: /home/ubuntu/workspace/robotics_v1/install/robo_miner_gui/share/robo_miner_gui/resources//p/panels/health_indicator.png
[9.939s] -- Symlinking: /home/ubuntu/workspace/robotics_v1/install/robo_miner_gui/share/robo_miner_gui/resources//p/panels/health_panel.png
[9.948s] -- Symlinking: /home/ubuntu/workspace/robotics_v1/install/robo_miner_gui/share/robo_miner_gui/resources//p/panels/hor_delimiter.png
[9.955s] -- Symlinking: /home/ubuntu/workspace/robotics_v1/install/robo_miner_gui/share/robo_miner_gui/resources//p/panels/tile_panel.png
[9.963s] -- Symlinking: /home/ubuntu/workspace/robotics_v1/install/robo_miner_gui/share/robo_miner_gui/resources//p/panels/vert_delimiter.png
[9.970s] -- Symlinking: /home/ubuntu/workspace/robotics_v1/install/robo_miner_gui/share/robo_miner_gui/resources//p/stars/star_single.png
[9.979s] -- Symlinking: /home/ubuntu/workspace/robotics_v1/install/robo_miner_gui/share/robo_miner_gui/resources//p/stars/stars.png
[9.988s] Invoked command in '/home/ubuntu/workspace/robotics_v1/build/robo_miner_gui' returned '0': AMENT_PREFIX_PATH=/home/ubuntu/workspace/robotics_v1/install/robo_miner_common:/home/ubuntu/workspace/robotics_v1/install/robo_miner_interfaces:${AMENT_PREFIX_PATH} CMAKE_PREFIX_PATH=/home/ubuntu/workspace/robotics_v1/install/ros2_game_engine:/home/ubuntu/workspace/robotics_v1/install/robo_miner_common:/home/ubuntu/workspace/robotics_v1/install/robo_common:/home/ubuntu/workspace/robotics_v1/install/game_engine:/home/ubuntu/workspace/robotics_v1/install/manager_utils:/home/ubuntu/workspace/robotics_v1/install/sdl_utils:/home/ubuntu/workspace/robotics_v1/install/resource_utils:/home/ubuntu/workspace/robotics_v1/install/utils:/home/ubuntu/workspace/robotics_v1/install/robo_miner_interfaces:/home/ubuntu/workspace/robotics_v1/install/cmake_helpers:/opt/ros/foxy LD_LIBRARY_PATH=/home/ubuntu/workspace/robotics_v1/install/robo_miner_interfaces/lib:${LD_LIBRARY_PATH} PKG_CONFIG_PATH=/home/ubuntu/workspace/robotics_v1/install/ros2_game_engine/lib/x86_64-linux-gnu/pkgconfig:/home/ubuntu/workspace/robotics_v1/install/ros2_game_engine/lib/pkgconfig:/home/ubuntu/workspace/robotics_v1/install/robo_common/lib/x86_64-linux-gnu/pkgconfig:/home/ubuntu/workspace/robotics_v1/install/robo_common/lib/pkgconfig:/home/ubuntu/workspace/robotics_v1/install/game_engine/lib/x86_64-linux-gnu/pkgconfig:/home/ubuntu/workspace/robotics_v1/install/game_engine/lib/pkgconfig:/home/ubuntu/workspace/robotics_v1/install/manager_utils/lib/x86_64-linux-gnu/pkgconfig:/home/ubuntu/workspace/robotics_v1/install/manager_utils/lib/pkgconfig:/home/ubuntu/workspace/robotics_v1/install/sdl_utils/lib/x86_64-linux-gnu/pkgconfig:/home/ubuntu/workspace/robotics_v1/install/sdl_utils/lib/pkgconfig:/home/ubuntu/workspace/robotics_v1/install/resource_utils/lib/x86_64-linux-gnu/pkgconfig:/home/ubuntu/workspace/robotics_v1/install/resource_utils/lib/pkgconfig:/home/ubuntu/workspace/robotics_v1/install/utils/lib/x86_64-linux-gnu/pkgconfig:/home/ubuntu/workspace/robotics_v1/install/utils/lib/pkgconfig:/home/ubuntu/workspace/robotics_v1/install/cmake_helpers/lib/x86_64-linux-gnu/pkgconfig:/home/ubuntu/workspace/robotics_v1/install/cmake_helpers/lib/pkgconfig PS1=[\u@\h \W]$(git_branch)$ PYTHONPATH=/home/ubuntu/workspace/robotics_v1/install/robo_miner_interfaces/lib/python3.8/site-packages:${PYTHONPATH} /usr/bin/cmake --install /home/ubuntu/workspace/robotics_v1/build/robo_miner_gui
