[0.306s] Invoking command in '/home/ubuntu/workspace/robotics_v1/build/ur_controllers': AMENT_PREFIX_PATH=/home/ubuntu/workspace/robotics_v1/install/ur_dashboard_msgs:${AMENT_PREFIX_PATH} CMAKE_PREFIX_PATH=/home/ubuntu/workspace/robotics_v1/install/ur_dashboard_msgs:/home/ubuntu/workspace/robotics_v1/install/ur_client_library:/opt/ros/foxy LD_LIBRARY_PATH=/home/ubuntu/workspace/robotics_v1/install/ur_dashboard_msgs/lib:/home/ubuntu/workspace/robotics_v1/install/ur_client_library/lib:${LD_LIBRARY_PATH} PKG_CONFIG_PATH=/home/ubuntu/workspace/robotics_v1/install/ur_client_library/lib/x86_64-linux-gnu/pkgconfig:/home/ubuntu/workspace/robotics_v1/install/ur_client_library/lib/pkgconfig PYTHONPATH=/home/ubuntu/workspace/robotics_v1/install/ur_dashboard_msgs/lib/python3.8/site-packages:${PYTHONPATH} /usr/bin/cmake --build /home/ubuntu/workspace/robotics_v1/build/ur_controllers -- -j4 -l4
[1.169s] [100%] Built target ur_controllers
[1.412s] Invoked command in '/home/ubuntu/workspace/robotics_v1/build/ur_controllers' returned '0': AMENT_PREFIX_PATH=/home/ubuntu/workspace/robotics_v1/install/ur_dashboard_msgs:${AMENT_PREFIX_PATH} CMAKE_PREFIX_PATH=/home/ubuntu/workspace/robotics_v1/install/ur_dashboard_msgs:/home/ubuntu/workspace/robotics_v1/install/ur_client_library:/opt/ros/foxy LD_LIBRARY_PATH=/home/ubuntu/workspace/robotics_v1/install/ur_dashboard_msgs/lib:/home/ubuntu/workspace/robotics_v1/install/ur_client_library/lib:${LD_LIBRARY_PATH} PKG_CONFIG_PATH=/home/ubuntu/workspace/robotics_v1/install/ur_client_library/lib/x86_64-linux-gnu/pkgconfig:/home/ubuntu/workspace/robotics_v1/install/ur_client_library/lib/pkgconfig PYTHONPATH=/home/ubuntu/workspace/robotics_v1/install/ur_dashboard_msgs/lib/python3.8/site-packages:${PYTHONPATH} /usr/bin/cmake --build /home/ubuntu/workspace/robotics_v1/build/ur_controllers -- -j4 -l4
[1.610s] Invoking command in '/home/ubuntu/workspace/robotics_v1/build/ur_controllers': AMENT_PREFIX_PATH=/home/ubuntu/workspace/robotics_v1/install/ur_dashboard_msgs:${AMENT_PREFIX_PATH} CMAKE_PREFIX_PATH=/home/ubuntu/workspace/robotics_v1/install/ur_dashboard_msgs:/home/ubuntu/workspace/robotics_v1/install/ur_client_library:/opt/ros/foxy LD_LIBRARY_PATH=/home/ubuntu/workspace/robotics_v1/install/ur_dashboard_msgs/lib:/home/ubuntu/workspace/robotics_v1/install/ur_client_library/lib:${LD_LIBRARY_PATH} PKG_CONFIG_PATH=/home/ubuntu/workspace/robotics_v1/install/ur_client_library/lib/x86_64-linux-gnu/pkgconfig:/home/ubuntu/workspace/robotics_v1/install/ur_client_library/lib/pkgconfig PYTHONPATH=/home/ubuntu/workspace/robotics_v1/install/ur_dashboard_msgs/lib/python3.8/site-packages:${PYTHONPATH} /usr/bin/cmake --install /home/ubuntu/workspace/robotics_v1/build/ur_controllers
[1.657s] -- Install configuration: "Debug"
[1.661s] -- Execute custom install script
[1.665s] -- Up-to-date symlink: /home/ubuntu/workspace/robotics_v1/install/ur_controllers/share/ur_controllers//controller_plugins.xml
[1.666s] -- Up-to-date symlink: /home/ubuntu/workspace/robotics_v1/install/ur_controllers/lib/libur_controllers.so
[1.668s] -- Up-to-date symlink: /home/ubuntu/workspace/robotics_v1/install/ur_controllers/include/ur_controllers/force_torque_sensor_broadcaster.hpp
[1.669s] -- Up-to-date symlink: /home/ubuntu/workspace/robotics_v1/install/ur_controllers/include/ur_controllers/gpio_controller.hpp
[1.671s] -- Up-to-date symlink: /home/ubuntu/workspace/robotics_v1/install/ur_controllers/include/ur_controllers/scaled_joint_trajectory_controller.hpp
[1.672s] -- Up-to-date symlink: /home/ubuntu/workspace/robotics_v1/install/ur_controllers/include/ur_controllers/speed_scaling_state_broadcaster.hpp
[1.674s] -- Up-to-date symlink: /home/ubuntu/workspace/robotics_v1/install/ur_controllers/share/ur_controllers/controller_plugins.xml
[1.676s] -- Up-to-date symlink: /home/ubuntu/workspace/robotics_v1/install/ur_controllers/share/ur_controllers/environment/library_path.sh
[1.678s] -- Up-to-date symlink: /home/ubuntu/workspace/robotics_v1/install/ur_controllers/share/ur_controllers/environment/library_path.dsv
[1.680s] -- Up-to-date symlink: /home/ubuntu/workspace/robotics_v1/install/ur_controllers/share/ament_index/resource_index/package_run_dependencies/ur_controllers
[1.682s] -- Up-to-date symlink: /home/ubuntu/workspace/robotics_v1/install/ur_controllers/share/ament_index/resource_index/parent_prefix_path/ur_controllers
[1.685s] -- Up-to-date symlink: /home/ubuntu/workspace/robotics_v1/install/ur_controllers/share/ur_controllers/environment/ament_prefix_path.sh
[1.686s] -- Up-to-date symlink: /home/ubuntu/workspace/robotics_v1/install/ur_controllers/share/ur_controllers/environment/ament_prefix_path.dsv
[1.688s] -- Up-to-date symlink: /home/ubuntu/workspace/robotics_v1/install/ur_controllers/share/ur_controllers/environment/path.sh
[1.689s] -- Up-to-date symlink: /home/ubuntu/workspace/robotics_v1/install/ur_controllers/share/ur_controllers/environment/path.dsv
[1.694s] -- Up-to-date symlink: /home/ubuntu/workspace/robotics_v1/install/ur_controllers/share/ur_controllers/local_setup.bash
[1.695s] -- Up-to-date symlink: /home/ubuntu/workspace/robotics_v1/install/ur_controllers/share/ur_controllers/local_setup.sh
[1.701s] -- Up-to-date symlink: /home/ubuntu/workspace/robotics_v1/install/ur_controllers/share/ur_controllers/local_setup.zsh
[1.702s] -- Up-to-date symlink: /home/ubuntu/workspace/robotics_v1/install/ur_controllers/share/ur_controllers/local_setup.dsv
[1.705s] -- Symlinking: /home/ubuntu/workspace/robotics_v1/install/ur_controllers/share/ur_controllers/package.dsv
[1.791s] -- Up-to-date symlink: /home/ubuntu/workspace/robotics_v1/install/ur_controllers/share/ament_index/resource_index/packages/ur_controllers
[1.799s] -- Up-to-date symlink: /home/ubuntu/workspace/robotics_v1/install/ur_controllers/share/ament_index/resource_index/controller_interface__pluginlib__plugin/ur_controllers
[1.801s] -- Up-to-date symlink: /home/ubuntu/workspace/robotics_v1/install/ur_controllers/share/ur_controllers/cmake/ament_cmake_export_dependencies-extras.cmake
[1.810s] -- Up-to-date symlink: /home/ubuntu/workspace/robotics_v1/install/ur_controllers/share/ur_controllers/cmake/ament_cmake_export_include_directories-extras.cmake
[1.811s] -- Up-to-date symlink: /home/ubuntu/workspace/robotics_v1/install/ur_controllers/share/ur_controllers/cmake/ament_cmake_export_libraries-extras.cmake
[1.816s] -- Up-to-date symlink: /home/ubuntu/workspace/robotics_v1/install/ur_controllers/share/ur_controllers/cmake/ur_controllersConfig.cmake
[1.821s] -- Up-to-date symlink: /home/ubuntu/workspace/robotics_v1/install/ur_controllers/share/ur_controllers/cmake/ur_controllersConfig-version.cmake
[1.832s] -- Up-to-date symlink: /home/ubuntu/workspace/robotics_v1/install/ur_controllers/share/ur_controllers/package.xml
[1.843s] Invoked command in '/home/ubuntu/workspace/robotics_v1/build/ur_controllers' returned '0': AMENT_PREFIX_PATH=/home/ubuntu/workspace/robotics_v1/install/ur_dashboard_msgs:${AMENT_PREFIX_PATH} CMAKE_PREFIX_PATH=/home/ubuntu/workspace/robotics_v1/install/ur_dashboard_msgs:/home/ubuntu/workspace/robotics_v1/install/ur_client_library:/opt/ros/foxy LD_LIBRARY_PATH=/home/ubuntu/workspace/robotics_v1/install/ur_dashboard_msgs/lib:/home/ubuntu/workspace/robotics_v1/install/ur_client_library/lib:${LD_LIBRARY_PATH} PKG_CONFIG_PATH=/home/ubuntu/workspace/robotics_v1/install/ur_client_library/lib/x86_64-linux-gnu/pkgconfig:/home/ubuntu/workspace/robotics_v1/install/ur_client_library/lib/pkgconfig PYTHONPATH=/home/ubuntu/workspace/robotics_v1/install/ur_dashboard_msgs/lib/python3.8/site-packages:${PYTHONPATH} /usr/bin/cmake --install /home/ubuntu/workspace/robotics_v1/build/ur_controllers
