[0.081s] Invoking command in '/home/ubuntu/workspace/robotics_v1/build/urscript_interfaces': CMAKE_PREFIX_PATH=/opt/ros/foxy PS1=[\u@\h \W]$(git_branch)$ /usr/bin/cmake --build /home/ubuntu/workspace/robotics_v1/build/urscript_interfaces -- -j4 -l4
[0.236s] [  9%] Built target urscript_interfaces__rosidl_generator_c
[0.272s] [ 12%] Built target urscript_interfaces__cpp
[0.361s] [ 22%] Built target urscript_interfaces__rosidl_typesupport_c
[0.376s] [ 32%] Built target urscript_interfaces__rosidl_typesupport_introspection_c
[0.436s] [ 41%] Built target urscript_interfaces__rosidl_typesupport_cpp
[0.463s] [ 51%] Built target urscript_interfaces__rosidl_typesupport_fastrtps_cpp
[0.466s] [ 61%] Built target urscript_interfaces__rosidl_typesupport_introspection_cpp
[0.570s] [ 70%] Built target urscript_interfaces__rosidl_typesupport_fastrtps_c
[0.633s] [ 70%] Built target urscript_interfaces
[0.705s] [ 74%] Built target urscript_interfaces__py
[0.779s] [ 80%] Built target urscript_interfaces__python
[0.863s] [ 87%] Built target urscript_interfaces__rosidl_typesupport_fastrtps_c__pyext
[0.881s] [100%] Built target urscript_interfaces__rosidl_typesupport_c__pyext
[0.881s] [100%] Built target urscript_interfaces__rosidl_typesupport_introspection_c__pyext
[0.906s] Invoked command in '/home/ubuntu/workspace/robotics_v1/build/urscript_interfaces' returned '0': CMAKE_PREFIX_PATH=/opt/ros/foxy PS1=[\u@\h \W]$(git_branch)$ /usr/bin/cmake --build /home/ubuntu/workspace/robotics_v1/build/urscript_interfaces -- -j4 -l4
[1.035s] Invoking command in '/home/ubuntu/workspace/robotics_v1/build/urscript_interfaces': CMAKE_PREFIX_PATH=/opt/ros/foxy PS1=[\u@\h \W]$(git_branch)$ /usr/bin/cmake --install /home/ubuntu/workspace/robotics_v1/build/urscript_interfaces
[1.054s] -- Install configuration: "Debug"
[1.055s] -- Execute custom install script
[1.056s] -- Up-to-date symlink: /home/ubuntu/workspace/robotics_v1/install/urscript_interfaces/share/ament_index/resource_index/rosidl_interfaces/urscript_interfaces
[1.058s] -- Up-to-date symlink: /home/ubuntu/workspace/robotics_v1/install/urscript_interfaces/include/urscript_interfaces/msg/rosidl_generator_c__visibility_control.h
[1.059s] -- Up-to-date symlink: /home/ubuntu/workspace/robotics_v1/install/urscript_interfaces/include/urscript_interfaces/srv/detail/ur_script__functions.h
[1.059s] -- Up-to-date symlink: /home/ubuntu/workspace/robotics_v1/install/urscript_interfaces/include/urscript_interfaces/srv/detail/ur_script__struct.h
[1.060s] -- Up-to-date symlink: /home/ubuntu/workspace/robotics_v1/install/urscript_interfaces/include/urscript_interfaces/srv/detail/ur_script__type_support.h
[1.060s] -- Up-to-date symlink: /home/ubuntu/workspace/robotics_v1/install/urscript_interfaces/include/urscript_interfaces/srv/ur_script.h
[1.061s] -- Up-to-date symlink: /home/ubuntu/workspace/robotics_v1/install/urscript_interfaces/share/urscript_interfaces/environment/library_path.sh
[1.062s] -- Up-to-date symlink: /home/ubuntu/workspace/robotics_v1/install/urscript_interfaces/share/urscript_interfaces/environment/library_path.dsv
[1.064s] -- Up-to-date symlink: /home/ubuntu/workspace/robotics_v1/install/urscript_interfaces/include/urscript_interfaces/msg/rosidl_typesupport_fastrtps_c__visibility_control.h
[1.064s] -- Up-to-date symlink: /home/ubuntu/workspace/robotics_v1/install/urscript_interfaces/include/urscript_interfaces/srv/detail/ur_script__rosidl_typesupport_fastrtps_c.h
[1.065s] -- Up-to-date symlink: /home/ubuntu/workspace/robotics_v1/install/urscript_interfaces/lib/liburscript_interfaces__rosidl_typesupport_fastrtps_c.so
[1.067s] -- Up-to-date symlink: /home/ubuntu/workspace/robotics_v1/install/urscript_interfaces/include/urscript_interfaces/msg/rosidl_typesupport_fastrtps_cpp__visibility_control.h
[1.068s] -- Up-to-date symlink: /home/ubuntu/workspace/robotics_v1/install/urscript_interfaces/include/urscript_interfaces/srv/detail/ur_script__rosidl_typesupport_fastrtps_cpp.hpp
[1.069s] -- Up-to-date symlink: /home/ubuntu/workspace/robotics_v1/install/urscript_interfaces/lib/liburscript_interfaces__rosidl_typesupport_fastrtps_cpp.so
[1.071s] -- Up-to-date symlink: /home/ubuntu/workspace/robotics_v1/install/urscript_interfaces/include/urscript_interfaces/msg/rosidl_typesupport_introspection_c__visibility_control.h
[1.072s] -- Up-to-date symlink: /home/ubuntu/workspace/robotics_v1/install/urscript_interfaces/include/urscript_interfaces/srv/detail/ur_script__rosidl_typesupport_introspection_c.h
[1.073s] -- Up-to-date symlink: /home/ubuntu/workspace/robotics_v1/install/urscript_interfaces/include/urscript_interfaces/srv/detail/ur_script__builder.hpp
[1.074s] -- Up-to-date symlink: /home/ubuntu/workspace/robotics_v1/install/urscript_interfaces/include/urscript_interfaces/srv/detail/ur_script__struct.hpp
[1.074s] -- Up-to-date symlink: /home/ubuntu/workspace/robotics_v1/install/urscript_interfaces/include/urscript_interfaces/srv/detail/ur_script__traits.hpp
[1.075s] -- Up-to-date symlink: /home/ubuntu/workspace/robotics_v1/install/urscript_interfaces/include/urscript_interfaces/srv/ur_script.hpp
[1.076s] -- Up-to-date symlink: /home/ubuntu/workspace/robotics_v1/install/urscript_interfaces/include/urscript_interfaces/srv/detail/ur_script__rosidl_typesupport_introspection_cpp.hpp
[1.077s] -- Up-to-date symlink: /home/ubuntu/workspace/robotics_v1/install/urscript_interfaces/share/urscript_interfaces/environment/pythonpath.sh
[1.078s] -- Up-to-date symlink: /home/ubuntu/workspace/robotics_v1/install/urscript_interfaces/share/urscript_interfaces/environment/pythonpath.dsv
[1.079s] -- Up-to-date symlink: /home/ubuntu/workspace/robotics_v1/install/urscript_interfaces/lib/python3.8/site-packages/urscript_interfaces/__init__.py
[1.080s] -- Up-to-date symlink: /home/ubuntu/workspace/robotics_v1/install/urscript_interfaces/lib/python3.8/site-packages/urscript_interfaces/srv/__init__.py
[1.080s] -- Up-to-date symlink: /home/ubuntu/workspace/robotics_v1/install/urscript_interfaces/lib/python3.8/site-packages/urscript_interfaces/srv/_ur_script.py
[1.082s] -- Up-to-date symlink: /home/ubuntu/workspace/robotics_v1/install/urscript_interfaces/lib/python3.8/site-packages/urscript_interfaces/urscript_interfaces_s__rosidl_typesupport_fastrtps_c.cpython-38-x86_64-linux-gnu.so
[1.083s] -- Up-to-date symlink: /home/ubuntu/workspace/robotics_v1/install/urscript_interfaces/lib/python3.8/site-packages/urscript_interfaces/urscript_interfaces_s__rosidl_typesupport_introspection_c.cpython-38-x86_64-linux-gnu.so
[1.084s] -- Up-to-date symlink: /home/ubuntu/workspace/robotics_v1/install/urscript_interfaces/lib/python3.8/site-packages/urscript_interfaces/urscript_interfaces_s__rosidl_typesupport_c.cpython-38-x86_64-linux-gnu.so
[1.085s] -- Up-to-date symlink: /home/ubuntu/workspace/robotics_v1/install/urscript_interfaces/lib/liburscript_interfaces__python.so
[1.086s] -- Up-to-date symlink: /home/ubuntu/workspace/robotics_v1/install/urscript_interfaces/share/urscript_interfaces/srv/UrScript.idl
[1.087s] -- Up-to-date symlink: /home/ubuntu/workspace/robotics_v1/install/urscript_interfaces/share/urscript_interfaces/srv/UrScript.srv
[1.090s] -- Up-to-date symlink: /home/ubuntu/workspace/robotics_v1/install/urscript_interfaces/share/urscript_interfaces/srv/UrScript_Request.msg
[1.091s] -- Up-to-date symlink: /home/ubuntu/workspace/robotics_v1/install/urscript_interfaces/share/urscript_interfaces/srv/UrScript_Response.msg
[1.092s] -- Up-to-date symlink: /home/ubuntu/workspace/robotics_v1/install/urscript_interfaces/share/ament_index/resource_index/package_run_dependencies/urscript_interfaces
[1.093s] -- Up-to-date symlink: /home/ubuntu/workspace/robotics_v1/install/urscript_interfaces/share/ament_index/resource_index/parent_prefix_path/urscript_interfaces
[1.094s] -- Up-to-date symlink: /home/ubuntu/workspace/robotics_v1/install/urscript_interfaces/share/urscript_interfaces/environment/ament_prefix_path.sh
[1.095s] -- Up-to-date symlink: /home/ubuntu/workspace/robotics_v1/install/urscript_interfaces/share/urscript_interfaces/environment/ament_prefix_path.dsv
[1.097s] -- Up-to-date symlink: /home/ubuntu/workspace/robotics_v1/install/urscript_interfaces/share/urscript_interfaces/environment/path.sh
[1.098s] -- Up-to-date symlink: /home/ubuntu/workspace/robotics_v1/install/urscript_interfaces/share/urscript_interfaces/environment/path.dsv
[1.099s] -- Up-to-date symlink: /home/ubuntu/workspace/robotics_v1/install/urscript_interfaces/share/urscript_interfaces/local_setup.bash
[1.100s] -- Up-to-date symlink: /home/ubuntu/workspace/robotics_v1/install/urscript_interfaces/share/urscript_interfaces/local_setup.sh
[1.108s] -- Up-to-date symlink: /home/ubuntu/workspace/robotics_v1/install/urscript_interfaces/share/urscript_interfaces/local_setup.zsh
[1.109s] -- Up-to-date symlink: /home/ubuntu/workspace/robotics_v1/install/urscript_interfaces/share/urscript_interfaces/local_setup.dsv
[1.109s] -- Symlinking: /home/ubuntu/workspace/robotics_v1/install/urscript_interfaces/share/urscript_interfaces/package.dsv
[1.124s] -- Up-to-date symlink: /home/ubuntu/workspace/robotics_v1/install/urscript_interfaces/share/ament_index/resource_index/packages/urscript_interfaces
[1.128s] -- Up-to-date symlink: /home/ubuntu/workspace/robotics_v1/install/urscript_interfaces/share/urscript_interfaces/cmake/rosidl_cmake-extras.cmake
[1.128s] -- Up-to-date symlink: /home/ubuntu/workspace/robotics_v1/install/urscript_interfaces/share/urscript_interfaces/cmake/ament_cmake_export_dependencies-extras.cmake
[1.129s] -- Up-to-date symlink: /home/ubuntu/workspace/robotics_v1/install/urscript_interfaces/share/urscript_interfaces/cmake/ament_cmake_export_libraries-extras.cmake
[1.129s] -- Up-to-date symlink: /home/ubuntu/workspace/robotics_v1/install/urscript_interfaces/share/urscript_interfaces/cmake/ament_cmake_export_targets-extras.cmake
[1.129s] -- Up-to-date symlink: /home/ubuntu/workspace/robotics_v1/install/urscript_interfaces/share/urscript_interfaces/cmake/ament_cmake_export_include_directories-extras.cmake
[1.129s] -- Up-to-date symlink: /home/ubuntu/workspace/robotics_v1/install/urscript_interfaces/share/urscript_interfaces/cmake/rosidl_cmake_export_typesupport_libraries-extras.cmake
[1.130s] -- Up-to-date symlink: /home/ubuntu/workspace/robotics_v1/install/urscript_interfaces/share/urscript_interfaces/cmake/rosidl_cmake_export_typesupport_targets-extras.cmake
[1.130s] -- Up-to-date symlink: /home/ubuntu/workspace/robotics_v1/install/urscript_interfaces/share/urscript_interfaces/cmake/urscript_interfacesConfig.cmake
[1.131s] -- Up-to-date symlink: /home/ubuntu/workspace/robotics_v1/install/urscript_interfaces/share/urscript_interfaces/cmake/urscript_interfacesConfig-version.cmake
[1.131s] -- Up-to-date symlink: /home/ubuntu/workspace/robotics_v1/install/urscript_interfaces/share/urscript_interfaces/package.xml
[1.131s] -- Up-to-date: /home/ubuntu/workspace/robotics_v1/install/urscript_interfaces/lib/liburscript_interfaces__rosidl_generator_c.so
[1.131s] -- Up-to-date: /home/ubuntu/workspace/robotics_v1/install/urscript_interfaces/lib/liburscript_interfaces__rosidl_typesupport_introspection_c.so
[1.132s] -- Up-to-date: /home/ubuntu/workspace/robotics_v1/install/urscript_interfaces/lib/liburscript_interfaces__rosidl_typesupport_c.so
[1.132s] -- Up-to-date: /home/ubuntu/workspace/robotics_v1/install/urscript_interfaces/lib/liburscript_interfaces__rosidl_typesupport_introspection_cpp.so
[1.133s] -- Up-to-date: /home/ubuntu/workspace/robotics_v1/install/urscript_interfaces/lib/liburscript_interfaces__rosidl_typesupport_cpp.so
[1.200s] -- Up-to-date: /home/ubuntu/workspace/robotics_v1/install/urscript_interfaces/share/urscript_interfaces/cmake/urscript_interfaces__rosidl_generator_cExport.cmake
[1.201s] -- Up-to-date: /home/ubuntu/workspace/robotics_v1/install/urscript_interfaces/share/urscript_interfaces/cmake/urscript_interfaces__rosidl_generator_cExport-debug.cmake
[1.201s] -- Up-to-date: /home/ubuntu/workspace/robotics_v1/install/urscript_interfaces/share/urscript_interfaces/cmake/urscript_interfaces__rosidl_typesupport_introspection_cExport.cmake
[1.201s] -- Up-to-date: /home/ubuntu/workspace/robotics_v1/install/urscript_interfaces/share/urscript_interfaces/cmake/urscript_interfaces__rosidl_typesupport_introspection_cExport-debug.cmake
[1.202s] -- Up-to-date: /home/ubuntu/workspace/robotics_v1/install/urscript_interfaces/share/urscript_interfaces/cmake/urscript_interfaces__rosidl_typesupport_cExport.cmake
[1.203s] -- Up-to-date: /home/ubuntu/workspace/robotics_v1/install/urscript_interfaces/share/urscript_interfaces/cmake/urscript_interfaces__rosidl_typesupport_cExport-debug.cmake
[1.203s] -- Up-to-date: /home/ubuntu/workspace/robotics_v1/install/urscript_interfaces/share/urscript_interfaces/cmake/urscript_interfaces__rosidl_generator_cppExport.cmake
[1.203s] -- Up-to-date: /home/ubuntu/workspace/robotics_v1/install/urscript_interfaces/share/urscript_interfaces/cmake/urscript_interfaces__rosidl_typesupport_introspection_cppExport.cmake
[1.204s] -- Up-to-date: /home/ubuntu/workspace/robotics_v1/install/urscript_interfaces/share/urscript_interfaces/cmake/urscript_interfaces__rosidl_typesupport_introspection_cppExport-debug.cmake
[1.204s] -- Up-to-date: /home/ubuntu/workspace/robotics_v1/install/urscript_interfaces/share/urscript_interfaces/cmake/urscript_interfaces__rosidl_typesupport_cppExport.cmake
[1.205s] -- Up-to-date: /home/ubuntu/workspace/robotics_v1/install/urscript_interfaces/share/urscript_interfaces/cmake/urscript_interfaces__rosidl_typesupport_cppExport-debug.cmake
[1.207s] Invoked command in '/home/ubuntu/workspace/robotics_v1/build/urscript_interfaces' returned '0': CMAKE_PREFIX_PATH=/opt/ros/foxy PS1=[\u@\h \W]$(git_branch)$ /usr/bin/cmake --install /home/ubuntu/workspace/robotics_v1/build/urscript_interfaces
