[0.174s] DEBUG:colcon:Command line arguments: ['/usr/bin/colcon', 'build', '--packages-select', 'robo_collector_controller', 'robo_collector_controller']
[0.174s] DEBUG:colcon:Parsed command line arguments: Namespace(allow_overriding=[], ament_cmake_args=None, base_paths=['.'], build_base='build', catkin_cmake_args=None, catkin_skip_building_tests=False, cmake_args=None, cmake_clean_cache=False, cmake_clean_first=False, cmake_force_configure=False, cmake_target=None, cmake_target_skip_unavailable=False, continue_on_error=False, event_handlers=None, executor='parallel', ignore_user_meta=False, install_base='install', log_base=None, log_level=None, main=<bound method BuildVerb.main of <colcon_core.verb.build.BuildVerb object at 0x7f50127969d0>>, merge_install=False, metas=['./colcon.meta'], packages_above=None, packages_above_and_dependencies=None, packages_above_depth=None, packages_end=None, packages_ignore=None, packages_ignore_regex=None, packages_select=['robo_collector_controller', 'robo_collector_controller'], packages_select_build_failed=False, packages_select_by_dep=None, packages_select_regex=None, packages_select_test_failures=False, packages_skip=None, packages_skip_build_finished=False, packages_skip_by_dep=None, packages_skip_regex=None, packages_skip_test_passed=False, packages_skip_up_to=None, packages_start=None, packages_up_to=None, packages_up_to_regex=None, parallel_workers=4, paths=None, symlink_install=False, test_result_base=None, verb_extension=<colcon_core.verb.build.BuildVerb object at 0x7f50127969d0>, verb_name='build', verb_parser=<colcon_defaults.argument_parser.defaults.DefaultArgumentsDecorator object at 0x7f5012796f40>)
[0.198s] Level 1:colcon.colcon_core.package_discovery:discover_packages(colcon_meta) check parameters
[0.198s] Level 1:colcon.colcon_core.package_discovery:discover_packages(recursive) check parameters
[0.199s] Level 1:colcon.colcon_core.package_discovery:discover_packages(ignore) check parameters
[0.199s] Level 1:colcon.colcon_core.package_discovery:discover_packages(path) check parameters
[0.199s] Level 1:colcon.colcon_core.package_discovery:discover_packages(colcon_meta) discover
[0.199s] Level 1:colcon.colcon_core.package_discovery:discover_packages(recursive) discover
[0.199s] INFO:colcon.colcon_core.package_discovery:Crawling recursively for packages in '/home/ubuntu/workspace/robotics_v1/src/robo_collector'
[0.199s] Level 1:colcon.colcon_core.package_identification:_identify(.) by extensions ['ignore', 'ignore_ament_install']
[0.199s] Level 1:colcon.colcon_core.package_identification:_identify(.) by extension 'ignore'
[0.199s] Level 1:colcon.colcon_core.package_identification:_identify(.) by extension 'ignore_ament_install'
[0.200s] Level 1:colcon.colcon_core.package_identification:_identify(.) by extensions ['colcon_pkg']
[0.200s] Level 1:colcon.colcon_core.package_identification:_identify(.) by extension 'colcon_pkg'
[0.200s] Level 1:colcon.colcon_core.package_identification:_identify(.) by extensions ['colcon_meta']
[0.200s] Level 1:colcon.colcon_core.package_identification:_identify(.) by extension 'colcon_meta'
[0.200s] Level 1:colcon.colcon_core.package_identification:_identify(.) by extensions ['ros']
[0.200s] Level 1:colcon.colcon_core.package_identification:_identify(.) by extension 'ros'
[0.211s] Level 1:colcon.colcon_core.package_identification:_identify(.) by extensions ['cmake', 'python']
[0.211s] Level 1:colcon.colcon_core.package_identification:_identify(.) by extension 'cmake'
[0.211s] Level 1:colcon.colcon_core.package_identification:_identify(.) by extension 'python'
[0.211s] Level 1:colcon.colcon_core.package_identification:_identify(.) by extensions ['python_setup_py']
[0.211s] Level 1:colcon.colcon_core.package_identification:_identify(.) by extension 'python_setup_py'
[0.212s] Level 1:colcon.colcon_core.package_identification:_identify(build) by extensions ['ignore', 'ignore_ament_install']
[0.212s] Level 1:colcon.colcon_core.package_identification:_identify(build) by extension 'ignore'
[0.212s] Level 1:colcon.colcon_core.package_identification:_identify(build) ignored
[0.212s] Level 1:colcon.colcon_core.package_identification:_identify(install) by extensions ['ignore', 'ignore_ament_install']
[0.212s] Level 1:colcon.colcon_core.package_identification:_identify(install) by extension 'ignore'
[0.212s] Level 1:colcon.colcon_core.package_identification:_identify(install) ignored
[0.212s] Level 1:colcon.colcon_core.package_identification:_identify(log) by extensions ['ignore', 'ignore_ament_install']
[0.213s] Level 1:colcon.colcon_core.package_identification:_identify(log) by extension 'ignore'
[0.213s] Level 1:colcon.colcon_core.package_identification:_identify(log) ignored
[0.213s] Level 1:colcon.colcon_core.package_identification:_identify(robo_collector_common) by extensions ['ignore', 'ignore_ament_install']
[0.213s] Level 1:colcon.colcon_core.package_identification:_identify(robo_collector_common) by extension 'ignore'
[0.213s] Level 1:colcon.colcon_core.package_identification:_identify(robo_collector_common) by extension 'ignore_ament_install'
[0.213s] Level 1:colcon.colcon_core.package_identification:_identify(robo_collector_common) by extensions ['colcon_pkg']
[0.213s] Level 1:colcon.colcon_core.package_identification:_identify(robo_collector_common) by extension 'colcon_pkg'
[0.213s] Level 1:colcon.colcon_core.package_identification:_identify(robo_collector_common) by extensions ['colcon_meta']
[0.213s] Level 1:colcon.colcon_core.package_identification:_identify(robo_collector_common) by extension 'colcon_meta'
[0.213s] Level 1:colcon.colcon_core.package_identification:_identify(robo_collector_common) by extensions ['ros']
[0.213s] Level 1:colcon.colcon_core.package_identification:_identify(robo_collector_common) by extension 'ros'
[0.218s] DEBUG:colcon.colcon_core.package_identification:Package 'robo_collector_common' with type 'ros.ament_cmake' and name 'robo_collector_common'
[0.218s] Level 1:colcon.colcon_core.package_identification:_identify(robo_collector_controller) by extensions ['ignore', 'ignore_ament_install']
[0.218s] Level 1:colcon.colcon_core.package_identification:_identify(robo_collector_controller) by extension 'ignore'
[0.218s] Level 1:colcon.colcon_core.package_identification:_identify(robo_collector_controller) by extension 'ignore_ament_install'
[0.218s] Level 1:colcon.colcon_core.package_identification:_identify(robo_collector_controller) by extensions ['colcon_pkg']
[0.218s] Level 1:colcon.colcon_core.package_identification:_identify(robo_collector_controller) by extension 'colcon_pkg'
[0.218s] Level 1:colcon.colcon_core.package_identification:_identify(robo_collector_controller) by extensions ['colcon_meta']
[0.218s] Level 1:colcon.colcon_core.package_identification:_identify(robo_collector_controller) by extension 'colcon_meta'
[0.218s] Level 1:colcon.colcon_core.package_identification:_identify(robo_collector_controller) by extensions ['ros']
[0.218s] Level 1:colcon.colcon_core.package_identification:_identify(robo_collector_controller) by extension 'ros'
[0.219s] DEBUG:colcon.colcon_core.package_identification:Package 'robo_collector_controller' with type 'ros.ament_cmake' and name 'robo_collector_controller'
[0.219s] Level 1:colcon.colcon_core.package_identification:_identify(robo_collector_gui) by extensions ['ignore', 'ignore_ament_install']
[0.219s] Level 1:colcon.colcon_core.package_identification:_identify(robo_collector_gui) by extension 'ignore'
[0.220s] Level 1:colcon.colcon_core.package_identification:_identify(robo_collector_gui) by extension 'ignore_ament_install'
[0.220s] Level 1:colcon.colcon_core.package_identification:_identify(robo_collector_gui) by extensions ['colcon_pkg']
[0.220s] Level 1:colcon.colcon_core.package_identification:_identify(robo_collector_gui) by extension 'colcon_pkg'
[0.220s] Level 1:colcon.colcon_core.package_identification:_identify(robo_collector_gui) by extensions ['colcon_meta']
[0.220s] Level 1:colcon.colcon_core.package_identification:_identify(robo_collector_gui) by extension 'colcon_meta'
[0.220s] Level 1:colcon.colcon_core.package_identification:_identify(robo_collector_gui) by extensions ['ros']
[0.220s] Level 1:colcon.colcon_core.package_identification:_identify(robo_collector_gui) by extension 'ros'
[0.221s] DEBUG:colcon.colcon_core.package_identification:Package 'robo_collector_gui' with type 'ros.ament_cmake' and name 'robo_collector_gui'
[0.221s] Level 1:colcon.colcon_core.package_identification:_identify(robo_collector_interfaces) by extensions ['ignore', 'ignore_ament_install']
[0.221s] Level 1:colcon.colcon_core.package_identification:_identify(robo_collector_interfaces) by extension 'ignore'
[0.221s] Level 1:colcon.colcon_core.package_identification:_identify(robo_collector_interfaces) by extension 'ignore_ament_install'
[0.221s] Level 1:colcon.colcon_core.package_identification:_identify(robo_collector_interfaces) by extensions ['colcon_pkg']
[0.221s] Level 1:colcon.colcon_core.package_identification:_identify(robo_collector_interfaces) by extension 'colcon_pkg'
[0.221s] Level 1:colcon.colcon_core.package_identification:_identify(robo_collector_interfaces) by extensions ['colcon_meta']
[0.221s] Level 1:colcon.colcon_core.package_identification:_identify(robo_collector_interfaces) by extension 'colcon_meta'
[0.221s] Level 1:colcon.colcon_core.package_identification:_identify(robo_collector_interfaces) by extensions ['ros']
[0.221s] Level 1:colcon.colcon_core.package_identification:_identify(robo_collector_interfaces) by extension 'ros'
[0.222s] DEBUG:colcon.colcon_core.package_identification:Package 'robo_collector_interfaces' with type 'ros.ament_cmake' and name 'robo_collector_interfaces'
[0.222s] Level 1:colcon.colcon_core.package_discovery:discover_packages(recursive) using defaults
[0.222s] Level 1:colcon.colcon_core.package_discovery:discover_packages(ignore) discover
[0.222s] Level 1:colcon.colcon_core.package_discovery:discover_packages(ignore) using defaults
[0.222s] Level 1:colcon.colcon_core.package_discovery:discover_packages(path) discover
[0.222s] Level 1:colcon.colcon_core.package_discovery:discover_packages(path) using defaults
[0.253s] INFO:colcon.colcon_core.package_selection:Skipping not selected package 'robo_collector_interfaces' in 'robo_collector_interfaces'
[0.254s] INFO:colcon.colcon_core.package_selection:Skipping not selected package 'robo_collector_common' in 'robo_collector_common'
[0.254s] INFO:colcon.colcon_core.package_selection:Skipping not selected package 'robo_collector_gui' in 'robo_collector_gui'
[0.254s] Level 1:colcon.colcon_core.package_discovery:discover_packages(prefix_path) check parameters
[0.254s] Level 1:colcon.colcon_core.package_discovery:discover_packages(prefix_path) discover
[0.258s] DEBUG:colcon.colcon_installed_package_information.package_discovery:Found 270 installed packages in /opt/ros/foxy
[0.260s] Level 1:colcon.colcon_core.package_discovery:discover_packages(prefix_path) using defaults
[0.330s] Level 5:colcon.colcon_core.verb:set package 'robo_collector_controller' build argument 'cmake_args' from command line to 'None'
[0.330s] Level 5:colcon.colcon_core.verb:set package 'robo_collector_controller' build argument 'cmake_target' from command line to 'None'
[0.330s] Level 5:colcon.colcon_core.verb:set package 'robo_collector_controller' build argument 'cmake_target_skip_unavailable' from command line to 'False'
[0.330s] Level 5:colcon.colcon_core.verb:set package 'robo_collector_controller' build argument 'cmake_clean_cache' from command line to 'False'
[0.331s] Level 5:colcon.colcon_core.verb:set package 'robo_collector_controller' build argument 'cmake_clean_first' from command line to 'False'
[0.331s] Level 5:colcon.colcon_core.verb:set package 'robo_collector_controller' build argument 'cmake_force_configure' from command line to 'False'
[0.331s] Level 5:colcon.colcon_core.verb:set package 'robo_collector_controller' build argument 'ament_cmake_args' from command line to 'None'
[0.331s] Level 5:colcon.colcon_core.verb:set package 'robo_collector_controller' build argument 'catkin_cmake_args' from command line to 'None'
[0.331s] Level 5:colcon.colcon_core.verb:set package 'robo_collector_controller' build argument 'catkin_skip_building_tests' from command line to 'False'
[0.331s] DEBUG:colcon.colcon_core.verb:Building package 'robo_collector_controller' with the following arguments: {'ament_cmake_args': None, 'build_base': '/home/ubuntu/workspace/robotics_v1/src/robo_collector/build/robo_collector_controller', 'catkin_cmake_args': None, 'catkin_skip_building_tests': False, 'cmake_args': None, 'cmake_clean_cache': False, 'cmake_clean_first': False, 'cmake_force_configure': False, 'cmake_target': None, 'cmake_target_skip_unavailable': False, 'install_base': '/home/ubuntu/workspace/robotics_v1/src/robo_collector/install/robo_collector_controller', 'merge_install': False, 'path': '/home/ubuntu/workspace/robotics_v1/src/robo_collector/robo_collector_controller', 'symlink_install': False, 'test_result_base': None}
[0.332s] INFO:colcon.colcon_core.executor:Executing jobs using 'parallel' executor
[0.336s] DEBUG:colcon.colcon_parallel_executor.executor.parallel:run_until_complete
[0.336s] INFO:colcon.colcon_ros.task.ament_cmake.build:Building ROS package in '/home/ubuntu/workspace/robotics_v1/src/robo_collector/robo_collector_controller' with build type 'ament_cmake'
[0.336s] INFO:colcon.colcon_cmake.task.cmake.build:Building CMake package in '/home/ubuntu/workspace/robotics_v1/src/robo_collector/robo_collector_controller'
[0.341s] INFO:colcon.colcon_core.plugin_system:Skipping extension 'colcon_core.shell.bat': Not used on non-Windows systems
[0.341s] INFO:colcon.colcon_core.shell:Skip shell extension 'powershell' for command environment: Not usable outside of PowerShell
[0.341s] DEBUG:colcon.colcon_core.shell:Skip shell extension 'dsv' for command environment
[0.344s] ERROR:colcon.colcon_cmake.task.cmake.build:Failed to find the following files:
- /home/ubuntu/workspace/robotics_v1/src/robo_collector/install/robo_collector_interfaces/share/robo_collector_interfaces/package.sh
- /home/ubuntu/workspace/robotics_v1/src/robo_collector/install/robo_collector_common/share/robo_collector_common/package.sh
Check that the following packages have been built:
- robo_collector_interfaces
- robo_collector_common
[0.344s] Level 1:colcon.colcon_core.environment:create_environment_scripts_only(robo_collector_controller)
[0.349s] Level 1:colcon.colcon_core.environment:checking '/home/ubuntu/workspace/robotics_v1/src/robo_collector/install/robo_collector_controller' for CMake module files
[0.349s] Level 1:colcon.colcon_core.environment:checking '/home/ubuntu/workspace/robotics_v1/src/robo_collector/install/robo_collector_controller' for CMake config files
[0.350s] Level 1:colcon.colcon_core.environment:checking '/home/ubuntu/workspace/robotics_v1/src/robo_collector/install/robo_collector_controller/bin'
[0.350s] Level 1:colcon.colcon_core.environment:checking '/home/ubuntu/workspace/robotics_v1/src/robo_collector/install/robo_collector_controller/lib/pkgconfig/robo_collector_controller.pc'
[0.350s] Level 1:colcon.colcon_core.environment:checking '/home/ubuntu/workspace/robotics_v1/src/robo_collector/install/robo_collector_controller/lib/python3.8/site-packages'
[0.350s] Level 1:colcon.colcon_core.environment:checking '/home/ubuntu/workspace/robotics_v1/src/robo_collector/install/robo_collector_controller/bin'
[0.351s] INFO:colcon.colcon_core.shell:Creating package script '/home/ubuntu/workspace/robotics_v1/src/robo_collector/install/robo_collector_controller/share/robo_collector_controller/package.ps1'
[0.352s] INFO:colcon.colcon_core.shell:Creating package descriptor '/home/ubuntu/workspace/robotics_v1/src/robo_collector/install/robo_collector_controller/share/robo_collector_controller/package.dsv'
[0.352s] INFO:colcon.colcon_core.shell:Creating package script '/home/ubuntu/workspace/robotics_v1/src/robo_collector/install/robo_collector_controller/share/robo_collector_controller/package.sh'
[0.353s] INFO:colcon.colcon_core.shell:Creating package script '/home/ubuntu/workspace/robotics_v1/src/robo_collector/install/robo_collector_controller/share/robo_collector_controller/package.bash'
[0.354s] INFO:colcon.colcon_core.shell:Creating package script '/home/ubuntu/workspace/robotics_v1/src/robo_collector/install/robo_collector_controller/share/robo_collector_controller/package.zsh'
[0.354s] Level 1:colcon.colcon_core.environment:create_file_with_runtime_dependencies(/home/ubuntu/workspace/robotics_v1/src/robo_collector/install/robo_collector_controller/share/colcon-core/packages/robo_collector_controller)
[0.365s] DEBUG:colcon.colcon_parallel_executor.executor.parallel:closing loop
[0.365s] DEBUG:colcon.colcon_parallel_executor.executor.parallel:loop closed
[0.365s] DEBUG:colcon.colcon_parallel_executor.executor.parallel:run_until_complete finished with '1'
[0.365s] DEBUG:colcon.colcon_core.event_reactor:joining thread
[0.383s] INFO:colcon.colcon_core.plugin_system:Skipping extension 'colcon_notification.desktop_notification.terminal_notifier': Not used on non-Darwin systems
[0.383s] INFO:colcon.colcon_core.plugin_system:Skipping extension 'colcon_notification.desktop_notification.win32': Not used on non-Windows systems
[0.384s] INFO:colcon.colcon_notification.desktop_notification:Sending desktop notification using 'notify2'
[0.400s] DEBUG:colcon.colcon_core.event_reactor:joined thread
[0.402s] INFO:colcon.colcon_core.shell:Creating prefix script '/home/ubuntu/workspace/robotics_v1/src/robo_collector/install/local_setup.ps1'
[0.403s] INFO:colcon.colcon_core.shell:Creating prefix util module '/home/ubuntu/workspace/robotics_v1/src/robo_collector/install/_local_setup_util_ps1.py'
[0.405s] INFO:colcon.colcon_core.shell:Creating prefix chain script '/home/ubuntu/workspace/robotics_v1/src/robo_collector/install/setup.ps1'
[0.407s] INFO:colcon.colcon_core.shell:Creating prefix script '/home/ubuntu/workspace/robotics_v1/src/robo_collector/install/local_setup.sh'
[0.409s] INFO:colcon.colcon_core.shell:Creating prefix util module '/home/ubuntu/workspace/robotics_v1/src/robo_collector/install/_local_setup_util_sh.py'
[0.410s] INFO:colcon.colcon_core.shell:Creating prefix chain script '/home/ubuntu/workspace/robotics_v1/src/robo_collector/install/setup.sh'
[0.414s] INFO:colcon.colcon_core.shell:Creating prefix script '/home/ubuntu/workspace/robotics_v1/src/robo_collector/install/local_setup.bash'
[0.416s] INFO:colcon.colcon_core.shell:Creating prefix chain script '/home/ubuntu/workspace/robotics_v1/src/robo_collector/install/setup.bash'
[0.419s] INFO:colcon.colcon_core.shell:Creating prefix script '/home/ubuntu/workspace/robotics_v1/src/robo_collector/install/local_setup.zsh'
[0.420s] INFO:colcon.colcon_core.shell:Creating prefix chain script '/home/ubuntu/workspace/robotics_v1/src/robo_collector/install/setup.zsh'
