[0.074s] Invoking command in '/home/ubuntu/workspace/robotics_v1/build/ur_moveit_config': CMAKE_PREFIX_PATH=/opt/ros/foxy /usr/bin/cmake --build /home/ubuntu/workspace/robotics_v1/build/ur_moveit_config -- -j4 -l4
[0.384s] Invoked command in '/home/ubuntu/workspace/robotics_v1/build/ur_moveit_config' returned '0': CMAKE_PREFIX_PATH=/opt/ros/foxy /usr/bin/cmake --build /home/ubuntu/workspace/robotics_v1/build/ur_moveit_config -- -j4 -l4
[0.571s] Invoking command in '/home/ubuntu/workspace/robotics_v1/build/ur_moveit_config': CMAKE_PREFIX_PATH=/opt/ros/foxy /usr/bin/cmake --install /home/ubuntu/workspace/robotics_v1/build/ur_moveit_config
[0.638s] -- Install configuration: "Debug"
[0.640s] -- Execute custom install script
[0.649s] -- Up-to-date symlink: /home/ubuntu/workspace/robotics_v1/install/ur_moveit_config/share/ur_moveit_config/config/controllers.yaml
[0.652s] -- Up-to-date symlink: /home/ubuntu/workspace/robotics_v1/install/ur_moveit_config/share/ur_moveit_config/config/kinematics.yaml
[0.656s] -- Up-to-date symlink: /home/ubuntu/workspace/robotics_v1/install/ur_moveit_config/share/ur_moveit_config/config/ompl_planning.yaml
[0.663s] -- Up-to-date symlink: /home/ubuntu/workspace/robotics_v1/install/ur_moveit_config/share/ur_moveit_config/rviz/view_robot.rviz
[0.675s] -- Up-to-date symlink: /home/ubuntu/workspace/robotics_v1/install/ur_moveit_config/share/ur_moveit_config/srdf/ur.srdf.xacro
[0.679s] -- Up-to-date symlink: /home/ubuntu/workspace/robotics_v1/install/ur_moveit_config/share/ur_moveit_config/srdf/ur_macro.srdf.xacro
[0.680s] -- Up-to-date symlink: /home/ubuntu/workspace/robotics_v1/install/ur_moveit_config/share/ament_index/resource_index/package_run_dependencies/ur_moveit_config
[0.687s] -- Up-to-date symlink: /home/ubuntu/workspace/robotics_v1/install/ur_moveit_config/share/ament_index/resource_index/parent_prefix_path/ur_moveit_config
[0.695s] -- Up-to-date symlink: /home/ubuntu/workspace/robotics_v1/install/ur_moveit_config/share/ur_moveit_config/environment/ament_prefix_path.sh
[0.700s] -- Up-to-date symlink: /home/ubuntu/workspace/robotics_v1/install/ur_moveit_config/share/ur_moveit_config/environment/ament_prefix_path.dsv
[0.704s] -- Up-to-date symlink: /home/ubuntu/workspace/robotics_v1/install/ur_moveit_config/share/ur_moveit_config/environment/path.sh
[0.707s] -- Up-to-date symlink: /home/ubuntu/workspace/robotics_v1/install/ur_moveit_config/share/ur_moveit_config/environment/path.dsv
[0.711s] -- Up-to-date symlink: /home/ubuntu/workspace/robotics_v1/install/ur_moveit_config/share/ur_moveit_config/local_setup.bash
[0.714s] -- Up-to-date symlink: /home/ubuntu/workspace/robotics_v1/install/ur_moveit_config/share/ur_moveit_config/local_setup.sh
[0.717s] -- Up-to-date symlink: /home/ubuntu/workspace/robotics_v1/install/ur_moveit_config/share/ur_moveit_config/local_setup.zsh
[0.721s] -- Up-to-date symlink: /home/ubuntu/workspace/robotics_v1/install/ur_moveit_config/share/ur_moveit_config/local_setup.dsv
[0.726s] -- Symlinking: /home/ubuntu/workspace/robotics_v1/install/ur_moveit_config/share/ur_moveit_config/package.dsv
[0.804s] -- Up-to-date symlink: /home/ubuntu/workspace/robotics_v1/install/ur_moveit_config/share/ament_index/resource_index/packages/ur_moveit_config
[0.805s] -- Up-to-date symlink: /home/ubuntu/workspace/robotics_v1/install/ur_moveit_config/share/ur_moveit_config/cmake/ur_moveit_configConfig.cmake
[0.805s] -- Up-to-date symlink: /home/ubuntu/workspace/robotics_v1/install/ur_moveit_config/share/ur_moveit_config/cmake/ur_moveit_configConfig-version.cmake
[0.807s] -- Up-to-date symlink: /home/ubuntu/workspace/robotics_v1/install/ur_moveit_config/share/ur_moveit_config/package.xml
[0.900s] Invoked command in '/home/ubuntu/workspace/robotics_v1/build/ur_moveit_config' returned '0': CMAKE_PREFIX_PATH=/opt/ros/foxy /usr/bin/cmake --install /home/ubuntu/workspace/robotics_v1/build/ur_moveit_config
