[0.182s] Invoking command in '/home/ubuntu/workspace/robotics_v1/build/robo_miner_gui': AMENT_PREFIX_PATH=/home/ubuntu/workspace/robotics_v1/install/robo_miner_common:/home/ubuntu/workspace/robotics_v1/install/robo_miner_interfaces:${AMENT_PREFIX_PATH} CMAKE_PREFIX_PATH=/home/ubuntu/workspace/robotics_v1/install/ros2_game_engine:/home/ubuntu/workspace/robotics_v1/install/robo_miner_common:/home/ubuntu/workspace/robotics_v1/install/robo_common:/home/ubuntu/workspace/robotics_v1/install/game_engine:/home/ubuntu/workspace/robotics_v1/install/manager_utils:/home/ubuntu/workspace/robotics_v1/install/sdl_utils:/home/ubuntu/workspace/robotics_v1/install/resource_utils:/home/ubuntu/workspace/robotics_v1/install/utils:/home/ubuntu/workspace/robotics_v1/install/robo_miner_interfaces:/home/ubuntu/workspace/robotics_v1/install/cmake_helpers:/opt/ros/foxy LD_LIBRARY_PATH=/home/ubuntu/workspace/robotics_v1/install/robo_miner_interfaces/lib:${LD_LIBRARY_PATH} PKG_CONFIG_PATH=/home/ubuntu/workspace/robotics_v1/install/ros2_game_engine/lib/x86_64-linux-gnu/pkgconfig:/home/ubuntu/workspace/robotics_v1/install/ros2_game_engine/lib/pkgconfig:/home/ubuntu/workspace/robotics_v1/install/robo_common/lib/x86_64-linux-gnu/pkgconfig:/home/ubuntu/workspace/robotics_v1/install/robo_common/lib/pkgconfig:/home/ubuntu/workspace/robotics_v1/install/game_engine/lib/x86_64-linux-gnu/pkgconfig:/home/ubuntu/workspace/robotics_v1/install/game_engine/lib/pkgconfig:/home/ubuntu/workspace/robotics_v1/install/manager_utils/lib/x86_64-linux-gnu/pkgconfig:/home/ubuntu/workspace/robotics_v1/install/manager_utils/lib/pkgconfig:/home/ubuntu/workspace/robotics_v1/install/sdl_utils/lib/x86_64-linux-gnu/pkgconfig:/home/ubuntu/workspace/robotics_v1/install/sdl_utils/lib/pkgconfig:/home/ubuntu/workspace/robotics_v1/install/resource_utils/lib/x86_64-linux-gnu/pkgconfig:/home/ubuntu/workspace/robotics_v1/install/resource_utils/lib/pkgconfig:/home/ubuntu/workspace/robotics_v1/install/utils/lib/x86_64-linux-gnu/pkgconfig:/home/ubuntu/workspace/robotics_v1/install/utils/lib/pkgconfig:/home/ubuntu/workspace/robotics_v1/install/cmake_helpers/lib/x86_64-linux-gnu/pkgconfig:/home/ubuntu/workspace/robotics_v1/install/cmake_helpers/lib/pkgconfig PYTHONPATH=/home/ubuntu/workspace/robotics_v1/install/robo_miner_interfaces/lib/python3.8/site-packages:${PYTHONPATH} /usr/bin/cmake --build /home/ubuntu/workspace/robotics_v1/build/robo_miner_gui -- -j4 -l4
[0.537s] [100%] Built target robo_miner_gui
[0.654s] Invoked command in '/home/ubuntu/workspace/robotics_v1/build/robo_miner_gui' returned '0': AMENT_PREFIX_PATH=/home/ubuntu/workspace/robotics_v1/install/robo_miner_common:/home/ubuntu/workspace/robotics_v1/install/robo_miner_interfaces:${AMENT_PREFIX_PATH} CMAKE_PREFIX_PATH=/home/ubuntu/workspace/robotics_v1/install/ros2_game_engine:/home/ubuntu/workspace/robotics_v1/install/robo_miner_common:/home/ubuntu/workspace/robotics_v1/install/robo_common:/home/ubuntu/workspace/robotics_v1/install/game_engine:/home/ubuntu/workspace/robotics_v1/install/manager_utils:/home/ubuntu/workspace/robotics_v1/install/sdl_utils:/home/ubuntu/workspace/robotics_v1/install/resource_utils:/home/ubuntu/workspace/robotics_v1/install/utils:/home/ubuntu/workspace/robotics_v1/install/robo_miner_interfaces:/home/ubuntu/workspace/robotics_v1/install/cmake_helpers:/opt/ros/foxy LD_LIBRARY_PATH=/home/ubuntu/workspace/robotics_v1/install/robo_miner_interfaces/lib:${LD_LIBRARY_PATH} PKG_CONFIG_PATH=/home/ubuntu/workspace/robotics_v1/install/ros2_game_engine/lib/x86_64-linux-gnu/pkgconfig:/home/ubuntu/workspace/robotics_v1/install/ros2_game_engine/lib/pkgconfig:/home/ubuntu/workspace/robotics_v1/install/robo_common/lib/x86_64-linux-gnu/pkgconfig:/home/ubuntu/workspace/robotics_v1/install/robo_common/lib/pkgconfig:/home/ubuntu/workspace/robotics_v1/install/game_engine/lib/x86_64-linux-gnu/pkgconfig:/home/ubuntu/workspace/robotics_v1/install/game_engine/lib/pkgconfig:/home/ubuntu/workspace/robotics_v1/install/manager_utils/lib/x86_64-linux-gnu/pkgconfig:/home/ubuntu/workspace/robotics_v1/install/manager_utils/lib/pkgconfig:/home/ubuntu/workspace/robotics_v1/install/sdl_utils/lib/x86_64-linux-gnu/pkgconfig:/home/ubuntu/workspace/robotics_v1/install/sdl_utils/lib/pkgconfig:/home/ubuntu/workspace/robotics_v1/install/resource_utils/lib/x86_64-linux-gnu/pkgconfig:/home/ubuntu/workspace/robotics_v1/install/resource_utils/lib/pkgconfig:/home/ubuntu/workspace/robotics_v1/install/utils/lib/x86_64-linux-gnu/pkgconfig:/home/ubuntu/workspace/robotics_v1/install/utils/lib/pkgconfig:/home/ubuntu/workspace/robotics_v1/install/cmake_helpers/lib/x86_64-linux-gnu/pkgconfig:/home/ubuntu/workspace/robotics_v1/install/cmake_helpers/lib/pkgconfig PYTHONPATH=/home/ubuntu/workspace/robotics_v1/install/robo_miner_interfaces/lib/python3.8/site-packages:${PYTHONPATH} /usr/bin/cmake --build /home/ubuntu/workspace/robotics_v1/build/robo_miner_gui -- -j4 -l4
[1.013s] Invoking command in '/home/ubuntu/workspace/robotics_v1/build/robo_miner_gui': AMENT_PREFIX_PATH=/home/ubuntu/workspace/robotics_v1/install/robo_miner_common:/home/ubuntu/workspace/robotics_v1/install/robo_miner_interfaces:${AMENT_PREFIX_PATH} CMAKE_PREFIX_PATH=/home/ubuntu/workspace/robotics_v1/install/ros2_game_engine:/home/ubuntu/workspace/robotics_v1/install/robo_miner_common:/home/ubuntu/workspace/robotics_v1/install/robo_common:/home/ubuntu/workspace/robotics_v1/install/game_engine:/home/ubuntu/workspace/robotics_v1/install/manager_utils:/home/ubuntu/workspace/robotics_v1/install/sdl_utils:/home/ubuntu/workspace/robotics_v1/install/resource_utils:/home/ubuntu/workspace/robotics_v1/install/utils:/home/ubuntu/workspace/robotics_v1/install/robo_miner_interfaces:/home/ubuntu/workspace/robotics_v1/install/cmake_helpers:/opt/ros/foxy LD_LIBRARY_PATH=/home/ubuntu/workspace/robotics_v1/install/robo_miner_interfaces/lib:${LD_LIBRARY_PATH} PKG_CONFIG_PATH=/home/ubuntu/workspace/robotics_v1/install/ros2_game_engine/lib/x86_64-linux-gnu/pkgconfig:/home/ubuntu/workspace/robotics_v1/install/ros2_game_engine/lib/pkgconfig:/home/ubuntu/workspace/robotics_v1/install/robo_common/lib/x86_64-linux-gnu/pkgconfig:/home/ubuntu/workspace/robotics_v1/install/robo_common/lib/pkgconfig:/home/ubuntu/workspace/robotics_v1/install/game_engine/lib/x86_64-linux-gnu/pkgconfig:/home/ubuntu/workspace/robotics_v1/install/game_engine/lib/pkgconfig:/home/ubuntu/workspace/robotics_v1/install/manager_utils/lib/x86_64-linux-gnu/pkgconfig:/home/ubuntu/workspace/robotics_v1/install/manager_utils/lib/pkgconfig:/home/ubuntu/workspace/robotics_v1/install/sdl_utils/lib/x86_64-linux-gnu/pkgconfig:/home/ubuntu/workspace/robotics_v1/install/sdl_utils/lib/pkgconfig:/home/ubuntu/workspace/robotics_v1/install/resource_utils/lib/x86_64-linux-gnu/pkgconfig:/home/ubuntu/workspace/robotics_v1/install/resource_utils/lib/pkgconfig:/home/ubuntu/workspace/robotics_v1/install/utils/lib/x86_64-linux-gnu/pkgconfig:/home/ubuntu/workspace/robotics_v1/install/utils/lib/pkgconfig:/home/ubuntu/workspace/robotics_v1/install/cmake_helpers/lib/x86_64-linux-gnu/pkgconfig:/home/ubuntu/workspace/robotics_v1/install/cmake_helpers/lib/pkgconfig PYTHONPATH=/home/ubuntu/workspace/robotics_v1/install/robo_miner_interfaces/lib/python3.8/site-packages:${PYTHONPATH} /usr/bin/cmake --install /home/ubuntu/workspace/robotics_v1/build/robo_miner_gui
[1.117s] -- Install configuration: "Debug"
[1.124s] -- Execute custom install script
[1.126s] -- Up-to-date symlink: /home/ubuntu/workspace/robotics_v1/install/robo_miner_gui/share/robo_miner_gui/package.xml
[1.131s] -- Up-to-date symlink: /home/ubuntu/workspace/robotics_v1/install/robo_miner_gui/share/robo_miner_gui//launch/launch.py
[1.140s] -- Up-to-date symlink: /home/ubuntu/workspace/robotics_v1/install/robo_miner_gui/share/robo_miner_gui//config/params.yaml
[1.143s] -- Up-to-date symlink: /home/ubuntu/workspace/robotics_v1/install/robo_miner_gui/lib/robo_miner_gui/robo_miner_gui
[1.144s] -- Symlinking: /home/ubuntu/workspace/robotics_v1/install/robo_miner_gui/share/ament_index/resource_index/packages/robo_miner_gui
[1.179s] -- Up-to-date symlink: /home/ubuntu/workspace/robotics_v1/install/robo_miner_gui/share/robo_miner_gui/hook/ament_prefix_path.dsv
[1.180s] -- Up-to-date symlink: /home/ubuntu/workspace/robotics_v1/install/robo_miner_gui/share/robo_miner_gui/hook/ros_package_path.dsv
[1.181s] -- Up-to-date symlink: /home/ubuntu/workspace/robotics_v1/install/robo_miner_gui/share/ament_index/resource_index/package_run_dependencies/robo_miner_gui
[1.183s] -- Up-to-date symlink: /home/ubuntu/workspace/robotics_v1/install/robo_miner_gui/share/ament_index/resource_index/parent_prefix_path/robo_miner_gui
[1.184s] -- Up-to-date symlink: /home/ubuntu/workspace/robotics_v1/install/robo_miner_gui/share/robo_miner_gui/environment/ament_prefix_path.sh
[1.185s] -- Up-to-date symlink: /home/ubuntu/workspace/robotics_v1/install/robo_miner_gui/share/robo_miner_gui/environment/ament_prefix_path.dsv
[1.186s] -- Up-to-date symlink: /home/ubuntu/workspace/robotics_v1/install/robo_miner_gui/share/robo_miner_gui/environment/path.sh
[1.188s] -- Up-to-date symlink: /home/ubuntu/workspace/robotics_v1/install/robo_miner_gui/share/robo_miner_gui/environment/path.dsv
[1.189s] -- Up-to-date symlink: /home/ubuntu/workspace/robotics_v1/install/robo_miner_gui/share/robo_miner_gui/local_setup.bash
[1.190s] -- Up-to-date symlink: /home/ubuntu/workspace/robotics_v1/install/robo_miner_gui/share/robo_miner_gui/local_setup.sh
[1.192s] -- Up-to-date symlink: /home/ubuntu/workspace/robotics_v1/install/robo_miner_gui/share/robo_miner_gui/local_setup.zsh
[1.192s] -- Up-to-date symlink: /home/ubuntu/workspace/robotics_v1/install/robo_miner_gui/share/robo_miner_gui/local_setup.dsv
[1.193s] -- Symlinking: /home/ubuntu/workspace/robotics_v1/install/robo_miner_gui/share/robo_miner_gui/package.dsv
[1.250s] -- Symlinking: /home/ubuntu/workspace/robotics_v1/install/robo_miner_gui/share/ament_index/resource_index/packages/robo_miner_gui
[1.275s] -- Up-to-date symlink: /home/ubuntu/workspace/robotics_v1/install/robo_miner_gui/share/robo_miner_gui/cmake/robo_miner_guiConfig.cmake
[1.276s] -- Up-to-date symlink: /home/ubuntu/workspace/robotics_v1/install/robo_miner_gui/share/robo_miner_gui/cmake/robo_miner_guiConfig-version.cmake
[1.276s] -- Up-to-date symlink: /home/ubuntu/workspace/robotics_v1/install/robo_miner_gui/share/robo_miner_gui/package.xml
[1.278s] -- Up-to-date symlink: /home/ubuntu/workspace/robotics_v1/install/robo_miner_gui/share/robo_miner_gui/resources//RoboMinerGui.rsrc
[1.278s] -- Up-to-date symlink: /home/ubuntu/workspace/robotics_v1/install/robo_miner_gui/share/robo_miner_gui/resources//f/vinque_rg_20.ttf
[1.279s] -- Up-to-date symlink: /home/ubuntu/workspace/robotics_v1/install/robo_miner_gui/share/robo_miner_gui/resources//f/vinque_rg_30.ttf
[1.279s] -- Up-to-date symlink: /home/ubuntu/workspace/robotics_v1/install/robo_miner_gui/share/robo_miner_gui/resources//f/vinque_rg_75.ttf
[1.279s] -- Up-to-date symlink: /home/ubuntu/workspace/robotics_v1/install/robo_miner_gui/share/robo_miner_gui/resources//generated/RoboMinerGuiResources.h
[1.280s] -- Up-to-date symlink: /home/ubuntu/workspace/robotics_v1/install/robo_miner_gui/share/robo_miner_gui/resources//generated/RoboMinerGuiResourcesDynamic.h
[1.280s] -- Up-to-date symlink: /home/ubuntu/workspace/robotics_v1/install/robo_miner_gui/share/robo_miner_gui/resources//generated/RoboMinerGuiResourcesDynamicValues.h
[1.282s] -- Up-to-date symlink: /home/ubuntu/workspace/robotics_v1/install/robo_miner_gui/share/robo_miner_gui/resources//generated/fonts.bin
[1.284s] -- Up-to-date symlink: /home/ubuntu/workspace/robotics_v1/install/robo_miner_gui/share/robo_miner_gui/resources//generated/resources.bin
[1.284s] -- Up-to-date symlink: /home/ubuntu/workspace/robotics_v1/install/robo_miner_gui/share/robo_miner_gui/resources//generated/sounds.bin
[1.285s] -- Up-to-date symlink: /home/ubuntu/workspace/robotics_v1/install/robo_miner_gui/share/robo_miner_gui/resources//levels/level_1/field_map.txt
[1.285s] -- Up-to-date symlink: /home/ubuntu/workspace/robotics_v1/install/robo_miner_gui/share/robo_miner_gui/resources//levels/level_1/solution.txt
[1.285s] -- Up-to-date symlink: /home/ubuntu/workspace/robotics_v1/install/robo_miner_gui/share/robo_miner_gui/resources//levels/level_2/field_map.txt
[1.285s] -- Up-to-date symlink: /home/ubuntu/workspace/robotics_v1/install/robo_miner_gui/share/robo_miner_gui/resources//levels/level_2/solution.txt
[1.288s] -- Up-to-date symlink: /home/ubuntu/workspace/robotics_v1/install/robo_miner_gui/share/robo_miner_gui/resources//levels/level_3/field_map.txt
[1.288s] -- Up-to-date symlink: /home/ubuntu/workspace/robotics_v1/install/robo_miner_gui/share/robo_miner_gui/resources//levels/level_3/solution.txt
[1.289s] -- Up-to-date symlink: /home/ubuntu/workspace/robotics_v1/install/robo_miner_gui/share/robo_miner_gui/resources//p/background/fogOfWar.png
[1.290s] -- Up-to-date symlink: /home/ubuntu/workspace/robotics_v1/install/robo_miner_gui/share/robo_miner_gui/resources//p/background/map.png
[1.290s] -- Up-to-date symlink: /home/ubuntu/workspace/robotics_v1/install/robo_miner_gui/share/robo_miner_gui/resources//p/background/obstacle.png
[1.291s] -- Up-to-date symlink: /home/ubuntu/workspace/robotics_v1/install/robo_miner_gui/share/robo_miner_gui/resources//p/background/tile.png
[1.291s] -- Up-to-date symlink: /home/ubuntu/workspace/robotics_v1/install/robo_miner_gui/share/robo_miner_gui/resources//p/entities/crystals.png
[1.292s] -- Up-to-date symlink: /home/ubuntu/workspace/robotics_v1/install/robo_miner_gui/share/robo_miner_gui/resources//p/entities/damage_marker.png
[1.292s] -- Up-to-date symlink: /home/ubuntu/workspace/robotics_v1/install/robo_miner_gui/share/robo_miner_gui/resources//p/entities/player_robot.png
[1.293s] -- Up-to-date symlink: /home/ubuntu/workspace/robotics_v1/install/robo_miner_gui/share/robo_miner_gui/resources//p/panels/crystal_panel.png
[1.295s] -- Up-to-date symlink: /home/ubuntu/workspace/robotics_v1/install/robo_miner_gui/share/robo_miner_gui/resources//p/panels/health_indicator.png
[1.296s] -- Up-to-date symlink: /home/ubuntu/workspace/robotics_v1/install/robo_miner_gui/share/robo_miner_gui/resources//p/panels/health_panel.png
[1.296s] -- Up-to-date symlink: /home/ubuntu/workspace/robotics_v1/install/robo_miner_gui/share/robo_miner_gui/resources//p/panels/hor_delimiter.png
[1.297s] -- Up-to-date symlink: /home/ubuntu/workspace/robotics_v1/install/robo_miner_gui/share/robo_miner_gui/resources//p/panels/tile_panel.png
[1.299s] -- Up-to-date symlink: /home/ubuntu/workspace/robotics_v1/install/robo_miner_gui/share/robo_miner_gui/resources//p/panels/vert_delimiter.png
[1.299s] -- Up-to-date symlink: /home/ubuntu/workspace/robotics_v1/install/robo_miner_gui/share/robo_miner_gui/resources//p/stars/star_single.png
[1.300s] -- Up-to-date symlink: /home/ubuntu/workspace/robotics_v1/install/robo_miner_gui/share/robo_miner_gui/resources//p/stars/stars.png
[1.315s] Invoked command in '/home/ubuntu/workspace/robotics_v1/build/robo_miner_gui' returned '0': AMENT_PREFIX_PATH=/home/ubuntu/workspace/robotics_v1/install/robo_miner_common:/home/ubuntu/workspace/robotics_v1/install/robo_miner_interfaces:${AMENT_PREFIX_PATH} CMAKE_PREFIX_PATH=/home/ubuntu/workspace/robotics_v1/install/ros2_game_engine:/home/ubuntu/workspace/robotics_v1/install/robo_miner_common:/home/ubuntu/workspace/robotics_v1/install/robo_common:/home/ubuntu/workspace/robotics_v1/install/game_engine:/home/ubuntu/workspace/robotics_v1/install/manager_utils:/home/ubuntu/workspace/robotics_v1/install/sdl_utils:/home/ubuntu/workspace/robotics_v1/install/resource_utils:/home/ubuntu/workspace/robotics_v1/install/utils:/home/ubuntu/workspace/robotics_v1/install/robo_miner_interfaces:/home/ubuntu/workspace/robotics_v1/install/cmake_helpers:/opt/ros/foxy LD_LIBRARY_PATH=/home/ubuntu/workspace/robotics_v1/install/robo_miner_interfaces/lib:${LD_LIBRARY_PATH} PKG_CONFIG_PATH=/home/ubuntu/workspace/robotics_v1/install/ros2_game_engine/lib/x86_64-linux-gnu/pkgconfig:/home/ubuntu/workspace/robotics_v1/install/ros2_game_engine/lib/pkgconfig:/home/ubuntu/workspace/robotics_v1/install/robo_common/lib/x86_64-linux-gnu/pkgconfig:/home/ubuntu/workspace/robotics_v1/install/robo_common/lib/pkgconfig:/home/ubuntu/workspace/robotics_v1/install/game_engine/lib/x86_64-linux-gnu/pkgconfig:/home/ubuntu/workspace/robotics_v1/install/game_engine/lib/pkgconfig:/home/ubuntu/workspace/robotics_v1/install/manager_utils/lib/x86_64-linux-gnu/pkgconfig:/home/ubuntu/workspace/robotics_v1/install/manager_utils/lib/pkgconfig:/home/ubuntu/workspace/robotics_v1/install/sdl_utils/lib/x86_64-linux-gnu/pkgconfig:/home/ubuntu/workspace/robotics_v1/install/sdl_utils/lib/pkgconfig:/home/ubuntu/workspace/robotics_v1/install/resource_utils/lib/x86_64-linux-gnu/pkgconfig:/home/ubuntu/workspace/robotics_v1/install/resource_utils/lib/pkgconfig:/home/ubuntu/workspace/robotics_v1/install/utils/lib/x86_64-linux-gnu/pkgconfig:/home/ubuntu/workspace/robotics_v1/install/utils/lib/pkgconfig:/home/ubuntu/workspace/robotics_v1/install/cmake_helpers/lib/x86_64-linux-gnu/pkgconfig:/home/ubuntu/workspace/robotics_v1/install/cmake_helpers/lib/pkgconfig PYTHONPATH=/home/ubuntu/workspace/robotics_v1/install/robo_miner_interfaces/lib/python3.8/site-packages:${PYTHONPATH} /usr/bin/cmake --install /home/ubuntu/workspace/robotics_v1/build/robo_miner_gui
