[0.043s] Invoking command in '/home/ubuntu/workspace/robotics_v1/build/robo_miner_controller': AMENT_PREFIX_PATH=/home/ubuntu/workspace/robotics_v1/install/robo_miner_interfaces:${AMENT_PREFIX_PATH} CMAKE_PREFIX_PATH=/home/ubuntu/workspace/robotics_v1/install/robo_miner_interfaces:/opt/ros/foxy LD_LIBRARY_PATH=/home/ubuntu/workspace/robotics_v1/install/robo_miner_interfaces/lib:${LD_LIBRARY_PATH} PYTHONPATH=/home/ubuntu/workspace/robotics_v1/install/robo_miner_interfaces/lib/python3.8/site-packages:${PYTHONPATH} /usr/bin/cmake --build /home/ubuntu/workspace/robotics_v1/build/robo_miner_controller -- -j4 -l4
[0.214s] [35m[1mScanning dependencies of target robo_miner_controller[0m
[0.356s] [ 50%] [32mBuilding CXX object CMakeFiles/robo_miner_controller.dir/src/robo_miner_controller.cpp.o[0m
[4.188s] In file included from [01m[K/home/ubuntu/workspace/robotics_v1/src/robo_miner/robo_miner_controller/include/robo_miner_controller/RobotMoveLogistics/RobotMoveLogistics.hpp:5[m[K,
[4.188s]                  from [01m[K/home/ubuntu/workspace/robotics_v1/src/robo_miner/robo_miner_controller/src/robo_miner_controller.cpp:17[m[K:
[4.188s] [01m[K/home/ubuntu/workspace/robotics_v1/src/robo_miner/robo_miner_controller/include/robo_miner_controller/MapNode/MapNode.hpp:[m[K In constructor ‘[01m[KMapNode::MapNode(int, int, char, bool)[m[K’:
[4.188s] [01m[K/home/ubuntu/workspace/robotics_v1/src/robo_miner/robo_miner_controller/include/robo_miner_controller/MapNode/MapNode.hpp:12:11:[m[K [01;35m[Kwarning: [m[K‘[01m[KMapNode::fieldtype[m[K’ will be initialized after [[01;35m[K-Wreorder[m[K]
[4.189s]    12 | FieldType [01;35m[Kfieldtype[m[K;
[4.189s]       |           [01;35m[K^~~~~~~~~[m[K
[4.189s] [01m[K/home/ubuntu/workspace/robotics_v1/src/robo_miner/robo_miner_controller/include/robo_miner_controller/MapNode/MapNode.hpp:11:6:[m[K [01;35m[Kwarning: [m[K  ‘[01m[Kbool MapNode::locked[m[K’ [[01;35m[K-Wreorder[m[K]
[4.189s]    11 | bool [01;35m[Klocked[m[K = false;
[4.189s]       |      [01;35m[K^~~~~~[m[K
[4.190s] [01m[K/home/ubuntu/workspace/robotics_v1/src/robo_miner/robo_miner_controller/include/robo_miner_controller/MapNode/MapNode.hpp:16:2:[m[K [01;35m[Kwarning: [m[K  when initialized here [[01;35m[K-Wreorder[m[K]
[4.190s]    16 |  [01;35m[KMapNode[m[K(int x,int y,char fieldtype,bool locked = false):fieldtype(getCrystalType(fieldtype)),locked(locked),send_location({x,y}){
[4.190s]       |  [01;35m[K^~~~~~~[m[K
[4.196s] [01m[K/home/ubuntu/workspace/robotics_v1/src/robo_miner/robo_miner_controller/include/robo_miner_controller/MapNode/MapNode.hpp:[m[K In constructor ‘[01m[KMapNode::MapNode(char, bool)[m[K’:
[4.196s] [01m[K/home/ubuntu/workspace/robotics_v1/src/robo_miner/robo_miner_controller/include/robo_miner_controller/MapNode/MapNode.hpp:12:11:[m[K [01;35m[Kwarning: [m[K‘[01m[KMapNode::fieldtype[m[K’ will be initialized after [[01;35m[K-Wreorder[m[K]
[4.196s]    12 | FieldType [01;35m[Kfieldtype[m[K;
[4.196s]       |           [01;35m[K^~~~~~~~~[m[K
[4.196s] [01m[K/home/ubuntu/workspace/robotics_v1/src/robo_miner/robo_miner_controller/include/robo_miner_controller/MapNode/MapNode.hpp:11:6:[m[K [01;35m[Kwarning: [m[K  ‘[01m[Kbool MapNode::locked[m[K’ [[01;35m[K-Wreorder[m[K]
[4.197s]    11 | bool [01;35m[Klocked[m[K = false;
[4.197s]       |      [01;35m[K^~~~~~[m[K
[4.197s] In file included from [01m[K/home/ubuntu/workspace/robotics_v1/src/robo_miner/robo_miner_controller/include/robo_miner_controller/RobotMoveLogistics/RobotMoveLogistics.hpp:5[m[K,
[4.197s]                  from [01m[K/home/ubuntu/workspace/robotics_v1/src/robo_miner/robo_miner_controller/src/robo_miner_controller.cpp:17[m[K:
[4.197s] [01m[K/home/ubuntu/workspace/robotics_v1/src/robo_miner/robo_miner_controller/include/robo_miner_controller/MapNode/MapNode.hpp:19:2:[m[K [01;35m[Kwarning: [m[K  when initialized here [[01;35m[K-Wreorder[m[K]
[4.197s]    19 |  [01;35m[KMapNode[m[K(char fieldtype,bool locked = false):fieldtype(getCrystalType(fieldtype)),locked(locked){
[4.198s]       |  [01;35m[K^~~~~~~[m[K
[6.940s] In file included from [01m[K/home/ubuntu/workspace/robotics_v1/src/robo_miner/robo_miner_controller/src/robo_miner_controller.cpp:17[m[K:
[6.941s] [01m[K/home/ubuntu/workspace/robotics_v1/src/robo_miner/robo_miner_controller/include/robo_miner_controller/RobotMoveLogistics/RobotMoveLogistics.hpp:[m[K In member function ‘[01m[Kstd::shared_ptr<MapNode> RobotMoverLogistics::get(int, int)[m[K’:
[6.941s] [01m[K/home/ubuntu/workspace/robotics_v1/src/robo_miner/robo_miner_controller/include/robo_miner_controller/RobotMoveLogistics/RobotMoveLogistics.hpp:65:3:[m[K [01;35m[Kwarning: [m[Kcontrol reaches end of non-void function [[01;35m[K-Wreturn-type[m[K]
[6.941s]    65 |   [01;35m[K}[m[K
[6.942s]       |   [01;35m[K^[m[K
[10.360s] [100%] [32m[1mLinking CXX executable robo_miner_controller[0m
[10.955s] [100%] Built target robo_miner_controller
[10.984s] Invoked command in '/home/ubuntu/workspace/robotics_v1/build/robo_miner_controller' returned '0': AMENT_PREFIX_PATH=/home/ubuntu/workspace/robotics_v1/install/robo_miner_interfaces:${AMENT_PREFIX_PATH} CMAKE_PREFIX_PATH=/home/ubuntu/workspace/robotics_v1/install/robo_miner_interfaces:/opt/ros/foxy LD_LIBRARY_PATH=/home/ubuntu/workspace/robotics_v1/install/robo_miner_interfaces/lib:${LD_LIBRARY_PATH} PYTHONPATH=/home/ubuntu/workspace/robotics_v1/install/robo_miner_interfaces/lib/python3.8/site-packages:${PYTHONPATH} /usr/bin/cmake --build /home/ubuntu/workspace/robotics_v1/build/robo_miner_controller -- -j4 -l4
[11.100s] Invoking command in '/home/ubuntu/workspace/robotics_v1/build/robo_miner_controller': AMENT_PREFIX_PATH=/home/ubuntu/workspace/robotics_v1/install/robo_miner_interfaces:${AMENT_PREFIX_PATH} CMAKE_PREFIX_PATH=/home/ubuntu/workspace/robotics_v1/install/robo_miner_interfaces:/opt/ros/foxy LD_LIBRARY_PATH=/home/ubuntu/workspace/robotics_v1/install/robo_miner_interfaces/lib:${LD_LIBRARY_PATH} PYTHONPATH=/home/ubuntu/workspace/robotics_v1/install/robo_miner_interfaces/lib/python3.8/site-packages:${PYTHONPATH} /usr/bin/cmake --install /home/ubuntu/workspace/robotics_v1/build/robo_miner_controller
[11.122s] -- Install configuration: ""
[11.123s] -- Installing: /home/ubuntu/workspace/robotics_v1/install/robo_miner_controller/lib/robo_miner_controller/robo_miner_controller
[11.130s] -- Set runtime path of "/home/ubuntu/workspace/robotics_v1/install/robo_miner_controller/lib/robo_miner_controller/robo_miner_controller" to ""
[11.131s] -- Up-to-date: /home/ubuntu/workspace/robotics_v1/install/robo_miner_controller/share/ament_index/resource_index/package_run_dependencies/robo_miner_controller
[11.132s] -- Up-to-date: /home/ubuntu/workspace/robotics_v1/install/robo_miner_controller/share/ament_index/resource_index/parent_prefix_path/robo_miner_controller
[11.133s] -- Up-to-date: /home/ubuntu/workspace/robotics_v1/install/robo_miner_controller/share/robo_miner_controller/environment/ament_prefix_path.sh
[11.134s] -- Up-to-date: /home/ubuntu/workspace/robotics_v1/install/robo_miner_controller/share/robo_miner_controller/environment/ament_prefix_path.dsv
[11.134s] -- Up-to-date: /home/ubuntu/workspace/robotics_v1/install/robo_miner_controller/share/robo_miner_controller/environment/path.sh
[11.134s] -- Up-to-date: /home/ubuntu/workspace/robotics_v1/install/robo_miner_controller/share/robo_miner_controller/environment/path.dsv
[11.135s] -- Up-to-date: /home/ubuntu/workspace/robotics_v1/install/robo_miner_controller/share/robo_miner_controller/local_setup.bash
[11.135s] -- Up-to-date: /home/ubuntu/workspace/robotics_v1/install/robo_miner_controller/share/robo_miner_controller/local_setup.sh
[11.136s] -- Up-to-date: /home/ubuntu/workspace/robotics_v1/install/robo_miner_controller/share/robo_miner_controller/local_setup.zsh
[11.136s] -- Up-to-date: /home/ubuntu/workspace/robotics_v1/install/robo_miner_controller/share/robo_miner_controller/local_setup.dsv
[11.137s] -- Installing: /home/ubuntu/workspace/robotics_v1/install/robo_miner_controller/share/robo_miner_controller/package.dsv
[11.137s] -- Up-to-date: /home/ubuntu/workspace/robotics_v1/install/robo_miner_controller/share/ament_index/resource_index/packages/robo_miner_controller
[11.138s] -- Up-to-date: /home/ubuntu/workspace/robotics_v1/install/robo_miner_controller/share/robo_miner_controller/cmake/robo_miner_controllerConfig.cmake
[11.139s] -- Up-to-date: /home/ubuntu/workspace/robotics_v1/install/robo_miner_controller/share/robo_miner_controller/cmake/robo_miner_controllerConfig-version.cmake
[11.139s] -- Up-to-date: /home/ubuntu/workspace/robotics_v1/install/robo_miner_controller/share/robo_miner_controller/package.xml
[11.143s] Invoked command in '/home/ubuntu/workspace/robotics_v1/build/robo_miner_controller' returned '0': AMENT_PREFIX_PATH=/home/ubuntu/workspace/robotics_v1/install/robo_miner_interfaces:${AMENT_PREFIX_PATH} CMAKE_PREFIX_PATH=/home/ubuntu/workspace/robotics_v1/install/robo_miner_interfaces:/opt/ros/foxy LD_LIBRARY_PATH=/home/ubuntu/workspace/robotics_v1/install/robo_miner_interfaces/lib:${LD_LIBRARY_PATH} PYTHONPATH=/home/ubuntu/workspace/robotics_v1/install/robo_miner_interfaces/lib/python3.8/site-packages:${PYTHONPATH} /usr/bin/cmake --install /home/ubuntu/workspace/robotics_v1/build/robo_miner_controller
