[0.056s] Invoking command in '/home/ubuntu/workspace/robotics_v1/build/ur_client_library': CMAKE_PREFIX_PATH=/opt/ros/foxy /usr/bin/cmake --build /home/ubuntu/workspace/robotics_v1/build/ur_client_library -- -j4 -l4
[0.553s] [ 82%] Built target urcl
[0.728s] [ 88%] Built target rtde_client_example
[0.750s] [ 94%] Built target driver_example
[0.854s] [100%] Built target primary_pipeline_example
[0.977s] Invoked command in '/home/ubuntu/workspace/robotics_v1/build/ur_client_library' returned '0': CMAKE_PREFIX_PATH=/opt/ros/foxy /usr/bin/cmake --build /home/ubuntu/workspace/robotics_v1/build/ur_client_library -- -j4 -l4
[1.851s] Invoking command in '/home/ubuntu/workspace/robotics_v1/build/ur_client_library': CMAKE_PREFIX_PATH=/opt/ros/foxy /usr/bin/cmake --install /home/ubuntu/workspace/robotics_v1/build/ur_client_library
[1.953s] -- Install configuration: "Debug"
[1.956s] -- Up-to-date: /home/ubuntu/workspace/robotics_v1/install/ur_client_library/lib/liburcl.so
[1.957s] -- Up-to-date: /home/ubuntu/workspace/robotics_v1/install/ur_client_library/include
[1.957s] -- Up-to-date: /home/ubuntu/workspace/robotics_v1/install/ur_client_library/include/ur_client_library
[1.957s] -- Up-to-date: /home/ubuntu/workspace/robotics_v1/install/ur_client_library/include/ur_client_library/exceptions.h
[1.957s] -- Up-to-date: /home/ubuntu/workspace/robotics_v1/install/ur_client_library/include/ur_client_library/control
[1.958s] -- Up-to-date: /home/ubuntu/workspace/robotics_v1/install/ur_client_library/include/ur_client_library/control/script_sender.h
[1.958s] -- Up-to-date: /home/ubuntu/workspace/robotics_v1/install/ur_client_library/include/ur_client_library/control/reverse_interface.h
[1.959s] -- Up-to-date: /home/ubuntu/workspace/robotics_v1/install/ur_client_library/include/ur_client_library/control/trajectory_point_interface.h
[1.959s] -- Up-to-date: /home/ubuntu/workspace/robotics_v1/install/ur_client_library/include/ur_client_library/types.h
[1.960s] -- Up-to-date: /home/ubuntu/workspace/robotics_v1/install/ur_client_library/include/ur_client_library/ur
[1.960s] -- Up-to-date: /home/ubuntu/workspace/robotics_v1/install/ur_client_library/include/ur_client_library/ur/dashboard_client.h
[1.960s] -- Up-to-date: /home/ubuntu/workspace/robotics_v1/install/ur_client_library/include/ur_client_library/ur/datatypes.h
[1.960s] -- Up-to-date: /home/ubuntu/workspace/robotics_v1/install/ur_client_library/include/ur_client_library/ur/version_information.h
[1.961s] -- Up-to-date: /home/ubuntu/workspace/robotics_v1/install/ur_client_library/include/ur_client_library/ur/ur_driver.h
[1.964s] -- Up-to-date: /home/ubuntu/workspace/robotics_v1/install/ur_client_library/include/ur_client_library/ur/tool_communication.h
[1.966s] -- Up-to-date: /home/ubuntu/workspace/robotics_v1/install/ur_client_library/include/ur_client_library/ur/calibration_checker.h
[1.967s] -- Up-to-date: /home/ubuntu/workspace/robotics_v1/install/ur_client_library/include/ur_client_library/log.h
[1.970s] -- Up-to-date: /home/ubuntu/workspace/robotics_v1/install/ur_client_library/include/ur_client_library/primary
[1.971s] -- Up-to-date: /home/ubuntu/workspace/robotics_v1/install/ur_client_library/include/ur_client_library/primary/package_header.h
[1.974s] -- Up-to-date: /home/ubuntu/workspace/robotics_v1/install/ur_client_library/include/ur_client_library/primary/primary_package.h
[1.975s] -- Up-to-date: /home/ubuntu/workspace/robotics_v1/install/ur_client_library/include/ur_client_library/primary/robot_message.h
[1.977s] -- Up-to-date: /home/ubuntu/workspace/robotics_v1/install/ur_client_library/include/ur_client_library/primary/primary_parser.h
[1.979s] -- Up-to-date: /home/ubuntu/workspace/robotics_v1/install/ur_client_library/include/ur_client_library/primary/robot_message
[1.980s] -- Up-to-date: /home/ubuntu/workspace/robotics_v1/install/ur_client_library/include/ur_client_library/primary/robot_message/version_message.h
[1.981s] -- Up-to-date: /home/ubuntu/workspace/robotics_v1/install/ur_client_library/include/ur_client_library/primary/abstract_primary_consumer.h
[1.982s] -- Up-to-date: /home/ubuntu/workspace/robotics_v1/install/ur_client_library/include/ur_client_library/primary/robot_state
[1.982s] -- Up-to-date: /home/ubuntu/workspace/robotics_v1/install/ur_client_library/include/ur_client_library/primary/robot_state/kinematics_info.h
[1.988s] -- Up-to-date: /home/ubuntu/workspace/robotics_v1/install/ur_client_library/include/ur_client_library/primary/robot_state.h
[1.989s] -- Up-to-date: /home/ubuntu/workspace/robotics_v1/install/ur_client_library/include/ur_client_library/default_log_handler.h
[1.990s] -- Up-to-date: /home/ubuntu/workspace/robotics_v1/install/ur_client_library/include/ur_client_library/comm
[1.990s] -- Up-to-date: /home/ubuntu/workspace/robotics_v1/install/ur_client_library/include/ur_client_library/comm/pipeline.h
[1.990s] -- Up-to-date: /home/ubuntu/workspace/robotics_v1/install/ur_client_library/include/ur_client_library/comm/control_mode.h
[1.991s] -- Up-to-date: /home/ubuntu/workspace/robotics_v1/install/ur_client_library/include/ur_client_library/comm/package_serializer.h
[1.991s] -- Up-to-date: /home/ubuntu/workspace/robotics_v1/install/ur_client_library/include/ur_client_library/comm/parser.h
[1.992s] -- Up-to-date: /home/ubuntu/workspace/robotics_v1/install/ur_client_library/include/ur_client_library/comm/shell_consumer.h
[1.993s] -- Up-to-date: /home/ubuntu/workspace/robotics_v1/install/ur_client_library/include/ur_client_library/comm/stream.h
[1.993s] -- Up-to-date: /home/ubuntu/workspace/robotics_v1/install/ur_client_library/include/ur_client_library/comm/bin_parser.h
[1.994s] -- Up-to-date: /home/ubuntu/workspace/robotics_v1/install/ur_client_library/include/ur_client_library/comm/tcp_socket.h
[1.994s] -- Up-to-date: /home/ubuntu/workspace/robotics_v1/install/ur_client_library/include/ur_client_library/comm/producer.h
[1.994s] -- Up-to-date: /home/ubuntu/workspace/robotics_v1/install/ur_client_library/include/ur_client_library/comm/tcp_server.h
[1.995s] -- Up-to-date: /home/ubuntu/workspace/robotics_v1/install/ur_client_library/include/ur_client_library/comm/package.h
[1.995s] -- Up-to-date: /home/ubuntu/workspace/robotics_v1/install/ur_client_library/include/ur_client_library/rtde
[2.011s] -- Up-to-date: /home/ubuntu/workspace/robotics_v1/install/ur_client_library/include/ur_client_library/rtde/package_header.h
[2.012s] -- Up-to-date: /home/ubuntu/workspace/robotics_v1/install/ur_client_library/include/ur_client_library/rtde/rtde_client.h
[2.012s] -- Up-to-date: /home/ubuntu/workspace/robotics_v1/install/ur_client_library/include/ur_client_library/rtde/text_message.h
[2.014s] -- Up-to-date: /home/ubuntu/workspace/robotics_v1/install/ur_client_library/include/ur_client_library/rtde/rtde_writer.h
[2.014s] -- Up-to-date: /home/ubuntu/workspace/robotics_v1/install/ur_client_library/include/ur_client_library/rtde/rtde_package.h
[2.014s] -- Up-to-date: /home/ubuntu/workspace/robotics_v1/install/ur_client_library/include/ur_client_library/rtde/rtde_parser.h
[2.015s] -- Up-to-date: /home/ubuntu/workspace/robotics_v1/install/ur_client_library/include/ur_client_library/rtde/control_package_start.h
[2.015s] -- Up-to-date: /home/ubuntu/workspace/robotics_v1/install/ur_client_library/include/ur_client_library/rtde/control_package_setup_outputs.h
[2.015s] -- Up-to-date: /home/ubuntu/workspace/robotics_v1/install/ur_client_library/include/ur_client_library/rtde/control_package_pause.h
[2.016s] -- Up-to-date: /home/ubuntu/workspace/robotics_v1/install/ur_client_library/include/ur_client_library/rtde/get_urcontrol_version.h
[2.016s] -- Up-to-date: /home/ubuntu/workspace/robotics_v1/install/ur_client_library/include/ur_client_library/rtde/control_package_setup_inputs.h
[2.016s] -- Up-to-date: /home/ubuntu/workspace/robotics_v1/install/ur_client_library/include/ur_client_library/rtde/data_package.h
[2.017s] -- Up-to-date: /home/ubuntu/workspace/robotics_v1/install/ur_client_library/include/ur_client_library/rtde/request_protocol_version.h
[2.017s] -- Up-to-date: /home/ubuntu/workspace/robotics_v1/install/ur_client_library/include/ur_client_library/queue
[2.018s] -- Up-to-date: /home/ubuntu/workspace/robotics_v1/install/ur_client_library/include/ur_client_library/queue/readerwriterqueue.h
[2.021s] -- Up-to-date: /home/ubuntu/workspace/robotics_v1/install/ur_client_library/include/ur_client_library/queue/LICENSE.md
[2.021s] -- Up-to-date: /home/ubuntu/workspace/robotics_v1/install/ur_client_library/include/ur_client_library/queue/atomicops.h
[2.022s] -- Up-to-date: /home/ubuntu/workspace/robotics_v1/install/ur_client_library/lib/cmake/ur_client_library/urclTargets.cmake
[2.022s] -- Up-to-date: /home/ubuntu/workspace/robotics_v1/install/ur_client_library/lib/cmake/ur_client_library/urclTargets-debug.cmake
[2.023s] -- Up-to-date: /home/ubuntu/workspace/robotics_v1/install/ur_client_library/lib/cmake/ur_client_library/ur_client_libraryConfig.cmake
[2.023s] -- Up-to-date: /home/ubuntu/workspace/robotics_v1/install/ur_client_library/share/ur_client_library/package.xml
[2.024s] -- Up-to-date: /home/ubuntu/workspace/robotics_v1/install/ur_client_library/share/ament_index/resource_index/packages/ur_client_library
[2.024s] -- Up-to-date: /home/ubuntu/workspace/robotics_v1/install/ur_client_library/share/ur_client_library/hook/ament_prefix_path.dsv
[2.024s] -- Up-to-date: /home/ubuntu/workspace/robotics_v1/install/ur_client_library/share/ur_client_library/hook/ros_package_path.dsv
[2.024s] -- Up-to-date: /home/ubuntu/workspace/robotics_v1/install/ur_client_library/share/ur_client_library/resources
[2.025s] -- Up-to-date: /home/ubuntu/workspace/robotics_v1/install/ur_client_library/share/ur_client_library/resources/external_control.urscript
[2.137s] Invoked command in '/home/ubuntu/workspace/robotics_v1/build/ur_client_library' returned '0': CMAKE_PREFIX_PATH=/opt/ros/foxy /usr/bin/cmake --install /home/ubuntu/workspace/robotics_v1/build/ur_client_library
