[0.010s] Invoking command in '/home/ubuntu/workspace/robotics_v1/build/sdl_utils': CMAKE_PREFIX_PATH=/home/ubuntu/workspace/robotics_v1/install/resource_utils:/home/ubuntu/workspace/robotics_v1/install/utils:/home/ubuntu/workspace/robotics_v1/install/cmake_helpers:/opt/ros/foxy PKG_CONFIG_PATH=/home/ubuntu/workspace/robotics_v1/install/resource_utils/lib/x86_64-linux-gnu/pkgconfig:/home/ubuntu/workspace/robotics_v1/install/resource_utils/lib/pkgconfig:/home/ubuntu/workspace/robotics_v1/install/utils/lib/x86_64-linux-gnu/pkgconfig:/home/ubuntu/workspace/robotics_v1/install/utils/lib/pkgconfig:/home/ubuntu/workspace/robotics_v1/install/cmake_helpers/lib/x86_64-linux-gnu/pkgconfig:/home/ubuntu/workspace/robotics_v1/install/cmake_helpers/lib/pkgconfig PS1=[\u@\h \W]$(git_branch)$ /usr/bin/cmake /home/ubuntu/workspace/robotics_v1/src/lib/sdl_utils -DCMAKE_BUILD_TYPE=Debug -DCMAKE_CXX_COMPILER=/usr/bin/clang++ -DCMAKE_INSTALL_PREFIX=/home/ubuntu/workspace/robotics_v1/install/sdl_utils
[0.096s] -- The CXX compiler identification is Clang 10.0.0
[0.099s] -- Check for working CXX compiler: /usr/bin/clang++
[0.190s] -- Check for working CXX compiler: /usr/bin/clang++ -- works
[0.191s] -- Detecting CXX compiler ABI info
[0.291s] -- Detecting CXX compiler ABI info - done
[0.297s] -- Detecting CXX compile features
[0.297s] -- Detecting CXX compile features - done
[0.298s] -- Found cmake_helpers: 1.0.0 (/home/ubuntu/workspace/robotics_v1/install/cmake_helpers/share/cmake_helpers/cmake)
[0.299s] -- Looking for C++ include pthread.h
[0.395s] -- Looking for C++ include pthread.h - found
[0.396s] -- Performing Test CMAKE_HAVE_LIBC_PTHREAD
[0.490s] -- Performing Test CMAKE_HAVE_LIBC_PTHREAD - Failed
[0.490s] -- Looking for pthread_create in pthreads
[0.573s] -- Looking for pthread_create in pthreads - not found
[0.573s] -- Looking for pthread_create in pthread
[0.676s] -- Looking for pthread_create in pthread - found
[0.677s] -- Found Threads: TRUE  
[0.687s] -- Found SDL2: /usr/lib/x86_64-linux-gnu/libSDL2main.a;/usr/lib/x86_64-linux-gnu/libSDL2.so;-lpthread  
[0.689s] -- Found SDL2_IMAGE: /usr/lib/x86_64-linux-gnu/libSDL2_image.so  
[0.690s] -- Found SDL2_TTF: /usr/lib/x86_64-linux-gnu/libSDL2_ttf.so  
[0.692s] -- Found SDL2_MIXER: /usr/lib/x86_64-linux-gnu/libSDL2_mixer.so  
[0.694s] -- Found ament_cmake: 0.9.9 (/opt/ros/foxy/share/ament_cmake/cmake)
[0.712s] -- Found PythonInterp: /usr/bin/python3 (found suitable version "3.8.10", minimum required is "3") 
[0.712s] -- Using PYTHON_EXECUTABLE: /usr/bin/python3
[0.875s] -- Configuring done
[0.881s] -- Generating done
[0.882s] -- Build files have been written to: /home/ubuntu/workspace/robotics_v1/build/sdl_utils
[0.886s] Invoked command in '/home/ubuntu/workspace/robotics_v1/build/sdl_utils' returned '0': CMAKE_PREFIX_PATH=/home/ubuntu/workspace/robotics_v1/install/resource_utils:/home/ubuntu/workspace/robotics_v1/install/utils:/home/ubuntu/workspace/robotics_v1/install/cmake_helpers:/opt/ros/foxy PKG_CONFIG_PATH=/home/ubuntu/workspace/robotics_v1/install/resource_utils/lib/x86_64-linux-gnu/pkgconfig:/home/ubuntu/workspace/robotics_v1/install/resource_utils/lib/pkgconfig:/home/ubuntu/workspace/robotics_v1/install/utils/lib/x86_64-linux-gnu/pkgconfig:/home/ubuntu/workspace/robotics_v1/install/utils/lib/pkgconfig:/home/ubuntu/workspace/robotics_v1/install/cmake_helpers/lib/x86_64-linux-gnu/pkgconfig:/home/ubuntu/workspace/robotics_v1/install/cmake_helpers/lib/pkgconfig PS1=[\u@\h \W]$(git_branch)$ /usr/bin/cmake /home/ubuntu/workspace/robotics_v1/src/lib/sdl_utils -DCMAKE_BUILD_TYPE=Debug -DCMAKE_CXX_COMPILER=/usr/bin/clang++ -DCMAKE_INSTALL_PREFIX=/home/ubuntu/workspace/robotics_v1/install/sdl_utils
[0.889s] Invoking command in '/home/ubuntu/workspace/robotics_v1/build/sdl_utils': CMAKE_PREFIX_PATH=/home/ubuntu/workspace/robotics_v1/install/resource_utils:/home/ubuntu/workspace/robotics_v1/install/utils:/home/ubuntu/workspace/robotics_v1/install/cmake_helpers:/opt/ros/foxy PKG_CONFIG_PATH=/home/ubuntu/workspace/robotics_v1/install/resource_utils/lib/x86_64-linux-gnu/pkgconfig:/home/ubuntu/workspace/robotics_v1/install/resource_utils/lib/pkgconfig:/home/ubuntu/workspace/robotics_v1/install/utils/lib/x86_64-linux-gnu/pkgconfig:/home/ubuntu/workspace/robotics_v1/install/utils/lib/pkgconfig:/home/ubuntu/workspace/robotics_v1/install/cmake_helpers/lib/x86_64-linux-gnu/pkgconfig:/home/ubuntu/workspace/robotics_v1/install/cmake_helpers/lib/pkgconfig PS1=[\u@\h \W]$(git_branch)$ /usr/bin/cmake --build /home/ubuntu/workspace/robotics_v1/build/sdl_utils -- -j8 -l8
[0.923s] [35m[1mScanning dependencies of target sdl_utils[0m
[0.945s] [  5%] [32mBuilding CXX object CMakeFiles/sdl_utils.dir/src/containers/ResourceContainer.cpp.o[0m
[0.945s] [ 10%] [32mBuilding CXX object CMakeFiles/sdl_utils.dir/src/containers/FontContainer.cpp.o[0m
[0.946s] [ 15%] [32mBuilding CXX object CMakeFiles/sdl_utils.dir/src/containers/SoundContainer.cpp.o[0m
[0.946s] [ 20%] [32mBuilding CXX object CMakeFiles/sdl_utils.dir/src/containers/TextContainer.cpp.o[0m
[0.946s] [ 25%] [32mBuilding CXX object CMakeFiles/sdl_utils.dir/src/drawing/DrawParams.cpp.o[0m
[0.947s] [ 30%] [32mBuilding CXX object CMakeFiles/sdl_utils.dir/src/containers/SDLContainers.cpp.o[0m
[0.949s] [ 35%] [32mBuilding CXX object CMakeFiles/sdl_utils.dir/src/containers/FboContainer.cpp.o[0m
[0.957s] [ 40%] [32mBuilding CXX object CMakeFiles/sdl_utils.dir/src/drawing/defines/MonitorDefines.cpp.o[0m
[0.980s] [ 45%] [32mBuilding CXX object CMakeFiles/sdl_utils.dir/src/drawing/GeometryUtils.cpp.o[0m
[1.121s] [ 50%] [32mBuilding CXX object CMakeFiles/sdl_utils.dir/src/drawing/LoadingScreen.cpp.o[0m
[1.126s] [ 55%] [32mBuilding CXX object CMakeFiles/sdl_utils.dir/src/drawing/MonitorWindow.cpp.o[0m
[1.325s] [ 60%] [32mBuilding CXX object CMakeFiles/sdl_utils.dir/src/drawing/Renderer.cpp.o[0m
[1.374s] [ 65%] [32mBuilding CXX object CMakeFiles/sdl_utils.dir/src/drawing/RendererState.cpp.o[0m
[1.398s] [ 70%] [32mBuilding CXX object CMakeFiles/sdl_utils.dir/src/drawing/Texture.cpp.o[0m
[1.401s] [ 75%] [32mBuilding CXX object CMakeFiles/sdl_utils.dir/src/input/InputEvent.cpp.o[0m
[1.435s] [ 80%] [32mBuilding CXX object CMakeFiles/sdl_utils.dir/src/input/InputEventGenerator.cpp.o[0m
[1.546s] [ 85%] [32mBuilding CXX object CMakeFiles/sdl_utils.dir/src/input/MouseUtils.cpp.o[0m
[1.614s] [ 90%] [32mBuilding CXX object CMakeFiles/sdl_utils.dir/src/sound/SoundMixer.cpp.o[0m
[1.670s] [ 95%] [32mBuilding CXX object CMakeFiles/sdl_utils.dir/src/SDLLoader.cpp.o[0m
[2.000s] [100%] [32m[1mLinking CXX static library libsdl_utils.a[0m
[2.067s] [100%] Built target sdl_utils
[2.078s] Invoked command in '/home/ubuntu/workspace/robotics_v1/build/sdl_utils' returned '0': CMAKE_PREFIX_PATH=/home/ubuntu/workspace/robotics_v1/install/resource_utils:/home/ubuntu/workspace/robotics_v1/install/utils:/home/ubuntu/workspace/robotics_v1/install/cmake_helpers:/opt/ros/foxy PKG_CONFIG_PATH=/home/ubuntu/workspace/robotics_v1/install/resource_utils/lib/x86_64-linux-gnu/pkgconfig:/home/ubuntu/workspace/robotics_v1/install/resource_utils/lib/pkgconfig:/home/ubuntu/workspace/robotics_v1/install/utils/lib/x86_64-linux-gnu/pkgconfig:/home/ubuntu/workspace/robotics_v1/install/utils/lib/pkgconfig:/home/ubuntu/workspace/robotics_v1/install/cmake_helpers/lib/x86_64-linux-gnu/pkgconfig:/home/ubuntu/workspace/robotics_v1/install/cmake_helpers/lib/pkgconfig PS1=[\u@\h \W]$(git_branch)$ /usr/bin/cmake --build /home/ubuntu/workspace/robotics_v1/build/sdl_utils -- -j8 -l8
[2.133s] Invoking command in '/home/ubuntu/workspace/robotics_v1/build/sdl_utils': CMAKE_PREFIX_PATH=/home/ubuntu/workspace/robotics_v1/install/resource_utils:/home/ubuntu/workspace/robotics_v1/install/utils:/home/ubuntu/workspace/robotics_v1/install/cmake_helpers:/opt/ros/foxy PKG_CONFIG_PATH=/home/ubuntu/workspace/robotics_v1/install/resource_utils/lib/x86_64-linux-gnu/pkgconfig:/home/ubuntu/workspace/robotics_v1/install/resource_utils/lib/pkgconfig:/home/ubuntu/workspace/robotics_v1/install/utils/lib/x86_64-linux-gnu/pkgconfig:/home/ubuntu/workspace/robotics_v1/install/utils/lib/pkgconfig:/home/ubuntu/workspace/robotics_v1/install/cmake_helpers/lib/x86_64-linux-gnu/pkgconfig:/home/ubuntu/workspace/robotics_v1/install/cmake_helpers/lib/pkgconfig PS1=[\u@\h \W]$(git_branch)$ /usr/bin/cmake --install /home/ubuntu/workspace/robotics_v1/build/sdl_utils
[2.140s] -- Install configuration: "Debug"
[2.140s] -- Installing: /home/ubuntu/workspace/robotics_v1/install/sdl_utils/share/sdl_utils/package.xml
[2.140s] -- Installing: /home/ubuntu/workspace/robotics_v1/install/sdl_utils/lib/sdl_utils/libsdl_utils.a
[2.145s] -- Installing: /home/ubuntu/workspace/robotics_v1/install/sdl_utils/share/ament_index/resource_index/packages/sdl_utils
[2.146s] -- Installing: /home/ubuntu/workspace/robotics_v1/install/sdl_utils/share/sdl_utils/hook/ament_prefix_path.dsv
[2.146s] -- Installing: /home/ubuntu/workspace/robotics_v1/install/sdl_utils/share/sdl_utils/hook/ros_package_path.dsv
[2.146s] -- Installing: /home/ubuntu/workspace/robotics_v1/install/sdl_utils/share/ament_index/resource_index/package_run_dependencies/sdl_utils
[2.146s] -- Installing: /home/ubuntu/workspace/robotics_v1/install/sdl_utils/share/ament_index/resource_index/parent_prefix_path/sdl_utils
[2.146s] -- Installing: /home/ubuntu/workspace/robotics_v1/install/sdl_utils/share/sdl_utils/environment/ament_prefix_path.sh
[2.146s] -- Installing: /home/ubuntu/workspace/robotics_v1/install/sdl_utils/share/sdl_utils/environment/ament_prefix_path.dsv
[2.147s] -- Installing: /home/ubuntu/workspace/robotics_v1/install/sdl_utils/share/sdl_utils/environment/path.sh
[2.147s] -- Installing: /home/ubuntu/workspace/robotics_v1/install/sdl_utils/share/sdl_utils/environment/path.dsv
[2.147s] -- Installing: /home/ubuntu/workspace/robotics_v1/install/sdl_utils/share/sdl_utils/local_setup.bash
[2.147s] -- Installing: /home/ubuntu/workspace/robotics_v1/install/sdl_utils/share/sdl_utils/local_setup.sh
[2.147s] -- Installing: /home/ubuntu/workspace/robotics_v1/install/sdl_utils/share/sdl_utils/local_setup.zsh
[2.147s] -- Installing: /home/ubuntu/workspace/robotics_v1/install/sdl_utils/share/sdl_utils/local_setup.dsv
[2.147s] -- Installing: /home/ubuntu/workspace/robotics_v1/install/sdl_utils/share/sdl_utils/package.dsv
[2.147s] -- Up-to-date: /home/ubuntu/workspace/robotics_v1/install/sdl_utils/share/ament_index/resource_index/packages/sdl_utils
[2.147s] -- Installing: /home/ubuntu/workspace/robotics_v1/install/sdl_utils/share/sdl_utils/cmake/sdl_utilsConfig.cmake
[2.147s] -- Installing: /home/ubuntu/workspace/robotics_v1/install/sdl_utils/share/sdl_utils/cmake/sdl_utilsConfig-version.cmake
[2.147s] -- Up-to-date: /home/ubuntu/workspace/robotics_v1/install/sdl_utils/share/sdl_utils/package.xml
[2.147s] -- Installing: /home/ubuntu/workspace/robotics_v1/install/sdl_utils/lib/libsdl_utils.a
[2.152s] -- Installing: /home/ubuntu/workspace/robotics_v1/install/sdl_utils/include
[2.153s] -- Installing: /home/ubuntu/workspace/robotics_v1/install/sdl_utils/include/sdl_utils
[2.153s] -- Installing: /home/ubuntu/workspace/robotics_v1/install/sdl_utils/include/sdl_utils/containers
[2.153s] -- Installing: /home/ubuntu/workspace/robotics_v1/install/sdl_utils/include/sdl_utils/containers/TextContainer.h
[2.153s] -- Installing: /home/ubuntu/workspace/robotics_v1/install/sdl_utils/include/sdl_utils/containers/config
[2.153s] -- Installing: /home/ubuntu/workspace/robotics_v1/install/sdl_utils/include/sdl_utils/containers/config/SDLContainersConfig.h
[2.153s] -- Installing: /home/ubuntu/workspace/robotics_v1/install/sdl_utils/include/sdl_utils/containers/ResourceContainer.h
[2.153s] -- Installing: /home/ubuntu/workspace/robotics_v1/install/sdl_utils/include/sdl_utils/containers/FboContainer.h
[2.153s] -- Installing: /home/ubuntu/workspace/robotics_v1/install/sdl_utils/include/sdl_utils/containers/FontContainer.h
[2.153s] -- Installing: /home/ubuntu/workspace/robotics_v1/install/sdl_utils/include/sdl_utils/containers/SoundContainer.h
[2.154s] -- Installing: /home/ubuntu/workspace/robotics_v1/install/sdl_utils/include/sdl_utils/containers/SDLContainers.h
[2.154s] -- Installing: /home/ubuntu/workspace/robotics_v1/install/sdl_utils/include/sdl_utils/drawing
[2.154s] -- Installing: /home/ubuntu/workspace/robotics_v1/install/sdl_utils/include/sdl_utils/drawing/Texture.h
[2.154s] -- Installing: /home/ubuntu/workspace/robotics_v1/install/sdl_utils/include/sdl_utils/drawing/MonitorWindow.h
[2.154s] -- Installing: /home/ubuntu/workspace/robotics_v1/install/sdl_utils/include/sdl_utils/drawing/DrawParams.h
[2.154s] -- Installing: /home/ubuntu/workspace/robotics_v1/install/sdl_utils/include/sdl_utils/drawing/LoadingScreen.h
[2.154s] -- Installing: /home/ubuntu/workspace/robotics_v1/install/sdl_utils/include/sdl_utils/drawing/config
[2.154s] -- Installing: /home/ubuntu/workspace/robotics_v1/install/sdl_utils/include/sdl_utils/drawing/config/LoadingScreenConfig.h
[2.154s] -- Installing: /home/ubuntu/workspace/robotics_v1/install/sdl_utils/include/sdl_utils/drawing/config/MonitorWindowConfig.h
[2.154s] -- Installing: /home/ubuntu/workspace/robotics_v1/install/sdl_utils/include/sdl_utils/drawing/config/RendererConfig.h
[2.154s] -- Installing: /home/ubuntu/workspace/robotics_v1/install/sdl_utils/include/sdl_utils/drawing/RendererState.h
[2.154s] -- Installing: /home/ubuntu/workspace/robotics_v1/install/sdl_utils/include/sdl_utils/drawing/Renderer.h
[2.154s] -- Installing: /home/ubuntu/workspace/robotics_v1/install/sdl_utils/include/sdl_utils/drawing/GeometryUtils.h
[2.154s] -- Installing: /home/ubuntu/workspace/robotics_v1/install/sdl_utils/include/sdl_utils/drawing/defines
[2.154s] -- Installing: /home/ubuntu/workspace/robotics_v1/install/sdl_utils/include/sdl_utils/drawing/defines/DrawConstants.h
[2.154s] -- Installing: /home/ubuntu/workspace/robotics_v1/install/sdl_utils/include/sdl_utils/drawing/defines/DrawUtilityDefines.h
[2.154s] -- Installing: /home/ubuntu/workspace/robotics_v1/install/sdl_utils/include/sdl_utils/drawing/defines/RendererDefines.h
[2.154s] -- Installing: /home/ubuntu/workspace/robotics_v1/install/sdl_utils/include/sdl_utils/drawing/defines/MonitorDefines.h
[2.154s] -- Installing: /home/ubuntu/workspace/robotics_v1/install/sdl_utils/include/sdl_utils/sound
[2.155s] -- Installing: /home/ubuntu/workspace/robotics_v1/install/sdl_utils/include/sdl_utils/sound/SoundMixer.h
[2.155s] -- Installing: /home/ubuntu/workspace/robotics_v1/install/sdl_utils/include/sdl_utils/sound/defines
[2.155s] -- Installing: /home/ubuntu/workspace/robotics_v1/install/sdl_utils/include/sdl_utils/sound/defines/SoundMixerDefines.h
[2.155s] -- Installing: /home/ubuntu/workspace/robotics_v1/install/sdl_utils/include/sdl_utils/input
[2.155s] -- Installing: /home/ubuntu/workspace/robotics_v1/install/sdl_utils/include/sdl_utils/input/TouchEntity.h
[2.155s] -- Installing: /home/ubuntu/workspace/robotics_v1/install/sdl_utils/include/sdl_utils/input/InputEvent.h
[2.155s] -- Installing: /home/ubuntu/workspace/robotics_v1/install/sdl_utils/include/sdl_utils/input/TouchEntityInterface.h
[2.155s] -- Installing: /home/ubuntu/workspace/robotics_v1/install/sdl_utils/include/sdl_utils/input/InputEventGenerator.h
[2.155s] -- Installing: /home/ubuntu/workspace/robotics_v1/install/sdl_utils/include/sdl_utils/input/MouseUtils.h
[2.155s] -- Installing: /home/ubuntu/workspace/robotics_v1/install/sdl_utils/include/sdl_utils/input/defines
[2.155s] -- Installing: /home/ubuntu/workspace/robotics_v1/install/sdl_utils/include/sdl_utils/input/defines/EventDefines.h
[2.155s] -- Installing: /home/ubuntu/workspace/robotics_v1/install/sdl_utils/include/sdl_utils/SDLLoader.h
[2.155s] -- Installing: /home/ubuntu/workspace/robotics_v1/install/sdl_utils/lib/cmake/sdl_utils/sdl_utilsTargets.cmake
[2.155s] -- Installing: /home/ubuntu/workspace/robotics_v1/install/sdl_utils/lib/cmake/sdl_utils/sdl_utilsTargets-debug.cmake
[2.155s] -- Installing: /home/ubuntu/workspace/robotics_v1/install/sdl_utils/lib/cmake/sdl_utils/sdl_utilsConfig.cmake
[2.157s] Invoked command in '/home/ubuntu/workspace/robotics_v1/build/sdl_utils' returned '0': CMAKE_PREFIX_PATH=/home/ubuntu/workspace/robotics_v1/install/resource_utils:/home/ubuntu/workspace/robotics_v1/install/utils:/home/ubuntu/workspace/robotics_v1/install/cmake_helpers:/opt/ros/foxy PKG_CONFIG_PATH=/home/ubuntu/workspace/robotics_v1/install/resource_utils/lib/x86_64-linux-gnu/pkgconfig:/home/ubuntu/workspace/robotics_v1/install/resource_utils/lib/pkgconfig:/home/ubuntu/workspace/robotics_v1/install/utils/lib/x86_64-linux-gnu/pkgconfig:/home/ubuntu/workspace/robotics_v1/install/utils/lib/pkgconfig:/home/ubuntu/workspace/robotics_v1/install/cmake_helpers/lib/x86_64-linux-gnu/pkgconfig:/home/ubuntu/workspace/robotics_v1/install/cmake_helpers/lib/pkgconfig PS1=[\u@\h \W]$(git_branch)$ /usr/bin/cmake --install /home/ubuntu/workspace/robotics_v1/build/sdl_utils
