[0.055s] Invoking command in '/home/ubuntu/workspace/robotics_v1/build/robo_miner_interfaces': CMAKE_PREFIX_PATH=/opt/ros/foxy /usr/bin/cmake --build /home/ubuntu/workspace/robotics_v1/build/robo_miner_interfaces -- -j4 -l4
[0.271s] [  0%] Built target robo_miner_interfaces__cpp
[0.401s] [ 12%] Built target robo_miner_interfaces__rosidl_typesupport_cpp
[0.423s] [ 24%] Built target robo_miner_interfaces__rosidl_generator_c
[0.448s] [ 35%] Built target robo_miner_interfaces__rosidl_typesupport_fastrtps_cpp
[0.492s] [ 47%] Built target robo_miner_interfaces__rosidl_typesupport_introspection_c
[0.549s] [ 58%] Built target robo_miner_interfaces__rosidl_typesupport_c
[0.559s] [ 70%] Built target robo_miner_interfaces__rosidl_typesupport_introspection_cpp
[0.693s] [ 82%] Built target robo_miner_interfaces__rosidl_typesupport_fastrtps_c
[0.761s] [ 82%] Built target robo_miner_interfaces
[0.835s] [ 83%] Built target robo_miner_interfaces__py
[0.936s] [ 94%] Built target robo_miner_interfaces__python
[1.026s] [ 96%] Built target robo_miner_interfaces__rosidl_typesupport_introspection_c__pyext
[1.037s] [ 98%] Built target robo_miner_interfaces__rosidl_typesupport_c__pyext
[1.052s] [100%] Built target robo_miner_interfaces__rosidl_typesupport_fastrtps_c__pyext
[1.084s] Invoked command in '/home/ubuntu/workspace/robotics_v1/build/robo_miner_interfaces' returned '0': CMAKE_PREFIX_PATH=/opt/ros/foxy /usr/bin/cmake --build /home/ubuntu/workspace/robotics_v1/build/robo_miner_interfaces -- -j4 -l4
[1.934s] Invoking command in '/home/ubuntu/workspace/robotics_v1/build/robo_miner_interfaces': CMAKE_PREFIX_PATH=/opt/ros/foxy /usr/bin/cmake --install /home/ubuntu/workspace/robotics_v1/build/robo_miner_interfaces
[1.977s] -- Install configuration: "Debug"
[1.980s] -- Execute custom install script
[1.981s] -- Up-to-date symlink: /home/ubuntu/workspace/robotics_v1/install/robo_miner_interfaces/share/ament_index/resource_index/rosidl_interfaces/robo_miner_interfaces
[1.983s] -- Up-to-date symlink: /home/ubuntu/workspace/robotics_v1/install/robo_miner_interfaces/include/robo_miner_interfaces/msg/detail/field_point__functions.h
[1.984s] -- Up-to-date symlink: /home/ubuntu/workspace/robotics_v1/install/robo_miner_interfaces/include/robo_miner_interfaces/msg/detail/field_point__struct.h
[1.984s] -- Up-to-date symlink: /home/ubuntu/workspace/robotics_v1/install/robo_miner_interfaces/include/robo_miner_interfaces/msg/detail/field_point__type_support.h
[1.985s] -- Up-to-date symlink: /home/ubuntu/workspace/robotics_v1/install/robo_miner_interfaces/include/robo_miner_interfaces/msg/detail/robot_move_type__functions.h
[1.986s] -- Up-to-date symlink: /home/ubuntu/workspace/robotics_v1/install/robo_miner_interfaces/include/robo_miner_interfaces/msg/detail/robot_move_type__struct.h
[1.986s] -- Up-to-date symlink: /home/ubuntu/workspace/robotics_v1/install/robo_miner_interfaces/include/robo_miner_interfaces/msg/detail/robot_move_type__type_support.h
[1.987s] -- Up-to-date symlink: /home/ubuntu/workspace/robotics_v1/install/robo_miner_interfaces/include/robo_miner_interfaces/msg/detail/robot_position_response__functions.h
[1.988s] -- Up-to-date symlink: /home/ubuntu/workspace/robotics_v1/install/robo_miner_interfaces/include/robo_miner_interfaces/msg/detail/robot_position_response__struct.h
[1.988s] -- Up-to-date symlink: /home/ubuntu/workspace/robotics_v1/install/robo_miner_interfaces/include/robo_miner_interfaces/msg/detail/robot_position_response__type_support.h
[1.989s] -- Up-to-date symlink: /home/ubuntu/workspace/robotics_v1/install/robo_miner_interfaces/include/robo_miner_interfaces/msg/detail/u_int8_multi_array__functions.h
[1.989s] -- Up-to-date symlink: /home/ubuntu/workspace/robotics_v1/install/robo_miner_interfaces/include/robo_miner_interfaces/msg/detail/u_int8_multi_array__struct.h
[1.990s] -- Up-to-date symlink: /home/ubuntu/workspace/robotics_v1/install/robo_miner_interfaces/include/robo_miner_interfaces/msg/detail/u_int8_multi_array__type_support.h
[1.990s] -- Up-to-date symlink: /home/ubuntu/workspace/robotics_v1/install/robo_miner_interfaces/include/robo_miner_interfaces/msg/detail/user_authenticate__functions.h
[1.990s] -- Up-to-date symlink: /home/ubuntu/workspace/robotics_v1/install/robo_miner_interfaces/include/robo_miner_interfaces/msg/detail/user_authenticate__struct.h
[1.991s] -- Up-to-date symlink: /home/ubuntu/workspace/robotics_v1/install/robo_miner_interfaces/include/robo_miner_interfaces/msg/detail/user_authenticate__type_support.h
[1.991s] -- Up-to-date symlink: /home/ubuntu/workspace/robotics_v1/install/robo_miner_interfaces/include/robo_miner_interfaces/msg/field_point.h
[1.991s] -- Up-to-date symlink: /home/ubuntu/workspace/robotics_v1/install/robo_miner_interfaces/include/robo_miner_interfaces/msg/robot_move_type.h
[1.992s] -- Up-to-date symlink: /home/ubuntu/workspace/robotics_v1/install/robo_miner_interfaces/include/robo_miner_interfaces/msg/robot_position_response.h
[1.992s] -- Up-to-date symlink: /home/ubuntu/workspace/robotics_v1/install/robo_miner_interfaces/include/robo_miner_interfaces/msg/rosidl_generator_c__visibility_control.h
[1.992s] -- Up-to-date symlink: /home/ubuntu/workspace/robotics_v1/install/robo_miner_interfaces/include/robo_miner_interfaces/msg/u_int8_multi_array.h
[1.993s] -- Up-to-date symlink: /home/ubuntu/workspace/robotics_v1/install/robo_miner_interfaces/include/robo_miner_interfaces/msg/user_authenticate.h
[1.993s] -- Up-to-date symlink: /home/ubuntu/workspace/robotics_v1/install/robo_miner_interfaces/include/robo_miner_interfaces/srv/activate_mining_validate.h
[1.994s] -- Up-to-date symlink: /home/ubuntu/workspace/robotics_v1/install/robo_miner_interfaces/include/robo_miner_interfaces/srv/detail/activate_mining_validate__functions.h
[1.994s] -- Up-to-date symlink: /home/ubuntu/workspace/robotics_v1/install/robo_miner_interfaces/include/robo_miner_interfaces/srv/detail/activate_mining_validate__struct.h
[1.995s] -- Up-to-date symlink: /home/ubuntu/workspace/robotics_v1/install/robo_miner_interfaces/include/robo_miner_interfaces/srv/detail/activate_mining_validate__type_support.h
[1.995s] -- Up-to-date symlink: /home/ubuntu/workspace/robotics_v1/install/robo_miner_interfaces/include/robo_miner_interfaces/srv/detail/field_map_validate__functions.h
[1.996s] -- Up-to-date symlink: /home/ubuntu/workspace/robotics_v1/install/robo_miner_interfaces/include/robo_miner_interfaces/srv/detail/field_map_validate__struct.h
[1.996s] -- Up-to-date symlink: /home/ubuntu/workspace/robotics_v1/install/robo_miner_interfaces/include/robo_miner_interfaces/srv/detail/field_map_validate__type_support.h
[1.996s] -- Up-to-date symlink: /home/ubuntu/workspace/robotics_v1/install/robo_miner_interfaces/include/robo_miner_interfaces/srv/detail/longest_sequence_validate__functions.h
[1.997s] -- Up-to-date symlink: /home/ubuntu/workspace/robotics_v1/install/robo_miner_interfaces/include/robo_miner_interfaces/srv/detail/longest_sequence_validate__struct.h
[1.997s] -- Up-to-date symlink: /home/ubuntu/workspace/robotics_v1/install/robo_miner_interfaces/include/robo_miner_interfaces/srv/detail/longest_sequence_validate__type_support.h
[1.997s] -- Up-to-date symlink: /home/ubuntu/workspace/robotics_v1/install/robo_miner_interfaces/include/robo_miner_interfaces/srv/detail/query_initial_robot_position__functions.h
[1.998s] -- Up-to-date symlink: /home/ubuntu/workspace/robotics_v1/install/robo_miner_interfaces/include/robo_miner_interfaces/srv/detail/query_initial_robot_position__struct.h
[2.000s] -- Up-to-date symlink: /home/ubuntu/workspace/robotics_v1/install/robo_miner_interfaces/include/robo_miner_interfaces/srv/detail/query_initial_robot_position__type_support.h
[2.001s] -- Up-to-date symlink: /home/ubuntu/workspace/robotics_v1/install/robo_miner_interfaces/include/robo_miner_interfaces/srv/detail/robot_move__functions.h
[2.001s] -- Up-to-date symlink: /home/ubuntu/workspace/robotics_v1/install/robo_miner_interfaces/include/robo_miner_interfaces/srv/detail/robot_move__struct.h
[2.001s] -- Up-to-date symlink: /home/ubuntu/workspace/robotics_v1/install/robo_miner_interfaces/include/robo_miner_interfaces/srv/detail/robot_move__type_support.h
[2.001s] -- Up-to-date symlink: /home/ubuntu/workspace/robotics_v1/install/robo_miner_interfaces/include/robo_miner_interfaces/srv/field_map_validate.h
[2.002s] -- Up-to-date symlink: /home/ubuntu/workspace/robotics_v1/install/robo_miner_interfaces/include/robo_miner_interfaces/srv/longest_sequence_validate.h
[2.002s] -- Up-to-date symlink: /home/ubuntu/workspace/robotics_v1/install/robo_miner_interfaces/include/robo_miner_interfaces/srv/query_initial_robot_position.h
[2.002s] -- Up-to-date symlink: /home/ubuntu/workspace/robotics_v1/install/robo_miner_interfaces/include/robo_miner_interfaces/srv/robot_move.h
[2.003s] -- Up-to-date symlink: /home/ubuntu/workspace/robotics_v1/install/robo_miner_interfaces/share/robo_miner_interfaces/environment/library_path.sh
[2.008s] -- Up-to-date symlink: /home/ubuntu/workspace/robotics_v1/install/robo_miner_interfaces/share/robo_miner_interfaces/environment/library_path.dsv
[2.014s] -- Up-to-date symlink: /home/ubuntu/workspace/robotics_v1/install/robo_miner_interfaces/include/robo_miner_interfaces/msg/detail/field_point__rosidl_typesupport_fastrtps_c.h
[2.015s] -- Up-to-date symlink: /home/ubuntu/workspace/robotics_v1/install/robo_miner_interfaces/include/robo_miner_interfaces/msg/detail/robot_move_type__rosidl_typesupport_fastrtps_c.h
[2.016s] -- Up-to-date symlink: /home/ubuntu/workspace/robotics_v1/install/robo_miner_interfaces/include/robo_miner_interfaces/msg/detail/robot_position_response__rosidl_typesupport_fastrtps_c.h
[2.018s] -- Up-to-date symlink: /home/ubuntu/workspace/robotics_v1/install/robo_miner_interfaces/include/robo_miner_interfaces/msg/detail/u_int8_multi_array__rosidl_typesupport_fastrtps_c.h
[2.020s] -- Up-to-date symlink: /home/ubuntu/workspace/robotics_v1/install/robo_miner_interfaces/include/robo_miner_interfaces/msg/detail/user_authenticate__rosidl_typesupport_fastrtps_c.h
[2.021s] -- Up-to-date symlink: /home/ubuntu/workspace/robotics_v1/install/robo_miner_interfaces/include/robo_miner_interfaces/msg/rosidl_typesupport_fastrtps_c__visibility_control.h
[2.022s] -- Up-to-date symlink: /home/ubuntu/workspace/robotics_v1/install/robo_miner_interfaces/include/robo_miner_interfaces/srv/detail/activate_mining_validate__rosidl_typesupport_fastrtps_c.h
[2.024s] -- Up-to-date symlink: /home/ubuntu/workspace/robotics_v1/install/robo_miner_interfaces/include/robo_miner_interfaces/srv/detail/field_map_validate__rosidl_typesupport_fastrtps_c.h
[2.025s] -- Up-to-date symlink: /home/ubuntu/workspace/robotics_v1/install/robo_miner_interfaces/include/robo_miner_interfaces/srv/detail/longest_sequence_validate__rosidl_typesupport_fastrtps_c.h
[2.026s] -- Up-to-date symlink: /home/ubuntu/workspace/robotics_v1/install/robo_miner_interfaces/include/robo_miner_interfaces/srv/detail/query_initial_robot_position__rosidl_typesupport_fastrtps_c.h
[2.028s] -- Up-to-date symlink: /home/ubuntu/workspace/robotics_v1/install/robo_miner_interfaces/include/robo_miner_interfaces/srv/detail/robot_move__rosidl_typesupport_fastrtps_c.h
[2.030s] -- Up-to-date symlink: /home/ubuntu/workspace/robotics_v1/install/robo_miner_interfaces/lib/librobo_miner_interfaces__rosidl_typesupport_fastrtps_c.so
[2.037s] -- Up-to-date symlink: /home/ubuntu/workspace/robotics_v1/install/robo_miner_interfaces/include/robo_miner_interfaces/msg/detail/field_point__rosidl_typesupport_fastrtps_cpp.hpp
[2.038s] -- Up-to-date symlink: /home/ubuntu/workspace/robotics_v1/install/robo_miner_interfaces/include/robo_miner_interfaces/msg/detail/robot_move_type__rosidl_typesupport_fastrtps_cpp.hpp
[2.040s] -- Up-to-date symlink: /home/ubuntu/workspace/robotics_v1/install/robo_miner_interfaces/include/robo_miner_interfaces/msg/detail/robot_position_response__rosidl_typesupport_fastrtps_cpp.hpp
[2.041s] -- Up-to-date symlink: /home/ubuntu/workspace/robotics_v1/install/robo_miner_interfaces/include/robo_miner_interfaces/msg/detail/u_int8_multi_array__rosidl_typesupport_fastrtps_cpp.hpp
[2.043s] -- Up-to-date symlink: /home/ubuntu/workspace/robotics_v1/install/robo_miner_interfaces/include/robo_miner_interfaces/msg/detail/user_authenticate__rosidl_typesupport_fastrtps_cpp.hpp
[2.044s] -- Up-to-date symlink: /home/ubuntu/workspace/robotics_v1/install/robo_miner_interfaces/include/robo_miner_interfaces/msg/rosidl_typesupport_fastrtps_cpp__visibility_control.h
[2.044s] -- Up-to-date symlink: /home/ubuntu/workspace/robotics_v1/install/robo_miner_interfaces/include/robo_miner_interfaces/srv/detail/activate_mining_validate__rosidl_typesupport_fastrtps_cpp.hpp
[2.045s] -- Up-to-date symlink: /home/ubuntu/workspace/robotics_v1/install/robo_miner_interfaces/include/robo_miner_interfaces/srv/detail/field_map_validate__rosidl_typesupport_fastrtps_cpp.hpp
[2.045s] -- Up-to-date symlink: /home/ubuntu/workspace/robotics_v1/install/robo_miner_interfaces/include/robo_miner_interfaces/srv/detail/longest_sequence_validate__rosidl_typesupport_fastrtps_cpp.hpp
[2.046s] -- Up-to-date symlink: /home/ubuntu/workspace/robotics_v1/install/robo_miner_interfaces/include/robo_miner_interfaces/srv/detail/query_initial_robot_position__rosidl_typesupport_fastrtps_cpp.hpp
[2.046s] -- Up-to-date symlink: /home/ubuntu/workspace/robotics_v1/install/robo_miner_interfaces/include/robo_miner_interfaces/srv/detail/robot_move__rosidl_typesupport_fastrtps_cpp.hpp
[2.048s] -- Up-to-date symlink: /home/ubuntu/workspace/robotics_v1/install/robo_miner_interfaces/lib/librobo_miner_interfaces__rosidl_typesupport_fastrtps_cpp.so
[2.051s] -- Up-to-date symlink: /home/ubuntu/workspace/robotics_v1/install/robo_miner_interfaces/include/robo_miner_interfaces/msg/detail/field_point__rosidl_typesupport_introspection_c.h
[2.051s] -- Up-to-date symlink: /home/ubuntu/workspace/robotics_v1/install/robo_miner_interfaces/include/robo_miner_interfaces/msg/detail/robot_move_type__rosidl_typesupport_introspection_c.h
[2.053s] -- Up-to-date symlink: /home/ubuntu/workspace/robotics_v1/install/robo_miner_interfaces/include/robo_miner_interfaces/msg/detail/robot_position_response__rosidl_typesupport_introspection_c.h
[2.054s] -- Up-to-date symlink: /home/ubuntu/workspace/robotics_v1/install/robo_miner_interfaces/include/robo_miner_interfaces/msg/detail/u_int8_multi_array__rosidl_typesupport_introspection_c.h
[2.056s] -- Up-to-date symlink: /home/ubuntu/workspace/robotics_v1/install/robo_miner_interfaces/include/robo_miner_interfaces/msg/detail/user_authenticate__rosidl_typesupport_introspection_c.h
[2.057s] -- Up-to-date symlink: /home/ubuntu/workspace/robotics_v1/install/robo_miner_interfaces/include/robo_miner_interfaces/msg/rosidl_typesupport_introspection_c__visibility_control.h
[2.058s] -- Up-to-date symlink: /home/ubuntu/workspace/robotics_v1/install/robo_miner_interfaces/include/robo_miner_interfaces/srv/detail/activate_mining_validate__rosidl_typesupport_introspection_c.h
[2.059s] -- Up-to-date symlink: /home/ubuntu/workspace/robotics_v1/install/robo_miner_interfaces/include/robo_miner_interfaces/srv/detail/field_map_validate__rosidl_typesupport_introspection_c.h
[2.060s] -- Up-to-date symlink: /home/ubuntu/workspace/robotics_v1/install/robo_miner_interfaces/include/robo_miner_interfaces/srv/detail/longest_sequence_validate__rosidl_typesupport_introspection_c.h
[2.062s] -- Up-to-date symlink: /home/ubuntu/workspace/robotics_v1/install/robo_miner_interfaces/include/robo_miner_interfaces/srv/detail/query_initial_robot_position__rosidl_typesupport_introspection_c.h
[2.063s] -- Up-to-date symlink: /home/ubuntu/workspace/robotics_v1/install/robo_miner_interfaces/include/robo_miner_interfaces/srv/detail/robot_move__rosidl_typesupport_introspection_c.h
[2.069s] -- Up-to-date symlink: /home/ubuntu/workspace/robotics_v1/install/robo_miner_interfaces/include/robo_miner_interfaces/msg/detail/field_point__builder.hpp
[2.069s] -- Up-to-date symlink: /home/ubuntu/workspace/robotics_v1/install/robo_miner_interfaces/include/robo_miner_interfaces/msg/detail/field_point__struct.hpp
[2.070s] -- Up-to-date symlink: /home/ubuntu/workspace/robotics_v1/install/robo_miner_interfaces/include/robo_miner_interfaces/msg/detail/field_point__traits.hpp
[2.071s] -- Up-to-date symlink: /home/ubuntu/workspace/robotics_v1/install/robo_miner_interfaces/include/robo_miner_interfaces/msg/detail/robot_move_type__builder.hpp
[2.071s] -- Up-to-date symlink: /home/ubuntu/workspace/robotics_v1/install/robo_miner_interfaces/include/robo_miner_interfaces/msg/detail/robot_move_type__struct.hpp
[2.072s] -- Up-to-date symlink: /home/ubuntu/workspace/robotics_v1/install/robo_miner_interfaces/include/robo_miner_interfaces/msg/detail/robot_move_type__traits.hpp
[2.073s] -- Up-to-date symlink: /home/ubuntu/workspace/robotics_v1/install/robo_miner_interfaces/include/robo_miner_interfaces/msg/detail/robot_position_response__builder.hpp
[2.074s] -- Up-to-date symlink: /home/ubuntu/workspace/robotics_v1/install/robo_miner_interfaces/include/robo_miner_interfaces/msg/detail/robot_position_response__struct.hpp
[2.074s] -- Up-to-date symlink: /home/ubuntu/workspace/robotics_v1/install/robo_miner_interfaces/include/robo_miner_interfaces/msg/detail/robot_position_response__traits.hpp
[2.075s] -- Up-to-date symlink: /home/ubuntu/workspace/robotics_v1/install/robo_miner_interfaces/include/robo_miner_interfaces/msg/detail/u_int8_multi_array__builder.hpp
[2.076s] -- Up-to-date symlink: /home/ubuntu/workspace/robotics_v1/install/robo_miner_interfaces/include/robo_miner_interfaces/msg/detail/u_int8_multi_array__struct.hpp
[2.077s] -- Up-to-date symlink: /home/ubuntu/workspace/robotics_v1/install/robo_miner_interfaces/include/robo_miner_interfaces/msg/detail/u_int8_multi_array__traits.hpp
[2.078s] -- Up-to-date symlink: /home/ubuntu/workspace/robotics_v1/install/robo_miner_interfaces/include/robo_miner_interfaces/msg/detail/user_authenticate__builder.hpp
[2.078s] -- Up-to-date symlink: /home/ubuntu/workspace/robotics_v1/install/robo_miner_interfaces/include/robo_miner_interfaces/msg/detail/user_authenticate__struct.hpp
[2.079s] -- Up-to-date symlink: /home/ubuntu/workspace/robotics_v1/install/robo_miner_interfaces/include/robo_miner_interfaces/msg/detail/user_authenticate__traits.hpp
[2.080s] -- Up-to-date symlink: /home/ubuntu/workspace/robotics_v1/install/robo_miner_interfaces/include/robo_miner_interfaces/msg/field_point.hpp
[2.081s] -- Up-to-date symlink: /home/ubuntu/workspace/robotics_v1/install/robo_miner_interfaces/include/robo_miner_interfaces/msg/robot_move_type.hpp
[2.081s] -- Up-to-date symlink: /home/ubuntu/workspace/robotics_v1/install/robo_miner_interfaces/include/robo_miner_interfaces/msg/robot_position_response.hpp
[2.085s] -- Up-to-date symlink: /home/ubuntu/workspace/robotics_v1/install/robo_miner_interfaces/include/robo_miner_interfaces/msg/u_int8_multi_array.hpp
[2.085s] -- Up-to-date symlink: /home/ubuntu/workspace/robotics_v1/install/robo_miner_interfaces/include/robo_miner_interfaces/msg/user_authenticate.hpp
[2.086s] -- Up-to-date symlink: /home/ubuntu/workspace/robotics_v1/install/robo_miner_interfaces/include/robo_miner_interfaces/srv/activate_mining_validate.hpp
[2.086s] -- Up-to-date symlink: /home/ubuntu/workspace/robotics_v1/install/robo_miner_interfaces/include/robo_miner_interfaces/srv/detail/activate_mining_validate__builder.hpp
[2.086s] -- Up-to-date symlink: /home/ubuntu/workspace/robotics_v1/install/robo_miner_interfaces/include/robo_miner_interfaces/srv/detail/activate_mining_validate__struct.hpp
[2.086s] -- Up-to-date symlink: /home/ubuntu/workspace/robotics_v1/install/robo_miner_interfaces/include/robo_miner_interfaces/srv/detail/activate_mining_validate__traits.hpp
[2.086s] -- Up-to-date symlink: /home/ubuntu/workspace/robotics_v1/install/robo_miner_interfaces/include/robo_miner_interfaces/srv/detail/field_map_validate__builder.hpp
[2.086s] -- Up-to-date symlink: /home/ubuntu/workspace/robotics_v1/install/robo_miner_interfaces/include/robo_miner_interfaces/srv/detail/field_map_validate__struct.hpp
[2.086s] -- Up-to-date symlink: /home/ubuntu/workspace/robotics_v1/install/robo_miner_interfaces/include/robo_miner_interfaces/srv/detail/field_map_validate__traits.hpp
[2.086s] -- Up-to-date symlink: /home/ubuntu/workspace/robotics_v1/install/robo_miner_interfaces/include/robo_miner_interfaces/srv/detail/longest_sequence_validate__builder.hpp
[2.086s] -- Up-to-date symlink: /home/ubuntu/workspace/robotics_v1/install/robo_miner_interfaces/include/robo_miner_interfaces/srv/detail/longest_sequence_validate__struct.hpp
[2.086s] -- Up-to-date symlink: /home/ubuntu/workspace/robotics_v1/install/robo_miner_interfaces/include/robo_miner_interfaces/srv/detail/longest_sequence_validate__traits.hpp
[2.086s] -- Up-to-date symlink: /home/ubuntu/workspace/robotics_v1/install/robo_miner_interfaces/include/robo_miner_interfaces/srv/detail/query_initial_robot_position__builder.hpp
[2.086s] -- Up-to-date symlink: /home/ubuntu/workspace/robotics_v1/install/robo_miner_interfaces/include/robo_miner_interfaces/srv/detail/query_initial_robot_position__struct.hpp
[2.086s] -- Up-to-date symlink: /home/ubuntu/workspace/robotics_v1/install/robo_miner_interfaces/include/robo_miner_interfaces/srv/detail/query_initial_robot_position__traits.hpp
[2.086s] -- Up-to-date symlink: /home/ubuntu/workspace/robotics_v1/install/robo_miner_interfaces/include/robo_miner_interfaces/srv/detail/robot_move__builder.hpp
[2.090s] -- Up-to-date symlink: /home/ubuntu/workspace/robotics_v1/install/robo_miner_interfaces/include/robo_miner_interfaces/srv/detail/robot_move__struct.hpp
[2.090s] -- Up-to-date symlink: /home/ubuntu/workspace/robotics_v1/install/robo_miner_interfaces/include/robo_miner_interfaces/srv/detail/robot_move__traits.hpp
[2.091s] -- Up-to-date symlink: /home/ubuntu/workspace/robotics_v1/install/robo_miner_interfaces/include/robo_miner_interfaces/srv/field_map_validate.hpp
[2.091s] -- Up-to-date symlink: /home/ubuntu/workspace/robotics_v1/install/robo_miner_interfaces/include/robo_miner_interfaces/srv/longest_sequence_validate.hpp
[2.091s] -- Up-to-date symlink: /home/ubuntu/workspace/robotics_v1/install/robo_miner_interfaces/include/robo_miner_interfaces/srv/query_initial_robot_position.hpp
[2.091s] -- Up-to-date symlink: /home/ubuntu/workspace/robotics_v1/install/robo_miner_interfaces/include/robo_miner_interfaces/srv/robot_move.hpp
[2.091s] -- Up-to-date symlink: /home/ubuntu/workspace/robotics_v1/install/robo_miner_interfaces/include/robo_miner_interfaces/msg/detail/field_point__rosidl_typesupport_introspection_cpp.hpp
[2.091s] -- Up-to-date symlink: /home/ubuntu/workspace/robotics_v1/install/robo_miner_interfaces/include/robo_miner_interfaces/msg/detail/robot_move_type__rosidl_typesupport_introspection_cpp.hpp
[2.091s] -- Up-to-date symlink: /home/ubuntu/workspace/robotics_v1/install/robo_miner_interfaces/include/robo_miner_interfaces/msg/detail/robot_position_response__rosidl_typesupport_introspection_cpp.hpp
[2.092s] -- Up-to-date symlink: /home/ubuntu/workspace/robotics_v1/install/robo_miner_interfaces/include/robo_miner_interfaces/msg/detail/u_int8_multi_array__rosidl_typesupport_introspection_cpp.hpp
[2.092s] -- Up-to-date symlink: /home/ubuntu/workspace/robotics_v1/install/robo_miner_interfaces/include/robo_miner_interfaces/msg/detail/user_authenticate__rosidl_typesupport_introspection_cpp.hpp
[2.092s] -- Up-to-date symlink: /home/ubuntu/workspace/robotics_v1/install/robo_miner_interfaces/include/robo_miner_interfaces/srv/detail/activate_mining_validate__rosidl_typesupport_introspection_cpp.hpp
[2.092s] -- Up-to-date symlink: /home/ubuntu/workspace/robotics_v1/install/robo_miner_interfaces/include/robo_miner_interfaces/srv/detail/field_map_validate__rosidl_typesupport_introspection_cpp.hpp
[2.092s] -- Up-to-date symlink: /home/ubuntu/workspace/robotics_v1/install/robo_miner_interfaces/include/robo_miner_interfaces/srv/detail/longest_sequence_validate__rosidl_typesupport_introspection_cpp.hpp
[2.093s] -- Up-to-date symlink: /home/ubuntu/workspace/robotics_v1/install/robo_miner_interfaces/include/robo_miner_interfaces/srv/detail/query_initial_robot_position__rosidl_typesupport_introspection_cpp.hpp
[2.093s] -- Up-to-date symlink: /home/ubuntu/workspace/robotics_v1/install/robo_miner_interfaces/include/robo_miner_interfaces/srv/detail/robot_move__rosidl_typesupport_introspection_cpp.hpp
[2.094s] -- Up-to-date symlink: /home/ubuntu/workspace/robotics_v1/install/robo_miner_interfaces/share/robo_miner_interfaces/environment/pythonpath.sh
[2.095s] -- Up-to-date symlink: /home/ubuntu/workspace/robotics_v1/install/robo_miner_interfaces/share/robo_miner_interfaces/environment/pythonpath.dsv
[2.095s] -- Up-to-date symlink: /home/ubuntu/workspace/robotics_v1/install/robo_miner_interfaces/lib/python3.8/site-packages/robo_miner_interfaces/__init__.py
[2.096s] -- Up-to-date symlink: /home/ubuntu/workspace/robotics_v1/install/robo_miner_interfaces/lib/python3.8/site-packages/robo_miner_interfaces/msg/__init__.py
[2.096s] -- Up-to-date symlink: /home/ubuntu/workspace/robotics_v1/install/robo_miner_interfaces/lib/python3.8/site-packages/robo_miner_interfaces/msg/_field_point.py
[2.096s] -- Up-to-date symlink: /home/ubuntu/workspace/robotics_v1/install/robo_miner_interfaces/lib/python3.8/site-packages/robo_miner_interfaces/msg/_robot_move_type.py
[2.096s] -- Up-to-date symlink: /home/ubuntu/workspace/robotics_v1/install/robo_miner_interfaces/lib/python3.8/site-packages/robo_miner_interfaces/msg/_robot_position_response.py
[2.097s] -- Up-to-date symlink: /home/ubuntu/workspace/robotics_v1/install/robo_miner_interfaces/lib/python3.8/site-packages/robo_miner_interfaces/msg/_u_int8_multi_array.py
[2.097s] -- Up-to-date symlink: /home/ubuntu/workspace/robotics_v1/install/robo_miner_interfaces/lib/python3.8/site-packages/robo_miner_interfaces/msg/_user_authenticate.py
[2.097s] -- Up-to-date symlink: /home/ubuntu/workspace/robotics_v1/install/robo_miner_interfaces/lib/python3.8/site-packages/robo_miner_interfaces/srv/__init__.py
[2.098s] -- Up-to-date symlink: /home/ubuntu/workspace/robotics_v1/install/robo_miner_interfaces/lib/python3.8/site-packages/robo_miner_interfaces/srv/_activate_mining_validate.py
[2.098s] -- Up-to-date symlink: /home/ubuntu/workspace/robotics_v1/install/robo_miner_interfaces/lib/python3.8/site-packages/robo_miner_interfaces/srv/_field_map_validate.py
[2.098s] -- Up-to-date symlink: /home/ubuntu/workspace/robotics_v1/install/robo_miner_interfaces/lib/python3.8/site-packages/robo_miner_interfaces/srv/_longest_sequence_validate.py
[2.098s] -- Up-to-date symlink: /home/ubuntu/workspace/robotics_v1/install/robo_miner_interfaces/lib/python3.8/site-packages/robo_miner_interfaces/srv/_query_initial_robot_position.py
[2.099s] -- Up-to-date symlink: /home/ubuntu/workspace/robotics_v1/install/robo_miner_interfaces/lib/python3.8/site-packages/robo_miner_interfaces/srv/_robot_move.py
[2.100s] -- Up-to-date symlink: /home/ubuntu/workspace/robotics_v1/install/robo_miner_interfaces/lib/python3.8/site-packages/robo_miner_interfaces/robo_miner_interfaces_s__rosidl_typesupport_fastrtps_c.cpython-38-x86_64-linux-gnu.so
[2.101s] -- Up-to-date symlink: /home/ubuntu/workspace/robotics_v1/install/robo_miner_interfaces/lib/python3.8/site-packages/robo_miner_interfaces/robo_miner_interfaces_s__rosidl_typesupport_introspection_c.cpython-38-x86_64-linux-gnu.so
[2.103s] -- Up-to-date symlink: /home/ubuntu/workspace/robotics_v1/install/robo_miner_interfaces/lib/python3.8/site-packages/robo_miner_interfaces/robo_miner_interfaces_s__rosidl_typesupport_c.cpython-38-x86_64-linux-gnu.so
[2.104s] -- Up-to-date symlink: /home/ubuntu/workspace/robotics_v1/install/robo_miner_interfaces/lib/librobo_miner_interfaces__python.so
[2.105s] -- Up-to-date symlink: /home/ubuntu/workspace/robotics_v1/install/robo_miner_interfaces/share/robo_miner_interfaces/msg/FieldPoint.idl
[2.106s] -- Up-to-date symlink: /home/ubuntu/workspace/robotics_v1/install/robo_miner_interfaces/share/robo_miner_interfaces/msg/RobotPositionResponse.idl
[2.107s] -- Up-to-date symlink: /home/ubuntu/workspace/robotics_v1/install/robo_miner_interfaces/share/robo_miner_interfaces/msg/UInt8MultiArray.idl
[2.107s] -- Up-to-date symlink: /home/ubuntu/workspace/robotics_v1/install/robo_miner_interfaces/share/robo_miner_interfaces/msg/RobotMoveType.idl
[2.108s] -- Up-to-date symlink: /home/ubuntu/workspace/robotics_v1/install/robo_miner_interfaces/share/robo_miner_interfaces/msg/UserAuthenticate.idl
[2.109s] -- Up-to-date symlink: /home/ubuntu/workspace/robotics_v1/install/robo_miner_interfaces/share/robo_miner_interfaces/srv/ActivateMiningValidate.idl
[2.109s] -- Up-to-date symlink: /home/ubuntu/workspace/robotics_v1/install/robo_miner_interfaces/share/robo_miner_interfaces/srv/RobotMove.idl
[2.110s] -- Up-to-date symlink: /home/ubuntu/workspace/robotics_v1/install/robo_miner_interfaces/share/robo_miner_interfaces/srv/LongestSequenceValidate.idl
[2.111s] -- Up-to-date symlink: /home/ubuntu/workspace/robotics_v1/install/robo_miner_interfaces/share/robo_miner_interfaces/srv/FieldMapValidate.idl
[2.111s] -- Up-to-date symlink: /home/ubuntu/workspace/robotics_v1/install/robo_miner_interfaces/share/robo_miner_interfaces/srv/QueryInitialRobotPosition.idl
[2.112s] -- Up-to-date symlink: /home/ubuntu/workspace/robotics_v1/install/robo_miner_interfaces/share/robo_miner_interfaces/msg/FieldPoint.msg
[2.113s] -- Up-to-date symlink: /home/ubuntu/workspace/robotics_v1/install/robo_miner_interfaces/share/robo_miner_interfaces/msg/RobotPositionResponse.msg
[2.113s] -- Up-to-date symlink: /home/ubuntu/workspace/robotics_v1/install/robo_miner_interfaces/share/robo_miner_interfaces/msg/UInt8MultiArray.msg
[2.114s] -- Up-to-date symlink: /home/ubuntu/workspace/robotics_v1/install/robo_miner_interfaces/share/robo_miner_interfaces/msg/RobotMoveType.msg
[2.114s] -- Up-to-date symlink: /home/ubuntu/workspace/robotics_v1/install/robo_miner_interfaces/share/robo_miner_interfaces/msg/UserAuthenticate.msg
[2.115s] -- Up-to-date symlink: /home/ubuntu/workspace/robotics_v1/install/robo_miner_interfaces/share/robo_miner_interfaces/srv/ActivateMiningValidate.srv
[2.116s] -- Up-to-date symlink: /home/ubuntu/workspace/robotics_v1/install/robo_miner_interfaces/share/robo_miner_interfaces/srv/ActivateMiningValidate_Request.msg
[2.117s] -- Up-to-date symlink: /home/ubuntu/workspace/robotics_v1/install/robo_miner_interfaces/share/robo_miner_interfaces/srv/ActivateMiningValidate_Response.msg
[2.117s] -- Up-to-date symlink: /home/ubuntu/workspace/robotics_v1/install/robo_miner_interfaces/share/robo_miner_interfaces/srv/RobotMove.srv
[2.118s] -- Up-to-date symlink: /home/ubuntu/workspace/robotics_v1/install/robo_miner_interfaces/share/robo_miner_interfaces/srv/RobotMove_Request.msg
[2.118s] -- Up-to-date symlink: /home/ubuntu/workspace/robotics_v1/install/robo_miner_interfaces/share/robo_miner_interfaces/srv/RobotMove_Response.msg
[2.119s] -- Up-to-date symlink: /home/ubuntu/workspace/robotics_v1/install/robo_miner_interfaces/share/robo_miner_interfaces/srv/LongestSequenceValidate.srv
[2.119s] -- Up-to-date symlink: /home/ubuntu/workspace/robotics_v1/install/robo_miner_interfaces/share/robo_miner_interfaces/srv/LongestSequenceValidate_Request.msg
[2.120s] -- Up-to-date symlink: /home/ubuntu/workspace/robotics_v1/install/robo_miner_interfaces/share/robo_miner_interfaces/srv/LongestSequenceValidate_Response.msg
[2.120s] -- Up-to-date symlink: /home/ubuntu/workspace/robotics_v1/install/robo_miner_interfaces/share/robo_miner_interfaces/srv/FieldMapValidate.srv
[2.121s] -- Up-to-date symlink: /home/ubuntu/workspace/robotics_v1/install/robo_miner_interfaces/share/robo_miner_interfaces/srv/FieldMapValidate_Request.msg
[2.121s] -- Up-to-date symlink: /home/ubuntu/workspace/robotics_v1/install/robo_miner_interfaces/share/robo_miner_interfaces/srv/FieldMapValidate_Response.msg
[2.122s] -- Up-to-date symlink: /home/ubuntu/workspace/robotics_v1/install/robo_miner_interfaces/share/robo_miner_interfaces/srv/QueryInitialRobotPosition.srv
[2.122s] -- Up-to-date symlink: /home/ubuntu/workspace/robotics_v1/install/robo_miner_interfaces/share/robo_miner_interfaces/srv/QueryInitialRobotPosition_Request.msg
[2.123s] -- Up-to-date symlink: /home/ubuntu/workspace/robotics_v1/install/robo_miner_interfaces/share/robo_miner_interfaces/srv/QueryInitialRobotPosition_Response.msg
[2.124s] -- Up-to-date symlink: /home/ubuntu/workspace/robotics_v1/install/robo_miner_interfaces/share/ament_index/resource_index/package_run_dependencies/robo_miner_interfaces
[2.124s] -- Up-to-date symlink: /home/ubuntu/workspace/robotics_v1/install/robo_miner_interfaces/share/ament_index/resource_index/parent_prefix_path/robo_miner_interfaces
[2.125s] -- Up-to-date symlink: /home/ubuntu/workspace/robotics_v1/install/robo_miner_interfaces/share/robo_miner_interfaces/environment/ament_prefix_path.sh
[2.125s] -- Up-to-date symlink: /home/ubuntu/workspace/robotics_v1/install/robo_miner_interfaces/share/robo_miner_interfaces/environment/ament_prefix_path.dsv
[2.126s] -- Up-to-date symlink: /home/ubuntu/workspace/robotics_v1/install/robo_miner_interfaces/share/robo_miner_interfaces/environment/path.sh
[2.127s] -- Up-to-date symlink: /home/ubuntu/workspace/robotics_v1/install/robo_miner_interfaces/share/robo_miner_interfaces/environment/path.dsv
[2.127s] -- Up-to-date symlink: /home/ubuntu/workspace/robotics_v1/install/robo_miner_interfaces/share/robo_miner_interfaces/local_setup.bash
[2.128s] -- Up-to-date symlink: /home/ubuntu/workspace/robotics_v1/install/robo_miner_interfaces/share/robo_miner_interfaces/local_setup.sh
[2.128s] -- Up-to-date symlink: /home/ubuntu/workspace/robotics_v1/install/robo_miner_interfaces/share/robo_miner_interfaces/local_setup.zsh
[2.129s] -- Up-to-date symlink: /home/ubuntu/workspace/robotics_v1/install/robo_miner_interfaces/share/robo_miner_interfaces/local_setup.dsv
[2.129s] -- Symlinking: /home/ubuntu/workspace/robotics_v1/install/robo_miner_interfaces/share/robo_miner_interfaces/package.dsv
[2.144s] -- Up-to-date symlink: /home/ubuntu/workspace/robotics_v1/install/robo_miner_interfaces/share/ament_index/resource_index/packages/robo_miner_interfaces
[2.144s] -- Up-to-date symlink: /home/ubuntu/workspace/robotics_v1/install/robo_miner_interfaces/share/robo_miner_interfaces/cmake/rosidl_cmake-extras.cmake
[2.144s] -- Up-to-date symlink: /home/ubuntu/workspace/robotics_v1/install/robo_miner_interfaces/share/robo_miner_interfaces/cmake/ament_cmake_export_dependencies-extras.cmake
[2.145s] -- Up-to-date symlink: /home/ubuntu/workspace/robotics_v1/install/robo_miner_interfaces/share/robo_miner_interfaces/cmake/ament_cmake_export_libraries-extras.cmake
[2.145s] -- Up-to-date symlink: /home/ubuntu/workspace/robotics_v1/install/robo_miner_interfaces/share/robo_miner_interfaces/cmake/ament_cmake_export_targets-extras.cmake
[2.145s] -- Up-to-date symlink: /home/ubuntu/workspace/robotics_v1/install/robo_miner_interfaces/share/robo_miner_interfaces/cmake/ament_cmake_export_include_directories-extras.cmake
[2.145s] -- Up-to-date symlink: /home/ubuntu/workspace/robotics_v1/install/robo_miner_interfaces/share/robo_miner_interfaces/cmake/rosidl_cmake_export_typesupport_libraries-extras.cmake
[2.146s] -- Up-to-date symlink: /home/ubuntu/workspace/robotics_v1/install/robo_miner_interfaces/share/robo_miner_interfaces/cmake/rosidl_cmake_export_typesupport_targets-extras.cmake
[2.146s] -- Up-to-date symlink: /home/ubuntu/workspace/robotics_v1/install/robo_miner_interfaces/share/robo_miner_interfaces/cmake/robo_miner_interfacesConfig.cmake
[2.146s] -- Up-to-date symlink: /home/ubuntu/workspace/robotics_v1/install/robo_miner_interfaces/share/robo_miner_interfaces/cmake/robo_miner_interfacesConfig-version.cmake
[2.147s] -- Up-to-date symlink: /home/ubuntu/workspace/robotics_v1/install/robo_miner_interfaces/share/robo_miner_interfaces/package.xml
[2.150s] -- Up-to-date: /home/ubuntu/workspace/robotics_v1/install/robo_miner_interfaces/lib/librobo_miner_interfaces__rosidl_generator_c.so
[2.151s] -- Up-to-date: /home/ubuntu/workspace/robotics_v1/install/robo_miner_interfaces/lib/librobo_miner_interfaces__rosidl_typesupport_introspection_c.so
[2.152s] -- Up-to-date: /home/ubuntu/workspace/robotics_v1/install/robo_miner_interfaces/lib/librobo_miner_interfaces__rosidl_typesupport_c.so
[2.153s] -- Up-to-date: /home/ubuntu/workspace/robotics_v1/install/robo_miner_interfaces/lib/librobo_miner_interfaces__rosidl_typesupport_introspection_cpp.so
[2.155s] -- Up-to-date: /home/ubuntu/workspace/robotics_v1/install/robo_miner_interfaces/lib/librobo_miner_interfaces__rosidl_typesupport_cpp.so
[2.213s] -- Up-to-date: /home/ubuntu/workspace/robotics_v1/install/robo_miner_interfaces/share/robo_miner_interfaces/cmake/robo_miner_interfaces__rosidl_generator_cExport.cmake
[2.213s] -- Up-to-date: /home/ubuntu/workspace/robotics_v1/install/robo_miner_interfaces/share/robo_miner_interfaces/cmake/robo_miner_interfaces__rosidl_generator_cExport-debug.cmake
[2.214s] -- Up-to-date: /home/ubuntu/workspace/robotics_v1/install/robo_miner_interfaces/share/robo_miner_interfaces/cmake/robo_miner_interfaces__rosidl_typesupport_introspection_cExport.cmake
[2.214s] -- Up-to-date: /home/ubuntu/workspace/robotics_v1/install/robo_miner_interfaces/share/robo_miner_interfaces/cmake/robo_miner_interfaces__rosidl_typesupport_introspection_cExport-debug.cmake
[2.215s] -- Up-to-date: /home/ubuntu/workspace/robotics_v1/install/robo_miner_interfaces/share/robo_miner_interfaces/cmake/robo_miner_interfaces__rosidl_typesupport_cExport.cmake
[2.215s] -- Up-to-date: /home/ubuntu/workspace/robotics_v1/install/robo_miner_interfaces/share/robo_miner_interfaces/cmake/robo_miner_interfaces__rosidl_typesupport_cExport-debug.cmake
[2.216s] -- Up-to-date: /home/ubuntu/workspace/robotics_v1/install/robo_miner_interfaces/share/robo_miner_interfaces/cmake/robo_miner_interfaces__rosidl_generator_cppExport.cmake
[2.217s] -- Up-to-date: /home/ubuntu/workspace/robotics_v1/install/robo_miner_interfaces/share/robo_miner_interfaces/cmake/robo_miner_interfaces__rosidl_typesupport_introspection_cppExport.cmake
[2.217s] -- Up-to-date: /home/ubuntu/workspace/robotics_v1/install/robo_miner_interfaces/share/robo_miner_interfaces/cmake/robo_miner_interfaces__rosidl_typesupport_introspection_cppExport-debug.cmake
[2.218s] -- Up-to-date: /home/ubuntu/workspace/robotics_v1/install/robo_miner_interfaces/share/robo_miner_interfaces/cmake/robo_miner_interfaces__rosidl_typesupport_cppExport.cmake
[2.218s] -- Up-to-date: /home/ubuntu/workspace/robotics_v1/install/robo_miner_interfaces/share/robo_miner_interfaces/cmake/robo_miner_interfaces__rosidl_typesupport_cppExport-debug.cmake
[2.224s] Invoked command in '/home/ubuntu/workspace/robotics_v1/build/robo_miner_interfaces' returned '0': CMAKE_PREFIX_PATH=/opt/ros/foxy /usr/bin/cmake --install /home/ubuntu/workspace/robotics_v1/build/robo_miner_interfaces
