[0.043s] Invoking command in '/home/ubuntu/workspace/robotics_v1/build/robo_cleaner_interfaces': CMAKE_PREFIX_PATH=/opt/ros/foxy /usr/bin/cmake --build /home/ubuntu/workspace/robotics_v1/build/robo_cleaner_interfaces -- -j4 -l4
[0.168s] [  1%] Built target robo_cleaner_interfaces__cpp
[0.172s] [ 12%] Built target robo_cleaner_interfaces__rosidl_generator_c
[0.227s] [ 24%] Built target robo_cleaner_interfaces__rosidl_typesupport_fastrtps_cpp
[0.230s] [ 35%] Built target robo_cleaner_interfaces__rosidl_typesupport_introspection_c
[0.265s] [ 47%] Built target robo_cleaner_interfaces__rosidl_typesupport_cpp
[0.270s] [ 58%] Built target robo_cleaner_interfaces__rosidl_typesupport_introspection_cpp
[0.309s] [ 70%] Built target robo_cleaner_interfaces__rosidl_typesupport_c
[0.342s] [ 81%] Built target robo_cleaner_interfaces__rosidl_typesupport_fastrtps_c
[0.417s] [ 81%] Built target robo_cleaner_interfaces
[0.461s] [ 82%] Built target robo_cleaner_interfaces__py
[0.505s] [ 93%] Built target robo_cleaner_interfaces__python
[0.569s] [ 95%] Built target robo_cleaner_interfaces__rosidl_typesupport_fastrtps_c__pyext
[0.579s] [ 97%] Built target robo_cleaner_interfaces__rosidl_typesupport_introspection_c__pyext
[0.597s] [100%] Built target robo_cleaner_interfaces__rosidl_typesupport_c__pyext
[0.619s] Invoked command in '/home/ubuntu/workspace/robotics_v1/build/robo_cleaner_interfaces' returned '0': CMAKE_PREFIX_PATH=/opt/ros/foxy /usr/bin/cmake --build /home/ubuntu/workspace/robotics_v1/build/robo_cleaner_interfaces -- -j4 -l4
[1.005s] Invoking command in '/home/ubuntu/workspace/robotics_v1/build/robo_cleaner_interfaces': CMAKE_PREFIX_PATH=/opt/ros/foxy /usr/bin/cmake --install /home/ubuntu/workspace/robotics_v1/build/robo_cleaner_interfaces
[1.066s] -- Install configuration: "Debug"
[1.068s] -- Execute custom install script
[1.070s] -- Up-to-date symlink: /home/ubuntu/workspace/robotics_v1/install/robo_cleaner_interfaces/share/ament_index/resource_index/rosidl_interfaces/robo_cleaner_interfaces
[1.079s] -- Up-to-date symlink: /home/ubuntu/workspace/robotics_v1/install/robo_cleaner_interfaces/include/robo_cleaner_interfaces/action/detail/robot_move__functions.h
[1.080s] -- Up-to-date symlink: /home/ubuntu/workspace/robotics_v1/install/robo_cleaner_interfaces/include/robo_cleaner_interfaces/action/detail/robot_move__struct.h
[1.083s] -- Up-to-date symlink: /home/ubuntu/workspace/robotics_v1/install/robo_cleaner_interfaces/include/robo_cleaner_interfaces/action/detail/robot_move__type_support.h
[1.083s] -- Up-to-date symlink: /home/ubuntu/workspace/robotics_v1/install/robo_cleaner_interfaces/include/robo_cleaner_interfaces/action/robot_move.h
[1.085s] -- Up-to-date symlink: /home/ubuntu/workspace/robotics_v1/install/robo_cleaner_interfaces/include/robo_cleaner_interfaces/msg/battery_status.h
[1.086s] -- Up-to-date symlink: /home/ubuntu/workspace/robotics_v1/install/robo_cleaner_interfaces/include/robo_cleaner_interfaces/msg/detail/battery_status__functions.h
[1.088s] -- Up-to-date symlink: /home/ubuntu/workspace/robotics_v1/install/robo_cleaner_interfaces/include/robo_cleaner_interfaces/msg/detail/battery_status__struct.h
[1.090s] -- Up-to-date symlink: /home/ubuntu/workspace/robotics_v1/install/robo_cleaner_interfaces/include/robo_cleaner_interfaces/msg/detail/battery_status__type_support.h
[1.091s] -- Up-to-date symlink: /home/ubuntu/workspace/robotics_v1/install/robo_cleaner_interfaces/include/robo_cleaner_interfaces/msg/detail/initial_robot_state__functions.h
[1.093s] -- Up-to-date symlink: /home/ubuntu/workspace/robotics_v1/install/robo_cleaner_interfaces/include/robo_cleaner_interfaces/msg/detail/initial_robot_state__struct.h
[1.094s] -- Up-to-date symlink: /home/ubuntu/workspace/robotics_v1/install/robo_cleaner_interfaces/include/robo_cleaner_interfaces/msg/detail/initial_robot_state__type_support.h
[1.095s] -- Up-to-date symlink: /home/ubuntu/workspace/robotics_v1/install/robo_cleaner_interfaces/include/robo_cleaner_interfaces/msg/detail/robot_move_type__functions.h
[1.095s] -- Up-to-date symlink: /home/ubuntu/workspace/robotics_v1/install/robo_cleaner_interfaces/include/robo_cleaner_interfaces/msg/detail/robot_move_type__struct.h
[1.097s] -- Up-to-date symlink: /home/ubuntu/workspace/robotics_v1/install/robo_cleaner_interfaces/include/robo_cleaner_interfaces/msg/detail/robot_move_type__type_support.h
[1.098s] -- Up-to-date symlink: /home/ubuntu/workspace/robotics_v1/install/robo_cleaner_interfaces/include/robo_cleaner_interfaces/msg/detail/user_authenticate__functions.h
[1.099s] -- Up-to-date symlink: /home/ubuntu/workspace/robotics_v1/install/robo_cleaner_interfaces/include/robo_cleaner_interfaces/msg/detail/user_authenticate__struct.h
[1.100s] -- Up-to-date symlink: /home/ubuntu/workspace/robotics_v1/install/robo_cleaner_interfaces/include/robo_cleaner_interfaces/msg/detail/user_authenticate__type_support.h
[1.103s] -- Up-to-date symlink: /home/ubuntu/workspace/robotics_v1/install/robo_cleaner_interfaces/include/robo_cleaner_interfaces/msg/initial_robot_state.h
[1.103s] -- Up-to-date symlink: /home/ubuntu/workspace/robotics_v1/install/robo_cleaner_interfaces/include/robo_cleaner_interfaces/msg/robot_move_type.h
[1.115s] -- Up-to-date symlink: /home/ubuntu/workspace/robotics_v1/install/robo_cleaner_interfaces/include/robo_cleaner_interfaces/msg/rosidl_generator_c__visibility_control.h
[1.116s] -- Up-to-date symlink: /home/ubuntu/workspace/robotics_v1/install/robo_cleaner_interfaces/include/robo_cleaner_interfaces/msg/user_authenticate.h
[1.117s] -- Up-to-date symlink: /home/ubuntu/workspace/robotics_v1/install/robo_cleaner_interfaces/include/robo_cleaner_interfaces/srv/charge_battery.h
[1.118s] -- Up-to-date symlink: /home/ubuntu/workspace/robotics_v1/install/robo_cleaner_interfaces/include/robo_cleaner_interfaces/srv/detail/charge_battery__functions.h
[1.118s] -- Up-to-date symlink: /home/ubuntu/workspace/robotics_v1/install/robo_cleaner_interfaces/include/robo_cleaner_interfaces/srv/detail/charge_battery__struct.h
[1.119s] -- Up-to-date symlink: /home/ubuntu/workspace/robotics_v1/install/robo_cleaner_interfaces/include/robo_cleaner_interfaces/srv/detail/charge_battery__type_support.h
[1.120s] -- Up-to-date symlink: /home/ubuntu/workspace/robotics_v1/install/robo_cleaner_interfaces/include/robo_cleaner_interfaces/srv/detail/query_battery_status__functions.h
[1.121s] -- Up-to-date symlink: /home/ubuntu/workspace/robotics_v1/install/robo_cleaner_interfaces/include/robo_cleaner_interfaces/srv/detail/query_battery_status__struct.h
[1.122s] -- Up-to-date symlink: /home/ubuntu/workspace/robotics_v1/install/robo_cleaner_interfaces/include/robo_cleaner_interfaces/srv/detail/query_battery_status__type_support.h
[1.128s] -- Up-to-date symlink: /home/ubuntu/workspace/robotics_v1/install/robo_cleaner_interfaces/include/robo_cleaner_interfaces/srv/detail/query_initial_robot_state__functions.h
[1.129s] -- Up-to-date symlink: /home/ubuntu/workspace/robotics_v1/install/robo_cleaner_interfaces/include/robo_cleaner_interfaces/srv/detail/query_initial_robot_state__struct.h
[1.129s] -- Up-to-date symlink: /home/ubuntu/workspace/robotics_v1/install/robo_cleaner_interfaces/include/robo_cleaner_interfaces/srv/detail/query_initial_robot_state__type_support.h
[1.131s] -- Up-to-date symlink: /home/ubuntu/workspace/robotics_v1/install/robo_cleaner_interfaces/include/robo_cleaner_interfaces/srv/query_battery_status.h
[1.133s] -- Up-to-date symlink: /home/ubuntu/workspace/robotics_v1/install/robo_cleaner_interfaces/include/robo_cleaner_interfaces/srv/query_initial_robot_state.h
[1.135s] -- Up-to-date symlink: /home/ubuntu/workspace/robotics_v1/install/robo_cleaner_interfaces/share/robo_cleaner_interfaces/environment/library_path.sh
[1.138s] -- Up-to-date symlink: /home/ubuntu/workspace/robotics_v1/install/robo_cleaner_interfaces/share/robo_cleaner_interfaces/environment/library_path.dsv
[1.146s] -- Up-to-date symlink: /home/ubuntu/workspace/robotics_v1/install/robo_cleaner_interfaces/include/robo_cleaner_interfaces/action/detail/robot_move__rosidl_typesupport_fastrtps_c.h
[1.147s] -- Up-to-date symlink: /home/ubuntu/workspace/robotics_v1/install/robo_cleaner_interfaces/include/robo_cleaner_interfaces/msg/detail/battery_status__rosidl_typesupport_fastrtps_c.h
[1.147s] -- Up-to-date symlink: /home/ubuntu/workspace/robotics_v1/install/robo_cleaner_interfaces/include/robo_cleaner_interfaces/msg/detail/initial_robot_state__rosidl_typesupport_fastrtps_c.h
[1.150s] -- Up-to-date symlink: /home/ubuntu/workspace/robotics_v1/install/robo_cleaner_interfaces/include/robo_cleaner_interfaces/msg/detail/robot_move_type__rosidl_typesupport_fastrtps_c.h
[1.150s] -- Up-to-date symlink: /home/ubuntu/workspace/robotics_v1/install/robo_cleaner_interfaces/include/robo_cleaner_interfaces/msg/detail/user_authenticate__rosidl_typesupport_fastrtps_c.h
[1.150s] -- Up-to-date symlink: /home/ubuntu/workspace/robotics_v1/install/robo_cleaner_interfaces/include/robo_cleaner_interfaces/msg/rosidl_typesupport_fastrtps_c__visibility_control.h
[1.151s] -- Up-to-date symlink: /home/ubuntu/workspace/robotics_v1/install/robo_cleaner_interfaces/include/robo_cleaner_interfaces/srv/detail/charge_battery__rosidl_typesupport_fastrtps_c.h
[1.154s] -- Up-to-date symlink: /home/ubuntu/workspace/robotics_v1/install/robo_cleaner_interfaces/include/robo_cleaner_interfaces/srv/detail/query_battery_status__rosidl_typesupport_fastrtps_c.h
[1.157s] -- Up-to-date symlink: /home/ubuntu/workspace/robotics_v1/install/robo_cleaner_interfaces/include/robo_cleaner_interfaces/srv/detail/query_initial_robot_state__rosidl_typesupport_fastrtps_c.h
[1.158s] -- Up-to-date symlink: /home/ubuntu/workspace/robotics_v1/install/robo_cleaner_interfaces/lib/librobo_cleaner_interfaces__rosidl_typesupport_fastrtps_c.so
[1.164s] -- Up-to-date symlink: /home/ubuntu/workspace/robotics_v1/install/robo_cleaner_interfaces/include/robo_cleaner_interfaces/action/detail/robot_move__rosidl_typesupport_fastrtps_cpp.hpp
[1.164s] -- Up-to-date symlink: /home/ubuntu/workspace/robotics_v1/install/robo_cleaner_interfaces/include/robo_cleaner_interfaces/msg/detail/battery_status__rosidl_typesupport_fastrtps_cpp.hpp
[1.164s] -- Up-to-date symlink: /home/ubuntu/workspace/robotics_v1/install/robo_cleaner_interfaces/include/robo_cleaner_interfaces/msg/detail/initial_robot_state__rosidl_typesupport_fastrtps_cpp.hpp
[1.164s] -- Up-to-date symlink: /home/ubuntu/workspace/robotics_v1/install/robo_cleaner_interfaces/include/robo_cleaner_interfaces/msg/detail/robot_move_type__rosidl_typesupport_fastrtps_cpp.hpp
[1.165s] -- Up-to-date symlink: /home/ubuntu/workspace/robotics_v1/install/robo_cleaner_interfaces/include/robo_cleaner_interfaces/msg/detail/user_authenticate__rosidl_typesupport_fastrtps_cpp.hpp
[1.168s] -- Up-to-date symlink: /home/ubuntu/workspace/robotics_v1/install/robo_cleaner_interfaces/include/robo_cleaner_interfaces/msg/rosidl_typesupport_fastrtps_cpp__visibility_control.h
[1.168s] -- Up-to-date symlink: /home/ubuntu/workspace/robotics_v1/install/robo_cleaner_interfaces/include/robo_cleaner_interfaces/srv/detail/charge_battery__rosidl_typesupport_fastrtps_cpp.hpp
[1.168s] -- Up-to-date symlink: /home/ubuntu/workspace/robotics_v1/install/robo_cleaner_interfaces/include/robo_cleaner_interfaces/srv/detail/query_battery_status__rosidl_typesupport_fastrtps_cpp.hpp
[1.169s] -- Up-to-date symlink: /home/ubuntu/workspace/robotics_v1/install/robo_cleaner_interfaces/include/robo_cleaner_interfaces/srv/detail/query_initial_robot_state__rosidl_typesupport_fastrtps_cpp.hpp
[1.171s] -- Up-to-date symlink: /home/ubuntu/workspace/robotics_v1/install/robo_cleaner_interfaces/lib/librobo_cleaner_interfaces__rosidl_typesupport_fastrtps_cpp.so
[1.179s] -- Up-to-date symlink: /home/ubuntu/workspace/robotics_v1/install/robo_cleaner_interfaces/include/robo_cleaner_interfaces/action/detail/robot_move__rosidl_typesupport_introspection_c.h
[1.182s] -- Up-to-date symlink: /home/ubuntu/workspace/robotics_v1/install/robo_cleaner_interfaces/include/robo_cleaner_interfaces/msg/detail/battery_status__rosidl_typesupport_introspection_c.h
[1.182s] -- Up-to-date symlink: /home/ubuntu/workspace/robotics_v1/install/robo_cleaner_interfaces/include/robo_cleaner_interfaces/msg/detail/initial_robot_state__rosidl_typesupport_introspection_c.h
[1.183s] -- Up-to-date symlink: /home/ubuntu/workspace/robotics_v1/install/robo_cleaner_interfaces/include/robo_cleaner_interfaces/msg/detail/robot_move_type__rosidl_typesupport_introspection_c.h
[1.183s] -- Up-to-date symlink: /home/ubuntu/workspace/robotics_v1/install/robo_cleaner_interfaces/include/robo_cleaner_interfaces/msg/detail/user_authenticate__rosidl_typesupport_introspection_c.h
[1.183s] -- Up-to-date symlink: /home/ubuntu/workspace/robotics_v1/install/robo_cleaner_interfaces/include/robo_cleaner_interfaces/msg/rosidl_typesupport_introspection_c__visibility_control.h
[1.183s] -- Up-to-date symlink: /home/ubuntu/workspace/robotics_v1/install/robo_cleaner_interfaces/include/robo_cleaner_interfaces/srv/detail/charge_battery__rosidl_typesupport_introspection_c.h
[1.184s] -- Up-to-date symlink: /home/ubuntu/workspace/robotics_v1/install/robo_cleaner_interfaces/include/robo_cleaner_interfaces/srv/detail/query_battery_status__rosidl_typesupport_introspection_c.h
[1.184s] -- Up-to-date symlink: /home/ubuntu/workspace/robotics_v1/install/robo_cleaner_interfaces/include/robo_cleaner_interfaces/srv/detail/query_initial_robot_state__rosidl_typesupport_introspection_c.h
[1.187s] -- Up-to-date symlink: /home/ubuntu/workspace/robotics_v1/install/robo_cleaner_interfaces/include/robo_cleaner_interfaces/action/detail/robot_move__builder.hpp
[1.189s] -- Up-to-date symlink: /home/ubuntu/workspace/robotics_v1/install/robo_cleaner_interfaces/include/robo_cleaner_interfaces/action/detail/robot_move__struct.hpp
[1.190s] -- Up-to-date symlink: /home/ubuntu/workspace/robotics_v1/install/robo_cleaner_interfaces/include/robo_cleaner_interfaces/action/detail/robot_move__traits.hpp
[1.191s] -- Up-to-date symlink: /home/ubuntu/workspace/robotics_v1/install/robo_cleaner_interfaces/include/robo_cleaner_interfaces/action/robot_move.hpp
[1.192s] -- Up-to-date symlink: /home/ubuntu/workspace/robotics_v1/install/robo_cleaner_interfaces/include/robo_cleaner_interfaces/msg/battery_status.hpp
[1.201s] -- Up-to-date symlink: /home/ubuntu/workspace/robotics_v1/install/robo_cleaner_interfaces/include/robo_cleaner_interfaces/msg/detail/battery_status__builder.hpp
[1.201s] -- Up-to-date symlink: /home/ubuntu/workspace/robotics_v1/install/robo_cleaner_interfaces/include/robo_cleaner_interfaces/msg/detail/battery_status__struct.hpp
[1.201s] -- Up-to-date symlink: /home/ubuntu/workspace/robotics_v1/install/robo_cleaner_interfaces/include/robo_cleaner_interfaces/msg/detail/battery_status__traits.hpp
[1.201s] -- Up-to-date symlink: /home/ubuntu/workspace/robotics_v1/install/robo_cleaner_interfaces/include/robo_cleaner_interfaces/msg/detail/initial_robot_state__builder.hpp
[1.201s] -- Up-to-date symlink: /home/ubuntu/workspace/robotics_v1/install/robo_cleaner_interfaces/include/robo_cleaner_interfaces/msg/detail/initial_robot_state__struct.hpp
[1.202s] -- Up-to-date symlink: /home/ubuntu/workspace/robotics_v1/install/robo_cleaner_interfaces/include/robo_cleaner_interfaces/msg/detail/initial_robot_state__traits.hpp
[1.202s] -- Up-to-date symlink: /home/ubuntu/workspace/robotics_v1/install/robo_cleaner_interfaces/include/robo_cleaner_interfaces/msg/detail/robot_move_type__builder.hpp
[1.202s] -- Up-to-date symlink: /home/ubuntu/workspace/robotics_v1/install/robo_cleaner_interfaces/include/robo_cleaner_interfaces/msg/detail/robot_move_type__struct.hpp
[1.202s] -- Up-to-date symlink: /home/ubuntu/workspace/robotics_v1/install/robo_cleaner_interfaces/include/robo_cleaner_interfaces/msg/detail/robot_move_type__traits.hpp
[1.202s] -- Up-to-date symlink: /home/ubuntu/workspace/robotics_v1/install/robo_cleaner_interfaces/include/robo_cleaner_interfaces/msg/detail/user_authenticate__builder.hpp
[1.202s] -- Up-to-date symlink: /home/ubuntu/workspace/robotics_v1/install/robo_cleaner_interfaces/include/robo_cleaner_interfaces/msg/detail/user_authenticate__struct.hpp
[1.202s] -- Up-to-date symlink: /home/ubuntu/workspace/robotics_v1/install/robo_cleaner_interfaces/include/robo_cleaner_interfaces/msg/detail/user_authenticate__traits.hpp
[1.202s] -- Up-to-date symlink: /home/ubuntu/workspace/robotics_v1/install/robo_cleaner_interfaces/include/robo_cleaner_interfaces/msg/initial_robot_state.hpp
[1.202s] -- Up-to-date symlink: /home/ubuntu/workspace/robotics_v1/install/robo_cleaner_interfaces/include/robo_cleaner_interfaces/msg/robot_move_type.hpp
[1.202s] -- Up-to-date symlink: /home/ubuntu/workspace/robotics_v1/install/robo_cleaner_interfaces/include/robo_cleaner_interfaces/msg/user_authenticate.hpp
[1.203s] -- Up-to-date symlink: /home/ubuntu/workspace/robotics_v1/install/robo_cleaner_interfaces/include/robo_cleaner_interfaces/srv/charge_battery.hpp
[1.203s] -- Up-to-date symlink: /home/ubuntu/workspace/robotics_v1/install/robo_cleaner_interfaces/include/robo_cleaner_interfaces/srv/detail/charge_battery__builder.hpp
[1.203s] -- Up-to-date symlink: /home/ubuntu/workspace/robotics_v1/install/robo_cleaner_interfaces/include/robo_cleaner_interfaces/srv/detail/charge_battery__struct.hpp
[1.204s] -- Up-to-date symlink: /home/ubuntu/workspace/robotics_v1/install/robo_cleaner_interfaces/include/robo_cleaner_interfaces/srv/detail/charge_battery__traits.hpp
[1.204s] -- Up-to-date symlink: /home/ubuntu/workspace/robotics_v1/install/robo_cleaner_interfaces/include/robo_cleaner_interfaces/srv/detail/query_battery_status__builder.hpp
[1.204s] -- Up-to-date symlink: /home/ubuntu/workspace/robotics_v1/install/robo_cleaner_interfaces/include/robo_cleaner_interfaces/srv/detail/query_battery_status__struct.hpp
[1.204s] -- Up-to-date symlink: /home/ubuntu/workspace/robotics_v1/install/robo_cleaner_interfaces/include/robo_cleaner_interfaces/srv/detail/query_battery_status__traits.hpp
[1.204s] -- Up-to-date symlink: /home/ubuntu/workspace/robotics_v1/install/robo_cleaner_interfaces/include/robo_cleaner_interfaces/srv/detail/query_initial_robot_state__builder.hpp
[1.205s] -- Up-to-date symlink: /home/ubuntu/workspace/robotics_v1/install/robo_cleaner_interfaces/include/robo_cleaner_interfaces/srv/detail/query_initial_robot_state__struct.hpp
[1.205s] -- Up-to-date symlink: /home/ubuntu/workspace/robotics_v1/install/robo_cleaner_interfaces/include/robo_cleaner_interfaces/srv/detail/query_initial_robot_state__traits.hpp
[1.205s] -- Up-to-date symlink: /home/ubuntu/workspace/robotics_v1/install/robo_cleaner_interfaces/include/robo_cleaner_interfaces/srv/query_battery_status.hpp
[1.206s] -- Up-to-date symlink: /home/ubuntu/workspace/robotics_v1/install/robo_cleaner_interfaces/include/robo_cleaner_interfaces/srv/query_initial_robot_state.hpp
[1.208s] -- Up-to-date symlink: /home/ubuntu/workspace/robotics_v1/install/robo_cleaner_interfaces/include/robo_cleaner_interfaces/action/detail/robot_move__rosidl_typesupport_introspection_cpp.hpp
[1.208s] -- Up-to-date symlink: /home/ubuntu/workspace/robotics_v1/install/robo_cleaner_interfaces/include/robo_cleaner_interfaces/msg/detail/battery_status__rosidl_typesupport_introspection_cpp.hpp
[1.208s] -- Up-to-date symlink: /home/ubuntu/workspace/robotics_v1/install/robo_cleaner_interfaces/include/robo_cleaner_interfaces/msg/detail/initial_robot_state__rosidl_typesupport_introspection_cpp.hpp
[1.208s] -- Up-to-date symlink: /home/ubuntu/workspace/robotics_v1/install/robo_cleaner_interfaces/include/robo_cleaner_interfaces/msg/detail/robot_move_type__rosidl_typesupport_introspection_cpp.hpp
[1.209s] -- Up-to-date symlink: /home/ubuntu/workspace/robotics_v1/install/robo_cleaner_interfaces/include/robo_cleaner_interfaces/msg/detail/user_authenticate__rosidl_typesupport_introspection_cpp.hpp
[1.209s] -- Up-to-date symlink: /home/ubuntu/workspace/robotics_v1/install/robo_cleaner_interfaces/include/robo_cleaner_interfaces/srv/detail/charge_battery__rosidl_typesupport_introspection_cpp.hpp
[1.210s] -- Up-to-date symlink: /home/ubuntu/workspace/robotics_v1/install/robo_cleaner_interfaces/include/robo_cleaner_interfaces/srv/detail/query_battery_status__rosidl_typesupport_introspection_cpp.hpp
[1.212s] -- Up-to-date symlink: /home/ubuntu/workspace/robotics_v1/install/robo_cleaner_interfaces/include/robo_cleaner_interfaces/srv/detail/query_initial_robot_state__rosidl_typesupport_introspection_cpp.hpp
[1.212s] -- Up-to-date symlink: /home/ubuntu/workspace/robotics_v1/install/robo_cleaner_interfaces/share/robo_cleaner_interfaces/environment/pythonpath.sh
[1.212s] -- Up-to-date symlink: /home/ubuntu/workspace/robotics_v1/install/robo_cleaner_interfaces/share/robo_cleaner_interfaces/environment/pythonpath.dsv
[1.212s] -- Up-to-date symlink: /home/ubuntu/workspace/robotics_v1/install/robo_cleaner_interfaces/lib/python3.8/site-packages/robo_cleaner_interfaces/__init__.py
[1.214s] -- Up-to-date symlink: /home/ubuntu/workspace/robotics_v1/install/robo_cleaner_interfaces/lib/python3.8/site-packages/robo_cleaner_interfaces/msg/__init__.py
[1.214s] -- Up-to-date symlink: /home/ubuntu/workspace/robotics_v1/install/robo_cleaner_interfaces/lib/python3.8/site-packages/robo_cleaner_interfaces/msg/_battery_status.py
[1.214s] -- Up-to-date symlink: /home/ubuntu/workspace/robotics_v1/install/robo_cleaner_interfaces/lib/python3.8/site-packages/robo_cleaner_interfaces/msg/_initial_robot_state.py
[1.215s] -- Up-to-date symlink: /home/ubuntu/workspace/robotics_v1/install/robo_cleaner_interfaces/lib/python3.8/site-packages/robo_cleaner_interfaces/msg/_robot_move_type.py
[1.215s] -- Up-to-date symlink: /home/ubuntu/workspace/robotics_v1/install/robo_cleaner_interfaces/lib/python3.8/site-packages/robo_cleaner_interfaces/msg/_user_authenticate.py
[1.218s] -- Up-to-date symlink: /home/ubuntu/workspace/robotics_v1/install/robo_cleaner_interfaces/lib/python3.8/site-packages/robo_cleaner_interfaces/srv/__init__.py
[1.218s] -- Up-to-date symlink: /home/ubuntu/workspace/robotics_v1/install/robo_cleaner_interfaces/lib/python3.8/site-packages/robo_cleaner_interfaces/srv/_charge_battery.py
[1.219s] -- Up-to-date symlink: /home/ubuntu/workspace/robotics_v1/install/robo_cleaner_interfaces/lib/python3.8/site-packages/robo_cleaner_interfaces/srv/_query_battery_status.py
[1.219s] -- Up-to-date symlink: /home/ubuntu/workspace/robotics_v1/install/robo_cleaner_interfaces/lib/python3.8/site-packages/robo_cleaner_interfaces/srv/_query_initial_robot_state.py
[1.219s] -- Up-to-date symlink: /home/ubuntu/workspace/robotics_v1/install/robo_cleaner_interfaces/lib/python3.8/site-packages/robo_cleaner_interfaces/action/__init__.py
[1.219s] -- Up-to-date symlink: /home/ubuntu/workspace/robotics_v1/install/robo_cleaner_interfaces/lib/python3.8/site-packages/robo_cleaner_interfaces/action/_robot_move.py
[1.220s] -- Up-to-date symlink: /home/ubuntu/workspace/robotics_v1/install/robo_cleaner_interfaces/lib/python3.8/site-packages/robo_cleaner_interfaces/robo_cleaner_interfaces_s__rosidl_typesupport_fastrtps_c.cpython-38-x86_64-linux-gnu.so
[1.220s] -- Up-to-date symlink: /home/ubuntu/workspace/robotics_v1/install/robo_cleaner_interfaces/lib/python3.8/site-packages/robo_cleaner_interfaces/robo_cleaner_interfaces_s__rosidl_typesupport_introspection_c.cpython-38-x86_64-linux-gnu.so
[1.221s] -- Up-to-date symlink: /home/ubuntu/workspace/robotics_v1/install/robo_cleaner_interfaces/lib/python3.8/site-packages/robo_cleaner_interfaces/robo_cleaner_interfaces_s__rosidl_typesupport_c.cpython-38-x86_64-linux-gnu.so
[1.222s] -- Up-to-date symlink: /home/ubuntu/workspace/robotics_v1/install/robo_cleaner_interfaces/lib/librobo_cleaner_interfaces__python.so
[1.223s] -- Up-to-date symlink: /home/ubuntu/workspace/robotics_v1/install/robo_cleaner_interfaces/share/robo_cleaner_interfaces/msg/BatteryStatus.idl
[1.223s] -- Up-to-date symlink: /home/ubuntu/workspace/robotics_v1/install/robo_cleaner_interfaces/share/robo_cleaner_interfaces/msg/InitialRobotState.idl
[1.224s] -- Up-to-date symlink: /home/ubuntu/workspace/robotics_v1/install/robo_cleaner_interfaces/share/robo_cleaner_interfaces/msg/RobotMoveType.idl
[1.224s] -- Up-to-date symlink: /home/ubuntu/workspace/robotics_v1/install/robo_cleaner_interfaces/share/robo_cleaner_interfaces/msg/UserAuthenticate.idl
[1.226s] -- Up-to-date symlink: /home/ubuntu/workspace/robotics_v1/install/robo_cleaner_interfaces/share/robo_cleaner_interfaces/srv/ChargeBattery.idl
[1.227s] -- Up-to-date symlink: /home/ubuntu/workspace/robotics_v1/install/robo_cleaner_interfaces/share/robo_cleaner_interfaces/srv/QueryBatteryStatus.idl
[1.227s] -- Up-to-date symlink: /home/ubuntu/workspace/robotics_v1/install/robo_cleaner_interfaces/share/robo_cleaner_interfaces/srv/QueryInitialRobotState.idl
[1.227s] -- Up-to-date symlink: /home/ubuntu/workspace/robotics_v1/install/robo_cleaner_interfaces/share/robo_cleaner_interfaces/action/RobotMove.idl
[1.228s] -- Up-to-date symlink: /home/ubuntu/workspace/robotics_v1/install/robo_cleaner_interfaces/share/robo_cleaner_interfaces/msg/BatteryStatus.msg
[1.228s] -- Up-to-date symlink: /home/ubuntu/workspace/robotics_v1/install/robo_cleaner_interfaces/share/robo_cleaner_interfaces/msg/InitialRobotState.msg
[1.229s] -- Up-to-date symlink: /home/ubuntu/workspace/robotics_v1/install/robo_cleaner_interfaces/share/robo_cleaner_interfaces/msg/RobotMoveType.msg
[1.229s] -- Up-to-date symlink: /home/ubuntu/workspace/robotics_v1/install/robo_cleaner_interfaces/share/robo_cleaner_interfaces/msg/UserAuthenticate.msg
[1.233s] -- Up-to-date symlink: /home/ubuntu/workspace/robotics_v1/install/robo_cleaner_interfaces/share/robo_cleaner_interfaces/srv/ChargeBattery.srv
[1.233s] -- Up-to-date symlink: /home/ubuntu/workspace/robotics_v1/install/robo_cleaner_interfaces/share/robo_cleaner_interfaces/srv/ChargeBattery_Request.msg
[1.233s] -- Up-to-date symlink: /home/ubuntu/workspace/robotics_v1/install/robo_cleaner_interfaces/share/robo_cleaner_interfaces/srv/ChargeBattery_Response.msg
[1.233s] -- Up-to-date symlink: /home/ubuntu/workspace/robotics_v1/install/robo_cleaner_interfaces/share/robo_cleaner_interfaces/srv/QueryBatteryStatus.srv
[1.235s] -- Up-to-date symlink: /home/ubuntu/workspace/robotics_v1/install/robo_cleaner_interfaces/share/robo_cleaner_interfaces/srv/QueryBatteryStatus_Request.msg
[1.239s] -- Up-to-date symlink: /home/ubuntu/workspace/robotics_v1/install/robo_cleaner_interfaces/share/robo_cleaner_interfaces/srv/QueryBatteryStatus_Response.msg
[1.248s] -- Up-to-date symlink: /home/ubuntu/workspace/robotics_v1/install/robo_cleaner_interfaces/share/robo_cleaner_interfaces/srv/QueryInitialRobotState.srv
[1.248s] -- Up-to-date symlink: /home/ubuntu/workspace/robotics_v1/install/robo_cleaner_interfaces/share/robo_cleaner_interfaces/srv/QueryInitialRobotState_Request.msg
[1.248s] -- Up-to-date symlink: /home/ubuntu/workspace/robotics_v1/install/robo_cleaner_interfaces/share/robo_cleaner_interfaces/srv/QueryInitialRobotState_Response.msg
[1.250s] -- Up-to-date symlink: /home/ubuntu/workspace/robotics_v1/install/robo_cleaner_interfaces/share/robo_cleaner_interfaces/action/RobotMove.action
[1.250s] -- Up-to-date symlink: /home/ubuntu/workspace/robotics_v1/install/robo_cleaner_interfaces/share/ament_index/resource_index/package_run_dependencies/robo_cleaner_interfaces
[1.250s] -- Up-to-date symlink: /home/ubuntu/workspace/robotics_v1/install/robo_cleaner_interfaces/share/ament_index/resource_index/parent_prefix_path/robo_cleaner_interfaces
[1.251s] -- Up-to-date symlink: /home/ubuntu/workspace/robotics_v1/install/robo_cleaner_interfaces/share/robo_cleaner_interfaces/environment/ament_prefix_path.sh
[1.251s] -- Up-to-date symlink: /home/ubuntu/workspace/robotics_v1/install/robo_cleaner_interfaces/share/robo_cleaner_interfaces/environment/ament_prefix_path.dsv
[1.251s] -- Up-to-date symlink: /home/ubuntu/workspace/robotics_v1/install/robo_cleaner_interfaces/share/robo_cleaner_interfaces/environment/path.sh
[1.251s] -- Up-to-date symlink: /home/ubuntu/workspace/robotics_v1/install/robo_cleaner_interfaces/share/robo_cleaner_interfaces/environment/path.dsv
[1.251s] -- Up-to-date symlink: /home/ubuntu/workspace/robotics_v1/install/robo_cleaner_interfaces/share/robo_cleaner_interfaces/local_setup.bash
[1.251s] -- Up-to-date symlink: /home/ubuntu/workspace/robotics_v1/install/robo_cleaner_interfaces/share/robo_cleaner_interfaces/local_setup.sh
[1.251s] -- Up-to-date symlink: /home/ubuntu/workspace/robotics_v1/install/robo_cleaner_interfaces/share/robo_cleaner_interfaces/local_setup.zsh
[1.251s] -- Up-to-date symlink: /home/ubuntu/workspace/robotics_v1/install/robo_cleaner_interfaces/share/robo_cleaner_interfaces/local_setup.dsv
[1.251s] -- Symlinking: /home/ubuntu/workspace/robotics_v1/install/robo_cleaner_interfaces/share/robo_cleaner_interfaces/package.dsv
[1.269s] -- Up-to-date symlink: /home/ubuntu/workspace/robotics_v1/install/robo_cleaner_interfaces/share/ament_index/resource_index/packages/robo_cleaner_interfaces
[1.269s] -- Up-to-date symlink: /home/ubuntu/workspace/robotics_v1/install/robo_cleaner_interfaces/share/robo_cleaner_interfaces/cmake/rosidl_cmake-extras.cmake
[1.269s] -- Up-to-date symlink: /home/ubuntu/workspace/robotics_v1/install/robo_cleaner_interfaces/share/robo_cleaner_interfaces/cmake/ament_cmake_export_dependencies-extras.cmake
[1.269s] -- Up-to-date symlink: /home/ubuntu/workspace/robotics_v1/install/robo_cleaner_interfaces/share/robo_cleaner_interfaces/cmake/ament_cmake_export_libraries-extras.cmake
[1.269s] -- Up-to-date symlink: /home/ubuntu/workspace/robotics_v1/install/robo_cleaner_interfaces/share/robo_cleaner_interfaces/cmake/ament_cmake_export_targets-extras.cmake
[1.269s] -- Up-to-date symlink: /home/ubuntu/workspace/robotics_v1/install/robo_cleaner_interfaces/share/robo_cleaner_interfaces/cmake/ament_cmake_export_include_directories-extras.cmake
[1.269s] -- Up-to-date symlink: /home/ubuntu/workspace/robotics_v1/install/robo_cleaner_interfaces/share/robo_cleaner_interfaces/cmake/rosidl_cmake_export_typesupport_libraries-extras.cmake
[1.270s] -- Up-to-date symlink: /home/ubuntu/workspace/robotics_v1/install/robo_cleaner_interfaces/share/robo_cleaner_interfaces/cmake/rosidl_cmake_export_typesupport_targets-extras.cmake
[1.270s] -- Up-to-date symlink: /home/ubuntu/workspace/robotics_v1/install/robo_cleaner_interfaces/share/robo_cleaner_interfaces/cmake/robo_cleaner_interfacesConfig.cmake
[1.270s] -- Up-to-date symlink: /home/ubuntu/workspace/robotics_v1/install/robo_cleaner_interfaces/share/robo_cleaner_interfaces/cmake/robo_cleaner_interfacesConfig-version.cmake
[1.270s] -- Up-to-date symlink: /home/ubuntu/workspace/robotics_v1/install/robo_cleaner_interfaces/share/robo_cleaner_interfaces/package.xml
[1.271s] -- Up-to-date: /home/ubuntu/workspace/robotics_v1/install/robo_cleaner_interfaces/lib/librobo_cleaner_interfaces__rosidl_generator_c.so
[1.272s] -- Up-to-date: /home/ubuntu/workspace/robotics_v1/install/robo_cleaner_interfaces/lib/librobo_cleaner_interfaces__rosidl_typesupport_introspection_c.so
[1.272s] -- Up-to-date: /home/ubuntu/workspace/robotics_v1/install/robo_cleaner_interfaces/lib/librobo_cleaner_interfaces__rosidl_typesupport_c.so
[1.273s] -- Up-to-date: /home/ubuntu/workspace/robotics_v1/install/robo_cleaner_interfaces/lib/librobo_cleaner_interfaces__rosidl_typesupport_introspection_cpp.so
[1.274s] -- Up-to-date: /home/ubuntu/workspace/robotics_v1/install/robo_cleaner_interfaces/lib/librobo_cleaner_interfaces__rosidl_typesupport_cpp.so
[1.355s] -- Up-to-date: /home/ubuntu/workspace/robotics_v1/install/robo_cleaner_interfaces/share/robo_cleaner_interfaces/cmake/robo_cleaner_interfaces__rosidl_generator_cExport.cmake
[1.355s] -- Up-to-date: /home/ubuntu/workspace/robotics_v1/install/robo_cleaner_interfaces/share/robo_cleaner_interfaces/cmake/robo_cleaner_interfaces__rosidl_generator_cExport-debug.cmake
[1.357s] -- Up-to-date: /home/ubuntu/workspace/robotics_v1/install/robo_cleaner_interfaces/share/robo_cleaner_interfaces/cmake/robo_cleaner_interfaces__rosidl_typesupport_introspection_cExport.cmake
[1.359s] -- Up-to-date: /home/ubuntu/workspace/robotics_v1/install/robo_cleaner_interfaces/share/robo_cleaner_interfaces/cmake/robo_cleaner_interfaces__rosidl_typesupport_introspection_cExport-debug.cmake
[1.359s] -- Up-to-date: /home/ubuntu/workspace/robotics_v1/install/robo_cleaner_interfaces/share/robo_cleaner_interfaces/cmake/robo_cleaner_interfaces__rosidl_typesupport_cExport.cmake
[1.359s] -- Up-to-date: /home/ubuntu/workspace/robotics_v1/install/robo_cleaner_interfaces/share/robo_cleaner_interfaces/cmake/robo_cleaner_interfaces__rosidl_typesupport_cExport-debug.cmake
[1.360s] -- Up-to-date: /home/ubuntu/workspace/robotics_v1/install/robo_cleaner_interfaces/share/robo_cleaner_interfaces/cmake/robo_cleaner_interfaces__rosidl_generator_cppExport.cmake
[1.360s] -- Up-to-date: /home/ubuntu/workspace/robotics_v1/install/robo_cleaner_interfaces/share/robo_cleaner_interfaces/cmake/robo_cleaner_interfaces__rosidl_typesupport_introspection_cppExport.cmake
[1.360s] -- Up-to-date: /home/ubuntu/workspace/robotics_v1/install/robo_cleaner_interfaces/share/robo_cleaner_interfaces/cmake/robo_cleaner_interfaces__rosidl_typesupport_introspection_cppExport-debug.cmake
[1.360s] -- Up-to-date: /home/ubuntu/workspace/robotics_v1/install/robo_cleaner_interfaces/share/robo_cleaner_interfaces/cmake/robo_cleaner_interfaces__rosidl_typesupport_cppExport.cmake
[1.360s] -- Up-to-date: /home/ubuntu/workspace/robotics_v1/install/robo_cleaner_interfaces/share/robo_cleaner_interfaces/cmake/robo_cleaner_interfaces__rosidl_typesupport_cppExport-debug.cmake
[1.365s] Invoked command in '/home/ubuntu/workspace/robotics_v1/build/robo_cleaner_interfaces' returned '0': CMAKE_PREFIX_PATH=/opt/ros/foxy /usr/bin/cmake --install /home/ubuntu/workspace/robotics_v1/build/robo_cleaner_interfaces
