[0.064s] Invoking command in '/home/ubuntu/workspace/robotics_v1/build/utils': CMAKE_PREFIX_PATH=/home/ubuntu/workspace/robotics_v1/install/cmake_helpers:/opt/ros/foxy PKG_CONFIG_PATH=/home/ubuntu/workspace/robotics_v1/install/cmake_helpers/lib/x86_64-linux-gnu/pkgconfig:/home/ubuntu/workspace/robotics_v1/install/cmake_helpers/lib/pkgconfig /usr/bin/cmake --build /home/ubuntu/workspace/robotics_v1/build/utils -- -j4 -l4
[0.251s] [100%] Built target utils
[0.304s] Invoked command in '/home/ubuntu/workspace/robotics_v1/build/utils' returned '0': CMAKE_PREFIX_PATH=/home/ubuntu/workspace/robotics_v1/install/cmake_helpers:/opt/ros/foxy PKG_CONFIG_PATH=/home/ubuntu/workspace/robotics_v1/install/cmake_helpers/lib/x86_64-linux-gnu/pkgconfig:/home/ubuntu/workspace/robotics_v1/install/cmake_helpers/lib/pkgconfig /usr/bin/cmake --build /home/ubuntu/workspace/robotics_v1/build/utils -- -j4 -l4
[0.786s] Invoking command in '/home/ubuntu/workspace/robotics_v1/build/utils': CMAKE_PREFIX_PATH=/home/ubuntu/workspace/robotics_v1/install/cmake_helpers:/opt/ros/foxy PKG_CONFIG_PATH=/home/ubuntu/workspace/robotics_v1/install/cmake_helpers/lib/x86_64-linux-gnu/pkgconfig:/home/ubuntu/workspace/robotics_v1/install/cmake_helpers/lib/pkgconfig /usr/bin/cmake --install /home/ubuntu/workspace/robotics_v1/build/utils
[0.811s] -- Install configuration: "Debug"
[0.811s] -- Up-to-date: /home/ubuntu/workspace/robotics_v1/install/utils/share/utils/package.xml
[0.811s] -- Up-to-date: /home/ubuntu/workspace/robotics_v1/install/utils/lib/utils/libutils.a
[0.811s] -- Installing: /home/ubuntu/workspace/robotics_v1/install/utils/share/ament_index/resource_index/packages/utils
[0.812s] -- Up-to-date: /home/ubuntu/workspace/robotics_v1/install/utils/share/utils/hook/ament_prefix_path.dsv
[0.812s] -- Up-to-date: /home/ubuntu/workspace/robotics_v1/install/utils/share/utils/hook/ros_package_path.dsv
[0.812s] -- Up-to-date: /home/ubuntu/workspace/robotics_v1/install/utils/share/ament_index/resource_index/package_run_dependencies/utils
[0.812s] -- Up-to-date: /home/ubuntu/workspace/robotics_v1/install/utils/share/ament_index/resource_index/parent_prefix_path/utils
[0.812s] -- Up-to-date: /home/ubuntu/workspace/robotics_v1/install/utils/share/utils/environment/ament_prefix_path.sh
[0.812s] -- Up-to-date: /home/ubuntu/workspace/robotics_v1/install/utils/share/utils/environment/ament_prefix_path.dsv
[0.812s] -- Up-to-date: /home/ubuntu/workspace/robotics_v1/install/utils/share/utils/environment/path.sh
[0.813s] -- Up-to-date: /home/ubuntu/workspace/robotics_v1/install/utils/share/utils/environment/path.dsv
[0.813s] -- Up-to-date: /home/ubuntu/workspace/robotics_v1/install/utils/share/utils/local_setup.bash
[0.813s] -- Up-to-date: /home/ubuntu/workspace/robotics_v1/install/utils/share/utils/local_setup.sh
[0.813s] -- Up-to-date: /home/ubuntu/workspace/robotics_v1/install/utils/share/utils/local_setup.zsh
[0.813s] -- Up-to-date: /home/ubuntu/workspace/robotics_v1/install/utils/share/utils/local_setup.dsv
[0.813s] -- Installing: /home/ubuntu/workspace/robotics_v1/install/utils/share/utils/package.dsv
[0.814s] -- Installing: /home/ubuntu/workspace/robotics_v1/install/utils/share/ament_index/resource_index/packages/utils
[0.815s] -- Up-to-date: /home/ubuntu/workspace/robotics_v1/install/utils/share/utils/cmake/utilsConfig.cmake
[0.815s] -- Up-to-date: /home/ubuntu/workspace/robotics_v1/install/utils/share/utils/cmake/utilsConfig-version.cmake
[0.815s] -- Up-to-date: /home/ubuntu/workspace/robotics_v1/install/utils/share/utils/package.xml
[0.815s] -- Up-to-date: /home/ubuntu/workspace/robotics_v1/install/utils/lib/libutils.a
[0.815s] -- Up-to-date: /home/ubuntu/workspace/robotics_v1/install/utils/include
[0.816s] -- Up-to-date: /home/ubuntu/workspace/robotics_v1/install/utils/include/utils
[0.816s] -- Up-to-date: /home/ubuntu/workspace/robotics_v1/install/utils/include/utils/concurrency
[0.816s] -- Up-to-date: /home/ubuntu/workspace/robotics_v1/install/utils/include/utils/concurrency/ThreadSafeQueue.h
[0.816s] -- Up-to-date: /home/ubuntu/workspace/robotics_v1/install/utils/include/utils/Log.h
[0.816s] -- Up-to-date: /home/ubuntu/workspace/robotics_v1/install/utils/include/utils/ErrorCode.h
[0.816s] -- Up-to-date: /home/ubuntu/workspace/robotics_v1/install/utils/include/utils/rng
[0.816s] -- Up-to-date: /home/ubuntu/workspace/robotics_v1/install/utils/include/utils/rng/Rng.h
[0.816s] -- Up-to-date: /home/ubuntu/workspace/robotics_v1/install/utils/include/utils/time
[0.817s] -- Up-to-date: /home/ubuntu/workspace/robotics_v1/install/utils/include/utils/time/Time.h
[0.817s] -- Up-to-date: /home/ubuntu/workspace/robotics_v1/install/utils/include/utils/drawing
[0.817s] -- Up-to-date: /home/ubuntu/workspace/robotics_v1/install/utils/include/utils/drawing/WidgetAligner.h
[0.817s] -- Up-to-date: /home/ubuntu/workspace/robotics_v1/install/utils/include/utils/drawing/Point.h
[0.818s] -- Up-to-date: /home/ubuntu/workspace/robotics_v1/install/utils/include/utils/drawing/Rectangle.h
[0.818s] -- Up-to-date: /home/ubuntu/workspace/robotics_v1/install/utils/include/utils/drawing/Margin.h
[0.818s] -- Up-to-date: /home/ubuntu/workspace/robotics_v1/install/utils/include/utils/drawing/Color.h
[0.819s] -- Up-to-date: /home/ubuntu/workspace/robotics_v1/install/utils/include/utils/file
[0.819s] -- Up-to-date: /home/ubuntu/workspace/robotics_v1/install/utils/include/utils/file/IniFileParser.h
[0.819s] -- Up-to-date: /home/ubuntu/workspace/robotics_v1/install/utils/include/utils/file_system
[0.819s] -- Up-to-date: /home/ubuntu/workspace/robotics_v1/install/utils/include/utils/file_system/FileSystemUtils.h
[0.820s] -- Up-to-date: /home/ubuntu/workspace/robotics_v1/install/utils/include/utils/data_type
[0.822s] -- Up-to-date: /home/ubuntu/workspace/robotics_v1/install/utils/include/utils/data_type/StringUtils.h
[0.822s] -- Up-to-date: /home/ubuntu/workspace/robotics_v1/install/utils/include/utils/data_type/EnumClassUtils.h
[0.822s] -- Up-to-date: /home/ubuntu/workspace/robotics_v1/install/utils/include/utils/data_type/FloatingPointUtils.h
[0.822s] -- Up-to-date: /home/ubuntu/workspace/robotics_v1/install/utils/include/utils/data_type/FloatingPoint.h
[0.822s] -- Up-to-date: /home/ubuntu/workspace/robotics_v1/install/utils/include/utils/data_type/IntegerUtils.h
[0.822s] -- Up-to-date: /home/ubuntu/workspace/robotics_v1/install/utils/include/utils/LimitValues.h
[0.824s] -- Up-to-date: /home/ubuntu/workspace/robotics_v1/install/utils/include/utils/common
[0.824s] -- Up-to-date: /home/ubuntu/workspace/robotics_v1/install/utils/include/utils/common/Crc.h
[0.824s] -- Up-to-date: /home/ubuntu/workspace/robotics_v1/install/utils/include/utils/common/AutoCircularBuffer.h
[0.825s] -- Up-to-date: /home/ubuntu/workspace/robotics_v1/install/utils/include/utils/common/CircularBuffer.h
[0.825s] -- Up-to-date: /home/ubuntu/workspace/robotics_v1/install/utils/include/utils/common/defines
[0.825s] -- Up-to-date: /home/ubuntu/workspace/robotics_v1/install/utils/include/utils/common/defines/SymbolNameDefines.h
[0.825s] -- Up-to-date: /home/ubuntu/workspace/robotics_v1/install/utils/include/utils/debug
[0.825s] -- Up-to-date: /home/ubuntu/workspace/robotics_v1/install/utils/include/utils/debug/StackTrace.h
[0.825s] -- Up-to-date: /home/ubuntu/workspace/robotics_v1/install/utils/include/utils/debug/FunctionTracer.h
[0.825s] -- Up-to-date: /home/ubuntu/workspace/robotics_v1/install/utils/include/utils/debug/SignalHandler.h
[0.825s] -- Up-to-date: /home/ubuntu/workspace/robotics_v1/install/utils/include/utils/class
[0.826s] -- Up-to-date: /home/ubuntu/workspace/robotics_v1/install/utils/include/utils/class/NonMoveable.h
[0.826s] -- Up-to-date: /home/ubuntu/workspace/robotics_v1/install/utils/include/utils/class/NonCopyable.h
[0.826s] -- Up-to-date: /home/ubuntu/workspace/robotics_v1/install/utils/lib/cmake/utils/utilsTargets.cmake
[0.826s] -- Up-to-date: /home/ubuntu/workspace/robotics_v1/install/utils/lib/cmake/utils/utilsTargets-debug.cmake
[0.826s] -- Up-to-date: /home/ubuntu/workspace/robotics_v1/install/utils/lib/cmake/utils/utilsConfig.cmake
[0.826s] Invoked command in '/home/ubuntu/workspace/robotics_v1/build/utils' returned '0': CMAKE_PREFIX_PATH=/home/ubuntu/workspace/robotics_v1/install/cmake_helpers:/opt/ros/foxy PKG_CONFIG_PATH=/home/ubuntu/workspace/robotics_v1/install/cmake_helpers/lib/x86_64-linux-gnu/pkgconfig:/home/ubuntu/workspace/robotics_v1/install/cmake_helpers/lib/pkgconfig /usr/bin/cmake --install /home/ubuntu/workspace/robotics_v1/build/utils
