[0.049s] Invoking command in '/home/ubuntu/workspace/robotics_v1/build/urscript_interfaces': CMAKE_PREFIX_PATH=/opt/ros/foxy /usr/bin/cmake --build /home/ubuntu/workspace/robotics_v1/build/urscript_interfaces -- -j4 -l4
[0.187s] [  9%] Built target urscript_interfaces__rosidl_generator_c
[0.275s] [ 19%] Built target urscript_interfaces__rosidl_typesupport_c
[0.389s] [ 22%] Built target urscript_interfaces__cpp
[0.424s] [ 32%] Built target urscript_interfaces__rosidl_typesupport_introspection_c
[0.443s] [ 41%] Built target urscript_interfaces__rosidl_typesupport_cpp
[0.522s] [ 51%] Built target urscript_interfaces__rosidl_typesupport_introspection_cpp
[0.527s] [ 61%] Built target urscript_interfaces__rosidl_typesupport_fastrtps_cpp
[0.566s] [ 70%] Built target urscript_interfaces__rosidl_typesupport_fastrtps_c
[0.611s] [ 70%] Built target urscript_interfaces
[0.801s] [ 74%] Built target urscript_interfaces__py
[0.913s] [ 80%] Built target urscript_interfaces__python
[1.053s] [ 87%] Built target urscript_interfaces__rosidl_typesupport_introspection_c__pyext
[1.064s] [ 93%] Built target urscript_interfaces__rosidl_typesupport_c__pyext
[1.080s] [100%] Built target urscript_interfaces__rosidl_typesupport_fastrtps_c__pyext
[1.141s] Invoked command in '/home/ubuntu/workspace/robotics_v1/build/urscript_interfaces' returned '0': CMAKE_PREFIX_PATH=/opt/ros/foxy /usr/bin/cmake --build /home/ubuntu/workspace/robotics_v1/build/urscript_interfaces -- -j4 -l4
[1.386s] Invoking command in '/home/ubuntu/workspace/robotics_v1/build/urscript_interfaces': CMAKE_PREFIX_PATH=/opt/ros/foxy /usr/bin/cmake --install /home/ubuntu/workspace/robotics_v1/build/urscript_interfaces
[1.405s] -- Install configuration: "Debug"
[1.407s] -- Execute custom install script
[1.409s] -- Up-to-date symlink: /home/ubuntu/workspace/robotics_v1/install/urscript_interfaces/share/ament_index/resource_index/rosidl_interfaces/urscript_interfaces
[1.410s] -- Up-to-date symlink: /home/ubuntu/workspace/robotics_v1/install/urscript_interfaces/include/urscript_interfaces/msg/rosidl_generator_c__visibility_control.h
[1.411s] -- Up-to-date symlink: /home/ubuntu/workspace/robotics_v1/install/urscript_interfaces/include/urscript_interfaces/srv/detail/ur_script__functions.h
[1.412s] -- Up-to-date symlink: /home/ubuntu/workspace/robotics_v1/install/urscript_interfaces/include/urscript_interfaces/srv/detail/ur_script__struct.h
[1.413s] -- Up-to-date symlink: /home/ubuntu/workspace/robotics_v1/install/urscript_interfaces/include/urscript_interfaces/srv/detail/ur_script__type_support.h
[1.414s] -- Up-to-date symlink: /home/ubuntu/workspace/robotics_v1/install/urscript_interfaces/include/urscript_interfaces/srv/ur_script.h
[1.415s] -- Up-to-date symlink: /home/ubuntu/workspace/robotics_v1/install/urscript_interfaces/share/urscript_interfaces/environment/library_path.sh
[1.416s] -- Up-to-date symlink: /home/ubuntu/workspace/robotics_v1/install/urscript_interfaces/share/urscript_interfaces/environment/library_path.dsv
[1.417s] -- Up-to-date symlink: /home/ubuntu/workspace/robotics_v1/install/urscript_interfaces/include/urscript_interfaces/msg/rosidl_typesupport_fastrtps_c__visibility_control.h
[1.418s] -- Up-to-date symlink: /home/ubuntu/workspace/robotics_v1/install/urscript_interfaces/include/urscript_interfaces/srv/detail/ur_script__rosidl_typesupport_fastrtps_c.h
[1.419s] -- Up-to-date symlink: /home/ubuntu/workspace/robotics_v1/install/urscript_interfaces/lib/liburscript_interfaces__rosidl_typesupport_fastrtps_c.so
[1.422s] -- Up-to-date symlink: /home/ubuntu/workspace/robotics_v1/install/urscript_interfaces/include/urscript_interfaces/msg/rosidl_typesupport_fastrtps_cpp__visibility_control.h
[1.423s] -- Up-to-date symlink: /home/ubuntu/workspace/robotics_v1/install/urscript_interfaces/include/urscript_interfaces/srv/detail/ur_script__rosidl_typesupport_fastrtps_cpp.hpp
[1.424s] -- Up-to-date symlink: /home/ubuntu/workspace/robotics_v1/install/urscript_interfaces/lib/liburscript_interfaces__rosidl_typesupport_fastrtps_cpp.so
[1.426s] -- Up-to-date symlink: /home/ubuntu/workspace/robotics_v1/install/urscript_interfaces/include/urscript_interfaces/msg/rosidl_typesupport_introspection_c__visibility_control.h
[1.426s] -- Up-to-date symlink: /home/ubuntu/workspace/robotics_v1/install/urscript_interfaces/include/urscript_interfaces/srv/detail/ur_script__rosidl_typesupport_introspection_c.h
[1.428s] -- Up-to-date symlink: /home/ubuntu/workspace/robotics_v1/install/urscript_interfaces/include/urscript_interfaces/srv/detail/ur_script__builder.hpp
[1.428s] -- Up-to-date symlink: /home/ubuntu/workspace/robotics_v1/install/urscript_interfaces/include/urscript_interfaces/srv/detail/ur_script__struct.hpp
[1.429s] -- Up-to-date symlink: /home/ubuntu/workspace/robotics_v1/install/urscript_interfaces/include/urscript_interfaces/srv/detail/ur_script__traits.hpp
[1.430s] -- Up-to-date symlink: /home/ubuntu/workspace/robotics_v1/install/urscript_interfaces/include/urscript_interfaces/srv/ur_script.hpp
[1.432s] -- Up-to-date symlink: /home/ubuntu/workspace/robotics_v1/install/urscript_interfaces/include/urscript_interfaces/srv/detail/ur_script__rosidl_typesupport_introspection_cpp.hpp
[1.433s] -- Up-to-date symlink: /home/ubuntu/workspace/robotics_v1/install/urscript_interfaces/share/urscript_interfaces/environment/pythonpath.sh
[1.434s] -- Up-to-date symlink: /home/ubuntu/workspace/robotics_v1/install/urscript_interfaces/share/urscript_interfaces/environment/pythonpath.dsv
[1.435s] -- Up-to-date symlink: /home/ubuntu/workspace/robotics_v1/install/urscript_interfaces/lib/python3.8/site-packages/urscript_interfaces/__init__.py
[1.436s] -- Up-to-date symlink: /home/ubuntu/workspace/robotics_v1/install/urscript_interfaces/lib/python3.8/site-packages/urscript_interfaces/srv/__init__.py
[1.450s] -- Up-to-date symlink: /home/ubuntu/workspace/robotics_v1/install/urscript_interfaces/lib/python3.8/site-packages/urscript_interfaces/srv/_ur_script.py
[1.454s] -- Up-to-date symlink: /home/ubuntu/workspace/robotics_v1/install/urscript_interfaces/lib/python3.8/site-packages/urscript_interfaces/urscript_interfaces_s__rosidl_typesupport_fastrtps_c.cpython-38-x86_64-linux-gnu.so
[1.455s] -- Up-to-date symlink: /home/ubuntu/workspace/robotics_v1/install/urscript_interfaces/lib/python3.8/site-packages/urscript_interfaces/urscript_interfaces_s__rosidl_typesupport_introspection_c.cpython-38-x86_64-linux-gnu.so
[1.455s] -- Up-to-date symlink: /home/ubuntu/workspace/robotics_v1/install/urscript_interfaces/lib/python3.8/site-packages/urscript_interfaces/urscript_interfaces_s__rosidl_typesupport_c.cpython-38-x86_64-linux-gnu.so
[1.458s] -- Up-to-date symlink: /home/ubuntu/workspace/robotics_v1/install/urscript_interfaces/lib/liburscript_interfaces__python.so
[1.460s] -- Up-to-date symlink: /home/ubuntu/workspace/robotics_v1/install/urscript_interfaces/share/urscript_interfaces/srv/UrScript.idl
[1.460s] -- Up-to-date symlink: /home/ubuntu/workspace/robotics_v1/install/urscript_interfaces/share/urscript_interfaces/srv/UrScript.srv
[1.462s] -- Up-to-date symlink: /home/ubuntu/workspace/robotics_v1/install/urscript_interfaces/share/urscript_interfaces/srv/UrScript_Request.msg
[1.462s] -- Up-to-date symlink: /home/ubuntu/workspace/robotics_v1/install/urscript_interfaces/share/urscript_interfaces/srv/UrScript_Response.msg
[1.463s] -- Up-to-date symlink: /home/ubuntu/workspace/robotics_v1/install/urscript_interfaces/share/ament_index/resource_index/package_run_dependencies/urscript_interfaces
[1.464s] -- Up-to-date symlink: /home/ubuntu/workspace/robotics_v1/install/urscript_interfaces/share/ament_index/resource_index/parent_prefix_path/urscript_interfaces
[1.466s] -- Up-to-date symlink: /home/ubuntu/workspace/robotics_v1/install/urscript_interfaces/share/urscript_interfaces/environment/ament_prefix_path.sh
[1.466s] -- Up-to-date symlink: /home/ubuntu/workspace/robotics_v1/install/urscript_interfaces/share/urscript_interfaces/environment/ament_prefix_path.dsv
[1.467s] -- Up-to-date symlink: /home/ubuntu/workspace/robotics_v1/install/urscript_interfaces/share/urscript_interfaces/environment/path.sh
[1.468s] -- Up-to-date symlink: /home/ubuntu/workspace/robotics_v1/install/urscript_interfaces/share/urscript_interfaces/environment/path.dsv
[1.469s] -- Up-to-date symlink: /home/ubuntu/workspace/robotics_v1/install/urscript_interfaces/share/urscript_interfaces/local_setup.bash
[1.470s] -- Up-to-date symlink: /home/ubuntu/workspace/robotics_v1/install/urscript_interfaces/share/urscript_interfaces/local_setup.sh
[1.472s] -- Up-to-date symlink: /home/ubuntu/workspace/robotics_v1/install/urscript_interfaces/share/urscript_interfaces/local_setup.zsh
[1.476s] -- Up-to-date symlink: /home/ubuntu/workspace/robotics_v1/install/urscript_interfaces/share/urscript_interfaces/local_setup.dsv
[1.479s] -- Symlinking: /home/ubuntu/workspace/robotics_v1/install/urscript_interfaces/share/urscript_interfaces/package.dsv
[1.504s] -- Up-to-date symlink: /home/ubuntu/workspace/robotics_v1/install/urscript_interfaces/share/ament_index/resource_index/packages/urscript_interfaces
[1.504s] -- Up-to-date symlink: /home/ubuntu/workspace/robotics_v1/install/urscript_interfaces/share/urscript_interfaces/cmake/rosidl_cmake-extras.cmake
[1.505s] -- Up-to-date symlink: /home/ubuntu/workspace/robotics_v1/install/urscript_interfaces/share/urscript_interfaces/cmake/ament_cmake_export_dependencies-extras.cmake
[1.505s] -- Up-to-date symlink: /home/ubuntu/workspace/robotics_v1/install/urscript_interfaces/share/urscript_interfaces/cmake/ament_cmake_export_libraries-extras.cmake
[1.506s] -- Up-to-date symlink: /home/ubuntu/workspace/robotics_v1/install/urscript_interfaces/share/urscript_interfaces/cmake/ament_cmake_export_targets-extras.cmake
[1.506s] -- Up-to-date symlink: /home/ubuntu/workspace/robotics_v1/install/urscript_interfaces/share/urscript_interfaces/cmake/ament_cmake_export_include_directories-extras.cmake
[1.508s] -- Up-to-date symlink: /home/ubuntu/workspace/robotics_v1/install/urscript_interfaces/share/urscript_interfaces/cmake/rosidl_cmake_export_typesupport_libraries-extras.cmake
[1.508s] -- Up-to-date symlink: /home/ubuntu/workspace/robotics_v1/install/urscript_interfaces/share/urscript_interfaces/cmake/rosidl_cmake_export_typesupport_targets-extras.cmake
[1.509s] -- Up-to-date symlink: /home/ubuntu/workspace/robotics_v1/install/urscript_interfaces/share/urscript_interfaces/cmake/urscript_interfacesConfig.cmake
[1.509s] -- Up-to-date symlink: /home/ubuntu/workspace/robotics_v1/install/urscript_interfaces/share/urscript_interfaces/cmake/urscript_interfacesConfig-version.cmake
[1.509s] -- Up-to-date symlink: /home/ubuntu/workspace/robotics_v1/install/urscript_interfaces/share/urscript_interfaces/package.xml
[1.510s] -- Up-to-date: /home/ubuntu/workspace/robotics_v1/install/urscript_interfaces/lib/liburscript_interfaces__rosidl_generator_c.so
[1.510s] -- Up-to-date: /home/ubuntu/workspace/robotics_v1/install/urscript_interfaces/lib/liburscript_interfaces__rosidl_typesupport_introspection_c.so
[1.512s] -- Up-to-date: /home/ubuntu/workspace/robotics_v1/install/urscript_interfaces/lib/liburscript_interfaces__rosidl_typesupport_c.so
[1.513s] -- Up-to-date: /home/ubuntu/workspace/robotics_v1/install/urscript_interfaces/lib/liburscript_interfaces__rosidl_typesupport_introspection_cpp.so
[1.513s] -- Up-to-date: /home/ubuntu/workspace/robotics_v1/install/urscript_interfaces/lib/liburscript_interfaces__rosidl_typesupport_cpp.so
[1.760s] -- Up-to-date: /home/ubuntu/workspace/robotics_v1/install/urscript_interfaces/share/urscript_interfaces/cmake/urscript_interfaces__rosidl_generator_cExport.cmake
[1.761s] -- Up-to-date: /home/ubuntu/workspace/robotics_v1/install/urscript_interfaces/share/urscript_interfaces/cmake/urscript_interfaces__rosidl_generator_cExport-debug.cmake
[1.761s] -- Up-to-date: /home/ubuntu/workspace/robotics_v1/install/urscript_interfaces/share/urscript_interfaces/cmake/urscript_interfaces__rosidl_typesupport_introspection_cExport.cmake
[1.761s] -- Up-to-date: /home/ubuntu/workspace/robotics_v1/install/urscript_interfaces/share/urscript_interfaces/cmake/urscript_interfaces__rosidl_typesupport_introspection_cExport-debug.cmake
[1.761s] -- Up-to-date: /home/ubuntu/workspace/robotics_v1/install/urscript_interfaces/share/urscript_interfaces/cmake/urscript_interfaces__rosidl_typesupport_cExport.cmake
[1.762s] -- Up-to-date: /home/ubuntu/workspace/robotics_v1/install/urscript_interfaces/share/urscript_interfaces/cmake/urscript_interfaces__rosidl_typesupport_cExport-debug.cmake
[1.762s] -- Up-to-date: /home/ubuntu/workspace/robotics_v1/install/urscript_interfaces/share/urscript_interfaces/cmake/urscript_interfaces__rosidl_generator_cppExport.cmake
[1.762s] -- Up-to-date: /home/ubuntu/workspace/robotics_v1/install/urscript_interfaces/share/urscript_interfaces/cmake/urscript_interfaces__rosidl_typesupport_introspection_cppExport.cmake
[1.762s] -- Up-to-date: /home/ubuntu/workspace/robotics_v1/install/urscript_interfaces/share/urscript_interfaces/cmake/urscript_interfaces__rosidl_typesupport_introspection_cppExport-debug.cmake
[1.762s] -- Up-to-date: /home/ubuntu/workspace/robotics_v1/install/urscript_interfaces/share/urscript_interfaces/cmake/urscript_interfaces__rosidl_typesupport_cppExport.cmake
[1.762s] -- Up-to-date: /home/ubuntu/workspace/robotics_v1/install/urscript_interfaces/share/urscript_interfaces/cmake/urscript_interfaces__rosidl_typesupport_cppExport-debug.cmake
[1.776s] Invoked command in '/home/ubuntu/workspace/robotics_v1/build/urscript_interfaces' returned '0': CMAKE_PREFIX_PATH=/opt/ros/foxy /usr/bin/cmake --install /home/ubuntu/workspace/robotics_v1/build/urscript_interfaces
