[0.193s] Invoking command in '/home/ubuntu/workspace/robotics_v1/build/robo_cleaner_interfaces': CMAKE_PREFIX_PATH=/opt/ros/foxy /usr/bin/cmake --build /home/ubuntu/workspace/robotics_v1/build/robo_cleaner_interfaces -- -j4 -l4
[0.402s] [ 11%] Built target robo_cleaner_interfaces__rosidl_generator_c
[0.437s] [ 12%] Built target robo_cleaner_interfaces__cpp
[0.618s] [ 24%] Built target robo_cleaner_interfaces__rosidl_typesupport_c
[0.631s] [ 35%] Built target robo_cleaner_interfaces__rosidl_typesupport_introspection_c
[0.700s] [ 47%] Built target robo_cleaner_interfaces__rosidl_typesupport_cpp
[0.759s] [ 58%] Built target robo_cleaner_interfaces__rosidl_typesupport_fastrtps_cpp
[0.870s] [ 72%] Built target robo_cleaner_interfaces__rosidl_typesupport_fastrtps_c
[0.872s] [ 81%] Built target robo_cleaner_interfaces__rosidl_typesupport_introspection_cpp
[0.941s] [ 81%] Built target robo_cleaner_interfaces
[1.015s] [ 82%] Built target robo_cleaner_interfaces__py
[1.233s] [ 93%] Built target robo_cleaner_interfaces__python
[1.350s] [ 95%] Built target robo_cleaner_interfaces__rosidl_typesupport_fastrtps_c__pyext
[1.404s] [ 97%] Built target robo_cleaner_interfaces__rosidl_typesupport_c__pyext
[1.425s] [100%] Built target robo_cleaner_interfaces__rosidl_typesupport_introspection_c__pyext
[1.507s] Invoked command in '/home/ubuntu/workspace/robotics_v1/build/robo_cleaner_interfaces' returned '0': CMAKE_PREFIX_PATH=/opt/ros/foxy /usr/bin/cmake --build /home/ubuntu/workspace/robotics_v1/build/robo_cleaner_interfaces -- -j4 -l4
[2.531s] Invoking command in '/home/ubuntu/workspace/robotics_v1/build/robo_cleaner_interfaces': CMAKE_PREFIX_PATH=/opt/ros/foxy /usr/bin/cmake --install /home/ubuntu/workspace/robotics_v1/build/robo_cleaner_interfaces
[2.560s] -- Install configuration: "Debug"
[2.562s] -- Execute custom install script
[2.563s] -- Up-to-date symlink: /home/ubuntu/workspace/robotics_v1/install/robo_cleaner_interfaces/share/ament_index/resource_index/rosidl_interfaces/robo_cleaner_interfaces
[2.565s] -- Up-to-date symlink: /home/ubuntu/workspace/robotics_v1/install/robo_cleaner_interfaces/include/robo_cleaner_interfaces/action/detail/robot_move__functions.h
[2.566s] -- Up-to-date symlink: /home/ubuntu/workspace/robotics_v1/install/robo_cleaner_interfaces/include/robo_cleaner_interfaces/action/detail/robot_move__struct.h
[2.566s] -- Up-to-date symlink: /home/ubuntu/workspace/robotics_v1/install/robo_cleaner_interfaces/include/robo_cleaner_interfaces/action/detail/robot_move__type_support.h
[2.567s] -- Up-to-date symlink: /home/ubuntu/workspace/robotics_v1/install/robo_cleaner_interfaces/include/robo_cleaner_interfaces/action/robot_move.h
[2.571s] -- Up-to-date symlink: /home/ubuntu/workspace/robotics_v1/install/robo_cleaner_interfaces/include/robo_cleaner_interfaces/msg/battery_status.h
[2.571s] -- Up-to-date symlink: /home/ubuntu/workspace/robotics_v1/install/robo_cleaner_interfaces/include/robo_cleaner_interfaces/msg/detail/battery_status__functions.h
[2.572s] -- Up-to-date symlink: /home/ubuntu/workspace/robotics_v1/install/robo_cleaner_interfaces/include/robo_cleaner_interfaces/msg/detail/battery_status__struct.h
[2.572s] -- Up-to-date symlink: /home/ubuntu/workspace/robotics_v1/install/robo_cleaner_interfaces/include/robo_cleaner_interfaces/msg/detail/battery_status__type_support.h
[2.573s] -- Up-to-date symlink: /home/ubuntu/workspace/robotics_v1/install/robo_cleaner_interfaces/include/robo_cleaner_interfaces/msg/detail/initial_robot_state__functions.h
[2.574s] -- Up-to-date symlink: /home/ubuntu/workspace/robotics_v1/install/robo_cleaner_interfaces/include/robo_cleaner_interfaces/msg/detail/initial_robot_state__struct.h
[2.575s] -- Up-to-date symlink: /home/ubuntu/workspace/robotics_v1/install/robo_cleaner_interfaces/include/robo_cleaner_interfaces/msg/detail/initial_robot_state__type_support.h
[2.577s] -- Up-to-date symlink: /home/ubuntu/workspace/robotics_v1/install/robo_cleaner_interfaces/include/robo_cleaner_interfaces/msg/detail/robot_move_type__functions.h
[2.578s] -- Up-to-date symlink: /home/ubuntu/workspace/robotics_v1/install/robo_cleaner_interfaces/include/robo_cleaner_interfaces/msg/detail/robot_move_type__struct.h
[2.579s] -- Up-to-date symlink: /home/ubuntu/workspace/robotics_v1/install/robo_cleaner_interfaces/include/robo_cleaner_interfaces/msg/detail/robot_move_type__type_support.h
[2.587s] -- Up-to-date symlink: /home/ubuntu/workspace/robotics_v1/install/robo_cleaner_interfaces/include/robo_cleaner_interfaces/msg/detail/user_authenticate__functions.h
[2.587s] -- Up-to-date symlink: /home/ubuntu/workspace/robotics_v1/install/robo_cleaner_interfaces/include/robo_cleaner_interfaces/msg/detail/user_authenticate__struct.h
[2.588s] -- Up-to-date symlink: /home/ubuntu/workspace/robotics_v1/install/robo_cleaner_interfaces/include/robo_cleaner_interfaces/msg/detail/user_authenticate__type_support.h
[2.588s] -- Up-to-date symlink: /home/ubuntu/workspace/robotics_v1/install/robo_cleaner_interfaces/include/robo_cleaner_interfaces/msg/initial_robot_state.h
[2.589s] -- Up-to-date symlink: /home/ubuntu/workspace/robotics_v1/install/robo_cleaner_interfaces/include/robo_cleaner_interfaces/msg/robot_move_type.h
[2.590s] -- Up-to-date symlink: /home/ubuntu/workspace/robotics_v1/install/robo_cleaner_interfaces/include/robo_cleaner_interfaces/msg/rosidl_generator_c__visibility_control.h
[2.590s] -- Up-to-date symlink: /home/ubuntu/workspace/robotics_v1/install/robo_cleaner_interfaces/include/robo_cleaner_interfaces/msg/user_authenticate.h
[2.591s] -- Up-to-date symlink: /home/ubuntu/workspace/robotics_v1/install/robo_cleaner_interfaces/include/robo_cleaner_interfaces/srv/charge_battery.h
[2.592s] -- Up-to-date symlink: /home/ubuntu/workspace/robotics_v1/install/robo_cleaner_interfaces/include/robo_cleaner_interfaces/srv/detail/charge_battery__functions.h
[2.592s] -- Up-to-date symlink: /home/ubuntu/workspace/robotics_v1/install/robo_cleaner_interfaces/include/robo_cleaner_interfaces/srv/detail/charge_battery__struct.h
[2.593s] -- Up-to-date symlink: /home/ubuntu/workspace/robotics_v1/install/robo_cleaner_interfaces/include/robo_cleaner_interfaces/srv/detail/charge_battery__type_support.h
[2.594s] -- Up-to-date symlink: /home/ubuntu/workspace/robotics_v1/install/robo_cleaner_interfaces/include/robo_cleaner_interfaces/srv/detail/query_battery_status__functions.h
[2.594s] -- Up-to-date symlink: /home/ubuntu/workspace/robotics_v1/install/robo_cleaner_interfaces/include/robo_cleaner_interfaces/srv/detail/query_battery_status__struct.h
[2.596s] -- Up-to-date symlink: /home/ubuntu/workspace/robotics_v1/install/robo_cleaner_interfaces/include/robo_cleaner_interfaces/srv/detail/query_battery_status__type_support.h
[2.597s] -- Up-to-date symlink: /home/ubuntu/workspace/robotics_v1/install/robo_cleaner_interfaces/include/robo_cleaner_interfaces/srv/detail/query_initial_robot_state__functions.h
[2.599s] -- Up-to-date symlink: /home/ubuntu/workspace/robotics_v1/install/robo_cleaner_interfaces/include/robo_cleaner_interfaces/srv/detail/query_initial_robot_state__struct.h
[2.600s] -- Up-to-date symlink: /home/ubuntu/workspace/robotics_v1/install/robo_cleaner_interfaces/include/robo_cleaner_interfaces/srv/detail/query_initial_robot_state__type_support.h
[2.601s] -- Up-to-date symlink: /home/ubuntu/workspace/robotics_v1/install/robo_cleaner_interfaces/include/robo_cleaner_interfaces/srv/query_battery_status.h
[2.604s] -- Up-to-date symlink: /home/ubuntu/workspace/robotics_v1/install/robo_cleaner_interfaces/include/robo_cleaner_interfaces/srv/query_initial_robot_state.h
[2.606s] -- Up-to-date symlink: /home/ubuntu/workspace/robotics_v1/install/robo_cleaner_interfaces/share/robo_cleaner_interfaces/environment/library_path.sh
[2.606s] -- Up-to-date symlink: /home/ubuntu/workspace/robotics_v1/install/robo_cleaner_interfaces/share/robo_cleaner_interfaces/environment/library_path.dsv
[2.610s] -- Up-to-date symlink: /home/ubuntu/workspace/robotics_v1/install/robo_cleaner_interfaces/include/robo_cleaner_interfaces/action/detail/robot_move__rosidl_typesupport_fastrtps_c.h
[2.611s] -- Up-to-date symlink: /home/ubuntu/workspace/robotics_v1/install/robo_cleaner_interfaces/include/robo_cleaner_interfaces/msg/detail/battery_status__rosidl_typesupport_fastrtps_c.h
[2.612s] -- Up-to-date symlink: /home/ubuntu/workspace/robotics_v1/install/robo_cleaner_interfaces/include/robo_cleaner_interfaces/msg/detail/initial_robot_state__rosidl_typesupport_fastrtps_c.h
[2.613s] -- Up-to-date symlink: /home/ubuntu/workspace/robotics_v1/install/robo_cleaner_interfaces/include/robo_cleaner_interfaces/msg/detail/robot_move_type__rosidl_typesupport_fastrtps_c.h
[2.613s] -- Up-to-date symlink: /home/ubuntu/workspace/robotics_v1/install/robo_cleaner_interfaces/include/robo_cleaner_interfaces/msg/detail/user_authenticate__rosidl_typesupport_fastrtps_c.h
[2.613s] -- Up-to-date symlink: /home/ubuntu/workspace/robotics_v1/install/robo_cleaner_interfaces/include/robo_cleaner_interfaces/msg/rosidl_typesupport_fastrtps_c__visibility_control.h
[2.613s] -- Up-to-date symlink: /home/ubuntu/workspace/robotics_v1/install/robo_cleaner_interfaces/include/robo_cleaner_interfaces/srv/detail/charge_battery__rosidl_typesupport_fastrtps_c.h
[2.614s] -- Up-to-date symlink: /home/ubuntu/workspace/robotics_v1/install/robo_cleaner_interfaces/include/robo_cleaner_interfaces/srv/detail/query_battery_status__rosidl_typesupport_fastrtps_c.h
[2.614s] -- Up-to-date symlink: /home/ubuntu/workspace/robotics_v1/install/robo_cleaner_interfaces/include/robo_cleaner_interfaces/srv/detail/query_initial_robot_state__rosidl_typesupport_fastrtps_c.h
[2.616s] -- Up-to-date symlink: /home/ubuntu/workspace/robotics_v1/install/robo_cleaner_interfaces/lib/librobo_cleaner_interfaces__rosidl_typesupport_fastrtps_c.so
[2.623s] -- Up-to-date symlink: /home/ubuntu/workspace/robotics_v1/install/robo_cleaner_interfaces/include/robo_cleaner_interfaces/action/detail/robot_move__rosidl_typesupport_fastrtps_cpp.hpp
[2.626s] -- Up-to-date symlink: /home/ubuntu/workspace/robotics_v1/install/robo_cleaner_interfaces/include/robo_cleaner_interfaces/msg/detail/battery_status__rosidl_typesupport_fastrtps_cpp.hpp
[2.626s] -- Up-to-date symlink: /home/ubuntu/workspace/robotics_v1/install/robo_cleaner_interfaces/include/robo_cleaner_interfaces/msg/detail/initial_robot_state__rosidl_typesupport_fastrtps_cpp.hpp
[2.626s] -- Up-to-date symlink: /home/ubuntu/workspace/robotics_v1/install/robo_cleaner_interfaces/include/robo_cleaner_interfaces/msg/detail/robot_move_type__rosidl_typesupport_fastrtps_cpp.hpp
[2.626s] -- Up-to-date symlink: /home/ubuntu/workspace/robotics_v1/install/robo_cleaner_interfaces/include/robo_cleaner_interfaces/msg/detail/user_authenticate__rosidl_typesupport_fastrtps_cpp.hpp
[2.626s] -- Up-to-date symlink: /home/ubuntu/workspace/robotics_v1/install/robo_cleaner_interfaces/include/robo_cleaner_interfaces/msg/rosidl_typesupport_fastrtps_cpp__visibility_control.h
[2.636s] -- Up-to-date symlink: /home/ubuntu/workspace/robotics_v1/install/robo_cleaner_interfaces/include/robo_cleaner_interfaces/srv/detail/charge_battery__rosidl_typesupport_fastrtps_cpp.hpp
[2.636s] -- Up-to-date symlink: /home/ubuntu/workspace/robotics_v1/install/robo_cleaner_interfaces/include/robo_cleaner_interfaces/srv/detail/query_battery_status__rosidl_typesupport_fastrtps_cpp.hpp
[2.637s] -- Up-to-date symlink: /home/ubuntu/workspace/robotics_v1/install/robo_cleaner_interfaces/include/robo_cleaner_interfaces/srv/detail/query_initial_robot_state__rosidl_typesupport_fastrtps_cpp.hpp
[2.637s] -- Up-to-date symlink: /home/ubuntu/workspace/robotics_v1/install/robo_cleaner_interfaces/lib/librobo_cleaner_interfaces__rosidl_typesupport_fastrtps_cpp.so
[2.639s] -- Up-to-date symlink: /home/ubuntu/workspace/robotics_v1/install/robo_cleaner_interfaces/include/robo_cleaner_interfaces/action/detail/robot_move__rosidl_typesupport_introspection_c.h
[2.639s] -- Up-to-date symlink: /home/ubuntu/workspace/robotics_v1/install/robo_cleaner_interfaces/include/robo_cleaner_interfaces/msg/detail/battery_status__rosidl_typesupport_introspection_c.h
[2.640s] -- Up-to-date symlink: /home/ubuntu/workspace/robotics_v1/install/robo_cleaner_interfaces/include/robo_cleaner_interfaces/msg/detail/initial_robot_state__rosidl_typesupport_introspection_c.h
[2.640s] -- Up-to-date symlink: /home/ubuntu/workspace/robotics_v1/install/robo_cleaner_interfaces/include/robo_cleaner_interfaces/msg/detail/robot_move_type__rosidl_typesupport_introspection_c.h
[2.641s] -- Up-to-date symlink: /home/ubuntu/workspace/robotics_v1/install/robo_cleaner_interfaces/include/robo_cleaner_interfaces/msg/detail/user_authenticate__rosidl_typesupport_introspection_c.h
[2.642s] -- Up-to-date symlink: /home/ubuntu/workspace/robotics_v1/install/robo_cleaner_interfaces/include/robo_cleaner_interfaces/msg/rosidl_typesupport_introspection_c__visibility_control.h
[2.643s] -- Up-to-date symlink: /home/ubuntu/workspace/robotics_v1/install/robo_cleaner_interfaces/include/robo_cleaner_interfaces/srv/detail/charge_battery__rosidl_typesupport_introspection_c.h
[2.643s] -- Up-to-date symlink: /home/ubuntu/workspace/robotics_v1/install/robo_cleaner_interfaces/include/robo_cleaner_interfaces/srv/detail/query_battery_status__rosidl_typesupport_introspection_c.h
[2.644s] -- Up-to-date symlink: /home/ubuntu/workspace/robotics_v1/install/robo_cleaner_interfaces/include/robo_cleaner_interfaces/srv/detail/query_initial_robot_state__rosidl_typesupport_introspection_c.h
[2.687s] -- Up-to-date symlink: /home/ubuntu/workspace/robotics_v1/install/robo_cleaner_interfaces/include/robo_cleaner_interfaces/action/detail/robot_move__builder.hpp
[2.687s] -- Up-to-date symlink: /home/ubuntu/workspace/robotics_v1/install/robo_cleaner_interfaces/include/robo_cleaner_interfaces/action/detail/robot_move__struct.hpp
[2.716s] -- Up-to-date symlink: /home/ubuntu/workspace/robotics_v1/install/robo_cleaner_interfaces/include/robo_cleaner_interfaces/action/detail/robot_move__traits.hpp
[2.717s] -- Up-to-date symlink: /home/ubuntu/workspace/robotics_v1/install/robo_cleaner_interfaces/include/robo_cleaner_interfaces/action/robot_move.hpp
[2.717s] -- Up-to-date symlink: /home/ubuntu/workspace/robotics_v1/install/robo_cleaner_interfaces/include/robo_cleaner_interfaces/msg/battery_status.hpp
[2.720s] -- Up-to-date symlink: /home/ubuntu/workspace/robotics_v1/install/robo_cleaner_interfaces/include/robo_cleaner_interfaces/msg/detail/battery_status__builder.hpp
[2.720s] -- Up-to-date symlink: /home/ubuntu/workspace/robotics_v1/install/robo_cleaner_interfaces/include/robo_cleaner_interfaces/msg/detail/battery_status__struct.hpp
[2.720s] -- Up-to-date symlink: /home/ubuntu/workspace/robotics_v1/install/robo_cleaner_interfaces/include/robo_cleaner_interfaces/msg/detail/battery_status__traits.hpp
[2.720s] -- Up-to-date symlink: /home/ubuntu/workspace/robotics_v1/install/robo_cleaner_interfaces/include/robo_cleaner_interfaces/msg/detail/initial_robot_state__builder.hpp
[2.720s] -- Up-to-date symlink: /home/ubuntu/workspace/robotics_v1/install/robo_cleaner_interfaces/include/robo_cleaner_interfaces/msg/detail/initial_robot_state__struct.hpp
[2.720s] -- Up-to-date symlink: /home/ubuntu/workspace/robotics_v1/install/robo_cleaner_interfaces/include/robo_cleaner_interfaces/msg/detail/initial_robot_state__traits.hpp
[2.721s] -- Up-to-date symlink: /home/ubuntu/workspace/robotics_v1/install/robo_cleaner_interfaces/include/robo_cleaner_interfaces/msg/detail/robot_move_type__builder.hpp
[2.721s] -- Up-to-date symlink: /home/ubuntu/workspace/robotics_v1/install/robo_cleaner_interfaces/include/robo_cleaner_interfaces/msg/detail/robot_move_type__struct.hpp
[2.721s] -- Up-to-date symlink: /home/ubuntu/workspace/robotics_v1/install/robo_cleaner_interfaces/include/robo_cleaner_interfaces/msg/detail/robot_move_type__traits.hpp
[2.722s] -- Up-to-date symlink: /home/ubuntu/workspace/robotics_v1/install/robo_cleaner_interfaces/include/robo_cleaner_interfaces/msg/detail/user_authenticate__builder.hpp
[2.722s] -- Up-to-date symlink: /home/ubuntu/workspace/robotics_v1/install/robo_cleaner_interfaces/include/robo_cleaner_interfaces/msg/detail/user_authenticate__struct.hpp
[2.722s] -- Up-to-date symlink: /home/ubuntu/workspace/robotics_v1/install/robo_cleaner_interfaces/include/robo_cleaner_interfaces/msg/detail/user_authenticate__traits.hpp
[2.724s] -- Up-to-date symlink: /home/ubuntu/workspace/robotics_v1/install/robo_cleaner_interfaces/include/robo_cleaner_interfaces/msg/initial_robot_state.hpp
[2.727s] -- Up-to-date symlink: /home/ubuntu/workspace/robotics_v1/install/robo_cleaner_interfaces/include/robo_cleaner_interfaces/msg/robot_move_type.hpp
[2.730s] -- Up-to-date symlink: /home/ubuntu/workspace/robotics_v1/install/robo_cleaner_interfaces/include/robo_cleaner_interfaces/msg/user_authenticate.hpp
[2.730s] -- Up-to-date symlink: /home/ubuntu/workspace/robotics_v1/install/robo_cleaner_interfaces/include/robo_cleaner_interfaces/srv/charge_battery.hpp
[2.732s] -- Up-to-date symlink: /home/ubuntu/workspace/robotics_v1/install/robo_cleaner_interfaces/include/robo_cleaner_interfaces/srv/detail/charge_battery__builder.hpp
[2.732s] -- Up-to-date symlink: /home/ubuntu/workspace/robotics_v1/install/robo_cleaner_interfaces/include/robo_cleaner_interfaces/srv/detail/charge_battery__struct.hpp
[2.732s] -- Up-to-date symlink: /home/ubuntu/workspace/robotics_v1/install/robo_cleaner_interfaces/include/robo_cleaner_interfaces/srv/detail/charge_battery__traits.hpp
[2.732s] -- Up-to-date symlink: /home/ubuntu/workspace/robotics_v1/install/robo_cleaner_interfaces/include/robo_cleaner_interfaces/srv/detail/query_battery_status__builder.hpp
[2.733s] -- Up-to-date symlink: /home/ubuntu/workspace/robotics_v1/install/robo_cleaner_interfaces/include/robo_cleaner_interfaces/srv/detail/query_battery_status__struct.hpp
[2.737s] -- Up-to-date symlink: /home/ubuntu/workspace/robotics_v1/install/robo_cleaner_interfaces/include/robo_cleaner_interfaces/srv/detail/query_battery_status__traits.hpp
[2.743s] -- Up-to-date symlink: /home/ubuntu/workspace/robotics_v1/install/robo_cleaner_interfaces/include/robo_cleaner_interfaces/srv/detail/query_initial_robot_state__builder.hpp
[2.743s] -- Up-to-date symlink: /home/ubuntu/workspace/robotics_v1/install/robo_cleaner_interfaces/include/robo_cleaner_interfaces/srv/detail/query_initial_robot_state__struct.hpp
[2.744s] -- Up-to-date symlink: /home/ubuntu/workspace/robotics_v1/install/robo_cleaner_interfaces/include/robo_cleaner_interfaces/srv/detail/query_initial_robot_state__traits.hpp
[2.744s] -- Up-to-date symlink: /home/ubuntu/workspace/robotics_v1/install/robo_cleaner_interfaces/include/robo_cleaner_interfaces/srv/query_battery_status.hpp
[2.744s] -- Up-to-date symlink: /home/ubuntu/workspace/robotics_v1/install/robo_cleaner_interfaces/include/robo_cleaner_interfaces/srv/query_initial_robot_state.hpp
[2.744s] -- Up-to-date symlink: /home/ubuntu/workspace/robotics_v1/install/robo_cleaner_interfaces/include/robo_cleaner_interfaces/action/detail/robot_move__rosidl_typesupport_introspection_cpp.hpp
[2.744s] -- Up-to-date symlink: /home/ubuntu/workspace/robotics_v1/install/robo_cleaner_interfaces/include/robo_cleaner_interfaces/msg/detail/battery_status__rosidl_typesupport_introspection_cpp.hpp
[2.744s] -- Up-to-date symlink: /home/ubuntu/workspace/robotics_v1/install/robo_cleaner_interfaces/include/robo_cleaner_interfaces/msg/detail/initial_robot_state__rosidl_typesupport_introspection_cpp.hpp
[2.744s] -- Up-to-date symlink: /home/ubuntu/workspace/robotics_v1/install/robo_cleaner_interfaces/include/robo_cleaner_interfaces/msg/detail/robot_move_type__rosidl_typesupport_introspection_cpp.hpp
[2.744s] -- Up-to-date symlink: /home/ubuntu/workspace/robotics_v1/install/robo_cleaner_interfaces/include/robo_cleaner_interfaces/msg/detail/user_authenticate__rosidl_typesupport_introspection_cpp.hpp
[2.744s] -- Up-to-date symlink: /home/ubuntu/workspace/robotics_v1/install/robo_cleaner_interfaces/include/robo_cleaner_interfaces/srv/detail/charge_battery__rosidl_typesupport_introspection_cpp.hpp
[2.745s] -- Up-to-date symlink: /home/ubuntu/workspace/robotics_v1/install/robo_cleaner_interfaces/include/robo_cleaner_interfaces/srv/detail/query_battery_status__rosidl_typesupport_introspection_cpp.hpp
[2.745s] -- Up-to-date symlink: /home/ubuntu/workspace/robotics_v1/install/robo_cleaner_interfaces/include/robo_cleaner_interfaces/srv/detail/query_initial_robot_state__rosidl_typesupport_introspection_cpp.hpp
[2.745s] -- Up-to-date symlink: /home/ubuntu/workspace/robotics_v1/install/robo_cleaner_interfaces/share/robo_cleaner_interfaces/environment/pythonpath.sh
[2.749s] -- Up-to-date symlink: /home/ubuntu/workspace/robotics_v1/install/robo_cleaner_interfaces/share/robo_cleaner_interfaces/environment/pythonpath.dsv
[2.749s] -- Up-to-date symlink: /home/ubuntu/workspace/robotics_v1/install/robo_cleaner_interfaces/lib/python3.8/site-packages/robo_cleaner_interfaces/__init__.py
[2.750s] -- Up-to-date symlink: /home/ubuntu/workspace/robotics_v1/install/robo_cleaner_interfaces/lib/python3.8/site-packages/robo_cleaner_interfaces/msg/__init__.py
[2.750s] -- Up-to-date symlink: /home/ubuntu/workspace/robotics_v1/install/robo_cleaner_interfaces/lib/python3.8/site-packages/robo_cleaner_interfaces/msg/_battery_status.py
[2.751s] -- Up-to-date symlink: /home/ubuntu/workspace/robotics_v1/install/robo_cleaner_interfaces/lib/python3.8/site-packages/robo_cleaner_interfaces/msg/_initial_robot_state.py
[2.751s] -- Up-to-date symlink: /home/ubuntu/workspace/robotics_v1/install/robo_cleaner_interfaces/lib/python3.8/site-packages/robo_cleaner_interfaces/msg/_robot_move_type.py
[2.751s] -- Up-to-date symlink: /home/ubuntu/workspace/robotics_v1/install/robo_cleaner_interfaces/lib/python3.8/site-packages/robo_cleaner_interfaces/msg/_user_authenticate.py
[2.751s] -- Up-to-date symlink: /home/ubuntu/workspace/robotics_v1/install/robo_cleaner_interfaces/lib/python3.8/site-packages/robo_cleaner_interfaces/srv/__init__.py
[2.752s] -- Up-to-date symlink: /home/ubuntu/workspace/robotics_v1/install/robo_cleaner_interfaces/lib/python3.8/site-packages/robo_cleaner_interfaces/srv/_charge_battery.py
[2.752s] -- Up-to-date symlink: /home/ubuntu/workspace/robotics_v1/install/robo_cleaner_interfaces/lib/python3.8/site-packages/robo_cleaner_interfaces/srv/_query_battery_status.py
[2.752s] -- Up-to-date symlink: /home/ubuntu/workspace/robotics_v1/install/robo_cleaner_interfaces/lib/python3.8/site-packages/robo_cleaner_interfaces/srv/_query_initial_robot_state.py
[2.753s] -- Up-to-date symlink: /home/ubuntu/workspace/robotics_v1/install/robo_cleaner_interfaces/lib/python3.8/site-packages/robo_cleaner_interfaces/action/__init__.py
[2.755s] -- Up-to-date symlink: /home/ubuntu/workspace/robotics_v1/install/robo_cleaner_interfaces/lib/python3.8/site-packages/robo_cleaner_interfaces/action/_robot_move.py
[2.761s] -- Up-to-date symlink: /home/ubuntu/workspace/robotics_v1/install/robo_cleaner_interfaces/lib/python3.8/site-packages/robo_cleaner_interfaces/robo_cleaner_interfaces_s__rosidl_typesupport_fastrtps_c.cpython-38-x86_64-linux-gnu.so
[2.776s] -- Up-to-date symlink: /home/ubuntu/workspace/robotics_v1/install/robo_cleaner_interfaces/lib/python3.8/site-packages/robo_cleaner_interfaces/robo_cleaner_interfaces_s__rosidl_typesupport_introspection_c.cpython-38-x86_64-linux-gnu.so
[2.777s] -- Up-to-date symlink: /home/ubuntu/workspace/robotics_v1/install/robo_cleaner_interfaces/lib/python3.8/site-packages/robo_cleaner_interfaces/robo_cleaner_interfaces_s__rosidl_typesupport_c.cpython-38-x86_64-linux-gnu.so
[2.777s] -- Up-to-date symlink: /home/ubuntu/workspace/robotics_v1/install/robo_cleaner_interfaces/lib/librobo_cleaner_interfaces__python.so
[2.777s] -- Up-to-date symlink: /home/ubuntu/workspace/robotics_v1/install/robo_cleaner_interfaces/share/robo_cleaner_interfaces/msg/BatteryStatus.idl
[2.791s] -- Up-to-date symlink: /home/ubuntu/workspace/robotics_v1/install/robo_cleaner_interfaces/share/robo_cleaner_interfaces/msg/InitialRobotState.idl
[2.791s] -- Up-to-date symlink: /home/ubuntu/workspace/robotics_v1/install/robo_cleaner_interfaces/share/robo_cleaner_interfaces/msg/RobotMoveType.idl
[2.792s] -- Up-to-date symlink: /home/ubuntu/workspace/robotics_v1/install/robo_cleaner_interfaces/share/robo_cleaner_interfaces/msg/UserAuthenticate.idl
[2.792s] -- Up-to-date symlink: /home/ubuntu/workspace/robotics_v1/install/robo_cleaner_interfaces/share/robo_cleaner_interfaces/srv/ChargeBattery.idl
[2.792s] -- Up-to-date symlink: /home/ubuntu/workspace/robotics_v1/install/robo_cleaner_interfaces/share/robo_cleaner_interfaces/srv/QueryBatteryStatus.idl
[2.792s] -- Up-to-date symlink: /home/ubuntu/workspace/robotics_v1/install/robo_cleaner_interfaces/share/robo_cleaner_interfaces/srv/QueryInitialRobotState.idl
[2.792s] -- Up-to-date symlink: /home/ubuntu/workspace/robotics_v1/install/robo_cleaner_interfaces/share/robo_cleaner_interfaces/action/RobotMove.idl
[2.792s] -- Up-to-date symlink: /home/ubuntu/workspace/robotics_v1/install/robo_cleaner_interfaces/share/robo_cleaner_interfaces/msg/BatteryStatus.msg
[2.792s] -- Up-to-date symlink: /home/ubuntu/workspace/robotics_v1/install/robo_cleaner_interfaces/share/robo_cleaner_interfaces/msg/InitialRobotState.msg
[2.793s] -- Up-to-date symlink: /home/ubuntu/workspace/robotics_v1/install/robo_cleaner_interfaces/share/robo_cleaner_interfaces/msg/RobotMoveType.msg
[2.793s] -- Up-to-date symlink: /home/ubuntu/workspace/robotics_v1/install/robo_cleaner_interfaces/share/robo_cleaner_interfaces/msg/UserAuthenticate.msg
[2.793s] -- Up-to-date symlink: /home/ubuntu/workspace/robotics_v1/install/robo_cleaner_interfaces/share/robo_cleaner_interfaces/srv/ChargeBattery.srv
[2.793s] -- Up-to-date symlink: /home/ubuntu/workspace/robotics_v1/install/robo_cleaner_interfaces/share/robo_cleaner_interfaces/srv/ChargeBattery_Request.msg
[2.793s] -- Up-to-date symlink: /home/ubuntu/workspace/robotics_v1/install/robo_cleaner_interfaces/share/robo_cleaner_interfaces/srv/ChargeBattery_Response.msg
[2.793s] -- Up-to-date symlink: /home/ubuntu/workspace/robotics_v1/install/robo_cleaner_interfaces/share/robo_cleaner_interfaces/srv/QueryBatteryStatus.srv
[2.794s] -- Up-to-date symlink: /home/ubuntu/workspace/robotics_v1/install/robo_cleaner_interfaces/share/robo_cleaner_interfaces/srv/QueryBatteryStatus_Request.msg
[2.794s] -- Up-to-date symlink: /home/ubuntu/workspace/robotics_v1/install/robo_cleaner_interfaces/share/robo_cleaner_interfaces/srv/QueryBatteryStatus_Response.msg
[2.812s] -- Up-to-date symlink: /home/ubuntu/workspace/robotics_v1/install/robo_cleaner_interfaces/share/robo_cleaner_interfaces/srv/QueryInitialRobotState.srv
[2.812s] -- Up-to-date symlink: /home/ubuntu/workspace/robotics_v1/install/robo_cleaner_interfaces/share/robo_cleaner_interfaces/srv/QueryInitialRobotState_Request.msg
[2.813s] -- Up-to-date symlink: /home/ubuntu/workspace/robotics_v1/install/robo_cleaner_interfaces/share/robo_cleaner_interfaces/srv/QueryInitialRobotState_Response.msg
[2.813s] -- Up-to-date symlink: /home/ubuntu/workspace/robotics_v1/install/robo_cleaner_interfaces/share/robo_cleaner_interfaces/action/RobotMove.action
[2.813s] -- Up-to-date symlink: /home/ubuntu/workspace/robotics_v1/install/robo_cleaner_interfaces/share/ament_index/resource_index/package_run_dependencies/robo_cleaner_interfaces
[2.813s] -- Up-to-date symlink: /home/ubuntu/workspace/robotics_v1/install/robo_cleaner_interfaces/share/ament_index/resource_index/parent_prefix_path/robo_cleaner_interfaces
[2.813s] -- Up-to-date symlink: /home/ubuntu/workspace/robotics_v1/install/robo_cleaner_interfaces/share/robo_cleaner_interfaces/environment/ament_prefix_path.sh
[2.814s] -- Up-to-date symlink: /home/ubuntu/workspace/robotics_v1/install/robo_cleaner_interfaces/share/robo_cleaner_interfaces/environment/ament_prefix_path.dsv
[2.814s] -- Up-to-date symlink: /home/ubuntu/workspace/robotics_v1/install/robo_cleaner_interfaces/share/robo_cleaner_interfaces/environment/path.sh
[2.814s] -- Up-to-date symlink: /home/ubuntu/workspace/robotics_v1/install/robo_cleaner_interfaces/share/robo_cleaner_interfaces/environment/path.dsv
[2.814s] -- Up-to-date symlink: /home/ubuntu/workspace/robotics_v1/install/robo_cleaner_interfaces/share/robo_cleaner_interfaces/local_setup.bash
[2.815s] -- Up-to-date symlink: /home/ubuntu/workspace/robotics_v1/install/robo_cleaner_interfaces/share/robo_cleaner_interfaces/local_setup.sh
[2.819s] -- Up-to-date symlink: /home/ubuntu/workspace/robotics_v1/install/robo_cleaner_interfaces/share/robo_cleaner_interfaces/local_setup.zsh
[2.819s] -- Up-to-date symlink: /home/ubuntu/workspace/robotics_v1/install/robo_cleaner_interfaces/share/robo_cleaner_interfaces/local_setup.dsv
[2.819s] -- Symlinking: /home/ubuntu/workspace/robotics_v1/install/robo_cleaner_interfaces/share/robo_cleaner_interfaces/package.dsv
[2.819s] -- Up-to-date symlink: /home/ubuntu/workspace/robotics_v1/install/robo_cleaner_interfaces/share/ament_index/resource_index/packages/robo_cleaner_interfaces
[2.819s] -- Up-to-date symlink: /home/ubuntu/workspace/robotics_v1/install/robo_cleaner_interfaces/share/robo_cleaner_interfaces/cmake/rosidl_cmake-extras.cmake
[2.819s] -- Up-to-date symlink: /home/ubuntu/workspace/robotics_v1/install/robo_cleaner_interfaces/share/robo_cleaner_interfaces/cmake/ament_cmake_export_dependencies-extras.cmake
[2.819s] -- Up-to-date symlink: /home/ubuntu/workspace/robotics_v1/install/robo_cleaner_interfaces/share/robo_cleaner_interfaces/cmake/ament_cmake_export_libraries-extras.cmake
[2.820s] -- Up-to-date symlink: /home/ubuntu/workspace/robotics_v1/install/robo_cleaner_interfaces/share/robo_cleaner_interfaces/cmake/ament_cmake_export_targets-extras.cmake
[2.820s] -- Up-to-date symlink: /home/ubuntu/workspace/robotics_v1/install/robo_cleaner_interfaces/share/robo_cleaner_interfaces/cmake/ament_cmake_export_include_directories-extras.cmake
[2.826s] -- Up-to-date symlink: /home/ubuntu/workspace/robotics_v1/install/robo_cleaner_interfaces/share/robo_cleaner_interfaces/cmake/rosidl_cmake_export_typesupport_libraries-extras.cmake
[2.826s] -- Up-to-date symlink: /home/ubuntu/workspace/robotics_v1/install/robo_cleaner_interfaces/share/robo_cleaner_interfaces/cmake/rosidl_cmake_export_typesupport_targets-extras.cmake
[2.826s] -- Up-to-date symlink: /home/ubuntu/workspace/robotics_v1/install/robo_cleaner_interfaces/share/robo_cleaner_interfaces/cmake/robo_cleaner_interfacesConfig.cmake
[2.827s] -- Up-to-date symlink: /home/ubuntu/workspace/robotics_v1/install/robo_cleaner_interfaces/share/robo_cleaner_interfaces/cmake/robo_cleaner_interfacesConfig-version.cmake
[2.827s] -- Up-to-date symlink: /home/ubuntu/workspace/robotics_v1/install/robo_cleaner_interfaces/share/robo_cleaner_interfaces/package.xml
[2.827s] -- Up-to-date: /home/ubuntu/workspace/robotics_v1/install/robo_cleaner_interfaces/lib/librobo_cleaner_interfaces__rosidl_generator_c.so
[2.828s] -- Up-to-date: /home/ubuntu/workspace/robotics_v1/install/robo_cleaner_interfaces/lib/librobo_cleaner_interfaces__rosidl_typesupport_introspection_c.so
[2.828s] -- Up-to-date: /home/ubuntu/workspace/robotics_v1/install/robo_cleaner_interfaces/lib/librobo_cleaner_interfaces__rosidl_typesupport_c.so
[2.828s] -- Up-to-date: /home/ubuntu/workspace/robotics_v1/install/robo_cleaner_interfaces/lib/librobo_cleaner_interfaces__rosidl_typesupport_introspection_cpp.so
[2.828s] -- Up-to-date: /home/ubuntu/workspace/robotics_v1/install/robo_cleaner_interfaces/lib/librobo_cleaner_interfaces__rosidl_typesupport_cpp.so
[2.899s] -- Up-to-date: /home/ubuntu/workspace/robotics_v1/install/robo_cleaner_interfaces/share/robo_cleaner_interfaces/cmake/robo_cleaner_interfaces__rosidl_generator_cExport.cmake
[2.900s] -- Up-to-date: /home/ubuntu/workspace/robotics_v1/install/robo_cleaner_interfaces/share/robo_cleaner_interfaces/cmake/robo_cleaner_interfaces__rosidl_generator_cExport-debug.cmake
[2.901s] -- Up-to-date: /home/ubuntu/workspace/robotics_v1/install/robo_cleaner_interfaces/share/robo_cleaner_interfaces/cmake/robo_cleaner_interfaces__rosidl_typesupport_introspection_cExport.cmake
[2.902s] -- Up-to-date: /home/ubuntu/workspace/robotics_v1/install/robo_cleaner_interfaces/share/robo_cleaner_interfaces/cmake/robo_cleaner_interfaces__rosidl_typesupport_introspection_cExport-debug.cmake
[2.902s] -- Up-to-date: /home/ubuntu/workspace/robotics_v1/install/robo_cleaner_interfaces/share/robo_cleaner_interfaces/cmake/robo_cleaner_interfaces__rosidl_typesupport_cExport.cmake
[2.903s] -- Up-to-date: /home/ubuntu/workspace/robotics_v1/install/robo_cleaner_interfaces/share/robo_cleaner_interfaces/cmake/robo_cleaner_interfaces__rosidl_typesupport_cExport-debug.cmake
[2.904s] -- Up-to-date: /home/ubuntu/workspace/robotics_v1/install/robo_cleaner_interfaces/share/robo_cleaner_interfaces/cmake/robo_cleaner_interfaces__rosidl_generator_cppExport.cmake
[2.910s] -- Up-to-date: /home/ubuntu/workspace/robotics_v1/install/robo_cleaner_interfaces/share/robo_cleaner_interfaces/cmake/robo_cleaner_interfaces__rosidl_typesupport_introspection_cppExport.cmake
[2.912s] -- Up-to-date: /home/ubuntu/workspace/robotics_v1/install/robo_cleaner_interfaces/share/robo_cleaner_interfaces/cmake/robo_cleaner_interfaces__rosidl_typesupport_introspection_cppExport-debug.cmake
[2.912s] -- Up-to-date: /home/ubuntu/workspace/robotics_v1/install/robo_cleaner_interfaces/share/robo_cleaner_interfaces/cmake/robo_cleaner_interfaces__rosidl_typesupport_cppExport.cmake
[2.913s] -- Up-to-date: /home/ubuntu/workspace/robotics_v1/install/robo_cleaner_interfaces/share/robo_cleaner_interfaces/cmake/robo_cleaner_interfaces__rosidl_typesupport_cppExport-debug.cmake
[3.021s] Invoked command in '/home/ubuntu/workspace/robotics_v1/build/robo_cleaner_interfaces' returned '0': CMAKE_PREFIX_PATH=/opt/ros/foxy /usr/bin/cmake --install /home/ubuntu/workspace/robotics_v1/build/robo_cleaner_interfaces
