[0.107s] Invoking command in '/home/ubuntu/workspace/robotics_v1/build/ur_dashboard_msgs': CMAKE_PREFIX_PATH=/opt/ros/foxy /usr/bin/cmake --build /home/ubuntu/workspace/robotics_v1/build/ur_dashboard_msgs -- -j4 -l4
[0.479s] [  0%] Built target ur_dashboard_msgs__cpp
[0.604s] [ 12%] Built target ur_dashboard_msgs__rosidl_generator_c
[0.688s] [ 24%] Built target ur_dashboard_msgs__rosidl_typesupport_introspection_cpp
[0.775s] [ 36%] Built target ur_dashboard_msgs__rosidl_typesupport_fastrtps_cpp
[0.794s] [ 48%] Built target ur_dashboard_msgs__rosidl_typesupport_introspection_c
[0.824s] [ 60%] Built target ur_dashboard_msgs__rosidl_typesupport_cpp
[0.863s] [ 72%] Built target ur_dashboard_msgs__rosidl_typesupport_fastrtps_c
[0.870s] [ 84%] Built target ur_dashboard_msgs__rosidl_typesupport_c
[0.960s] [ 84%] Built target ur_dashboard_msgs
[1.054s] [ 85%] Built target ur_dashboard_msgs__py
[1.233s] [ 96%] Built target ur_dashboard_msgs__python
[1.482s] [ 98%] Built target ur_dashboard_msgs__rosidl_typesupport_introspection_c__pyext
[1.535s] [ 99%] Built target ur_dashboard_msgs__rosidl_typesupport_fastrtps_c__pyext
[1.552s] [100%] Built target ur_dashboard_msgs__rosidl_typesupport_c__pyext
[1.622s] Invoked command in '/home/ubuntu/workspace/robotics_v1/build/ur_dashboard_msgs' returned '0': CMAKE_PREFIX_PATH=/opt/ros/foxy /usr/bin/cmake --build /home/ubuntu/workspace/robotics_v1/build/ur_dashboard_msgs -- -j4 -l4
[2.924s] Invoking command in '/home/ubuntu/workspace/robotics_v1/build/ur_dashboard_msgs': CMAKE_PREFIX_PATH=/opt/ros/foxy /usr/bin/cmake --install /home/ubuntu/workspace/robotics_v1/build/ur_dashboard_msgs
[2.963s] -- Install configuration: "Debug"
[2.965s] -- Execute custom install script
[2.965s] -- Up-to-date symlink: /home/ubuntu/workspace/robotics_v1/install/ur_dashboard_msgs/share/ament_index/resource_index/rosidl_interfaces/ur_dashboard_msgs
[2.977s] -- Up-to-date symlink: /home/ubuntu/workspace/robotics_v1/install/ur_dashboard_msgs/include/ur_dashboard_msgs/action/detail/set_mode__functions.h
[2.977s] -- Up-to-date symlink: /home/ubuntu/workspace/robotics_v1/install/ur_dashboard_msgs/include/ur_dashboard_msgs/action/detail/set_mode__struct.h
[2.978s] -- Up-to-date symlink: /home/ubuntu/workspace/robotics_v1/install/ur_dashboard_msgs/include/ur_dashboard_msgs/action/detail/set_mode__type_support.h
[2.978s] -- Up-to-date symlink: /home/ubuntu/workspace/robotics_v1/install/ur_dashboard_msgs/include/ur_dashboard_msgs/action/set_mode.h
[2.979s] -- Up-to-date symlink: /home/ubuntu/workspace/robotics_v1/install/ur_dashboard_msgs/include/ur_dashboard_msgs/msg/detail/program_state__functions.h
[2.980s] -- Up-to-date symlink: /home/ubuntu/workspace/robotics_v1/install/ur_dashboard_msgs/include/ur_dashboard_msgs/msg/detail/program_state__struct.h
[2.981s] -- Up-to-date symlink: /home/ubuntu/workspace/robotics_v1/install/ur_dashboard_msgs/include/ur_dashboard_msgs/msg/detail/program_state__type_support.h
[2.982s] -- Up-to-date symlink: /home/ubuntu/workspace/robotics_v1/install/ur_dashboard_msgs/include/ur_dashboard_msgs/msg/detail/robot_mode__functions.h
[2.985s] -- Up-to-date symlink: /home/ubuntu/workspace/robotics_v1/install/ur_dashboard_msgs/include/ur_dashboard_msgs/msg/detail/robot_mode__struct.h
[2.986s] -- Up-to-date symlink: /home/ubuntu/workspace/robotics_v1/install/ur_dashboard_msgs/include/ur_dashboard_msgs/msg/detail/robot_mode__type_support.h
[2.989s] -- Up-to-date symlink: /home/ubuntu/workspace/robotics_v1/install/ur_dashboard_msgs/include/ur_dashboard_msgs/msg/detail/safety_mode__functions.h
[2.990s] -- Up-to-date symlink: /home/ubuntu/workspace/robotics_v1/install/ur_dashboard_msgs/include/ur_dashboard_msgs/msg/detail/safety_mode__struct.h
[2.992s] -- Up-to-date symlink: /home/ubuntu/workspace/robotics_v1/install/ur_dashboard_msgs/include/ur_dashboard_msgs/msg/detail/safety_mode__type_support.h
[2.992s] -- Up-to-date symlink: /home/ubuntu/workspace/robotics_v1/install/ur_dashboard_msgs/include/ur_dashboard_msgs/msg/program_state.h
[2.995s] -- Up-to-date symlink: /home/ubuntu/workspace/robotics_v1/install/ur_dashboard_msgs/include/ur_dashboard_msgs/msg/robot_mode.h
[2.996s] -- Up-to-date symlink: /home/ubuntu/workspace/robotics_v1/install/ur_dashboard_msgs/include/ur_dashboard_msgs/msg/rosidl_generator_c__visibility_control.h
[2.997s] -- Up-to-date symlink: /home/ubuntu/workspace/robotics_v1/install/ur_dashboard_msgs/include/ur_dashboard_msgs/msg/safety_mode.h
[2.999s] -- Up-to-date symlink: /home/ubuntu/workspace/robotics_v1/install/ur_dashboard_msgs/include/ur_dashboard_msgs/srv/add_to_log.h
[2.999s] -- Up-to-date symlink: /home/ubuntu/workspace/robotics_v1/install/ur_dashboard_msgs/include/ur_dashboard_msgs/srv/detail/add_to_log__functions.h
[3.001s] -- Up-to-date symlink: /home/ubuntu/workspace/robotics_v1/install/ur_dashboard_msgs/include/ur_dashboard_msgs/srv/detail/add_to_log__struct.h
[3.003s] -- Up-to-date symlink: /home/ubuntu/workspace/robotics_v1/install/ur_dashboard_msgs/include/ur_dashboard_msgs/srv/detail/add_to_log__type_support.h
[3.003s] -- Up-to-date symlink: /home/ubuntu/workspace/robotics_v1/install/ur_dashboard_msgs/include/ur_dashboard_msgs/srv/detail/get_loaded_program__functions.h
[3.004s] -- Up-to-date symlink: /home/ubuntu/workspace/robotics_v1/install/ur_dashboard_msgs/include/ur_dashboard_msgs/srv/detail/get_loaded_program__struct.h
[3.005s] -- Up-to-date symlink: /home/ubuntu/workspace/robotics_v1/install/ur_dashboard_msgs/include/ur_dashboard_msgs/srv/detail/get_loaded_program__type_support.h
[3.008s] -- Up-to-date symlink: /home/ubuntu/workspace/robotics_v1/install/ur_dashboard_msgs/include/ur_dashboard_msgs/srv/detail/get_program_state__functions.h
[3.009s] -- Up-to-date symlink: /home/ubuntu/workspace/robotics_v1/install/ur_dashboard_msgs/include/ur_dashboard_msgs/srv/detail/get_program_state__struct.h
[3.010s] -- Up-to-date symlink: /home/ubuntu/workspace/robotics_v1/install/ur_dashboard_msgs/include/ur_dashboard_msgs/srv/detail/get_program_state__type_support.h
[3.010s] -- Up-to-date symlink: /home/ubuntu/workspace/robotics_v1/install/ur_dashboard_msgs/include/ur_dashboard_msgs/srv/detail/get_robot_mode__functions.h
[3.010s] -- Up-to-date symlink: /home/ubuntu/workspace/robotics_v1/install/ur_dashboard_msgs/include/ur_dashboard_msgs/srv/detail/get_robot_mode__struct.h
[3.011s] -- Up-to-date symlink: /home/ubuntu/workspace/robotics_v1/install/ur_dashboard_msgs/include/ur_dashboard_msgs/srv/detail/get_robot_mode__type_support.h
[3.011s] -- Up-to-date symlink: /home/ubuntu/workspace/robotics_v1/install/ur_dashboard_msgs/include/ur_dashboard_msgs/srv/detail/get_safety_mode__functions.h
[3.013s] -- Up-to-date symlink: /home/ubuntu/workspace/robotics_v1/install/ur_dashboard_msgs/include/ur_dashboard_msgs/srv/detail/get_safety_mode__struct.h
[3.016s] -- Up-to-date symlink: /home/ubuntu/workspace/robotics_v1/install/ur_dashboard_msgs/include/ur_dashboard_msgs/srv/detail/get_safety_mode__type_support.h
[3.018s] -- Up-to-date symlink: /home/ubuntu/workspace/robotics_v1/install/ur_dashboard_msgs/include/ur_dashboard_msgs/srv/detail/is_program_running__functions.h
[3.018s] -- Up-to-date symlink: /home/ubuntu/workspace/robotics_v1/install/ur_dashboard_msgs/include/ur_dashboard_msgs/srv/detail/is_program_running__struct.h
[3.018s] -- Up-to-date symlink: /home/ubuntu/workspace/robotics_v1/install/ur_dashboard_msgs/include/ur_dashboard_msgs/srv/detail/is_program_running__type_support.h
[3.019s] -- Up-to-date symlink: /home/ubuntu/workspace/robotics_v1/install/ur_dashboard_msgs/include/ur_dashboard_msgs/srv/detail/is_program_saved__functions.h
[3.021s] -- Up-to-date symlink: /home/ubuntu/workspace/robotics_v1/install/ur_dashboard_msgs/include/ur_dashboard_msgs/srv/detail/is_program_saved__struct.h
[3.021s] -- Up-to-date symlink: /home/ubuntu/workspace/robotics_v1/install/ur_dashboard_msgs/include/ur_dashboard_msgs/srv/detail/is_program_saved__type_support.h
[3.021s] -- Up-to-date symlink: /home/ubuntu/workspace/robotics_v1/install/ur_dashboard_msgs/include/ur_dashboard_msgs/srv/detail/load__functions.h
[3.022s] -- Up-to-date symlink: /home/ubuntu/workspace/robotics_v1/install/ur_dashboard_msgs/include/ur_dashboard_msgs/srv/detail/load__struct.h
[3.022s] -- Up-to-date symlink: /home/ubuntu/workspace/robotics_v1/install/ur_dashboard_msgs/include/ur_dashboard_msgs/srv/detail/load__type_support.h
[3.022s] -- Up-to-date symlink: /home/ubuntu/workspace/robotics_v1/install/ur_dashboard_msgs/include/ur_dashboard_msgs/srv/detail/popup__functions.h
[3.022s] -- Up-to-date symlink: /home/ubuntu/workspace/robotics_v1/install/ur_dashboard_msgs/include/ur_dashboard_msgs/srv/detail/popup__struct.h
[3.022s] -- Up-to-date symlink: /home/ubuntu/workspace/robotics_v1/install/ur_dashboard_msgs/include/ur_dashboard_msgs/srv/detail/popup__type_support.h
[3.022s] -- Up-to-date symlink: /home/ubuntu/workspace/robotics_v1/install/ur_dashboard_msgs/include/ur_dashboard_msgs/srv/detail/raw_request__functions.h
[3.022s] -- Up-to-date symlink: /home/ubuntu/workspace/robotics_v1/install/ur_dashboard_msgs/include/ur_dashboard_msgs/srv/detail/raw_request__struct.h
[3.023s] -- Up-to-date symlink: /home/ubuntu/workspace/robotics_v1/install/ur_dashboard_msgs/include/ur_dashboard_msgs/srv/detail/raw_request__type_support.h
[3.023s] -- Up-to-date symlink: /home/ubuntu/workspace/robotics_v1/install/ur_dashboard_msgs/include/ur_dashboard_msgs/srv/get_loaded_program.h
[3.023s] -- Up-to-date symlink: /home/ubuntu/workspace/robotics_v1/install/ur_dashboard_msgs/include/ur_dashboard_msgs/srv/get_program_state.h
[3.023s] -- Up-to-date symlink: /home/ubuntu/workspace/robotics_v1/install/ur_dashboard_msgs/include/ur_dashboard_msgs/srv/get_robot_mode.h
[3.023s] -- Up-to-date symlink: /home/ubuntu/workspace/robotics_v1/install/ur_dashboard_msgs/include/ur_dashboard_msgs/srv/get_safety_mode.h
[3.023s] -- Up-to-date symlink: /home/ubuntu/workspace/robotics_v1/install/ur_dashboard_msgs/include/ur_dashboard_msgs/srv/is_program_running.h
[3.024s] -- Up-to-date symlink: /home/ubuntu/workspace/robotics_v1/install/ur_dashboard_msgs/include/ur_dashboard_msgs/srv/is_program_saved.h
[3.024s] -- Up-to-date symlink: /home/ubuntu/workspace/robotics_v1/install/ur_dashboard_msgs/include/ur_dashboard_msgs/srv/load.h
[3.024s] -- Up-to-date symlink: /home/ubuntu/workspace/robotics_v1/install/ur_dashboard_msgs/include/ur_dashboard_msgs/srv/popup.h
[3.024s] -- Up-to-date symlink: /home/ubuntu/workspace/robotics_v1/install/ur_dashboard_msgs/include/ur_dashboard_msgs/srv/raw_request.h
[3.024s] -- Up-to-date symlink: /home/ubuntu/workspace/robotics_v1/install/ur_dashboard_msgs/share/ur_dashboard_msgs/environment/library_path.sh
[3.024s] -- Up-to-date symlink: /home/ubuntu/workspace/robotics_v1/install/ur_dashboard_msgs/share/ur_dashboard_msgs/environment/library_path.dsv
[3.024s] -- Up-to-date symlink: /home/ubuntu/workspace/robotics_v1/install/ur_dashboard_msgs/include/ur_dashboard_msgs/action/detail/set_mode__rosidl_typesupport_fastrtps_c.h
[3.027s] -- Up-to-date symlink: /home/ubuntu/workspace/robotics_v1/install/ur_dashboard_msgs/include/ur_dashboard_msgs/msg/detail/program_state__rosidl_typesupport_fastrtps_c.h
[3.032s] -- Up-to-date symlink: /home/ubuntu/workspace/robotics_v1/install/ur_dashboard_msgs/include/ur_dashboard_msgs/msg/detail/robot_mode__rosidl_typesupport_fastrtps_c.h
[3.033s] -- Up-to-date symlink: /home/ubuntu/workspace/robotics_v1/install/ur_dashboard_msgs/include/ur_dashboard_msgs/msg/detail/safety_mode__rosidl_typesupport_fastrtps_c.h
[3.033s] -- Up-to-date symlink: /home/ubuntu/workspace/robotics_v1/install/ur_dashboard_msgs/include/ur_dashboard_msgs/msg/rosidl_typesupport_fastrtps_c__visibility_control.h
[3.034s] -- Up-to-date symlink: /home/ubuntu/workspace/robotics_v1/install/ur_dashboard_msgs/include/ur_dashboard_msgs/srv/detail/add_to_log__rosidl_typesupport_fastrtps_c.h
[3.035s] -- Up-to-date symlink: /home/ubuntu/workspace/robotics_v1/install/ur_dashboard_msgs/include/ur_dashboard_msgs/srv/detail/get_loaded_program__rosidl_typesupport_fastrtps_c.h
[3.035s] -- Up-to-date symlink: /home/ubuntu/workspace/robotics_v1/install/ur_dashboard_msgs/include/ur_dashboard_msgs/srv/detail/get_program_state__rosidl_typesupport_fastrtps_c.h
[3.036s] -- Up-to-date symlink: /home/ubuntu/workspace/robotics_v1/install/ur_dashboard_msgs/include/ur_dashboard_msgs/srv/detail/get_robot_mode__rosidl_typesupport_fastrtps_c.h
[3.036s] -- Up-to-date symlink: /home/ubuntu/workspace/robotics_v1/install/ur_dashboard_msgs/include/ur_dashboard_msgs/srv/detail/get_safety_mode__rosidl_typesupport_fastrtps_c.h
[3.036s] -- Up-to-date symlink: /home/ubuntu/workspace/robotics_v1/install/ur_dashboard_msgs/include/ur_dashboard_msgs/srv/detail/is_program_running__rosidl_typesupport_fastrtps_c.h
[3.037s] -- Up-to-date symlink: /home/ubuntu/workspace/robotics_v1/install/ur_dashboard_msgs/include/ur_dashboard_msgs/srv/detail/is_program_saved__rosidl_typesupport_fastrtps_c.h
[3.038s] -- Up-to-date symlink: /home/ubuntu/workspace/robotics_v1/install/ur_dashboard_msgs/include/ur_dashboard_msgs/srv/detail/load__rosidl_typesupport_fastrtps_c.h
[3.038s] -- Up-to-date symlink: /home/ubuntu/workspace/robotics_v1/install/ur_dashboard_msgs/include/ur_dashboard_msgs/srv/detail/popup__rosidl_typesupport_fastrtps_c.h
[3.039s] -- Up-to-date symlink: /home/ubuntu/workspace/robotics_v1/install/ur_dashboard_msgs/include/ur_dashboard_msgs/srv/detail/raw_request__rosidl_typesupport_fastrtps_c.h
[3.043s] -- Up-to-date symlink: /home/ubuntu/workspace/robotics_v1/install/ur_dashboard_msgs/lib/libur_dashboard_msgs__rosidl_typesupport_fastrtps_c.so
[3.046s] -- Up-to-date symlink: /home/ubuntu/workspace/robotics_v1/install/ur_dashboard_msgs/include/ur_dashboard_msgs/action/detail/set_mode__rosidl_typesupport_fastrtps_cpp.hpp
[3.047s] -- Up-to-date symlink: /home/ubuntu/workspace/robotics_v1/install/ur_dashboard_msgs/include/ur_dashboard_msgs/msg/detail/program_state__rosidl_typesupport_fastrtps_cpp.hpp
[3.047s] -- Up-to-date symlink: /home/ubuntu/workspace/robotics_v1/install/ur_dashboard_msgs/include/ur_dashboard_msgs/msg/detail/robot_mode__rosidl_typesupport_fastrtps_cpp.hpp
[3.048s] -- Up-to-date symlink: /home/ubuntu/workspace/robotics_v1/install/ur_dashboard_msgs/include/ur_dashboard_msgs/msg/detail/safety_mode__rosidl_typesupport_fastrtps_cpp.hpp
[3.049s] -- Up-to-date symlink: /home/ubuntu/workspace/robotics_v1/install/ur_dashboard_msgs/include/ur_dashboard_msgs/msg/rosidl_typesupport_fastrtps_cpp__visibility_control.h
[3.049s] -- Up-to-date symlink: /home/ubuntu/workspace/robotics_v1/install/ur_dashboard_msgs/include/ur_dashboard_msgs/srv/detail/add_to_log__rosidl_typesupport_fastrtps_cpp.hpp
[3.050s] -- Up-to-date symlink: /home/ubuntu/workspace/robotics_v1/install/ur_dashboard_msgs/include/ur_dashboard_msgs/srv/detail/get_loaded_program__rosidl_typesupport_fastrtps_cpp.hpp
[3.051s] -- Up-to-date symlink: /home/ubuntu/workspace/robotics_v1/install/ur_dashboard_msgs/include/ur_dashboard_msgs/srv/detail/get_program_state__rosidl_typesupport_fastrtps_cpp.hpp
[3.051s] -- Up-to-date symlink: /home/ubuntu/workspace/robotics_v1/install/ur_dashboard_msgs/include/ur_dashboard_msgs/srv/detail/get_robot_mode__rosidl_typesupport_fastrtps_cpp.hpp
[3.052s] -- Up-to-date symlink: /home/ubuntu/workspace/robotics_v1/install/ur_dashboard_msgs/include/ur_dashboard_msgs/srv/detail/get_safety_mode__rosidl_typesupport_fastrtps_cpp.hpp
[3.053s] -- Up-to-date symlink: /home/ubuntu/workspace/robotics_v1/install/ur_dashboard_msgs/include/ur_dashboard_msgs/srv/detail/is_program_running__rosidl_typesupport_fastrtps_cpp.hpp
[3.053s] -- Up-to-date symlink: /home/ubuntu/workspace/robotics_v1/install/ur_dashboard_msgs/include/ur_dashboard_msgs/srv/detail/is_program_saved__rosidl_typesupport_fastrtps_cpp.hpp
[3.055s] -- Up-to-date symlink: /home/ubuntu/workspace/robotics_v1/install/ur_dashboard_msgs/include/ur_dashboard_msgs/srv/detail/load__rosidl_typesupport_fastrtps_cpp.hpp
[3.055s] -- Up-to-date symlink: /home/ubuntu/workspace/robotics_v1/install/ur_dashboard_msgs/include/ur_dashboard_msgs/srv/detail/popup__rosidl_typesupport_fastrtps_cpp.hpp
[3.056s] -- Up-to-date symlink: /home/ubuntu/workspace/robotics_v1/install/ur_dashboard_msgs/include/ur_dashboard_msgs/srv/detail/raw_request__rosidl_typesupport_fastrtps_cpp.hpp
[3.057s] -- Up-to-date symlink: /home/ubuntu/workspace/robotics_v1/install/ur_dashboard_msgs/lib/libur_dashboard_msgs__rosidl_typesupport_fastrtps_cpp.so
[3.059s] -- Up-to-date symlink: /home/ubuntu/workspace/robotics_v1/install/ur_dashboard_msgs/include/ur_dashboard_msgs/action/detail/set_mode__rosidl_typesupport_introspection_c.h
[3.060s] -- Up-to-date symlink: /home/ubuntu/workspace/robotics_v1/install/ur_dashboard_msgs/include/ur_dashboard_msgs/msg/detail/program_state__rosidl_typesupport_introspection_c.h
[3.061s] -- Up-to-date symlink: /home/ubuntu/workspace/robotics_v1/install/ur_dashboard_msgs/include/ur_dashboard_msgs/msg/detail/robot_mode__rosidl_typesupport_introspection_c.h
[3.061s] -- Up-to-date symlink: /home/ubuntu/workspace/robotics_v1/install/ur_dashboard_msgs/include/ur_dashboard_msgs/msg/detail/safety_mode__rosidl_typesupport_introspection_c.h
[3.063s] -- Up-to-date symlink: /home/ubuntu/workspace/robotics_v1/install/ur_dashboard_msgs/include/ur_dashboard_msgs/msg/rosidl_typesupport_introspection_c__visibility_control.h
[3.065s] -- Up-to-date symlink: /home/ubuntu/workspace/robotics_v1/install/ur_dashboard_msgs/include/ur_dashboard_msgs/srv/detail/add_to_log__rosidl_typesupport_introspection_c.h
[3.065s] -- Up-to-date symlink: /home/ubuntu/workspace/robotics_v1/install/ur_dashboard_msgs/include/ur_dashboard_msgs/srv/detail/get_loaded_program__rosidl_typesupport_introspection_c.h
[3.065s] -- Up-to-date symlink: /home/ubuntu/workspace/robotics_v1/install/ur_dashboard_msgs/include/ur_dashboard_msgs/srv/detail/get_program_state__rosidl_typesupport_introspection_c.h
[3.066s] -- Up-to-date symlink: /home/ubuntu/workspace/robotics_v1/install/ur_dashboard_msgs/include/ur_dashboard_msgs/srv/detail/get_robot_mode__rosidl_typesupport_introspection_c.h
[3.067s] -- Up-to-date symlink: /home/ubuntu/workspace/robotics_v1/install/ur_dashboard_msgs/include/ur_dashboard_msgs/srv/detail/get_safety_mode__rosidl_typesupport_introspection_c.h
[3.073s] -- Up-to-date symlink: /home/ubuntu/workspace/robotics_v1/install/ur_dashboard_msgs/include/ur_dashboard_msgs/srv/detail/is_program_running__rosidl_typesupport_introspection_c.h
[3.091s] -- Up-to-date symlink: /home/ubuntu/workspace/robotics_v1/install/ur_dashboard_msgs/include/ur_dashboard_msgs/srv/detail/is_program_saved__rosidl_typesupport_introspection_c.h
[3.091s] -- Up-to-date symlink: /home/ubuntu/workspace/robotics_v1/install/ur_dashboard_msgs/include/ur_dashboard_msgs/srv/detail/load__rosidl_typesupport_introspection_c.h
[3.093s] -- Up-to-date symlink: /home/ubuntu/workspace/robotics_v1/install/ur_dashboard_msgs/include/ur_dashboard_msgs/srv/detail/popup__rosidl_typesupport_introspection_c.h
[3.093s] -- Up-to-date symlink: /home/ubuntu/workspace/robotics_v1/install/ur_dashboard_msgs/include/ur_dashboard_msgs/srv/detail/raw_request__rosidl_typesupport_introspection_c.h
[3.096s] -- Up-to-date symlink: /home/ubuntu/workspace/robotics_v1/install/ur_dashboard_msgs/include/ur_dashboard_msgs/action/detail/set_mode__builder.hpp
[3.096s] -- Up-to-date symlink: /home/ubuntu/workspace/robotics_v1/install/ur_dashboard_msgs/include/ur_dashboard_msgs/action/detail/set_mode__struct.hpp
[3.097s] -- Up-to-date symlink: /home/ubuntu/workspace/robotics_v1/install/ur_dashboard_msgs/include/ur_dashboard_msgs/action/detail/set_mode__traits.hpp
[3.097s] -- Up-to-date symlink: /home/ubuntu/workspace/robotics_v1/install/ur_dashboard_msgs/include/ur_dashboard_msgs/action/set_mode.hpp
[3.098s] -- Up-to-date symlink: /home/ubuntu/workspace/robotics_v1/install/ur_dashboard_msgs/include/ur_dashboard_msgs/msg/detail/program_state__builder.hpp
[3.098s] -- Up-to-date symlink: /home/ubuntu/workspace/robotics_v1/install/ur_dashboard_msgs/include/ur_dashboard_msgs/msg/detail/program_state__struct.hpp
[3.099s] -- Up-to-date symlink: /home/ubuntu/workspace/robotics_v1/install/ur_dashboard_msgs/include/ur_dashboard_msgs/msg/detail/program_state__traits.hpp
[3.099s] -- Up-to-date symlink: /home/ubuntu/workspace/robotics_v1/install/ur_dashboard_msgs/include/ur_dashboard_msgs/msg/detail/robot_mode__builder.hpp
[3.099s] -- Up-to-date symlink: /home/ubuntu/workspace/robotics_v1/install/ur_dashboard_msgs/include/ur_dashboard_msgs/msg/detail/robot_mode__struct.hpp
[3.099s] -- Up-to-date symlink: /home/ubuntu/workspace/robotics_v1/install/ur_dashboard_msgs/include/ur_dashboard_msgs/msg/detail/robot_mode__traits.hpp
[3.100s] -- Up-to-date symlink: /home/ubuntu/workspace/robotics_v1/install/ur_dashboard_msgs/include/ur_dashboard_msgs/msg/detail/safety_mode__builder.hpp
[3.122s] -- Up-to-date symlink: /home/ubuntu/workspace/robotics_v1/install/ur_dashboard_msgs/include/ur_dashboard_msgs/msg/detail/safety_mode__struct.hpp
[3.122s] -- Up-to-date symlink: /home/ubuntu/workspace/robotics_v1/install/ur_dashboard_msgs/include/ur_dashboard_msgs/msg/detail/safety_mode__traits.hpp
[3.123s] -- Up-to-date symlink: /home/ubuntu/workspace/robotics_v1/install/ur_dashboard_msgs/include/ur_dashboard_msgs/msg/program_state.hpp
[3.123s] -- Up-to-date symlink: /home/ubuntu/workspace/robotics_v1/install/ur_dashboard_msgs/include/ur_dashboard_msgs/msg/robot_mode.hpp
[3.124s] -- Up-to-date symlink: /home/ubuntu/workspace/robotics_v1/install/ur_dashboard_msgs/include/ur_dashboard_msgs/msg/safety_mode.hpp
[3.124s] -- Up-to-date symlink: /home/ubuntu/workspace/robotics_v1/install/ur_dashboard_msgs/include/ur_dashboard_msgs/srv/add_to_log.hpp
[3.124s] -- Up-to-date symlink: /home/ubuntu/workspace/robotics_v1/install/ur_dashboard_msgs/include/ur_dashboard_msgs/srv/detail/add_to_log__builder.hpp
[3.125s] -- Up-to-date symlink: /home/ubuntu/workspace/robotics_v1/install/ur_dashboard_msgs/include/ur_dashboard_msgs/srv/detail/add_to_log__struct.hpp
[3.125s] -- Up-to-date symlink: /home/ubuntu/workspace/robotics_v1/install/ur_dashboard_msgs/include/ur_dashboard_msgs/srv/detail/add_to_log__traits.hpp
[3.131s] -- Up-to-date symlink: /home/ubuntu/workspace/robotics_v1/install/ur_dashboard_msgs/include/ur_dashboard_msgs/srv/detail/get_loaded_program__builder.hpp
[3.131s] -- Up-to-date symlink: /home/ubuntu/workspace/robotics_v1/install/ur_dashboard_msgs/include/ur_dashboard_msgs/srv/detail/get_loaded_program__struct.hpp
[3.131s] -- Up-to-date symlink: /home/ubuntu/workspace/robotics_v1/install/ur_dashboard_msgs/include/ur_dashboard_msgs/srv/detail/get_loaded_program__traits.hpp
[3.132s] -- Up-to-date symlink: /home/ubuntu/workspace/robotics_v1/install/ur_dashboard_msgs/include/ur_dashboard_msgs/srv/detail/get_program_state__builder.hpp
[3.132s] -- Up-to-date symlink: /home/ubuntu/workspace/robotics_v1/install/ur_dashboard_msgs/include/ur_dashboard_msgs/srv/detail/get_program_state__struct.hpp
[3.132s] -- Up-to-date symlink: /home/ubuntu/workspace/robotics_v1/install/ur_dashboard_msgs/include/ur_dashboard_msgs/srv/detail/get_program_state__traits.hpp
[3.158s] -- Up-to-date symlink: /home/ubuntu/workspace/robotics_v1/install/ur_dashboard_msgs/include/ur_dashboard_msgs/srv/detail/get_robot_mode__builder.hpp
[3.158s] -- Up-to-date symlink: /home/ubuntu/workspace/robotics_v1/install/ur_dashboard_msgs/include/ur_dashboard_msgs/srv/detail/get_robot_mode__struct.hpp
[3.159s] -- Up-to-date symlink: /home/ubuntu/workspace/robotics_v1/install/ur_dashboard_msgs/include/ur_dashboard_msgs/srv/detail/get_robot_mode__traits.hpp
[3.159s] -- Up-to-date symlink: /home/ubuntu/workspace/robotics_v1/install/ur_dashboard_msgs/include/ur_dashboard_msgs/srv/detail/get_safety_mode__builder.hpp
[3.159s] -- Up-to-date symlink: /home/ubuntu/workspace/robotics_v1/install/ur_dashboard_msgs/include/ur_dashboard_msgs/srv/detail/get_safety_mode__struct.hpp
[3.160s] -- Up-to-date symlink: /home/ubuntu/workspace/robotics_v1/install/ur_dashboard_msgs/include/ur_dashboard_msgs/srv/detail/get_safety_mode__traits.hpp
[3.160s] -- Up-to-date symlink: /home/ubuntu/workspace/robotics_v1/install/ur_dashboard_msgs/include/ur_dashboard_msgs/srv/detail/is_program_running__builder.hpp
[3.160s] -- Up-to-date symlink: /home/ubuntu/workspace/robotics_v1/install/ur_dashboard_msgs/include/ur_dashboard_msgs/srv/detail/is_program_running__struct.hpp
[3.160s] -- Up-to-date symlink: /home/ubuntu/workspace/robotics_v1/install/ur_dashboard_msgs/include/ur_dashboard_msgs/srv/detail/is_program_running__traits.hpp
[3.161s] -- Up-to-date symlink: /home/ubuntu/workspace/robotics_v1/install/ur_dashboard_msgs/include/ur_dashboard_msgs/srv/detail/is_program_saved__builder.hpp
[3.161s] -- Up-to-date symlink: /home/ubuntu/workspace/robotics_v1/install/ur_dashboard_msgs/include/ur_dashboard_msgs/srv/detail/is_program_saved__struct.hpp
[3.161s] -- Up-to-date symlink: /home/ubuntu/workspace/robotics_v1/install/ur_dashboard_msgs/include/ur_dashboard_msgs/srv/detail/is_program_saved__traits.hpp
[3.163s] -- Up-to-date symlink: /home/ubuntu/workspace/robotics_v1/install/ur_dashboard_msgs/include/ur_dashboard_msgs/srv/detail/load__builder.hpp
[3.164s] -- Up-to-date symlink: /home/ubuntu/workspace/robotics_v1/install/ur_dashboard_msgs/include/ur_dashboard_msgs/srv/detail/load__struct.hpp
[3.164s] -- Up-to-date symlink: /home/ubuntu/workspace/robotics_v1/install/ur_dashboard_msgs/include/ur_dashboard_msgs/srv/detail/load__traits.hpp
[3.165s] -- Up-to-date symlink: /home/ubuntu/workspace/robotics_v1/install/ur_dashboard_msgs/include/ur_dashboard_msgs/srv/detail/popup__builder.hpp
[3.165s] -- Up-to-date symlink: /home/ubuntu/workspace/robotics_v1/install/ur_dashboard_msgs/include/ur_dashboard_msgs/srv/detail/popup__struct.hpp
[3.165s] -- Up-to-date symlink: /home/ubuntu/workspace/robotics_v1/install/ur_dashboard_msgs/include/ur_dashboard_msgs/srv/detail/popup__traits.hpp
[3.165s] -- Up-to-date symlink: /home/ubuntu/workspace/robotics_v1/install/ur_dashboard_msgs/include/ur_dashboard_msgs/srv/detail/raw_request__builder.hpp
[3.166s] -- Up-to-date symlink: /home/ubuntu/workspace/robotics_v1/install/ur_dashboard_msgs/include/ur_dashboard_msgs/srv/detail/raw_request__struct.hpp
[3.166s] -- Up-to-date symlink: /home/ubuntu/workspace/robotics_v1/install/ur_dashboard_msgs/include/ur_dashboard_msgs/srv/detail/raw_request__traits.hpp
[3.166s] -- Up-to-date symlink: /home/ubuntu/workspace/robotics_v1/install/ur_dashboard_msgs/include/ur_dashboard_msgs/srv/get_loaded_program.hpp
[3.166s] -- Up-to-date symlink: /home/ubuntu/workspace/robotics_v1/install/ur_dashboard_msgs/include/ur_dashboard_msgs/srv/get_program_state.hpp
[3.166s] -- Up-to-date symlink: /home/ubuntu/workspace/robotics_v1/install/ur_dashboard_msgs/include/ur_dashboard_msgs/srv/get_robot_mode.hpp
[3.167s] -- Up-to-date symlink: /home/ubuntu/workspace/robotics_v1/install/ur_dashboard_msgs/include/ur_dashboard_msgs/srv/get_safety_mode.hpp
[3.168s] -- Up-to-date symlink: /home/ubuntu/workspace/robotics_v1/install/ur_dashboard_msgs/include/ur_dashboard_msgs/srv/is_program_running.hpp
[3.168s] -- Up-to-date symlink: /home/ubuntu/workspace/robotics_v1/install/ur_dashboard_msgs/include/ur_dashboard_msgs/srv/is_program_saved.hpp
[3.168s] -- Up-to-date symlink: /home/ubuntu/workspace/robotics_v1/install/ur_dashboard_msgs/include/ur_dashboard_msgs/srv/load.hpp
[3.169s] -- Up-to-date symlink: /home/ubuntu/workspace/robotics_v1/install/ur_dashboard_msgs/include/ur_dashboard_msgs/srv/popup.hpp
[3.169s] -- Up-to-date symlink: /home/ubuntu/workspace/robotics_v1/install/ur_dashboard_msgs/include/ur_dashboard_msgs/srv/raw_request.hpp
[3.170s] -- Up-to-date symlink: /home/ubuntu/workspace/robotics_v1/install/ur_dashboard_msgs/include/ur_dashboard_msgs/action/detail/set_mode__rosidl_typesupport_introspection_cpp.hpp
[3.170s] -- Up-to-date symlink: /home/ubuntu/workspace/robotics_v1/install/ur_dashboard_msgs/include/ur_dashboard_msgs/msg/detail/program_state__rosidl_typesupport_introspection_cpp.hpp
[3.171s] -- Up-to-date symlink: /home/ubuntu/workspace/robotics_v1/install/ur_dashboard_msgs/include/ur_dashboard_msgs/msg/detail/robot_mode__rosidl_typesupport_introspection_cpp.hpp
[3.171s] -- Up-to-date symlink: /home/ubuntu/workspace/robotics_v1/install/ur_dashboard_msgs/include/ur_dashboard_msgs/msg/detail/safety_mode__rosidl_typesupport_introspection_cpp.hpp
[3.171s] -- Up-to-date symlink: /home/ubuntu/workspace/robotics_v1/install/ur_dashboard_msgs/include/ur_dashboard_msgs/srv/detail/add_to_log__rosidl_typesupport_introspection_cpp.hpp
[3.172s] -- Up-to-date symlink: /home/ubuntu/workspace/robotics_v1/install/ur_dashboard_msgs/include/ur_dashboard_msgs/srv/detail/get_loaded_program__rosidl_typesupport_introspection_cpp.hpp
[3.174s] -- Up-to-date symlink: /home/ubuntu/workspace/robotics_v1/install/ur_dashboard_msgs/include/ur_dashboard_msgs/srv/detail/get_program_state__rosidl_typesupport_introspection_cpp.hpp
[3.174s] -- Up-to-date symlink: /home/ubuntu/workspace/robotics_v1/install/ur_dashboard_msgs/include/ur_dashboard_msgs/srv/detail/get_robot_mode__rosidl_typesupport_introspection_cpp.hpp
[3.175s] -- Up-to-date symlink: /home/ubuntu/workspace/robotics_v1/install/ur_dashboard_msgs/include/ur_dashboard_msgs/srv/detail/get_safety_mode__rosidl_typesupport_introspection_cpp.hpp
[3.175s] -- Up-to-date symlink: /home/ubuntu/workspace/robotics_v1/install/ur_dashboard_msgs/include/ur_dashboard_msgs/srv/detail/is_program_running__rosidl_typesupport_introspection_cpp.hpp
[3.175s] -- Up-to-date symlink: /home/ubuntu/workspace/robotics_v1/install/ur_dashboard_msgs/include/ur_dashboard_msgs/srv/detail/is_program_saved__rosidl_typesupport_introspection_cpp.hpp
[3.175s] -- Up-to-date symlink: /home/ubuntu/workspace/robotics_v1/install/ur_dashboard_msgs/include/ur_dashboard_msgs/srv/detail/load__rosidl_typesupport_introspection_cpp.hpp
[3.175s] -- Up-to-date symlink: /home/ubuntu/workspace/robotics_v1/install/ur_dashboard_msgs/include/ur_dashboard_msgs/srv/detail/popup__rosidl_typesupport_introspection_cpp.hpp
[3.175s] -- Up-to-date symlink: /home/ubuntu/workspace/robotics_v1/install/ur_dashboard_msgs/include/ur_dashboard_msgs/srv/detail/raw_request__rosidl_typesupport_introspection_cpp.hpp
[3.176s] -- Up-to-date symlink: /home/ubuntu/workspace/robotics_v1/install/ur_dashboard_msgs/share/ur_dashboard_msgs/environment/pythonpath.sh
[3.176s] -- Up-to-date symlink: /home/ubuntu/workspace/robotics_v1/install/ur_dashboard_msgs/share/ur_dashboard_msgs/environment/pythonpath.dsv
[3.176s] -- Up-to-date symlink: /home/ubuntu/workspace/robotics_v1/install/ur_dashboard_msgs/lib/python3.8/site-packages/ur_dashboard_msgs/__init__.py
[3.177s] -- Up-to-date symlink: /home/ubuntu/workspace/robotics_v1/install/ur_dashboard_msgs/lib/python3.8/site-packages/ur_dashboard_msgs/msg/__init__.py
[3.177s] -- Up-to-date symlink: /home/ubuntu/workspace/robotics_v1/install/ur_dashboard_msgs/lib/python3.8/site-packages/ur_dashboard_msgs/msg/_program_state.py
[3.178s] -- Up-to-date symlink: /home/ubuntu/workspace/robotics_v1/install/ur_dashboard_msgs/lib/python3.8/site-packages/ur_dashboard_msgs/msg/_robot_mode.py
[3.178s] -- Up-to-date symlink: /home/ubuntu/workspace/robotics_v1/install/ur_dashboard_msgs/lib/python3.8/site-packages/ur_dashboard_msgs/msg/_safety_mode.py
[3.178s] -- Up-to-date symlink: /home/ubuntu/workspace/robotics_v1/install/ur_dashboard_msgs/lib/python3.8/site-packages/ur_dashboard_msgs/srv/__init__.py
[3.186s] -- Up-to-date symlink: /home/ubuntu/workspace/robotics_v1/install/ur_dashboard_msgs/lib/python3.8/site-packages/ur_dashboard_msgs/srv/_add_to_log.py
[3.187s] -- Up-to-date symlink: /home/ubuntu/workspace/robotics_v1/install/ur_dashboard_msgs/lib/python3.8/site-packages/ur_dashboard_msgs/srv/_get_loaded_program.py
[3.187s] -- Up-to-date symlink: /home/ubuntu/workspace/robotics_v1/install/ur_dashboard_msgs/lib/python3.8/site-packages/ur_dashboard_msgs/srv/_get_program_state.py
[3.187s] -- Up-to-date symlink: /home/ubuntu/workspace/robotics_v1/install/ur_dashboard_msgs/lib/python3.8/site-packages/ur_dashboard_msgs/srv/_get_robot_mode.py
[3.188s] -- Up-to-date symlink: /home/ubuntu/workspace/robotics_v1/install/ur_dashboard_msgs/lib/python3.8/site-packages/ur_dashboard_msgs/srv/_get_safety_mode.py
[3.188s] -- Up-to-date symlink: /home/ubuntu/workspace/robotics_v1/install/ur_dashboard_msgs/lib/python3.8/site-packages/ur_dashboard_msgs/srv/_is_program_running.py
[3.188s] -- Up-to-date symlink: /home/ubuntu/workspace/robotics_v1/install/ur_dashboard_msgs/lib/python3.8/site-packages/ur_dashboard_msgs/srv/_is_program_saved.py
[3.190s] -- Up-to-date symlink: /home/ubuntu/workspace/robotics_v1/install/ur_dashboard_msgs/lib/python3.8/site-packages/ur_dashboard_msgs/srv/_load.py
[3.191s] -- Up-to-date symlink: /home/ubuntu/workspace/robotics_v1/install/ur_dashboard_msgs/lib/python3.8/site-packages/ur_dashboard_msgs/srv/_popup.py
[3.191s] -- Up-to-date symlink: /home/ubuntu/workspace/robotics_v1/install/ur_dashboard_msgs/lib/python3.8/site-packages/ur_dashboard_msgs/srv/_raw_request.py
[3.191s] -- Up-to-date symlink: /home/ubuntu/workspace/robotics_v1/install/ur_dashboard_msgs/lib/python3.8/site-packages/ur_dashboard_msgs/action/__init__.py
[3.191s] -- Up-to-date symlink: /home/ubuntu/workspace/robotics_v1/install/ur_dashboard_msgs/lib/python3.8/site-packages/ur_dashboard_msgs/action/_set_mode.py
[3.192s] -- Up-to-date symlink: /home/ubuntu/workspace/robotics_v1/install/ur_dashboard_msgs/lib/python3.8/site-packages/ur_dashboard_msgs/ur_dashboard_msgs_s__rosidl_typesupport_fastrtps_c.cpython-38-x86_64-linux-gnu.so
[3.192s] -- Up-to-date symlink: /home/ubuntu/workspace/robotics_v1/install/ur_dashboard_msgs/lib/python3.8/site-packages/ur_dashboard_msgs/ur_dashboard_msgs_s__rosidl_typesupport_introspection_c.cpython-38-x86_64-linux-gnu.so
[3.192s] -- Up-to-date symlink: /home/ubuntu/workspace/robotics_v1/install/ur_dashboard_msgs/lib/python3.8/site-packages/ur_dashboard_msgs/ur_dashboard_msgs_s__rosidl_typesupport_c.cpython-38-x86_64-linux-gnu.so
[3.193s] -- Up-to-date symlink: /home/ubuntu/workspace/robotics_v1/install/ur_dashboard_msgs/lib/libur_dashboard_msgs__python.so
[3.193s] -- Up-to-date symlink: /home/ubuntu/workspace/robotics_v1/install/ur_dashboard_msgs/share/ur_dashboard_msgs/msg/ProgramState.idl
[3.196s] -- Up-to-date symlink: /home/ubuntu/workspace/robotics_v1/install/ur_dashboard_msgs/share/ur_dashboard_msgs/msg/RobotMode.idl
[3.197s] -- Up-to-date symlink: /home/ubuntu/workspace/robotics_v1/install/ur_dashboard_msgs/share/ur_dashboard_msgs/msg/SafetyMode.idl
[3.197s] -- Up-to-date symlink: /home/ubuntu/workspace/robotics_v1/install/ur_dashboard_msgs/share/ur_dashboard_msgs/srv/AddToLog.idl
[3.197s] -- Up-to-date symlink: /home/ubuntu/workspace/robotics_v1/install/ur_dashboard_msgs/share/ur_dashboard_msgs/srv/GetLoadedProgram.idl
[3.199s] -- Up-to-date symlink: /home/ubuntu/workspace/robotics_v1/install/ur_dashboard_msgs/share/ur_dashboard_msgs/srv/GetProgramState.idl
[3.199s] -- Up-to-date symlink: /home/ubuntu/workspace/robotics_v1/install/ur_dashboard_msgs/share/ur_dashboard_msgs/srv/GetRobotMode.idl
[3.199s] -- Up-to-date symlink: /home/ubuntu/workspace/robotics_v1/install/ur_dashboard_msgs/share/ur_dashboard_msgs/srv/GetSafetyMode.idl
[3.200s] -- Up-to-date symlink: /home/ubuntu/workspace/robotics_v1/install/ur_dashboard_msgs/share/ur_dashboard_msgs/srv/IsProgramRunning.idl
[3.200s] -- Up-to-date symlink: /home/ubuntu/workspace/robotics_v1/install/ur_dashboard_msgs/share/ur_dashboard_msgs/srv/IsProgramSaved.idl
[3.200s] -- Up-to-date symlink: /home/ubuntu/workspace/robotics_v1/install/ur_dashboard_msgs/share/ur_dashboard_msgs/srv/Load.idl
[3.201s] -- Up-to-date symlink: /home/ubuntu/workspace/robotics_v1/install/ur_dashboard_msgs/share/ur_dashboard_msgs/srv/Popup.idl
[3.201s] -- Up-to-date symlink: /home/ubuntu/workspace/robotics_v1/install/ur_dashboard_msgs/share/ur_dashboard_msgs/srv/RawRequest.idl
[3.201s] -- Up-to-date symlink: /home/ubuntu/workspace/robotics_v1/install/ur_dashboard_msgs/share/ur_dashboard_msgs/action/SetMode.idl
[3.201s] -- Up-to-date symlink: /home/ubuntu/workspace/robotics_v1/install/ur_dashboard_msgs/share/ur_dashboard_msgs/msg/ProgramState.msg
[3.203s] -- Up-to-date symlink: /home/ubuntu/workspace/robotics_v1/install/ur_dashboard_msgs/share/ur_dashboard_msgs/msg/RobotMode.msg
[3.203s] -- Up-to-date symlink: /home/ubuntu/workspace/robotics_v1/install/ur_dashboard_msgs/share/ur_dashboard_msgs/msg/SafetyMode.msg
[3.203s] -- Up-to-date symlink: /home/ubuntu/workspace/robotics_v1/install/ur_dashboard_msgs/share/ur_dashboard_msgs/srv/AddToLog.srv
[3.204s] -- Up-to-date symlink: /home/ubuntu/workspace/robotics_v1/install/ur_dashboard_msgs/share/ur_dashboard_msgs/srv/AddToLog_Request.msg
[3.204s] -- Up-to-date symlink: /home/ubuntu/workspace/robotics_v1/install/ur_dashboard_msgs/share/ur_dashboard_msgs/srv/AddToLog_Response.msg
[3.204s] -- Up-to-date symlink: /home/ubuntu/workspace/robotics_v1/install/ur_dashboard_msgs/share/ur_dashboard_msgs/srv/GetLoadedProgram.srv
[3.205s] -- Up-to-date symlink: /home/ubuntu/workspace/robotics_v1/install/ur_dashboard_msgs/share/ur_dashboard_msgs/srv/GetLoadedProgram_Request.msg
[3.205s] -- Up-to-date symlink: /home/ubuntu/workspace/robotics_v1/install/ur_dashboard_msgs/share/ur_dashboard_msgs/srv/GetLoadedProgram_Response.msg
[3.205s] -- Up-to-date symlink: /home/ubuntu/workspace/robotics_v1/install/ur_dashboard_msgs/share/ur_dashboard_msgs/srv/GetProgramState.srv
[3.210s] -- Up-to-date symlink: /home/ubuntu/workspace/robotics_v1/install/ur_dashboard_msgs/share/ur_dashboard_msgs/srv/GetProgramState_Request.msg
[3.216s] -- Up-to-date symlink: /home/ubuntu/workspace/robotics_v1/install/ur_dashboard_msgs/share/ur_dashboard_msgs/srv/GetProgramState_Response.msg
[3.218s] -- Up-to-date symlink: /home/ubuntu/workspace/robotics_v1/install/ur_dashboard_msgs/share/ur_dashboard_msgs/srv/GetRobotMode.srv
[3.218s] -- Up-to-date symlink: /home/ubuntu/workspace/robotics_v1/install/ur_dashboard_msgs/share/ur_dashboard_msgs/srv/GetRobotMode_Request.msg
[3.218s] -- Up-to-date symlink: /home/ubuntu/workspace/robotics_v1/install/ur_dashboard_msgs/share/ur_dashboard_msgs/srv/GetRobotMode_Response.msg
[3.219s] -- Up-to-date symlink: /home/ubuntu/workspace/robotics_v1/install/ur_dashboard_msgs/share/ur_dashboard_msgs/srv/GetSafetyMode.srv
[3.219s] -- Up-to-date symlink: /home/ubuntu/workspace/robotics_v1/install/ur_dashboard_msgs/share/ur_dashboard_msgs/srv/GetSafetyMode_Request.msg
[3.219s] -- Up-to-date symlink: /home/ubuntu/workspace/robotics_v1/install/ur_dashboard_msgs/share/ur_dashboard_msgs/srv/GetSafetyMode_Response.msg
[3.219s] -- Up-to-date symlink: /home/ubuntu/workspace/robotics_v1/install/ur_dashboard_msgs/share/ur_dashboard_msgs/srv/IsProgramRunning.srv
[3.219s] -- Up-to-date symlink: /home/ubuntu/workspace/robotics_v1/install/ur_dashboard_msgs/share/ur_dashboard_msgs/srv/IsProgramRunning_Request.msg
[3.219s] -- Up-to-date symlink: /home/ubuntu/workspace/robotics_v1/install/ur_dashboard_msgs/share/ur_dashboard_msgs/srv/IsProgramRunning_Response.msg
[3.220s] -- Up-to-date symlink: /home/ubuntu/workspace/robotics_v1/install/ur_dashboard_msgs/share/ur_dashboard_msgs/srv/IsProgramSaved.srv
[3.220s] -- Up-to-date symlink: /home/ubuntu/workspace/robotics_v1/install/ur_dashboard_msgs/share/ur_dashboard_msgs/srv/IsProgramSaved_Request.msg
[3.220s] -- Up-to-date symlink: /home/ubuntu/workspace/robotics_v1/install/ur_dashboard_msgs/share/ur_dashboard_msgs/srv/IsProgramSaved_Response.msg
[3.220s] -- Up-to-date symlink: /home/ubuntu/workspace/robotics_v1/install/ur_dashboard_msgs/share/ur_dashboard_msgs/srv/Load.srv
[3.220s] -- Up-to-date symlink: /home/ubuntu/workspace/robotics_v1/install/ur_dashboard_msgs/share/ur_dashboard_msgs/srv/Load_Request.msg
[3.221s] -- Up-to-date symlink: /home/ubuntu/workspace/robotics_v1/install/ur_dashboard_msgs/share/ur_dashboard_msgs/srv/Load_Response.msg
[3.222s] -- Up-to-date symlink: /home/ubuntu/workspace/robotics_v1/install/ur_dashboard_msgs/share/ur_dashboard_msgs/srv/Popup.srv
[3.222s] -- Up-to-date symlink: /home/ubuntu/workspace/robotics_v1/install/ur_dashboard_msgs/share/ur_dashboard_msgs/srv/Popup_Request.msg
[3.222s] -- Up-to-date symlink: /home/ubuntu/workspace/robotics_v1/install/ur_dashboard_msgs/share/ur_dashboard_msgs/srv/Popup_Response.msg
[3.222s] -- Up-to-date symlink: /home/ubuntu/workspace/robotics_v1/install/ur_dashboard_msgs/share/ur_dashboard_msgs/srv/RawRequest.srv
[3.222s] -- Up-to-date symlink: /home/ubuntu/workspace/robotics_v1/install/ur_dashboard_msgs/share/ur_dashboard_msgs/srv/RawRequest_Request.msg
[3.234s] -- Up-to-date symlink: /home/ubuntu/workspace/robotics_v1/install/ur_dashboard_msgs/share/ur_dashboard_msgs/srv/RawRequest_Response.msg
[3.234s] -- Up-to-date symlink: /home/ubuntu/workspace/robotics_v1/install/ur_dashboard_msgs/share/ur_dashboard_msgs/action/SetMode.action
[3.234s] -- Up-to-date symlink: /home/ubuntu/workspace/robotics_v1/install/ur_dashboard_msgs/share/ament_index/resource_index/package_run_dependencies/ur_dashboard_msgs
[3.235s] -- Up-to-date symlink: /home/ubuntu/workspace/robotics_v1/install/ur_dashboard_msgs/share/ament_index/resource_index/parent_prefix_path/ur_dashboard_msgs
[3.235s] -- Up-to-date symlink: /home/ubuntu/workspace/robotics_v1/install/ur_dashboard_msgs/share/ur_dashboard_msgs/environment/ament_prefix_path.sh
[3.235s] -- Up-to-date symlink: /home/ubuntu/workspace/robotics_v1/install/ur_dashboard_msgs/share/ur_dashboard_msgs/environment/ament_prefix_path.dsv
[3.235s] -- Up-to-date symlink: /home/ubuntu/workspace/robotics_v1/install/ur_dashboard_msgs/share/ur_dashboard_msgs/environment/path.sh
[3.235s] -- Up-to-date symlink: /home/ubuntu/workspace/robotics_v1/install/ur_dashboard_msgs/share/ur_dashboard_msgs/environment/path.dsv
[3.235s] -- Up-to-date symlink: /home/ubuntu/workspace/robotics_v1/install/ur_dashboard_msgs/share/ur_dashboard_msgs/local_setup.bash
[3.236s] -- Up-to-date symlink: /home/ubuntu/workspace/robotics_v1/install/ur_dashboard_msgs/share/ur_dashboard_msgs/local_setup.sh
[3.236s] -- Up-to-date symlink: /home/ubuntu/workspace/robotics_v1/install/ur_dashboard_msgs/share/ur_dashboard_msgs/local_setup.zsh
[3.236s] -- Up-to-date symlink: /home/ubuntu/workspace/robotics_v1/install/ur_dashboard_msgs/share/ur_dashboard_msgs/local_setup.dsv
[3.236s] -- Symlinking: /home/ubuntu/workspace/robotics_v1/install/ur_dashboard_msgs/share/ur_dashboard_msgs/package.dsv
[3.242s] -- Up-to-date symlink: /home/ubuntu/workspace/robotics_v1/install/ur_dashboard_msgs/share/ament_index/resource_index/packages/ur_dashboard_msgs
[3.244s] -- Up-to-date symlink: /home/ubuntu/workspace/robotics_v1/install/ur_dashboard_msgs/share/ur_dashboard_msgs/cmake/rosidl_cmake-extras.cmake
[3.244s] -- Up-to-date symlink: /home/ubuntu/workspace/robotics_v1/install/ur_dashboard_msgs/share/ur_dashboard_msgs/cmake/ament_cmake_export_dependencies-extras.cmake
[3.244s] -- Up-to-date symlink: /home/ubuntu/workspace/robotics_v1/install/ur_dashboard_msgs/share/ur_dashboard_msgs/cmake/ament_cmake_export_libraries-extras.cmake
[3.244s] -- Up-to-date symlink: /home/ubuntu/workspace/robotics_v1/install/ur_dashboard_msgs/share/ur_dashboard_msgs/cmake/ament_cmake_export_targets-extras.cmake
[3.245s] -- Up-to-date symlink: /home/ubuntu/workspace/robotics_v1/install/ur_dashboard_msgs/share/ur_dashboard_msgs/cmake/ament_cmake_export_include_directories-extras.cmake
[3.245s] -- Up-to-date symlink: /home/ubuntu/workspace/robotics_v1/install/ur_dashboard_msgs/share/ur_dashboard_msgs/cmake/rosidl_cmake_export_typesupport_libraries-extras.cmake
[3.246s] -- Up-to-date symlink: /home/ubuntu/workspace/robotics_v1/install/ur_dashboard_msgs/share/ur_dashboard_msgs/cmake/rosidl_cmake_export_typesupport_targets-extras.cmake
[3.246s] -- Up-to-date symlink: /home/ubuntu/workspace/robotics_v1/install/ur_dashboard_msgs/share/ur_dashboard_msgs/cmake/ur_dashboard_msgsConfig.cmake
[3.247s] -- Up-to-date symlink: /home/ubuntu/workspace/robotics_v1/install/ur_dashboard_msgs/share/ur_dashboard_msgs/cmake/ur_dashboard_msgsConfig-version.cmake
[3.247s] -- Up-to-date symlink: /home/ubuntu/workspace/robotics_v1/install/ur_dashboard_msgs/share/ur_dashboard_msgs/package.xml
[3.248s] -- Up-to-date: /home/ubuntu/workspace/robotics_v1/install/ur_dashboard_msgs/lib/libur_dashboard_msgs__rosidl_generator_c.so
[3.250s] -- Up-to-date: /home/ubuntu/workspace/robotics_v1/install/ur_dashboard_msgs/lib/libur_dashboard_msgs__rosidl_typesupport_introspection_c.so
[3.253s] -- Up-to-date: /home/ubuntu/workspace/robotics_v1/install/ur_dashboard_msgs/lib/libur_dashboard_msgs__rosidl_typesupport_c.so
[3.255s] -- Up-to-date: /home/ubuntu/workspace/robotics_v1/install/ur_dashboard_msgs/lib/libur_dashboard_msgs__rosidl_typesupport_introspection_cpp.so
[3.261s] -- Up-to-date: /home/ubuntu/workspace/robotics_v1/install/ur_dashboard_msgs/lib/libur_dashboard_msgs__rosidl_typesupport_cpp.so
[3.445s] -- Up-to-date: /home/ubuntu/workspace/robotics_v1/install/ur_dashboard_msgs/share/ur_dashboard_msgs/cmake/ur_dashboard_msgs__rosidl_generator_cExport.cmake
[3.445s] -- Up-to-date: /home/ubuntu/workspace/robotics_v1/install/ur_dashboard_msgs/share/ur_dashboard_msgs/cmake/ur_dashboard_msgs__rosidl_generator_cExport-debug.cmake
[3.446s] -- Up-to-date: /home/ubuntu/workspace/robotics_v1/install/ur_dashboard_msgs/share/ur_dashboard_msgs/cmake/ur_dashboard_msgs__rosidl_typesupport_introspection_cExport.cmake
[3.447s] -- Up-to-date: /home/ubuntu/workspace/robotics_v1/install/ur_dashboard_msgs/share/ur_dashboard_msgs/cmake/ur_dashboard_msgs__rosidl_typesupport_introspection_cExport-debug.cmake
[3.448s] -- Up-to-date: /home/ubuntu/workspace/robotics_v1/install/ur_dashboard_msgs/share/ur_dashboard_msgs/cmake/ur_dashboard_msgs__rosidl_typesupport_cExport.cmake
[3.448s] -- Up-to-date: /home/ubuntu/workspace/robotics_v1/install/ur_dashboard_msgs/share/ur_dashboard_msgs/cmake/ur_dashboard_msgs__rosidl_typesupport_cExport-debug.cmake
[3.450s] -- Up-to-date: /home/ubuntu/workspace/robotics_v1/install/ur_dashboard_msgs/share/ur_dashboard_msgs/cmake/ur_dashboard_msgs__rosidl_generator_cppExport.cmake
[3.451s] -- Up-to-date: /home/ubuntu/workspace/robotics_v1/install/ur_dashboard_msgs/share/ur_dashboard_msgs/cmake/ur_dashboard_msgs__rosidl_typesupport_introspection_cppExport.cmake
[3.452s] -- Up-to-date: /home/ubuntu/workspace/robotics_v1/install/ur_dashboard_msgs/share/ur_dashboard_msgs/cmake/ur_dashboard_msgs__rosidl_typesupport_introspection_cppExport-debug.cmake
[3.453s] -- Up-to-date: /home/ubuntu/workspace/robotics_v1/install/ur_dashboard_msgs/share/ur_dashboard_msgs/cmake/ur_dashboard_msgs__rosidl_typesupport_cppExport.cmake
[3.454s] -- Up-to-date: /home/ubuntu/workspace/robotics_v1/install/ur_dashboard_msgs/share/ur_dashboard_msgs/cmake/ur_dashboard_msgs__rosidl_typesupport_cppExport-debug.cmake
[3.466s] Invoked command in '/home/ubuntu/workspace/robotics_v1/build/ur_dashboard_msgs' returned '0': CMAKE_PREFIX_PATH=/opt/ros/foxy /usr/bin/cmake --install /home/ubuntu/workspace/robotics_v1/build/ur_dashboard_msgs
