[0.083s] Invoking command in '/home/ubuntu/workspace/robotics_v1/build/utils': CMAKE_PREFIX_PATH=/home/ubuntu/workspace/robotics_v1/install/cmake_helpers:/opt/ros/foxy PKG_CONFIG_PATH=/home/ubuntu/workspace/robotics_v1/install/cmake_helpers/lib/x86_64-linux-gnu/pkgconfig:/home/ubuntu/workspace/robotics_v1/install/cmake_helpers/lib/pkgconfig /usr/bin/cmake --build /home/ubuntu/workspace/robotics_v1/build/utils -- -j4 -l4
[0.508s] [100%] Built target utils
[0.560s] Invoked command in '/home/ubuntu/workspace/robotics_v1/build/utils' returned '0': CMAKE_PREFIX_PATH=/home/ubuntu/workspace/robotics_v1/install/cmake_helpers:/opt/ros/foxy PKG_CONFIG_PATH=/home/ubuntu/workspace/robotics_v1/install/cmake_helpers/lib/x86_64-linux-gnu/pkgconfig:/home/ubuntu/workspace/robotics_v1/install/cmake_helpers/lib/pkgconfig /usr/bin/cmake --build /home/ubuntu/workspace/robotics_v1/build/utils -- -j4 -l4
[1.164s] Invoking command in '/home/ubuntu/workspace/robotics_v1/build/utils': CMAKE_PREFIX_PATH=/home/ubuntu/workspace/robotics_v1/install/cmake_helpers:/opt/ros/foxy PKG_CONFIG_PATH=/home/ubuntu/workspace/robotics_v1/install/cmake_helpers/lib/x86_64-linux-gnu/pkgconfig:/home/ubuntu/workspace/robotics_v1/install/cmake_helpers/lib/pkgconfig /usr/bin/cmake --install /home/ubuntu/workspace/robotics_v1/build/utils
[1.189s] -- Install configuration: "Debug"
[1.190s] -- Up-to-date: /home/ubuntu/workspace/robotics_v1/install/utils/share/utils/package.xml
[1.190s] -- Up-to-date: /home/ubuntu/workspace/robotics_v1/install/utils/lib/utils/libutils.a
[1.190s] -- Installing: /home/ubuntu/workspace/robotics_v1/install/utils/share/ament_index/resource_index/packages/utils
[1.191s] -- Up-to-date: /home/ubuntu/workspace/robotics_v1/install/utils/share/utils/hook/ament_prefix_path.dsv
[1.191s] -- Up-to-date: /home/ubuntu/workspace/robotics_v1/install/utils/share/utils/hook/ros_package_path.dsv
[1.192s] -- Up-to-date: /home/ubuntu/workspace/robotics_v1/install/utils/share/ament_index/resource_index/package_run_dependencies/utils
[1.193s] -- Up-to-date: /home/ubuntu/workspace/robotics_v1/install/utils/share/ament_index/resource_index/parent_prefix_path/utils
[1.193s] -- Up-to-date: /home/ubuntu/workspace/robotics_v1/install/utils/share/utils/environment/ament_prefix_path.sh
[1.194s] -- Up-to-date: /home/ubuntu/workspace/robotics_v1/install/utils/share/utils/environment/ament_prefix_path.dsv
[1.194s] -- Up-to-date: /home/ubuntu/workspace/robotics_v1/install/utils/share/utils/environment/path.sh
[1.194s] -- Up-to-date: /home/ubuntu/workspace/robotics_v1/install/utils/share/utils/environment/path.dsv
[1.195s] -- Up-to-date: /home/ubuntu/workspace/robotics_v1/install/utils/share/utils/local_setup.bash
[1.195s] -- Up-to-date: /home/ubuntu/workspace/robotics_v1/install/utils/share/utils/local_setup.sh
[1.196s] -- Up-to-date: /home/ubuntu/workspace/robotics_v1/install/utils/share/utils/local_setup.zsh
[1.196s] -- Up-to-date: /home/ubuntu/workspace/robotics_v1/install/utils/share/utils/local_setup.dsv
[1.197s] -- Installing: /home/ubuntu/workspace/robotics_v1/install/utils/share/utils/package.dsv
[1.197s] -- Installing: /home/ubuntu/workspace/robotics_v1/install/utils/share/ament_index/resource_index/packages/utils
[1.197s] -- Up-to-date: /home/ubuntu/workspace/robotics_v1/install/utils/share/utils/cmake/utilsConfig.cmake
[1.197s] -- Up-to-date: /home/ubuntu/workspace/robotics_v1/install/utils/share/utils/cmake/utilsConfig-version.cmake
[1.198s] -- Up-to-date: /home/ubuntu/workspace/robotics_v1/install/utils/share/utils/package.xml
[1.198s] -- Up-to-date: /home/ubuntu/workspace/robotics_v1/install/utils/lib/libutils.a
[1.198s] -- Up-to-date: /home/ubuntu/workspace/robotics_v1/install/utils/include
[1.198s] -- Up-to-date: /home/ubuntu/workspace/robotics_v1/install/utils/include/utils
[1.200s] -- Up-to-date: /home/ubuntu/workspace/robotics_v1/install/utils/include/utils/concurrency
[1.200s] -- Up-to-date: /home/ubuntu/workspace/robotics_v1/install/utils/include/utils/concurrency/ThreadSafeQueue.h
[1.201s] -- Up-to-date: /home/ubuntu/workspace/robotics_v1/install/utils/include/utils/Log.h
[1.201s] -- Up-to-date: /home/ubuntu/workspace/robotics_v1/install/utils/include/utils/ErrorCode.h
[1.201s] -- Up-to-date: /home/ubuntu/workspace/robotics_v1/install/utils/include/utils/rng
[1.202s] -- Up-to-date: /home/ubuntu/workspace/robotics_v1/install/utils/include/utils/rng/Rng.h
[1.202s] -- Up-to-date: /home/ubuntu/workspace/robotics_v1/install/utils/include/utils/time
[1.202s] -- Up-to-date: /home/ubuntu/workspace/robotics_v1/install/utils/include/utils/time/Time.h
[1.204s] -- Up-to-date: /home/ubuntu/workspace/robotics_v1/install/utils/include/utils/drawing
[1.211s] -- Up-to-date: /home/ubuntu/workspace/robotics_v1/install/utils/include/utils/drawing/WidgetAligner.h
[1.214s] -- Up-to-date: /home/ubuntu/workspace/robotics_v1/install/utils/include/utils/drawing/Point.h
[1.214s] -- Up-to-date: /home/ubuntu/workspace/robotics_v1/install/utils/include/utils/drawing/Rectangle.h
[1.215s] -- Up-to-date: /home/ubuntu/workspace/robotics_v1/install/utils/include/utils/drawing/Margin.h
[1.215s] -- Up-to-date: /home/ubuntu/workspace/robotics_v1/install/utils/include/utils/drawing/Color.h
[1.216s] -- Up-to-date: /home/ubuntu/workspace/robotics_v1/install/utils/include/utils/file
[1.216s] -- Up-to-date: /home/ubuntu/workspace/robotics_v1/install/utils/include/utils/file/IniFileParser.h
[1.216s] -- Up-to-date: /home/ubuntu/workspace/robotics_v1/install/utils/include/utils/file_system
[1.221s] -- Up-to-date: /home/ubuntu/workspace/robotics_v1/install/utils/include/utils/file_system/FileSystemUtils.h
[1.222s] -- Up-to-date: /home/ubuntu/workspace/robotics_v1/install/utils/include/utils/data_type
[1.222s] -- Up-to-date: /home/ubuntu/workspace/robotics_v1/install/utils/include/utils/data_type/StringUtils.h
[1.222s] -- Up-to-date: /home/ubuntu/workspace/robotics_v1/install/utils/include/utils/data_type/EnumClassUtils.h
[1.223s] -- Up-to-date: /home/ubuntu/workspace/robotics_v1/install/utils/include/utils/data_type/FloatingPointUtils.h
[1.223s] -- Up-to-date: /home/ubuntu/workspace/robotics_v1/install/utils/include/utils/data_type/FloatingPoint.h
[1.224s] -- Up-to-date: /home/ubuntu/workspace/robotics_v1/install/utils/include/utils/data_type/IntegerUtils.h
[1.224s] -- Up-to-date: /home/ubuntu/workspace/robotics_v1/install/utils/include/utils/LimitValues.h
[1.224s] -- Up-to-date: /home/ubuntu/workspace/robotics_v1/install/utils/include/utils/common
[1.225s] -- Up-to-date: /home/ubuntu/workspace/robotics_v1/install/utils/include/utils/common/Crc.h
[1.225s] -- Up-to-date: /home/ubuntu/workspace/robotics_v1/install/utils/include/utils/common/AutoCircularBuffer.h
[1.225s] -- Up-to-date: /home/ubuntu/workspace/robotics_v1/install/utils/include/utils/common/CircularBuffer.h
[1.226s] -- Up-to-date: /home/ubuntu/workspace/robotics_v1/install/utils/include/utils/common/defines
[1.226s] -- Up-to-date: /home/ubuntu/workspace/robotics_v1/install/utils/include/utils/common/defines/SymbolNameDefines.h
[1.226s] -- Up-to-date: /home/ubuntu/workspace/robotics_v1/install/utils/include/utils/debug
[1.226s] -- Up-to-date: /home/ubuntu/workspace/robotics_v1/install/utils/include/utils/debug/StackTrace.h
[1.227s] -- Up-to-date: /home/ubuntu/workspace/robotics_v1/install/utils/include/utils/debug/FunctionTracer.h
[1.227s] -- Up-to-date: /home/ubuntu/workspace/robotics_v1/install/utils/include/utils/debug/SignalHandler.h
[1.227s] -- Up-to-date: /home/ubuntu/workspace/robotics_v1/install/utils/include/utils/class
[1.228s] -- Up-to-date: /home/ubuntu/workspace/robotics_v1/install/utils/include/utils/class/NonMoveable.h
[1.228s] -- Up-to-date: /home/ubuntu/workspace/robotics_v1/install/utils/include/utils/class/NonCopyable.h
[1.228s] -- Up-to-date: /home/ubuntu/workspace/robotics_v1/install/utils/lib/cmake/utils/utilsTargets.cmake
[1.229s] -- Up-to-date: /home/ubuntu/workspace/robotics_v1/install/utils/lib/cmake/utils/utilsTargets-debug.cmake
[1.229s] -- Up-to-date: /home/ubuntu/workspace/robotics_v1/install/utils/lib/cmake/utils/utilsConfig.cmake
[1.231s] Invoked command in '/home/ubuntu/workspace/robotics_v1/build/utils' returned '0': CMAKE_PREFIX_PATH=/home/ubuntu/workspace/robotics_v1/install/cmake_helpers:/opt/ros/foxy PKG_CONFIG_PATH=/home/ubuntu/workspace/robotics_v1/install/cmake_helpers/lib/x86_64-linux-gnu/pkgconfig:/home/ubuntu/workspace/robotics_v1/install/cmake_helpers/lib/pkgconfig /usr/bin/cmake --install /home/ubuntu/workspace/robotics_v1/build/utils
