[0.044s] Invoking command in '/home/ubuntu/workspace/robotics_v1/build/robo_miner_interfaces': CMAKE_PREFIX_PATH=/opt/ros/foxy /usr/bin/cmake --build /home/ubuntu/workspace/robotics_v1/build/robo_miner_interfaces -- -j4 -l4
[0.170s] [  0%] Built target robo_miner_interfaces__cpp
[0.197s] [ 12%] Built target robo_miner_interfaces__rosidl_generator_c
[0.253s] [ 24%] Built target robo_miner_interfaces__rosidl_typesupport_cpp
[0.413s] [ 35%] Built target robo_miner_interfaces__rosidl_typesupport_fastrtps_cpp
[0.431s] [ 47%] Built target robo_miner_interfaces__rosidl_typesupport_introspection_c
[0.479s] [ 59%] Built target robo_miner_interfaces__rosidl_typesupport_introspection_cpp
[0.503s] [ 70%] Built target robo_miner_interfaces__rosidl_typesupport_c
[0.597s] [ 82%] Built target robo_miner_interfaces__rosidl_typesupport_fastrtps_c
[0.667s] [ 82%] Built target robo_miner_interfaces
[0.702s] [ 83%] Built target robo_miner_interfaces__py
[0.829s] [ 94%] Built target robo_miner_interfaces__python
[0.904s] [ 96%] Built target robo_miner_interfaces__rosidl_typesupport_introspection_c__pyext
[0.929s] [ 98%] Built target robo_miner_interfaces__rosidl_typesupport_fastrtps_c__pyext
[0.973s] [100%] Built target robo_miner_interfaces__rosidl_typesupport_c__pyext
[1.016s] Invoked command in '/home/ubuntu/workspace/robotics_v1/build/robo_miner_interfaces' returned '0': CMAKE_PREFIX_PATH=/opt/ros/foxy /usr/bin/cmake --build /home/ubuntu/workspace/robotics_v1/build/robo_miner_interfaces -- -j4 -l4
[1.863s] Invoking command in '/home/ubuntu/workspace/robotics_v1/build/robo_miner_interfaces': CMAKE_PREFIX_PATH=/opt/ros/foxy /usr/bin/cmake --install /home/ubuntu/workspace/robotics_v1/build/robo_miner_interfaces
[1.881s] -- Install configuration: "Debug"
[1.885s] -- Execute custom install script
[1.886s] -- Up-to-date symlink: /home/ubuntu/workspace/robotics_v1/install/robo_miner_interfaces/share/ament_index/resource_index/rosidl_interfaces/robo_miner_interfaces
[1.891s] -- Up-to-date symlink: /home/ubuntu/workspace/robotics_v1/install/robo_miner_interfaces/include/robo_miner_interfaces/msg/detail/field_point__functions.h
[1.896s] -- Up-to-date symlink: /home/ubuntu/workspace/robotics_v1/install/robo_miner_interfaces/include/robo_miner_interfaces/msg/detail/field_point__struct.h
[1.897s] -- Up-to-date symlink: /home/ubuntu/workspace/robotics_v1/install/robo_miner_interfaces/include/robo_miner_interfaces/msg/detail/field_point__type_support.h
[1.898s] -- Up-to-date symlink: /home/ubuntu/workspace/robotics_v1/install/robo_miner_interfaces/include/robo_miner_interfaces/msg/detail/robot_move_type__functions.h
[1.899s] -- Up-to-date symlink: /home/ubuntu/workspace/robotics_v1/install/robo_miner_interfaces/include/robo_miner_interfaces/msg/detail/robot_move_type__struct.h
[1.900s] -- Up-to-date symlink: /home/ubuntu/workspace/robotics_v1/install/robo_miner_interfaces/include/robo_miner_interfaces/msg/detail/robot_move_type__type_support.h
[1.901s] -- Up-to-date symlink: /home/ubuntu/workspace/robotics_v1/install/robo_miner_interfaces/include/robo_miner_interfaces/msg/detail/robot_position_response__functions.h
[1.904s] -- Up-to-date symlink: /home/ubuntu/workspace/robotics_v1/install/robo_miner_interfaces/include/robo_miner_interfaces/msg/detail/robot_position_response__struct.h
[1.905s] -- Up-to-date symlink: /home/ubuntu/workspace/robotics_v1/install/robo_miner_interfaces/include/robo_miner_interfaces/msg/detail/robot_position_response__type_support.h
[1.907s] -- Up-to-date symlink: /home/ubuntu/workspace/robotics_v1/install/robo_miner_interfaces/include/robo_miner_interfaces/msg/detail/u_int8_multi_array__functions.h
[1.909s] -- Up-to-date symlink: /home/ubuntu/workspace/robotics_v1/install/robo_miner_interfaces/include/robo_miner_interfaces/msg/detail/u_int8_multi_array__struct.h
[1.910s] -- Up-to-date symlink: /home/ubuntu/workspace/robotics_v1/install/robo_miner_interfaces/include/robo_miner_interfaces/msg/detail/u_int8_multi_array__type_support.h
[1.911s] -- Up-to-date symlink: /home/ubuntu/workspace/robotics_v1/install/robo_miner_interfaces/include/robo_miner_interfaces/msg/detail/user_authenticate__functions.h
[1.914s] -- Up-to-date symlink: /home/ubuntu/workspace/robotics_v1/install/robo_miner_interfaces/include/robo_miner_interfaces/msg/detail/user_authenticate__struct.h
[1.915s] -- Up-to-date symlink: /home/ubuntu/workspace/robotics_v1/install/robo_miner_interfaces/include/robo_miner_interfaces/msg/detail/user_authenticate__type_support.h
[1.916s] -- Up-to-date symlink: /home/ubuntu/workspace/robotics_v1/install/robo_miner_interfaces/include/robo_miner_interfaces/msg/field_point.h
[1.917s] -- Up-to-date symlink: /home/ubuntu/workspace/robotics_v1/install/robo_miner_interfaces/include/robo_miner_interfaces/msg/robot_move_type.h
[1.920s] -- Up-to-date symlink: /home/ubuntu/workspace/robotics_v1/install/robo_miner_interfaces/include/robo_miner_interfaces/msg/robot_position_response.h
[1.922s] -- Up-to-date symlink: /home/ubuntu/workspace/robotics_v1/install/robo_miner_interfaces/include/robo_miner_interfaces/msg/rosidl_generator_c__visibility_control.h
[1.924s] -- Up-to-date symlink: /home/ubuntu/workspace/robotics_v1/install/robo_miner_interfaces/include/robo_miner_interfaces/msg/u_int8_multi_array.h
[1.926s] -- Up-to-date symlink: /home/ubuntu/workspace/robotics_v1/install/robo_miner_interfaces/include/robo_miner_interfaces/msg/user_authenticate.h
[1.929s] -- Up-to-date symlink: /home/ubuntu/workspace/robotics_v1/install/robo_miner_interfaces/include/robo_miner_interfaces/srv/activate_mining_validate.h
[1.930s] -- Up-to-date symlink: /home/ubuntu/workspace/robotics_v1/install/robo_miner_interfaces/include/robo_miner_interfaces/srv/detail/activate_mining_validate__functions.h
[1.931s] -- Up-to-date symlink: /home/ubuntu/workspace/robotics_v1/install/robo_miner_interfaces/include/robo_miner_interfaces/srv/detail/activate_mining_validate__struct.h
[1.932s] -- Up-to-date symlink: /home/ubuntu/workspace/robotics_v1/install/robo_miner_interfaces/include/robo_miner_interfaces/srv/detail/activate_mining_validate__type_support.h
[1.934s] -- Up-to-date symlink: /home/ubuntu/workspace/robotics_v1/install/robo_miner_interfaces/include/robo_miner_interfaces/srv/detail/field_map_validate__functions.h
[1.934s] -- Up-to-date symlink: /home/ubuntu/workspace/robotics_v1/install/robo_miner_interfaces/include/robo_miner_interfaces/srv/detail/field_map_validate__struct.h
[1.935s] -- Up-to-date symlink: /home/ubuntu/workspace/robotics_v1/install/robo_miner_interfaces/include/robo_miner_interfaces/srv/detail/field_map_validate__type_support.h
[1.936s] -- Up-to-date symlink: /home/ubuntu/workspace/robotics_v1/install/robo_miner_interfaces/include/robo_miner_interfaces/srv/detail/longest_sequence_validate__functions.h
[1.937s] -- Up-to-date symlink: /home/ubuntu/workspace/robotics_v1/install/robo_miner_interfaces/include/robo_miner_interfaces/srv/detail/longest_sequence_validate__struct.h
[1.937s] -- Up-to-date symlink: /home/ubuntu/workspace/robotics_v1/install/robo_miner_interfaces/include/robo_miner_interfaces/srv/detail/longest_sequence_validate__type_support.h
[1.938s] -- Up-to-date symlink: /home/ubuntu/workspace/robotics_v1/install/robo_miner_interfaces/include/robo_miner_interfaces/srv/detail/query_initial_robot_position__functions.h
[1.939s] -- Up-to-date symlink: /home/ubuntu/workspace/robotics_v1/install/robo_miner_interfaces/include/robo_miner_interfaces/srv/detail/query_initial_robot_position__struct.h
[1.941s] -- Up-to-date symlink: /home/ubuntu/workspace/robotics_v1/install/robo_miner_interfaces/include/robo_miner_interfaces/srv/detail/query_initial_robot_position__type_support.h
[1.942s] -- Up-to-date symlink: /home/ubuntu/workspace/robotics_v1/install/robo_miner_interfaces/include/robo_miner_interfaces/srv/detail/robot_move__functions.h
[1.943s] -- Up-to-date symlink: /home/ubuntu/workspace/robotics_v1/install/robo_miner_interfaces/include/robo_miner_interfaces/srv/detail/robot_move__struct.h
[1.944s] -- Up-to-date symlink: /home/ubuntu/workspace/robotics_v1/install/robo_miner_interfaces/include/robo_miner_interfaces/srv/detail/robot_move__type_support.h
[1.945s] -- Up-to-date symlink: /home/ubuntu/workspace/robotics_v1/install/robo_miner_interfaces/include/robo_miner_interfaces/srv/field_map_validate.h
[1.954s] -- Up-to-date symlink: /home/ubuntu/workspace/robotics_v1/install/robo_miner_interfaces/include/robo_miner_interfaces/srv/longest_sequence_validate.h
[1.955s] -- Up-to-date symlink: /home/ubuntu/workspace/robotics_v1/install/robo_miner_interfaces/include/robo_miner_interfaces/srv/query_initial_robot_position.h
[1.955s] -- Up-to-date symlink: /home/ubuntu/workspace/robotics_v1/install/robo_miner_interfaces/include/robo_miner_interfaces/srv/robot_move.h
[1.955s] -- Up-to-date symlink: /home/ubuntu/workspace/robotics_v1/install/robo_miner_interfaces/share/robo_miner_interfaces/environment/library_path.sh
[1.955s] -- Up-to-date symlink: /home/ubuntu/workspace/robotics_v1/install/robo_miner_interfaces/share/robo_miner_interfaces/environment/library_path.dsv
[1.956s] -- Up-to-date symlink: /home/ubuntu/workspace/robotics_v1/install/robo_miner_interfaces/include/robo_miner_interfaces/msg/detail/field_point__rosidl_typesupport_fastrtps_c.h
[1.956s] -- Up-to-date symlink: /home/ubuntu/workspace/robotics_v1/install/robo_miner_interfaces/include/robo_miner_interfaces/msg/detail/robot_move_type__rosidl_typesupport_fastrtps_c.h
[1.956s] -- Up-to-date symlink: /home/ubuntu/workspace/robotics_v1/install/robo_miner_interfaces/include/robo_miner_interfaces/msg/detail/robot_position_response__rosidl_typesupport_fastrtps_c.h
[1.956s] -- Up-to-date symlink: /home/ubuntu/workspace/robotics_v1/install/robo_miner_interfaces/include/robo_miner_interfaces/msg/detail/u_int8_multi_array__rosidl_typesupport_fastrtps_c.h
[1.957s] -- Up-to-date symlink: /home/ubuntu/workspace/robotics_v1/install/robo_miner_interfaces/include/robo_miner_interfaces/msg/detail/user_authenticate__rosidl_typesupport_fastrtps_c.h
[1.957s] -- Up-to-date symlink: /home/ubuntu/workspace/robotics_v1/install/robo_miner_interfaces/include/robo_miner_interfaces/msg/rosidl_typesupport_fastrtps_c__visibility_control.h
[1.957s] -- Up-to-date symlink: /home/ubuntu/workspace/robotics_v1/install/robo_miner_interfaces/include/robo_miner_interfaces/srv/detail/activate_mining_validate__rosidl_typesupport_fastrtps_c.h
[1.957s] -- Up-to-date symlink: /home/ubuntu/workspace/robotics_v1/install/robo_miner_interfaces/include/robo_miner_interfaces/srv/detail/field_map_validate__rosidl_typesupport_fastrtps_c.h
[1.968s] -- Up-to-date symlink: /home/ubuntu/workspace/robotics_v1/install/robo_miner_interfaces/include/robo_miner_interfaces/srv/detail/longest_sequence_validate__rosidl_typesupport_fastrtps_c.h
[1.969s] -- Up-to-date symlink: /home/ubuntu/workspace/robotics_v1/install/robo_miner_interfaces/include/robo_miner_interfaces/srv/detail/query_initial_robot_position__rosidl_typesupport_fastrtps_c.h
[1.969s] -- Up-to-date symlink: /home/ubuntu/workspace/robotics_v1/install/robo_miner_interfaces/include/robo_miner_interfaces/srv/detail/robot_move__rosidl_typesupport_fastrtps_c.h
[1.969s] -- Up-to-date symlink: /home/ubuntu/workspace/robotics_v1/install/robo_miner_interfaces/lib/librobo_miner_interfaces__rosidl_typesupport_fastrtps_c.so
[1.969s] -- Up-to-date symlink: /home/ubuntu/workspace/robotics_v1/install/robo_miner_interfaces/include/robo_miner_interfaces/msg/detail/field_point__rosidl_typesupport_fastrtps_cpp.hpp
[1.969s] -- Up-to-date symlink: /home/ubuntu/workspace/robotics_v1/install/robo_miner_interfaces/include/robo_miner_interfaces/msg/detail/robot_move_type__rosidl_typesupport_fastrtps_cpp.hpp
[1.969s] -- Up-to-date symlink: /home/ubuntu/workspace/robotics_v1/install/robo_miner_interfaces/include/robo_miner_interfaces/msg/detail/robot_position_response__rosidl_typesupport_fastrtps_cpp.hpp
[1.974s] -- Up-to-date symlink: /home/ubuntu/workspace/robotics_v1/install/robo_miner_interfaces/include/robo_miner_interfaces/msg/detail/u_int8_multi_array__rosidl_typesupport_fastrtps_cpp.hpp
[1.977s] -- Up-to-date symlink: /home/ubuntu/workspace/robotics_v1/install/robo_miner_interfaces/include/robo_miner_interfaces/msg/detail/user_authenticate__rosidl_typesupport_fastrtps_cpp.hpp
[1.988s] -- Up-to-date symlink: /home/ubuntu/workspace/robotics_v1/install/robo_miner_interfaces/include/robo_miner_interfaces/msg/rosidl_typesupport_fastrtps_cpp__visibility_control.h
[1.995s] -- Up-to-date symlink: /home/ubuntu/workspace/robotics_v1/install/robo_miner_interfaces/include/robo_miner_interfaces/srv/detail/activate_mining_validate__rosidl_typesupport_fastrtps_cpp.hpp
[1.996s] -- Up-to-date symlink: /home/ubuntu/workspace/robotics_v1/install/robo_miner_interfaces/include/robo_miner_interfaces/srv/detail/field_map_validate__rosidl_typesupport_fastrtps_cpp.hpp
[1.997s] -- Up-to-date symlink: /home/ubuntu/workspace/robotics_v1/install/robo_miner_interfaces/include/robo_miner_interfaces/srv/detail/longest_sequence_validate__rosidl_typesupport_fastrtps_cpp.hpp
[1.998s] -- Up-to-date symlink: /home/ubuntu/workspace/robotics_v1/install/robo_miner_interfaces/include/robo_miner_interfaces/srv/detail/query_initial_robot_position__rosidl_typesupport_fastrtps_cpp.hpp
[1.998s] -- Up-to-date symlink: /home/ubuntu/workspace/robotics_v1/install/robo_miner_interfaces/include/robo_miner_interfaces/srv/detail/robot_move__rosidl_typesupport_fastrtps_cpp.hpp
[1.998s] -- Up-to-date symlink: /home/ubuntu/workspace/robotics_v1/install/robo_miner_interfaces/lib/librobo_miner_interfaces__rosidl_typesupport_fastrtps_cpp.so
[2.000s] -- Up-to-date symlink: /home/ubuntu/workspace/robotics_v1/install/robo_miner_interfaces/include/robo_miner_interfaces/msg/detail/field_point__rosidl_typesupport_introspection_c.h
[2.003s] -- Up-to-date symlink: /home/ubuntu/workspace/robotics_v1/install/robo_miner_interfaces/include/robo_miner_interfaces/msg/detail/robot_move_type__rosidl_typesupport_introspection_c.h
[2.004s] -- Up-to-date symlink: /home/ubuntu/workspace/robotics_v1/install/robo_miner_interfaces/include/robo_miner_interfaces/msg/detail/robot_position_response__rosidl_typesupport_introspection_c.h
[2.004s] -- Up-to-date symlink: /home/ubuntu/workspace/robotics_v1/install/robo_miner_interfaces/include/robo_miner_interfaces/msg/detail/u_int8_multi_array__rosidl_typesupport_introspection_c.h
[2.004s] -- Up-to-date symlink: /home/ubuntu/workspace/robotics_v1/install/robo_miner_interfaces/include/robo_miner_interfaces/msg/detail/user_authenticate__rosidl_typesupport_introspection_c.h
[2.005s] -- Up-to-date symlink: /home/ubuntu/workspace/robotics_v1/install/robo_miner_interfaces/include/robo_miner_interfaces/msg/rosidl_typesupport_introspection_c__visibility_control.h
[2.014s] -- Up-to-date symlink: /home/ubuntu/workspace/robotics_v1/install/robo_miner_interfaces/include/robo_miner_interfaces/srv/detail/activate_mining_validate__rosidl_typesupport_introspection_c.h
[2.014s] -- Up-to-date symlink: /home/ubuntu/workspace/robotics_v1/install/robo_miner_interfaces/include/robo_miner_interfaces/srv/detail/field_map_validate__rosidl_typesupport_introspection_c.h
[2.015s] -- Up-to-date symlink: /home/ubuntu/workspace/robotics_v1/install/robo_miner_interfaces/include/robo_miner_interfaces/srv/detail/longest_sequence_validate__rosidl_typesupport_introspection_c.h
[2.015s] -- Up-to-date symlink: /home/ubuntu/workspace/robotics_v1/install/robo_miner_interfaces/include/robo_miner_interfaces/srv/detail/query_initial_robot_position__rosidl_typesupport_introspection_c.h
[2.017s] -- Up-to-date symlink: /home/ubuntu/workspace/robotics_v1/install/robo_miner_interfaces/include/robo_miner_interfaces/srv/detail/robot_move__rosidl_typesupport_introspection_c.h
[2.017s] -- Up-to-date symlink: /home/ubuntu/workspace/robotics_v1/install/robo_miner_interfaces/include/robo_miner_interfaces/msg/detail/field_point__builder.hpp
[2.018s] -- Up-to-date symlink: /home/ubuntu/workspace/robotics_v1/install/robo_miner_interfaces/include/robo_miner_interfaces/msg/detail/field_point__struct.hpp
[2.018s] -- Up-to-date symlink: /home/ubuntu/workspace/robotics_v1/install/robo_miner_interfaces/include/robo_miner_interfaces/msg/detail/field_point__traits.hpp
[2.019s] -- Up-to-date symlink: /home/ubuntu/workspace/robotics_v1/install/robo_miner_interfaces/include/robo_miner_interfaces/msg/detail/robot_move_type__builder.hpp
[2.019s] -- Up-to-date symlink: /home/ubuntu/workspace/robotics_v1/install/robo_miner_interfaces/include/robo_miner_interfaces/msg/detail/robot_move_type__struct.hpp
[2.020s] -- Up-to-date symlink: /home/ubuntu/workspace/robotics_v1/install/robo_miner_interfaces/include/robo_miner_interfaces/msg/detail/robot_move_type__traits.hpp
[2.020s] -- Up-to-date symlink: /home/ubuntu/workspace/robotics_v1/install/robo_miner_interfaces/include/robo_miner_interfaces/msg/detail/robot_position_response__builder.hpp
[2.022s] -- Up-to-date symlink: /home/ubuntu/workspace/robotics_v1/install/robo_miner_interfaces/include/robo_miner_interfaces/msg/detail/robot_position_response__struct.hpp
[2.023s] -- Up-to-date symlink: /home/ubuntu/workspace/robotics_v1/install/robo_miner_interfaces/include/robo_miner_interfaces/msg/detail/robot_position_response__traits.hpp
[2.036s] -- Up-to-date symlink: /home/ubuntu/workspace/robotics_v1/install/robo_miner_interfaces/include/robo_miner_interfaces/msg/detail/u_int8_multi_array__builder.hpp
[2.038s] -- Up-to-date symlink: /home/ubuntu/workspace/robotics_v1/install/robo_miner_interfaces/include/robo_miner_interfaces/msg/detail/u_int8_multi_array__struct.hpp
[2.038s] -- Up-to-date symlink: /home/ubuntu/workspace/robotics_v1/install/robo_miner_interfaces/include/robo_miner_interfaces/msg/detail/u_int8_multi_array__traits.hpp
[2.039s] -- Up-to-date symlink: /home/ubuntu/workspace/robotics_v1/install/robo_miner_interfaces/include/robo_miner_interfaces/msg/detail/user_authenticate__builder.hpp
[2.039s] -- Up-to-date symlink: /home/ubuntu/workspace/robotics_v1/install/robo_miner_interfaces/include/robo_miner_interfaces/msg/detail/user_authenticate__struct.hpp
[2.040s] -- Up-to-date symlink: /home/ubuntu/workspace/robotics_v1/install/robo_miner_interfaces/include/robo_miner_interfaces/msg/detail/user_authenticate__traits.hpp
[2.040s] -- Up-to-date symlink: /home/ubuntu/workspace/robotics_v1/install/robo_miner_interfaces/include/robo_miner_interfaces/msg/field_point.hpp
[2.040s] -- Up-to-date symlink: /home/ubuntu/workspace/robotics_v1/install/robo_miner_interfaces/include/robo_miner_interfaces/msg/robot_move_type.hpp
[2.041s] -- Up-to-date symlink: /home/ubuntu/workspace/robotics_v1/install/robo_miner_interfaces/include/robo_miner_interfaces/msg/robot_position_response.hpp
[2.041s] -- Up-to-date symlink: /home/ubuntu/workspace/robotics_v1/install/robo_miner_interfaces/include/robo_miner_interfaces/msg/u_int8_multi_array.hpp
[2.041s] -- Up-to-date symlink: /home/ubuntu/workspace/robotics_v1/install/robo_miner_interfaces/include/robo_miner_interfaces/msg/user_authenticate.hpp
[2.041s] -- Up-to-date symlink: /home/ubuntu/workspace/robotics_v1/install/robo_miner_interfaces/include/robo_miner_interfaces/srv/activate_mining_validate.hpp
[2.042s] -- Up-to-date symlink: /home/ubuntu/workspace/robotics_v1/install/robo_miner_interfaces/include/robo_miner_interfaces/srv/detail/activate_mining_validate__builder.hpp
[2.042s] -- Up-to-date symlink: /home/ubuntu/workspace/robotics_v1/install/robo_miner_interfaces/include/robo_miner_interfaces/srv/detail/activate_mining_validate__struct.hpp
[2.042s] -- Up-to-date symlink: /home/ubuntu/workspace/robotics_v1/install/robo_miner_interfaces/include/robo_miner_interfaces/srv/detail/activate_mining_validate__traits.hpp
[2.042s] -- Up-to-date symlink: /home/ubuntu/workspace/robotics_v1/install/robo_miner_interfaces/include/robo_miner_interfaces/srv/detail/field_map_validate__builder.hpp
[2.043s] -- Up-to-date symlink: /home/ubuntu/workspace/robotics_v1/install/robo_miner_interfaces/include/robo_miner_interfaces/srv/detail/field_map_validate__struct.hpp
[2.043s] -- Up-to-date symlink: /home/ubuntu/workspace/robotics_v1/install/robo_miner_interfaces/include/robo_miner_interfaces/srv/detail/field_map_validate__traits.hpp
[2.044s] -- Up-to-date symlink: /home/ubuntu/workspace/robotics_v1/install/robo_miner_interfaces/include/robo_miner_interfaces/srv/detail/longest_sequence_validate__builder.hpp
[2.045s] -- Up-to-date symlink: /home/ubuntu/workspace/robotics_v1/install/robo_miner_interfaces/include/robo_miner_interfaces/srv/detail/longest_sequence_validate__struct.hpp
[2.046s] -- Up-to-date symlink: /home/ubuntu/workspace/robotics_v1/install/robo_miner_interfaces/include/robo_miner_interfaces/srv/detail/longest_sequence_validate__traits.hpp
[2.048s] -- Up-to-date symlink: /home/ubuntu/workspace/robotics_v1/install/robo_miner_interfaces/include/robo_miner_interfaces/srv/detail/query_initial_robot_position__builder.hpp
[2.049s] -- Up-to-date symlink: /home/ubuntu/workspace/robotics_v1/install/robo_miner_interfaces/include/robo_miner_interfaces/srv/detail/query_initial_robot_position__struct.hpp
[2.050s] -- Up-to-date symlink: /home/ubuntu/workspace/robotics_v1/install/robo_miner_interfaces/include/robo_miner_interfaces/srv/detail/query_initial_robot_position__traits.hpp
[2.067s] -- Up-to-date symlink: /home/ubuntu/workspace/robotics_v1/install/robo_miner_interfaces/include/robo_miner_interfaces/srv/detail/robot_move__builder.hpp
[2.069s] -- Up-to-date symlink: /home/ubuntu/workspace/robotics_v1/install/robo_miner_interfaces/include/robo_miner_interfaces/srv/detail/robot_move__struct.hpp
[2.070s] -- Up-to-date symlink: /home/ubuntu/workspace/robotics_v1/install/robo_miner_interfaces/include/robo_miner_interfaces/srv/detail/robot_move__traits.hpp
[2.072s] -- Up-to-date symlink: /home/ubuntu/workspace/robotics_v1/install/robo_miner_interfaces/include/robo_miner_interfaces/srv/field_map_validate.hpp
[2.073s] -- Up-to-date symlink: /home/ubuntu/workspace/robotics_v1/install/robo_miner_interfaces/include/robo_miner_interfaces/srv/longest_sequence_validate.hpp
[2.073s] -- Up-to-date symlink: /home/ubuntu/workspace/robotics_v1/install/robo_miner_interfaces/include/robo_miner_interfaces/srv/query_initial_robot_position.hpp
[2.073s] -- Up-to-date symlink: /home/ubuntu/workspace/robotics_v1/install/robo_miner_interfaces/include/robo_miner_interfaces/srv/robot_move.hpp
[2.074s] -- Up-to-date symlink: /home/ubuntu/workspace/robotics_v1/install/robo_miner_interfaces/include/robo_miner_interfaces/msg/detail/field_point__rosidl_typesupport_introspection_cpp.hpp
[2.074s] -- Up-to-date symlink: /home/ubuntu/workspace/robotics_v1/install/robo_miner_interfaces/include/robo_miner_interfaces/msg/detail/robot_move_type__rosidl_typesupport_introspection_cpp.hpp
[2.074s] -- Up-to-date symlink: /home/ubuntu/workspace/robotics_v1/install/robo_miner_interfaces/include/robo_miner_interfaces/msg/detail/robot_position_response__rosidl_typesupport_introspection_cpp.hpp
[2.074s] -- Up-to-date symlink: /home/ubuntu/workspace/robotics_v1/install/robo_miner_interfaces/include/robo_miner_interfaces/msg/detail/u_int8_multi_array__rosidl_typesupport_introspection_cpp.hpp
[2.074s] -- Up-to-date symlink: /home/ubuntu/workspace/robotics_v1/install/robo_miner_interfaces/include/robo_miner_interfaces/msg/detail/user_authenticate__rosidl_typesupport_introspection_cpp.hpp
[2.075s] -- Up-to-date symlink: /home/ubuntu/workspace/robotics_v1/install/robo_miner_interfaces/include/robo_miner_interfaces/srv/detail/activate_mining_validate__rosidl_typesupport_introspection_cpp.hpp
[2.075s] -- Up-to-date symlink: /home/ubuntu/workspace/robotics_v1/install/robo_miner_interfaces/include/robo_miner_interfaces/srv/detail/field_map_validate__rosidl_typesupport_introspection_cpp.hpp
[2.075s] -- Up-to-date symlink: /home/ubuntu/workspace/robotics_v1/install/robo_miner_interfaces/include/robo_miner_interfaces/srv/detail/longest_sequence_validate__rosidl_typesupport_introspection_cpp.hpp
[2.075s] -- Up-to-date symlink: /home/ubuntu/workspace/robotics_v1/install/robo_miner_interfaces/include/robo_miner_interfaces/srv/detail/query_initial_robot_position__rosidl_typesupport_introspection_cpp.hpp
[2.076s] -- Up-to-date symlink: /home/ubuntu/workspace/robotics_v1/install/robo_miner_interfaces/include/robo_miner_interfaces/srv/detail/robot_move__rosidl_typesupport_introspection_cpp.hpp
[2.076s] -- Up-to-date symlink: /home/ubuntu/workspace/robotics_v1/install/robo_miner_interfaces/share/robo_miner_interfaces/environment/pythonpath.sh
[2.076s] -- Up-to-date symlink: /home/ubuntu/workspace/robotics_v1/install/robo_miner_interfaces/share/robo_miner_interfaces/environment/pythonpath.dsv
[2.076s] -- Up-to-date symlink: /home/ubuntu/workspace/robotics_v1/install/robo_miner_interfaces/lib/python3.8/site-packages/robo_miner_interfaces/__init__.py
[2.076s] -- Up-to-date symlink: /home/ubuntu/workspace/robotics_v1/install/robo_miner_interfaces/lib/python3.8/site-packages/robo_miner_interfaces/msg/__init__.py
[2.076s] -- Up-to-date symlink: /home/ubuntu/workspace/robotics_v1/install/robo_miner_interfaces/lib/python3.8/site-packages/robo_miner_interfaces/msg/_field_point.py
[2.077s] -- Up-to-date symlink: /home/ubuntu/workspace/robotics_v1/install/robo_miner_interfaces/lib/python3.8/site-packages/robo_miner_interfaces/msg/_robot_move_type.py
[2.077s] -- Up-to-date symlink: /home/ubuntu/workspace/robotics_v1/install/robo_miner_interfaces/lib/python3.8/site-packages/robo_miner_interfaces/msg/_robot_position_response.py
[2.077s] -- Up-to-date symlink: /home/ubuntu/workspace/robotics_v1/install/robo_miner_interfaces/lib/python3.8/site-packages/robo_miner_interfaces/msg/_u_int8_multi_array.py
[2.077s] -- Up-to-date symlink: /home/ubuntu/workspace/robotics_v1/install/robo_miner_interfaces/lib/python3.8/site-packages/robo_miner_interfaces/msg/_user_authenticate.py
[2.078s] -- Up-to-date symlink: /home/ubuntu/workspace/robotics_v1/install/robo_miner_interfaces/lib/python3.8/site-packages/robo_miner_interfaces/srv/__init__.py
[2.079s] -- Up-to-date symlink: /home/ubuntu/workspace/robotics_v1/install/robo_miner_interfaces/lib/python3.8/site-packages/robo_miner_interfaces/srv/_activate_mining_validate.py
[2.081s] -- Up-to-date symlink: /home/ubuntu/workspace/robotics_v1/install/robo_miner_interfaces/lib/python3.8/site-packages/robo_miner_interfaces/srv/_field_map_validate.py
[2.081s] -- Up-to-date symlink: /home/ubuntu/workspace/robotics_v1/install/robo_miner_interfaces/lib/python3.8/site-packages/robo_miner_interfaces/srv/_longest_sequence_validate.py
[2.082s] -- Up-to-date symlink: /home/ubuntu/workspace/robotics_v1/install/robo_miner_interfaces/lib/python3.8/site-packages/robo_miner_interfaces/srv/_query_initial_robot_position.py
[2.082s] -- Up-to-date symlink: /home/ubuntu/workspace/robotics_v1/install/robo_miner_interfaces/lib/python3.8/site-packages/robo_miner_interfaces/srv/_robot_move.py
[2.082s] -- Up-to-date symlink: /home/ubuntu/workspace/robotics_v1/install/robo_miner_interfaces/lib/python3.8/site-packages/robo_miner_interfaces/robo_miner_interfaces_s__rosidl_typesupport_fastrtps_c.cpython-38-x86_64-linux-gnu.so
[2.086s] -- Up-to-date symlink: /home/ubuntu/workspace/robotics_v1/install/robo_miner_interfaces/lib/python3.8/site-packages/robo_miner_interfaces/robo_miner_interfaces_s__rosidl_typesupport_introspection_c.cpython-38-x86_64-linux-gnu.so
[2.086s] -- Up-to-date symlink: /home/ubuntu/workspace/robotics_v1/install/robo_miner_interfaces/lib/python3.8/site-packages/robo_miner_interfaces/robo_miner_interfaces_s__rosidl_typesupport_c.cpython-38-x86_64-linux-gnu.so
[2.087s] -- Up-to-date symlink: /home/ubuntu/workspace/robotics_v1/install/robo_miner_interfaces/lib/librobo_miner_interfaces__python.so
[2.087s] -- Up-to-date symlink: /home/ubuntu/workspace/robotics_v1/install/robo_miner_interfaces/share/robo_miner_interfaces/msg/FieldPoint.idl
[2.088s] -- Up-to-date symlink: /home/ubuntu/workspace/robotics_v1/install/robo_miner_interfaces/share/robo_miner_interfaces/msg/RobotPositionResponse.idl
[2.089s] -- Up-to-date symlink: /home/ubuntu/workspace/robotics_v1/install/robo_miner_interfaces/share/robo_miner_interfaces/msg/UInt8MultiArray.idl
[2.090s] -- Up-to-date symlink: /home/ubuntu/workspace/robotics_v1/install/robo_miner_interfaces/share/robo_miner_interfaces/msg/RobotMoveType.idl
[2.091s] -- Up-to-date symlink: /home/ubuntu/workspace/robotics_v1/install/robo_miner_interfaces/share/robo_miner_interfaces/msg/UserAuthenticate.idl
[2.092s] -- Up-to-date symlink: /home/ubuntu/workspace/robotics_v1/install/robo_miner_interfaces/share/robo_miner_interfaces/srv/ActivateMiningValidate.idl
[2.093s] -- Up-to-date symlink: /home/ubuntu/workspace/robotics_v1/install/robo_miner_interfaces/share/robo_miner_interfaces/srv/RobotMove.idl
[2.094s] -- Up-to-date symlink: /home/ubuntu/workspace/robotics_v1/install/robo_miner_interfaces/share/robo_miner_interfaces/srv/LongestSequenceValidate.idl
[2.096s] -- Up-to-date symlink: /home/ubuntu/workspace/robotics_v1/install/robo_miner_interfaces/share/robo_miner_interfaces/srv/FieldMapValidate.idl
[2.102s] -- Up-to-date symlink: /home/ubuntu/workspace/robotics_v1/install/robo_miner_interfaces/share/robo_miner_interfaces/srv/QueryInitialRobotPosition.idl
[2.102s] -- Up-to-date symlink: /home/ubuntu/workspace/robotics_v1/install/robo_miner_interfaces/share/robo_miner_interfaces/msg/FieldPoint.msg
[2.102s] -- Up-to-date symlink: /home/ubuntu/workspace/robotics_v1/install/robo_miner_interfaces/share/robo_miner_interfaces/msg/RobotPositionResponse.msg
[2.102s] -- Up-to-date symlink: /home/ubuntu/workspace/robotics_v1/install/robo_miner_interfaces/share/robo_miner_interfaces/msg/UInt8MultiArray.msg
[2.103s] -- Up-to-date symlink: /home/ubuntu/workspace/robotics_v1/install/robo_miner_interfaces/share/robo_miner_interfaces/msg/RobotMoveType.msg
[2.104s] -- Up-to-date symlink: /home/ubuntu/workspace/robotics_v1/install/robo_miner_interfaces/share/robo_miner_interfaces/msg/UserAuthenticate.msg
[2.105s] -- Up-to-date symlink: /home/ubuntu/workspace/robotics_v1/install/robo_miner_interfaces/share/robo_miner_interfaces/srv/ActivateMiningValidate.srv
[2.106s] -- Up-to-date symlink: /home/ubuntu/workspace/robotics_v1/install/robo_miner_interfaces/share/robo_miner_interfaces/srv/ActivateMiningValidate_Request.msg
[2.107s] -- Up-to-date symlink: /home/ubuntu/workspace/robotics_v1/install/robo_miner_interfaces/share/robo_miner_interfaces/srv/ActivateMiningValidate_Response.msg
[2.108s] -- Up-to-date symlink: /home/ubuntu/workspace/robotics_v1/install/robo_miner_interfaces/share/robo_miner_interfaces/srv/RobotMove.srv
[2.109s] -- Up-to-date symlink: /home/ubuntu/workspace/robotics_v1/install/robo_miner_interfaces/share/robo_miner_interfaces/srv/RobotMove_Request.msg
[2.110s] -- Up-to-date symlink: /home/ubuntu/workspace/robotics_v1/install/robo_miner_interfaces/share/robo_miner_interfaces/srv/RobotMove_Response.msg
[2.111s] -- Up-to-date symlink: /home/ubuntu/workspace/robotics_v1/install/robo_miner_interfaces/share/robo_miner_interfaces/srv/LongestSequenceValidate.srv
[2.111s] -- Up-to-date symlink: /home/ubuntu/workspace/robotics_v1/install/robo_miner_interfaces/share/robo_miner_interfaces/srv/LongestSequenceValidate_Request.msg
[2.112s] -- Up-to-date symlink: /home/ubuntu/workspace/robotics_v1/install/robo_miner_interfaces/share/robo_miner_interfaces/srv/LongestSequenceValidate_Response.msg
[2.113s] -- Up-to-date symlink: /home/ubuntu/workspace/robotics_v1/install/robo_miner_interfaces/share/robo_miner_interfaces/srv/FieldMapValidate.srv
[2.114s] -- Up-to-date symlink: /home/ubuntu/workspace/robotics_v1/install/robo_miner_interfaces/share/robo_miner_interfaces/srv/FieldMapValidate_Request.msg
[2.115s] -- Up-to-date symlink: /home/ubuntu/workspace/robotics_v1/install/robo_miner_interfaces/share/robo_miner_interfaces/srv/FieldMapValidate_Response.msg
[2.116s] -- Up-to-date symlink: /home/ubuntu/workspace/robotics_v1/install/robo_miner_interfaces/share/robo_miner_interfaces/srv/QueryInitialRobotPosition.srv
[2.116s] -- Up-to-date symlink: /home/ubuntu/workspace/robotics_v1/install/robo_miner_interfaces/share/robo_miner_interfaces/srv/QueryInitialRobotPosition_Request.msg
[2.117s] -- Up-to-date symlink: /home/ubuntu/workspace/robotics_v1/install/robo_miner_interfaces/share/robo_miner_interfaces/srv/QueryInitialRobotPosition_Response.msg
[2.118s] -- Up-to-date symlink: /home/ubuntu/workspace/robotics_v1/install/robo_miner_interfaces/share/ament_index/resource_index/package_run_dependencies/robo_miner_interfaces
[2.119s] -- Up-to-date symlink: /home/ubuntu/workspace/robotics_v1/install/robo_miner_interfaces/share/ament_index/resource_index/parent_prefix_path/robo_miner_interfaces
[2.120s] -- Up-to-date symlink: /home/ubuntu/workspace/robotics_v1/install/robo_miner_interfaces/share/robo_miner_interfaces/environment/ament_prefix_path.sh
[2.125s] -- Up-to-date symlink: /home/ubuntu/workspace/robotics_v1/install/robo_miner_interfaces/share/robo_miner_interfaces/environment/ament_prefix_path.dsv
[2.131s] -- Up-to-date symlink: /home/ubuntu/workspace/robotics_v1/install/robo_miner_interfaces/share/robo_miner_interfaces/environment/path.sh
[2.132s] -- Up-to-date symlink: /home/ubuntu/workspace/robotics_v1/install/robo_miner_interfaces/share/robo_miner_interfaces/environment/path.dsv
[2.132s] -- Up-to-date symlink: /home/ubuntu/workspace/robotics_v1/install/robo_miner_interfaces/share/robo_miner_interfaces/local_setup.bash
[2.132s] -- Up-to-date symlink: /home/ubuntu/workspace/robotics_v1/install/robo_miner_interfaces/share/robo_miner_interfaces/local_setup.sh
[2.132s] -- Up-to-date symlink: /home/ubuntu/workspace/robotics_v1/install/robo_miner_interfaces/share/robo_miner_interfaces/local_setup.zsh
[2.132s] -- Up-to-date symlink: /home/ubuntu/workspace/robotics_v1/install/robo_miner_interfaces/share/robo_miner_interfaces/local_setup.dsv
[2.135s] -- Symlinking: /home/ubuntu/workspace/robotics_v1/install/robo_miner_interfaces/share/robo_miner_interfaces/package.dsv
[2.159s] -- Up-to-date symlink: /home/ubuntu/workspace/robotics_v1/install/robo_miner_interfaces/share/ament_index/resource_index/packages/robo_miner_interfaces
[2.159s] -- Up-to-date symlink: /home/ubuntu/workspace/robotics_v1/install/robo_miner_interfaces/share/robo_miner_interfaces/cmake/rosidl_cmake-extras.cmake
[2.160s] -- Up-to-date symlink: /home/ubuntu/workspace/robotics_v1/install/robo_miner_interfaces/share/robo_miner_interfaces/cmake/ament_cmake_export_dependencies-extras.cmake
[2.160s] -- Up-to-date symlink: /home/ubuntu/workspace/robotics_v1/install/robo_miner_interfaces/share/robo_miner_interfaces/cmake/ament_cmake_export_libraries-extras.cmake
[2.160s] -- Up-to-date symlink: /home/ubuntu/workspace/robotics_v1/install/robo_miner_interfaces/share/robo_miner_interfaces/cmake/ament_cmake_export_targets-extras.cmake
[2.160s] -- Up-to-date symlink: /home/ubuntu/workspace/robotics_v1/install/robo_miner_interfaces/share/robo_miner_interfaces/cmake/ament_cmake_export_include_directories-extras.cmake
[2.160s] -- Up-to-date symlink: /home/ubuntu/workspace/robotics_v1/install/robo_miner_interfaces/share/robo_miner_interfaces/cmake/rosidl_cmake_export_typesupport_libraries-extras.cmake
[2.161s] -- Up-to-date symlink: /home/ubuntu/workspace/robotics_v1/install/robo_miner_interfaces/share/robo_miner_interfaces/cmake/rosidl_cmake_export_typesupport_targets-extras.cmake
[2.161s] -- Up-to-date symlink: /home/ubuntu/workspace/robotics_v1/install/robo_miner_interfaces/share/robo_miner_interfaces/cmake/robo_miner_interfacesConfig.cmake
[2.161s] -- Up-to-date symlink: /home/ubuntu/workspace/robotics_v1/install/robo_miner_interfaces/share/robo_miner_interfaces/cmake/robo_miner_interfacesConfig-version.cmake
[2.161s] -- Up-to-date symlink: /home/ubuntu/workspace/robotics_v1/install/robo_miner_interfaces/share/robo_miner_interfaces/package.xml
[2.161s] -- Up-to-date: /home/ubuntu/workspace/robotics_v1/install/robo_miner_interfaces/lib/librobo_miner_interfaces__rosidl_generator_c.so
[2.161s] -- Up-to-date: /home/ubuntu/workspace/robotics_v1/install/robo_miner_interfaces/lib/librobo_miner_interfaces__rosidl_typesupport_introspection_c.so
[2.162s] -- Up-to-date: /home/ubuntu/workspace/robotics_v1/install/robo_miner_interfaces/lib/librobo_miner_interfaces__rosidl_typesupport_c.so
[2.163s] -- Up-to-date: /home/ubuntu/workspace/robotics_v1/install/robo_miner_interfaces/lib/librobo_miner_interfaces__rosidl_typesupport_introspection_cpp.so
[2.164s] -- Up-to-date: /home/ubuntu/workspace/robotics_v1/install/robo_miner_interfaces/lib/librobo_miner_interfaces__rosidl_typesupport_cpp.so
[2.236s] -- Up-to-date: /home/ubuntu/workspace/robotics_v1/install/robo_miner_interfaces/share/robo_miner_interfaces/cmake/robo_miner_interfaces__rosidl_generator_cExport.cmake
[2.236s] -- Up-to-date: /home/ubuntu/workspace/robotics_v1/install/robo_miner_interfaces/share/robo_miner_interfaces/cmake/robo_miner_interfaces__rosidl_generator_cExport-debug.cmake
[2.236s] -- Up-to-date: /home/ubuntu/workspace/robotics_v1/install/robo_miner_interfaces/share/robo_miner_interfaces/cmake/robo_miner_interfaces__rosidl_typesupport_introspection_cExport.cmake
[2.237s] -- Up-to-date: /home/ubuntu/workspace/robotics_v1/install/robo_miner_interfaces/share/robo_miner_interfaces/cmake/robo_miner_interfaces__rosidl_typesupport_introspection_cExport-debug.cmake
[2.237s] -- Up-to-date: /home/ubuntu/workspace/robotics_v1/install/robo_miner_interfaces/share/robo_miner_interfaces/cmake/robo_miner_interfaces__rosidl_typesupport_cExport.cmake
[2.237s] -- Up-to-date: /home/ubuntu/workspace/robotics_v1/install/robo_miner_interfaces/share/robo_miner_interfaces/cmake/robo_miner_interfaces__rosidl_typesupport_cExport-debug.cmake
[2.237s] -- Up-to-date: /home/ubuntu/workspace/robotics_v1/install/robo_miner_interfaces/share/robo_miner_interfaces/cmake/robo_miner_interfaces__rosidl_generator_cppExport.cmake
[2.238s] -- Up-to-date: /home/ubuntu/workspace/robotics_v1/install/robo_miner_interfaces/share/robo_miner_interfaces/cmake/robo_miner_interfaces__rosidl_typesupport_introspection_cppExport.cmake
[2.253s] -- Up-to-date: /home/ubuntu/workspace/robotics_v1/install/robo_miner_interfaces/share/robo_miner_interfaces/cmake/robo_miner_interfaces__rosidl_typesupport_introspection_cppExport-debug.cmake
[2.254s] -- Up-to-date: /home/ubuntu/workspace/robotics_v1/install/robo_miner_interfaces/share/robo_miner_interfaces/cmake/robo_miner_interfaces__rosidl_typesupport_cppExport.cmake
[2.255s] -- Up-to-date: /home/ubuntu/workspace/robotics_v1/install/robo_miner_interfaces/share/robo_miner_interfaces/cmake/robo_miner_interfaces__rosidl_typesupport_cppExport-debug.cmake
[2.257s] Invoked command in '/home/ubuntu/workspace/robotics_v1/build/robo_miner_interfaces' returned '0': CMAKE_PREFIX_PATH=/opt/ros/foxy /usr/bin/cmake --install /home/ubuntu/workspace/robotics_v1/build/robo_miner_interfaces
