[0.133s] Invoking command in '/home/ubuntu/workspace/robotics_v1/build/ur_dashboard_msgs': CMAKE_PREFIX_PATH=/opt/ros/foxy /usr/bin/cmake --build /home/ubuntu/workspace/robotics_v1/build/ur_dashboard_msgs -- -j4 -l4
[0.449s] [  0%] Built target ur_dashboard_msgs__cpp
[0.529s] [ 12%] Built target ur_dashboard_msgs__rosidl_generator_c
[0.657s] [ 24%] Built target ur_dashboard_msgs__rosidl_typesupport_introspection_cpp
[0.727s] [ 36%] Built target ur_dashboard_msgs__rosidl_typesupport_cpp
[0.766s] [ 48%] Built target ur_dashboard_msgs__rosidl_typesupport_fastrtps_cpp
[0.974s] [ 61%] Built target ur_dashboard_msgs__rosidl_typesupport_introspection_c
[0.980s] [ 72%] Built target ur_dashboard_msgs__rosidl_typesupport_c
[1.171s] [ 84%] Built target ur_dashboard_msgs__rosidl_typesupport_fastrtps_c
[1.307s] [ 84%] Built target ur_dashboard_msgs
[1.509s] [ 85%] Built target ur_dashboard_msgs__py
[1.742s] [ 96%] Built target ur_dashboard_msgs__python
[1.898s] [ 97%] Built target ur_dashboard_msgs__rosidl_typesupport_c__pyext
[1.972s] [ 99%] Built target ur_dashboard_msgs__rosidl_typesupport_introspection_c__pyext
[2.033s] [100%] Built target ur_dashboard_msgs__rosidl_typesupport_fastrtps_c__pyext
[2.093s] Invoked command in '/home/ubuntu/workspace/robotics_v1/build/ur_dashboard_msgs' returned '0': CMAKE_PREFIX_PATH=/opt/ros/foxy /usr/bin/cmake --build /home/ubuntu/workspace/robotics_v1/build/ur_dashboard_msgs -- -j4 -l4
[5.156s] Invoking command in '/home/ubuntu/workspace/robotics_v1/build/ur_dashboard_msgs': CMAKE_PREFIX_PATH=/opt/ros/foxy /usr/bin/cmake --install /home/ubuntu/workspace/robotics_v1/build/ur_dashboard_msgs
[5.208s] -- Install configuration: "Debug"
[5.218s] -- Execute custom install script
[5.219s] -- Up-to-date symlink: /home/ubuntu/workspace/robotics_v1/install/ur_dashboard_msgs/share/ament_index/resource_index/rosidl_interfaces/ur_dashboard_msgs
[5.229s] -- Up-to-date symlink: /home/ubuntu/workspace/robotics_v1/install/ur_dashboard_msgs/include/ur_dashboard_msgs/action/detail/set_mode__functions.h
[5.229s] -- Up-to-date symlink: /home/ubuntu/workspace/robotics_v1/install/ur_dashboard_msgs/include/ur_dashboard_msgs/action/detail/set_mode__struct.h
[5.236s] -- Up-to-date symlink: /home/ubuntu/workspace/robotics_v1/install/ur_dashboard_msgs/include/ur_dashboard_msgs/action/detail/set_mode__type_support.h
[5.237s] -- Up-to-date symlink: /home/ubuntu/workspace/robotics_v1/install/ur_dashboard_msgs/include/ur_dashboard_msgs/action/set_mode.h
[5.237s] -- Up-to-date symlink: /home/ubuntu/workspace/robotics_v1/install/ur_dashboard_msgs/include/ur_dashboard_msgs/msg/detail/program_state__functions.h
[5.239s] -- Up-to-date symlink: /home/ubuntu/workspace/robotics_v1/install/ur_dashboard_msgs/include/ur_dashboard_msgs/msg/detail/program_state__struct.h
[5.242s] -- Up-to-date symlink: /home/ubuntu/workspace/robotics_v1/install/ur_dashboard_msgs/include/ur_dashboard_msgs/msg/detail/program_state__type_support.h
[5.243s] -- Up-to-date symlink: /home/ubuntu/workspace/robotics_v1/install/ur_dashboard_msgs/include/ur_dashboard_msgs/msg/detail/robot_mode__functions.h
[5.243s] -- Up-to-date symlink: /home/ubuntu/workspace/robotics_v1/install/ur_dashboard_msgs/include/ur_dashboard_msgs/msg/detail/robot_mode__struct.h
[5.244s] -- Up-to-date symlink: /home/ubuntu/workspace/robotics_v1/install/ur_dashboard_msgs/include/ur_dashboard_msgs/msg/detail/robot_mode__type_support.h
[5.245s] -- Up-to-date symlink: /home/ubuntu/workspace/robotics_v1/install/ur_dashboard_msgs/include/ur_dashboard_msgs/msg/detail/safety_mode__functions.h
[5.245s] -- Up-to-date symlink: /home/ubuntu/workspace/robotics_v1/install/ur_dashboard_msgs/include/ur_dashboard_msgs/msg/detail/safety_mode__struct.h
[5.247s] -- Up-to-date symlink: /home/ubuntu/workspace/robotics_v1/install/ur_dashboard_msgs/include/ur_dashboard_msgs/msg/detail/safety_mode__type_support.h
[5.247s] -- Up-to-date symlink: /home/ubuntu/workspace/robotics_v1/install/ur_dashboard_msgs/include/ur_dashboard_msgs/msg/program_state.h
[5.248s] -- Up-to-date symlink: /home/ubuntu/workspace/robotics_v1/install/ur_dashboard_msgs/include/ur_dashboard_msgs/msg/robot_mode.h
[5.256s] -- Up-to-date symlink: /home/ubuntu/workspace/robotics_v1/install/ur_dashboard_msgs/include/ur_dashboard_msgs/msg/rosidl_generator_c__visibility_control.h
[5.257s] -- Up-to-date symlink: /home/ubuntu/workspace/robotics_v1/install/ur_dashboard_msgs/include/ur_dashboard_msgs/msg/safety_mode.h
[5.258s] -- Up-to-date symlink: /home/ubuntu/workspace/robotics_v1/install/ur_dashboard_msgs/include/ur_dashboard_msgs/srv/add_to_log.h
[5.259s] -- Up-to-date symlink: /home/ubuntu/workspace/robotics_v1/install/ur_dashboard_msgs/include/ur_dashboard_msgs/srv/detail/add_to_log__functions.h
[5.260s] -- Up-to-date symlink: /home/ubuntu/workspace/robotics_v1/install/ur_dashboard_msgs/include/ur_dashboard_msgs/srv/detail/add_to_log__struct.h
[5.260s] -- Up-to-date symlink: /home/ubuntu/workspace/robotics_v1/install/ur_dashboard_msgs/include/ur_dashboard_msgs/srv/detail/add_to_log__type_support.h
[5.265s] -- Up-to-date symlink: /home/ubuntu/workspace/robotics_v1/install/ur_dashboard_msgs/include/ur_dashboard_msgs/srv/detail/get_loaded_program__functions.h
[5.265s] -- Up-to-date symlink: /home/ubuntu/workspace/robotics_v1/install/ur_dashboard_msgs/include/ur_dashboard_msgs/srv/detail/get_loaded_program__struct.h
[5.270s] -- Up-to-date symlink: /home/ubuntu/workspace/robotics_v1/install/ur_dashboard_msgs/include/ur_dashboard_msgs/srv/detail/get_loaded_program__type_support.h
[5.271s] -- Up-to-date symlink: /home/ubuntu/workspace/robotics_v1/install/ur_dashboard_msgs/include/ur_dashboard_msgs/srv/detail/get_program_state__functions.h
[5.272s] -- Up-to-date symlink: /home/ubuntu/workspace/robotics_v1/install/ur_dashboard_msgs/include/ur_dashboard_msgs/srv/detail/get_program_state__struct.h
[5.273s] -- Up-to-date symlink: /home/ubuntu/workspace/robotics_v1/install/ur_dashboard_msgs/include/ur_dashboard_msgs/srv/detail/get_program_state__type_support.h
[5.275s] -- Up-to-date symlink: /home/ubuntu/workspace/robotics_v1/install/ur_dashboard_msgs/include/ur_dashboard_msgs/srv/detail/get_robot_mode__functions.h
[5.275s] -- Up-to-date symlink: /home/ubuntu/workspace/robotics_v1/install/ur_dashboard_msgs/include/ur_dashboard_msgs/srv/detail/get_robot_mode__struct.h
[5.276s] -- Up-to-date symlink: /home/ubuntu/workspace/robotics_v1/install/ur_dashboard_msgs/include/ur_dashboard_msgs/srv/detail/get_robot_mode__type_support.h
[5.280s] -- Up-to-date symlink: /home/ubuntu/workspace/robotics_v1/install/ur_dashboard_msgs/include/ur_dashboard_msgs/srv/detail/get_safety_mode__functions.h
[5.282s] -- Up-to-date symlink: /home/ubuntu/workspace/robotics_v1/install/ur_dashboard_msgs/include/ur_dashboard_msgs/srv/detail/get_safety_mode__struct.h
[5.282s] -- Up-to-date symlink: /home/ubuntu/workspace/robotics_v1/install/ur_dashboard_msgs/include/ur_dashboard_msgs/srv/detail/get_safety_mode__type_support.h
[5.285s] -- Up-to-date symlink: /home/ubuntu/workspace/robotics_v1/install/ur_dashboard_msgs/include/ur_dashboard_msgs/srv/detail/is_program_running__functions.h
[5.285s] -- Up-to-date symlink: /home/ubuntu/workspace/robotics_v1/install/ur_dashboard_msgs/include/ur_dashboard_msgs/srv/detail/is_program_running__struct.h
[5.286s] -- Up-to-date symlink: /home/ubuntu/workspace/robotics_v1/install/ur_dashboard_msgs/include/ur_dashboard_msgs/srv/detail/is_program_running__type_support.h
[5.287s] -- Up-to-date symlink: /home/ubuntu/workspace/robotics_v1/install/ur_dashboard_msgs/include/ur_dashboard_msgs/srv/detail/is_program_saved__functions.h
[5.288s] -- Up-to-date symlink: /home/ubuntu/workspace/robotics_v1/install/ur_dashboard_msgs/include/ur_dashboard_msgs/srv/detail/is_program_saved__struct.h
[5.288s] -- Up-to-date symlink: /home/ubuntu/workspace/robotics_v1/install/ur_dashboard_msgs/include/ur_dashboard_msgs/srv/detail/is_program_saved__type_support.h
[5.289s] -- Up-to-date symlink: /home/ubuntu/workspace/robotics_v1/install/ur_dashboard_msgs/include/ur_dashboard_msgs/srv/detail/load__functions.h
[5.289s] -- Up-to-date symlink: /home/ubuntu/workspace/robotics_v1/install/ur_dashboard_msgs/include/ur_dashboard_msgs/srv/detail/load__struct.h
[5.309s] -- Up-to-date symlink: /home/ubuntu/workspace/robotics_v1/install/ur_dashboard_msgs/include/ur_dashboard_msgs/srv/detail/load__type_support.h
[5.315s] -- Up-to-date symlink: /home/ubuntu/workspace/robotics_v1/install/ur_dashboard_msgs/include/ur_dashboard_msgs/srv/detail/popup__functions.h
[5.315s] -- Up-to-date symlink: /home/ubuntu/workspace/robotics_v1/install/ur_dashboard_msgs/include/ur_dashboard_msgs/srv/detail/popup__struct.h
[5.316s] -- Up-to-date symlink: /home/ubuntu/workspace/robotics_v1/install/ur_dashboard_msgs/include/ur_dashboard_msgs/srv/detail/popup__type_support.h
[5.316s] -- Up-to-date symlink: /home/ubuntu/workspace/robotics_v1/install/ur_dashboard_msgs/include/ur_dashboard_msgs/srv/detail/raw_request__functions.h
[5.316s] -- Up-to-date symlink: /home/ubuntu/workspace/robotics_v1/install/ur_dashboard_msgs/include/ur_dashboard_msgs/srv/detail/raw_request__struct.h
[5.329s] -- Up-to-date symlink: /home/ubuntu/workspace/robotics_v1/install/ur_dashboard_msgs/include/ur_dashboard_msgs/srv/detail/raw_request__type_support.h
[5.330s] -- Up-to-date symlink: /home/ubuntu/workspace/robotics_v1/install/ur_dashboard_msgs/include/ur_dashboard_msgs/srv/get_loaded_program.h
[5.331s] -- Up-to-date symlink: /home/ubuntu/workspace/robotics_v1/install/ur_dashboard_msgs/include/ur_dashboard_msgs/srv/get_program_state.h
[5.331s] -- Up-to-date symlink: /home/ubuntu/workspace/robotics_v1/install/ur_dashboard_msgs/include/ur_dashboard_msgs/srv/get_robot_mode.h
[5.331s] -- Up-to-date symlink: /home/ubuntu/workspace/robotics_v1/install/ur_dashboard_msgs/include/ur_dashboard_msgs/srv/get_safety_mode.h
[5.332s] -- Up-to-date symlink: /home/ubuntu/workspace/robotics_v1/install/ur_dashboard_msgs/include/ur_dashboard_msgs/srv/is_program_running.h
[5.332s] -- Up-to-date symlink: /home/ubuntu/workspace/robotics_v1/install/ur_dashboard_msgs/include/ur_dashboard_msgs/srv/is_program_saved.h
[5.332s] -- Up-to-date symlink: /home/ubuntu/workspace/robotics_v1/install/ur_dashboard_msgs/include/ur_dashboard_msgs/srv/load.h
[5.334s] -- Up-to-date symlink: /home/ubuntu/workspace/robotics_v1/install/ur_dashboard_msgs/include/ur_dashboard_msgs/srv/popup.h
[5.342s] -- Up-to-date symlink: /home/ubuntu/workspace/robotics_v1/install/ur_dashboard_msgs/include/ur_dashboard_msgs/srv/raw_request.h
[5.344s] -- Up-to-date symlink: /home/ubuntu/workspace/robotics_v1/install/ur_dashboard_msgs/share/ur_dashboard_msgs/environment/library_path.sh
[5.345s] -- Up-to-date symlink: /home/ubuntu/workspace/robotics_v1/install/ur_dashboard_msgs/share/ur_dashboard_msgs/environment/library_path.dsv
[5.373s] -- Up-to-date symlink: /home/ubuntu/workspace/robotics_v1/install/ur_dashboard_msgs/include/ur_dashboard_msgs/action/detail/set_mode__rosidl_typesupport_fastrtps_c.h
[5.374s] -- Up-to-date symlink: /home/ubuntu/workspace/robotics_v1/install/ur_dashboard_msgs/include/ur_dashboard_msgs/msg/detail/program_state__rosidl_typesupport_fastrtps_c.h
[5.374s] -- Up-to-date symlink: /home/ubuntu/workspace/robotics_v1/install/ur_dashboard_msgs/include/ur_dashboard_msgs/msg/detail/robot_mode__rosidl_typesupport_fastrtps_c.h
[5.378s] -- Up-to-date symlink: /home/ubuntu/workspace/robotics_v1/install/ur_dashboard_msgs/include/ur_dashboard_msgs/msg/detail/safety_mode__rosidl_typesupport_fastrtps_c.h
[5.384s] -- Up-to-date symlink: /home/ubuntu/workspace/robotics_v1/install/ur_dashboard_msgs/include/ur_dashboard_msgs/msg/rosidl_typesupport_fastrtps_c__visibility_control.h
[5.388s] -- Up-to-date symlink: /home/ubuntu/workspace/robotics_v1/install/ur_dashboard_msgs/include/ur_dashboard_msgs/srv/detail/add_to_log__rosidl_typesupport_fastrtps_c.h
[5.388s] -- Up-to-date symlink: /home/ubuntu/workspace/robotics_v1/install/ur_dashboard_msgs/include/ur_dashboard_msgs/srv/detail/get_loaded_program__rosidl_typesupport_fastrtps_c.h
[5.389s] -- Up-to-date symlink: /home/ubuntu/workspace/robotics_v1/install/ur_dashboard_msgs/include/ur_dashboard_msgs/srv/detail/get_program_state__rosidl_typesupport_fastrtps_c.h
[5.414s] -- Up-to-date symlink: /home/ubuntu/workspace/robotics_v1/install/ur_dashboard_msgs/include/ur_dashboard_msgs/srv/detail/get_robot_mode__rosidl_typesupport_fastrtps_c.h
[5.415s] -- Up-to-date symlink: /home/ubuntu/workspace/robotics_v1/install/ur_dashboard_msgs/include/ur_dashboard_msgs/srv/detail/get_safety_mode__rosidl_typesupport_fastrtps_c.h
[5.416s] -- Up-to-date symlink: /home/ubuntu/workspace/robotics_v1/install/ur_dashboard_msgs/include/ur_dashboard_msgs/srv/detail/is_program_running__rosidl_typesupport_fastrtps_c.h
[5.416s] -- Up-to-date symlink: /home/ubuntu/workspace/robotics_v1/install/ur_dashboard_msgs/include/ur_dashboard_msgs/srv/detail/is_program_saved__rosidl_typesupport_fastrtps_c.h
[5.417s] -- Up-to-date symlink: /home/ubuntu/workspace/robotics_v1/install/ur_dashboard_msgs/include/ur_dashboard_msgs/srv/detail/load__rosidl_typesupport_fastrtps_c.h
[5.418s] -- Up-to-date symlink: /home/ubuntu/workspace/robotics_v1/install/ur_dashboard_msgs/include/ur_dashboard_msgs/srv/detail/popup__rosidl_typesupport_fastrtps_c.h
[5.420s] -- Up-to-date symlink: /home/ubuntu/workspace/robotics_v1/install/ur_dashboard_msgs/include/ur_dashboard_msgs/srv/detail/raw_request__rosidl_typesupport_fastrtps_c.h
[5.445s] -- Up-to-date symlink: /home/ubuntu/workspace/robotics_v1/install/ur_dashboard_msgs/lib/libur_dashboard_msgs__rosidl_typesupport_fastrtps_c.so
[5.450s] -- Up-to-date symlink: /home/ubuntu/workspace/robotics_v1/install/ur_dashboard_msgs/include/ur_dashboard_msgs/action/detail/set_mode__rosidl_typesupport_fastrtps_cpp.hpp
[5.451s] -- Up-to-date symlink: /home/ubuntu/workspace/robotics_v1/install/ur_dashboard_msgs/include/ur_dashboard_msgs/msg/detail/program_state__rosidl_typesupport_fastrtps_cpp.hpp
[5.466s] -- Up-to-date symlink: /home/ubuntu/workspace/robotics_v1/install/ur_dashboard_msgs/include/ur_dashboard_msgs/msg/detail/robot_mode__rosidl_typesupport_fastrtps_cpp.hpp
[5.468s] -- Up-to-date symlink: /home/ubuntu/workspace/robotics_v1/install/ur_dashboard_msgs/include/ur_dashboard_msgs/msg/detail/safety_mode__rosidl_typesupport_fastrtps_cpp.hpp
[5.469s] -- Up-to-date symlink: /home/ubuntu/workspace/robotics_v1/install/ur_dashboard_msgs/include/ur_dashboard_msgs/msg/rosidl_typesupport_fastrtps_cpp__visibility_control.h
[5.470s] -- Up-to-date symlink: /home/ubuntu/workspace/robotics_v1/install/ur_dashboard_msgs/include/ur_dashboard_msgs/srv/detail/add_to_log__rosidl_typesupport_fastrtps_cpp.hpp
[5.471s] -- Up-to-date symlink: /home/ubuntu/workspace/robotics_v1/install/ur_dashboard_msgs/include/ur_dashboard_msgs/srv/detail/get_loaded_program__rosidl_typesupport_fastrtps_cpp.hpp
[5.473s] -- Up-to-date symlink: /home/ubuntu/workspace/robotics_v1/install/ur_dashboard_msgs/include/ur_dashboard_msgs/srv/detail/get_program_state__rosidl_typesupport_fastrtps_cpp.hpp
[5.474s] -- Up-to-date symlink: /home/ubuntu/workspace/robotics_v1/install/ur_dashboard_msgs/include/ur_dashboard_msgs/srv/detail/get_robot_mode__rosidl_typesupport_fastrtps_cpp.hpp
[5.474s] -- Up-to-date symlink: /home/ubuntu/workspace/robotics_v1/install/ur_dashboard_msgs/include/ur_dashboard_msgs/srv/detail/get_safety_mode__rosidl_typesupport_fastrtps_cpp.hpp
[5.475s] -- Up-to-date symlink: /home/ubuntu/workspace/robotics_v1/install/ur_dashboard_msgs/include/ur_dashboard_msgs/srv/detail/is_program_running__rosidl_typesupport_fastrtps_cpp.hpp
[5.476s] -- Up-to-date symlink: /home/ubuntu/workspace/robotics_v1/install/ur_dashboard_msgs/include/ur_dashboard_msgs/srv/detail/is_program_saved__rosidl_typesupport_fastrtps_cpp.hpp
[5.479s] -- Up-to-date symlink: /home/ubuntu/workspace/robotics_v1/install/ur_dashboard_msgs/include/ur_dashboard_msgs/srv/detail/load__rosidl_typesupport_fastrtps_cpp.hpp
[5.480s] -- Up-to-date symlink: /home/ubuntu/workspace/robotics_v1/install/ur_dashboard_msgs/include/ur_dashboard_msgs/srv/detail/popup__rosidl_typesupport_fastrtps_cpp.hpp
[5.480s] -- Up-to-date symlink: /home/ubuntu/workspace/robotics_v1/install/ur_dashboard_msgs/include/ur_dashboard_msgs/srv/detail/raw_request__rosidl_typesupport_fastrtps_cpp.hpp
[5.562s] -- Up-to-date symlink: /home/ubuntu/workspace/robotics_v1/install/ur_dashboard_msgs/lib/libur_dashboard_msgs__rosidl_typesupport_fastrtps_cpp.so
[5.569s] -- Up-to-date symlink: /home/ubuntu/workspace/robotics_v1/install/ur_dashboard_msgs/include/ur_dashboard_msgs/action/detail/set_mode__rosidl_typesupport_introspection_c.h
[5.569s] -- Up-to-date symlink: /home/ubuntu/workspace/robotics_v1/install/ur_dashboard_msgs/include/ur_dashboard_msgs/msg/detail/program_state__rosidl_typesupport_introspection_c.h
[5.569s] -- Up-to-date symlink: /home/ubuntu/workspace/robotics_v1/install/ur_dashboard_msgs/include/ur_dashboard_msgs/msg/detail/robot_mode__rosidl_typesupport_introspection_c.h
[5.569s] -- Up-to-date symlink: /home/ubuntu/workspace/robotics_v1/install/ur_dashboard_msgs/include/ur_dashboard_msgs/msg/detail/safety_mode__rosidl_typesupport_introspection_c.h
[5.570s] -- Up-to-date symlink: /home/ubuntu/workspace/robotics_v1/install/ur_dashboard_msgs/include/ur_dashboard_msgs/msg/rosidl_typesupport_introspection_c__visibility_control.h
[5.570s] -- Up-to-date symlink: /home/ubuntu/workspace/robotics_v1/install/ur_dashboard_msgs/include/ur_dashboard_msgs/srv/detail/add_to_log__rosidl_typesupport_introspection_c.h
[5.570s] -- Up-to-date symlink: /home/ubuntu/workspace/robotics_v1/install/ur_dashboard_msgs/include/ur_dashboard_msgs/srv/detail/get_loaded_program__rosidl_typesupport_introspection_c.h
[5.570s] -- Up-to-date symlink: /home/ubuntu/workspace/robotics_v1/install/ur_dashboard_msgs/include/ur_dashboard_msgs/srv/detail/get_program_state__rosidl_typesupport_introspection_c.h
[5.570s] -- Up-to-date symlink: /home/ubuntu/workspace/robotics_v1/install/ur_dashboard_msgs/include/ur_dashboard_msgs/srv/detail/get_robot_mode__rosidl_typesupport_introspection_c.h
[5.571s] -- Up-to-date symlink: /home/ubuntu/workspace/robotics_v1/install/ur_dashboard_msgs/include/ur_dashboard_msgs/srv/detail/get_safety_mode__rosidl_typesupport_introspection_c.h
[5.571s] -- Up-to-date symlink: /home/ubuntu/workspace/robotics_v1/install/ur_dashboard_msgs/include/ur_dashboard_msgs/srv/detail/is_program_running__rosidl_typesupport_introspection_c.h
[5.591s] -- Up-to-date symlink: /home/ubuntu/workspace/robotics_v1/install/ur_dashboard_msgs/include/ur_dashboard_msgs/srv/detail/is_program_saved__rosidl_typesupport_introspection_c.h
[5.592s] -- Up-to-date symlink: /home/ubuntu/workspace/robotics_v1/install/ur_dashboard_msgs/include/ur_dashboard_msgs/srv/detail/load__rosidl_typesupport_introspection_c.h
[5.592s] -- Up-to-date symlink: /home/ubuntu/workspace/robotics_v1/install/ur_dashboard_msgs/include/ur_dashboard_msgs/srv/detail/popup__rosidl_typesupport_introspection_c.h
[5.592s] -- Up-to-date symlink: /home/ubuntu/workspace/robotics_v1/install/ur_dashboard_msgs/include/ur_dashboard_msgs/srv/detail/raw_request__rosidl_typesupport_introspection_c.h
[5.598s] -- Up-to-date symlink: /home/ubuntu/workspace/robotics_v1/install/ur_dashboard_msgs/include/ur_dashboard_msgs/action/detail/set_mode__builder.hpp
[5.598s] -- Up-to-date symlink: /home/ubuntu/workspace/robotics_v1/install/ur_dashboard_msgs/include/ur_dashboard_msgs/action/detail/set_mode__struct.hpp
[5.598s] -- Up-to-date symlink: /home/ubuntu/workspace/robotics_v1/install/ur_dashboard_msgs/include/ur_dashboard_msgs/action/detail/set_mode__traits.hpp
[5.598s] -- Up-to-date symlink: /home/ubuntu/workspace/robotics_v1/install/ur_dashboard_msgs/include/ur_dashboard_msgs/action/set_mode.hpp
[5.598s] -- Up-to-date symlink: /home/ubuntu/workspace/robotics_v1/install/ur_dashboard_msgs/include/ur_dashboard_msgs/msg/detail/program_state__builder.hpp
[5.598s] -- Up-to-date symlink: /home/ubuntu/workspace/robotics_v1/install/ur_dashboard_msgs/include/ur_dashboard_msgs/msg/detail/program_state__struct.hpp
[5.599s] -- Up-to-date symlink: /home/ubuntu/workspace/robotics_v1/install/ur_dashboard_msgs/include/ur_dashboard_msgs/msg/detail/program_state__traits.hpp
[5.599s] -- Up-to-date symlink: /home/ubuntu/workspace/robotics_v1/install/ur_dashboard_msgs/include/ur_dashboard_msgs/msg/detail/robot_mode__builder.hpp
[5.599s] -- Up-to-date symlink: /home/ubuntu/workspace/robotics_v1/install/ur_dashboard_msgs/include/ur_dashboard_msgs/msg/detail/robot_mode__struct.hpp
[5.599s] -- Up-to-date symlink: /home/ubuntu/workspace/robotics_v1/install/ur_dashboard_msgs/include/ur_dashboard_msgs/msg/detail/robot_mode__traits.hpp
[5.599s] -- Up-to-date symlink: /home/ubuntu/workspace/robotics_v1/install/ur_dashboard_msgs/include/ur_dashboard_msgs/msg/detail/safety_mode__builder.hpp
[5.599s] -- Up-to-date symlink: /home/ubuntu/workspace/robotics_v1/install/ur_dashboard_msgs/include/ur_dashboard_msgs/msg/detail/safety_mode__struct.hpp
[5.627s] -- Up-to-date symlink: /home/ubuntu/workspace/robotics_v1/install/ur_dashboard_msgs/include/ur_dashboard_msgs/msg/detail/safety_mode__traits.hpp
[5.628s] -- Up-to-date symlink: /home/ubuntu/workspace/robotics_v1/install/ur_dashboard_msgs/include/ur_dashboard_msgs/msg/program_state.hpp
[5.632s] -- Up-to-date symlink: /home/ubuntu/workspace/robotics_v1/install/ur_dashboard_msgs/include/ur_dashboard_msgs/msg/robot_mode.hpp
[5.638s] -- Up-to-date symlink: /home/ubuntu/workspace/robotics_v1/install/ur_dashboard_msgs/include/ur_dashboard_msgs/msg/safety_mode.hpp
[5.648s] -- Up-to-date symlink: /home/ubuntu/workspace/robotics_v1/install/ur_dashboard_msgs/include/ur_dashboard_msgs/srv/add_to_log.hpp
[5.651s] -- Up-to-date symlink: /home/ubuntu/workspace/robotics_v1/install/ur_dashboard_msgs/include/ur_dashboard_msgs/srv/detail/add_to_log__builder.hpp
[5.652s] -- Up-to-date symlink: /home/ubuntu/workspace/robotics_v1/install/ur_dashboard_msgs/include/ur_dashboard_msgs/srv/detail/add_to_log__struct.hpp
[5.655s] -- Up-to-date symlink: /home/ubuntu/workspace/robotics_v1/install/ur_dashboard_msgs/include/ur_dashboard_msgs/srv/detail/add_to_log__traits.hpp
[5.658s] -- Up-to-date symlink: /home/ubuntu/workspace/robotics_v1/install/ur_dashboard_msgs/include/ur_dashboard_msgs/srv/detail/get_loaded_program__builder.hpp
[5.668s] -- Up-to-date symlink: /home/ubuntu/workspace/robotics_v1/install/ur_dashboard_msgs/include/ur_dashboard_msgs/srv/detail/get_loaded_program__struct.hpp
[5.671s] -- Up-to-date symlink: /home/ubuntu/workspace/robotics_v1/install/ur_dashboard_msgs/include/ur_dashboard_msgs/srv/detail/get_loaded_program__traits.hpp
[5.676s] -- Up-to-date symlink: /home/ubuntu/workspace/robotics_v1/install/ur_dashboard_msgs/include/ur_dashboard_msgs/srv/detail/get_program_state__builder.hpp
[5.677s] -- Up-to-date symlink: /home/ubuntu/workspace/robotics_v1/install/ur_dashboard_msgs/include/ur_dashboard_msgs/srv/detail/get_program_state__struct.hpp
[5.677s] -- Up-to-date symlink: /home/ubuntu/workspace/robotics_v1/install/ur_dashboard_msgs/include/ur_dashboard_msgs/srv/detail/get_program_state__traits.hpp
[5.682s] -- Up-to-date symlink: /home/ubuntu/workspace/robotics_v1/install/ur_dashboard_msgs/include/ur_dashboard_msgs/srv/detail/get_robot_mode__builder.hpp
[5.684s] -- Up-to-date symlink: /home/ubuntu/workspace/robotics_v1/install/ur_dashboard_msgs/include/ur_dashboard_msgs/srv/detail/get_robot_mode__struct.hpp
[5.686s] -- Up-to-date symlink: /home/ubuntu/workspace/robotics_v1/install/ur_dashboard_msgs/include/ur_dashboard_msgs/srv/detail/get_robot_mode__traits.hpp
[5.698s] -- Up-to-date symlink: /home/ubuntu/workspace/robotics_v1/install/ur_dashboard_msgs/include/ur_dashboard_msgs/srv/detail/get_safety_mode__builder.hpp
[5.700s] -- Up-to-date symlink: /home/ubuntu/workspace/robotics_v1/install/ur_dashboard_msgs/include/ur_dashboard_msgs/srv/detail/get_safety_mode__struct.hpp
[5.702s] -- Up-to-date symlink: /home/ubuntu/workspace/robotics_v1/install/ur_dashboard_msgs/include/ur_dashboard_msgs/srv/detail/get_safety_mode__traits.hpp
[5.703s] -- Up-to-date symlink: /home/ubuntu/workspace/robotics_v1/install/ur_dashboard_msgs/include/ur_dashboard_msgs/srv/detail/is_program_running__builder.hpp
[5.707s] -- Up-to-date symlink: /home/ubuntu/workspace/robotics_v1/install/ur_dashboard_msgs/include/ur_dashboard_msgs/srv/detail/is_program_running__struct.hpp
[5.707s] -- Up-to-date symlink: /home/ubuntu/workspace/robotics_v1/install/ur_dashboard_msgs/include/ur_dashboard_msgs/srv/detail/is_program_running__traits.hpp
[5.709s] -- Up-to-date symlink: /home/ubuntu/workspace/robotics_v1/install/ur_dashboard_msgs/include/ur_dashboard_msgs/srv/detail/is_program_saved__builder.hpp
[5.713s] -- Up-to-date symlink: /home/ubuntu/workspace/robotics_v1/install/ur_dashboard_msgs/include/ur_dashboard_msgs/srv/detail/is_program_saved__struct.hpp
[5.714s] -- Up-to-date symlink: /home/ubuntu/workspace/robotics_v1/install/ur_dashboard_msgs/include/ur_dashboard_msgs/srv/detail/is_program_saved__traits.hpp
[5.717s] -- Up-to-date symlink: /home/ubuntu/workspace/robotics_v1/install/ur_dashboard_msgs/include/ur_dashboard_msgs/srv/detail/load__builder.hpp
[5.717s] -- Up-to-date symlink: /home/ubuntu/workspace/robotics_v1/install/ur_dashboard_msgs/include/ur_dashboard_msgs/srv/detail/load__struct.hpp
[5.718s] -- Up-to-date symlink: /home/ubuntu/workspace/robotics_v1/install/ur_dashboard_msgs/include/ur_dashboard_msgs/srv/detail/load__traits.hpp
[5.723s] -- Up-to-date symlink: /home/ubuntu/workspace/robotics_v1/install/ur_dashboard_msgs/include/ur_dashboard_msgs/srv/detail/popup__builder.hpp
[5.724s] -- Up-to-date symlink: /home/ubuntu/workspace/robotics_v1/install/ur_dashboard_msgs/include/ur_dashboard_msgs/srv/detail/popup__struct.hpp
[5.725s] -- Up-to-date symlink: /home/ubuntu/workspace/robotics_v1/install/ur_dashboard_msgs/include/ur_dashboard_msgs/srv/detail/popup__traits.hpp
[5.727s] -- Up-to-date symlink: /home/ubuntu/workspace/robotics_v1/install/ur_dashboard_msgs/include/ur_dashboard_msgs/srv/detail/raw_request__builder.hpp
[5.729s] -- Up-to-date symlink: /home/ubuntu/workspace/robotics_v1/install/ur_dashboard_msgs/include/ur_dashboard_msgs/srv/detail/raw_request__struct.hpp
[5.730s] -- Up-to-date symlink: /home/ubuntu/workspace/robotics_v1/install/ur_dashboard_msgs/include/ur_dashboard_msgs/srv/detail/raw_request__traits.hpp
[5.731s] -- Up-to-date symlink: /home/ubuntu/workspace/robotics_v1/install/ur_dashboard_msgs/include/ur_dashboard_msgs/srv/get_loaded_program.hpp
[5.732s] -- Up-to-date symlink: /home/ubuntu/workspace/robotics_v1/install/ur_dashboard_msgs/include/ur_dashboard_msgs/srv/get_program_state.hpp
[5.734s] -- Up-to-date symlink: /home/ubuntu/workspace/robotics_v1/install/ur_dashboard_msgs/include/ur_dashboard_msgs/srv/get_robot_mode.hpp
[5.736s] -- Up-to-date symlink: /home/ubuntu/workspace/robotics_v1/install/ur_dashboard_msgs/include/ur_dashboard_msgs/srv/get_safety_mode.hpp
[5.737s] -- Up-to-date symlink: /home/ubuntu/workspace/robotics_v1/install/ur_dashboard_msgs/include/ur_dashboard_msgs/srv/is_program_running.hpp
[5.737s] -- Up-to-date symlink: /home/ubuntu/workspace/robotics_v1/install/ur_dashboard_msgs/include/ur_dashboard_msgs/srv/is_program_saved.hpp
[5.738s] -- Up-to-date symlink: /home/ubuntu/workspace/robotics_v1/install/ur_dashboard_msgs/include/ur_dashboard_msgs/srv/load.hpp
[5.738s] -- Up-to-date symlink: /home/ubuntu/workspace/robotics_v1/install/ur_dashboard_msgs/include/ur_dashboard_msgs/srv/popup.hpp
[5.739s] -- Up-to-date symlink: /home/ubuntu/workspace/robotics_v1/install/ur_dashboard_msgs/include/ur_dashboard_msgs/srv/raw_request.hpp
[5.740s] -- Up-to-date symlink: /home/ubuntu/workspace/robotics_v1/install/ur_dashboard_msgs/include/ur_dashboard_msgs/action/detail/set_mode__rosidl_typesupport_introspection_cpp.hpp
[5.741s] -- Up-to-date symlink: /home/ubuntu/workspace/robotics_v1/install/ur_dashboard_msgs/include/ur_dashboard_msgs/msg/detail/program_state__rosidl_typesupport_introspection_cpp.hpp
[5.741s] -- Up-to-date symlink: /home/ubuntu/workspace/robotics_v1/install/ur_dashboard_msgs/include/ur_dashboard_msgs/msg/detail/robot_mode__rosidl_typesupport_introspection_cpp.hpp
[5.742s] -- Up-to-date symlink: /home/ubuntu/workspace/robotics_v1/install/ur_dashboard_msgs/include/ur_dashboard_msgs/msg/detail/safety_mode__rosidl_typesupport_introspection_cpp.hpp
[5.743s] -- Up-to-date symlink: /home/ubuntu/workspace/robotics_v1/install/ur_dashboard_msgs/include/ur_dashboard_msgs/srv/detail/add_to_log__rosidl_typesupport_introspection_cpp.hpp
[5.744s] -- Up-to-date symlink: /home/ubuntu/workspace/robotics_v1/install/ur_dashboard_msgs/include/ur_dashboard_msgs/srv/detail/get_loaded_program__rosidl_typesupport_introspection_cpp.hpp
[5.744s] -- Up-to-date symlink: /home/ubuntu/workspace/robotics_v1/install/ur_dashboard_msgs/include/ur_dashboard_msgs/srv/detail/get_program_state__rosidl_typesupport_introspection_cpp.hpp
[5.745s] -- Up-to-date symlink: /home/ubuntu/workspace/robotics_v1/install/ur_dashboard_msgs/include/ur_dashboard_msgs/srv/detail/get_robot_mode__rosidl_typesupport_introspection_cpp.hpp
[5.745s] -- Up-to-date symlink: /home/ubuntu/workspace/robotics_v1/install/ur_dashboard_msgs/include/ur_dashboard_msgs/srv/detail/get_safety_mode__rosidl_typesupport_introspection_cpp.hpp
[5.746s] -- Up-to-date symlink: /home/ubuntu/workspace/robotics_v1/install/ur_dashboard_msgs/include/ur_dashboard_msgs/srv/detail/is_program_running__rosidl_typesupport_introspection_cpp.hpp
[5.746s] -- Up-to-date symlink: /home/ubuntu/workspace/robotics_v1/install/ur_dashboard_msgs/include/ur_dashboard_msgs/srv/detail/is_program_saved__rosidl_typesupport_introspection_cpp.hpp
[5.747s] -- Up-to-date symlink: /home/ubuntu/workspace/robotics_v1/install/ur_dashboard_msgs/include/ur_dashboard_msgs/srv/detail/load__rosidl_typesupport_introspection_cpp.hpp
[5.747s] -- Up-to-date symlink: /home/ubuntu/workspace/robotics_v1/install/ur_dashboard_msgs/include/ur_dashboard_msgs/srv/detail/popup__rosidl_typesupport_introspection_cpp.hpp
[5.748s] -- Up-to-date symlink: /home/ubuntu/workspace/robotics_v1/install/ur_dashboard_msgs/include/ur_dashboard_msgs/srv/detail/raw_request__rosidl_typesupport_introspection_cpp.hpp
[5.748s] -- Up-to-date symlink: /home/ubuntu/workspace/robotics_v1/install/ur_dashboard_msgs/share/ur_dashboard_msgs/environment/pythonpath.sh
[5.750s] -- Up-to-date symlink: /home/ubuntu/workspace/robotics_v1/install/ur_dashboard_msgs/share/ur_dashboard_msgs/environment/pythonpath.dsv
[5.750s] -- Up-to-date symlink: /home/ubuntu/workspace/robotics_v1/install/ur_dashboard_msgs/lib/python3.8/site-packages/ur_dashboard_msgs/__init__.py
[5.751s] -- Up-to-date symlink: /home/ubuntu/workspace/robotics_v1/install/ur_dashboard_msgs/lib/python3.8/site-packages/ur_dashboard_msgs/msg/__init__.py
[5.757s] -- Up-to-date symlink: /home/ubuntu/workspace/robotics_v1/install/ur_dashboard_msgs/lib/python3.8/site-packages/ur_dashboard_msgs/msg/_program_state.py
[5.759s] -- Up-to-date symlink: /home/ubuntu/workspace/robotics_v1/install/ur_dashboard_msgs/lib/python3.8/site-packages/ur_dashboard_msgs/msg/_robot_mode.py
[5.761s] -- Up-to-date symlink: /home/ubuntu/workspace/robotics_v1/install/ur_dashboard_msgs/lib/python3.8/site-packages/ur_dashboard_msgs/msg/_safety_mode.py
[5.765s] -- Up-to-date symlink: /home/ubuntu/workspace/robotics_v1/install/ur_dashboard_msgs/lib/python3.8/site-packages/ur_dashboard_msgs/srv/__init__.py
[5.767s] -- Up-to-date symlink: /home/ubuntu/workspace/robotics_v1/install/ur_dashboard_msgs/lib/python3.8/site-packages/ur_dashboard_msgs/srv/_add_to_log.py
[5.770s] -- Up-to-date symlink: /home/ubuntu/workspace/robotics_v1/install/ur_dashboard_msgs/lib/python3.8/site-packages/ur_dashboard_msgs/srv/_get_loaded_program.py
[5.770s] -- Up-to-date symlink: /home/ubuntu/workspace/robotics_v1/install/ur_dashboard_msgs/lib/python3.8/site-packages/ur_dashboard_msgs/srv/_get_program_state.py
[5.773s] -- Up-to-date symlink: /home/ubuntu/workspace/robotics_v1/install/ur_dashboard_msgs/lib/python3.8/site-packages/ur_dashboard_msgs/srv/_get_robot_mode.py
[5.773s] -- Up-to-date symlink: /home/ubuntu/workspace/robotics_v1/install/ur_dashboard_msgs/lib/python3.8/site-packages/ur_dashboard_msgs/srv/_get_safety_mode.py
[5.774s] -- Up-to-date symlink: /home/ubuntu/workspace/robotics_v1/install/ur_dashboard_msgs/lib/python3.8/site-packages/ur_dashboard_msgs/srv/_is_program_running.py
[5.775s] -- Up-to-date symlink: /home/ubuntu/workspace/robotics_v1/install/ur_dashboard_msgs/lib/python3.8/site-packages/ur_dashboard_msgs/srv/_is_program_saved.py
[5.777s] -- Up-to-date symlink: /home/ubuntu/workspace/robotics_v1/install/ur_dashboard_msgs/lib/python3.8/site-packages/ur_dashboard_msgs/srv/_load.py
[5.778s] -- Up-to-date symlink: /home/ubuntu/workspace/robotics_v1/install/ur_dashboard_msgs/lib/python3.8/site-packages/ur_dashboard_msgs/srv/_popup.py
[5.779s] -- Up-to-date symlink: /home/ubuntu/workspace/robotics_v1/install/ur_dashboard_msgs/lib/python3.8/site-packages/ur_dashboard_msgs/srv/_raw_request.py
[5.780s] -- Up-to-date symlink: /home/ubuntu/workspace/robotics_v1/install/ur_dashboard_msgs/lib/python3.8/site-packages/ur_dashboard_msgs/action/__init__.py
[5.781s] -- Up-to-date symlink: /home/ubuntu/workspace/robotics_v1/install/ur_dashboard_msgs/lib/python3.8/site-packages/ur_dashboard_msgs/action/_set_mode.py
[5.781s] -- Up-to-date symlink: /home/ubuntu/workspace/robotics_v1/install/ur_dashboard_msgs/lib/python3.8/site-packages/ur_dashboard_msgs/ur_dashboard_msgs_s__rosidl_typesupport_fastrtps_c.cpython-38-x86_64-linux-gnu.so
[5.782s] -- Up-to-date symlink: /home/ubuntu/workspace/robotics_v1/install/ur_dashboard_msgs/lib/python3.8/site-packages/ur_dashboard_msgs/ur_dashboard_msgs_s__rosidl_typesupport_introspection_c.cpython-38-x86_64-linux-gnu.so
[5.782s] -- Up-to-date symlink: /home/ubuntu/workspace/robotics_v1/install/ur_dashboard_msgs/lib/python3.8/site-packages/ur_dashboard_msgs/ur_dashboard_msgs_s__rosidl_typesupport_c.cpython-38-x86_64-linux-gnu.so
[5.784s] -- Up-to-date symlink: /home/ubuntu/workspace/robotics_v1/install/ur_dashboard_msgs/lib/libur_dashboard_msgs__python.so
[5.785s] -- Up-to-date symlink: /home/ubuntu/workspace/robotics_v1/install/ur_dashboard_msgs/share/ur_dashboard_msgs/msg/ProgramState.idl
[5.788s] -- Up-to-date symlink: /home/ubuntu/workspace/robotics_v1/install/ur_dashboard_msgs/share/ur_dashboard_msgs/msg/RobotMode.idl
[5.788s] -- Up-to-date symlink: /home/ubuntu/workspace/robotics_v1/install/ur_dashboard_msgs/share/ur_dashboard_msgs/msg/SafetyMode.idl
[5.790s] -- Up-to-date symlink: /home/ubuntu/workspace/robotics_v1/install/ur_dashboard_msgs/share/ur_dashboard_msgs/srv/AddToLog.idl
[5.791s] -- Up-to-date symlink: /home/ubuntu/workspace/robotics_v1/install/ur_dashboard_msgs/share/ur_dashboard_msgs/srv/GetLoadedProgram.idl
[5.792s] -- Up-to-date symlink: /home/ubuntu/workspace/robotics_v1/install/ur_dashboard_msgs/share/ur_dashboard_msgs/srv/GetProgramState.idl
[5.792s] -- Up-to-date symlink: /home/ubuntu/workspace/robotics_v1/install/ur_dashboard_msgs/share/ur_dashboard_msgs/srv/GetRobotMode.idl
[5.793s] -- Up-to-date symlink: /home/ubuntu/workspace/robotics_v1/install/ur_dashboard_msgs/share/ur_dashboard_msgs/srv/GetSafetyMode.idl
[5.794s] -- Up-to-date symlink: /home/ubuntu/workspace/robotics_v1/install/ur_dashboard_msgs/share/ur_dashboard_msgs/srv/IsProgramRunning.idl
[5.794s] -- Up-to-date symlink: /home/ubuntu/workspace/robotics_v1/install/ur_dashboard_msgs/share/ur_dashboard_msgs/srv/IsProgramSaved.idl
[5.794s] -- Up-to-date symlink: /home/ubuntu/workspace/robotics_v1/install/ur_dashboard_msgs/share/ur_dashboard_msgs/srv/Load.idl
[5.795s] -- Up-to-date symlink: /home/ubuntu/workspace/robotics_v1/install/ur_dashboard_msgs/share/ur_dashboard_msgs/srv/Popup.idl
[5.796s] -- Up-to-date symlink: /home/ubuntu/workspace/robotics_v1/install/ur_dashboard_msgs/share/ur_dashboard_msgs/srv/RawRequest.idl
[5.803s] -- Up-to-date symlink: /home/ubuntu/workspace/robotics_v1/install/ur_dashboard_msgs/share/ur_dashboard_msgs/action/SetMode.idl
[5.804s] -- Up-to-date symlink: /home/ubuntu/workspace/robotics_v1/install/ur_dashboard_msgs/share/ur_dashboard_msgs/msg/ProgramState.msg
[5.805s] -- Up-to-date symlink: /home/ubuntu/workspace/robotics_v1/install/ur_dashboard_msgs/share/ur_dashboard_msgs/msg/RobotMode.msg
[5.805s] -- Up-to-date symlink: /home/ubuntu/workspace/robotics_v1/install/ur_dashboard_msgs/share/ur_dashboard_msgs/msg/SafetyMode.msg
[5.806s] -- Up-to-date symlink: /home/ubuntu/workspace/robotics_v1/install/ur_dashboard_msgs/share/ur_dashboard_msgs/srv/AddToLog.srv
[5.807s] -- Up-to-date symlink: /home/ubuntu/workspace/robotics_v1/install/ur_dashboard_msgs/share/ur_dashboard_msgs/srv/AddToLog_Request.msg
[5.821s] -- Up-to-date symlink: /home/ubuntu/workspace/robotics_v1/install/ur_dashboard_msgs/share/ur_dashboard_msgs/srv/AddToLog_Response.msg
[5.828s] -- Up-to-date symlink: /home/ubuntu/workspace/robotics_v1/install/ur_dashboard_msgs/share/ur_dashboard_msgs/srv/GetLoadedProgram.srv
[5.829s] -- Up-to-date symlink: /home/ubuntu/workspace/robotics_v1/install/ur_dashboard_msgs/share/ur_dashboard_msgs/srv/GetLoadedProgram_Request.msg
[5.830s] -- Up-to-date symlink: /home/ubuntu/workspace/robotics_v1/install/ur_dashboard_msgs/share/ur_dashboard_msgs/srv/GetLoadedProgram_Response.msg
[5.830s] -- Up-to-date symlink: /home/ubuntu/workspace/robotics_v1/install/ur_dashboard_msgs/share/ur_dashboard_msgs/srv/GetProgramState.srv
[5.830s] -- Up-to-date symlink: /home/ubuntu/workspace/robotics_v1/install/ur_dashboard_msgs/share/ur_dashboard_msgs/srv/GetProgramState_Request.msg
[5.830s] -- Up-to-date symlink: /home/ubuntu/workspace/robotics_v1/install/ur_dashboard_msgs/share/ur_dashboard_msgs/srv/GetProgramState_Response.msg
[5.831s] -- Up-to-date symlink: /home/ubuntu/workspace/robotics_v1/install/ur_dashboard_msgs/share/ur_dashboard_msgs/srv/GetRobotMode.srv
[5.831s] -- Up-to-date symlink: /home/ubuntu/workspace/robotics_v1/install/ur_dashboard_msgs/share/ur_dashboard_msgs/srv/GetRobotMode_Request.msg
[5.831s] -- Up-to-date symlink: /home/ubuntu/workspace/robotics_v1/install/ur_dashboard_msgs/share/ur_dashboard_msgs/srv/GetRobotMode_Response.msg
[5.832s] -- Up-to-date symlink: /home/ubuntu/workspace/robotics_v1/install/ur_dashboard_msgs/share/ur_dashboard_msgs/srv/GetSafetyMode.srv
[5.834s] -- Up-to-date symlink: /home/ubuntu/workspace/robotics_v1/install/ur_dashboard_msgs/share/ur_dashboard_msgs/srv/GetSafetyMode_Request.msg
[5.835s] -- Up-to-date symlink: /home/ubuntu/workspace/robotics_v1/install/ur_dashboard_msgs/share/ur_dashboard_msgs/srv/GetSafetyMode_Response.msg
[5.836s] -- Up-to-date symlink: /home/ubuntu/workspace/robotics_v1/install/ur_dashboard_msgs/share/ur_dashboard_msgs/srv/IsProgramRunning.srv
[5.836s] -- Up-to-date symlink: /home/ubuntu/workspace/robotics_v1/install/ur_dashboard_msgs/share/ur_dashboard_msgs/srv/IsProgramRunning_Request.msg
[5.837s] -- Up-to-date symlink: /home/ubuntu/workspace/robotics_v1/install/ur_dashboard_msgs/share/ur_dashboard_msgs/srv/IsProgramRunning_Response.msg
[5.837s] -- Up-to-date symlink: /home/ubuntu/workspace/robotics_v1/install/ur_dashboard_msgs/share/ur_dashboard_msgs/srv/IsProgramSaved.srv
[5.838s] -- Up-to-date symlink: /home/ubuntu/workspace/robotics_v1/install/ur_dashboard_msgs/share/ur_dashboard_msgs/srv/IsProgramSaved_Request.msg
[5.841s] -- Up-to-date symlink: /home/ubuntu/workspace/robotics_v1/install/ur_dashboard_msgs/share/ur_dashboard_msgs/srv/IsProgramSaved_Response.msg
[5.846s] -- Up-to-date symlink: /home/ubuntu/workspace/robotics_v1/install/ur_dashboard_msgs/share/ur_dashboard_msgs/srv/Load.srv
[5.846s] -- Up-to-date symlink: /home/ubuntu/workspace/robotics_v1/install/ur_dashboard_msgs/share/ur_dashboard_msgs/srv/Load_Request.msg
[5.849s] -- Up-to-date symlink: /home/ubuntu/workspace/robotics_v1/install/ur_dashboard_msgs/share/ur_dashboard_msgs/srv/Load_Response.msg
[5.851s] -- Up-to-date symlink: /home/ubuntu/workspace/robotics_v1/install/ur_dashboard_msgs/share/ur_dashboard_msgs/srv/Popup.srv
[5.853s] -- Up-to-date symlink: /home/ubuntu/workspace/robotics_v1/install/ur_dashboard_msgs/share/ur_dashboard_msgs/srv/Popup_Request.msg
[5.857s] -- Up-to-date symlink: /home/ubuntu/workspace/robotics_v1/install/ur_dashboard_msgs/share/ur_dashboard_msgs/srv/Popup_Response.msg
[5.861s] -- Up-to-date symlink: /home/ubuntu/workspace/robotics_v1/install/ur_dashboard_msgs/share/ur_dashboard_msgs/srv/RawRequest.srv
[5.864s] -- Up-to-date symlink: /home/ubuntu/workspace/robotics_v1/install/ur_dashboard_msgs/share/ur_dashboard_msgs/srv/RawRequest_Request.msg
[5.867s] -- Up-to-date symlink: /home/ubuntu/workspace/robotics_v1/install/ur_dashboard_msgs/share/ur_dashboard_msgs/srv/RawRequest_Response.msg
[5.869s] -- Up-to-date symlink: /home/ubuntu/workspace/robotics_v1/install/ur_dashboard_msgs/share/ur_dashboard_msgs/action/SetMode.action
[5.882s] -- Up-to-date symlink: /home/ubuntu/workspace/robotics_v1/install/ur_dashboard_msgs/share/ament_index/resource_index/package_run_dependencies/ur_dashboard_msgs
[5.883s] -- Up-to-date symlink: /home/ubuntu/workspace/robotics_v1/install/ur_dashboard_msgs/share/ament_index/resource_index/parent_prefix_path/ur_dashboard_msgs
[5.884s] -- Up-to-date symlink: /home/ubuntu/workspace/robotics_v1/install/ur_dashboard_msgs/share/ur_dashboard_msgs/environment/ament_prefix_path.sh
[5.884s] -- Up-to-date symlink: /home/ubuntu/workspace/robotics_v1/install/ur_dashboard_msgs/share/ur_dashboard_msgs/environment/ament_prefix_path.dsv
[5.884s] -- Up-to-date symlink: /home/ubuntu/workspace/robotics_v1/install/ur_dashboard_msgs/share/ur_dashboard_msgs/environment/path.sh
[5.888s] -- Up-to-date symlink: /home/ubuntu/workspace/robotics_v1/install/ur_dashboard_msgs/share/ur_dashboard_msgs/environment/path.dsv
[5.893s] -- Up-to-date symlink: /home/ubuntu/workspace/robotics_v1/install/ur_dashboard_msgs/share/ur_dashboard_msgs/local_setup.bash
[5.894s] -- Up-to-date symlink: /home/ubuntu/workspace/robotics_v1/install/ur_dashboard_msgs/share/ur_dashboard_msgs/local_setup.sh
[5.895s] -- Up-to-date symlink: /home/ubuntu/workspace/robotics_v1/install/ur_dashboard_msgs/share/ur_dashboard_msgs/local_setup.zsh
[5.895s] -- Up-to-date symlink: /home/ubuntu/workspace/robotics_v1/install/ur_dashboard_msgs/share/ur_dashboard_msgs/local_setup.dsv
[5.896s] -- Symlinking: /home/ubuntu/workspace/robotics_v1/install/ur_dashboard_msgs/share/ur_dashboard_msgs/package.dsv
[5.968s] -- Up-to-date symlink: /home/ubuntu/workspace/robotics_v1/install/ur_dashboard_msgs/share/ament_index/resource_index/packages/ur_dashboard_msgs
[5.969s] -- Up-to-date symlink: /home/ubuntu/workspace/robotics_v1/install/ur_dashboard_msgs/share/ur_dashboard_msgs/cmake/rosidl_cmake-extras.cmake
[5.969s] -- Up-to-date symlink: /home/ubuntu/workspace/robotics_v1/install/ur_dashboard_msgs/share/ur_dashboard_msgs/cmake/ament_cmake_export_dependencies-extras.cmake
[5.971s] -- Up-to-date symlink: /home/ubuntu/workspace/robotics_v1/install/ur_dashboard_msgs/share/ur_dashboard_msgs/cmake/ament_cmake_export_libraries-extras.cmake
[5.972s] -- Up-to-date symlink: /home/ubuntu/workspace/robotics_v1/install/ur_dashboard_msgs/share/ur_dashboard_msgs/cmake/ament_cmake_export_targets-extras.cmake
[5.972s] -- Up-to-date symlink: /home/ubuntu/workspace/robotics_v1/install/ur_dashboard_msgs/share/ur_dashboard_msgs/cmake/ament_cmake_export_include_directories-extras.cmake
[5.973s] -- Up-to-date symlink: /home/ubuntu/workspace/robotics_v1/install/ur_dashboard_msgs/share/ur_dashboard_msgs/cmake/rosidl_cmake_export_typesupport_libraries-extras.cmake
[5.974s] -- Up-to-date symlink: /home/ubuntu/workspace/robotics_v1/install/ur_dashboard_msgs/share/ur_dashboard_msgs/cmake/rosidl_cmake_export_typesupport_targets-extras.cmake
[5.974s] -- Up-to-date symlink: /home/ubuntu/workspace/robotics_v1/install/ur_dashboard_msgs/share/ur_dashboard_msgs/cmake/ur_dashboard_msgsConfig.cmake
[5.975s] -- Up-to-date symlink: /home/ubuntu/workspace/robotics_v1/install/ur_dashboard_msgs/share/ur_dashboard_msgs/cmake/ur_dashboard_msgsConfig-version.cmake
[5.975s] -- Up-to-date symlink: /home/ubuntu/workspace/robotics_v1/install/ur_dashboard_msgs/share/ur_dashboard_msgs/package.xml
[5.992s] -- Up-to-date: /home/ubuntu/workspace/robotics_v1/install/ur_dashboard_msgs/lib/libur_dashboard_msgs__rosidl_generator_c.so
[5.994s] -- Up-to-date: /home/ubuntu/workspace/robotics_v1/install/ur_dashboard_msgs/lib/libur_dashboard_msgs__rosidl_typesupport_introspection_c.so
[6.001s] -- Up-to-date: /home/ubuntu/workspace/robotics_v1/install/ur_dashboard_msgs/lib/libur_dashboard_msgs__rosidl_typesupport_c.so
[6.006s] -- Up-to-date: /home/ubuntu/workspace/robotics_v1/install/ur_dashboard_msgs/lib/libur_dashboard_msgs__rosidl_typesupport_introspection_cpp.so
[6.010s] -- Up-to-date: /home/ubuntu/workspace/robotics_v1/install/ur_dashboard_msgs/lib/libur_dashboard_msgs__rosidl_typesupport_cpp.so
[6.154s] -- Up-to-date: /home/ubuntu/workspace/robotics_v1/install/ur_dashboard_msgs/share/ur_dashboard_msgs/cmake/ur_dashboard_msgs__rosidl_generator_cExport.cmake
[6.154s] -- Up-to-date: /home/ubuntu/workspace/robotics_v1/install/ur_dashboard_msgs/share/ur_dashboard_msgs/cmake/ur_dashboard_msgs__rosidl_generator_cExport-debug.cmake
[6.162s] -- Up-to-date: /home/ubuntu/workspace/robotics_v1/install/ur_dashboard_msgs/share/ur_dashboard_msgs/cmake/ur_dashboard_msgs__rosidl_typesupport_introspection_cExport.cmake
[6.163s] -- Up-to-date: /home/ubuntu/workspace/robotics_v1/install/ur_dashboard_msgs/share/ur_dashboard_msgs/cmake/ur_dashboard_msgs__rosidl_typesupport_introspection_cExport-debug.cmake
[6.165s] -- Up-to-date: /home/ubuntu/workspace/robotics_v1/install/ur_dashboard_msgs/share/ur_dashboard_msgs/cmake/ur_dashboard_msgs__rosidl_typesupport_cExport.cmake
[6.165s] -- Up-to-date: /home/ubuntu/workspace/robotics_v1/install/ur_dashboard_msgs/share/ur_dashboard_msgs/cmake/ur_dashboard_msgs__rosidl_typesupport_cExport-debug.cmake
[6.167s] -- Up-to-date: /home/ubuntu/workspace/robotics_v1/install/ur_dashboard_msgs/share/ur_dashboard_msgs/cmake/ur_dashboard_msgs__rosidl_generator_cppExport.cmake
[6.172s] -- Up-to-date: /home/ubuntu/workspace/robotics_v1/install/ur_dashboard_msgs/share/ur_dashboard_msgs/cmake/ur_dashboard_msgs__rosidl_typesupport_introspection_cppExport.cmake
[6.172s] -- Up-to-date: /home/ubuntu/workspace/robotics_v1/install/ur_dashboard_msgs/share/ur_dashboard_msgs/cmake/ur_dashboard_msgs__rosidl_typesupport_introspection_cppExport-debug.cmake
[6.173s] -- Up-to-date: /home/ubuntu/workspace/robotics_v1/install/ur_dashboard_msgs/share/ur_dashboard_msgs/cmake/ur_dashboard_msgs__rosidl_typesupport_cppExport.cmake
[6.174s] -- Up-to-date: /home/ubuntu/workspace/robotics_v1/install/ur_dashboard_msgs/share/ur_dashboard_msgs/cmake/ur_dashboard_msgs__rosidl_typesupport_cppExport-debug.cmake
[6.187s] Invoked command in '/home/ubuntu/workspace/robotics_v1/build/ur_dashboard_msgs' returned '0': CMAKE_PREFIX_PATH=/opt/ros/foxy /usr/bin/cmake --install /home/ubuntu/workspace/robotics_v1/build/ur_dashboard_msgs
