[0.176s] Invoking command in '/home/ubuntu/workspace/robotics_v1/build/robo_miner_gui': AMENT_PREFIX_PATH=/home/ubuntu/workspace/robotics_v1/install/robo_miner_common:/home/ubuntu/workspace/robotics_v1/install/robo_miner_interfaces:${AMENT_PREFIX_PATH} CMAKE_PREFIX_PATH=/home/ubuntu/workspace/robotics_v1/install/ros2_game_engine:/home/ubuntu/workspace/robotics_v1/install/robo_miner_common:/home/ubuntu/workspace/robotics_v1/install/robo_common:/home/ubuntu/workspace/robotics_v1/install/game_engine:/home/ubuntu/workspace/robotics_v1/install/manager_utils:/home/ubuntu/workspace/robotics_v1/install/sdl_utils:/home/ubuntu/workspace/robotics_v1/install/resource_utils:/home/ubuntu/workspace/robotics_v1/install/utils:/home/ubuntu/workspace/robotics_v1/install/robo_miner_interfaces:/home/ubuntu/workspace/robotics_v1/install/cmake_helpers:/opt/ros/foxy LD_LIBRARY_PATH=/home/ubuntu/workspace/robotics_v1/install/robo_miner_interfaces/lib:${LD_LIBRARY_PATH} PKG_CONFIG_PATH=/home/ubuntu/workspace/robotics_v1/install/ros2_game_engine/lib/x86_64-linux-gnu/pkgconfig:/home/ubuntu/workspace/robotics_v1/install/ros2_game_engine/lib/pkgconfig:/home/ubuntu/workspace/robotics_v1/install/robo_common/lib/x86_64-linux-gnu/pkgconfig:/home/ubuntu/workspace/robotics_v1/install/robo_common/lib/pkgconfig:/home/ubuntu/workspace/robotics_v1/install/game_engine/lib/x86_64-linux-gnu/pkgconfig:/home/ubuntu/workspace/robotics_v1/install/game_engine/lib/pkgconfig:/home/ubuntu/workspace/robotics_v1/install/manager_utils/lib/x86_64-linux-gnu/pkgconfig:/home/ubuntu/workspace/robotics_v1/install/manager_utils/lib/pkgconfig:/home/ubuntu/workspace/robotics_v1/install/sdl_utils/lib/x86_64-linux-gnu/pkgconfig:/home/ubuntu/workspace/robotics_v1/install/sdl_utils/lib/pkgconfig:/home/ubuntu/workspace/robotics_v1/install/resource_utils/lib/x86_64-linux-gnu/pkgconfig:/home/ubuntu/workspace/robotics_v1/install/resource_utils/lib/pkgconfig:/home/ubuntu/workspace/robotics_v1/install/utils/lib/x86_64-linux-gnu/pkgconfig:/home/ubuntu/workspace/robotics_v1/install/utils/lib/pkgconfig:/home/ubuntu/workspace/robotics_v1/install/cmake_helpers/lib/x86_64-linux-gnu/pkgconfig:/home/ubuntu/workspace/robotics_v1/install/cmake_helpers/lib/pkgconfig PYTHONPATH=/home/ubuntu/workspace/robotics_v1/install/robo_miner_interfaces/lib/python3.8/site-packages:${PYTHONPATH} /usr/bin/cmake --build /home/ubuntu/workspace/robotics_v1/build/robo_miner_gui -- -j4 -l4
[0.527s] [100%] Built target robo_miner_gui
[0.555s] Invoked command in '/home/ubuntu/workspace/robotics_v1/build/robo_miner_gui' returned '0': AMENT_PREFIX_PATH=/home/ubuntu/workspace/robotics_v1/install/robo_miner_common:/home/ubuntu/workspace/robotics_v1/install/robo_miner_interfaces:${AMENT_PREFIX_PATH} CMAKE_PREFIX_PATH=/home/ubuntu/workspace/robotics_v1/install/ros2_game_engine:/home/ubuntu/workspace/robotics_v1/install/robo_miner_common:/home/ubuntu/workspace/robotics_v1/install/robo_common:/home/ubuntu/workspace/robotics_v1/install/game_engine:/home/ubuntu/workspace/robotics_v1/install/manager_utils:/home/ubuntu/workspace/robotics_v1/install/sdl_utils:/home/ubuntu/workspace/robotics_v1/install/resource_utils:/home/ubuntu/workspace/robotics_v1/install/utils:/home/ubuntu/workspace/robotics_v1/install/robo_miner_interfaces:/home/ubuntu/workspace/robotics_v1/install/cmake_helpers:/opt/ros/foxy LD_LIBRARY_PATH=/home/ubuntu/workspace/robotics_v1/install/robo_miner_interfaces/lib:${LD_LIBRARY_PATH} PKG_CONFIG_PATH=/home/ubuntu/workspace/robotics_v1/install/ros2_game_engine/lib/x86_64-linux-gnu/pkgconfig:/home/ubuntu/workspace/robotics_v1/install/ros2_game_engine/lib/pkgconfig:/home/ubuntu/workspace/robotics_v1/install/robo_common/lib/x86_64-linux-gnu/pkgconfig:/home/ubuntu/workspace/robotics_v1/install/robo_common/lib/pkgconfig:/home/ubuntu/workspace/robotics_v1/install/game_engine/lib/x86_64-linux-gnu/pkgconfig:/home/ubuntu/workspace/robotics_v1/install/game_engine/lib/pkgconfig:/home/ubuntu/workspace/robotics_v1/install/manager_utils/lib/x86_64-linux-gnu/pkgconfig:/home/ubuntu/workspace/robotics_v1/install/manager_utils/lib/pkgconfig:/home/ubuntu/workspace/robotics_v1/install/sdl_utils/lib/x86_64-linux-gnu/pkgconfig:/home/ubuntu/workspace/robotics_v1/install/sdl_utils/lib/pkgconfig:/home/ubuntu/workspace/robotics_v1/install/resource_utils/lib/x86_64-linux-gnu/pkgconfig:/home/ubuntu/workspace/robotics_v1/install/resource_utils/lib/pkgconfig:/home/ubuntu/workspace/robotics_v1/install/utils/lib/x86_64-linux-gnu/pkgconfig:/home/ubuntu/workspace/robotics_v1/install/utils/lib/pkgconfig:/home/ubuntu/workspace/robotics_v1/install/cmake_helpers/lib/x86_64-linux-gnu/pkgconfig:/home/ubuntu/workspace/robotics_v1/install/cmake_helpers/lib/pkgconfig PYTHONPATH=/home/ubuntu/workspace/robotics_v1/install/robo_miner_interfaces/lib/python3.8/site-packages:${PYTHONPATH} /usr/bin/cmake --build /home/ubuntu/workspace/robotics_v1/build/robo_miner_gui -- -j4 -l4
[0.959s] Invoking command in '/home/ubuntu/workspace/robotics_v1/build/robo_miner_gui': AMENT_PREFIX_PATH=/home/ubuntu/workspace/robotics_v1/install/robo_miner_common:/home/ubuntu/workspace/robotics_v1/install/robo_miner_interfaces:${AMENT_PREFIX_PATH} CMAKE_PREFIX_PATH=/home/ubuntu/workspace/robotics_v1/install/ros2_game_engine:/home/ubuntu/workspace/robotics_v1/install/robo_miner_common:/home/ubuntu/workspace/robotics_v1/install/robo_common:/home/ubuntu/workspace/robotics_v1/install/game_engine:/home/ubuntu/workspace/robotics_v1/install/manager_utils:/home/ubuntu/workspace/robotics_v1/install/sdl_utils:/home/ubuntu/workspace/robotics_v1/install/resource_utils:/home/ubuntu/workspace/robotics_v1/install/utils:/home/ubuntu/workspace/robotics_v1/install/robo_miner_interfaces:/home/ubuntu/workspace/robotics_v1/install/cmake_helpers:/opt/ros/foxy LD_LIBRARY_PATH=/home/ubuntu/workspace/robotics_v1/install/robo_miner_interfaces/lib:${LD_LIBRARY_PATH} PKG_CONFIG_PATH=/home/ubuntu/workspace/robotics_v1/install/ros2_game_engine/lib/x86_64-linux-gnu/pkgconfig:/home/ubuntu/workspace/robotics_v1/install/ros2_game_engine/lib/pkgconfig:/home/ubuntu/workspace/robotics_v1/install/robo_common/lib/x86_64-linux-gnu/pkgconfig:/home/ubuntu/workspace/robotics_v1/install/robo_common/lib/pkgconfig:/home/ubuntu/workspace/robotics_v1/install/game_engine/lib/x86_64-linux-gnu/pkgconfig:/home/ubuntu/workspace/robotics_v1/install/game_engine/lib/pkgconfig:/home/ubuntu/workspace/robotics_v1/install/manager_utils/lib/x86_64-linux-gnu/pkgconfig:/home/ubuntu/workspace/robotics_v1/install/manager_utils/lib/pkgconfig:/home/ubuntu/workspace/robotics_v1/install/sdl_utils/lib/x86_64-linux-gnu/pkgconfig:/home/ubuntu/workspace/robotics_v1/install/sdl_utils/lib/pkgconfig:/home/ubuntu/workspace/robotics_v1/install/resource_utils/lib/x86_64-linux-gnu/pkgconfig:/home/ubuntu/workspace/robotics_v1/install/resource_utils/lib/pkgconfig:/home/ubuntu/workspace/robotics_v1/install/utils/lib/x86_64-linux-gnu/pkgconfig:/home/ubuntu/workspace/robotics_v1/install/utils/lib/pkgconfig:/home/ubuntu/workspace/robotics_v1/install/cmake_helpers/lib/x86_64-linux-gnu/pkgconfig:/home/ubuntu/workspace/robotics_v1/install/cmake_helpers/lib/pkgconfig PYTHONPATH=/home/ubuntu/workspace/robotics_v1/install/robo_miner_interfaces/lib/python3.8/site-packages:${PYTHONPATH} /usr/bin/cmake --install /home/ubuntu/workspace/robotics_v1/build/robo_miner_gui
[0.976s] -- Install configuration: "Debug"
[0.979s] -- Execute custom install script
[0.981s] -- Up-to-date symlink: /home/ubuntu/workspace/robotics_v1/install/robo_miner_gui/share/robo_miner_gui/package.xml
[0.983s] -- Up-to-date symlink: /home/ubuntu/workspace/robotics_v1/install/robo_miner_gui/share/robo_miner_gui//launch/launch.py
[0.984s] -- Up-to-date symlink: /home/ubuntu/workspace/robotics_v1/install/robo_miner_gui/share/robo_miner_gui//config/params.yaml
[0.985s] -- Up-to-date symlink: /home/ubuntu/workspace/robotics_v1/install/robo_miner_gui/lib/robo_miner_gui/robo_miner_gui
[0.990s] -- Symlinking: /home/ubuntu/workspace/robotics_v1/install/robo_miner_gui/share/ament_index/resource_index/packages/robo_miner_gui
[1.025s] -- Up-to-date symlink: /home/ubuntu/workspace/robotics_v1/install/robo_miner_gui/share/robo_miner_gui/hook/ament_prefix_path.dsv
[1.025s] -- Up-to-date symlink: /home/ubuntu/workspace/robotics_v1/install/robo_miner_gui/share/robo_miner_gui/hook/ros_package_path.dsv
[1.026s] -- Up-to-date symlink: /home/ubuntu/workspace/robotics_v1/install/robo_miner_gui/share/ament_index/resource_index/package_run_dependencies/robo_miner_gui
[1.027s] -- Up-to-date symlink: /home/ubuntu/workspace/robotics_v1/install/robo_miner_gui/share/ament_index/resource_index/parent_prefix_path/robo_miner_gui
[1.027s] -- Up-to-date symlink: /home/ubuntu/workspace/robotics_v1/install/robo_miner_gui/share/robo_miner_gui/environment/ament_prefix_path.sh
[1.028s] -- Up-to-date symlink: /home/ubuntu/workspace/robotics_v1/install/robo_miner_gui/share/robo_miner_gui/environment/ament_prefix_path.dsv
[1.028s] -- Up-to-date symlink: /home/ubuntu/workspace/robotics_v1/install/robo_miner_gui/share/robo_miner_gui/environment/path.sh
[1.029s] -- Up-to-date symlink: /home/ubuntu/workspace/robotics_v1/install/robo_miner_gui/share/robo_miner_gui/environment/path.dsv
[1.029s] -- Up-to-date symlink: /home/ubuntu/workspace/robotics_v1/install/robo_miner_gui/share/robo_miner_gui/local_setup.bash
[1.030s] -- Up-to-date symlink: /home/ubuntu/workspace/robotics_v1/install/robo_miner_gui/share/robo_miner_gui/local_setup.sh
[1.031s] -- Up-to-date symlink: /home/ubuntu/workspace/robotics_v1/install/robo_miner_gui/share/robo_miner_gui/local_setup.zsh
[1.032s] -- Up-to-date symlink: /home/ubuntu/workspace/robotics_v1/install/robo_miner_gui/share/robo_miner_gui/local_setup.dsv
[1.032s] -- Symlinking: /home/ubuntu/workspace/robotics_v1/install/robo_miner_gui/share/robo_miner_gui/package.dsv
[1.053s] -- Symlinking: /home/ubuntu/workspace/robotics_v1/install/robo_miner_gui/share/ament_index/resource_index/packages/robo_miner_gui
[1.074s] -- Up-to-date symlink: /home/ubuntu/workspace/robotics_v1/install/robo_miner_gui/share/robo_miner_gui/cmake/robo_miner_guiConfig.cmake
[1.075s] -- Up-to-date symlink: /home/ubuntu/workspace/robotics_v1/install/robo_miner_gui/share/robo_miner_gui/cmake/robo_miner_guiConfig-version.cmake
[1.075s] -- Up-to-date symlink: /home/ubuntu/workspace/robotics_v1/install/robo_miner_gui/share/robo_miner_gui/package.xml
[1.077s] -- Up-to-date symlink: /home/ubuntu/workspace/robotics_v1/install/robo_miner_gui/share/robo_miner_gui/resources//RoboMinerGui.rsrc
[1.077s] -- Up-to-date symlink: /home/ubuntu/workspace/robotics_v1/install/robo_miner_gui/share/robo_miner_gui/resources//f/vinque_rg_20.ttf
[1.078s] -- Up-to-date symlink: /home/ubuntu/workspace/robotics_v1/install/robo_miner_gui/share/robo_miner_gui/resources//f/vinque_rg_30.ttf
[1.078s] -- Up-to-date symlink: /home/ubuntu/workspace/robotics_v1/install/robo_miner_gui/share/robo_miner_gui/resources//f/vinque_rg_75.ttf
[1.079s] -- Up-to-date symlink: /home/ubuntu/workspace/robotics_v1/install/robo_miner_gui/share/robo_miner_gui/resources//generated/RoboMinerGuiResources.h
[1.080s] -- Up-to-date symlink: /home/ubuntu/workspace/robotics_v1/install/robo_miner_gui/share/robo_miner_gui/resources//generated/RoboMinerGuiResourcesDynamic.h
[1.080s] -- Up-to-date symlink: /home/ubuntu/workspace/robotics_v1/install/robo_miner_gui/share/robo_miner_gui/resources//generated/RoboMinerGuiResourcesDynamicValues.h
[1.081s] -- Up-to-date symlink: /home/ubuntu/workspace/robotics_v1/install/robo_miner_gui/share/robo_miner_gui/resources//generated/fonts.bin
[1.081s] -- Up-to-date symlink: /home/ubuntu/workspace/robotics_v1/install/robo_miner_gui/share/robo_miner_gui/resources//generated/resources.bin
[1.082s] -- Up-to-date symlink: /home/ubuntu/workspace/robotics_v1/install/robo_miner_gui/share/robo_miner_gui/resources//generated/sounds.bin
[1.082s] -- Up-to-date symlink: /home/ubuntu/workspace/robotics_v1/install/robo_miner_gui/share/robo_miner_gui/resources//levels/level_1/field_map.txt
[1.083s] -- Up-to-date symlink: /home/ubuntu/workspace/robotics_v1/install/robo_miner_gui/share/robo_miner_gui/resources//levels/level_1/solution.txt
[1.085s] -- Up-to-date symlink: /home/ubuntu/workspace/robotics_v1/install/robo_miner_gui/share/robo_miner_gui/resources//levels/level_2/field_map.txt
[1.085s] -- Up-to-date symlink: /home/ubuntu/workspace/robotics_v1/install/robo_miner_gui/share/robo_miner_gui/resources//levels/level_2/solution.txt
[1.086s] -- Up-to-date symlink: /home/ubuntu/workspace/robotics_v1/install/robo_miner_gui/share/robo_miner_gui/resources//levels/level_3/field_map.txt
[1.086s] -- Up-to-date symlink: /home/ubuntu/workspace/robotics_v1/install/robo_miner_gui/share/robo_miner_gui/resources//levels/level_3/solution.txt
[1.087s] -- Up-to-date symlink: /home/ubuntu/workspace/robotics_v1/install/robo_miner_gui/share/robo_miner_gui/resources//p/background/fogOfWar.png
[1.088s] -- Up-to-date symlink: /home/ubuntu/workspace/robotics_v1/install/robo_miner_gui/share/robo_miner_gui/resources//p/background/map.png
[1.089s] -- Up-to-date symlink: /home/ubuntu/workspace/robotics_v1/install/robo_miner_gui/share/robo_miner_gui/resources//p/background/obstacle.png
[1.090s] -- Up-to-date symlink: /home/ubuntu/workspace/robotics_v1/install/robo_miner_gui/share/robo_miner_gui/resources//p/background/tile.png
[1.090s] -- Up-to-date symlink: /home/ubuntu/workspace/robotics_v1/install/robo_miner_gui/share/robo_miner_gui/resources//p/entities/crystals.png
[1.091s] -- Up-to-date symlink: /home/ubuntu/workspace/robotics_v1/install/robo_miner_gui/share/robo_miner_gui/resources//p/entities/damage_marker.png
[1.092s] -- Up-to-date symlink: /home/ubuntu/workspace/robotics_v1/install/robo_miner_gui/share/robo_miner_gui/resources//p/entities/player_robot.png
[1.093s] -- Up-to-date symlink: /home/ubuntu/workspace/robotics_v1/install/robo_miner_gui/share/robo_miner_gui/resources//p/panels/crystal_panel.png
[1.093s] -- Up-to-date symlink: /home/ubuntu/workspace/robotics_v1/install/robo_miner_gui/share/robo_miner_gui/resources//p/panels/health_indicator.png
[1.094s] -- Up-to-date symlink: /home/ubuntu/workspace/robotics_v1/install/robo_miner_gui/share/robo_miner_gui/resources//p/panels/health_panel.png
[1.094s] -- Up-to-date symlink: /home/ubuntu/workspace/robotics_v1/install/robo_miner_gui/share/robo_miner_gui/resources//p/panels/hor_delimiter.png
[1.095s] -- Up-to-date symlink: /home/ubuntu/workspace/robotics_v1/install/robo_miner_gui/share/robo_miner_gui/resources//p/panels/tile_panel.png
[1.095s] -- Up-to-date symlink: /home/ubuntu/workspace/robotics_v1/install/robo_miner_gui/share/robo_miner_gui/resources//p/panels/vert_delimiter.png
[1.096s] -- Up-to-date symlink: /home/ubuntu/workspace/robotics_v1/install/robo_miner_gui/share/robo_miner_gui/resources//p/stars/star_single.png
[1.097s] -- Up-to-date symlink: /home/ubuntu/workspace/robotics_v1/install/robo_miner_gui/share/robo_miner_gui/resources//p/stars/stars.png
[1.106s] Invoked command in '/home/ubuntu/workspace/robotics_v1/build/robo_miner_gui' returned '0': AMENT_PREFIX_PATH=/home/ubuntu/workspace/robotics_v1/install/robo_miner_common:/home/ubuntu/workspace/robotics_v1/install/robo_miner_interfaces:${AMENT_PREFIX_PATH} CMAKE_PREFIX_PATH=/home/ubuntu/workspace/robotics_v1/install/ros2_game_engine:/home/ubuntu/workspace/robotics_v1/install/robo_miner_common:/home/ubuntu/workspace/robotics_v1/install/robo_common:/home/ubuntu/workspace/robotics_v1/install/game_engine:/home/ubuntu/workspace/robotics_v1/install/manager_utils:/home/ubuntu/workspace/robotics_v1/install/sdl_utils:/home/ubuntu/workspace/robotics_v1/install/resource_utils:/home/ubuntu/workspace/robotics_v1/install/utils:/home/ubuntu/workspace/robotics_v1/install/robo_miner_interfaces:/home/ubuntu/workspace/robotics_v1/install/cmake_helpers:/opt/ros/foxy LD_LIBRARY_PATH=/home/ubuntu/workspace/robotics_v1/install/robo_miner_interfaces/lib:${LD_LIBRARY_PATH} PKG_CONFIG_PATH=/home/ubuntu/workspace/robotics_v1/install/ros2_game_engine/lib/x86_64-linux-gnu/pkgconfig:/home/ubuntu/workspace/robotics_v1/install/ros2_game_engine/lib/pkgconfig:/home/ubuntu/workspace/robotics_v1/install/robo_common/lib/x86_64-linux-gnu/pkgconfig:/home/ubuntu/workspace/robotics_v1/install/robo_common/lib/pkgconfig:/home/ubuntu/workspace/robotics_v1/install/game_engine/lib/x86_64-linux-gnu/pkgconfig:/home/ubuntu/workspace/robotics_v1/install/game_engine/lib/pkgconfig:/home/ubuntu/workspace/robotics_v1/install/manager_utils/lib/x86_64-linux-gnu/pkgconfig:/home/ubuntu/workspace/robotics_v1/install/manager_utils/lib/pkgconfig:/home/ubuntu/workspace/robotics_v1/install/sdl_utils/lib/x86_64-linux-gnu/pkgconfig:/home/ubuntu/workspace/robotics_v1/install/sdl_utils/lib/pkgconfig:/home/ubuntu/workspace/robotics_v1/install/resource_utils/lib/x86_64-linux-gnu/pkgconfig:/home/ubuntu/workspace/robotics_v1/install/resource_utils/lib/pkgconfig:/home/ubuntu/workspace/robotics_v1/install/utils/lib/x86_64-linux-gnu/pkgconfig:/home/ubuntu/workspace/robotics_v1/install/utils/lib/pkgconfig:/home/ubuntu/workspace/robotics_v1/install/cmake_helpers/lib/x86_64-linux-gnu/pkgconfig:/home/ubuntu/workspace/robotics_v1/install/cmake_helpers/lib/pkgconfig PYTHONPATH=/home/ubuntu/workspace/robotics_v1/install/robo_miner_interfaces/lib/python3.8/site-packages:${PYTHONPATH} /usr/bin/cmake --install /home/ubuntu/workspace/robotics_v1/build/robo_miner_gui
