[0.092s] Invoking command in '/home/ubuntu/workspace/robotics_v1/build/robo_collector_gui': AMENT_PREFIX_PATH=/home/ubuntu/workspace/robotics_v1/install/robo_collector_common:/home/ubuntu/workspace/robotics_v1/install/robo_collector_interfaces:${AMENT_PREFIX_PATH} CMAKE_PREFIX_PATH=/home/ubuntu/workspace/robotics_v1/install/ros2_game_engine:/home/ubuntu/workspace/robotics_v1/install/robo_collector_common:/home/ubuntu/workspace/robotics_v1/install/robo_common:/home/ubuntu/workspace/robotics_v1/install/game_engine:/home/ubuntu/workspace/robotics_v1/install/manager_utils:/home/ubuntu/workspace/robotics_v1/install/sdl_utils:/home/ubuntu/workspace/robotics_v1/install/resource_utils:/home/ubuntu/workspace/robotics_v1/install/utils:/home/ubuntu/workspace/robotics_v1/install/robo_collector_interfaces:/home/ubuntu/workspace/robotics_v1/install/cmake_helpers:/opt/ros/foxy LD_LIBRARY_PATH=/home/ubuntu/workspace/robotics_v1/install/robo_collector_interfaces/lib:${LD_LIBRARY_PATH} PKG_CONFIG_PATH=/home/ubuntu/workspace/robotics_v1/install/ros2_game_engine/lib/x86_64-linux-gnu/pkgconfig:/home/ubuntu/workspace/robotics_v1/install/ros2_game_engine/lib/pkgconfig:/home/ubuntu/workspace/robotics_v1/install/robo_common/lib/x86_64-linux-gnu/pkgconfig:/home/ubuntu/workspace/robotics_v1/install/robo_common/lib/pkgconfig:/home/ubuntu/workspace/robotics_v1/install/game_engine/lib/x86_64-linux-gnu/pkgconfig:/home/ubuntu/workspace/robotics_v1/install/game_engine/lib/pkgconfig:/home/ubuntu/workspace/robotics_v1/install/manager_utils/lib/x86_64-linux-gnu/pkgconfig:/home/ubuntu/workspace/robotics_v1/install/manager_utils/lib/pkgconfig:/home/ubuntu/workspace/robotics_v1/install/sdl_utils/lib/x86_64-linux-gnu/pkgconfig:/home/ubuntu/workspace/robotics_v1/install/sdl_utils/lib/pkgconfig:/home/ubuntu/workspace/robotics_v1/install/resource_utils/lib/x86_64-linux-gnu/pkgconfig:/home/ubuntu/workspace/robotics_v1/install/resource_utils/lib/pkgconfig:/home/ubuntu/workspace/robotics_v1/install/utils/lib/x86_64-linux-gnu/pkgconfig:/home/ubuntu/workspace/robotics_v1/install/utils/lib/pkgconfig:/home/ubuntu/workspace/robotics_v1/install/cmake_helpers/lib/x86_64-linux-gnu/pkgconfig:/home/ubuntu/workspace/robotics_v1/install/cmake_helpers/lib/pkgconfig PYTHONPATH=/home/ubuntu/workspace/robotics_v1/install/robo_collector_interfaces/lib/python3.8/site-packages:${PYTHONPATH} /usr/bin/cmake --build /home/ubuntu/workspace/robotics_v1/build/robo_collector_gui -- -j4 -l4
[0.386s] [100%] Built target robo_collector_gui
[0.422s] Invoked command in '/home/ubuntu/workspace/robotics_v1/build/robo_collector_gui' returned '0': AMENT_PREFIX_PATH=/home/ubuntu/workspace/robotics_v1/install/robo_collector_common:/home/ubuntu/workspace/robotics_v1/install/robo_collector_interfaces:${AMENT_PREFIX_PATH} CMAKE_PREFIX_PATH=/home/ubuntu/workspace/robotics_v1/install/ros2_game_engine:/home/ubuntu/workspace/robotics_v1/install/robo_collector_common:/home/ubuntu/workspace/robotics_v1/install/robo_common:/home/ubuntu/workspace/robotics_v1/install/game_engine:/home/ubuntu/workspace/robotics_v1/install/manager_utils:/home/ubuntu/workspace/robotics_v1/install/sdl_utils:/home/ubuntu/workspace/robotics_v1/install/resource_utils:/home/ubuntu/workspace/robotics_v1/install/utils:/home/ubuntu/workspace/robotics_v1/install/robo_collector_interfaces:/home/ubuntu/workspace/robotics_v1/install/cmake_helpers:/opt/ros/foxy LD_LIBRARY_PATH=/home/ubuntu/workspace/robotics_v1/install/robo_collector_interfaces/lib:${LD_LIBRARY_PATH} PKG_CONFIG_PATH=/home/ubuntu/workspace/robotics_v1/install/ros2_game_engine/lib/x86_64-linux-gnu/pkgconfig:/home/ubuntu/workspace/robotics_v1/install/ros2_game_engine/lib/pkgconfig:/home/ubuntu/workspace/robotics_v1/install/robo_common/lib/x86_64-linux-gnu/pkgconfig:/home/ubuntu/workspace/robotics_v1/install/robo_common/lib/pkgconfig:/home/ubuntu/workspace/robotics_v1/install/game_engine/lib/x86_64-linux-gnu/pkgconfig:/home/ubuntu/workspace/robotics_v1/install/game_engine/lib/pkgconfig:/home/ubuntu/workspace/robotics_v1/install/manager_utils/lib/x86_64-linux-gnu/pkgconfig:/home/ubuntu/workspace/robotics_v1/install/manager_utils/lib/pkgconfig:/home/ubuntu/workspace/robotics_v1/install/sdl_utils/lib/x86_64-linux-gnu/pkgconfig:/home/ubuntu/workspace/robotics_v1/install/sdl_utils/lib/pkgconfig:/home/ubuntu/workspace/robotics_v1/install/resource_utils/lib/x86_64-linux-gnu/pkgconfig:/home/ubuntu/workspace/robotics_v1/install/resource_utils/lib/pkgconfig:/home/ubuntu/workspace/robotics_v1/install/utils/lib/x86_64-linux-gnu/pkgconfig:/home/ubuntu/workspace/robotics_v1/install/utils/lib/pkgconfig:/home/ubuntu/workspace/robotics_v1/install/cmake_helpers/lib/x86_64-linux-gnu/pkgconfig:/home/ubuntu/workspace/robotics_v1/install/cmake_helpers/lib/pkgconfig PYTHONPATH=/home/ubuntu/workspace/robotics_v1/install/robo_collector_interfaces/lib/python3.8/site-packages:${PYTHONPATH} /usr/bin/cmake --build /home/ubuntu/workspace/robotics_v1/build/robo_collector_gui -- -j4 -l4
[0.768s] Invoking command in '/home/ubuntu/workspace/robotics_v1/build/robo_collector_gui': AMENT_PREFIX_PATH=/home/ubuntu/workspace/robotics_v1/install/robo_collector_common:/home/ubuntu/workspace/robotics_v1/install/robo_collector_interfaces:${AMENT_PREFIX_PATH} CMAKE_PREFIX_PATH=/home/ubuntu/workspace/robotics_v1/install/ros2_game_engine:/home/ubuntu/workspace/robotics_v1/install/robo_collector_common:/home/ubuntu/workspace/robotics_v1/install/robo_common:/home/ubuntu/workspace/robotics_v1/install/game_engine:/home/ubuntu/workspace/robotics_v1/install/manager_utils:/home/ubuntu/workspace/robotics_v1/install/sdl_utils:/home/ubuntu/workspace/robotics_v1/install/resource_utils:/home/ubuntu/workspace/robotics_v1/install/utils:/home/ubuntu/workspace/robotics_v1/install/robo_collector_interfaces:/home/ubuntu/workspace/robotics_v1/install/cmake_helpers:/opt/ros/foxy LD_LIBRARY_PATH=/home/ubuntu/workspace/robotics_v1/install/robo_collector_interfaces/lib:${LD_LIBRARY_PATH} PKG_CONFIG_PATH=/home/ubuntu/workspace/robotics_v1/install/ros2_game_engine/lib/x86_64-linux-gnu/pkgconfig:/home/ubuntu/workspace/robotics_v1/install/ros2_game_engine/lib/pkgconfig:/home/ubuntu/workspace/robotics_v1/install/robo_common/lib/x86_64-linux-gnu/pkgconfig:/home/ubuntu/workspace/robotics_v1/install/robo_common/lib/pkgconfig:/home/ubuntu/workspace/robotics_v1/install/game_engine/lib/x86_64-linux-gnu/pkgconfig:/home/ubuntu/workspace/robotics_v1/install/game_engine/lib/pkgconfig:/home/ubuntu/workspace/robotics_v1/install/manager_utils/lib/x86_64-linux-gnu/pkgconfig:/home/ubuntu/workspace/robotics_v1/install/manager_utils/lib/pkgconfig:/home/ubuntu/workspace/robotics_v1/install/sdl_utils/lib/x86_64-linux-gnu/pkgconfig:/home/ubuntu/workspace/robotics_v1/install/sdl_utils/lib/pkgconfig:/home/ubuntu/workspace/robotics_v1/install/resource_utils/lib/x86_64-linux-gnu/pkgconfig:/home/ubuntu/workspace/robotics_v1/install/resource_utils/lib/pkgconfig:/home/ubuntu/workspace/robotics_v1/install/utils/lib/x86_64-linux-gnu/pkgconfig:/home/ubuntu/workspace/robotics_v1/install/utils/lib/pkgconfig:/home/ubuntu/workspace/robotics_v1/install/cmake_helpers/lib/x86_64-linux-gnu/pkgconfig:/home/ubuntu/workspace/robotics_v1/install/cmake_helpers/lib/pkgconfig PYTHONPATH=/home/ubuntu/workspace/robotics_v1/install/robo_collector_interfaces/lib/python3.8/site-packages:${PYTHONPATH} /usr/bin/cmake --install /home/ubuntu/workspace/robotics_v1/build/robo_collector_gui
[0.802s] -- Install configuration: "Debug"
[0.804s] -- Execute custom install script
[0.805s] -- Up-to-date symlink: /home/ubuntu/workspace/robotics_v1/install/robo_collector_gui/share/robo_collector_gui/package.xml
[0.807s] -- Up-to-date symlink: /home/ubuntu/workspace/robotics_v1/install/robo_collector_gui/share/robo_collector_gui//launch/launch.py
[0.810s] -- Up-to-date symlink: /home/ubuntu/workspace/robotics_v1/install/robo_collector_gui/share/robo_collector_gui//config/params.yaml
[0.812s] -- Up-to-date symlink: /home/ubuntu/workspace/robotics_v1/install/robo_collector_gui/lib/robo_collector_gui/robo_collector_gui
[0.813s] -- Symlinking: /home/ubuntu/workspace/robotics_v1/install/robo_collector_gui/share/ament_index/resource_index/packages/robo_collector_gui
[0.861s] -- Up-to-date symlink: /home/ubuntu/workspace/robotics_v1/install/robo_collector_gui/share/robo_collector_gui/hook/ament_prefix_path.dsv
[0.862s] -- Up-to-date symlink: /home/ubuntu/workspace/robotics_v1/install/robo_collector_gui/share/robo_collector_gui/hook/ros_package_path.dsv
[0.863s] -- Up-to-date symlink: /home/ubuntu/workspace/robotics_v1/install/robo_collector_gui/share/ament_index/resource_index/package_run_dependencies/robo_collector_gui
[0.864s] -- Up-to-date symlink: /home/ubuntu/workspace/robotics_v1/install/robo_collector_gui/share/ament_index/resource_index/parent_prefix_path/robo_collector_gui
[0.865s] -- Up-to-date symlink: /home/ubuntu/workspace/robotics_v1/install/robo_collector_gui/share/robo_collector_gui/environment/ament_prefix_path.sh
[0.866s] -- Up-to-date symlink: /home/ubuntu/workspace/robotics_v1/install/robo_collector_gui/share/robo_collector_gui/environment/ament_prefix_path.dsv
[0.867s] -- Up-to-date symlink: /home/ubuntu/workspace/robotics_v1/install/robo_collector_gui/share/robo_collector_gui/environment/path.sh
[0.868s] -- Up-to-date symlink: /home/ubuntu/workspace/robotics_v1/install/robo_collector_gui/share/robo_collector_gui/environment/path.dsv
[0.870s] -- Up-to-date symlink: /home/ubuntu/workspace/robotics_v1/install/robo_collector_gui/share/robo_collector_gui/local_setup.bash
[0.872s] -- Up-to-date symlink: /home/ubuntu/workspace/robotics_v1/install/robo_collector_gui/share/robo_collector_gui/local_setup.sh
[0.874s] -- Up-to-date symlink: /home/ubuntu/workspace/robotics_v1/install/robo_collector_gui/share/robo_collector_gui/local_setup.zsh
[0.881s] -- Up-to-date symlink: /home/ubuntu/workspace/robotics_v1/install/robo_collector_gui/share/robo_collector_gui/local_setup.dsv
[0.884s] -- Symlinking: /home/ubuntu/workspace/robotics_v1/install/robo_collector_gui/share/robo_collector_gui/package.dsv
[0.961s] -- Symlinking: /home/ubuntu/workspace/robotics_v1/install/robo_collector_gui/share/ament_index/resource_index/packages/robo_collector_gui
[1.007s] -- Up-to-date symlink: /home/ubuntu/workspace/robotics_v1/install/robo_collector_gui/share/robo_collector_gui/cmake/robo_collector_guiConfig.cmake
[1.008s] -- Up-to-date symlink: /home/ubuntu/workspace/robotics_v1/install/robo_collector_gui/share/robo_collector_gui/cmake/robo_collector_guiConfig-version.cmake
[1.008s] -- Up-to-date symlink: /home/ubuntu/workspace/robotics_v1/install/robo_collector_gui/share/robo_collector_gui/package.xml
[1.011s] -- Up-to-date symlink: /home/ubuntu/workspace/robotics_v1/install/robo_collector_gui/share/robo_collector_gui/resources//RoboCollectorGui.rsrc
[1.012s] -- Up-to-date symlink: /home/ubuntu/workspace/robotics_v1/install/robo_collector_gui/share/robo_collector_gui/resources//f/vinque_rg_20.ttf
[1.014s] -- Up-to-date symlink: /home/ubuntu/workspace/robotics_v1/install/robo_collector_gui/share/robo_collector_gui/resources//f/vinque_rg_30.ttf
[1.015s] -- Up-to-date symlink: /home/ubuntu/workspace/robotics_v1/install/robo_collector_gui/share/robo_collector_gui/resources//f/vinque_rg_75.ttf
[1.017s] -- Up-to-date symlink: /home/ubuntu/workspace/robotics_v1/install/robo_collector_gui/share/robo_collector_gui/resources//generated/RoboCollectorGuiResources.h
[1.018s] -- Up-to-date symlink: /home/ubuntu/workspace/robotics_v1/install/robo_collector_gui/share/robo_collector_gui/resources//generated/RoboCollectorGuiResourcesDynamic.h
[1.028s] -- Up-to-date symlink: /home/ubuntu/workspace/robotics_v1/install/robo_collector_gui/share/robo_collector_gui/resources//generated/RoboCollectorGuiResourcesDynamicValues.h
[1.029s] -- Up-to-date symlink: /home/ubuntu/workspace/robotics_v1/install/robo_collector_gui/share/robo_collector_gui/resources//generated/fonts.bin
[1.029s] -- Up-to-date symlink: /home/ubuntu/workspace/robotics_v1/install/robo_collector_gui/share/robo_collector_gui/resources//generated/resources.bin
[1.030s] -- Up-to-date symlink: /home/ubuntu/workspace/robotics_v1/install/robo_collector_gui/share/robo_collector_gui/resources//generated/sounds.bin
[1.034s] -- Up-to-date symlink: /home/ubuntu/workspace/robotics_v1/install/robo_collector_gui/share/robo_collector_gui/resources//levels/level_1/field_map.txt
[1.035s] -- Up-to-date symlink: /home/ubuntu/workspace/robotics_v1/install/robo_collector_gui/share/robo_collector_gui/resources//p/background/map.png
[1.038s] -- Up-to-date symlink: /home/ubuntu/workspace/robotics_v1/install/robo_collector_gui/share/robo_collector_gui/resources//p/background/obstacle.png
[1.040s] -- Up-to-date symlink: /home/ubuntu/workspace/robotics_v1/install/robo_collector_gui/share/robo_collector_gui/resources//p/background/tile.png
[1.042s] -- Up-to-date symlink: /home/ubuntu/workspace/robotics_v1/install/robo_collector_gui/share/robo_collector_gui/resources//p/buttons/help_button.png
[1.043s] -- Up-to-date symlink: /home/ubuntu/workspace/robotics_v1/install/robo_collector_gui/share/robo_collector_gui/resources//p/buttons/left_button.png
[1.044s] -- Up-to-date symlink: /home/ubuntu/workspace/robotics_v1/install/robo_collector_gui/share/robo_collector_gui/resources//p/buttons/right_button.png
[1.046s] -- Up-to-date symlink: /home/ubuntu/workspace/robotics_v1/install/robo_collector_gui/share/robo_collector_gui/resources//p/buttons/settings_button.png
[1.049s] -- Up-to-date symlink: /home/ubuntu/workspace/robotics_v1/install/robo_collector_gui/share/robo_collector_gui/resources//p/buttons/up_button.png
[1.051s] -- Up-to-date symlink: /home/ubuntu/workspace/robotics_v1/install/robo_collector_gui/share/robo_collector_gui/resources//p/coin_animations/bronze/coin_anim_bronze.png
[1.054s] -- Up-to-date symlink: /home/ubuntu/workspace/robotics_v1/install/robo_collector_gui/share/robo_collector_gui/resources//p/coin_animations/gold/coin_anim_gold.png
[1.056s] -- Up-to-date symlink: /home/ubuntu/workspace/robotics_v1/install/robo_collector_gui/share/robo_collector_gui/resources//p/coin_animations/silver/coin_anim_silver.png
[1.056s] -- Up-to-date symlink: /home/ubuntu/workspace/robotics_v1/install/robo_collector_gui/share/robo_collector_gui/resources//p/entities/damage_marker.png
[1.056s] -- Up-to-date symlink: /home/ubuntu/workspace/robotics_v1/install/robo_collector_gui/share/robo_collector_gui/resources//p/entities/enemy_robots.png
[1.057s] -- Up-to-date symlink: /home/ubuntu/workspace/robotics_v1/install/robo_collector_gui/share/robo_collector_gui/resources//p/entities/player_robot.png
[1.057s] -- Up-to-date symlink: /home/ubuntu/workspace/robotics_v1/install/robo_collector_gui/share/robo_collector_gui/resources//p/panels/coin_panel.png
[1.057s] -- Up-to-date symlink: /home/ubuntu/workspace/robotics_v1/install/robo_collector_gui/share/robo_collector_gui/resources//p/panels/health_indicator.png
[1.057s] -- Up-to-date symlink: /home/ubuntu/workspace/robotics_v1/install/robo_collector_gui/share/robo_collector_gui/resources//p/panels/health_panel.png
[1.058s] -- Up-to-date symlink: /home/ubuntu/workspace/robotics_v1/install/robo_collector_gui/share/robo_collector_gui/resources//p/panels/hor_delimiter.png
[1.058s] -- Up-to-date symlink: /home/ubuntu/workspace/robotics_v1/install/robo_collector_gui/share/robo_collector_gui/resources//p/panels/time_panel.png
[1.058s] -- Up-to-date symlink: /home/ubuntu/workspace/robotics_v1/install/robo_collector_gui/share/robo_collector_gui/resources//p/panels/vert_delimiter.png
[1.059s] -- Up-to-date symlink: /home/ubuntu/workspace/robotics_v1/install/robo_collector_gui/share/robo_collector_gui/resources//p/stars/star_single.png
[1.059s] -- Up-to-date symlink: /home/ubuntu/workspace/robotics_v1/install/robo_collector_gui/share/robo_collector_gui/resources//p/stars/stars.png
[1.065s] Invoked command in '/home/ubuntu/workspace/robotics_v1/build/robo_collector_gui' returned '0': AMENT_PREFIX_PATH=/home/ubuntu/workspace/robotics_v1/install/robo_collector_common:/home/ubuntu/workspace/robotics_v1/install/robo_collector_interfaces:${AMENT_PREFIX_PATH} CMAKE_PREFIX_PATH=/home/ubuntu/workspace/robotics_v1/install/ros2_game_engine:/home/ubuntu/workspace/robotics_v1/install/robo_collector_common:/home/ubuntu/workspace/robotics_v1/install/robo_common:/home/ubuntu/workspace/robotics_v1/install/game_engine:/home/ubuntu/workspace/robotics_v1/install/manager_utils:/home/ubuntu/workspace/robotics_v1/install/sdl_utils:/home/ubuntu/workspace/robotics_v1/install/resource_utils:/home/ubuntu/workspace/robotics_v1/install/utils:/home/ubuntu/workspace/robotics_v1/install/robo_collector_interfaces:/home/ubuntu/workspace/robotics_v1/install/cmake_helpers:/opt/ros/foxy LD_LIBRARY_PATH=/home/ubuntu/workspace/robotics_v1/install/robo_collector_interfaces/lib:${LD_LIBRARY_PATH} PKG_CONFIG_PATH=/home/ubuntu/workspace/robotics_v1/install/ros2_game_engine/lib/x86_64-linux-gnu/pkgconfig:/home/ubuntu/workspace/robotics_v1/install/ros2_game_engine/lib/pkgconfig:/home/ubuntu/workspace/robotics_v1/install/robo_common/lib/x86_64-linux-gnu/pkgconfig:/home/ubuntu/workspace/robotics_v1/install/robo_common/lib/pkgconfig:/home/ubuntu/workspace/robotics_v1/install/game_engine/lib/x86_64-linux-gnu/pkgconfig:/home/ubuntu/workspace/robotics_v1/install/game_engine/lib/pkgconfig:/home/ubuntu/workspace/robotics_v1/install/manager_utils/lib/x86_64-linux-gnu/pkgconfig:/home/ubuntu/workspace/robotics_v1/install/manager_utils/lib/pkgconfig:/home/ubuntu/workspace/robotics_v1/install/sdl_utils/lib/x86_64-linux-gnu/pkgconfig:/home/ubuntu/workspace/robotics_v1/install/sdl_utils/lib/pkgconfig:/home/ubuntu/workspace/robotics_v1/install/resource_utils/lib/x86_64-linux-gnu/pkgconfig:/home/ubuntu/workspace/robotics_v1/install/resource_utils/lib/pkgconfig:/home/ubuntu/workspace/robotics_v1/install/utils/lib/x86_64-linux-gnu/pkgconfig:/home/ubuntu/workspace/robotics_v1/install/utils/lib/pkgconfig:/home/ubuntu/workspace/robotics_v1/install/cmake_helpers/lib/x86_64-linux-gnu/pkgconfig:/home/ubuntu/workspace/robotics_v1/install/cmake_helpers/lib/pkgconfig PYTHONPATH=/home/ubuntu/workspace/robotics_v1/install/robo_collector_interfaces/lib/python3.8/site-packages:${PYTHONPATH} /usr/bin/cmake --install /home/ubuntu/workspace/robotics_v1/build/robo_collector_gui
