[0.234s] Invoking command in '/home/ubuntu/workspace/robotics_v1/build/ur_controllers': AMENT_PREFIX_PATH=/home/ubuntu/workspace/robotics_v1/install/ur_dashboard_msgs:${AMENT_PREFIX_PATH} CMAKE_PREFIX_PATH=/home/ubuntu/workspace/robotics_v1/install/ur_dashboard_msgs:/home/ubuntu/workspace/robotics_v1/install/ur_client_library:/opt/ros/foxy LD_LIBRARY_PATH=/home/ubuntu/workspace/robotics_v1/install/ur_dashboard_msgs/lib:/home/ubuntu/workspace/robotics_v1/install/ur_client_library/lib:${LD_LIBRARY_PATH} PKG_CONFIG_PATH=/home/ubuntu/workspace/robotics_v1/install/ur_client_library/lib/x86_64-linux-gnu/pkgconfig:/home/ubuntu/workspace/robotics_v1/install/ur_client_library/lib/pkgconfig PYTHONPATH=/home/ubuntu/workspace/robotics_v1/install/ur_dashboard_msgs/lib/python3.8/site-packages:${PYTHONPATH} /usr/bin/cmake --build /home/ubuntu/workspace/robotics_v1/build/ur_controllers -- -j4 -l4
[0.798s] [100%] Built target ur_controllers
[0.979s] Invoked command in '/home/ubuntu/workspace/robotics_v1/build/ur_controllers' returned '0': AMENT_PREFIX_PATH=/home/ubuntu/workspace/robotics_v1/install/ur_dashboard_msgs:${AMENT_PREFIX_PATH} CMAKE_PREFIX_PATH=/home/ubuntu/workspace/robotics_v1/install/ur_dashboard_msgs:/home/ubuntu/workspace/robotics_v1/install/ur_client_library:/opt/ros/foxy LD_LIBRARY_PATH=/home/ubuntu/workspace/robotics_v1/install/ur_dashboard_msgs/lib:/home/ubuntu/workspace/robotics_v1/install/ur_client_library/lib:${LD_LIBRARY_PATH} PKG_CONFIG_PATH=/home/ubuntu/workspace/robotics_v1/install/ur_client_library/lib/x86_64-linux-gnu/pkgconfig:/home/ubuntu/workspace/robotics_v1/install/ur_client_library/lib/pkgconfig PYTHONPATH=/home/ubuntu/workspace/robotics_v1/install/ur_dashboard_msgs/lib/python3.8/site-packages:${PYTHONPATH} /usr/bin/cmake --build /home/ubuntu/workspace/robotics_v1/build/ur_controllers -- -j4 -l4
[1.193s] Invoking command in '/home/ubuntu/workspace/robotics_v1/build/ur_controllers': AMENT_PREFIX_PATH=/home/ubuntu/workspace/robotics_v1/install/ur_dashboard_msgs:${AMENT_PREFIX_PATH} CMAKE_PREFIX_PATH=/home/ubuntu/workspace/robotics_v1/install/ur_dashboard_msgs:/home/ubuntu/workspace/robotics_v1/install/ur_client_library:/opt/ros/foxy LD_LIBRARY_PATH=/home/ubuntu/workspace/robotics_v1/install/ur_dashboard_msgs/lib:/home/ubuntu/workspace/robotics_v1/install/ur_client_library/lib:${LD_LIBRARY_PATH} PKG_CONFIG_PATH=/home/ubuntu/workspace/robotics_v1/install/ur_client_library/lib/x86_64-linux-gnu/pkgconfig:/home/ubuntu/workspace/robotics_v1/install/ur_client_library/lib/pkgconfig PYTHONPATH=/home/ubuntu/workspace/robotics_v1/install/ur_dashboard_msgs/lib/python3.8/site-packages:${PYTHONPATH} /usr/bin/cmake --install /home/ubuntu/workspace/robotics_v1/build/ur_controllers
[1.238s] -- Install configuration: "Debug"
[1.239s] -- Execute custom install script
[1.242s] -- Up-to-date symlink: /home/ubuntu/workspace/robotics_v1/install/ur_controllers/share/ur_controllers//controller_plugins.xml
[1.242s] -- Up-to-date symlink: /home/ubuntu/workspace/robotics_v1/install/ur_controllers/lib/libur_controllers.so
[1.242s] -- Up-to-date symlink: /home/ubuntu/workspace/robotics_v1/install/ur_controllers/include/ur_controllers/force_torque_sensor_broadcaster.hpp
[1.244s] -- Up-to-date symlink: /home/ubuntu/workspace/robotics_v1/install/ur_controllers/include/ur_controllers/gpio_controller.hpp
[1.245s] -- Up-to-date symlink: /home/ubuntu/workspace/robotics_v1/install/ur_controllers/include/ur_controllers/scaled_joint_trajectory_controller.hpp
[1.246s] -- Up-to-date symlink: /home/ubuntu/workspace/robotics_v1/install/ur_controllers/include/ur_controllers/speed_scaling_state_broadcaster.hpp
[1.247s] -- Up-to-date symlink: /home/ubuntu/workspace/robotics_v1/install/ur_controllers/share/ur_controllers/controller_plugins.xml
[1.248s] -- Up-to-date symlink: /home/ubuntu/workspace/robotics_v1/install/ur_controllers/share/ur_controllers/environment/library_path.sh
[1.249s] -- Up-to-date symlink: /home/ubuntu/workspace/robotics_v1/install/ur_controllers/share/ur_controllers/environment/library_path.dsv
[1.258s] -- Up-to-date symlink: /home/ubuntu/workspace/robotics_v1/install/ur_controllers/share/ament_index/resource_index/package_run_dependencies/ur_controllers
[1.259s] -- Up-to-date symlink: /home/ubuntu/workspace/robotics_v1/install/ur_controllers/share/ament_index/resource_index/parent_prefix_path/ur_controllers
[1.261s] -- Up-to-date symlink: /home/ubuntu/workspace/robotics_v1/install/ur_controllers/share/ur_controllers/environment/ament_prefix_path.sh
[1.261s] -- Up-to-date symlink: /home/ubuntu/workspace/robotics_v1/install/ur_controllers/share/ur_controllers/environment/ament_prefix_path.dsv
[1.262s] -- Up-to-date symlink: /home/ubuntu/workspace/robotics_v1/install/ur_controllers/share/ur_controllers/environment/path.sh
[1.264s] -- Up-to-date symlink: /home/ubuntu/workspace/robotics_v1/install/ur_controllers/share/ur_controllers/environment/path.dsv
[1.269s] -- Up-to-date symlink: /home/ubuntu/workspace/robotics_v1/install/ur_controllers/share/ur_controllers/local_setup.bash
[1.270s] -- Up-to-date symlink: /home/ubuntu/workspace/robotics_v1/install/ur_controllers/share/ur_controllers/local_setup.sh
[1.270s] -- Up-to-date symlink: /home/ubuntu/workspace/robotics_v1/install/ur_controllers/share/ur_controllers/local_setup.zsh
[1.272s] -- Up-to-date symlink: /home/ubuntu/workspace/robotics_v1/install/ur_controllers/share/ur_controllers/local_setup.dsv
[1.273s] -- Symlinking: /home/ubuntu/workspace/robotics_v1/install/ur_controllers/share/ur_controllers/package.dsv
[1.309s] -- Up-to-date symlink: /home/ubuntu/workspace/robotics_v1/install/ur_controllers/share/ament_index/resource_index/packages/ur_controllers
[1.311s] -- Up-to-date symlink: /home/ubuntu/workspace/robotics_v1/install/ur_controllers/share/ament_index/resource_index/controller_interface__pluginlib__plugin/ur_controllers
[1.313s] -- Up-to-date symlink: /home/ubuntu/workspace/robotics_v1/install/ur_controllers/share/ur_controllers/cmake/ament_cmake_export_dependencies-extras.cmake
[1.314s] -- Up-to-date symlink: /home/ubuntu/workspace/robotics_v1/install/ur_controllers/share/ur_controllers/cmake/ament_cmake_export_include_directories-extras.cmake
[1.315s] -- Up-to-date symlink: /home/ubuntu/workspace/robotics_v1/install/ur_controllers/share/ur_controllers/cmake/ament_cmake_export_libraries-extras.cmake
[1.320s] -- Up-to-date symlink: /home/ubuntu/workspace/robotics_v1/install/ur_controllers/share/ur_controllers/cmake/ur_controllersConfig.cmake
[1.322s] -- Up-to-date symlink: /home/ubuntu/workspace/robotics_v1/install/ur_controllers/share/ur_controllers/cmake/ur_controllersConfig-version.cmake
[1.326s] -- Up-to-date symlink: /home/ubuntu/workspace/robotics_v1/install/ur_controllers/share/ur_controllers/package.xml
[1.336s] Invoked command in '/home/ubuntu/workspace/robotics_v1/build/ur_controllers' returned '0': AMENT_PREFIX_PATH=/home/ubuntu/workspace/robotics_v1/install/ur_dashboard_msgs:${AMENT_PREFIX_PATH} CMAKE_PREFIX_PATH=/home/ubuntu/workspace/robotics_v1/install/ur_dashboard_msgs:/home/ubuntu/workspace/robotics_v1/install/ur_client_library:/opt/ros/foxy LD_LIBRARY_PATH=/home/ubuntu/workspace/robotics_v1/install/ur_dashboard_msgs/lib:/home/ubuntu/workspace/robotics_v1/install/ur_client_library/lib:${LD_LIBRARY_PATH} PKG_CONFIG_PATH=/home/ubuntu/workspace/robotics_v1/install/ur_client_library/lib/x86_64-linux-gnu/pkgconfig:/home/ubuntu/workspace/robotics_v1/install/ur_client_library/lib/pkgconfig PYTHONPATH=/home/ubuntu/workspace/robotics_v1/install/ur_dashboard_msgs/lib/python3.8/site-packages:${PYTHONPATH} /usr/bin/cmake --install /home/ubuntu/workspace/robotics_v1/build/ur_controllers
