[0.129s] Invoking command in '/home/ubuntu/workspace/robotics_v1/build/robo_collector_interfaces': CMAKE_PREFIX_PATH=/opt/ros/foxy /usr/bin/cmake --build /home/ubuntu/workspace/robotics_v1/build/robo_collector_interfaces -- -j4 -l4
[0.444s] [ 10%] Built target robo_collector_interfaces__rosidl_generator_c
[0.453s] [ 12%] Built target robo_collector_interfaces__cpp
[0.640s] [ 23%] Built target robo_collector_interfaces__rosidl_typesupport_cpp
[0.653s] [ 33%] Built target robo_collector_interfaces__rosidl_typesupport_introspection_c
[0.685s] [ 43%] Built target robo_collector_interfaces__rosidl_typesupport_c
[0.919s] [ 53%] Built target robo_collector_interfaces__rosidl_typesupport_introspection_cpp
[0.937s] [ 64%] Built target robo_collector_interfaces__rosidl_typesupport_fastrtps_cpp
[1.231s] [ 74%] Built target robo_collector_interfaces__rosidl_typesupport_fastrtps_c
[1.375s] [ 74%] Built target robo_collector_interfaces
[1.493s] [ 76%] Built target robo_collector_interfaces__py
[1.671s] [ 84%] Built target robo_collector_interfaces__python
[1.895s] [ 89%] Built target robo_collector_interfaces__rosidl_typesupport_fastrtps_c__pyext
[1.922s] [ 94%] Built target robo_collector_interfaces__rosidl_typesupport_introspection_c__pyext
[1.936s] [100%] Built target robo_collector_interfaces__rosidl_typesupport_c__pyext
[2.012s] Invoked command in '/home/ubuntu/workspace/robotics_v1/build/robo_collector_interfaces' returned '0': CMAKE_PREFIX_PATH=/opt/ros/foxy /usr/bin/cmake --build /home/ubuntu/workspace/robotics_v1/build/robo_collector_interfaces -- -j4 -l4
[2.401s] Invoking command in '/home/ubuntu/workspace/robotics_v1/build/robo_collector_interfaces': CMAKE_PREFIX_PATH=/opt/ros/foxy /usr/bin/cmake --install /home/ubuntu/workspace/robotics_v1/build/robo_collector_interfaces
[2.434s] -- Install configuration: "Debug"
[2.442s] -- Execute custom install script
[2.446s] -- Up-to-date symlink: /home/ubuntu/workspace/robotics_v1/install/robo_collector_interfaces/share/ament_index/resource_index/rosidl_interfaces/robo_collector_interfaces
[2.454s] -- Up-to-date symlink: /home/ubuntu/workspace/robotics_v1/install/robo_collector_interfaces/include/robo_collector_interfaces/msg/detail/robot_move_type__functions.h
[2.456s] -- Up-to-date symlink: /home/ubuntu/workspace/robotics_v1/install/robo_collector_interfaces/include/robo_collector_interfaces/msg/detail/robot_move_type__struct.h
[2.459s] -- Up-to-date symlink: /home/ubuntu/workspace/robotics_v1/install/robo_collector_interfaces/include/robo_collector_interfaces/msg/detail/robot_move_type__type_support.h
[2.461s] -- Up-to-date symlink: /home/ubuntu/workspace/robotics_v1/install/robo_collector_interfaces/include/robo_collector_interfaces/msg/detail/user_authenticate__functions.h
[2.463s] -- Up-to-date symlink: /home/ubuntu/workspace/robotics_v1/install/robo_collector_interfaces/include/robo_collector_interfaces/msg/detail/user_authenticate__struct.h
[2.465s] -- Up-to-date symlink: /home/ubuntu/workspace/robotics_v1/install/robo_collector_interfaces/include/robo_collector_interfaces/msg/detail/user_authenticate__type_support.h
[2.468s] -- Up-to-date symlink: /home/ubuntu/workspace/robotics_v1/install/robo_collector_interfaces/include/robo_collector_interfaces/msg/robot_move_type.h
[2.470s] -- Up-to-date symlink: /home/ubuntu/workspace/robotics_v1/install/robo_collector_interfaces/include/robo_collector_interfaces/msg/rosidl_generator_c__visibility_control.h
[2.472s] -- Up-to-date symlink: /home/ubuntu/workspace/robotics_v1/install/robo_collector_interfaces/include/robo_collector_interfaces/msg/user_authenticate.h
[2.475s] -- Up-to-date symlink: /home/ubuntu/workspace/robotics_v1/install/robo_collector_interfaces/share/robo_collector_interfaces/environment/library_path.sh
[2.479s] -- Up-to-date symlink: /home/ubuntu/workspace/robotics_v1/install/robo_collector_interfaces/share/robo_collector_interfaces/environment/library_path.dsv
[2.486s] -- Up-to-date symlink: /home/ubuntu/workspace/robotics_v1/install/robo_collector_interfaces/include/robo_collector_interfaces/msg/detail/robot_move_type__rosidl_typesupport_fastrtps_c.h
[2.489s] -- Up-to-date symlink: /home/ubuntu/workspace/robotics_v1/install/robo_collector_interfaces/include/robo_collector_interfaces/msg/detail/user_authenticate__rosidl_typesupport_fastrtps_c.h
[2.491s] -- Up-to-date symlink: /home/ubuntu/workspace/robotics_v1/install/robo_collector_interfaces/include/robo_collector_interfaces/msg/rosidl_typesupport_fastrtps_c__visibility_control.h
[2.497s] -- Up-to-date symlink: /home/ubuntu/workspace/robotics_v1/install/robo_collector_interfaces/lib/librobo_collector_interfaces__rosidl_typesupport_fastrtps_c.so
[2.498s] -- Up-to-date symlink: /home/ubuntu/workspace/robotics_v1/install/robo_collector_interfaces/include/robo_collector_interfaces/msg/detail/robot_move_type__rosidl_typesupport_fastrtps_cpp.hpp
[2.499s] -- Up-to-date symlink: /home/ubuntu/workspace/robotics_v1/install/robo_collector_interfaces/include/robo_collector_interfaces/msg/detail/user_authenticate__rosidl_typesupport_fastrtps_cpp.hpp
[2.499s] -- Up-to-date symlink: /home/ubuntu/workspace/robotics_v1/install/robo_collector_interfaces/include/robo_collector_interfaces/msg/rosidl_typesupport_fastrtps_cpp__visibility_control.h
[2.501s] -- Up-to-date symlink: /home/ubuntu/workspace/robotics_v1/install/robo_collector_interfaces/lib/librobo_collector_interfaces__rosidl_typesupport_fastrtps_cpp.so
[2.502s] -- Up-to-date symlink: /home/ubuntu/workspace/robotics_v1/install/robo_collector_interfaces/include/robo_collector_interfaces/msg/detail/robot_move_type__rosidl_typesupport_introspection_c.h
[2.505s] -- Up-to-date symlink: /home/ubuntu/workspace/robotics_v1/install/robo_collector_interfaces/include/robo_collector_interfaces/msg/detail/user_authenticate__rosidl_typesupport_introspection_c.h
[2.505s] -- Up-to-date symlink: /home/ubuntu/workspace/robotics_v1/install/robo_collector_interfaces/include/robo_collector_interfaces/msg/rosidl_typesupport_introspection_c__visibility_control.h
[2.505s] -- Up-to-date symlink: /home/ubuntu/workspace/robotics_v1/install/robo_collector_interfaces/include/robo_collector_interfaces/msg/detail/robot_move_type__builder.hpp
[2.505s] -- Up-to-date symlink: /home/ubuntu/workspace/robotics_v1/install/robo_collector_interfaces/include/robo_collector_interfaces/msg/detail/robot_move_type__struct.hpp
[2.506s] -- Up-to-date symlink: /home/ubuntu/workspace/robotics_v1/install/robo_collector_interfaces/include/robo_collector_interfaces/msg/detail/robot_move_type__traits.hpp
[2.506s] -- Up-to-date symlink: /home/ubuntu/workspace/robotics_v1/install/robo_collector_interfaces/include/robo_collector_interfaces/msg/detail/user_authenticate__builder.hpp
[2.506s] -- Up-to-date symlink: /home/ubuntu/workspace/robotics_v1/install/robo_collector_interfaces/include/robo_collector_interfaces/msg/detail/user_authenticate__struct.hpp
[2.506s] -- Up-to-date symlink: /home/ubuntu/workspace/robotics_v1/install/robo_collector_interfaces/include/robo_collector_interfaces/msg/detail/user_authenticate__traits.hpp
[2.507s] -- Up-to-date symlink: /home/ubuntu/workspace/robotics_v1/install/robo_collector_interfaces/include/robo_collector_interfaces/msg/robot_move_type.hpp
[2.508s] -- Up-to-date symlink: /home/ubuntu/workspace/robotics_v1/install/robo_collector_interfaces/include/robo_collector_interfaces/msg/user_authenticate.hpp
[2.510s] -- Up-to-date symlink: /home/ubuntu/workspace/robotics_v1/install/robo_collector_interfaces/include/robo_collector_interfaces/msg/detail/robot_move_type__rosidl_typesupport_introspection_cpp.hpp
[2.510s] -- Up-to-date symlink: /home/ubuntu/workspace/robotics_v1/install/robo_collector_interfaces/include/robo_collector_interfaces/msg/detail/user_authenticate__rosidl_typesupport_introspection_cpp.hpp
[2.511s] -- Up-to-date symlink: /home/ubuntu/workspace/robotics_v1/install/robo_collector_interfaces/share/robo_collector_interfaces/environment/pythonpath.sh
[2.512s] -- Up-to-date symlink: /home/ubuntu/workspace/robotics_v1/install/robo_collector_interfaces/share/robo_collector_interfaces/environment/pythonpath.dsv
[2.513s] -- Up-to-date symlink: /home/ubuntu/workspace/robotics_v1/install/robo_collector_interfaces/lib/python3.8/site-packages/robo_collector_interfaces/__init__.py
[2.515s] -- Up-to-date symlink: /home/ubuntu/workspace/robotics_v1/install/robo_collector_interfaces/lib/python3.8/site-packages/robo_collector_interfaces/msg/__init__.py
[2.516s] -- Up-to-date symlink: /home/ubuntu/workspace/robotics_v1/install/robo_collector_interfaces/lib/python3.8/site-packages/robo_collector_interfaces/msg/_robot_move_type.py
[2.517s] -- Up-to-date symlink: /home/ubuntu/workspace/robotics_v1/install/robo_collector_interfaces/lib/python3.8/site-packages/robo_collector_interfaces/msg/_user_authenticate.py
[2.519s] -- Up-to-date symlink: /home/ubuntu/workspace/robotics_v1/install/robo_collector_interfaces/lib/python3.8/site-packages/robo_collector_interfaces/robo_collector_interfaces_s__rosidl_typesupport_fastrtps_c.cpython-38-x86_64-linux-gnu.so
[2.520s] -- Up-to-date symlink: /home/ubuntu/workspace/robotics_v1/install/robo_collector_interfaces/lib/python3.8/site-packages/robo_collector_interfaces/robo_collector_interfaces_s__rosidl_typesupport_introspection_c.cpython-38-x86_64-linux-gnu.so
[2.523s] -- Up-to-date symlink: /home/ubuntu/workspace/robotics_v1/install/robo_collector_interfaces/lib/python3.8/site-packages/robo_collector_interfaces/robo_collector_interfaces_s__rosidl_typesupport_c.cpython-38-x86_64-linux-gnu.so
[2.525s] -- Up-to-date symlink: /home/ubuntu/workspace/robotics_v1/install/robo_collector_interfaces/lib/librobo_collector_interfaces__python.so
[2.527s] -- Up-to-date symlink: /home/ubuntu/workspace/robotics_v1/install/robo_collector_interfaces/share/robo_collector_interfaces/msg/RobotMoveType.idl
[2.528s] -- Up-to-date symlink: /home/ubuntu/workspace/robotics_v1/install/robo_collector_interfaces/share/robo_collector_interfaces/msg/UserAuthenticate.idl
[2.531s] -- Up-to-date symlink: /home/ubuntu/workspace/robotics_v1/install/robo_collector_interfaces/share/robo_collector_interfaces/msg/RobotMoveType.msg
[2.537s] -- Up-to-date symlink: /home/ubuntu/workspace/robotics_v1/install/robo_collector_interfaces/share/robo_collector_interfaces/msg/UserAuthenticate.msg
[2.538s] -- Up-to-date symlink: /home/ubuntu/workspace/robotics_v1/install/robo_collector_interfaces/share/ament_index/resource_index/package_run_dependencies/robo_collector_interfaces
[2.538s] -- Up-to-date symlink: /home/ubuntu/workspace/robotics_v1/install/robo_collector_interfaces/share/ament_index/resource_index/parent_prefix_path/robo_collector_interfaces
[2.545s] -- Up-to-date symlink: /home/ubuntu/workspace/robotics_v1/install/robo_collector_interfaces/share/robo_collector_interfaces/environment/ament_prefix_path.sh
[2.547s] -- Up-to-date symlink: /home/ubuntu/workspace/robotics_v1/install/robo_collector_interfaces/share/robo_collector_interfaces/environment/ament_prefix_path.dsv
[2.553s] -- Up-to-date symlink: /home/ubuntu/workspace/robotics_v1/install/robo_collector_interfaces/share/robo_collector_interfaces/environment/path.sh
[2.554s] -- Up-to-date symlink: /home/ubuntu/workspace/robotics_v1/install/robo_collector_interfaces/share/robo_collector_interfaces/environment/path.dsv
[2.554s] -- Up-to-date symlink: /home/ubuntu/workspace/robotics_v1/install/robo_collector_interfaces/share/robo_collector_interfaces/local_setup.bash
[2.554s] -- Up-to-date symlink: /home/ubuntu/workspace/robotics_v1/install/robo_collector_interfaces/share/robo_collector_interfaces/local_setup.sh
[2.555s] -- Up-to-date symlink: /home/ubuntu/workspace/robotics_v1/install/robo_collector_interfaces/share/robo_collector_interfaces/local_setup.zsh
[2.563s] -- Up-to-date symlink: /home/ubuntu/workspace/robotics_v1/install/robo_collector_interfaces/share/robo_collector_interfaces/local_setup.dsv
[2.563s] -- Symlinking: /home/ubuntu/workspace/robotics_v1/install/robo_collector_interfaces/share/robo_collector_interfaces/package.dsv
[2.601s] -- Up-to-date symlink: /home/ubuntu/workspace/robotics_v1/install/robo_collector_interfaces/share/ament_index/resource_index/packages/robo_collector_interfaces
[2.602s] -- Up-to-date symlink: /home/ubuntu/workspace/robotics_v1/install/robo_collector_interfaces/share/robo_collector_interfaces/cmake/rosidl_cmake-extras.cmake
[2.602s] -- Up-to-date symlink: /home/ubuntu/workspace/robotics_v1/install/robo_collector_interfaces/share/robo_collector_interfaces/cmake/ament_cmake_export_dependencies-extras.cmake
[2.602s] -- Up-to-date symlink: /home/ubuntu/workspace/robotics_v1/install/robo_collector_interfaces/share/robo_collector_interfaces/cmake/ament_cmake_export_libraries-extras.cmake
[2.602s] -- Up-to-date symlink: /home/ubuntu/workspace/robotics_v1/install/robo_collector_interfaces/share/robo_collector_interfaces/cmake/ament_cmake_export_targets-extras.cmake
[2.602s] -- Up-to-date symlink: /home/ubuntu/workspace/robotics_v1/install/robo_collector_interfaces/share/robo_collector_interfaces/cmake/ament_cmake_export_include_directories-extras.cmake
[2.612s] -- Up-to-date symlink: /home/ubuntu/workspace/robotics_v1/install/robo_collector_interfaces/share/robo_collector_interfaces/cmake/rosidl_cmake_export_typesupport_libraries-extras.cmake
[2.613s] -- Up-to-date symlink: /home/ubuntu/workspace/robotics_v1/install/robo_collector_interfaces/share/robo_collector_interfaces/cmake/rosidl_cmake_export_typesupport_targets-extras.cmake
[2.615s] -- Up-to-date symlink: /home/ubuntu/workspace/robotics_v1/install/robo_collector_interfaces/share/robo_collector_interfaces/cmake/robo_collector_interfacesConfig.cmake
[2.618s] -- Up-to-date symlink: /home/ubuntu/workspace/robotics_v1/install/robo_collector_interfaces/share/robo_collector_interfaces/cmake/robo_collector_interfacesConfig-version.cmake
[2.620s] -- Up-to-date symlink: /home/ubuntu/workspace/robotics_v1/install/robo_collector_interfaces/share/robo_collector_interfaces/package.xml
[2.626s] -- Up-to-date: /home/ubuntu/workspace/robotics_v1/install/robo_collector_interfaces/lib/librobo_collector_interfaces__rosidl_generator_c.so
[2.644s] -- Up-to-date: /home/ubuntu/workspace/robotics_v1/install/robo_collector_interfaces/lib/librobo_collector_interfaces__rosidl_typesupport_introspection_c.so
[2.655s] -- Up-to-date: /home/ubuntu/workspace/robotics_v1/install/robo_collector_interfaces/lib/librobo_collector_interfaces__rosidl_typesupport_c.so
[2.669s] -- Up-to-date: /home/ubuntu/workspace/robotics_v1/install/robo_collector_interfaces/lib/librobo_collector_interfaces__rosidl_typesupport_introspection_cpp.so
[2.676s] -- Up-to-date: /home/ubuntu/workspace/robotics_v1/install/robo_collector_interfaces/lib/librobo_collector_interfaces__rosidl_typesupport_cpp.so
[2.841s] -- Up-to-date: /home/ubuntu/workspace/robotics_v1/install/robo_collector_interfaces/share/robo_collector_interfaces/cmake/robo_collector_interfaces__rosidl_generator_cExport.cmake
[2.841s] -- Up-to-date: /home/ubuntu/workspace/robotics_v1/install/robo_collector_interfaces/share/robo_collector_interfaces/cmake/robo_collector_interfaces__rosidl_generator_cExport-debug.cmake
[2.844s] -- Up-to-date: /home/ubuntu/workspace/robotics_v1/install/robo_collector_interfaces/share/robo_collector_interfaces/cmake/robo_collector_interfaces__rosidl_typesupport_introspection_cExport.cmake
[2.844s] -- Up-to-date: /home/ubuntu/workspace/robotics_v1/install/robo_collector_interfaces/share/robo_collector_interfaces/cmake/robo_collector_interfaces__rosidl_typesupport_introspection_cExport-debug.cmake
[2.846s] -- Up-to-date: /home/ubuntu/workspace/robotics_v1/install/robo_collector_interfaces/share/robo_collector_interfaces/cmake/robo_collector_interfaces__rosidl_typesupport_cExport.cmake
[2.846s] -- Up-to-date: /home/ubuntu/workspace/robotics_v1/install/robo_collector_interfaces/share/robo_collector_interfaces/cmake/robo_collector_interfaces__rosidl_typesupport_cExport-debug.cmake
[2.847s] -- Up-to-date: /home/ubuntu/workspace/robotics_v1/install/robo_collector_interfaces/share/robo_collector_interfaces/cmake/robo_collector_interfaces__rosidl_generator_cppExport.cmake
[2.849s] -- Up-to-date: /home/ubuntu/workspace/robotics_v1/install/robo_collector_interfaces/share/robo_collector_interfaces/cmake/robo_collector_interfaces__rosidl_typesupport_introspection_cppExport.cmake
[2.849s] -- Up-to-date: /home/ubuntu/workspace/robotics_v1/install/robo_collector_interfaces/share/robo_collector_interfaces/cmake/robo_collector_interfaces__rosidl_typesupport_introspection_cppExport-debug.cmake
[2.850s] -- Up-to-date: /home/ubuntu/workspace/robotics_v1/install/robo_collector_interfaces/share/robo_collector_interfaces/cmake/robo_collector_interfaces__rosidl_typesupport_cppExport.cmake
[2.851s] -- Up-to-date: /home/ubuntu/workspace/robotics_v1/install/robo_collector_interfaces/share/robo_collector_interfaces/cmake/robo_collector_interfaces__rosidl_typesupport_cppExport-debug.cmake
[2.857s] Invoked command in '/home/ubuntu/workspace/robotics_v1/build/robo_collector_interfaces' returned '0': CMAKE_PREFIX_PATH=/opt/ros/foxy /usr/bin/cmake --install /home/ubuntu/workspace/robotics_v1/build/robo_collector_interfaces
