[0.067s] Invoking command in '/home/ubuntu/workspace/robotics_v1/build/robo_collector_interfaces': CMAKE_PREFIX_PATH=/opt/ros/foxy /usr/bin/cmake --build /home/ubuntu/workspace/robotics_v1/build/robo_collector_interfaces -- -j4 -l4
[0.476s] [  2%] Built target robo_collector_interfaces__cpp
[0.509s] [ 12%] Built target robo_collector_interfaces__rosidl_generator_c
[0.646s] [ 23%] Built target robo_collector_interfaces__rosidl_typesupport_introspection_cpp
[0.673s] [ 35%] Built target robo_collector_interfaces__rosidl_typesupport_cpp
[0.677s] [ 43%] Built target robo_collector_interfaces__rosidl_typesupport_fastrtps_cpp
[0.815s] [ 53%] Built target robo_collector_interfaces__rosidl_typesupport_introspection_c
[0.861s] [ 64%] Built target robo_collector_interfaces__rosidl_typesupport_c
[0.872s] [ 74%] Built target robo_collector_interfaces__rosidl_typesupport_fastrtps_c
[0.992s] [ 74%] Built target robo_collector_interfaces
[1.147s] [ 76%] Built target robo_collector_interfaces__py
[1.330s] [ 84%] Built target robo_collector_interfaces__python
[1.524s] [ 89%] Built target robo_collector_interfaces__rosidl_typesupport_c__pyext
[1.545s] [ 94%] Built target robo_collector_interfaces__rosidl_typesupport_introspection_c__pyext
[1.574s] [100%] Built target robo_collector_interfaces__rosidl_typesupport_fastrtps_c__pyext
[1.665s] Invoked command in '/home/ubuntu/workspace/robotics_v1/build/robo_collector_interfaces' returned '0': CMAKE_PREFIX_PATH=/opt/ros/foxy /usr/bin/cmake --build /home/ubuntu/workspace/robotics_v1/build/robo_collector_interfaces -- -j4 -l4
[2.066s] Invoking command in '/home/ubuntu/workspace/robotics_v1/build/robo_collector_interfaces': CMAKE_PREFIX_PATH=/opt/ros/foxy /usr/bin/cmake --install /home/ubuntu/workspace/robotics_v1/build/robo_collector_interfaces
[2.103s] -- Install configuration: "Debug"
[2.105s] -- Execute custom install script
[2.111s] -- Up-to-date symlink: /home/ubuntu/workspace/robotics_v1/install/robo_collector_interfaces/share/ament_index/resource_index/rosidl_interfaces/robo_collector_interfaces
[2.111s] -- Up-to-date symlink: /home/ubuntu/workspace/robotics_v1/install/robo_collector_interfaces/include/robo_collector_interfaces/msg/detail/robot_move_type__functions.h
[2.111s] -- Up-to-date symlink: /home/ubuntu/workspace/robotics_v1/install/robo_collector_interfaces/include/robo_collector_interfaces/msg/detail/robot_move_type__struct.h
[2.111s] -- Up-to-date symlink: /home/ubuntu/workspace/robotics_v1/install/robo_collector_interfaces/include/robo_collector_interfaces/msg/detail/robot_move_type__type_support.h
[2.111s] -- Up-to-date symlink: /home/ubuntu/workspace/robotics_v1/install/robo_collector_interfaces/include/robo_collector_interfaces/msg/detail/user_authenticate__functions.h
[2.112s] -- Up-to-date symlink: /home/ubuntu/workspace/robotics_v1/install/robo_collector_interfaces/include/robo_collector_interfaces/msg/detail/user_authenticate__struct.h
[2.112s] -- Up-to-date symlink: /home/ubuntu/workspace/robotics_v1/install/robo_collector_interfaces/include/robo_collector_interfaces/msg/detail/user_authenticate__type_support.h
[2.112s] -- Up-to-date symlink: /home/ubuntu/workspace/robotics_v1/install/robo_collector_interfaces/include/robo_collector_interfaces/msg/robot_move_type.h
[2.112s] -- Up-to-date symlink: /home/ubuntu/workspace/robotics_v1/install/robo_collector_interfaces/include/robo_collector_interfaces/msg/rosidl_generator_c__visibility_control.h
[2.113s] -- Up-to-date symlink: /home/ubuntu/workspace/robotics_v1/install/robo_collector_interfaces/include/robo_collector_interfaces/msg/user_authenticate.h
[2.113s] -- Up-to-date symlink: /home/ubuntu/workspace/robotics_v1/install/robo_collector_interfaces/share/robo_collector_interfaces/environment/library_path.sh
[2.113s] -- Up-to-date symlink: /home/ubuntu/workspace/robotics_v1/install/robo_collector_interfaces/share/robo_collector_interfaces/environment/library_path.dsv
[2.115s] -- Up-to-date symlink: /home/ubuntu/workspace/robotics_v1/install/robo_collector_interfaces/include/robo_collector_interfaces/msg/detail/robot_move_type__rosidl_typesupport_fastrtps_c.h
[2.115s] -- Up-to-date symlink: /home/ubuntu/workspace/robotics_v1/install/robo_collector_interfaces/include/robo_collector_interfaces/msg/detail/user_authenticate__rosidl_typesupport_fastrtps_c.h
[2.116s] -- Up-to-date symlink: /home/ubuntu/workspace/robotics_v1/install/robo_collector_interfaces/include/robo_collector_interfaces/msg/rosidl_typesupport_fastrtps_c__visibility_control.h
[2.117s] -- Up-to-date symlink: /home/ubuntu/workspace/robotics_v1/install/robo_collector_interfaces/lib/librobo_collector_interfaces__rosidl_typesupport_fastrtps_c.so
[2.119s] -- Up-to-date symlink: /home/ubuntu/workspace/robotics_v1/install/robo_collector_interfaces/include/robo_collector_interfaces/msg/detail/robot_move_type__rosidl_typesupport_fastrtps_cpp.hpp
[2.119s] -- Up-to-date symlink: /home/ubuntu/workspace/robotics_v1/install/robo_collector_interfaces/include/robo_collector_interfaces/msg/detail/user_authenticate__rosidl_typesupport_fastrtps_cpp.hpp
[2.120s] -- Up-to-date symlink: /home/ubuntu/workspace/robotics_v1/install/robo_collector_interfaces/include/robo_collector_interfaces/msg/rosidl_typesupport_fastrtps_cpp__visibility_control.h
[2.122s] -- Up-to-date symlink: /home/ubuntu/workspace/robotics_v1/install/robo_collector_interfaces/lib/librobo_collector_interfaces__rosidl_typesupport_fastrtps_cpp.so
[2.123s] -- Up-to-date symlink: /home/ubuntu/workspace/robotics_v1/install/robo_collector_interfaces/include/robo_collector_interfaces/msg/detail/robot_move_type__rosidl_typesupport_introspection_c.h
[2.123s] -- Up-to-date symlink: /home/ubuntu/workspace/robotics_v1/install/robo_collector_interfaces/include/robo_collector_interfaces/msg/detail/user_authenticate__rosidl_typesupport_introspection_c.h
[2.124s] -- Up-to-date symlink: /home/ubuntu/workspace/robotics_v1/install/robo_collector_interfaces/include/robo_collector_interfaces/msg/rosidl_typesupport_introspection_c__visibility_control.h
[2.126s] -- Up-to-date symlink: /home/ubuntu/workspace/robotics_v1/install/robo_collector_interfaces/include/robo_collector_interfaces/msg/detail/robot_move_type__builder.hpp
[2.126s] -- Up-to-date symlink: /home/ubuntu/workspace/robotics_v1/install/robo_collector_interfaces/include/robo_collector_interfaces/msg/detail/robot_move_type__struct.hpp
[2.126s] -- Up-to-date symlink: /home/ubuntu/workspace/robotics_v1/install/robo_collector_interfaces/include/robo_collector_interfaces/msg/detail/robot_move_type__traits.hpp
[2.127s] -- Up-to-date symlink: /home/ubuntu/workspace/robotics_v1/install/robo_collector_interfaces/include/robo_collector_interfaces/msg/detail/user_authenticate__builder.hpp
[2.127s] -- Up-to-date symlink: /home/ubuntu/workspace/robotics_v1/install/robo_collector_interfaces/include/robo_collector_interfaces/msg/detail/user_authenticate__struct.hpp
[2.127s] -- Up-to-date symlink: /home/ubuntu/workspace/robotics_v1/install/robo_collector_interfaces/include/robo_collector_interfaces/msg/detail/user_authenticate__traits.hpp
[2.128s] -- Up-to-date symlink: /home/ubuntu/workspace/robotics_v1/install/robo_collector_interfaces/include/robo_collector_interfaces/msg/robot_move_type.hpp
[2.128s] -- Up-to-date symlink: /home/ubuntu/workspace/robotics_v1/install/robo_collector_interfaces/include/robo_collector_interfaces/msg/user_authenticate.hpp
[2.131s] -- Up-to-date symlink: /home/ubuntu/workspace/robotics_v1/install/robo_collector_interfaces/include/robo_collector_interfaces/msg/detail/robot_move_type__rosidl_typesupport_introspection_cpp.hpp
[2.131s] -- Up-to-date symlink: /home/ubuntu/workspace/robotics_v1/install/robo_collector_interfaces/include/robo_collector_interfaces/msg/detail/user_authenticate__rosidl_typesupport_introspection_cpp.hpp
[2.131s] -- Up-to-date symlink: /home/ubuntu/workspace/robotics_v1/install/robo_collector_interfaces/share/robo_collector_interfaces/environment/pythonpath.sh
[2.132s] -- Up-to-date symlink: /home/ubuntu/workspace/robotics_v1/install/robo_collector_interfaces/share/robo_collector_interfaces/environment/pythonpath.dsv
[2.132s] -- Up-to-date symlink: /home/ubuntu/workspace/robotics_v1/install/robo_collector_interfaces/lib/python3.8/site-packages/robo_collector_interfaces/__init__.py
[2.133s] -- Up-to-date symlink: /home/ubuntu/workspace/robotics_v1/install/robo_collector_interfaces/lib/python3.8/site-packages/robo_collector_interfaces/msg/__init__.py
[2.133s] -- Up-to-date symlink: /home/ubuntu/workspace/robotics_v1/install/robo_collector_interfaces/lib/python3.8/site-packages/robo_collector_interfaces/msg/_robot_move_type.py
[2.134s] -- Up-to-date symlink: /home/ubuntu/workspace/robotics_v1/install/robo_collector_interfaces/lib/python3.8/site-packages/robo_collector_interfaces/msg/_user_authenticate.py
[2.142s] -- Up-to-date symlink: /home/ubuntu/workspace/robotics_v1/install/robo_collector_interfaces/lib/python3.8/site-packages/robo_collector_interfaces/robo_collector_interfaces_s__rosidl_typesupport_fastrtps_c.cpython-38-x86_64-linux-gnu.so
[2.143s] -- Up-to-date symlink: /home/ubuntu/workspace/robotics_v1/install/robo_collector_interfaces/lib/python3.8/site-packages/robo_collector_interfaces/robo_collector_interfaces_s__rosidl_typesupport_introspection_c.cpython-38-x86_64-linux-gnu.so
[2.143s] -- Up-to-date symlink: /home/ubuntu/workspace/robotics_v1/install/robo_collector_interfaces/lib/python3.8/site-packages/robo_collector_interfaces/robo_collector_interfaces_s__rosidl_typesupport_c.cpython-38-x86_64-linux-gnu.so
[2.144s] -- Up-to-date symlink: /home/ubuntu/workspace/robotics_v1/install/robo_collector_interfaces/lib/librobo_collector_interfaces__python.so
[2.144s] -- Up-to-date symlink: /home/ubuntu/workspace/robotics_v1/install/robo_collector_interfaces/share/robo_collector_interfaces/msg/RobotMoveType.idl
[2.144s] -- Up-to-date symlink: /home/ubuntu/workspace/robotics_v1/install/robo_collector_interfaces/share/robo_collector_interfaces/msg/UserAuthenticate.idl
[2.144s] -- Up-to-date symlink: /home/ubuntu/workspace/robotics_v1/install/robo_collector_interfaces/share/robo_collector_interfaces/msg/RobotMoveType.msg
[2.145s] -- Up-to-date symlink: /home/ubuntu/workspace/robotics_v1/install/robo_collector_interfaces/share/robo_collector_interfaces/msg/UserAuthenticate.msg
[2.145s] -- Up-to-date symlink: /home/ubuntu/workspace/robotics_v1/install/robo_collector_interfaces/share/ament_index/resource_index/package_run_dependencies/robo_collector_interfaces
[2.145s] -- Up-to-date symlink: /home/ubuntu/workspace/robotics_v1/install/robo_collector_interfaces/share/ament_index/resource_index/parent_prefix_path/robo_collector_interfaces
[2.146s] -- Up-to-date symlink: /home/ubuntu/workspace/robotics_v1/install/robo_collector_interfaces/share/robo_collector_interfaces/environment/ament_prefix_path.sh
[2.146s] -- Up-to-date symlink: /home/ubuntu/workspace/robotics_v1/install/robo_collector_interfaces/share/robo_collector_interfaces/environment/ament_prefix_path.dsv
[2.146s] -- Up-to-date symlink: /home/ubuntu/workspace/robotics_v1/install/robo_collector_interfaces/share/robo_collector_interfaces/environment/path.sh
[2.147s] -- Up-to-date symlink: /home/ubuntu/workspace/robotics_v1/install/robo_collector_interfaces/share/robo_collector_interfaces/environment/path.dsv
[2.147s] -- Up-to-date symlink: /home/ubuntu/workspace/robotics_v1/install/robo_collector_interfaces/share/robo_collector_interfaces/local_setup.bash
[2.147s] -- Up-to-date symlink: /home/ubuntu/workspace/robotics_v1/install/robo_collector_interfaces/share/robo_collector_interfaces/local_setup.sh
[2.148s] -- Up-to-date symlink: /home/ubuntu/workspace/robotics_v1/install/robo_collector_interfaces/share/robo_collector_interfaces/local_setup.zsh
[2.148s] -- Up-to-date symlink: /home/ubuntu/workspace/robotics_v1/install/robo_collector_interfaces/share/robo_collector_interfaces/local_setup.dsv
[2.148s] -- Symlinking: /home/ubuntu/workspace/robotics_v1/install/robo_collector_interfaces/share/robo_collector_interfaces/package.dsv
[2.185s] -- Up-to-date symlink: /home/ubuntu/workspace/robotics_v1/install/robo_collector_interfaces/share/ament_index/resource_index/packages/robo_collector_interfaces
[2.185s] -- Up-to-date symlink: /home/ubuntu/workspace/robotics_v1/install/robo_collector_interfaces/share/robo_collector_interfaces/cmake/rosidl_cmake-extras.cmake
[2.186s] -- Up-to-date symlink: /home/ubuntu/workspace/robotics_v1/install/robo_collector_interfaces/share/robo_collector_interfaces/cmake/ament_cmake_export_dependencies-extras.cmake
[2.186s] -- Up-to-date symlink: /home/ubuntu/workspace/robotics_v1/install/robo_collector_interfaces/share/robo_collector_interfaces/cmake/ament_cmake_export_libraries-extras.cmake
[2.186s] -- Up-to-date symlink: /home/ubuntu/workspace/robotics_v1/install/robo_collector_interfaces/share/robo_collector_interfaces/cmake/ament_cmake_export_targets-extras.cmake
[2.187s] -- Up-to-date symlink: /home/ubuntu/workspace/robotics_v1/install/robo_collector_interfaces/share/robo_collector_interfaces/cmake/ament_cmake_export_include_directories-extras.cmake
[2.187s] -- Up-to-date symlink: /home/ubuntu/workspace/robotics_v1/install/robo_collector_interfaces/share/robo_collector_interfaces/cmake/rosidl_cmake_export_typesupport_libraries-extras.cmake
[2.187s] -- Up-to-date symlink: /home/ubuntu/workspace/robotics_v1/install/robo_collector_interfaces/share/robo_collector_interfaces/cmake/rosidl_cmake_export_typesupport_targets-extras.cmake
[2.187s] -- Up-to-date symlink: /home/ubuntu/workspace/robotics_v1/install/robo_collector_interfaces/share/robo_collector_interfaces/cmake/robo_collector_interfacesConfig.cmake
[2.188s] -- Up-to-date symlink: /home/ubuntu/workspace/robotics_v1/install/robo_collector_interfaces/share/robo_collector_interfaces/cmake/robo_collector_interfacesConfig-version.cmake
[2.188s] -- Up-to-date symlink: /home/ubuntu/workspace/robotics_v1/install/robo_collector_interfaces/share/robo_collector_interfaces/package.xml
[2.190s] -- Up-to-date: /home/ubuntu/workspace/robotics_v1/install/robo_collector_interfaces/lib/librobo_collector_interfaces__rosidl_generator_c.so
[2.192s] -- Up-to-date: /home/ubuntu/workspace/robotics_v1/install/robo_collector_interfaces/lib/librobo_collector_interfaces__rosidl_typesupport_introspection_c.so
[2.194s] -- Up-to-date: /home/ubuntu/workspace/robotics_v1/install/robo_collector_interfaces/lib/librobo_collector_interfaces__rosidl_typesupport_c.so
[2.196s] -- Up-to-date: /home/ubuntu/workspace/robotics_v1/install/robo_collector_interfaces/lib/librobo_collector_interfaces__rosidl_typesupport_introspection_cpp.so
[2.198s] -- Up-to-date: /home/ubuntu/workspace/robotics_v1/install/robo_collector_interfaces/lib/librobo_collector_interfaces__rosidl_typesupport_cpp.so
[2.268s] -- Up-to-date: /home/ubuntu/workspace/robotics_v1/install/robo_collector_interfaces/share/robo_collector_interfaces/cmake/robo_collector_interfaces__rosidl_generator_cExport.cmake
[2.269s] -- Up-to-date: /home/ubuntu/workspace/robotics_v1/install/robo_collector_interfaces/share/robo_collector_interfaces/cmake/robo_collector_interfaces__rosidl_generator_cExport-debug.cmake
[2.269s] -- Up-to-date: /home/ubuntu/workspace/robotics_v1/install/robo_collector_interfaces/share/robo_collector_interfaces/cmake/robo_collector_interfaces__rosidl_typesupport_introspection_cExport.cmake
[2.270s] -- Up-to-date: /home/ubuntu/workspace/robotics_v1/install/robo_collector_interfaces/share/robo_collector_interfaces/cmake/robo_collector_interfaces__rosidl_typesupport_introspection_cExport-debug.cmake
[2.270s] -- Up-to-date: /home/ubuntu/workspace/robotics_v1/install/robo_collector_interfaces/share/robo_collector_interfaces/cmake/robo_collector_interfaces__rosidl_typesupport_cExport.cmake
[2.271s] -- Up-to-date: /home/ubuntu/workspace/robotics_v1/install/robo_collector_interfaces/share/robo_collector_interfaces/cmake/robo_collector_interfaces__rosidl_typesupport_cExport-debug.cmake
[2.272s] -- Up-to-date: /home/ubuntu/workspace/robotics_v1/install/robo_collector_interfaces/share/robo_collector_interfaces/cmake/robo_collector_interfaces__rosidl_generator_cppExport.cmake
[2.273s] -- Up-to-date: /home/ubuntu/workspace/robotics_v1/install/robo_collector_interfaces/share/robo_collector_interfaces/cmake/robo_collector_interfaces__rosidl_typesupport_introspection_cppExport.cmake
[2.273s] -- Up-to-date: /home/ubuntu/workspace/robotics_v1/install/robo_collector_interfaces/share/robo_collector_interfaces/cmake/robo_collector_interfaces__rosidl_typesupport_introspection_cppExport-debug.cmake
[2.274s] -- Up-to-date: /home/ubuntu/workspace/robotics_v1/install/robo_collector_interfaces/share/robo_collector_interfaces/cmake/robo_collector_interfaces__rosidl_typesupport_cppExport.cmake
[2.274s] -- Up-to-date: /home/ubuntu/workspace/robotics_v1/install/robo_collector_interfaces/share/robo_collector_interfaces/cmake/robo_collector_interfaces__rosidl_typesupport_cppExport-debug.cmake
[2.277s] Invoked command in '/home/ubuntu/workspace/robotics_v1/build/robo_collector_interfaces' returned '0': CMAKE_PREFIX_PATH=/opt/ros/foxy /usr/bin/cmake --install /home/ubuntu/workspace/robotics_v1/build/robo_collector_interfaces
