[0.000000] (-) TimerEvent: {}
[0.000402] (-) JobUnselected: {'identifier': 'cmake_helpers'}
[0.000465] (-) JobUnselected: {'identifier': 'game_engine'}
[0.000504] (-) JobUnselected: {'identifier': 'manager_utils'}
[0.000538] (-) JobUnselected: {'identifier': 'resource_builder'}
[0.000572] (-) JobUnselected: {'identifier': 'resource_utils'}
[0.000605] (-) JobUnselected: {'identifier': 'robo_cleaner_common'}
[0.000637] (-) JobUnselected: {'identifier': 'robo_cleaner_gui'}
[0.000669] (-) JobUnselected: {'identifier': 'robo_cleaner_interfaces'}
[0.000699] (-) JobUnselected: {'identifier': 'robo_collector_common'}
[0.000730] (-) JobUnselected: {'identifier': 'robo_collector_controller'}
[0.000761] (-) JobUnselected: {'identifier': 'robo_collector_gui'}
[0.000793] (-) JobUnselected: {'identifier': 'robo_collector_interfaces'}
[0.000823] (-) JobUnselected: {'identifier': 'robo_common'}
[0.000855] (-) JobUnselected: {'identifier': 'robo_miner_common'}
[0.000886] (-) JobUnselected: {'identifier': 'robo_miner_controller'}
[0.000947] (-) JobUnselected: {'identifier': 'robo_miner_gui'}
[0.000986] (-) JobUnselected: {'identifier': 'robo_miner_interfaces'}
[0.001018] (-) JobUnselected: {'identifier': 'ros2_game_engine'}
[0.001049] (-) JobUnselected: {'identifier': 'sdl_utils'}
[0.001082] (-) JobUnselected: {'identifier': 'ur_bringup'}
[0.001125] (-) JobUnselected: {'identifier': 'ur_client_library'}
[0.001157] (-) JobUnselected: {'identifier': 'ur_control_gui'}
[0.001197] (-) JobUnselected: {'identifier': 'ur_controllers'}
[0.001237] (-) JobUnselected: {'identifier': 'ur_dashboard_msgs'}
[0.001276] (-) JobUnselected: {'identifier': 'ur_description'}
[0.001315] (-) JobUnselected: {'identifier': 'ur_moveit_config'}
[0.001355] (-) JobUnselected: {'identifier': 'ur_robot_driver'}
[0.001395] (-) JobUnselected: {'identifier': 'urscript_bridge'}
[0.001434] (-) JobUnselected: {'identifier': 'urscript_common'}
[0.001472] (-) JobUnselected: {'identifier': 'urscript_interfaces'}
[0.001515] (-) JobUnselected: {'identifier': 'utils'}
[0.001556] (-) EventReactorShutdown: {}
