[0.102s] Invoking command in '/home/ubuntu/workspace/robotics_v1/build/manager_utils': CMAKE_PREFIX_PATH=/home/ubuntu/workspace/robotics_v1/install/sdl_utils:/home/ubuntu/workspace/robotics_v1/install/resource_utils:/home/ubuntu/workspace/robotics_v1/install/utils:/home/ubuntu/workspace/robotics_v1/install/cmake_helpers:/opt/ros/foxy PKG_CONFIG_PATH=/home/ubuntu/workspace/robotics_v1/install/sdl_utils/lib/x86_64-linux-gnu/pkgconfig:/home/ubuntu/workspace/robotics_v1/install/sdl_utils/lib/pkgconfig:/home/ubuntu/workspace/robotics_v1/install/resource_utils/lib/x86_64-linux-gnu/pkgconfig:/home/ubuntu/workspace/robotics_v1/install/resource_utils/lib/pkgconfig:/home/ubuntu/workspace/robotics_v1/install/utils/lib/x86_64-linux-gnu/pkgconfig:/home/ubuntu/workspace/robotics_v1/install/utils/lib/pkgconfig:/home/ubuntu/workspace/robotics_v1/install/cmake_helpers/lib/x86_64-linux-gnu/pkgconfig:/home/ubuntu/workspace/robotics_v1/install/cmake_helpers/lib/pkgconfig /usr/bin/cmake --build /home/ubuntu/workspace/robotics_v1/build/manager_utils -- -j4 -l4
[0.348s] [100%] Built target manager_utils
[0.475s] Invoked command in '/home/ubuntu/workspace/robotics_v1/build/manager_utils' returned '0': CMAKE_PREFIX_PATH=/home/ubuntu/workspace/robotics_v1/install/sdl_utils:/home/ubuntu/workspace/robotics_v1/install/resource_utils:/home/ubuntu/workspace/robotics_v1/install/utils:/home/ubuntu/workspace/robotics_v1/install/cmake_helpers:/opt/ros/foxy PKG_CONFIG_PATH=/home/ubuntu/workspace/robotics_v1/install/sdl_utils/lib/x86_64-linux-gnu/pkgconfig:/home/ubuntu/workspace/robotics_v1/install/sdl_utils/lib/pkgconfig:/home/ubuntu/workspace/robotics_v1/install/resource_utils/lib/x86_64-linux-gnu/pkgconfig:/home/ubuntu/workspace/robotics_v1/install/resource_utils/lib/pkgconfig:/home/ubuntu/workspace/robotics_v1/install/utils/lib/x86_64-linux-gnu/pkgconfig:/home/ubuntu/workspace/robotics_v1/install/utils/lib/pkgconfig:/home/ubuntu/workspace/robotics_v1/install/cmake_helpers/lib/x86_64-linux-gnu/pkgconfig:/home/ubuntu/workspace/robotics_v1/install/cmake_helpers/lib/pkgconfig /usr/bin/cmake --build /home/ubuntu/workspace/robotics_v1/build/manager_utils -- -j4 -l4
[1.175s] Invoking command in '/home/ubuntu/workspace/robotics_v1/build/manager_utils': CMAKE_PREFIX_PATH=/home/ubuntu/workspace/robotics_v1/install/sdl_utils:/home/ubuntu/workspace/robotics_v1/install/resource_utils:/home/ubuntu/workspace/robotics_v1/install/utils:/home/ubuntu/workspace/robotics_v1/install/cmake_helpers:/opt/ros/foxy PKG_CONFIG_PATH=/home/ubuntu/workspace/robotics_v1/install/sdl_utils/lib/x86_64-linux-gnu/pkgconfig:/home/ubuntu/workspace/robotics_v1/install/sdl_utils/lib/pkgconfig:/home/ubuntu/workspace/robotics_v1/install/resource_utils/lib/x86_64-linux-gnu/pkgconfig:/home/ubuntu/workspace/robotics_v1/install/resource_utils/lib/pkgconfig:/home/ubuntu/workspace/robotics_v1/install/utils/lib/x86_64-linux-gnu/pkgconfig:/home/ubuntu/workspace/robotics_v1/install/utils/lib/pkgconfig:/home/ubuntu/workspace/robotics_v1/install/cmake_helpers/lib/x86_64-linux-gnu/pkgconfig:/home/ubuntu/workspace/robotics_v1/install/cmake_helpers/lib/pkgconfig /usr/bin/cmake --install /home/ubuntu/workspace/robotics_v1/build/manager_utils
[1.244s] -- Install configuration: "Debug"
[1.244s] -- Up-to-date: /home/ubuntu/workspace/robotics_v1/install/manager_utils/share/manager_utils/package.xml
[1.244s] -- Up-to-date: /home/ubuntu/workspace/robotics_v1/install/manager_utils/lib/manager_utils/libmanager_utils.a
[1.244s] -- Installing: /home/ubuntu/workspace/robotics_v1/install/manager_utils/share/ament_index/resource_index/packages/manager_utils
[1.245s] -- Up-to-date: /home/ubuntu/workspace/robotics_v1/install/manager_utils/share/manager_utils/hook/ament_prefix_path.dsv
[1.245s] -- Up-to-date: /home/ubuntu/workspace/robotics_v1/install/manager_utils/share/manager_utils/hook/ros_package_path.dsv
[1.245s] -- Up-to-date: /home/ubuntu/workspace/robotics_v1/install/manager_utils/share/ament_index/resource_index/package_run_dependencies/manager_utils
[1.245s] -- Up-to-date: /home/ubuntu/workspace/robotics_v1/install/manager_utils/share/ament_index/resource_index/parent_prefix_path/manager_utils
[1.245s] -- Up-to-date: /home/ubuntu/workspace/robotics_v1/install/manager_utils/share/manager_utils/environment/ament_prefix_path.sh
[1.245s] -- Up-to-date: /home/ubuntu/workspace/robotics_v1/install/manager_utils/share/manager_utils/environment/ament_prefix_path.dsv
[1.245s] -- Up-to-date: /home/ubuntu/workspace/robotics_v1/install/manager_utils/share/manager_utils/environment/path.sh
[1.246s] -- Up-to-date: /home/ubuntu/workspace/robotics_v1/install/manager_utils/share/manager_utils/environment/path.dsv
[1.246s] -- Up-to-date: /home/ubuntu/workspace/robotics_v1/install/manager_utils/share/manager_utils/local_setup.bash
[1.246s] -- Up-to-date: /home/ubuntu/workspace/robotics_v1/install/manager_utils/share/manager_utils/local_setup.sh
[1.248s] -- Up-to-date: /home/ubuntu/workspace/robotics_v1/install/manager_utils/share/manager_utils/local_setup.zsh
[1.249s] -- Up-to-date: /home/ubuntu/workspace/robotics_v1/install/manager_utils/share/manager_utils/local_setup.dsv
[1.249s] -- Installing: /home/ubuntu/workspace/robotics_v1/install/manager_utils/share/manager_utils/package.dsv
[1.250s] -- Installing: /home/ubuntu/workspace/robotics_v1/install/manager_utils/share/ament_index/resource_index/packages/manager_utils
[1.250s] -- Up-to-date: /home/ubuntu/workspace/robotics_v1/install/manager_utils/share/manager_utils/cmake/manager_utilsConfig.cmake
[1.250s] -- Up-to-date: /home/ubuntu/workspace/robotics_v1/install/manager_utils/share/manager_utils/cmake/manager_utilsConfig-version.cmake
[1.250s] -- Up-to-date: /home/ubuntu/workspace/robotics_v1/install/manager_utils/share/manager_utils/package.xml
[1.250s] -- Up-to-date: /home/ubuntu/workspace/robotics_v1/install/manager_utils/lib/libmanager_utils.a
[1.251s] -- Up-to-date: /home/ubuntu/workspace/robotics_v1/install/manager_utils/include
[1.251s] -- Up-to-date: /home/ubuntu/workspace/robotics_v1/install/manager_utils/include/manager_utils
[1.251s] -- Up-to-date: /home/ubuntu/workspace/robotics_v1/install/manager_utils/include/manager_utils/time
[1.251s] -- Up-to-date: /home/ubuntu/workspace/robotics_v1/install/manager_utils/include/manager_utils/time/UserTimerClient.h
[1.251s] -- Up-to-date: /home/ubuntu/workspace/robotics_v1/install/manager_utils/include/manager_utils/time/defines
[1.251s] -- Up-to-date: /home/ubuntu/workspace/robotics_v1/install/manager_utils/include/manager_utils/time/defines/TimerClientDefines.h
[1.251s] -- Up-to-date: /home/ubuntu/workspace/robotics_v1/install/manager_utils/include/manager_utils/time/TimerClient.h
[1.252s] -- Up-to-date: /home/ubuntu/workspace/robotics_v1/install/manager_utils/include/manager_utils/time/TimerClientSpeedAdjustable.h
[1.252s] -- Up-to-date: /home/ubuntu/workspace/robotics_v1/install/manager_utils/include/manager_utils/drawing
[1.252s] -- Up-to-date: /home/ubuntu/workspace/robotics_v1/install/manager_utils/include/manager_utils/drawing/Sprite.h
[1.252s] -- Up-to-date: /home/ubuntu/workspace/robotics_v1/install/manager_utils/include/manager_utils/drawing/Fbo.h
[1.252s] -- Up-to-date: /home/ubuntu/workspace/robotics_v1/install/manager_utils/include/manager_utils/drawing/NumberCounter.h
[1.252s] -- Up-to-date: /home/ubuntu/workspace/robotics_v1/install/manager_utils/include/manager_utils/drawing/DynamicImage.h
[1.252s] -- Up-to-date: /home/ubuntu/workspace/robotics_v1/install/manager_utils/include/manager_utils/drawing/Text.h
[1.253s] -- Up-to-date: /home/ubuntu/workspace/robotics_v1/install/manager_utils/include/manager_utils/drawing/Image.h
[1.253s] -- Up-to-date: /home/ubuntu/workspace/robotics_v1/install/manager_utils/include/manager_utils/drawing/Widget.h
[1.253s] -- Up-to-date: /home/ubuntu/workspace/robotics_v1/install/manager_utils/include/manager_utils/drawing/animation
[1.253s] -- Up-to-date: /home/ubuntu/workspace/robotics_v1/install/manager_utils/include/manager_utils/drawing/animation/RotationAnimation.h
[1.253s] -- Up-to-date: /home/ubuntu/workspace/robotics_v1/install/manager_utils/include/manager_utils/drawing/animation/PulseAnimation.h
[1.254s] -- Up-to-date: /home/ubuntu/workspace/robotics_v1/install/manager_utils/include/manager_utils/drawing/animation/AnimationBase.h
[1.254s] -- Up-to-date: /home/ubuntu/workspace/robotics_v1/install/manager_utils/include/manager_utils/drawing/animation/FrameAnimation.h
[1.257s] -- Up-to-date: /home/ubuntu/workspace/robotics_v1/install/manager_utils/include/manager_utils/drawing/animation/defines
[1.258s] -- Up-to-date: /home/ubuntu/workspace/robotics_v1/install/manager_utils/include/manager_utils/drawing/animation/defines/AnimationDefines.h
[1.258s] -- Up-to-date: /home/ubuntu/workspace/robotics_v1/install/manager_utils/include/manager_utils/drawing/animation/defines/CommonAnimationStructs.h
[1.258s] -- Up-to-date: /home/ubuntu/workspace/robotics_v1/install/manager_utils/include/manager_utils/drawing/animation/PositionAnimation.h
[1.259s] -- Up-to-date: /home/ubuntu/workspace/robotics_v1/install/manager_utils/include/manager_utils/drawing/animation/AnimationEndCb.h
[1.259s] -- Up-to-date: /home/ubuntu/workspace/robotics_v1/install/manager_utils/include/manager_utils/managers
[1.260s] -- Up-to-date: /home/ubuntu/workspace/robotics_v1/install/manager_utils/include/manager_utils/managers/DrawMgr.h
[1.261s] -- Up-to-date: /home/ubuntu/workspace/robotics_v1/install/manager_utils/include/manager_utils/managers/SoundMgr.h
[1.262s] -- Up-to-date: /home/ubuntu/workspace/robotics_v1/install/manager_utils/include/manager_utils/managers/config
[1.263s] -- Up-to-date: /home/ubuntu/workspace/robotics_v1/install/manager_utils/include/manager_utils/managers/config/DrawMgrConfig.h
[1.268s] -- Up-to-date: /home/ubuntu/workspace/robotics_v1/install/manager_utils/include/manager_utils/managers/config/ManagerHandlerConfig.h
[1.269s] -- Up-to-date: /home/ubuntu/workspace/robotics_v1/install/manager_utils/include/manager_utils/managers/MgrBase.h
[1.269s] -- Up-to-date: /home/ubuntu/workspace/robotics_v1/install/manager_utils/include/manager_utils/managers/RsrcMgr.h
[1.274s] -- Up-to-date: /home/ubuntu/workspace/robotics_v1/install/manager_utils/include/manager_utils/managers/ManagerHandler.h
[1.280s] -- Up-to-date: /home/ubuntu/workspace/robotics_v1/install/manager_utils/include/manager_utils/managers/TimerMgr.h
[1.281s] -- Up-to-date: /home/ubuntu/workspace/robotics_v1/install/manager_utils/include/manager_utils/sound
[1.282s] -- Up-to-date: /home/ubuntu/workspace/robotics_v1/install/manager_utils/include/manager_utils/sound/SoundWidget.h
[1.283s] -- Up-to-date: /home/ubuntu/workspace/robotics_v1/install/manager_utils/include/manager_utils/sound/Music.h
[1.284s] -- Up-to-date: /home/ubuntu/workspace/robotics_v1/install/manager_utils/include/manager_utils/sound/Sound.h
[1.285s] -- Up-to-date: /home/ubuntu/workspace/robotics_v1/install/manager_utils/include/manager_utils/sound/SoundWidgetEndCb.h
[1.290s] -- Up-to-date: /home/ubuntu/workspace/robotics_v1/install/manager_utils/include/manager_utils/input
[1.292s] -- Up-to-date: /home/ubuntu/workspace/robotics_v1/install/manager_utils/include/manager_utils/input/Scroller.h
[1.293s] -- Up-to-date: /home/ubuntu/workspace/robotics_v1/install/manager_utils/include/manager_utils/input/ButtonBase.h
[1.294s] -- Up-to-date: /home/ubuntu/workspace/robotics_v1/install/manager_utils/lib/cmake/manager_utils/manager_utilsTargets.cmake
[1.295s] -- Up-to-date: /home/ubuntu/workspace/robotics_v1/install/manager_utils/lib/cmake/manager_utils/manager_utilsTargets-debug.cmake
[1.296s] -- Up-to-date: /home/ubuntu/workspace/robotics_v1/install/manager_utils/lib/cmake/manager_utils/manager_utilsConfig.cmake
[1.300s] Invoked command in '/home/ubuntu/workspace/robotics_v1/build/manager_utils' returned '0': CMAKE_PREFIX_PATH=/home/ubuntu/workspace/robotics_v1/install/sdl_utils:/home/ubuntu/workspace/robotics_v1/install/resource_utils:/home/ubuntu/workspace/robotics_v1/install/utils:/home/ubuntu/workspace/robotics_v1/install/cmake_helpers:/opt/ros/foxy PKG_CONFIG_PATH=/home/ubuntu/workspace/robotics_v1/install/sdl_utils/lib/x86_64-linux-gnu/pkgconfig:/home/ubuntu/workspace/robotics_v1/install/sdl_utils/lib/pkgconfig:/home/ubuntu/workspace/robotics_v1/install/resource_utils/lib/x86_64-linux-gnu/pkgconfig:/home/ubuntu/workspace/robotics_v1/install/resource_utils/lib/pkgconfig:/home/ubuntu/workspace/robotics_v1/install/utils/lib/x86_64-linux-gnu/pkgconfig:/home/ubuntu/workspace/robotics_v1/install/utils/lib/pkgconfig:/home/ubuntu/workspace/robotics_v1/install/cmake_helpers/lib/x86_64-linux-gnu/pkgconfig:/home/ubuntu/workspace/robotics_v1/install/cmake_helpers/lib/pkgconfig /usr/bin/cmake --install /home/ubuntu/workspace/robotics_v1/build/manager_utils
