[0.138s] Invoking command in '/home/ubuntu/workspace/robotics_v1/build/robo_common': CMAKE_PREFIX_PATH=/home/ubuntu/workspace/robotics_v1/install/manager_utils:/home/ubuntu/workspace/robotics_v1/install/sdl_utils:/home/ubuntu/workspace/robotics_v1/install/resource_utils:/home/ubuntu/workspace/robotics_v1/install/utils:/home/ubuntu/workspace/robotics_v1/install/cmake_helpers:/opt/ros/foxy PKG_CONFIG_PATH=/home/ubuntu/workspace/robotics_v1/install/manager_utils/lib/x86_64-linux-gnu/pkgconfig:/home/ubuntu/workspace/robotics_v1/install/manager_utils/lib/pkgconfig:/home/ubuntu/workspace/robotics_v1/install/sdl_utils/lib/x86_64-linux-gnu/pkgconfig:/home/ubuntu/workspace/robotics_v1/install/sdl_utils/lib/pkgconfig:/home/ubuntu/workspace/robotics_v1/install/resource_utils/lib/x86_64-linux-gnu/pkgconfig:/home/ubuntu/workspace/robotics_v1/install/resource_utils/lib/pkgconfig:/home/ubuntu/workspace/robotics_v1/install/utils/lib/x86_64-linux-gnu/pkgconfig:/home/ubuntu/workspace/robotics_v1/install/utils/lib/pkgconfig:/home/ubuntu/workspace/robotics_v1/install/cmake_helpers/lib/x86_64-linux-gnu/pkgconfig:/home/ubuntu/workspace/robotics_v1/install/cmake_helpers/lib/pkgconfig /usr/bin/cmake --build /home/ubuntu/workspace/robotics_v1/build/robo_common -- -j4 -l4
[0.418s] [100%] Built target robo_common
[0.457s] Invoked command in '/home/ubuntu/workspace/robotics_v1/build/robo_common' returned '0': CMAKE_PREFIX_PATH=/home/ubuntu/workspace/robotics_v1/install/manager_utils:/home/ubuntu/workspace/robotics_v1/install/sdl_utils:/home/ubuntu/workspace/robotics_v1/install/resource_utils:/home/ubuntu/workspace/robotics_v1/install/utils:/home/ubuntu/workspace/robotics_v1/install/cmake_helpers:/opt/ros/foxy PKG_CONFIG_PATH=/home/ubuntu/workspace/robotics_v1/install/manager_utils/lib/x86_64-linux-gnu/pkgconfig:/home/ubuntu/workspace/robotics_v1/install/manager_utils/lib/pkgconfig:/home/ubuntu/workspace/robotics_v1/install/sdl_utils/lib/x86_64-linux-gnu/pkgconfig:/home/ubuntu/workspace/robotics_v1/install/sdl_utils/lib/pkgconfig:/home/ubuntu/workspace/robotics_v1/install/resource_utils/lib/x86_64-linux-gnu/pkgconfig:/home/ubuntu/workspace/robotics_v1/install/resource_utils/lib/pkgconfig:/home/ubuntu/workspace/robotics_v1/install/utils/lib/x86_64-linux-gnu/pkgconfig:/home/ubuntu/workspace/robotics_v1/install/utils/lib/pkgconfig:/home/ubuntu/workspace/robotics_v1/install/cmake_helpers/lib/x86_64-linux-gnu/pkgconfig:/home/ubuntu/workspace/robotics_v1/install/cmake_helpers/lib/pkgconfig /usr/bin/cmake --build /home/ubuntu/workspace/robotics_v1/build/robo_common -- -j4 -l4
[1.296s] Invoking command in '/home/ubuntu/workspace/robotics_v1/build/robo_common': CMAKE_PREFIX_PATH=/home/ubuntu/workspace/robotics_v1/install/manager_utils:/home/ubuntu/workspace/robotics_v1/install/sdl_utils:/home/ubuntu/workspace/robotics_v1/install/resource_utils:/home/ubuntu/workspace/robotics_v1/install/utils:/home/ubuntu/workspace/robotics_v1/install/cmake_helpers:/opt/ros/foxy PKG_CONFIG_PATH=/home/ubuntu/workspace/robotics_v1/install/manager_utils/lib/x86_64-linux-gnu/pkgconfig:/home/ubuntu/workspace/robotics_v1/install/manager_utils/lib/pkgconfig:/home/ubuntu/workspace/robotics_v1/install/sdl_utils/lib/x86_64-linux-gnu/pkgconfig:/home/ubuntu/workspace/robotics_v1/install/sdl_utils/lib/pkgconfig:/home/ubuntu/workspace/robotics_v1/install/resource_utils/lib/x86_64-linux-gnu/pkgconfig:/home/ubuntu/workspace/robotics_v1/install/resource_utils/lib/pkgconfig:/home/ubuntu/workspace/robotics_v1/install/utils/lib/x86_64-linux-gnu/pkgconfig:/home/ubuntu/workspace/robotics_v1/install/utils/lib/pkgconfig:/home/ubuntu/workspace/robotics_v1/install/cmake_helpers/lib/x86_64-linux-gnu/pkgconfig:/home/ubuntu/workspace/robotics_v1/install/cmake_helpers/lib/pkgconfig /usr/bin/cmake --install /home/ubuntu/workspace/robotics_v1/build/robo_common
[1.390s] -- Install configuration: "Debug"
[1.390s] -- Up-to-date: /home/ubuntu/workspace/robotics_v1/install/robo_common/share/robo_common/package.xml
[1.391s] -- Up-to-date: /home/ubuntu/workspace/robotics_v1/install/robo_common/lib/robo_common/librobo_common.a
[1.392s] -- Installing: /home/ubuntu/workspace/robotics_v1/install/robo_common/share/ament_index/resource_index/packages/robo_common
[1.392s] -- Up-to-date: /home/ubuntu/workspace/robotics_v1/install/robo_common/share/robo_common/hook/ament_prefix_path.dsv
[1.393s] -- Up-to-date: /home/ubuntu/workspace/robotics_v1/install/robo_common/share/robo_common/hook/ros_package_path.dsv
[1.393s] -- Up-to-date: /home/ubuntu/workspace/robotics_v1/install/robo_common/share/ament_index/resource_index/package_run_dependencies/robo_common
[1.394s] -- Up-to-date: /home/ubuntu/workspace/robotics_v1/install/robo_common/share/ament_index/resource_index/parent_prefix_path/robo_common
[1.394s] -- Up-to-date: /home/ubuntu/workspace/robotics_v1/install/robo_common/share/robo_common/environment/ament_prefix_path.sh
[1.397s] -- Up-to-date: /home/ubuntu/workspace/robotics_v1/install/robo_common/share/robo_common/environment/ament_prefix_path.dsv
[1.426s] -- Up-to-date: /home/ubuntu/workspace/robotics_v1/install/robo_common/share/robo_common/environment/path.sh
[1.427s] -- Up-to-date: /home/ubuntu/workspace/robotics_v1/install/robo_common/share/robo_common/environment/path.dsv
[1.428s] -- Up-to-date: /home/ubuntu/workspace/robotics_v1/install/robo_common/share/robo_common/local_setup.bash
[1.428s] -- Up-to-date: /home/ubuntu/workspace/robotics_v1/install/robo_common/share/robo_common/local_setup.sh
[1.428s] -- Up-to-date: /home/ubuntu/workspace/robotics_v1/install/robo_common/share/robo_common/local_setup.zsh
[1.429s] -- Up-to-date: /home/ubuntu/workspace/robotics_v1/install/robo_common/share/robo_common/local_setup.dsv
[1.429s] -- Installing: /home/ubuntu/workspace/robotics_v1/install/robo_common/share/robo_common/package.dsv
[1.430s] -- Installing: /home/ubuntu/workspace/robotics_v1/install/robo_common/share/ament_index/resource_index/packages/robo_common
[1.430s] -- Up-to-date: /home/ubuntu/workspace/robotics_v1/install/robo_common/share/robo_common/cmake/robo_commonConfig.cmake
[1.431s] -- Up-to-date: /home/ubuntu/workspace/robotics_v1/install/robo_common/share/robo_common/cmake/robo_commonConfig-version.cmake
[1.431s] -- Up-to-date: /home/ubuntu/workspace/robotics_v1/install/robo_common/share/robo_common/package.xml
[1.431s] -- Up-to-date: /home/ubuntu/workspace/robotics_v1/install/robo_common/lib/librobo_common.a
[1.431s] -- Up-to-date: /home/ubuntu/workspace/robotics_v1/install/robo_common/include
[1.432s] -- Up-to-date: /home/ubuntu/workspace/robotics_v1/install/robo_common/include/robo_common
[1.432s] -- Up-to-date: /home/ubuntu/workspace/robotics_v1/install/robo_common/include/robo_common/helpers
[1.432s] -- Up-to-date: /home/ubuntu/workspace/robotics_v1/install/robo_common/include/robo_common/helpers/CollisionWatcher.h
[1.433s] -- Up-to-date: /home/ubuntu/workspace/robotics_v1/install/robo_common/include/robo_common/helpers/CollisionObject.h
[1.434s] -- Up-to-date: /home/ubuntu/workspace/robotics_v1/install/robo_common/include/robo_common/helpers/LevelFileLoader.h
[1.435s] -- Up-to-date: /home/ubuntu/workspace/robotics_v1/install/robo_common/include/robo_common/layout
[1.436s] -- Up-to-date: /home/ubuntu/workspace/robotics_v1/install/robo_common/include/robo_common/layout/helpers
[1.437s] -- Up-to-date: /home/ubuntu/workspace/robotics_v1/install/robo_common/include/robo_common/layout/helpers/RoboCommonLayoutInterfaces.h
[1.439s] -- Up-to-date: /home/ubuntu/workspace/robotics_v1/install/robo_common/include/robo_common/layout/helpers/RoboCommonLayoutInitHelper.h
[1.440s] -- Up-to-date: /home/ubuntu/workspace/robotics_v1/install/robo_common/include/robo_common/layout/panels
[1.440s] -- Up-to-date: /home/ubuntu/workspace/robotics_v1/install/robo_common/include/robo_common/layout/panels/NumberCounterPanel.h
[1.446s] -- Up-to-date: /home/ubuntu/workspace/robotics_v1/install/robo_common/include/robo_common/layout/panels/IndicatorPanel.h
[1.447s] -- Up-to-date: /home/ubuntu/workspace/robotics_v1/install/robo_common/include/robo_common/layout/panels/TimePanel.h
[1.447s] -- Up-to-date: /home/ubuntu/workspace/robotics_v1/install/robo_common/include/robo_common/layout/panels/config
[1.448s] -- Up-to-date: /home/ubuntu/workspace/robotics_v1/install/robo_common/include/robo_common/layout/panels/config/NumberCounterPanelConfig.h
[1.449s] -- Up-to-date: /home/ubuntu/workspace/robotics_v1/install/robo_common/include/robo_common/layout/panels/config/TimePanelConfig.h
[1.449s] -- Up-to-date: /home/ubuntu/workspace/robotics_v1/install/robo_common/include/robo_common/layout/panels/config/IndicatorPanelConfig.h
[1.449s] -- Up-to-date: /home/ubuntu/workspace/robotics_v1/install/robo_common/include/robo_common/layout/config
[1.450s] -- Up-to-date: /home/ubuntu/workspace/robotics_v1/install/robo_common/include/robo_common/layout/config/RoboCommonLayoutConfig.h
[1.450s] -- Up-to-date: /home/ubuntu/workspace/robotics_v1/install/robo_common/include/robo_common/layout/RoboCommonLayout.h
[1.451s] -- Up-to-date: /home/ubuntu/workspace/robotics_v1/install/robo_common/include/robo_common/layout/field
[1.452s] -- Up-to-date: /home/ubuntu/workspace/robotics_v1/install/robo_common/include/robo_common/layout/field/fog_of_war
[1.452s] -- Up-to-date: /home/ubuntu/workspace/robotics_v1/install/robo_common/include/robo_common/layout/field/fog_of_war/FogCollisionObject.h
[1.452s] -- Up-to-date: /home/ubuntu/workspace/robotics_v1/install/robo_common/include/robo_common/layout/field/fog_of_war/FogOfWar.h
[1.452s] -- Up-to-date: /home/ubuntu/workspace/robotics_v1/install/robo_common/include/robo_common/layout/field/Tile.h
[1.453s] -- Up-to-date: /home/ubuntu/workspace/robotics_v1/install/robo_common/include/robo_common/layout/field/config
[1.453s] -- Up-to-date: /home/ubuntu/workspace/robotics_v1/install/robo_common/include/robo_common/layout/field/config/TileConfig.h
[1.456s] -- Up-to-date: /home/ubuntu/workspace/robotics_v1/install/robo_common/include/robo_common/layout/field/config/FieldConfig.h
[1.458s] -- Up-to-date: /home/ubuntu/workspace/robotics_v1/install/robo_common/include/robo_common/layout/field/config/ObstacleHandlerConfig.h
[1.458s] -- Up-to-date: /home/ubuntu/workspace/robotics_v1/install/robo_common/include/robo_common/layout/field/config/FogOfWarConfig.h
[1.458s] -- Up-to-date: /home/ubuntu/workspace/robotics_v1/install/robo_common/include/robo_common/layout/field/ObjectApproachOverlay.h
[1.459s] -- Up-to-date: /home/ubuntu/workspace/robotics_v1/install/robo_common/include/robo_common/layout/field/obstacles
[1.460s] -- Up-to-date: /home/ubuntu/workspace/robotics_v1/install/robo_common/include/robo_common/layout/field/obstacles/ObstacleHandler.h
[1.460s] -- Up-to-date: /home/ubuntu/workspace/robotics_v1/install/robo_common/include/robo_common/layout/field/obstacles/Obstacle.h
[1.465s] -- Up-to-date: /home/ubuntu/workspace/robotics_v1/install/robo_common/include/robo_common/layout/field/Field.h
[1.466s] -- Up-to-date: /home/ubuntu/workspace/robotics_v1/install/robo_common/include/robo_common/layout/field/FieldPos.h
[1.467s] -- Up-to-date: /home/ubuntu/workspace/robotics_v1/install/robo_common/include/robo_common/layout/field/FieldUtils.h
[1.467s] -- Up-to-date: /home/ubuntu/workspace/robotics_v1/install/robo_common/include/robo_common/layout/entities
[1.468s] -- Up-to-date: /home/ubuntu/workspace/robotics_v1/install/robo_common/include/robo_common/layout/entities/robot
[1.468s] -- Up-to-date: /home/ubuntu/workspace/robotics_v1/install/robo_common/include/robo_common/layout/entities/robot/helpers
[1.469s] -- Up-to-date: /home/ubuntu/workspace/robotics_v1/install/robo_common/include/robo_common/layout/entities/robot/helpers/RobotInitHelper.h
[1.470s] -- Up-to-date: /home/ubuntu/workspace/robotics_v1/install/robo_common/include/robo_common/layout/entities/robot/helpers/RobotUtils.h
[1.470s] -- Up-to-date: /home/ubuntu/workspace/robotics_v1/install/robo_common/include/robo_common/layout/entities/robot/helpers/RobotActInterface.h
[1.471s] -- Up-to-date: /home/ubuntu/workspace/robotics_v1/install/robo_common/include/robo_common/layout/entities/robot/Robot.h
[1.472s] -- Up-to-date: /home/ubuntu/workspace/robotics_v1/install/robo_common/include/robo_common/layout/entities/robot/config
[1.472s] -- Up-to-date: /home/ubuntu/workspace/robotics_v1/install/robo_common/include/robo_common/layout/entities/robot/config/RobotBaseConfig.h
[1.473s] -- Up-to-date: /home/ubuntu/workspace/robotics_v1/install/robo_common/include/robo_common/layout/entities/robot/animation
[1.473s] -- Up-to-date: /home/ubuntu/workspace/robotics_v1/install/robo_common/include/robo_common/layout/entities/robot/animation/PlayerDamageAnimEndCb.h
[1.474s] -- Up-to-date: /home/ubuntu/workspace/robotics_v1/install/robo_common/include/robo_common/layout/entities/robot/animation/RobotAnimator.h
[1.474s] -- Up-to-date: /home/ubuntu/workspace/robotics_v1/install/robo_common/include/robo_common/layout/entities/robot/animation/RobotAnimEndCb.h
[1.474s] -- Up-to-date: /home/ubuntu/workspace/robotics_v1/install/robo_common/include/robo_common/layout/debug
[1.475s] -- Up-to-date: /home/ubuntu/workspace/robotics_v1/install/robo_common/include/robo_common/layout/debug/config
[1.475s] -- Up-to-date: /home/ubuntu/workspace/robotics_v1/install/robo_common/include/robo_common/layout/debug/config/DebugFieldConfig.h
[1.476s] -- Up-to-date: /home/ubuntu/workspace/robotics_v1/install/robo_common/include/robo_common/layout/debug/DebugField.h
[1.476s] -- Up-to-date: /home/ubuntu/workspace/robotics_v1/install/robo_common/include/robo_common/layout/animators
[1.482s] -- Up-to-date: /home/ubuntu/workspace/robotics_v1/install/robo_common/include/robo_common/layout/animators/EndScreenAppearAnimator.h
[1.483s] -- Up-to-date: /home/ubuntu/workspace/robotics_v1/install/robo_common/include/robo_common/layout/animators/config
[1.489s] -- Up-to-date: /home/ubuntu/workspace/robotics_v1/install/robo_common/include/robo_common/layout/animators/config/AchievementAnimatorConfig.h
[1.490s] -- Up-to-date: /home/ubuntu/workspace/robotics_v1/install/robo_common/include/robo_common/layout/animators/config/GameEndAnimatorConfig.h
[1.490s] -- Up-to-date: /home/ubuntu/workspace/robotics_v1/install/robo_common/include/robo_common/layout/animators/config/HelpPageAnimatorConfig.h
[1.490s] -- Up-to-date: /home/ubuntu/workspace/robotics_v1/install/robo_common/include/robo_common/layout/animators/GameEndAnimator.h
[1.491s] -- Up-to-date: /home/ubuntu/workspace/robotics_v1/install/robo_common/include/robo_common/layout/animators/HelpPageAnimator.h
[1.491s] -- Up-to-date: /home/ubuntu/workspace/robotics_v1/install/robo_common/include/robo_common/layout/animators/CountdownAnimator.h
[1.492s] -- Up-to-date: /home/ubuntu/workspace/robotics_v1/install/robo_common/include/robo_common/layout/animators/AchievementAnimator.h
[1.492s] -- Up-to-date: /home/ubuntu/workspace/robotics_v1/install/robo_common/include/robo_common/defines
[1.492s] -- Up-to-date: /home/ubuntu/workspace/robotics_v1/install/robo_common/include/robo_common/defines/RoboCommonFunctionalDefines.h
[1.493s] -- Up-to-date: /home/ubuntu/workspace/robotics_v1/install/robo_common/include/robo_common/defines/RoboCommonDefines.h
[1.493s] -- Up-to-date: /home/ubuntu/workspace/robotics_v1/install/robo_common/lib/cmake/robo_common/robo_commonTargets.cmake
[1.495s] -- Up-to-date: /home/ubuntu/workspace/robotics_v1/install/robo_common/lib/cmake/robo_common/robo_commonTargets-debug.cmake
[1.495s] -- Up-to-date: /home/ubuntu/workspace/robotics_v1/install/robo_common/lib/cmake/robo_common/robo_commonConfig.cmake
[1.529s] Invoked command in '/home/ubuntu/workspace/robotics_v1/build/robo_common' returned '0': CMAKE_PREFIX_PATH=/home/ubuntu/workspace/robotics_v1/install/manager_utils:/home/ubuntu/workspace/robotics_v1/install/sdl_utils:/home/ubuntu/workspace/robotics_v1/install/resource_utils:/home/ubuntu/workspace/robotics_v1/install/utils:/home/ubuntu/workspace/robotics_v1/install/cmake_helpers:/opt/ros/foxy PKG_CONFIG_PATH=/home/ubuntu/workspace/robotics_v1/install/manager_utils/lib/x86_64-linux-gnu/pkgconfig:/home/ubuntu/workspace/robotics_v1/install/manager_utils/lib/pkgconfig:/home/ubuntu/workspace/robotics_v1/install/sdl_utils/lib/x86_64-linux-gnu/pkgconfig:/home/ubuntu/workspace/robotics_v1/install/sdl_utils/lib/pkgconfig:/home/ubuntu/workspace/robotics_v1/install/resource_utils/lib/x86_64-linux-gnu/pkgconfig:/home/ubuntu/workspace/robotics_v1/install/resource_utils/lib/pkgconfig:/home/ubuntu/workspace/robotics_v1/install/utils/lib/x86_64-linux-gnu/pkgconfig:/home/ubuntu/workspace/robotics_v1/install/utils/lib/pkgconfig:/home/ubuntu/workspace/robotics_v1/install/cmake_helpers/lib/x86_64-linux-gnu/pkgconfig:/home/ubuntu/workspace/robotics_v1/install/cmake_helpers/lib/pkgconfig /usr/bin/cmake --install /home/ubuntu/workspace/robotics_v1/build/robo_common
