[0.129s] Invoking command in '/home/ubuntu/workspace/robotics_v1/build/robo_common': CMAKE_PREFIX_PATH=/home/ubuntu/workspace/robotics_v1/install/manager_utils:/home/ubuntu/workspace/robotics_v1/install/sdl_utils:/home/ubuntu/workspace/robotics_v1/install/resource_utils:/home/ubuntu/workspace/robotics_v1/install/utils:/home/ubuntu/workspace/robotics_v1/install/cmake_helpers:/opt/ros/foxy PKG_CONFIG_PATH=/home/ubuntu/workspace/robotics_v1/install/manager_utils/lib/x86_64-linux-gnu/pkgconfig:/home/ubuntu/workspace/robotics_v1/install/manager_utils/lib/pkgconfig:/home/ubuntu/workspace/robotics_v1/install/sdl_utils/lib/x86_64-linux-gnu/pkgconfig:/home/ubuntu/workspace/robotics_v1/install/sdl_utils/lib/pkgconfig:/home/ubuntu/workspace/robotics_v1/install/resource_utils/lib/x86_64-linux-gnu/pkgconfig:/home/ubuntu/workspace/robotics_v1/install/resource_utils/lib/pkgconfig:/home/ubuntu/workspace/robotics_v1/install/utils/lib/x86_64-linux-gnu/pkgconfig:/home/ubuntu/workspace/robotics_v1/install/utils/lib/pkgconfig:/home/ubuntu/workspace/robotics_v1/install/cmake_helpers/lib/x86_64-linux-gnu/pkgconfig:/home/ubuntu/workspace/robotics_v1/install/cmake_helpers/lib/pkgconfig /usr/bin/cmake --build /home/ubuntu/workspace/robotics_v1/build/robo_common -- -j4 -l4
[0.541s] [100%] Built target robo_common
[0.594s] Invoked command in '/home/ubuntu/workspace/robotics_v1/build/robo_common' returned '0': CMAKE_PREFIX_PATH=/home/ubuntu/workspace/robotics_v1/install/manager_utils:/home/ubuntu/workspace/robotics_v1/install/sdl_utils:/home/ubuntu/workspace/robotics_v1/install/resource_utils:/home/ubuntu/workspace/robotics_v1/install/utils:/home/ubuntu/workspace/robotics_v1/install/cmake_helpers:/opt/ros/foxy PKG_CONFIG_PATH=/home/ubuntu/workspace/robotics_v1/install/manager_utils/lib/x86_64-linux-gnu/pkgconfig:/home/ubuntu/workspace/robotics_v1/install/manager_utils/lib/pkgconfig:/home/ubuntu/workspace/robotics_v1/install/sdl_utils/lib/x86_64-linux-gnu/pkgconfig:/home/ubuntu/workspace/robotics_v1/install/sdl_utils/lib/pkgconfig:/home/ubuntu/workspace/robotics_v1/install/resource_utils/lib/x86_64-linux-gnu/pkgconfig:/home/ubuntu/workspace/robotics_v1/install/resource_utils/lib/pkgconfig:/home/ubuntu/workspace/robotics_v1/install/utils/lib/x86_64-linux-gnu/pkgconfig:/home/ubuntu/workspace/robotics_v1/install/utils/lib/pkgconfig:/home/ubuntu/workspace/robotics_v1/install/cmake_helpers/lib/x86_64-linux-gnu/pkgconfig:/home/ubuntu/workspace/robotics_v1/install/cmake_helpers/lib/pkgconfig /usr/bin/cmake --build /home/ubuntu/workspace/robotics_v1/build/robo_common -- -j4 -l4
[1.104s] Invoking command in '/home/ubuntu/workspace/robotics_v1/build/robo_common': CMAKE_PREFIX_PATH=/home/ubuntu/workspace/robotics_v1/install/manager_utils:/home/ubuntu/workspace/robotics_v1/install/sdl_utils:/home/ubuntu/workspace/robotics_v1/install/resource_utils:/home/ubuntu/workspace/robotics_v1/install/utils:/home/ubuntu/workspace/robotics_v1/install/cmake_helpers:/opt/ros/foxy PKG_CONFIG_PATH=/home/ubuntu/workspace/robotics_v1/install/manager_utils/lib/x86_64-linux-gnu/pkgconfig:/home/ubuntu/workspace/robotics_v1/install/manager_utils/lib/pkgconfig:/home/ubuntu/workspace/robotics_v1/install/sdl_utils/lib/x86_64-linux-gnu/pkgconfig:/home/ubuntu/workspace/robotics_v1/install/sdl_utils/lib/pkgconfig:/home/ubuntu/workspace/robotics_v1/install/resource_utils/lib/x86_64-linux-gnu/pkgconfig:/home/ubuntu/workspace/robotics_v1/install/resource_utils/lib/pkgconfig:/home/ubuntu/workspace/robotics_v1/install/utils/lib/x86_64-linux-gnu/pkgconfig:/home/ubuntu/workspace/robotics_v1/install/utils/lib/pkgconfig:/home/ubuntu/workspace/robotics_v1/install/cmake_helpers/lib/x86_64-linux-gnu/pkgconfig:/home/ubuntu/workspace/robotics_v1/install/cmake_helpers/lib/pkgconfig /usr/bin/cmake --install /home/ubuntu/workspace/robotics_v1/build/robo_common
[1.154s] -- Install configuration: "Debug"
[1.155s] -- Up-to-date: /home/ubuntu/workspace/robotics_v1/install/robo_common/share/robo_common/package.xml
[1.155s] -- Up-to-date: /home/ubuntu/workspace/robotics_v1/install/robo_common/lib/robo_common/librobo_common.a
[1.157s] -- Installing: /home/ubuntu/workspace/robotics_v1/install/robo_common/share/ament_index/resource_index/packages/robo_common
[1.158s] -- Up-to-date: /home/ubuntu/workspace/robotics_v1/install/robo_common/share/robo_common/hook/ament_prefix_path.dsv
[1.159s] -- Up-to-date: /home/ubuntu/workspace/robotics_v1/install/robo_common/share/robo_common/hook/ros_package_path.dsv
[1.160s] -- Up-to-date: /home/ubuntu/workspace/robotics_v1/install/robo_common/share/ament_index/resource_index/package_run_dependencies/robo_common
[1.161s] -- Up-to-date: /home/ubuntu/workspace/robotics_v1/install/robo_common/share/ament_index/resource_index/parent_prefix_path/robo_common
[1.162s] -- Up-to-date: /home/ubuntu/workspace/robotics_v1/install/robo_common/share/robo_common/environment/ament_prefix_path.sh
[1.162s] -- Up-to-date: /home/ubuntu/workspace/robotics_v1/install/robo_common/share/robo_common/environment/ament_prefix_path.dsv
[1.162s] -- Up-to-date: /home/ubuntu/workspace/robotics_v1/install/robo_common/share/robo_common/environment/path.sh
[1.178s] -- Up-to-date: /home/ubuntu/workspace/robotics_v1/install/robo_common/share/robo_common/environment/path.dsv
[1.179s] -- Up-to-date: /home/ubuntu/workspace/robotics_v1/install/robo_common/share/robo_common/local_setup.bash
[1.180s] -- Up-to-date: /home/ubuntu/workspace/robotics_v1/install/robo_common/share/robo_common/local_setup.sh
[1.183s] -- Up-to-date: /home/ubuntu/workspace/robotics_v1/install/robo_common/share/robo_common/local_setup.zsh
[1.189s] -- Up-to-date: /home/ubuntu/workspace/robotics_v1/install/robo_common/share/robo_common/local_setup.dsv
[1.193s] -- Installing: /home/ubuntu/workspace/robotics_v1/install/robo_common/share/robo_common/package.dsv
[1.194s] -- Installing: /home/ubuntu/workspace/robotics_v1/install/robo_common/share/ament_index/resource_index/packages/robo_common
[1.195s] -- Up-to-date: /home/ubuntu/workspace/robotics_v1/install/robo_common/share/robo_common/cmake/robo_commonConfig.cmake
[1.195s] -- Up-to-date: /home/ubuntu/workspace/robotics_v1/install/robo_common/share/robo_common/cmake/robo_commonConfig-version.cmake
[1.196s] -- Up-to-date: /home/ubuntu/workspace/robotics_v1/install/robo_common/share/robo_common/package.xml
[1.198s] -- Up-to-date: /home/ubuntu/workspace/robotics_v1/install/robo_common/lib/librobo_common.a
[1.198s] -- Up-to-date: /home/ubuntu/workspace/robotics_v1/install/robo_common/include
[1.199s] -- Up-to-date: /home/ubuntu/workspace/robotics_v1/install/robo_common/include/robo_common
[1.199s] -- Up-to-date: /home/ubuntu/workspace/robotics_v1/install/robo_common/include/robo_common/helpers
[1.202s] -- Up-to-date: /home/ubuntu/workspace/robotics_v1/install/robo_common/include/robo_common/helpers/CollisionWatcher.h
[1.202s] -- Up-to-date: /home/ubuntu/workspace/robotics_v1/install/robo_common/include/robo_common/helpers/CollisionObject.h
[1.212s] -- Up-to-date: /home/ubuntu/workspace/robotics_v1/install/robo_common/include/robo_common/helpers/LevelFileLoader.h
[1.212s] -- Up-to-date: /home/ubuntu/workspace/robotics_v1/install/robo_common/include/robo_common/layout
[1.220s] -- Up-to-date: /home/ubuntu/workspace/robotics_v1/install/robo_common/include/robo_common/layout/helpers
[1.227s] -- Up-to-date: /home/ubuntu/workspace/robotics_v1/install/robo_common/include/robo_common/layout/helpers/RoboCommonLayoutInterfaces.h
[1.228s] -- Up-to-date: /home/ubuntu/workspace/robotics_v1/install/robo_common/include/robo_common/layout/helpers/RoboCommonLayoutInitHelper.h
[1.229s] -- Up-to-date: /home/ubuntu/workspace/robotics_v1/install/robo_common/include/robo_common/layout/panels
[1.229s] -- Up-to-date: /home/ubuntu/workspace/robotics_v1/install/robo_common/include/robo_common/layout/panels/NumberCounterPanel.h
[1.229s] -- Up-to-date: /home/ubuntu/workspace/robotics_v1/install/robo_common/include/robo_common/layout/panels/IndicatorPanel.h
[1.230s] -- Up-to-date: /home/ubuntu/workspace/robotics_v1/install/robo_common/include/robo_common/layout/panels/TimePanel.h
[1.230s] -- Up-to-date: /home/ubuntu/workspace/robotics_v1/install/robo_common/include/robo_common/layout/panels/config
[1.230s] -- Up-to-date: /home/ubuntu/workspace/robotics_v1/install/robo_common/include/robo_common/layout/panels/config/NumberCounterPanelConfig.h
[1.231s] -- Up-to-date: /home/ubuntu/workspace/robotics_v1/install/robo_common/include/robo_common/layout/panels/config/TimePanelConfig.h
[1.231s] -- Up-to-date: /home/ubuntu/workspace/robotics_v1/install/robo_common/include/robo_common/layout/panels/config/IndicatorPanelConfig.h
[1.231s] -- Up-to-date: /home/ubuntu/workspace/robotics_v1/install/robo_common/include/robo_common/layout/config
[1.232s] -- Up-to-date: /home/ubuntu/workspace/robotics_v1/install/robo_common/include/robo_common/layout/config/RoboCommonLayoutConfig.h
[1.232s] -- Up-to-date: /home/ubuntu/workspace/robotics_v1/install/robo_common/include/robo_common/layout/RoboCommonLayout.h
[1.233s] -- Up-to-date: /home/ubuntu/workspace/robotics_v1/install/robo_common/include/robo_common/layout/field
[1.233s] -- Up-to-date: /home/ubuntu/workspace/robotics_v1/install/robo_common/include/robo_common/layout/field/fog_of_war
[1.234s] -- Up-to-date: /home/ubuntu/workspace/robotics_v1/install/robo_common/include/robo_common/layout/field/fog_of_war/FogCollisionObject.h
[1.235s] -- Up-to-date: /home/ubuntu/workspace/robotics_v1/install/robo_common/include/robo_common/layout/field/fog_of_war/FogOfWar.h
[1.236s] -- Up-to-date: /home/ubuntu/workspace/robotics_v1/install/robo_common/include/robo_common/layout/field/Tile.h
[1.237s] -- Up-to-date: /home/ubuntu/workspace/robotics_v1/install/robo_common/include/robo_common/layout/field/config
[1.237s] -- Up-to-date: /home/ubuntu/workspace/robotics_v1/install/robo_common/include/robo_common/layout/field/config/TileConfig.h
[1.238s] -- Up-to-date: /home/ubuntu/workspace/robotics_v1/install/robo_common/include/robo_common/layout/field/config/FieldConfig.h
[1.240s] -- Up-to-date: /home/ubuntu/workspace/robotics_v1/install/robo_common/include/robo_common/layout/field/config/ObstacleHandlerConfig.h
[1.242s] -- Up-to-date: /home/ubuntu/workspace/robotics_v1/install/robo_common/include/robo_common/layout/field/config/FogOfWarConfig.h
[1.253s] -- Up-to-date: /home/ubuntu/workspace/robotics_v1/install/robo_common/include/robo_common/layout/field/ObjectApproachOverlay.h
[1.258s] -- Up-to-date: /home/ubuntu/workspace/robotics_v1/install/robo_common/include/robo_common/layout/field/obstacles
[1.258s] -- Up-to-date: /home/ubuntu/workspace/robotics_v1/install/robo_common/include/robo_common/layout/field/obstacles/ObstacleHandler.h
[1.260s] -- Up-to-date: /home/ubuntu/workspace/robotics_v1/install/robo_common/include/robo_common/layout/field/obstacles/Obstacle.h
[1.261s] -- Up-to-date: /home/ubuntu/workspace/robotics_v1/install/robo_common/include/robo_common/layout/field/Field.h
[1.261s] -- Up-to-date: /home/ubuntu/workspace/robotics_v1/install/robo_common/include/robo_common/layout/field/FieldPos.h
[1.262s] -- Up-to-date: /home/ubuntu/workspace/robotics_v1/install/robo_common/include/robo_common/layout/field/FieldUtils.h
[1.262s] -- Up-to-date: /home/ubuntu/workspace/robotics_v1/install/robo_common/include/robo_common/layout/entities
[1.263s] -- Up-to-date: /home/ubuntu/workspace/robotics_v1/install/robo_common/include/robo_common/layout/entities/robot
[1.265s] -- Up-to-date: /home/ubuntu/workspace/robotics_v1/install/robo_common/include/robo_common/layout/entities/robot/helpers
[1.265s] -- Up-to-date: /home/ubuntu/workspace/robotics_v1/install/robo_common/include/robo_common/layout/entities/robot/helpers/RobotInitHelper.h
[1.266s] -- Up-to-date: /home/ubuntu/workspace/robotics_v1/install/robo_common/include/robo_common/layout/entities/robot/helpers/RobotUtils.h
[1.266s] -- Up-to-date: /home/ubuntu/workspace/robotics_v1/install/robo_common/include/robo_common/layout/entities/robot/helpers/RobotActInterface.h
[1.267s] -- Up-to-date: /home/ubuntu/workspace/robotics_v1/install/robo_common/include/robo_common/layout/entities/robot/Robot.h
[1.270s] -- Up-to-date: /home/ubuntu/workspace/robotics_v1/install/robo_common/include/robo_common/layout/entities/robot/config
[1.271s] -- Up-to-date: /home/ubuntu/workspace/robotics_v1/install/robo_common/include/robo_common/layout/entities/robot/config/RobotBaseConfig.h
[1.272s] -- Up-to-date: /home/ubuntu/workspace/robotics_v1/install/robo_common/include/robo_common/layout/entities/robot/animation
[1.272s] -- Up-to-date: /home/ubuntu/workspace/robotics_v1/install/robo_common/include/robo_common/layout/entities/robot/animation/PlayerDamageAnimEndCb.h
[1.272s] -- Up-to-date: /home/ubuntu/workspace/robotics_v1/install/robo_common/include/robo_common/layout/entities/robot/animation/RobotAnimator.h
[1.273s] -- Up-to-date: /home/ubuntu/workspace/robotics_v1/install/robo_common/include/robo_common/layout/entities/robot/animation/RobotAnimEndCb.h
[1.273s] -- Up-to-date: /home/ubuntu/workspace/robotics_v1/install/robo_common/include/robo_common/layout/debug
[1.273s] -- Up-to-date: /home/ubuntu/workspace/robotics_v1/install/robo_common/include/robo_common/layout/debug/config
[1.274s] -- Up-to-date: /home/ubuntu/workspace/robotics_v1/install/robo_common/include/robo_common/layout/debug/config/DebugFieldConfig.h
[1.274s] -- Up-to-date: /home/ubuntu/workspace/robotics_v1/install/robo_common/include/robo_common/layout/debug/DebugField.h
[1.274s] -- Up-to-date: /home/ubuntu/workspace/robotics_v1/install/robo_common/include/robo_common/layout/animators
[1.275s] -- Up-to-date: /home/ubuntu/workspace/robotics_v1/install/robo_common/include/robo_common/layout/animators/EndScreenAppearAnimator.h
[1.275s] -- Up-to-date: /home/ubuntu/workspace/robotics_v1/install/robo_common/include/robo_common/layout/animators/config
[1.297s] -- Up-to-date: /home/ubuntu/workspace/robotics_v1/install/robo_common/include/robo_common/layout/animators/config/AchievementAnimatorConfig.h
[1.300s] -- Up-to-date: /home/ubuntu/workspace/robotics_v1/install/robo_common/include/robo_common/layout/animators/config/GameEndAnimatorConfig.h
[1.300s] -- Up-to-date: /home/ubuntu/workspace/robotics_v1/install/robo_common/include/robo_common/layout/animators/config/HelpPageAnimatorConfig.h
[1.301s] -- Up-to-date: /home/ubuntu/workspace/robotics_v1/install/robo_common/include/robo_common/layout/animators/GameEndAnimator.h
[1.301s] -- Up-to-date: /home/ubuntu/workspace/robotics_v1/install/robo_common/include/robo_common/layout/animators/HelpPageAnimator.h
[1.301s] -- Up-to-date: /home/ubuntu/workspace/robotics_v1/install/robo_common/include/robo_common/layout/animators/CountdownAnimator.h
[1.302s] -- Up-to-date: /home/ubuntu/workspace/robotics_v1/install/robo_common/include/robo_common/layout/animators/AchievementAnimator.h
[1.302s] -- Up-to-date: /home/ubuntu/workspace/robotics_v1/install/robo_common/include/robo_common/defines
[1.304s] -- Up-to-date: /home/ubuntu/workspace/robotics_v1/install/robo_common/include/robo_common/defines/RoboCommonFunctionalDefines.h
[1.305s] -- Up-to-date: /home/ubuntu/workspace/robotics_v1/install/robo_common/include/robo_common/defines/RoboCommonDefines.h
[1.313s] -- Up-to-date: /home/ubuntu/workspace/robotics_v1/install/robo_common/lib/cmake/robo_common/robo_commonTargets.cmake
[1.313s] -- Up-to-date: /home/ubuntu/workspace/robotics_v1/install/robo_common/lib/cmake/robo_common/robo_commonTargets-debug.cmake
[1.313s] -- Up-to-date: /home/ubuntu/workspace/robotics_v1/install/robo_common/lib/cmake/robo_common/robo_commonConfig.cmake
[1.430s] Invoked command in '/home/ubuntu/workspace/robotics_v1/build/robo_common' returned '0': CMAKE_PREFIX_PATH=/home/ubuntu/workspace/robotics_v1/install/manager_utils:/home/ubuntu/workspace/robotics_v1/install/sdl_utils:/home/ubuntu/workspace/robotics_v1/install/resource_utils:/home/ubuntu/workspace/robotics_v1/install/utils:/home/ubuntu/workspace/robotics_v1/install/cmake_helpers:/opt/ros/foxy PKG_CONFIG_PATH=/home/ubuntu/workspace/robotics_v1/install/manager_utils/lib/x86_64-linux-gnu/pkgconfig:/home/ubuntu/workspace/robotics_v1/install/manager_utils/lib/pkgconfig:/home/ubuntu/workspace/robotics_v1/install/sdl_utils/lib/x86_64-linux-gnu/pkgconfig:/home/ubuntu/workspace/robotics_v1/install/sdl_utils/lib/pkgconfig:/home/ubuntu/workspace/robotics_v1/install/resource_utils/lib/x86_64-linux-gnu/pkgconfig:/home/ubuntu/workspace/robotics_v1/install/resource_utils/lib/pkgconfig:/home/ubuntu/workspace/robotics_v1/install/utils/lib/x86_64-linux-gnu/pkgconfig:/home/ubuntu/workspace/robotics_v1/install/utils/lib/pkgconfig:/home/ubuntu/workspace/robotics_v1/install/cmake_helpers/lib/x86_64-linux-gnu/pkgconfig:/home/ubuntu/workspace/robotics_v1/install/cmake_helpers/lib/pkgconfig /usr/bin/cmake --install /home/ubuntu/workspace/robotics_v1/build/robo_common
