[0.301s] Invoking command in '/home/ubuntu/workspace/robotics_v1/build/game_engine': CMAKE_PREFIX_PATH=/home/ubuntu/workspace/robotics_v1/install/manager_utils:/home/ubuntu/workspace/robotics_v1/install/sdl_utils:/home/ubuntu/workspace/robotics_v1/install/resource_utils:/home/ubuntu/workspace/robotics_v1/install/utils:/home/ubuntu/workspace/robotics_v1/install/cmake_helpers:/opt/ros/foxy PKG_CONFIG_PATH=/home/ubuntu/workspace/robotics_v1/install/manager_utils/lib/x86_64-linux-gnu/pkgconfig:/home/ubuntu/workspace/robotics_v1/install/manager_utils/lib/pkgconfig:/home/ubuntu/workspace/robotics_v1/install/sdl_utils/lib/x86_64-linux-gnu/pkgconfig:/home/ubuntu/workspace/robotics_v1/install/sdl_utils/lib/pkgconfig:/home/ubuntu/workspace/robotics_v1/install/resource_utils/lib/x86_64-linux-gnu/pkgconfig:/home/ubuntu/workspace/robotics_v1/install/resource_utils/lib/pkgconfig:/home/ubuntu/workspace/robotics_v1/install/utils/lib/x86_64-linux-gnu/pkgconfig:/home/ubuntu/workspace/robotics_v1/install/utils/lib/pkgconfig:/home/ubuntu/workspace/robotics_v1/install/cmake_helpers/lib/x86_64-linux-gnu/pkgconfig:/home/ubuntu/workspace/robotics_v1/install/cmake_helpers/lib/pkgconfig /usr/bin/cmake --build /home/ubuntu/workspace/robotics_v1/build/game_engine -- -j4 -l4
[0.932s] [100%] Built target game_engine
[1.028s] Invoked command in '/home/ubuntu/workspace/robotics_v1/build/game_engine' returned '0': CMAKE_PREFIX_PATH=/home/ubuntu/workspace/robotics_v1/install/manager_utils:/home/ubuntu/workspace/robotics_v1/install/sdl_utils:/home/ubuntu/workspace/robotics_v1/install/resource_utils:/home/ubuntu/workspace/robotics_v1/install/utils:/home/ubuntu/workspace/robotics_v1/install/cmake_helpers:/opt/ros/foxy PKG_CONFIG_PATH=/home/ubuntu/workspace/robotics_v1/install/manager_utils/lib/x86_64-linux-gnu/pkgconfig:/home/ubuntu/workspace/robotics_v1/install/manager_utils/lib/pkgconfig:/home/ubuntu/workspace/robotics_v1/install/sdl_utils/lib/x86_64-linux-gnu/pkgconfig:/home/ubuntu/workspace/robotics_v1/install/sdl_utils/lib/pkgconfig:/home/ubuntu/workspace/robotics_v1/install/resource_utils/lib/x86_64-linux-gnu/pkgconfig:/home/ubuntu/workspace/robotics_v1/install/resource_utils/lib/pkgconfig:/home/ubuntu/workspace/robotics_v1/install/utils/lib/x86_64-linux-gnu/pkgconfig:/home/ubuntu/workspace/robotics_v1/install/utils/lib/pkgconfig:/home/ubuntu/workspace/robotics_v1/install/cmake_helpers/lib/x86_64-linux-gnu/pkgconfig:/home/ubuntu/workspace/robotics_v1/install/cmake_helpers/lib/pkgconfig /usr/bin/cmake --build /home/ubuntu/workspace/robotics_v1/build/game_engine -- -j4 -l4
[1.475s] Invoking command in '/home/ubuntu/workspace/robotics_v1/build/game_engine': CMAKE_PREFIX_PATH=/home/ubuntu/workspace/robotics_v1/install/manager_utils:/home/ubuntu/workspace/robotics_v1/install/sdl_utils:/home/ubuntu/workspace/robotics_v1/install/resource_utils:/home/ubuntu/workspace/robotics_v1/install/utils:/home/ubuntu/workspace/robotics_v1/install/cmake_helpers:/opt/ros/foxy PKG_CONFIG_PATH=/home/ubuntu/workspace/robotics_v1/install/manager_utils/lib/x86_64-linux-gnu/pkgconfig:/home/ubuntu/workspace/robotics_v1/install/manager_utils/lib/pkgconfig:/home/ubuntu/workspace/robotics_v1/install/sdl_utils/lib/x86_64-linux-gnu/pkgconfig:/home/ubuntu/workspace/robotics_v1/install/sdl_utils/lib/pkgconfig:/home/ubuntu/workspace/robotics_v1/install/resource_utils/lib/x86_64-linux-gnu/pkgconfig:/home/ubuntu/workspace/robotics_v1/install/resource_utils/lib/pkgconfig:/home/ubuntu/workspace/robotics_v1/install/utils/lib/x86_64-linux-gnu/pkgconfig:/home/ubuntu/workspace/robotics_v1/install/utils/lib/pkgconfig:/home/ubuntu/workspace/robotics_v1/install/cmake_helpers/lib/x86_64-linux-gnu/pkgconfig:/home/ubuntu/workspace/robotics_v1/install/cmake_helpers/lib/pkgconfig /usr/bin/cmake --install /home/ubuntu/workspace/robotics_v1/build/game_engine
[1.536s] -- Install configuration: "Debug"
[1.538s] -- Up-to-date: /home/ubuntu/workspace/robotics_v1/install/game_engine/share/game_engine/package.xml
[1.542s] -- Up-to-date: /home/ubuntu/workspace/robotics_v1/install/game_engine/lib/game_engine/libgame_engine.a
[1.542s] -- Installing: /home/ubuntu/workspace/robotics_v1/install/game_engine/share/ament_index/resource_index/packages/game_engine
[1.547s] -- Up-to-date: /home/ubuntu/workspace/robotics_v1/install/game_engine/share/game_engine/hook/ament_prefix_path.dsv
[1.548s] -- Up-to-date: /home/ubuntu/workspace/robotics_v1/install/game_engine/share/game_engine/hook/ros_package_path.dsv
[1.548s] -- Up-to-date: /home/ubuntu/workspace/robotics_v1/install/game_engine/share/ament_index/resource_index/package_run_dependencies/game_engine
[1.550s] -- Up-to-date: /home/ubuntu/workspace/robotics_v1/install/game_engine/share/ament_index/resource_index/parent_prefix_path/game_engine
[1.553s] -- Up-to-date: /home/ubuntu/workspace/robotics_v1/install/game_engine/share/game_engine/environment/ament_prefix_path.sh
[1.556s] -- Up-to-date: /home/ubuntu/workspace/robotics_v1/install/game_engine/share/game_engine/environment/ament_prefix_path.dsv
[1.557s] -- Up-to-date: /home/ubuntu/workspace/robotics_v1/install/game_engine/share/game_engine/environment/path.sh
[1.558s] -- Up-to-date: /home/ubuntu/workspace/robotics_v1/install/game_engine/share/game_engine/environment/path.dsv
[1.559s] -- Up-to-date: /home/ubuntu/workspace/robotics_v1/install/game_engine/share/game_engine/local_setup.bash
[1.559s] -- Up-to-date: /home/ubuntu/workspace/robotics_v1/install/game_engine/share/game_engine/local_setup.sh
[1.560s] -- Up-to-date: /home/ubuntu/workspace/robotics_v1/install/game_engine/share/game_engine/local_setup.zsh
[1.560s] -- Up-to-date: /home/ubuntu/workspace/robotics_v1/install/game_engine/share/game_engine/local_setup.dsv
[1.560s] -- Installing: /home/ubuntu/workspace/robotics_v1/install/game_engine/share/game_engine/package.dsv
[1.561s] -- Installing: /home/ubuntu/workspace/robotics_v1/install/game_engine/share/ament_index/resource_index/packages/game_engine
[1.561s] -- Up-to-date: /home/ubuntu/workspace/robotics_v1/install/game_engine/share/game_engine/cmake/game_engineConfig.cmake
[1.561s] -- Up-to-date: /home/ubuntu/workspace/robotics_v1/install/game_engine/share/game_engine/cmake/game_engineConfig-version.cmake
[1.562s] -- Up-to-date: /home/ubuntu/workspace/robotics_v1/install/game_engine/share/game_engine/package.xml
[1.562s] -- Up-to-date: /home/ubuntu/workspace/robotics_v1/install/game_engine/lib/libgame_engine.a
[1.562s] -- Up-to-date: /home/ubuntu/workspace/robotics_v1/install/game_engine/include
[1.563s] -- Up-to-date: /home/ubuntu/workspace/robotics_v1/install/game_engine/include/game_engine
[1.563s] -- Up-to-date: /home/ubuntu/workspace/robotics_v1/install/game_engine/include/game_engine/event_handler
[1.563s] -- Up-to-date: /home/ubuntu/workspace/robotics_v1/install/game_engine/include/game_engine/event_handler/ActionEventHandler.h
[1.564s] -- Up-to-date: /home/ubuntu/workspace/robotics_v1/install/game_engine/include/game_engine/Game.h
[1.564s] -- Up-to-date: /home/ubuntu/workspace/robotics_v1/install/game_engine/include/game_engine/communicator
[1.565s] -- Up-to-date: /home/ubuntu/workspace/robotics_v1/install/game_engine/include/game_engine/communicator/Communicator.h
[1.565s] -- Up-to-date: /home/ubuntu/workspace/robotics_v1/install/game_engine/include/game_engine/communicator/NullCommunicator.h
[1.565s] -- Up-to-date: /home/ubuntu/workspace/robotics_v1/install/game_engine/include/game_engine/utils
[1.566s] -- Up-to-date: /home/ubuntu/workspace/robotics_v1/install/game_engine/include/game_engine/utils/config
[1.567s] -- Up-to-date: /home/ubuntu/workspace/robotics_v1/install/game_engine/include/game_engine/utils/config/DebugConsoleConfig.h
[1.567s] -- Up-to-date: /home/ubuntu/workspace/robotics_v1/install/game_engine/include/game_engine/utils/DebugConsole.h
[1.578s] -- Up-to-date: /home/ubuntu/workspace/robotics_v1/install/game_engine/include/game_engine/Application.h
[1.579s] -- Up-to-date: /home/ubuntu/workspace/robotics_v1/install/game_engine/include/game_engine/config
[1.580s] -- Up-to-date: /home/ubuntu/workspace/robotics_v1/install/game_engine/include/game_engine/config/ApplicationConfig.h
[1.580s] -- Up-to-date: /home/ubuntu/workspace/robotics_v1/install/game_engine/include/game_engine/engine
[1.581s] -- Up-to-date: /home/ubuntu/workspace/robotics_v1/install/game_engine/include/game_engine/engine/Engine.h
[1.581s] -- Up-to-date: /home/ubuntu/workspace/robotics_v1/install/game_engine/include/game_engine/engine/config
[1.582s] -- Up-to-date: /home/ubuntu/workspace/robotics_v1/install/game_engine/include/game_engine/engine/config/EngineConfig.h
[1.587s] -- Up-to-date: /home/ubuntu/workspace/robotics_v1/install/game_engine/include/game_engine/defines
[1.587s] -- Up-to-date: /home/ubuntu/workspace/robotics_v1/install/game_engine/include/game_engine/defines/DependencyDefines.h
[1.588s] -- Up-to-date: /home/ubuntu/workspace/robotics_v1/install/game_engine/include/game_engine/defines/ActionEventDefines.h
[1.588s] -- Up-to-date: /home/ubuntu/workspace/robotics_v1/install/game_engine/lib/cmake/game_engine/game_engineTargets.cmake
[1.589s] -- Up-to-date: /home/ubuntu/workspace/robotics_v1/install/game_engine/lib/cmake/game_engine/game_engineTargets-debug.cmake
[1.594s] -- Up-to-date: /home/ubuntu/workspace/robotics_v1/install/game_engine/lib/cmake/game_engine/game_engineConfig.cmake
[1.614s] Invoked command in '/home/ubuntu/workspace/robotics_v1/build/game_engine' returned '0': CMAKE_PREFIX_PATH=/home/ubuntu/workspace/robotics_v1/install/manager_utils:/home/ubuntu/workspace/robotics_v1/install/sdl_utils:/home/ubuntu/workspace/robotics_v1/install/resource_utils:/home/ubuntu/workspace/robotics_v1/install/utils:/home/ubuntu/workspace/robotics_v1/install/cmake_helpers:/opt/ros/foxy PKG_CONFIG_PATH=/home/ubuntu/workspace/robotics_v1/install/manager_utils/lib/x86_64-linux-gnu/pkgconfig:/home/ubuntu/workspace/robotics_v1/install/manager_utils/lib/pkgconfig:/home/ubuntu/workspace/robotics_v1/install/sdl_utils/lib/x86_64-linux-gnu/pkgconfig:/home/ubuntu/workspace/robotics_v1/install/sdl_utils/lib/pkgconfig:/home/ubuntu/workspace/robotics_v1/install/resource_utils/lib/x86_64-linux-gnu/pkgconfig:/home/ubuntu/workspace/robotics_v1/install/resource_utils/lib/pkgconfig:/home/ubuntu/workspace/robotics_v1/install/utils/lib/x86_64-linux-gnu/pkgconfig:/home/ubuntu/workspace/robotics_v1/install/utils/lib/pkgconfig:/home/ubuntu/workspace/robotics_v1/install/cmake_helpers/lib/x86_64-linux-gnu/pkgconfig:/home/ubuntu/workspace/robotics_v1/install/cmake_helpers/lib/pkgconfig /usr/bin/cmake --install /home/ubuntu/workspace/robotics_v1/build/game_engine
