[0.087s] Invoking command in '/home/ubuntu/workspace/robotics_v1/build/ur_dashboard_msgs': CMAKE_PREFIX_PATH=/opt/ros/foxy /usr/bin/cmake --build /home/ubuntu/workspace/robotics_v1/build/ur_dashboard_msgs -- -j4 -l4
[0.448s] [  0%] Built target ur_dashboard_msgs__cpp
[0.471s] [ 12%] Built target ur_dashboard_msgs__rosidl_generator_c
[0.606s] [ 24%] Built target ur_dashboard_msgs__rosidl_typesupport_c
[0.688s] [ 36%] Built target ur_dashboard_msgs__rosidl_typesupport_cpp
[0.707s] [ 48%] Built target ur_dashboard_msgs__rosidl_typesupport_fastrtps_cpp
[0.751s] [ 60%] Built target ur_dashboard_msgs__rosidl_typesupport_introspection_cpp
[0.776s] [ 72%] Built target ur_dashboard_msgs__rosidl_typesupport_introspection_c
[0.920s] [ 84%] Built target ur_dashboard_msgs__rosidl_typesupport_fastrtps_c
[0.986s] [ 84%] Built target ur_dashboard_msgs
[1.113s] [ 85%] Built target ur_dashboard_msgs__py
[1.435s] [ 96%] Built target ur_dashboard_msgs__python
[1.538s] [ 97%] Built target ur_dashboard_msgs__rosidl_typesupport_fastrtps_c__pyext
[1.600s] [ 98%] Built target ur_dashboard_msgs__rosidl_typesupport_c__pyext
[1.607s] [100%] Built target ur_dashboard_msgs__rosidl_typesupport_introspection_c__pyext
[1.658s] Invoked command in '/home/ubuntu/workspace/robotics_v1/build/ur_dashboard_msgs' returned '0': CMAKE_PREFIX_PATH=/opt/ros/foxy /usr/bin/cmake --build /home/ubuntu/workspace/robotics_v1/build/ur_dashboard_msgs -- -j4 -l4
[3.677s] Invoking command in '/home/ubuntu/workspace/robotics_v1/build/ur_dashboard_msgs': CMAKE_PREFIX_PATH=/opt/ros/foxy /usr/bin/cmake --install /home/ubuntu/workspace/robotics_v1/build/ur_dashboard_msgs
[3.698s] -- Install configuration: "Debug"
[3.699s] -- Execute custom install script
[3.700s] -- Up-to-date symlink: /home/ubuntu/workspace/robotics_v1/install/ur_dashboard_msgs/share/ament_index/resource_index/rosidl_interfaces/ur_dashboard_msgs
[3.702s] -- Up-to-date symlink: /home/ubuntu/workspace/robotics_v1/install/ur_dashboard_msgs/include/ur_dashboard_msgs/action/detail/set_mode__functions.h
[3.703s] -- Up-to-date symlink: /home/ubuntu/workspace/robotics_v1/install/ur_dashboard_msgs/include/ur_dashboard_msgs/action/detail/set_mode__struct.h
[3.704s] -- Up-to-date symlink: /home/ubuntu/workspace/robotics_v1/install/ur_dashboard_msgs/include/ur_dashboard_msgs/action/detail/set_mode__type_support.h
[3.705s] -- Up-to-date symlink: /home/ubuntu/workspace/robotics_v1/install/ur_dashboard_msgs/include/ur_dashboard_msgs/action/set_mode.h
[3.705s] -- Up-to-date symlink: /home/ubuntu/workspace/robotics_v1/install/ur_dashboard_msgs/include/ur_dashboard_msgs/msg/detail/program_state__functions.h
[3.705s] -- Up-to-date symlink: /home/ubuntu/workspace/robotics_v1/install/ur_dashboard_msgs/include/ur_dashboard_msgs/msg/detail/program_state__struct.h
[3.706s] -- Up-to-date symlink: /home/ubuntu/workspace/robotics_v1/install/ur_dashboard_msgs/include/ur_dashboard_msgs/msg/detail/program_state__type_support.h
[3.706s] -- Up-to-date symlink: /home/ubuntu/workspace/robotics_v1/install/ur_dashboard_msgs/include/ur_dashboard_msgs/msg/detail/robot_mode__functions.h
[3.707s] -- Up-to-date symlink: /home/ubuntu/workspace/robotics_v1/install/ur_dashboard_msgs/include/ur_dashboard_msgs/msg/detail/robot_mode__struct.h
[3.707s] -- Up-to-date symlink: /home/ubuntu/workspace/robotics_v1/install/ur_dashboard_msgs/include/ur_dashboard_msgs/msg/detail/robot_mode__type_support.h
[3.707s] -- Up-to-date symlink: /home/ubuntu/workspace/robotics_v1/install/ur_dashboard_msgs/include/ur_dashboard_msgs/msg/detail/safety_mode__functions.h
[3.708s] -- Up-to-date symlink: /home/ubuntu/workspace/robotics_v1/install/ur_dashboard_msgs/include/ur_dashboard_msgs/msg/detail/safety_mode__struct.h
[3.708s] -- Up-to-date symlink: /home/ubuntu/workspace/robotics_v1/install/ur_dashboard_msgs/include/ur_dashboard_msgs/msg/detail/safety_mode__type_support.h
[3.709s] -- Up-to-date symlink: /home/ubuntu/workspace/robotics_v1/install/ur_dashboard_msgs/include/ur_dashboard_msgs/msg/program_state.h
[3.709s] -- Up-to-date symlink: /home/ubuntu/workspace/robotics_v1/install/ur_dashboard_msgs/include/ur_dashboard_msgs/msg/robot_mode.h
[3.709s] -- Up-to-date symlink: /home/ubuntu/workspace/robotics_v1/install/ur_dashboard_msgs/include/ur_dashboard_msgs/msg/rosidl_generator_c__visibility_control.h
[3.710s] -- Up-to-date symlink: /home/ubuntu/workspace/robotics_v1/install/ur_dashboard_msgs/include/ur_dashboard_msgs/msg/safety_mode.h
[3.710s] -- Up-to-date symlink: /home/ubuntu/workspace/robotics_v1/install/ur_dashboard_msgs/include/ur_dashboard_msgs/srv/add_to_log.h
[3.710s] -- Up-to-date symlink: /home/ubuntu/workspace/robotics_v1/install/ur_dashboard_msgs/include/ur_dashboard_msgs/srv/detail/add_to_log__functions.h
[3.711s] -- Up-to-date symlink: /home/ubuntu/workspace/robotics_v1/install/ur_dashboard_msgs/include/ur_dashboard_msgs/srv/detail/add_to_log__struct.h
[3.711s] -- Up-to-date symlink: /home/ubuntu/workspace/robotics_v1/install/ur_dashboard_msgs/include/ur_dashboard_msgs/srv/detail/add_to_log__type_support.h
[3.712s] -- Up-to-date symlink: /home/ubuntu/workspace/robotics_v1/install/ur_dashboard_msgs/include/ur_dashboard_msgs/srv/detail/get_loaded_program__functions.h
[3.712s] -- Up-to-date symlink: /home/ubuntu/workspace/robotics_v1/install/ur_dashboard_msgs/include/ur_dashboard_msgs/srv/detail/get_loaded_program__struct.h
[3.712s] -- Up-to-date symlink: /home/ubuntu/workspace/robotics_v1/install/ur_dashboard_msgs/include/ur_dashboard_msgs/srv/detail/get_loaded_program__type_support.h
[3.713s] -- Up-to-date symlink: /home/ubuntu/workspace/robotics_v1/install/ur_dashboard_msgs/include/ur_dashboard_msgs/srv/detail/get_program_state__functions.h
[3.714s] -- Up-to-date symlink: /home/ubuntu/workspace/robotics_v1/install/ur_dashboard_msgs/include/ur_dashboard_msgs/srv/detail/get_program_state__struct.h
[3.714s] -- Up-to-date symlink: /home/ubuntu/workspace/robotics_v1/install/ur_dashboard_msgs/include/ur_dashboard_msgs/srv/detail/get_program_state__type_support.h
[3.714s] -- Up-to-date symlink: /home/ubuntu/workspace/robotics_v1/install/ur_dashboard_msgs/include/ur_dashboard_msgs/srv/detail/get_robot_mode__functions.h
[3.715s] -- Up-to-date symlink: /home/ubuntu/workspace/robotics_v1/install/ur_dashboard_msgs/include/ur_dashboard_msgs/srv/detail/get_robot_mode__struct.h
[3.715s] -- Up-to-date symlink: /home/ubuntu/workspace/robotics_v1/install/ur_dashboard_msgs/include/ur_dashboard_msgs/srv/detail/get_robot_mode__type_support.h
[3.715s] -- Up-to-date symlink: /home/ubuntu/workspace/robotics_v1/install/ur_dashboard_msgs/include/ur_dashboard_msgs/srv/detail/get_safety_mode__functions.h
[3.716s] -- Up-to-date symlink: /home/ubuntu/workspace/robotics_v1/install/ur_dashboard_msgs/include/ur_dashboard_msgs/srv/detail/get_safety_mode__struct.h
[3.716s] -- Up-to-date symlink: /home/ubuntu/workspace/robotics_v1/install/ur_dashboard_msgs/include/ur_dashboard_msgs/srv/detail/get_safety_mode__type_support.h
[3.716s] -- Up-to-date symlink: /home/ubuntu/workspace/robotics_v1/install/ur_dashboard_msgs/include/ur_dashboard_msgs/srv/detail/is_program_running__functions.h
[3.717s] -- Up-to-date symlink: /home/ubuntu/workspace/robotics_v1/install/ur_dashboard_msgs/include/ur_dashboard_msgs/srv/detail/is_program_running__struct.h
[3.717s] -- Up-to-date symlink: /home/ubuntu/workspace/robotics_v1/install/ur_dashboard_msgs/include/ur_dashboard_msgs/srv/detail/is_program_running__type_support.h
[3.718s] -- Up-to-date symlink: /home/ubuntu/workspace/robotics_v1/install/ur_dashboard_msgs/include/ur_dashboard_msgs/srv/detail/is_program_saved__functions.h
[3.718s] -- Up-to-date symlink: /home/ubuntu/workspace/robotics_v1/install/ur_dashboard_msgs/include/ur_dashboard_msgs/srv/detail/is_program_saved__struct.h
[3.719s] -- Up-to-date symlink: /home/ubuntu/workspace/robotics_v1/install/ur_dashboard_msgs/include/ur_dashboard_msgs/srv/detail/is_program_saved__type_support.h
[3.719s] -- Up-to-date symlink: /home/ubuntu/workspace/robotics_v1/install/ur_dashboard_msgs/include/ur_dashboard_msgs/srv/detail/load__functions.h
[3.719s] -- Up-to-date symlink: /home/ubuntu/workspace/robotics_v1/install/ur_dashboard_msgs/include/ur_dashboard_msgs/srv/detail/load__struct.h
[3.720s] -- Up-to-date symlink: /home/ubuntu/workspace/robotics_v1/install/ur_dashboard_msgs/include/ur_dashboard_msgs/srv/detail/load__type_support.h
[3.720s] -- Up-to-date symlink: /home/ubuntu/workspace/robotics_v1/install/ur_dashboard_msgs/include/ur_dashboard_msgs/srv/detail/popup__functions.h
[3.720s] -- Up-to-date symlink: /home/ubuntu/workspace/robotics_v1/install/ur_dashboard_msgs/include/ur_dashboard_msgs/srv/detail/popup__struct.h
[3.723s] -- Up-to-date symlink: /home/ubuntu/workspace/robotics_v1/install/ur_dashboard_msgs/include/ur_dashboard_msgs/srv/detail/popup__type_support.h
[3.723s] -- Up-to-date symlink: /home/ubuntu/workspace/robotics_v1/install/ur_dashboard_msgs/include/ur_dashboard_msgs/srv/detail/raw_request__functions.h
[3.727s] -- Up-to-date symlink: /home/ubuntu/workspace/robotics_v1/install/ur_dashboard_msgs/include/ur_dashboard_msgs/srv/detail/raw_request__struct.h
[3.727s] -- Up-to-date symlink: /home/ubuntu/workspace/robotics_v1/install/ur_dashboard_msgs/include/ur_dashboard_msgs/srv/detail/raw_request__type_support.h
[3.727s] -- Up-to-date symlink: /home/ubuntu/workspace/robotics_v1/install/ur_dashboard_msgs/include/ur_dashboard_msgs/srv/get_loaded_program.h
[3.728s] -- Up-to-date symlink: /home/ubuntu/workspace/robotics_v1/install/ur_dashboard_msgs/include/ur_dashboard_msgs/srv/get_program_state.h
[3.728s] -- Up-to-date symlink: /home/ubuntu/workspace/robotics_v1/install/ur_dashboard_msgs/include/ur_dashboard_msgs/srv/get_robot_mode.h
[3.729s] -- Up-to-date symlink: /home/ubuntu/workspace/robotics_v1/install/ur_dashboard_msgs/include/ur_dashboard_msgs/srv/get_safety_mode.h
[3.729s] -- Up-to-date symlink: /home/ubuntu/workspace/robotics_v1/install/ur_dashboard_msgs/include/ur_dashboard_msgs/srv/is_program_running.h
[3.730s] -- Up-to-date symlink: /home/ubuntu/workspace/robotics_v1/install/ur_dashboard_msgs/include/ur_dashboard_msgs/srv/is_program_saved.h
[3.730s] -- Up-to-date symlink: /home/ubuntu/workspace/robotics_v1/install/ur_dashboard_msgs/include/ur_dashboard_msgs/srv/load.h
[3.731s] -- Up-to-date symlink: /home/ubuntu/workspace/robotics_v1/install/ur_dashboard_msgs/include/ur_dashboard_msgs/srv/popup.h
[3.732s] -- Up-to-date symlink: /home/ubuntu/workspace/robotics_v1/install/ur_dashboard_msgs/include/ur_dashboard_msgs/srv/raw_request.h
[3.733s] -- Up-to-date symlink: /home/ubuntu/workspace/robotics_v1/install/ur_dashboard_msgs/share/ur_dashboard_msgs/environment/library_path.sh
[3.733s] -- Up-to-date symlink: /home/ubuntu/workspace/robotics_v1/install/ur_dashboard_msgs/share/ur_dashboard_msgs/environment/library_path.dsv
[3.736s] -- Up-to-date symlink: /home/ubuntu/workspace/robotics_v1/install/ur_dashboard_msgs/include/ur_dashboard_msgs/action/detail/set_mode__rosidl_typesupport_fastrtps_c.h
[3.737s] -- Up-to-date symlink: /home/ubuntu/workspace/robotics_v1/install/ur_dashboard_msgs/include/ur_dashboard_msgs/msg/detail/program_state__rosidl_typesupport_fastrtps_c.h
[3.737s] -- Up-to-date symlink: /home/ubuntu/workspace/robotics_v1/install/ur_dashboard_msgs/include/ur_dashboard_msgs/msg/detail/robot_mode__rosidl_typesupport_fastrtps_c.h
[3.738s] -- Up-to-date symlink: /home/ubuntu/workspace/robotics_v1/install/ur_dashboard_msgs/include/ur_dashboard_msgs/msg/detail/safety_mode__rosidl_typesupport_fastrtps_c.h
[3.738s] -- Up-to-date symlink: /home/ubuntu/workspace/robotics_v1/install/ur_dashboard_msgs/include/ur_dashboard_msgs/msg/rosidl_typesupport_fastrtps_c__visibility_control.h
[3.739s] -- Up-to-date symlink: /home/ubuntu/workspace/robotics_v1/install/ur_dashboard_msgs/include/ur_dashboard_msgs/srv/detail/add_to_log__rosidl_typesupport_fastrtps_c.h
[3.739s] -- Up-to-date symlink: /home/ubuntu/workspace/robotics_v1/install/ur_dashboard_msgs/include/ur_dashboard_msgs/srv/detail/get_loaded_program__rosidl_typesupport_fastrtps_c.h
[3.740s] -- Up-to-date symlink: /home/ubuntu/workspace/robotics_v1/install/ur_dashboard_msgs/include/ur_dashboard_msgs/srv/detail/get_program_state__rosidl_typesupport_fastrtps_c.h
[3.741s] -- Up-to-date symlink: /home/ubuntu/workspace/robotics_v1/install/ur_dashboard_msgs/include/ur_dashboard_msgs/srv/detail/get_robot_mode__rosidl_typesupport_fastrtps_c.h
[3.741s] -- Up-to-date symlink: /home/ubuntu/workspace/robotics_v1/install/ur_dashboard_msgs/include/ur_dashboard_msgs/srv/detail/get_safety_mode__rosidl_typesupport_fastrtps_c.h
[3.742s] -- Up-to-date symlink: /home/ubuntu/workspace/robotics_v1/install/ur_dashboard_msgs/include/ur_dashboard_msgs/srv/detail/is_program_running__rosidl_typesupport_fastrtps_c.h
[3.743s] -- Up-to-date symlink: /home/ubuntu/workspace/robotics_v1/install/ur_dashboard_msgs/include/ur_dashboard_msgs/srv/detail/is_program_saved__rosidl_typesupport_fastrtps_c.h
[3.743s] -- Up-to-date symlink: /home/ubuntu/workspace/robotics_v1/install/ur_dashboard_msgs/include/ur_dashboard_msgs/srv/detail/load__rosidl_typesupport_fastrtps_c.h
[3.743s] -- Up-to-date symlink: /home/ubuntu/workspace/robotics_v1/install/ur_dashboard_msgs/include/ur_dashboard_msgs/srv/detail/popup__rosidl_typesupport_fastrtps_c.h
[3.744s] -- Up-to-date symlink: /home/ubuntu/workspace/robotics_v1/install/ur_dashboard_msgs/include/ur_dashboard_msgs/srv/detail/raw_request__rosidl_typesupport_fastrtps_c.h
[3.744s] -- Up-to-date symlink: /home/ubuntu/workspace/robotics_v1/install/ur_dashboard_msgs/lib/libur_dashboard_msgs__rosidl_typesupport_fastrtps_c.so
[3.747s] -- Up-to-date symlink: /home/ubuntu/workspace/robotics_v1/install/ur_dashboard_msgs/include/ur_dashboard_msgs/action/detail/set_mode__rosidl_typesupport_fastrtps_cpp.hpp
[3.748s] -- Up-to-date symlink: /home/ubuntu/workspace/robotics_v1/install/ur_dashboard_msgs/include/ur_dashboard_msgs/msg/detail/program_state__rosidl_typesupport_fastrtps_cpp.hpp
[3.748s] -- Up-to-date symlink: /home/ubuntu/workspace/robotics_v1/install/ur_dashboard_msgs/include/ur_dashboard_msgs/msg/detail/robot_mode__rosidl_typesupport_fastrtps_cpp.hpp
[3.749s] -- Up-to-date symlink: /home/ubuntu/workspace/robotics_v1/install/ur_dashboard_msgs/include/ur_dashboard_msgs/msg/detail/safety_mode__rosidl_typesupport_fastrtps_cpp.hpp
[3.749s] -- Up-to-date symlink: /home/ubuntu/workspace/robotics_v1/install/ur_dashboard_msgs/include/ur_dashboard_msgs/msg/rosidl_typesupport_fastrtps_cpp__visibility_control.h
[3.750s] -- Up-to-date symlink: /home/ubuntu/workspace/robotics_v1/install/ur_dashboard_msgs/include/ur_dashboard_msgs/srv/detail/add_to_log__rosidl_typesupport_fastrtps_cpp.hpp
[3.751s] -- Up-to-date symlink: /home/ubuntu/workspace/robotics_v1/install/ur_dashboard_msgs/include/ur_dashboard_msgs/srv/detail/get_loaded_program__rosidl_typesupport_fastrtps_cpp.hpp
[3.751s] -- Up-to-date symlink: /home/ubuntu/workspace/robotics_v1/install/ur_dashboard_msgs/include/ur_dashboard_msgs/srv/detail/get_program_state__rosidl_typesupport_fastrtps_cpp.hpp
[3.752s] -- Up-to-date symlink: /home/ubuntu/workspace/robotics_v1/install/ur_dashboard_msgs/include/ur_dashboard_msgs/srv/detail/get_robot_mode__rosidl_typesupport_fastrtps_cpp.hpp
[3.753s] -- Up-to-date symlink: /home/ubuntu/workspace/robotics_v1/install/ur_dashboard_msgs/include/ur_dashboard_msgs/srv/detail/get_safety_mode__rosidl_typesupport_fastrtps_cpp.hpp
[3.754s] -- Up-to-date symlink: /home/ubuntu/workspace/robotics_v1/install/ur_dashboard_msgs/include/ur_dashboard_msgs/srv/detail/is_program_running__rosidl_typesupport_fastrtps_cpp.hpp
[3.755s] -- Up-to-date symlink: /home/ubuntu/workspace/robotics_v1/install/ur_dashboard_msgs/include/ur_dashboard_msgs/srv/detail/is_program_saved__rosidl_typesupport_fastrtps_cpp.hpp
[3.763s] -- Up-to-date symlink: /home/ubuntu/workspace/robotics_v1/install/ur_dashboard_msgs/include/ur_dashboard_msgs/srv/detail/load__rosidl_typesupport_fastrtps_cpp.hpp
[3.763s] -- Up-to-date symlink: /home/ubuntu/workspace/robotics_v1/install/ur_dashboard_msgs/include/ur_dashboard_msgs/srv/detail/popup__rosidl_typesupport_fastrtps_cpp.hpp
[3.764s] -- Up-to-date symlink: /home/ubuntu/workspace/robotics_v1/install/ur_dashboard_msgs/include/ur_dashboard_msgs/srv/detail/raw_request__rosidl_typesupport_fastrtps_cpp.hpp
[3.765s] -- Up-to-date symlink: /home/ubuntu/workspace/robotics_v1/install/ur_dashboard_msgs/lib/libur_dashboard_msgs__rosidl_typesupport_fastrtps_cpp.so
[3.766s] -- Up-to-date symlink: /home/ubuntu/workspace/robotics_v1/install/ur_dashboard_msgs/include/ur_dashboard_msgs/action/detail/set_mode__rosidl_typesupport_introspection_c.h
[3.767s] -- Up-to-date symlink: /home/ubuntu/workspace/robotics_v1/install/ur_dashboard_msgs/include/ur_dashboard_msgs/msg/detail/program_state__rosidl_typesupport_introspection_c.h
[3.767s] -- Up-to-date symlink: /home/ubuntu/workspace/robotics_v1/install/ur_dashboard_msgs/include/ur_dashboard_msgs/msg/detail/robot_mode__rosidl_typesupport_introspection_c.h
[3.768s] -- Up-to-date symlink: /home/ubuntu/workspace/robotics_v1/install/ur_dashboard_msgs/include/ur_dashboard_msgs/msg/detail/safety_mode__rosidl_typesupport_introspection_c.h
[3.768s] -- Up-to-date symlink: /home/ubuntu/workspace/robotics_v1/install/ur_dashboard_msgs/include/ur_dashboard_msgs/msg/rosidl_typesupport_introspection_c__visibility_control.h
[3.768s] -- Up-to-date symlink: /home/ubuntu/workspace/robotics_v1/install/ur_dashboard_msgs/include/ur_dashboard_msgs/srv/detail/add_to_log__rosidl_typesupport_introspection_c.h
[3.769s] -- Up-to-date symlink: /home/ubuntu/workspace/robotics_v1/install/ur_dashboard_msgs/include/ur_dashboard_msgs/srv/detail/get_loaded_program__rosidl_typesupport_introspection_c.h
[3.769s] -- Up-to-date symlink: /home/ubuntu/workspace/robotics_v1/install/ur_dashboard_msgs/include/ur_dashboard_msgs/srv/detail/get_program_state__rosidl_typesupport_introspection_c.h
[3.770s] -- Up-to-date symlink: /home/ubuntu/workspace/robotics_v1/install/ur_dashboard_msgs/include/ur_dashboard_msgs/srv/detail/get_robot_mode__rosidl_typesupport_introspection_c.h
[3.770s] -- Up-to-date symlink: /home/ubuntu/workspace/robotics_v1/install/ur_dashboard_msgs/include/ur_dashboard_msgs/srv/detail/get_safety_mode__rosidl_typesupport_introspection_c.h
[3.771s] -- Up-to-date symlink: /home/ubuntu/workspace/robotics_v1/install/ur_dashboard_msgs/include/ur_dashboard_msgs/srv/detail/is_program_running__rosidl_typesupport_introspection_c.h
[3.781s] -- Up-to-date symlink: /home/ubuntu/workspace/robotics_v1/install/ur_dashboard_msgs/include/ur_dashboard_msgs/srv/detail/is_program_saved__rosidl_typesupport_introspection_c.h
[3.782s] -- Up-to-date symlink: /home/ubuntu/workspace/robotics_v1/install/ur_dashboard_msgs/include/ur_dashboard_msgs/srv/detail/load__rosidl_typesupport_introspection_c.h
[3.782s] -- Up-to-date symlink: /home/ubuntu/workspace/robotics_v1/install/ur_dashboard_msgs/include/ur_dashboard_msgs/srv/detail/popup__rosidl_typesupport_introspection_c.h
[3.783s] -- Up-to-date symlink: /home/ubuntu/workspace/robotics_v1/install/ur_dashboard_msgs/include/ur_dashboard_msgs/srv/detail/raw_request__rosidl_typesupport_introspection_c.h
[3.783s] -- Up-to-date symlink: /home/ubuntu/workspace/robotics_v1/install/ur_dashboard_msgs/include/ur_dashboard_msgs/action/detail/set_mode__builder.hpp
[3.783s] -- Up-to-date symlink: /home/ubuntu/workspace/robotics_v1/install/ur_dashboard_msgs/include/ur_dashboard_msgs/action/detail/set_mode__struct.hpp
[3.784s] -- Up-to-date symlink: /home/ubuntu/workspace/robotics_v1/install/ur_dashboard_msgs/include/ur_dashboard_msgs/action/detail/set_mode__traits.hpp
[3.784s] -- Up-to-date symlink: /home/ubuntu/workspace/robotics_v1/install/ur_dashboard_msgs/include/ur_dashboard_msgs/action/set_mode.hpp
[3.785s] -- Up-to-date symlink: /home/ubuntu/workspace/robotics_v1/install/ur_dashboard_msgs/include/ur_dashboard_msgs/msg/detail/program_state__builder.hpp
[3.785s] -- Up-to-date symlink: /home/ubuntu/workspace/robotics_v1/install/ur_dashboard_msgs/include/ur_dashboard_msgs/msg/detail/program_state__struct.hpp
[3.785s] -- Up-to-date symlink: /home/ubuntu/workspace/robotics_v1/install/ur_dashboard_msgs/include/ur_dashboard_msgs/msg/detail/program_state__traits.hpp
[3.786s] -- Up-to-date symlink: /home/ubuntu/workspace/robotics_v1/install/ur_dashboard_msgs/include/ur_dashboard_msgs/msg/detail/robot_mode__builder.hpp
[3.787s] -- Up-to-date symlink: /home/ubuntu/workspace/robotics_v1/install/ur_dashboard_msgs/include/ur_dashboard_msgs/msg/detail/robot_mode__struct.hpp
[3.787s] -- Up-to-date symlink: /home/ubuntu/workspace/robotics_v1/install/ur_dashboard_msgs/include/ur_dashboard_msgs/msg/detail/robot_mode__traits.hpp
[3.788s] -- Up-to-date symlink: /home/ubuntu/workspace/robotics_v1/install/ur_dashboard_msgs/include/ur_dashboard_msgs/msg/detail/safety_mode__builder.hpp
[3.788s] -- Up-to-date symlink: /home/ubuntu/workspace/robotics_v1/install/ur_dashboard_msgs/include/ur_dashboard_msgs/msg/detail/safety_mode__struct.hpp
[3.788s] -- Up-to-date symlink: /home/ubuntu/workspace/robotics_v1/install/ur_dashboard_msgs/include/ur_dashboard_msgs/msg/detail/safety_mode__traits.hpp
[3.789s] -- Up-to-date symlink: /home/ubuntu/workspace/robotics_v1/install/ur_dashboard_msgs/include/ur_dashboard_msgs/msg/program_state.hpp
[3.789s] -- Up-to-date symlink: /home/ubuntu/workspace/robotics_v1/install/ur_dashboard_msgs/include/ur_dashboard_msgs/msg/robot_mode.hpp
[3.790s] -- Up-to-date symlink: /home/ubuntu/workspace/robotics_v1/install/ur_dashboard_msgs/include/ur_dashboard_msgs/msg/safety_mode.hpp
[3.790s] -- Up-to-date symlink: /home/ubuntu/workspace/robotics_v1/install/ur_dashboard_msgs/include/ur_dashboard_msgs/srv/add_to_log.hpp
[3.791s] -- Up-to-date symlink: /home/ubuntu/workspace/robotics_v1/install/ur_dashboard_msgs/include/ur_dashboard_msgs/srv/detail/add_to_log__builder.hpp
[3.791s] -- Up-to-date symlink: /home/ubuntu/workspace/robotics_v1/install/ur_dashboard_msgs/include/ur_dashboard_msgs/srv/detail/add_to_log__struct.hpp
[3.794s] -- Up-to-date symlink: /home/ubuntu/workspace/robotics_v1/install/ur_dashboard_msgs/include/ur_dashboard_msgs/srv/detail/add_to_log__traits.hpp
[3.795s] -- Up-to-date symlink: /home/ubuntu/workspace/robotics_v1/install/ur_dashboard_msgs/include/ur_dashboard_msgs/srv/detail/get_loaded_program__builder.hpp
[3.796s] -- Up-to-date symlink: /home/ubuntu/workspace/robotics_v1/install/ur_dashboard_msgs/include/ur_dashboard_msgs/srv/detail/get_loaded_program__struct.hpp
[3.797s] -- Up-to-date symlink: /home/ubuntu/workspace/robotics_v1/install/ur_dashboard_msgs/include/ur_dashboard_msgs/srv/detail/get_loaded_program__traits.hpp
[3.798s] -- Up-to-date symlink: /home/ubuntu/workspace/robotics_v1/install/ur_dashboard_msgs/include/ur_dashboard_msgs/srv/detail/get_program_state__builder.hpp
[3.798s] -- Up-to-date symlink: /home/ubuntu/workspace/robotics_v1/install/ur_dashboard_msgs/include/ur_dashboard_msgs/srv/detail/get_program_state__struct.hpp
[3.799s] -- Up-to-date symlink: /home/ubuntu/workspace/robotics_v1/install/ur_dashboard_msgs/include/ur_dashboard_msgs/srv/detail/get_program_state__traits.hpp
[3.801s] -- Up-to-date symlink: /home/ubuntu/workspace/robotics_v1/install/ur_dashboard_msgs/include/ur_dashboard_msgs/srv/detail/get_robot_mode__builder.hpp
[3.802s] -- Up-to-date symlink: /home/ubuntu/workspace/robotics_v1/install/ur_dashboard_msgs/include/ur_dashboard_msgs/srv/detail/get_robot_mode__struct.hpp
[3.802s] -- Up-to-date symlink: /home/ubuntu/workspace/robotics_v1/install/ur_dashboard_msgs/include/ur_dashboard_msgs/srv/detail/get_robot_mode__traits.hpp
[3.803s] -- Up-to-date symlink: /home/ubuntu/workspace/robotics_v1/install/ur_dashboard_msgs/include/ur_dashboard_msgs/srv/detail/get_safety_mode__builder.hpp
[3.803s] -- Up-to-date symlink: /home/ubuntu/workspace/robotics_v1/install/ur_dashboard_msgs/include/ur_dashboard_msgs/srv/detail/get_safety_mode__struct.hpp
[3.804s] -- Up-to-date symlink: /home/ubuntu/workspace/robotics_v1/install/ur_dashboard_msgs/include/ur_dashboard_msgs/srv/detail/get_safety_mode__traits.hpp
[3.805s] -- Up-to-date symlink: /home/ubuntu/workspace/robotics_v1/install/ur_dashboard_msgs/include/ur_dashboard_msgs/srv/detail/is_program_running__builder.hpp
[3.806s] -- Up-to-date symlink: /home/ubuntu/workspace/robotics_v1/install/ur_dashboard_msgs/include/ur_dashboard_msgs/srv/detail/is_program_running__struct.hpp
[3.808s] -- Up-to-date symlink: /home/ubuntu/workspace/robotics_v1/install/ur_dashboard_msgs/include/ur_dashboard_msgs/srv/detail/is_program_running__traits.hpp
[3.809s] -- Up-to-date symlink: /home/ubuntu/workspace/robotics_v1/install/ur_dashboard_msgs/include/ur_dashboard_msgs/srv/detail/is_program_saved__builder.hpp
[3.810s] -- Up-to-date symlink: /home/ubuntu/workspace/robotics_v1/install/ur_dashboard_msgs/include/ur_dashboard_msgs/srv/detail/is_program_saved__struct.hpp
[3.810s] -- Up-to-date symlink: /home/ubuntu/workspace/robotics_v1/install/ur_dashboard_msgs/include/ur_dashboard_msgs/srv/detail/is_program_saved__traits.hpp
[3.811s] -- Up-to-date symlink: /home/ubuntu/workspace/robotics_v1/install/ur_dashboard_msgs/include/ur_dashboard_msgs/srv/detail/load__builder.hpp
[3.814s] -- Up-to-date symlink: /home/ubuntu/workspace/robotics_v1/install/ur_dashboard_msgs/include/ur_dashboard_msgs/srv/detail/load__struct.hpp
[3.814s] -- Up-to-date symlink: /home/ubuntu/workspace/robotics_v1/install/ur_dashboard_msgs/include/ur_dashboard_msgs/srv/detail/load__traits.hpp
[3.815s] -- Up-to-date symlink: /home/ubuntu/workspace/robotics_v1/install/ur_dashboard_msgs/include/ur_dashboard_msgs/srv/detail/popup__builder.hpp
[3.816s] -- Up-to-date symlink: /home/ubuntu/workspace/robotics_v1/install/ur_dashboard_msgs/include/ur_dashboard_msgs/srv/detail/popup__struct.hpp
[3.816s] -- Up-to-date symlink: /home/ubuntu/workspace/robotics_v1/install/ur_dashboard_msgs/include/ur_dashboard_msgs/srv/detail/popup__traits.hpp
[3.817s] -- Up-to-date symlink: /home/ubuntu/workspace/robotics_v1/install/ur_dashboard_msgs/include/ur_dashboard_msgs/srv/detail/raw_request__builder.hpp
[3.817s] -- Up-to-date symlink: /home/ubuntu/workspace/robotics_v1/install/ur_dashboard_msgs/include/ur_dashboard_msgs/srv/detail/raw_request__struct.hpp
[3.818s] -- Up-to-date symlink: /home/ubuntu/workspace/robotics_v1/install/ur_dashboard_msgs/include/ur_dashboard_msgs/srv/detail/raw_request__traits.hpp
[3.819s] -- Up-to-date symlink: /home/ubuntu/workspace/robotics_v1/install/ur_dashboard_msgs/include/ur_dashboard_msgs/srv/get_loaded_program.hpp
[3.820s] -- Up-to-date symlink: /home/ubuntu/workspace/robotics_v1/install/ur_dashboard_msgs/include/ur_dashboard_msgs/srv/get_program_state.hpp
[3.821s] -- Up-to-date symlink: /home/ubuntu/workspace/robotics_v1/install/ur_dashboard_msgs/include/ur_dashboard_msgs/srv/get_robot_mode.hpp
[3.822s] -- Up-to-date symlink: /home/ubuntu/workspace/robotics_v1/install/ur_dashboard_msgs/include/ur_dashboard_msgs/srv/get_safety_mode.hpp
[3.823s] -- Up-to-date symlink: /home/ubuntu/workspace/robotics_v1/install/ur_dashboard_msgs/include/ur_dashboard_msgs/srv/is_program_running.hpp
[3.823s] -- Up-to-date symlink: /home/ubuntu/workspace/robotics_v1/install/ur_dashboard_msgs/include/ur_dashboard_msgs/srv/is_program_saved.hpp
[3.824s] -- Up-to-date symlink: /home/ubuntu/workspace/robotics_v1/install/ur_dashboard_msgs/include/ur_dashboard_msgs/srv/load.hpp
[3.825s] -- Up-to-date symlink: /home/ubuntu/workspace/robotics_v1/install/ur_dashboard_msgs/include/ur_dashboard_msgs/srv/popup.hpp
[3.825s] -- Up-to-date symlink: /home/ubuntu/workspace/robotics_v1/install/ur_dashboard_msgs/include/ur_dashboard_msgs/srv/raw_request.hpp
[3.827s] -- Up-to-date symlink: /home/ubuntu/workspace/robotics_v1/install/ur_dashboard_msgs/include/ur_dashboard_msgs/action/detail/set_mode__rosidl_typesupport_introspection_cpp.hpp
[3.827s] -- Up-to-date symlink: /home/ubuntu/workspace/robotics_v1/install/ur_dashboard_msgs/include/ur_dashboard_msgs/msg/detail/program_state__rosidl_typesupport_introspection_cpp.hpp
[3.827s] -- Up-to-date symlink: /home/ubuntu/workspace/robotics_v1/install/ur_dashboard_msgs/include/ur_dashboard_msgs/msg/detail/robot_mode__rosidl_typesupport_introspection_cpp.hpp
[3.828s] -- Up-to-date symlink: /home/ubuntu/workspace/robotics_v1/install/ur_dashboard_msgs/include/ur_dashboard_msgs/msg/detail/safety_mode__rosidl_typesupport_introspection_cpp.hpp
[3.829s] -- Up-to-date symlink: /home/ubuntu/workspace/robotics_v1/install/ur_dashboard_msgs/include/ur_dashboard_msgs/srv/detail/add_to_log__rosidl_typesupport_introspection_cpp.hpp
[3.830s] -- Up-to-date symlink: /home/ubuntu/workspace/robotics_v1/install/ur_dashboard_msgs/include/ur_dashboard_msgs/srv/detail/get_loaded_program__rosidl_typesupport_introspection_cpp.hpp
[3.830s] -- Up-to-date symlink: /home/ubuntu/workspace/robotics_v1/install/ur_dashboard_msgs/include/ur_dashboard_msgs/srv/detail/get_program_state__rosidl_typesupport_introspection_cpp.hpp
[3.831s] -- Up-to-date symlink: /home/ubuntu/workspace/robotics_v1/install/ur_dashboard_msgs/include/ur_dashboard_msgs/srv/detail/get_robot_mode__rosidl_typesupport_introspection_cpp.hpp
[3.832s] -- Up-to-date symlink: /home/ubuntu/workspace/robotics_v1/install/ur_dashboard_msgs/include/ur_dashboard_msgs/srv/detail/get_safety_mode__rosidl_typesupport_introspection_cpp.hpp
[3.833s] -- Up-to-date symlink: /home/ubuntu/workspace/robotics_v1/install/ur_dashboard_msgs/include/ur_dashboard_msgs/srv/detail/is_program_running__rosidl_typesupport_introspection_cpp.hpp
[3.834s] -- Up-to-date symlink: /home/ubuntu/workspace/robotics_v1/install/ur_dashboard_msgs/include/ur_dashboard_msgs/srv/detail/is_program_saved__rosidl_typesupport_introspection_cpp.hpp
[3.834s] -- Up-to-date symlink: /home/ubuntu/workspace/robotics_v1/install/ur_dashboard_msgs/include/ur_dashboard_msgs/srv/detail/load__rosidl_typesupport_introspection_cpp.hpp
[3.835s] -- Up-to-date symlink: /home/ubuntu/workspace/robotics_v1/install/ur_dashboard_msgs/include/ur_dashboard_msgs/srv/detail/popup__rosidl_typesupport_introspection_cpp.hpp
[3.835s] -- Up-to-date symlink: /home/ubuntu/workspace/robotics_v1/install/ur_dashboard_msgs/include/ur_dashboard_msgs/srv/detail/raw_request__rosidl_typesupport_introspection_cpp.hpp
[3.836s] -- Up-to-date symlink: /home/ubuntu/workspace/robotics_v1/install/ur_dashboard_msgs/share/ur_dashboard_msgs/environment/pythonpath.sh
[3.837s] -- Up-to-date symlink: /home/ubuntu/workspace/robotics_v1/install/ur_dashboard_msgs/share/ur_dashboard_msgs/environment/pythonpath.dsv
[3.838s] -- Up-to-date symlink: /home/ubuntu/workspace/robotics_v1/install/ur_dashboard_msgs/lib/python3.8/site-packages/ur_dashboard_msgs/__init__.py
[3.838s] -- Up-to-date symlink: /home/ubuntu/workspace/robotics_v1/install/ur_dashboard_msgs/lib/python3.8/site-packages/ur_dashboard_msgs/msg/__init__.py
[3.840s] -- Up-to-date symlink: /home/ubuntu/workspace/robotics_v1/install/ur_dashboard_msgs/lib/python3.8/site-packages/ur_dashboard_msgs/msg/_program_state.py
[3.840s] -- Up-to-date symlink: /home/ubuntu/workspace/robotics_v1/install/ur_dashboard_msgs/lib/python3.8/site-packages/ur_dashboard_msgs/msg/_robot_mode.py
[3.841s] -- Up-to-date symlink: /home/ubuntu/workspace/robotics_v1/install/ur_dashboard_msgs/lib/python3.8/site-packages/ur_dashboard_msgs/msg/_safety_mode.py
[3.844s] -- Up-to-date symlink: /home/ubuntu/workspace/robotics_v1/install/ur_dashboard_msgs/lib/python3.8/site-packages/ur_dashboard_msgs/srv/__init__.py
[3.845s] -- Up-to-date symlink: /home/ubuntu/workspace/robotics_v1/install/ur_dashboard_msgs/lib/python3.8/site-packages/ur_dashboard_msgs/srv/_add_to_log.py
[3.847s] -- Up-to-date symlink: /home/ubuntu/workspace/robotics_v1/install/ur_dashboard_msgs/lib/python3.8/site-packages/ur_dashboard_msgs/srv/_get_loaded_program.py
[3.848s] -- Up-to-date symlink: /home/ubuntu/workspace/robotics_v1/install/ur_dashboard_msgs/lib/python3.8/site-packages/ur_dashboard_msgs/srv/_get_program_state.py
[3.849s] -- Up-to-date symlink: /home/ubuntu/workspace/robotics_v1/install/ur_dashboard_msgs/lib/python3.8/site-packages/ur_dashboard_msgs/srv/_get_robot_mode.py
[3.851s] -- Up-to-date symlink: /home/ubuntu/workspace/robotics_v1/install/ur_dashboard_msgs/lib/python3.8/site-packages/ur_dashboard_msgs/srv/_get_safety_mode.py
[3.851s] -- Up-to-date symlink: /home/ubuntu/workspace/robotics_v1/install/ur_dashboard_msgs/lib/python3.8/site-packages/ur_dashboard_msgs/srv/_is_program_running.py
[3.853s] -- Up-to-date symlink: /home/ubuntu/workspace/robotics_v1/install/ur_dashboard_msgs/lib/python3.8/site-packages/ur_dashboard_msgs/srv/_is_program_saved.py
[3.854s] -- Up-to-date symlink: /home/ubuntu/workspace/robotics_v1/install/ur_dashboard_msgs/lib/python3.8/site-packages/ur_dashboard_msgs/srv/_load.py
[3.854s] -- Up-to-date symlink: /home/ubuntu/workspace/robotics_v1/install/ur_dashboard_msgs/lib/python3.8/site-packages/ur_dashboard_msgs/srv/_popup.py
[3.855s] -- Up-to-date symlink: /home/ubuntu/workspace/robotics_v1/install/ur_dashboard_msgs/lib/python3.8/site-packages/ur_dashboard_msgs/srv/_raw_request.py
[3.856s] -- Up-to-date symlink: /home/ubuntu/workspace/robotics_v1/install/ur_dashboard_msgs/lib/python3.8/site-packages/ur_dashboard_msgs/action/__init__.py
[3.858s] -- Up-to-date symlink: /home/ubuntu/workspace/robotics_v1/install/ur_dashboard_msgs/lib/python3.8/site-packages/ur_dashboard_msgs/action/_set_mode.py
[3.859s] -- Up-to-date symlink: /home/ubuntu/workspace/robotics_v1/install/ur_dashboard_msgs/lib/python3.8/site-packages/ur_dashboard_msgs/ur_dashboard_msgs_s__rosidl_typesupport_fastrtps_c.cpython-38-x86_64-linux-gnu.so
[3.860s] -- Up-to-date symlink: /home/ubuntu/workspace/robotics_v1/install/ur_dashboard_msgs/lib/python3.8/site-packages/ur_dashboard_msgs/ur_dashboard_msgs_s__rosidl_typesupport_introspection_c.cpython-38-x86_64-linux-gnu.so
[3.860s] -- Up-to-date symlink: /home/ubuntu/workspace/robotics_v1/install/ur_dashboard_msgs/lib/python3.8/site-packages/ur_dashboard_msgs/ur_dashboard_msgs_s__rosidl_typesupport_c.cpython-38-x86_64-linux-gnu.so
[3.861s] -- Up-to-date symlink: /home/ubuntu/workspace/robotics_v1/install/ur_dashboard_msgs/lib/libur_dashboard_msgs__python.so
[3.862s] -- Up-to-date symlink: /home/ubuntu/workspace/robotics_v1/install/ur_dashboard_msgs/share/ur_dashboard_msgs/msg/ProgramState.idl
[3.863s] -- Up-to-date symlink: /home/ubuntu/workspace/robotics_v1/install/ur_dashboard_msgs/share/ur_dashboard_msgs/msg/RobotMode.idl
[3.863s] -- Up-to-date symlink: /home/ubuntu/workspace/robotics_v1/install/ur_dashboard_msgs/share/ur_dashboard_msgs/msg/SafetyMode.idl
[3.864s] -- Up-to-date symlink: /home/ubuntu/workspace/robotics_v1/install/ur_dashboard_msgs/share/ur_dashboard_msgs/srv/AddToLog.idl
[3.864s] -- Up-to-date symlink: /home/ubuntu/workspace/robotics_v1/install/ur_dashboard_msgs/share/ur_dashboard_msgs/srv/GetLoadedProgram.idl
[3.865s] -- Up-to-date symlink: /home/ubuntu/workspace/robotics_v1/install/ur_dashboard_msgs/share/ur_dashboard_msgs/srv/GetProgramState.idl
[3.865s] -- Up-to-date symlink: /home/ubuntu/workspace/robotics_v1/install/ur_dashboard_msgs/share/ur_dashboard_msgs/srv/GetRobotMode.idl
[3.866s] -- Up-to-date symlink: /home/ubuntu/workspace/robotics_v1/install/ur_dashboard_msgs/share/ur_dashboard_msgs/srv/GetSafetyMode.idl
[3.866s] -- Up-to-date symlink: /home/ubuntu/workspace/robotics_v1/install/ur_dashboard_msgs/share/ur_dashboard_msgs/srv/IsProgramRunning.idl
[3.867s] -- Up-to-date symlink: /home/ubuntu/workspace/robotics_v1/install/ur_dashboard_msgs/share/ur_dashboard_msgs/srv/IsProgramSaved.idl
[3.867s] -- Up-to-date symlink: /home/ubuntu/workspace/robotics_v1/install/ur_dashboard_msgs/share/ur_dashboard_msgs/srv/Load.idl
[3.868s] -- Up-to-date symlink: /home/ubuntu/workspace/robotics_v1/install/ur_dashboard_msgs/share/ur_dashboard_msgs/srv/Popup.idl
[3.868s] -- Up-to-date symlink: /home/ubuntu/workspace/robotics_v1/install/ur_dashboard_msgs/share/ur_dashboard_msgs/srv/RawRequest.idl
[3.869s] -- Up-to-date symlink: /home/ubuntu/workspace/robotics_v1/install/ur_dashboard_msgs/share/ur_dashboard_msgs/action/SetMode.idl
[3.869s] -- Up-to-date symlink: /home/ubuntu/workspace/robotics_v1/install/ur_dashboard_msgs/share/ur_dashboard_msgs/msg/ProgramState.msg
[3.871s] -- Up-to-date symlink: /home/ubuntu/workspace/robotics_v1/install/ur_dashboard_msgs/share/ur_dashboard_msgs/msg/RobotMode.msg
[3.871s] -- Up-to-date symlink: /home/ubuntu/workspace/robotics_v1/install/ur_dashboard_msgs/share/ur_dashboard_msgs/msg/SafetyMode.msg
[3.871s] -- Up-to-date symlink: /home/ubuntu/workspace/robotics_v1/install/ur_dashboard_msgs/share/ur_dashboard_msgs/srv/AddToLog.srv
[3.871s] -- Up-to-date symlink: /home/ubuntu/workspace/robotics_v1/install/ur_dashboard_msgs/share/ur_dashboard_msgs/srv/AddToLog_Request.msg
[3.872s] -- Up-to-date symlink: /home/ubuntu/workspace/robotics_v1/install/ur_dashboard_msgs/share/ur_dashboard_msgs/srv/AddToLog_Response.msg
[3.872s] -- Up-to-date symlink: /home/ubuntu/workspace/robotics_v1/install/ur_dashboard_msgs/share/ur_dashboard_msgs/srv/GetLoadedProgram.srv
[3.872s] -- Up-to-date symlink: /home/ubuntu/workspace/robotics_v1/install/ur_dashboard_msgs/share/ur_dashboard_msgs/srv/GetLoadedProgram_Request.msg
[3.873s] -- Up-to-date symlink: /home/ubuntu/workspace/robotics_v1/install/ur_dashboard_msgs/share/ur_dashboard_msgs/srv/GetLoadedProgram_Response.msg
[3.874s] -- Up-to-date symlink: /home/ubuntu/workspace/robotics_v1/install/ur_dashboard_msgs/share/ur_dashboard_msgs/srv/GetProgramState.srv
[3.874s] -- Up-to-date symlink: /home/ubuntu/workspace/robotics_v1/install/ur_dashboard_msgs/share/ur_dashboard_msgs/srv/GetProgramState_Request.msg
[3.874s] -- Up-to-date symlink: /home/ubuntu/workspace/robotics_v1/install/ur_dashboard_msgs/share/ur_dashboard_msgs/srv/GetProgramState_Response.msg
[3.875s] -- Up-to-date symlink: /home/ubuntu/workspace/robotics_v1/install/ur_dashboard_msgs/share/ur_dashboard_msgs/srv/GetRobotMode.srv
[3.875s] -- Up-to-date symlink: /home/ubuntu/workspace/robotics_v1/install/ur_dashboard_msgs/share/ur_dashboard_msgs/srv/GetRobotMode_Request.msg
[3.875s] -- Up-to-date symlink: /home/ubuntu/workspace/robotics_v1/install/ur_dashboard_msgs/share/ur_dashboard_msgs/srv/GetRobotMode_Response.msg
[3.876s] -- Up-to-date symlink: /home/ubuntu/workspace/robotics_v1/install/ur_dashboard_msgs/share/ur_dashboard_msgs/srv/GetSafetyMode.srv
[3.876s] -- Up-to-date symlink: /home/ubuntu/workspace/robotics_v1/install/ur_dashboard_msgs/share/ur_dashboard_msgs/srv/GetSafetyMode_Request.msg
[3.876s] -- Up-to-date symlink: /home/ubuntu/workspace/robotics_v1/install/ur_dashboard_msgs/share/ur_dashboard_msgs/srv/GetSafetyMode_Response.msg
[3.877s] -- Up-to-date symlink: /home/ubuntu/workspace/robotics_v1/install/ur_dashboard_msgs/share/ur_dashboard_msgs/srv/IsProgramRunning.srv
[3.877s] -- Up-to-date symlink: /home/ubuntu/workspace/robotics_v1/install/ur_dashboard_msgs/share/ur_dashboard_msgs/srv/IsProgramRunning_Request.msg
[3.877s] -- Up-to-date symlink: /home/ubuntu/workspace/robotics_v1/install/ur_dashboard_msgs/share/ur_dashboard_msgs/srv/IsProgramRunning_Response.msg
[3.878s] -- Up-to-date symlink: /home/ubuntu/workspace/robotics_v1/install/ur_dashboard_msgs/share/ur_dashboard_msgs/srv/IsProgramSaved.srv
[3.878s] -- Up-to-date symlink: /home/ubuntu/workspace/robotics_v1/install/ur_dashboard_msgs/share/ur_dashboard_msgs/srv/IsProgramSaved_Request.msg
[3.878s] -- Up-to-date symlink: /home/ubuntu/workspace/robotics_v1/install/ur_dashboard_msgs/share/ur_dashboard_msgs/srv/IsProgramSaved_Response.msg
[3.879s] -- Up-to-date symlink: /home/ubuntu/workspace/robotics_v1/install/ur_dashboard_msgs/share/ur_dashboard_msgs/srv/Load.srv
[3.879s] -- Up-to-date symlink: /home/ubuntu/workspace/robotics_v1/install/ur_dashboard_msgs/share/ur_dashboard_msgs/srv/Load_Request.msg
[3.880s] -- Up-to-date symlink: /home/ubuntu/workspace/robotics_v1/install/ur_dashboard_msgs/share/ur_dashboard_msgs/srv/Load_Response.msg
[3.880s] -- Up-to-date symlink: /home/ubuntu/workspace/robotics_v1/install/ur_dashboard_msgs/share/ur_dashboard_msgs/srv/Popup.srv
[3.880s] -- Up-to-date symlink: /home/ubuntu/workspace/robotics_v1/install/ur_dashboard_msgs/share/ur_dashboard_msgs/srv/Popup_Request.msg
[3.881s] -- Up-to-date symlink: /home/ubuntu/workspace/robotics_v1/install/ur_dashboard_msgs/share/ur_dashboard_msgs/srv/Popup_Response.msg
[3.881s] -- Up-to-date symlink: /home/ubuntu/workspace/robotics_v1/install/ur_dashboard_msgs/share/ur_dashboard_msgs/srv/RawRequest.srv
[3.882s] -- Up-to-date symlink: /home/ubuntu/workspace/robotics_v1/install/ur_dashboard_msgs/share/ur_dashboard_msgs/srv/RawRequest_Request.msg
[3.883s] -- Up-to-date symlink: /home/ubuntu/workspace/robotics_v1/install/ur_dashboard_msgs/share/ur_dashboard_msgs/srv/RawRequest_Response.msg
[3.885s] -- Up-to-date symlink: /home/ubuntu/workspace/robotics_v1/install/ur_dashboard_msgs/share/ur_dashboard_msgs/action/SetMode.action
[3.887s] -- Up-to-date symlink: /home/ubuntu/workspace/robotics_v1/install/ur_dashboard_msgs/share/ament_index/resource_index/package_run_dependencies/ur_dashboard_msgs
[3.889s] -- Up-to-date symlink: /home/ubuntu/workspace/robotics_v1/install/ur_dashboard_msgs/share/ament_index/resource_index/parent_prefix_path/ur_dashboard_msgs
[3.891s] -- Up-to-date symlink: /home/ubuntu/workspace/robotics_v1/install/ur_dashboard_msgs/share/ur_dashboard_msgs/environment/ament_prefix_path.sh
[3.892s] -- Up-to-date symlink: /home/ubuntu/workspace/robotics_v1/install/ur_dashboard_msgs/share/ur_dashboard_msgs/environment/ament_prefix_path.dsv
[3.894s] -- Up-to-date symlink: /home/ubuntu/workspace/robotics_v1/install/ur_dashboard_msgs/share/ur_dashboard_msgs/environment/path.sh
[3.896s] -- Up-to-date symlink: /home/ubuntu/workspace/robotics_v1/install/ur_dashboard_msgs/share/ur_dashboard_msgs/environment/path.dsv
[3.897s] -- Up-to-date symlink: /home/ubuntu/workspace/robotics_v1/install/ur_dashboard_msgs/share/ur_dashboard_msgs/local_setup.bash
[3.898s] -- Up-to-date symlink: /home/ubuntu/workspace/robotics_v1/install/ur_dashboard_msgs/share/ur_dashboard_msgs/local_setup.sh
[3.900s] -- Up-to-date symlink: /home/ubuntu/workspace/robotics_v1/install/ur_dashboard_msgs/share/ur_dashboard_msgs/local_setup.zsh
[3.902s] -- Up-to-date symlink: /home/ubuntu/workspace/robotics_v1/install/ur_dashboard_msgs/share/ur_dashboard_msgs/local_setup.dsv
[3.903s] -- Symlinking: /home/ubuntu/workspace/robotics_v1/install/ur_dashboard_msgs/share/ur_dashboard_msgs/package.dsv
[3.946s] -- Up-to-date symlink: /home/ubuntu/workspace/robotics_v1/install/ur_dashboard_msgs/share/ament_index/resource_index/packages/ur_dashboard_msgs
[3.947s] -- Up-to-date symlink: /home/ubuntu/workspace/robotics_v1/install/ur_dashboard_msgs/share/ur_dashboard_msgs/cmake/rosidl_cmake-extras.cmake
[3.947s] -- Up-to-date symlink: /home/ubuntu/workspace/robotics_v1/install/ur_dashboard_msgs/share/ur_dashboard_msgs/cmake/ament_cmake_export_dependencies-extras.cmake
[3.951s] -- Up-to-date symlink: /home/ubuntu/workspace/robotics_v1/install/ur_dashboard_msgs/share/ur_dashboard_msgs/cmake/ament_cmake_export_libraries-extras.cmake
[3.951s] -- Up-to-date symlink: /home/ubuntu/workspace/robotics_v1/install/ur_dashboard_msgs/share/ur_dashboard_msgs/cmake/ament_cmake_export_targets-extras.cmake
[3.952s] -- Up-to-date symlink: /home/ubuntu/workspace/robotics_v1/install/ur_dashboard_msgs/share/ur_dashboard_msgs/cmake/ament_cmake_export_include_directories-extras.cmake
[3.952s] -- Up-to-date symlink: /home/ubuntu/workspace/robotics_v1/install/ur_dashboard_msgs/share/ur_dashboard_msgs/cmake/rosidl_cmake_export_typesupport_libraries-extras.cmake
[3.958s] -- Up-to-date symlink: /home/ubuntu/workspace/robotics_v1/install/ur_dashboard_msgs/share/ur_dashboard_msgs/cmake/rosidl_cmake_export_typesupport_targets-extras.cmake
[3.958s] -- Up-to-date symlink: /home/ubuntu/workspace/robotics_v1/install/ur_dashboard_msgs/share/ur_dashboard_msgs/cmake/ur_dashboard_msgsConfig.cmake
[3.958s] -- Up-to-date symlink: /home/ubuntu/workspace/robotics_v1/install/ur_dashboard_msgs/share/ur_dashboard_msgs/cmake/ur_dashboard_msgsConfig-version.cmake
[3.958s] -- Up-to-date symlink: /home/ubuntu/workspace/robotics_v1/install/ur_dashboard_msgs/share/ur_dashboard_msgs/package.xml
[3.959s] -- Up-to-date: /home/ubuntu/workspace/robotics_v1/install/ur_dashboard_msgs/lib/libur_dashboard_msgs__rosidl_generator_c.so
[3.959s] -- Up-to-date: /home/ubuntu/workspace/robotics_v1/install/ur_dashboard_msgs/lib/libur_dashboard_msgs__rosidl_typesupport_introspection_c.so
[3.959s] -- Up-to-date: /home/ubuntu/workspace/robotics_v1/install/ur_dashboard_msgs/lib/libur_dashboard_msgs__rosidl_typesupport_c.so
[3.960s] -- Up-to-date: /home/ubuntu/workspace/robotics_v1/install/ur_dashboard_msgs/lib/libur_dashboard_msgs__rosidl_typesupport_introspection_cpp.so
[3.961s] -- Up-to-date: /home/ubuntu/workspace/robotics_v1/install/ur_dashboard_msgs/lib/libur_dashboard_msgs__rosidl_typesupport_cpp.so
[4.078s] -- Up-to-date: /home/ubuntu/workspace/robotics_v1/install/ur_dashboard_msgs/share/ur_dashboard_msgs/cmake/ur_dashboard_msgs__rosidl_generator_cExport.cmake
[4.079s] -- Up-to-date: /home/ubuntu/workspace/robotics_v1/install/ur_dashboard_msgs/share/ur_dashboard_msgs/cmake/ur_dashboard_msgs__rosidl_generator_cExport-debug.cmake
[4.079s] -- Up-to-date: /home/ubuntu/workspace/robotics_v1/install/ur_dashboard_msgs/share/ur_dashboard_msgs/cmake/ur_dashboard_msgs__rosidl_typesupport_introspection_cExport.cmake
[4.079s] -- Up-to-date: /home/ubuntu/workspace/robotics_v1/install/ur_dashboard_msgs/share/ur_dashboard_msgs/cmake/ur_dashboard_msgs__rosidl_typesupport_introspection_cExport-debug.cmake
[4.080s] -- Up-to-date: /home/ubuntu/workspace/robotics_v1/install/ur_dashboard_msgs/share/ur_dashboard_msgs/cmake/ur_dashboard_msgs__rosidl_typesupport_cExport.cmake
[4.080s] -- Up-to-date: /home/ubuntu/workspace/robotics_v1/install/ur_dashboard_msgs/share/ur_dashboard_msgs/cmake/ur_dashboard_msgs__rosidl_typesupport_cExport-debug.cmake
[4.080s] -- Up-to-date: /home/ubuntu/workspace/robotics_v1/install/ur_dashboard_msgs/share/ur_dashboard_msgs/cmake/ur_dashboard_msgs__rosidl_generator_cppExport.cmake
[4.081s] -- Up-to-date: /home/ubuntu/workspace/robotics_v1/install/ur_dashboard_msgs/share/ur_dashboard_msgs/cmake/ur_dashboard_msgs__rosidl_typesupport_introspection_cppExport.cmake
[4.081s] -- Up-to-date: /home/ubuntu/workspace/robotics_v1/install/ur_dashboard_msgs/share/ur_dashboard_msgs/cmake/ur_dashboard_msgs__rosidl_typesupport_introspection_cppExport-debug.cmake
[4.081s] -- Up-to-date: /home/ubuntu/workspace/robotics_v1/install/ur_dashboard_msgs/share/ur_dashboard_msgs/cmake/ur_dashboard_msgs__rosidl_typesupport_cppExport.cmake
[4.081s] -- Up-to-date: /home/ubuntu/workspace/robotics_v1/install/ur_dashboard_msgs/share/ur_dashboard_msgs/cmake/ur_dashboard_msgs__rosidl_typesupport_cppExport-debug.cmake
[4.095s] Invoked command in '/home/ubuntu/workspace/robotics_v1/build/ur_dashboard_msgs' returned '0': CMAKE_PREFIX_PATH=/opt/ros/foxy /usr/bin/cmake --install /home/ubuntu/workspace/robotics_v1/build/ur_dashboard_msgs
