[0.163s] Invoking command in '/home/ubuntu/workspace/robotics_v1/build/ur_moveit_config': CMAKE_PREFIX_PATH=/opt/ros/foxy /usr/bin/cmake --build /home/ubuntu/workspace/robotics_v1/build/ur_moveit_config -- -j4 -l4
[0.392s] Invoked command in '/home/ubuntu/workspace/robotics_v1/build/ur_moveit_config' returned '0': CMAKE_PREFIX_PATH=/opt/ros/foxy /usr/bin/cmake --build /home/ubuntu/workspace/robotics_v1/build/ur_moveit_config -- -j4 -l4
[0.529s] Invoking command in '/home/ubuntu/workspace/robotics_v1/build/ur_moveit_config': CMAKE_PREFIX_PATH=/opt/ros/foxy /usr/bin/cmake --install /home/ubuntu/workspace/robotics_v1/build/ur_moveit_config
[0.565s] -- Install configuration: "Debug"
[0.568s] -- Execute custom install script
[0.569s] -- Up-to-date symlink: /home/ubuntu/workspace/robotics_v1/install/ur_moveit_config/share/ur_moveit_config/config/controllers.yaml
[0.569s] -- Up-to-date symlink: /home/ubuntu/workspace/robotics_v1/install/ur_moveit_config/share/ur_moveit_config/config/kinematics.yaml
[0.569s] -- Up-to-date symlink: /home/ubuntu/workspace/robotics_v1/install/ur_moveit_config/share/ur_moveit_config/config/ompl_planning.yaml
[0.570s] -- Up-to-date symlink: /home/ubuntu/workspace/robotics_v1/install/ur_moveit_config/share/ur_moveit_config/rviz/view_robot.rviz
[0.571s] -- Up-to-date symlink: /home/ubuntu/workspace/robotics_v1/install/ur_moveit_config/share/ur_moveit_config/srdf/ur.srdf.xacro
[0.571s] -- Up-to-date symlink: /home/ubuntu/workspace/robotics_v1/install/ur_moveit_config/share/ur_moveit_config/srdf/ur_macro.srdf.xacro
[0.572s] -- Up-to-date symlink: /home/ubuntu/workspace/robotics_v1/install/ur_moveit_config/share/ament_index/resource_index/package_run_dependencies/ur_moveit_config
[0.573s] -- Up-to-date symlink: /home/ubuntu/workspace/robotics_v1/install/ur_moveit_config/share/ament_index/resource_index/parent_prefix_path/ur_moveit_config
[0.573s] -- Up-to-date symlink: /home/ubuntu/workspace/robotics_v1/install/ur_moveit_config/share/ur_moveit_config/environment/ament_prefix_path.sh
[0.574s] -- Up-to-date symlink: /home/ubuntu/workspace/robotics_v1/install/ur_moveit_config/share/ur_moveit_config/environment/ament_prefix_path.dsv
[0.581s] -- Up-to-date symlink: /home/ubuntu/workspace/robotics_v1/install/ur_moveit_config/share/ur_moveit_config/environment/path.sh
[0.582s] -- Up-to-date symlink: /home/ubuntu/workspace/robotics_v1/install/ur_moveit_config/share/ur_moveit_config/environment/path.dsv
[0.582s] -- Up-to-date symlink: /home/ubuntu/workspace/robotics_v1/install/ur_moveit_config/share/ur_moveit_config/local_setup.bash
[0.585s] -- Up-to-date symlink: /home/ubuntu/workspace/robotics_v1/install/ur_moveit_config/share/ur_moveit_config/local_setup.sh
[0.585s] -- Up-to-date symlink: /home/ubuntu/workspace/robotics_v1/install/ur_moveit_config/share/ur_moveit_config/local_setup.zsh
[0.585s] -- Up-to-date symlink: /home/ubuntu/workspace/robotics_v1/install/ur_moveit_config/share/ur_moveit_config/local_setup.dsv
[0.586s] -- Symlinking: /home/ubuntu/workspace/robotics_v1/install/ur_moveit_config/share/ur_moveit_config/package.dsv
[0.617s] -- Up-to-date symlink: /home/ubuntu/workspace/robotics_v1/install/ur_moveit_config/share/ament_index/resource_index/packages/ur_moveit_config
[0.617s] -- Up-to-date symlink: /home/ubuntu/workspace/robotics_v1/install/ur_moveit_config/share/ur_moveit_config/cmake/ur_moveit_configConfig.cmake
[0.617s] -- Up-to-date symlink: /home/ubuntu/workspace/robotics_v1/install/ur_moveit_config/share/ur_moveit_config/cmake/ur_moveit_configConfig-version.cmake
[0.618s] -- Up-to-date symlink: /home/ubuntu/workspace/robotics_v1/install/ur_moveit_config/share/ur_moveit_config/package.xml
[0.624s] Invoked command in '/home/ubuntu/workspace/robotics_v1/build/ur_moveit_config' returned '0': CMAKE_PREFIX_PATH=/opt/ros/foxy /usr/bin/cmake --install /home/ubuntu/workspace/robotics_v1/build/ur_moveit_config
