[0.308s] Invoking command in '/home/ubuntu/workspace/robotics_v1/build/ur_robot_driver': AMENT_PREFIX_PATH=/home/ubuntu/workspace/robotics_v1/install/ur_controllers:/home/ubuntu/workspace/robotics_v1/install/ur_description:/home/ubuntu/workspace/robotics_v1/install/ur_dashboard_msgs:/home/ubuntu/workspace/robotics_v1/install/ur_bringup:${AMENT_PREFIX_PATH} CMAKE_PREFIX_PATH=/home/ubuntu/workspace/robotics_v1/install/ur_controllers:/home/ubuntu/workspace/robotics_v1/install/ur_description:/home/ubuntu/workspace/robotics_v1/install/ur_dashboard_msgs:/home/ubuntu/workspace/robotics_v1/install/ur_client_library:/home/ubuntu/workspace/robotics_v1/install/ur_bringup:/opt/ros/foxy LD_LIBRARY_PATH=/home/ubuntu/workspace/robotics_v1/install/ur_controllers/lib:/home/ubuntu/workspace/robotics_v1/install/ur_dashboard_msgs/lib:/home/ubuntu/workspace/robotics_v1/install/ur_client_library/lib:${LD_LIBRARY_PATH} PKG_CONFIG_PATH=/home/ubuntu/workspace/robotics_v1/install/ur_client_library/lib/x86_64-linux-gnu/pkgconfig:/home/ubuntu/workspace/robotics_v1/install/ur_client_library/lib/pkgconfig PYTHONPATH=/home/ubuntu/workspace/robotics_v1/install/ur_dashboard_msgs/lib/python3.8/site-packages:${PYTHONPATH} /usr/bin/cmake --build /home/ubuntu/workspace/robotics_v1/build/ur_robot_driver -- -j4 -l4
[0.981s] [ 50%] Built target dashboard_client
[1.036s] [100%] Built target ur_robot_driver_plugin
[1.108s] Invoked command in '/home/ubuntu/workspace/robotics_v1/build/ur_robot_driver' returned '0': AMENT_PREFIX_PATH=/home/ubuntu/workspace/robotics_v1/install/ur_controllers:/home/ubuntu/workspace/robotics_v1/install/ur_description:/home/ubuntu/workspace/robotics_v1/install/ur_dashboard_msgs:/home/ubuntu/workspace/robotics_v1/install/ur_bringup:${AMENT_PREFIX_PATH} CMAKE_PREFIX_PATH=/home/ubuntu/workspace/robotics_v1/install/ur_controllers:/home/ubuntu/workspace/robotics_v1/install/ur_description:/home/ubuntu/workspace/robotics_v1/install/ur_dashboard_msgs:/home/ubuntu/workspace/robotics_v1/install/ur_client_library:/home/ubuntu/workspace/robotics_v1/install/ur_bringup:/opt/ros/foxy LD_LIBRARY_PATH=/home/ubuntu/workspace/robotics_v1/install/ur_controllers/lib:/home/ubuntu/workspace/robotics_v1/install/ur_dashboard_msgs/lib:/home/ubuntu/workspace/robotics_v1/install/ur_client_library/lib:${LD_LIBRARY_PATH} PKG_CONFIG_PATH=/home/ubuntu/workspace/robotics_v1/install/ur_client_library/lib/x86_64-linux-gnu/pkgconfig:/home/ubuntu/workspace/robotics_v1/install/ur_client_library/lib/pkgconfig PYTHONPATH=/home/ubuntu/workspace/robotics_v1/install/ur_dashboard_msgs/lib/python3.8/site-packages:${PYTHONPATH} /usr/bin/cmake --build /home/ubuntu/workspace/robotics_v1/build/ur_robot_driver -- -j4 -l4
[1.498s] Invoking command in '/home/ubuntu/workspace/robotics_v1/build/ur_robot_driver': AMENT_PREFIX_PATH=/home/ubuntu/workspace/robotics_v1/install/ur_controllers:/home/ubuntu/workspace/robotics_v1/install/ur_description:/home/ubuntu/workspace/robotics_v1/install/ur_dashboard_msgs:/home/ubuntu/workspace/robotics_v1/install/ur_bringup:${AMENT_PREFIX_PATH} CMAKE_PREFIX_PATH=/home/ubuntu/workspace/robotics_v1/install/ur_controllers:/home/ubuntu/workspace/robotics_v1/install/ur_description:/home/ubuntu/workspace/robotics_v1/install/ur_dashboard_msgs:/home/ubuntu/workspace/robotics_v1/install/ur_client_library:/home/ubuntu/workspace/robotics_v1/install/ur_bringup:/opt/ros/foxy LD_LIBRARY_PATH=/home/ubuntu/workspace/robotics_v1/install/ur_controllers/lib:/home/ubuntu/workspace/robotics_v1/install/ur_dashboard_msgs/lib:/home/ubuntu/workspace/robotics_v1/install/ur_client_library/lib:${LD_LIBRARY_PATH} PKG_CONFIG_PATH=/home/ubuntu/workspace/robotics_v1/install/ur_client_library/lib/x86_64-linux-gnu/pkgconfig:/home/ubuntu/workspace/robotics_v1/install/ur_client_library/lib/pkgconfig PYTHONPATH=/home/ubuntu/workspace/robotics_v1/install/ur_dashboard_msgs/lib/python3.8/site-packages:${PYTHONPATH} /usr/bin/cmake --install /home/ubuntu/workspace/robotics_v1/build/ur_robot_driver
[1.544s] -- Install configuration: "Debug"
[1.547s] -- Execute custom install script
[1.551s] -- Up-to-date symlink: /home/ubuntu/workspace/robotics_v1/install/ur_robot_driver/share/ur_robot_driver//hardware_interface_plugin.xml
[1.566s] -- Up-to-date symlink: /home/ubuntu/workspace/robotics_v1/install/ur_robot_driver/lib/ur_robot_driver/dashboard_client
[1.571s] -- Up-to-date symlink: /home/ubuntu/workspace/robotics_v1/install/ur_robot_driver/lib/libur_robot_driver_plugin.so
[1.573s] -- Up-to-date symlink: /home/ubuntu/workspace/robotics_v1/install/ur_robot_driver/include/ur_robot_driver/dashboard_client_ros.hpp
[1.580s] -- Up-to-date symlink: /home/ubuntu/workspace/robotics_v1/install/ur_robot_driver/include/ur_robot_driver/hardware_interface.hpp
[1.582s] -- Up-to-date symlink: /home/ubuntu/workspace/robotics_v1/install/ur_robot_driver/include/ur_robot_driver/urcl_log_handler.hpp
[1.584s] -- Up-to-date symlink: /home/ubuntu/workspace/robotics_v1/install/ur_robot_driver/share/ur_robot_driver/environment/library_path.sh
[1.586s] -- Up-to-date symlink: /home/ubuntu/workspace/robotics_v1/install/ur_robot_driver/share/ur_robot_driver/environment/library_path.dsv
[1.588s] -- Up-to-date symlink: /home/ubuntu/workspace/robotics_v1/install/ur_robot_driver/bin/tool_communication
[1.595s] -- Up-to-date symlink: /home/ubuntu/workspace/robotics_v1/install/ur_robot_driver/share/ur_robot_driver/resources/Dockerfile
[1.595s] -- Up-to-date symlink: /home/ubuntu/workspace/robotics_v1/install/ur_robot_driver/share/ur_robot_driver/resources/externalcontrol-1.0.5.urcap
[1.598s] -- Up-to-date symlink: /home/ubuntu/workspace/robotics_v1/install/ur_robot_driver/share/ur_robot_driver/resources/ros_control.urscript
[1.601s] -- Up-to-date symlink: /home/ubuntu/workspace/robotics_v1/install/ur_robot_driver/share/ur_robot_driver/resources/rs485-1.0.urcap
[1.602s] -- Up-to-date symlink: /home/ubuntu/workspace/robotics_v1/install/ur_robot_driver/share/ur_robot_driver/resources/rtde_input_recipe.txt
[1.604s] -- Up-to-date symlink: /home/ubuntu/workspace/robotics_v1/install/ur_robot_driver/share/ur_robot_driver/resources/rtde_output_recipe.txt
[1.605s] -- Up-to-date symlink: /home/ubuntu/workspace/robotics_v1/install/ur_robot_driver/share/ur_robot_driver/resources/ursim_driver/README.md
[1.607s] -- Up-to-date symlink: /home/ubuntu/workspace/robotics_v1/install/ur_robot_driver/share/ur_robot_driver/resources/ursim_driver/build_and_run_docker_ursim_with_driver.sh
[1.614s] -- Up-to-date symlink: /home/ubuntu/workspace/robotics_v1/install/ur_robot_driver/share/ur_robot_driver/resources/ursim_driver/docker-compose.yml
[1.620s] -- Up-to-date symlink: /home/ubuntu/workspace/robotics_v1/install/ur_robot_driver/share/ur_robot_driver/resources/ursim_driver/driver/Dockerfile
[1.625s] -- Up-to-date symlink: /home/ubuntu/workspace/robotics_v1/install/ur_robot_driver/share/ur_robot_driver/resources/ursim_driver/driver/entrypoint.sh
[1.631s] -- Up-to-date symlink: /home/ubuntu/workspace/robotics_v1/install/ur_robot_driver/share/ur_robot_driver/resources/ursim_driver/driver/wait_dashboard_server.sh
[1.637s] -- Up-to-date symlink: /home/ubuntu/workspace/robotics_v1/install/ur_robot_driver/share/ur_robot_driver/resources/ursim_driver/resources/add_urcap.png
[1.643s] -- Up-to-date symlink: /home/ubuntu/workspace/robotics_v1/install/ur_robot_driver/share/ur_robot_driver/resources/ursim_driver/resources/added_external_ctrl.png
[1.648s] -- Up-to-date symlink: /home/ubuntu/workspace/robotics_v1/install/ur_robot_driver/share/ur_robot_driver/resources/ursim_driver/resources/added_urcap.png
[1.649s] -- Up-to-date symlink: /home/ubuntu/workspace/robotics_v1/install/ur_robot_driver/share/ur_robot_driver/resources/ursim_driver/resources/move_tab.png
[1.654s] -- Up-to-date symlink: /home/ubuntu/workspace/robotics_v1/install/ur_robot_driver/share/ur_robot_driver/resources/ursim_driver/resources/powered_on.png
[1.654s] -- Up-to-date symlink: /home/ubuntu/workspace/robotics_v1/install/ur_robot_driver/share/ur_robot_driver/resources/ursim_driver/resources/poweron_proc.png
[1.659s] -- Up-to-date symlink: /home/ubuntu/workspace/robotics_v1/install/ur_robot_driver/share/ur_robot_driver/resources/ursim_driver/resources/running_external_ctrl.png
[1.660s] -- Up-to-date symlink: /home/ubuntu/workspace/robotics_v1/install/ur_robot_driver/share/ur_robot_driver/resources/ursim_driver/resources/rviz.png
[1.660s] -- Up-to-date symlink: /home/ubuntu/workspace/robotics_v1/install/ur_robot_driver/share/ur_robot_driver/resources/ursim_driver/resources/settings.png
[1.660s] -- Up-to-date symlink: /home/ubuntu/workspace/robotics_v1/install/ur_robot_driver/share/ur_robot_driver/resources/ursim_driver/resources/terminal.png
[1.661s] -- Up-to-date symlink: /home/ubuntu/workspace/robotics_v1/install/ur_robot_driver/share/ur_robot_driver/resources/ursim_driver/resources/urcap_menu.png
[1.664s] -- Up-to-date symlink: /home/ubuntu/workspace/robotics_v1/install/ur_robot_driver/share/ur_robot_driver/resources/ursim_driver/resources/vncviewer_list.png
[1.666s] -- Up-to-date symlink: /home/ubuntu/workspace/robotics_v1/install/ur_robot_driver/share/ur_robot_driver/resources/ursim_driver/ursim/aux/.vol/urcap_ros_control.installation
[1.666s] -- Up-to-date symlink: /home/ubuntu/workspace/robotics_v1/install/ur_robot_driver/share/ur_robot_driver/resources/ursim_driver/ursim/aux/.vol/urcap_ros_control.script
[1.671s] -- Up-to-date symlink: /home/ubuntu/workspace/robotics_v1/install/ur_robot_driver/share/ur_robot_driver/resources/ursim_driver/ursim/aux/.vol/urcap_ros_control.txt
[1.671s] -- Up-to-date symlink: /home/ubuntu/workspace/robotics_v1/install/ur_robot_driver/share/ur_robot_driver/resources/ursim_driver/ursim/aux/.vol/urcap_ros_control.urp
[1.672s] -- Up-to-date symlink: /home/ubuntu/workspace/robotics_v1/install/ur_robot_driver/share/ur_robot_driver/resources/ursim_driver/ursim/aux/.vol/urcap_ros_control.variables
[1.674s] -- Up-to-date symlink: /home/ubuntu/workspace/robotics_v1/install/ur_robot_driver/share/ur_robot_driver/resources/ursim_driver/ursim/aux/externalcontrol-1.0.5.urcap
[1.676s] -- Up-to-date symlink: /home/ubuntu/workspace/robotics_v1/install/ur_robot_driver/share/ur_robot_driver/resources/ursim_driver/ursim/aux/ros_control.urscript
[1.677s] -- Up-to-date symlink: /home/ubuntu/workspace/robotics_v1/install/ur_robot_driver/share/ur_robot_driver/resources/ursim_driver/ursim/aux/rs485-1.0.urcap
[1.681s] -- Up-to-date symlink: /home/ubuntu/workspace/robotics_v1/install/ur_robot_driver/share/ur_robot_driver/resources/ursim_driver/ursim/g3/Dockerfile
[1.687s] -- Up-to-date symlink: /home/ubuntu/workspace/robotics_v1/install/ur_robot_driver/share/ur_robot_driver/resources/ursim_driver/ursim/g3/entrypoint.sh
[1.688s] -- Up-to-date symlink: /home/ubuntu/workspace/robotics_v1/install/ur_robot_driver/share/ur_robot_driver/resources/ursim_driver/ursim/g5/Dockerfile
[1.690s] -- Up-to-date symlink: /home/ubuntu/workspace/robotics_v1/install/ur_robot_driver/share/ur_robot_driver/resources/ursim_driver/ursim/g5/entrypoint.sh
[1.694s] -- Up-to-date symlink: /home/ubuntu/workspace/robotics_v1/install/ur_robot_driver/include/ur_robot_driver/dashboard_client_ros.hpp
[1.696s] -- Up-to-date symlink: /home/ubuntu/workspace/robotics_v1/install/ur_robot_driver/include/ur_robot_driver/hardware_interface.hpp
[1.699s] -- Up-to-date symlink: /home/ubuntu/workspace/robotics_v1/install/ur_robot_driver/include/ur_robot_driver/urcl_log_handler.hpp
[1.701s] -- Up-to-date symlink: /home/ubuntu/workspace/robotics_v1/install/ur_robot_driver/share/ament_index/resource_index/package_run_dependencies/ur_robot_driver
[1.703s] -- Up-to-date symlink: /home/ubuntu/workspace/robotics_v1/install/ur_robot_driver/share/ament_index/resource_index/parent_prefix_path/ur_robot_driver
[1.706s] -- Up-to-date symlink: /home/ubuntu/workspace/robotics_v1/install/ur_robot_driver/share/ur_robot_driver/environment/ament_prefix_path.sh
[1.708s] -- Up-to-date symlink: /home/ubuntu/workspace/robotics_v1/install/ur_robot_driver/share/ur_robot_driver/environment/ament_prefix_path.dsv
[1.722s] -- Up-to-date symlink: /home/ubuntu/workspace/robotics_v1/install/ur_robot_driver/share/ur_robot_driver/environment/path.sh
[1.723s] -- Up-to-date symlink: /home/ubuntu/workspace/robotics_v1/install/ur_robot_driver/share/ur_robot_driver/environment/path.dsv
[1.723s] -- Up-to-date symlink: /home/ubuntu/workspace/robotics_v1/install/ur_robot_driver/share/ur_robot_driver/local_setup.bash
[1.724s] -- Up-to-date symlink: /home/ubuntu/workspace/robotics_v1/install/ur_robot_driver/share/ur_robot_driver/local_setup.sh
[1.724s] -- Up-to-date symlink: /home/ubuntu/workspace/robotics_v1/install/ur_robot_driver/share/ur_robot_driver/local_setup.zsh
[1.724s] -- Up-to-date symlink: /home/ubuntu/workspace/robotics_v1/install/ur_robot_driver/share/ur_robot_driver/local_setup.dsv
[1.724s] -- Symlinking: /home/ubuntu/workspace/robotics_v1/install/ur_robot_driver/share/ur_robot_driver/package.dsv
[1.817s] -- Up-to-date symlink: /home/ubuntu/workspace/robotics_v1/install/ur_robot_driver/share/ament_index/resource_index/packages/ur_robot_driver
[1.818s] -- Up-to-date symlink: /home/ubuntu/workspace/robotics_v1/install/ur_robot_driver/share/ament_index/resource_index/hardware_interface__pluginlib__plugin/ur_robot_driver
[1.820s] -- Up-to-date symlink: /home/ubuntu/workspace/robotics_v1/install/ur_robot_driver/share/ur_robot_driver/cmake/ament_cmake_export_include_directories-extras.cmake
[1.821s] -- Up-to-date symlink: /home/ubuntu/workspace/robotics_v1/install/ur_robot_driver/share/ur_robot_driver/cmake/ament_cmake_export_libraries-extras.cmake
[1.833s] -- Up-to-date symlink: /home/ubuntu/workspace/robotics_v1/install/ur_robot_driver/share/ur_robot_driver/cmake/ament_cmake_export_dependencies-extras.cmake
[1.833s] -- Up-to-date symlink: /home/ubuntu/workspace/robotics_v1/install/ur_robot_driver/share/ur_robot_driver/cmake/ur_robot_driverConfig.cmake
[1.834s] -- Up-to-date symlink: /home/ubuntu/workspace/robotics_v1/install/ur_robot_driver/share/ur_robot_driver/cmake/ur_robot_driverConfig-version.cmake
[1.834s] -- Up-to-date symlink: /home/ubuntu/workspace/robotics_v1/install/ur_robot_driver/share/ur_robot_driver/package.xml
[1.969s] Invoked command in '/home/ubuntu/workspace/robotics_v1/build/ur_robot_driver' returned '0': AMENT_PREFIX_PATH=/home/ubuntu/workspace/robotics_v1/install/ur_controllers:/home/ubuntu/workspace/robotics_v1/install/ur_description:/home/ubuntu/workspace/robotics_v1/install/ur_dashboard_msgs:/home/ubuntu/workspace/robotics_v1/install/ur_bringup:${AMENT_PREFIX_PATH} CMAKE_PREFIX_PATH=/home/ubuntu/workspace/robotics_v1/install/ur_controllers:/home/ubuntu/workspace/robotics_v1/install/ur_description:/home/ubuntu/workspace/robotics_v1/install/ur_dashboard_msgs:/home/ubuntu/workspace/robotics_v1/install/ur_client_library:/home/ubuntu/workspace/robotics_v1/install/ur_bringup:/opt/ros/foxy LD_LIBRARY_PATH=/home/ubuntu/workspace/robotics_v1/install/ur_controllers/lib:/home/ubuntu/workspace/robotics_v1/install/ur_dashboard_msgs/lib:/home/ubuntu/workspace/robotics_v1/install/ur_client_library/lib:${LD_LIBRARY_PATH} PKG_CONFIG_PATH=/home/ubuntu/workspace/robotics_v1/install/ur_client_library/lib/x86_64-linux-gnu/pkgconfig:/home/ubuntu/workspace/robotics_v1/install/ur_client_library/lib/pkgconfig PYTHONPATH=/home/ubuntu/workspace/robotics_v1/install/ur_dashboard_msgs/lib/python3.8/site-packages:${PYTHONPATH} /usr/bin/cmake --install /home/ubuntu/workspace/robotics_v1/build/ur_robot_driver
