[0.087s] Invoking command in '/home/ubuntu/workspace/robotics_v1/build/cmake_helpers': CMAKE_PREFIX_PATH=/opt/ros/foxy /usr/bin/cmake /home/ubuntu/workspace/robotics_v1/src/lib/cmake_helpers -DCMAKE_INSTALL_PREFIX=/home/ubuntu/workspace/robotics_v1/install/cmake_helpers
[0.166s] -- Found ament_cmake: 0.9.9 (/opt/ros/foxy/share/ament_cmake/cmake)
[0.270s] -- Using PYTHON_EXECUTABLE: /usr/bin/python3
[1.312s] -- Configuring done
[1.336s] -- Generating done
[1.340s] -- Build files have been written to: /home/ubuntu/workspace/robotics_v1/build/cmake_helpers
[1.369s] Invoked command in '/home/ubuntu/workspace/robotics_v1/build/cmake_helpers' returned '0': CMAKE_PREFIX_PATH=/opt/ros/foxy /usr/bin/cmake /home/ubuntu/workspace/robotics_v1/src/lib/cmake_helpers -DCMAKE_INSTALL_PREFIX=/home/ubuntu/workspace/robotics_v1/install/cmake_helpers
[1.373s] Invoking command in '/home/ubuntu/workspace/robotics_v1/build/cmake_helpers': CMAKE_PREFIX_PATH=/opt/ros/foxy /usr/bin/cmake --build /home/ubuntu/workspace/robotics_v1/build/cmake_helpers -- -j4 -l4
[1.594s] Invoked command in '/home/ubuntu/workspace/robotics_v1/build/cmake_helpers' returned '0': CMAKE_PREFIX_PATH=/opt/ros/foxy /usr/bin/cmake --build /home/ubuntu/workspace/robotics_v1/build/cmake_helpers -- -j4 -l4
[1.873s] Invoking command in '/home/ubuntu/workspace/robotics_v1/build/cmake_helpers': CMAKE_PREFIX_PATH=/opt/ros/foxy /usr/bin/cmake --install /home/ubuntu/workspace/robotics_v1/build/cmake_helpers
[1.932s] -- Install configuration: "Debug"
[1.935s] -- Up-to-date: /home/ubuntu/workspace/robotics_v1/install/cmake_helpers/share/cmake_helpers/package.xml
[1.940s] -- Up-to-date: /home/ubuntu/workspace/robotics_v1/install/cmake_helpers/share/cmake_helpers/cmake/helpers.cmake
[1.942s] -- Up-to-date: /home/ubuntu/workspace/robotics_v1/install/cmake_helpers/share/cmake_helpers/cmake/find_modules
[1.943s] -- Up-to-date: /home/ubuntu/workspace/robotics_v1/install/cmake_helpers/share/cmake_helpers/cmake/find_modules/FindSDL2_image.cmake
[1.944s] -- Up-to-date: /home/ubuntu/workspace/robotics_v1/install/cmake_helpers/share/cmake_helpers/cmake/find_modules/FindIWYU.cmake
[1.945s] -- Up-to-date: /home/ubuntu/workspace/robotics_v1/install/cmake_helpers/share/cmake_helpers/cmake/find_modules/FindSDL2_mixer.cmake
[1.946s] -- Up-to-date: /home/ubuntu/workspace/robotics_v1/install/cmake_helpers/share/cmake_helpers/cmake/find_modules/FindSDL2.cmake
[1.946s] -- Up-to-date: /home/ubuntu/workspace/robotics_v1/install/cmake_helpers/share/cmake_helpers/cmake/find_modules/FindSDL2_ttf.cmake
[1.947s] -- Up-to-date: /home/ubuntu/workspace/robotics_v1/install/cmake_helpers/share/ament_index/resource_index/package_run_dependencies/cmake_helpers
[1.948s] -- Up-to-date: /home/ubuntu/workspace/robotics_v1/install/cmake_helpers/share/ament_index/resource_index/parent_prefix_path/cmake_helpers
[1.948s] -- Up-to-date: /home/ubuntu/workspace/robotics_v1/install/cmake_helpers/share/cmake_helpers/environment/ament_prefix_path.sh
[1.949s] -- Installing: /home/ubuntu/workspace/robotics_v1/install/cmake_helpers/share/cmake_helpers/environment/ament_prefix_path.dsv
[1.956s] -- Up-to-date: /home/ubuntu/workspace/robotics_v1/install/cmake_helpers/share/cmake_helpers/environment/path.sh
[1.959s] -- Installing: /home/ubuntu/workspace/robotics_v1/install/cmake_helpers/share/cmake_helpers/environment/path.dsv
[1.964s] -- Up-to-date: /home/ubuntu/workspace/robotics_v1/install/cmake_helpers/share/cmake_helpers/local_setup.bash
[1.965s] -- Up-to-date: /home/ubuntu/workspace/robotics_v1/install/cmake_helpers/share/cmake_helpers/local_setup.sh
[1.966s] -- Up-to-date: /home/ubuntu/workspace/robotics_v1/install/cmake_helpers/share/cmake_helpers/local_setup.zsh
[1.966s] -- Installing: /home/ubuntu/workspace/robotics_v1/install/cmake_helpers/share/cmake_helpers/local_setup.dsv
[1.970s] -- Installing: /home/ubuntu/workspace/robotics_v1/install/cmake_helpers/share/cmake_helpers/package.dsv
[1.974s] -- Up-to-date: /home/ubuntu/workspace/robotics_v1/install/cmake_helpers/share/ament_index/resource_index/packages/cmake_helpers
[1.975s] -- Up-to-date: /home/ubuntu/workspace/robotics_v1/install/cmake_helpers/share/cmake_helpers/cmake/cmake_helpersConfig.cmake
[1.976s] -- Up-to-date: /home/ubuntu/workspace/robotics_v1/install/cmake_helpers/share/cmake_helpers/cmake/cmake_helpersConfig-version.cmake
[1.977s] -- Up-to-date: /home/ubuntu/workspace/robotics_v1/install/cmake_helpers/share/cmake_helpers/package.xml
[1.991s] Invoked command in '/home/ubuntu/workspace/robotics_v1/build/cmake_helpers' returned '0': CMAKE_PREFIX_PATH=/opt/ros/foxy /usr/bin/cmake --install /home/ubuntu/workspace/robotics_v1/build/cmake_helpers
