[0.064s] Invoking command in '/home/ubuntu/workspace/robotics_v1/build/robo_miner_controller': AMENT_PREFIX_PATH=/home/ubuntu/workspace/robotics_v1/install/robo_miner_interfaces:${AMENT_PREFIX_PATH} CMAKE_PREFIX_PATH=/home/ubuntu/workspace/robotics_v1/install/robo_miner_interfaces:/opt/ros/foxy LD_LIBRARY_PATH=/home/ubuntu/workspace/robotics_v1/install/robo_miner_interfaces/lib:${LD_LIBRARY_PATH} PYTHONPATH=/home/ubuntu/workspace/robotics_v1/install/robo_miner_interfaces/lib/python3.8/site-packages:${PYTHONPATH} /usr/bin/cmake --build /home/ubuntu/workspace/robotics_v1/build/robo_miner_controller -- -j4 -l4
[0.398s] [35m[1mScanning dependencies of target robo_miner_controller[0m
[0.555s] [ 50%] [32mBuilding CXX object CMakeFiles/robo_miner_controller.dir/src/robo_miner_controller.cpp.o[0m
[3.508s] In file included from [01m[K/home/ubuntu/workspace/robotics_v1/src/robo_miner/robo_miner_controller/include/robo_miner_controller/RobotMoveLogistics/RobotMoveLogistics.hpp:5[m[K,
[3.508s]                  from [01m[K/home/ubuntu/workspace/robotics_v1/src/robo_miner/robo_miner_controller/src/robo_miner_controller.cpp:19[m[K:
[3.508s] [01m[K/home/ubuntu/workspace/robotics_v1/src/robo_miner/robo_miner_controller/include/robo_miner_controller/MapNode/MapNode.hpp:[m[K In constructor ‘[01m[KMapNode::MapNode(int, int, char, bool)[m[K’:
[3.509s] [01m[K/home/ubuntu/workspace/robotics_v1/src/robo_miner/robo_miner_controller/include/robo_miner_controller/MapNode/MapNode.hpp:12:11:[m[K [01;35m[Kwarning: [m[K‘[01m[KMapNode::fieldtype[m[K’ will be initialized after [[01;35m[K-Wreorder[m[K]
[3.509s]    12 | FieldType [01;35m[Kfieldtype[m[K;
[3.509s]       |           [01;35m[K^~~~~~~~~[m[K
[3.509s] [01m[K/home/ubuntu/workspace/robotics_v1/src/robo_miner/robo_miner_controller/include/robo_miner_controller/MapNode/MapNode.hpp:11:6:[m[K [01;35m[Kwarning: [m[K  ‘[01m[Kbool MapNode::locked[m[K’ [[01;35m[K-Wreorder[m[K]
[3.509s]    11 | bool [01;35m[Klocked[m[K = false;
[3.509s]       |      [01;35m[K^~~~~~[m[K
[3.509s] [01m[K/home/ubuntu/workspace/robotics_v1/src/robo_miner/robo_miner_controller/include/robo_miner_controller/MapNode/MapNode.hpp:17:2:[m[K [01;35m[Kwarning: [m[K  when initialized here [[01;35m[K-Wreorder[m[K]
[3.510s]    17 |  [01;35m[KMapNode[m[K(int x,int y,char fieldtype,bool locked = false):fieldtype(getCrystalType(fieldtype)),locked(locked),send_location({x,y}){
[3.510s]       |  [01;35m[K^~~~~~~[m[K
[3.512s] [01m[K/home/ubuntu/workspace/robotics_v1/src/robo_miner/robo_miner_controller/include/robo_miner_controller/MapNode/MapNode.hpp:[m[K In constructor ‘[01m[KMapNode::MapNode(char, bool)[m[K’:
[3.512s] [01m[K/home/ubuntu/workspace/robotics_v1/src/robo_miner/robo_miner_controller/include/robo_miner_controller/MapNode/MapNode.hpp:12:11:[m[K [01;35m[Kwarning: [m[K‘[01m[KMapNode::fieldtype[m[K’ will be initialized after [[01;35m[K-Wreorder[m[K]
[3.512s]    12 | FieldType [01;35m[Kfieldtype[m[K;
[3.512s]       |           [01;35m[K^~~~~~~~~[m[K
[3.512s] [01m[K/home/ubuntu/workspace/robotics_v1/src/robo_miner/robo_miner_controller/include/robo_miner_controller/MapNode/MapNode.hpp:11:6:[m[K [01;35m[Kwarning: [m[K  ‘[01m[Kbool MapNode::locked[m[K’ [[01;35m[K-Wreorder[m[K]
[3.513s]    11 | bool [01;35m[Klocked[m[K = false;
[3.513s]       |      [01;35m[K^~~~~~[m[K
[3.513s] In file included from [01m[K/home/ubuntu/workspace/robotics_v1/src/robo_miner/robo_miner_controller/include/robo_miner_controller/RobotMoveLogistics/RobotMoveLogistics.hpp:5[m[K,
[3.513s]                  from [01m[K/home/ubuntu/workspace/robotics_v1/src/robo_miner/robo_miner_controller/src/robo_miner_controller.cpp:19[m[K:
[3.513s] [01m[K/home/ubuntu/workspace/robotics_v1/src/robo_miner/robo_miner_controller/include/robo_miner_controller/MapNode/MapNode.hpp:20:2:[m[K [01;35m[Kwarning: [m[K  when initialized here [[01;35m[K-Wreorder[m[K]
[3.513s]    20 |  [01;35m[KMapNode[m[K(char fieldtype,bool locked = false):fieldtype(getCrystalType(fieldtype)),locked(locked){
[3.513s]       |  [01;35m[K^~~~~~~[m[K
[3.608s] In file included from [01m[K/home/ubuntu/workspace/robotics_v1/src/robo_miner/robo_miner_controller/src/robo_miner_controller.cpp:19[m[K:
[3.608s] [01m[K/home/ubuntu/workspace/robotics_v1/src/robo_miner/robo_miner_controller/include/robo_miner_controller/RobotMoveLogistics/RobotMoveLogistics.hpp:[m[K In member function ‘[01m[Kstd::pair<long unsigned int, long unsigned int> RobotMoverLogistics::getSizes()[m[K’:
[3.608s] [01m[K/home/ubuntu/workspace/robotics_v1/src/robo_miner/robo_miner_controller/include/robo_miner_controller/RobotMoveLogistics/RobotMoveLogistics.hpp:250:8:[m[K [01;35m[Kwarning: [m[Kunused variable ‘[01m[KXsize[m[K’ [[01;35m[K-Wunused-variable[m[K]
[3.608s]   250 |    int [01;35m[KXsize[m[K = maxMapX -  minMapX;
[3.609s]       |        [01;35m[K^~~~~[m[K
[3.609s] [01m[K/home/ubuntu/workspace/robotics_v1/src/robo_miner/robo_miner_controller/include/robo_miner_controller/RobotMoveLogistics/RobotMoveLogistics.hpp:251:8:[m[K [01;35m[Kwarning: [m[Kunused variable ‘[01m[KYsize[m[K’ [[01;35m[K-Wunused-variable[m[K]
[3.609s]   251 |    int [01;35m[KYsize[m[K = maxMapY - minMapY;
[3.609s]       |        [01;35m[K^~~~~[m[K
[3.618s] [01m[K/home/ubuntu/workspace/robotics_v1/src/robo_miner/robo_miner_controller/include/robo_miner_controller/RobotMoveLogistics/RobotMoveLogistics.hpp:[m[K In member function ‘[01m[Kvoid RobotMoverLogistics::DFSFindLonggestGemRec(int, int, int)[m[K’:
[3.619s] [01m[K/home/ubuntu/workspace/robotics_v1/src/robo_miner/robo_miner_controller/include/robo_miner_controller/RobotMoveLogistics/RobotMoveLogistics.hpp:308:16:[m[K [01;35m[Kwarning: [m[Kformat ‘[01m[K%d[m[K’ expects a matching ‘[01m[Kint[m[K’ argument [[01;35m[K-Wformat=[m[K]
[3.619s]   308 |    printf("X: [01;35m[K%d[m[K, Y: %d, id: %d\n");
[3.619s]       |               [01;35m[K~^[m[K
[3.619s]       |                [01;35m[K|[m[K
[3.619s]       |                [01;35m[Kint[m[K
[3.619s] [01m[K/home/ubuntu/workspace/robotics_v1/src/robo_miner/robo_miner_controller/include/robo_miner_controller/RobotMoveLogistics/RobotMoveLogistics.hpp:308:23:[m[K [01;35m[Kwarning: [m[Kformat ‘[01m[K%d[m[K’ expects a matching ‘[01m[Kint[m[K’ argument [[01;35m[K-Wformat=[m[K]
[3.620s]   308 |    printf("X: %d, Y: [01;35m[K%d[m[K, id: %d\n");
[3.620s]       |                      [01;35m[K~^[m[K
[3.620s]       |                       [01;35m[K|[m[K
[3.620s]       |                       [01;35m[Kint[m[K
[3.620s] [01m[K/home/ubuntu/workspace/robotics_v1/src/robo_miner/robo_miner_controller/include/robo_miner_controller/RobotMoveLogistics/RobotMoveLogistics.hpp:308:31:[m[K [01;35m[Kwarning: [m[Kformat ‘[01m[K%d[m[K’ expects a matching ‘[01m[Kint[m[K’ argument [[01;35m[K-Wformat=[m[K]
[3.620s]   308 |    printf("X: %d, Y: %d, id: [01;35m[K%d[m[K\n");
[3.620s]       |                              [01;35m[K~^[m[K
[3.620s]       |                               [01;35m[K|[m[K
[3.621s]       |                               [01;35m[Kint[m[K
[3.621s] [01m[K/home/ubuntu/workspace/robotics_v1/src/robo_miner/robo_miner_controller/include/robo_miner_controller/RobotMoveLogistics/RobotMoveLogistics.hpp:310:8:[m[K [01;35m[Kwarning: [m[Kcomparison of integer expressions of different signedness: ‘[01m[Kint[m[K’ and ‘[01m[Kstd::vector<std::shared_ptr<MapNode> >::size_type[m[K’ {aka ‘[01m[Klong unsigned int[m[K’} [[01;35m[K-Wsign-compare[m[K]
[3.621s]   310 |    if([01;35m[Kx>=this->num[0].size()[m[K || x<0 || y<0 || y>=this->num.size() ){
[3.621s]       |       [01;35m[K~^~~~~~~~~~~~~~~~~~~~~[m[K
[3.622s] [01m[K/home/ubuntu/workspace/robotics_v1/src/robo_miner/robo_miner_controller/include/robo_miner_controller/RobotMoveLogistics/RobotMoveLogistics.hpp:310:48:[m[K [01;35m[Kwarning: [m[Kcomparison of integer expressions of different signedness: ‘[01m[Kint[m[K’ and ‘[01m[Kstd::vector<std::vector<std::shared_ptr<MapNode> > >::size_type[m[K’ {aka ‘[01m[Klong unsigned int[m[K’} [[01;35m[K-Wsign-compare[m[K]
[3.622s]   310 |    if(x>=this->num[0].size() || x<0 || y<0 || [01;35m[Ky>=this->num.size()[m[K ){
[3.622s]       |                                               [01;35m[K~^~~~~~~~~~~~~~~~~~[m[K
[3.622s] [01m[K/home/ubuntu/workspace/robotics_v1/src/robo_miner/robo_miner_controller/include/robo_miner_controller/RobotMoveLogistics/RobotMoveLogistics.hpp:[m[K In member function ‘[01m[Kvoid RobotMoverLogistics::DFSFindLonggestGem()[m[K’:
[3.622s] [01m[K/home/ubuntu/workspace/robotics_v1/src/robo_miner/robo_miner_controller/include/robo_miner_controller/RobotMoveLogistics/RobotMoveLogistics.hpp:350:19:[m[K [01;35m[Kwarning: [m[Kcomparison of integer expressions of different signedness: ‘[01m[Kint[m[K’ and ‘[01m[Kstd::vector<std::vector<std::shared_ptr<MapNode> > >::size_type[m[K’ {aka ‘[01m[Klong unsigned int[m[K’} [[01;35m[K-Wsign-compare[m[K]
[3.622s]   350 |    for(int i = 0;[01;35m[Ki<this->num.size()[m[K;i++){
[3.622s]       |                  [01;35m[K~^~~~~~~~~~~~~~~~~[m[K
[3.623s] [01m[K/home/ubuntu/workspace/robotics_v1/src/robo_miner/robo_miner_controller/include/robo_miner_controller/RobotMoveLogistics/RobotMoveLogistics.hpp:351:20:[m[K [01;35m[Kwarning: [m[Kcomparison of integer expressions of different signedness: ‘[01m[Kint[m[K’ and ‘[01m[Kstd::vector<std::shared_ptr<MapNode> >::size_type[m[K’ {aka ‘[01m[Klong unsigned int[m[K’} [[01;35m[K-Wsign-compare[m[K]
[3.623s]   351 |     for(int j = 0;[01;35m[Kj<this->num[0].size()[m[K;j++){
[3.623s]       |                   [01;35m[K~^~~~~~~~~~~~~~~~~~~~[m[K
[3.623s] [01m[K/home/ubuntu/workspace/robotics_v1/src/robo_miner/robo_miner_controller/include/robo_miner_controller/RobotMoveLogistics/RobotMoveLogistics.hpp:[m[K In member function ‘[01m[Kstd::pair<int, int> RobotMoverLogistics::indexesBiggestGem()[m[K’:
[3.623s] [01m[K/home/ubuntu/workspace/robotics_v1/src/robo_miner/robo_miner_controller/include/robo_miner_controller/RobotMoveLogistics/RobotMoveLogistics.hpp:379:11:[m[K [01;35m[Kwarning: [m[Kcomparison of integer expressions of different signedness: ‘[01m[Kint[m[K’ and ‘[01m[Kstd::vector<std::shared_ptr<MapNode> >::size_type[m[K’ {aka ‘[01m[Klong unsigned int[m[K’} [[01;35m[K-Wsign-compare[m[K]
[3.624s]   379 |     if([01;35m[Kmax<gems[i].size()[m[K){
[3.624s]       |        [01;35m[K~~~^~~~~~~~~~~~~~~[m[K
[3.630s] [01m[K/home/ubuntu/workspace/robotics_v1/src/robo_miner/robo_miner_controller/include/robo_miner_controller/RobotMoveLogistics/RobotMoveLogistics.hpp:[m[K In member function ‘[01m[Kstd::shared_ptr<robo_miner_interfaces::srv::LongestSequenceValidate_Request_<std::allocator<void> > > RobotMoverLogistics::longest_gem()[m[K’:
[3.630s] [01m[K/home/ubuntu/workspace/robotics_v1/src/robo_miner/robo_miner_controller/include/robo_miner_controller/RobotMoveLogistics/RobotMoveLogistics.hpp:387:8:[m[K [01;35m[Kwarning: [m[Kunused variable ‘[01m[Kmax[m[K’ [[01;35m[K-Wunused-variable[m[K]
[3.630s]   387 |    int [01;35m[Kmax[m[K= indexesBiggestGem().first;
[3.631s]       |        [01;35m[K^~~[m[K
[3.631s] [01m[K/home/ubuntu/workspace/robotics_v1/src/robo_miner/robo_miner_controller/include/robo_miner_controller/RobotMoveLogistics/RobotMoveLogistics.hpp:[m[K In member function ‘[01m[Kbool RobotMoverLogistics::isValid(int, int)[m[K’:
[3.631s] [01m[K/home/ubuntu/workspace/robotics_v1/src/robo_miner/robo_miner_controller/include/robo_miner_controller/RobotMoveLogistics/RobotMoveLogistics.hpp:403:10:[m[K [01;35m[Kwarning: [m[Kcomparison of integer expressions of different signedness: ‘[01m[Kint[m[K’ and ‘[01m[Kstd::vector<std::shared_ptr<MapNode> >::size_type[m[K’ {aka ‘[01m[Klong unsigned int[m[K’} [[01;35m[K-Wsign-compare[m[K]
[3.631s]   403 |     || [01;35m[Kx >= this->num[0].size()[m[K || y >= this->num.size())
[3.631s]       |        [01;35m[K~~^~~~~~~~~~~~~~~~~~~~~~[m[K
[3.631s] [01m[K/home/ubuntu/workspace/robotics_v1/src/robo_miner/robo_miner_controller/include/robo_miner_controller/RobotMoveLogistics/RobotMoveLogistics.hpp:403:38:[m[K [01;35m[Kwarning: [m[Kcomparison of integer expressions of different signedness: ‘[01m[Kint[m[K’ and ‘[01m[Kstd::vector<std::vector<std::shared_ptr<MapNode> > >::size_type[m[K’ {aka ‘[01m[Klong unsigned int[m[K’} [[01;35m[K-Wsign-compare[m[K]
[3.632s]   403 |     || x >= this->num[0].size() || [01;35m[Ky >= this->num.size()[m[K)
[3.632s]       |                                    [01;35m[K~~^~~~~~~~~~~~~~~~~~~[m[K
[3.659s] [01m[K/home/ubuntu/workspace/robotics_v1/src/robo_miner/robo_miner_controller/include/robo_miner_controller/RobotMoveLogistics/RobotMoveLogistics.hpp:[m[K In member function ‘[01m[Kstd::vector<std::pair<MapNodeFields, std::shared_ptr<MapNode> > > RobotMoverLogistics::BFS(int, int)[m[K’:
[3.659s] [01m[K/home/ubuntu/workspace/robotics_v1/src/robo_miner/robo_miner_controller/include/robo_miner_controller/RobotMoveLogistics/RobotMoveLogistics.hpp:431:19:[m[K [01;35m[Kwarning: [m[Kcomparison of integer expressions of different signedness: ‘[01m[Kstd::vector<std::pair<MapNodeFields, std::shared_ptr<MapNode> > >::size_type[m[K’ {aka ‘[01m[Klong unsigned int[m[K’} and ‘[01m[Kint[m[K’ [[01;35m[K-Wsign-compare[m[K]
[3.660s]   431 |     if([01;35m[Karr.size() == item.first.first[m[K){
[3.660s]       |        [01;35m[K~~~~~~~~~~~^~~~~~~~~~~~~~~~~~~[m[K
[5.986s] In file included from [01m[K/home/ubuntu/workspace/robotics_v1/src/robo_miner/robo_miner_controller/src/robo_miner_controller.cpp:19[m[K:
[5.986s] [01m[K/home/ubuntu/workspace/robotics_v1/src/robo_miner/robo_miner_controller/include/robo_miner_controller/RobotMoveLogistics/RobotMoveLogistics.hpp:[m[K In member function ‘[01m[Kstd::shared_ptr<MapNode> RobotMoverLogistics::get(int, int)[m[K’:
[5.986s] [01m[K/home/ubuntu/workspace/robotics_v1/src/robo_miner/robo_miner_controller/include/robo_miner_controller/RobotMoveLogistics/RobotMoveLogistics.hpp:70:3:[m[K [01;35m[Kwarning: [m[Kcontrol reaches end of non-void function [[01;35m[K-Wreturn-type[m[K]
[5.987s]    70 |   [01;35m[K}[m[K
[5.987s]       |   [01;35m[K^[m[K
[9.103s] [100%] [32m[1mLinking CXX executable robo_miner_controller[0m
[9.931s] [100%] Built target robo_miner_controller
[9.972s] Invoked command in '/home/ubuntu/workspace/robotics_v1/build/robo_miner_controller' returned '0': AMENT_PREFIX_PATH=/home/ubuntu/workspace/robotics_v1/install/robo_miner_interfaces:${AMENT_PREFIX_PATH} CMAKE_PREFIX_PATH=/home/ubuntu/workspace/robotics_v1/install/robo_miner_interfaces:/opt/ros/foxy LD_LIBRARY_PATH=/home/ubuntu/workspace/robotics_v1/install/robo_miner_interfaces/lib:${LD_LIBRARY_PATH} PYTHONPATH=/home/ubuntu/workspace/robotics_v1/install/robo_miner_interfaces/lib/python3.8/site-packages:${PYTHONPATH} /usr/bin/cmake --build /home/ubuntu/workspace/robotics_v1/build/robo_miner_controller -- -j4 -l4
[10.131s] Invoking command in '/home/ubuntu/workspace/robotics_v1/build/robo_miner_controller': AMENT_PREFIX_PATH=/home/ubuntu/workspace/robotics_v1/install/robo_miner_interfaces:${AMENT_PREFIX_PATH} CMAKE_PREFIX_PATH=/home/ubuntu/workspace/robotics_v1/install/robo_miner_interfaces:/opt/ros/foxy LD_LIBRARY_PATH=/home/ubuntu/workspace/robotics_v1/install/robo_miner_interfaces/lib:${LD_LIBRARY_PATH} PYTHONPATH=/home/ubuntu/workspace/robotics_v1/install/robo_miner_interfaces/lib/python3.8/site-packages:${PYTHONPATH} /usr/bin/cmake --install /home/ubuntu/workspace/robotics_v1/build/robo_miner_controller
[10.175s] -- Install configuration: ""
[10.177s] -- Installing: /home/ubuntu/workspace/robotics_v1/install/robo_miner_controller/lib/robo_miner_controller/robo_miner_controller
[10.190s] -- Set runtime path of "/home/ubuntu/workspace/robotics_v1/install/robo_miner_controller/lib/robo_miner_controller/robo_miner_controller" to ""
[10.191s] -- Up-to-date: /home/ubuntu/workspace/robotics_v1/install/robo_miner_controller/share/ament_index/resource_index/package_run_dependencies/robo_miner_controller
[10.191s] -- Up-to-date: /home/ubuntu/workspace/robotics_v1/install/robo_miner_controller/share/ament_index/resource_index/parent_prefix_path/robo_miner_controller
[10.192s] -- Up-to-date: /home/ubuntu/workspace/robotics_v1/install/robo_miner_controller/share/robo_miner_controller/environment/ament_prefix_path.sh
[10.192s] -- Up-to-date: /home/ubuntu/workspace/robotics_v1/install/robo_miner_controller/share/robo_miner_controller/environment/ament_prefix_path.dsv
[10.192s] -- Up-to-date: /home/ubuntu/workspace/robotics_v1/install/robo_miner_controller/share/robo_miner_controller/environment/path.sh
[10.193s] -- Up-to-date: /home/ubuntu/workspace/robotics_v1/install/robo_miner_controller/share/robo_miner_controller/environment/path.dsv
[10.193s] -- Up-to-date: /home/ubuntu/workspace/robotics_v1/install/robo_miner_controller/share/robo_miner_controller/local_setup.bash
[10.193s] -- Up-to-date: /home/ubuntu/workspace/robotics_v1/install/robo_miner_controller/share/robo_miner_controller/local_setup.sh
[10.194s] -- Up-to-date: /home/ubuntu/workspace/robotics_v1/install/robo_miner_controller/share/robo_miner_controller/local_setup.zsh
[10.194s] -- Up-to-date: /home/ubuntu/workspace/robotics_v1/install/robo_miner_controller/share/robo_miner_controller/local_setup.dsv
[10.195s] -- Installing: /home/ubuntu/workspace/robotics_v1/install/robo_miner_controller/share/robo_miner_controller/package.dsv
[10.196s] -- Up-to-date: /home/ubuntu/workspace/robotics_v1/install/robo_miner_controller/share/ament_index/resource_index/packages/robo_miner_controller
[10.199s] -- Up-to-date: /home/ubuntu/workspace/robotics_v1/install/robo_miner_controller/share/robo_miner_controller/cmake/robo_miner_controllerConfig.cmake
[10.203s] -- Up-to-date: /home/ubuntu/workspace/robotics_v1/install/robo_miner_controller/share/robo_miner_controller/cmake/robo_miner_controllerConfig-version.cmake
[10.203s] -- Up-to-date: /home/ubuntu/workspace/robotics_v1/install/robo_miner_controller/share/robo_miner_controller/package.xml
[10.212s] Invoked command in '/home/ubuntu/workspace/robotics_v1/build/robo_miner_controller' returned '0': AMENT_PREFIX_PATH=/home/ubuntu/workspace/robotics_v1/install/robo_miner_interfaces:${AMENT_PREFIX_PATH} CMAKE_PREFIX_PATH=/home/ubuntu/workspace/robotics_v1/install/robo_miner_interfaces:/opt/ros/foxy LD_LIBRARY_PATH=/home/ubuntu/workspace/robotics_v1/install/robo_miner_interfaces/lib:${LD_LIBRARY_PATH} PYTHONPATH=/home/ubuntu/workspace/robotics_v1/install/robo_miner_interfaces/lib/python3.8/site-packages:${PYTHONPATH} /usr/bin/cmake --install /home/ubuntu/workspace/robotics_v1/build/robo_miner_controller
