[0.095s] Invoking command in '/home/ubuntu/workspace/robotics_v1/build/cmake_helpers': CMAKE_PREFIX_PATH=/opt/ros/foxy /usr/bin/cmake --build /home/ubuntu/workspace/robotics_v1/build/cmake_helpers -- -j4 -l4
[0.246s] Invoked command in '/home/ubuntu/workspace/robotics_v1/build/cmake_helpers' returned '0': CMAKE_PREFIX_PATH=/opt/ros/foxy /usr/bin/cmake --build /home/ubuntu/workspace/robotics_v1/build/cmake_helpers -- -j4 -l4
[0.471s] Invoking command in '/home/ubuntu/workspace/robotics_v1/build/cmake_helpers': CMAKE_PREFIX_PATH=/opt/ros/foxy /usr/bin/cmake --install /home/ubuntu/workspace/robotics_v1/build/cmake_helpers
[0.530s] -- Install configuration: "Debug"
[0.531s] -- Up-to-date: /home/ubuntu/workspace/robotics_v1/install/cmake_helpers/share/cmake_helpers/package.xml
[0.531s] -- Up-to-date: /home/ubuntu/workspace/robotics_v1/install/cmake_helpers/share/cmake_helpers/cmake/helpers.cmake
[0.532s] -- Up-to-date: /home/ubuntu/workspace/robotics_v1/install/cmake_helpers/share/cmake_helpers/cmake/find_modules
[0.532s] -- Up-to-date: /home/ubuntu/workspace/robotics_v1/install/cmake_helpers/share/cmake_helpers/cmake/find_modules/FindSDL2_image.cmake
[0.532s] -- Up-to-date: /home/ubuntu/workspace/robotics_v1/install/cmake_helpers/share/cmake_helpers/cmake/find_modules/FindIWYU.cmake
[0.532s] -- Up-to-date: /home/ubuntu/workspace/robotics_v1/install/cmake_helpers/share/cmake_helpers/cmake/find_modules/FindSDL2_mixer.cmake
[0.533s] -- Up-to-date: /home/ubuntu/workspace/robotics_v1/install/cmake_helpers/share/cmake_helpers/cmake/find_modules/FindSDL2.cmake
[0.533s] -- Up-to-date: /home/ubuntu/workspace/robotics_v1/install/cmake_helpers/share/cmake_helpers/cmake/find_modules/FindSDL2_ttf.cmake
[0.533s] -- Up-to-date: /home/ubuntu/workspace/robotics_v1/install/cmake_helpers/share/ament_index/resource_index/package_run_dependencies/cmake_helpers
[0.533s] -- Up-to-date: /home/ubuntu/workspace/robotics_v1/install/cmake_helpers/share/ament_index/resource_index/parent_prefix_path/cmake_helpers
[0.533s] -- Up-to-date: /home/ubuntu/workspace/robotics_v1/install/cmake_helpers/share/cmake_helpers/environment/ament_prefix_path.sh
[0.533s] -- Up-to-date: /home/ubuntu/workspace/robotics_v1/install/cmake_helpers/share/cmake_helpers/environment/ament_prefix_path.dsv
[0.533s] -- Up-to-date: /home/ubuntu/workspace/robotics_v1/install/cmake_helpers/share/cmake_helpers/environment/path.sh
[0.534s] -- Up-to-date: /home/ubuntu/workspace/robotics_v1/install/cmake_helpers/share/cmake_helpers/environment/path.dsv
[0.534s] -- Up-to-date: /home/ubuntu/workspace/robotics_v1/install/cmake_helpers/share/cmake_helpers/local_setup.bash
[0.534s] -- Up-to-date: /home/ubuntu/workspace/robotics_v1/install/cmake_helpers/share/cmake_helpers/local_setup.sh
[0.534s] -- Up-to-date: /home/ubuntu/workspace/robotics_v1/install/cmake_helpers/share/cmake_helpers/local_setup.zsh
[0.535s] -- Up-to-date: /home/ubuntu/workspace/robotics_v1/install/cmake_helpers/share/cmake_helpers/local_setup.dsv
[0.535s] -- Installing: /home/ubuntu/workspace/robotics_v1/install/cmake_helpers/share/cmake_helpers/package.dsv
[0.553s] -- Up-to-date: /home/ubuntu/workspace/robotics_v1/install/cmake_helpers/share/ament_index/resource_index/packages/cmake_helpers
[0.554s] -- Up-to-date: /home/ubuntu/workspace/robotics_v1/install/cmake_helpers/share/cmake_helpers/cmake/cmake_helpersConfig.cmake
[0.555s] -- Up-to-date: /home/ubuntu/workspace/robotics_v1/install/cmake_helpers/share/cmake_helpers/cmake/cmake_helpersConfig-version.cmake
[0.556s] -- Up-to-date: /home/ubuntu/workspace/robotics_v1/install/cmake_helpers/share/cmake_helpers/package.xml
[0.563s] Invoked command in '/home/ubuntu/workspace/robotics_v1/build/cmake_helpers' returned '0': CMAKE_PREFIX_PATH=/opt/ros/foxy /usr/bin/cmake --install /home/ubuntu/workspace/robotics_v1/build/cmake_helpers
