[0.032s] Invoking command in '/home/ubuntu/workspace/robotics_v1/build/urscript_interfaces': CMAKE_PREFIX_PATH=/opt/ros/foxy /usr/bin/cmake --build /home/ubuntu/workspace/robotics_v1/build/urscript_interfaces -- -j4 -l4
[0.306s] [  3%] Built target urscript_interfaces__cpp
[0.376s] [ 12%] Built target urscript_interfaces__rosidl_generator_c
[0.471s] [ 22%] Built target urscript_interfaces__rosidl_typesupport_fastrtps_cpp
[0.524s] [ 32%] Built target urscript_interfaces__rosidl_typesupport_cpp
[0.562s] [ 41%] Built target urscript_interfaces__rosidl_typesupport_introspection_cpp
[0.578s] [ 51%] Built target urscript_interfaces__rosidl_typesupport_c
[0.651s] [ 61%] Built target urscript_interfaces__rosidl_typesupport_introspection_c
[0.695s] [ 70%] Built target urscript_interfaces__rosidl_typesupport_fastrtps_c
[0.772s] [ 70%] Built target urscript_interfaces
[0.880s] [ 74%] Built target urscript_interfaces__py
[0.964s] [ 80%] Built target urscript_interfaces__python
[1.049s] [ 87%] Built target urscript_interfaces__rosidl_typesupport_introspection_c__pyext
[1.068s] [ 93%] Built target urscript_interfaces__rosidl_typesupport_fastrtps_c__pyext
[1.109s] [100%] Built target urscript_interfaces__rosidl_typesupport_c__pyext
[1.195s] Invoked command in '/home/ubuntu/workspace/robotics_v1/build/urscript_interfaces' returned '0': CMAKE_PREFIX_PATH=/opt/ros/foxy /usr/bin/cmake --build /home/ubuntu/workspace/robotics_v1/build/urscript_interfaces -- -j4 -l4
[1.476s] Invoking command in '/home/ubuntu/workspace/robotics_v1/build/urscript_interfaces': CMAKE_PREFIX_PATH=/opt/ros/foxy /usr/bin/cmake --install /home/ubuntu/workspace/robotics_v1/build/urscript_interfaces
[1.516s] -- Install configuration: "Debug"
[1.521s] -- Execute custom install script
[1.525s] -- Up-to-date symlink: /home/ubuntu/workspace/robotics_v1/install/urscript_interfaces/share/ament_index/resource_index/rosidl_interfaces/urscript_interfaces
[1.536s] -- Up-to-date symlink: /home/ubuntu/workspace/robotics_v1/install/urscript_interfaces/include/urscript_interfaces/msg/rosidl_generator_c__visibility_control.h
[1.538s] -- Up-to-date symlink: /home/ubuntu/workspace/robotics_v1/install/urscript_interfaces/include/urscript_interfaces/srv/detail/ur_script__functions.h
[1.541s] -- Up-to-date symlink: /home/ubuntu/workspace/robotics_v1/install/urscript_interfaces/include/urscript_interfaces/srv/detail/ur_script__struct.h
[1.543s] -- Up-to-date symlink: /home/ubuntu/workspace/robotics_v1/install/urscript_interfaces/include/urscript_interfaces/srv/detail/ur_script__type_support.h
[1.545s] -- Up-to-date symlink: /home/ubuntu/workspace/robotics_v1/install/urscript_interfaces/include/urscript_interfaces/srv/ur_script.h
[1.547s] -- Up-to-date symlink: /home/ubuntu/workspace/robotics_v1/install/urscript_interfaces/share/urscript_interfaces/environment/library_path.sh
[1.549s] -- Up-to-date symlink: /home/ubuntu/workspace/robotics_v1/install/urscript_interfaces/share/urscript_interfaces/environment/library_path.dsv
[1.596s] -- Up-to-date symlink: /home/ubuntu/workspace/robotics_v1/install/urscript_interfaces/include/urscript_interfaces/msg/rosidl_typesupport_fastrtps_c__visibility_control.h
[1.597s] -- Up-to-date symlink: /home/ubuntu/workspace/robotics_v1/install/urscript_interfaces/include/urscript_interfaces/srv/detail/ur_script__rosidl_typesupport_fastrtps_c.h
[1.603s] -- Up-to-date symlink: /home/ubuntu/workspace/robotics_v1/install/urscript_interfaces/lib/liburscript_interfaces__rosidl_typesupport_fastrtps_c.so
[1.605s] -- Up-to-date symlink: /home/ubuntu/workspace/robotics_v1/install/urscript_interfaces/include/urscript_interfaces/msg/rosidl_typesupport_fastrtps_cpp__visibility_control.h
[1.606s] -- Up-to-date symlink: /home/ubuntu/workspace/robotics_v1/install/urscript_interfaces/include/urscript_interfaces/srv/detail/ur_script__rosidl_typesupport_fastrtps_cpp.hpp
[1.609s] -- Up-to-date symlink: /home/ubuntu/workspace/robotics_v1/install/urscript_interfaces/lib/liburscript_interfaces__rosidl_typesupport_fastrtps_cpp.so
[1.610s] -- Up-to-date symlink: /home/ubuntu/workspace/robotics_v1/install/urscript_interfaces/include/urscript_interfaces/msg/rosidl_typesupport_introspection_c__visibility_control.h
[1.612s] -- Up-to-date symlink: /home/ubuntu/workspace/robotics_v1/install/urscript_interfaces/include/urscript_interfaces/srv/detail/ur_script__rosidl_typesupport_introspection_c.h
[1.613s] -- Up-to-date symlink: /home/ubuntu/workspace/robotics_v1/install/urscript_interfaces/include/urscript_interfaces/srv/detail/ur_script__builder.hpp
[1.614s] -- Up-to-date symlink: /home/ubuntu/workspace/robotics_v1/install/urscript_interfaces/include/urscript_interfaces/srv/detail/ur_script__struct.hpp
[1.617s] -- Up-to-date symlink: /home/ubuntu/workspace/robotics_v1/install/urscript_interfaces/include/urscript_interfaces/srv/detail/ur_script__traits.hpp
[1.617s] -- Up-to-date symlink: /home/ubuntu/workspace/robotics_v1/install/urscript_interfaces/include/urscript_interfaces/srv/ur_script.hpp
[1.618s] -- Up-to-date symlink: /home/ubuntu/workspace/robotics_v1/install/urscript_interfaces/include/urscript_interfaces/srv/detail/ur_script__rosidl_typesupport_introspection_cpp.hpp
[1.620s] -- Up-to-date symlink: /home/ubuntu/workspace/robotics_v1/install/urscript_interfaces/share/urscript_interfaces/environment/pythonpath.sh
[1.622s] -- Up-to-date symlink: /home/ubuntu/workspace/robotics_v1/install/urscript_interfaces/share/urscript_interfaces/environment/pythonpath.dsv
[1.625s] -- Up-to-date symlink: /home/ubuntu/workspace/robotics_v1/install/urscript_interfaces/lib/python3.8/site-packages/urscript_interfaces/__init__.py
[1.628s] -- Up-to-date symlink: /home/ubuntu/workspace/robotics_v1/install/urscript_interfaces/lib/python3.8/site-packages/urscript_interfaces/srv/__init__.py
[1.629s] -- Up-to-date symlink: /home/ubuntu/workspace/robotics_v1/install/urscript_interfaces/lib/python3.8/site-packages/urscript_interfaces/srv/_ur_script.py
[1.631s] -- Up-to-date symlink: /home/ubuntu/workspace/robotics_v1/install/urscript_interfaces/lib/python3.8/site-packages/urscript_interfaces/urscript_interfaces_s__rosidl_typesupport_fastrtps_c.cpython-38-x86_64-linux-gnu.so
[1.633s] -- Up-to-date symlink: /home/ubuntu/workspace/robotics_v1/install/urscript_interfaces/lib/python3.8/site-packages/urscript_interfaces/urscript_interfaces_s__rosidl_typesupport_introspection_c.cpython-38-x86_64-linux-gnu.so
[1.635s] -- Up-to-date symlink: /home/ubuntu/workspace/robotics_v1/install/urscript_interfaces/lib/python3.8/site-packages/urscript_interfaces/urscript_interfaces_s__rosidl_typesupport_c.cpython-38-x86_64-linux-gnu.so
[1.638s] -- Up-to-date symlink: /home/ubuntu/workspace/robotics_v1/install/urscript_interfaces/lib/liburscript_interfaces__python.so
[1.639s] -- Up-to-date symlink: /home/ubuntu/workspace/robotics_v1/install/urscript_interfaces/share/urscript_interfaces/srv/UrScript.idl
[1.640s] -- Up-to-date symlink: /home/ubuntu/workspace/robotics_v1/install/urscript_interfaces/share/urscript_interfaces/srv/UrScript.srv
[1.641s] -- Up-to-date symlink: /home/ubuntu/workspace/robotics_v1/install/urscript_interfaces/share/urscript_interfaces/srv/UrScript_Request.msg
[1.655s] -- Up-to-date symlink: /home/ubuntu/workspace/robotics_v1/install/urscript_interfaces/share/urscript_interfaces/srv/UrScript_Response.msg
[1.660s] -- Up-to-date symlink: /home/ubuntu/workspace/robotics_v1/install/urscript_interfaces/share/ament_index/resource_index/package_run_dependencies/urscript_interfaces
[1.666s] -- Up-to-date symlink: /home/ubuntu/workspace/robotics_v1/install/urscript_interfaces/share/ament_index/resource_index/parent_prefix_path/urscript_interfaces
[1.671s] -- Up-to-date symlink: /home/ubuntu/workspace/robotics_v1/install/urscript_interfaces/share/urscript_interfaces/environment/ament_prefix_path.sh
[1.677s] -- Up-to-date symlink: /home/ubuntu/workspace/robotics_v1/install/urscript_interfaces/share/urscript_interfaces/environment/ament_prefix_path.dsv
[1.683s] -- Up-to-date symlink: /home/ubuntu/workspace/robotics_v1/install/urscript_interfaces/share/urscript_interfaces/environment/path.sh
[1.687s] -- Up-to-date symlink: /home/ubuntu/workspace/robotics_v1/install/urscript_interfaces/share/urscript_interfaces/environment/path.dsv
[1.690s] -- Up-to-date symlink: /home/ubuntu/workspace/robotics_v1/install/urscript_interfaces/share/urscript_interfaces/local_setup.bash
[1.691s] -- Up-to-date symlink: /home/ubuntu/workspace/robotics_v1/install/urscript_interfaces/share/urscript_interfaces/local_setup.sh
[1.693s] -- Up-to-date symlink: /home/ubuntu/workspace/robotics_v1/install/urscript_interfaces/share/urscript_interfaces/local_setup.zsh
[1.696s] -- Up-to-date symlink: /home/ubuntu/workspace/robotics_v1/install/urscript_interfaces/share/urscript_interfaces/local_setup.dsv
[1.696s] -- Symlinking: /home/ubuntu/workspace/robotics_v1/install/urscript_interfaces/share/urscript_interfaces/package.dsv
[1.717s] -- Up-to-date symlink: /home/ubuntu/workspace/robotics_v1/install/urscript_interfaces/share/ament_index/resource_index/packages/urscript_interfaces
[1.718s] -- Up-to-date symlink: /home/ubuntu/workspace/robotics_v1/install/urscript_interfaces/share/urscript_interfaces/cmake/rosidl_cmake-extras.cmake
[1.719s] -- Up-to-date symlink: /home/ubuntu/workspace/robotics_v1/install/urscript_interfaces/share/urscript_interfaces/cmake/ament_cmake_export_dependencies-extras.cmake
[1.719s] -- Up-to-date symlink: /home/ubuntu/workspace/robotics_v1/install/urscript_interfaces/share/urscript_interfaces/cmake/ament_cmake_export_libraries-extras.cmake
[1.720s] -- Up-to-date symlink: /home/ubuntu/workspace/robotics_v1/install/urscript_interfaces/share/urscript_interfaces/cmake/ament_cmake_export_targets-extras.cmake
[1.721s] -- Up-to-date symlink: /home/ubuntu/workspace/robotics_v1/install/urscript_interfaces/share/urscript_interfaces/cmake/ament_cmake_export_include_directories-extras.cmake
[1.721s] -- Up-to-date symlink: /home/ubuntu/workspace/robotics_v1/install/urscript_interfaces/share/urscript_interfaces/cmake/rosidl_cmake_export_typesupport_libraries-extras.cmake
[1.722s] -- Up-to-date symlink: /home/ubuntu/workspace/robotics_v1/install/urscript_interfaces/share/urscript_interfaces/cmake/rosidl_cmake_export_typesupport_targets-extras.cmake
[1.722s] -- Up-to-date symlink: /home/ubuntu/workspace/robotics_v1/install/urscript_interfaces/share/urscript_interfaces/cmake/urscript_interfacesConfig.cmake
[1.723s] -- Up-to-date symlink: /home/ubuntu/workspace/robotics_v1/install/urscript_interfaces/share/urscript_interfaces/cmake/urscript_interfacesConfig-version.cmake
[1.724s] -- Up-to-date symlink: /home/ubuntu/workspace/robotics_v1/install/urscript_interfaces/share/urscript_interfaces/package.xml
[1.732s] -- Up-to-date: /home/ubuntu/workspace/robotics_v1/install/urscript_interfaces/lib/liburscript_interfaces__rosidl_generator_c.so
[1.734s] -- Up-to-date: /home/ubuntu/workspace/robotics_v1/install/urscript_interfaces/lib/liburscript_interfaces__rosidl_typesupport_introspection_c.so
[1.735s] -- Up-to-date: /home/ubuntu/workspace/robotics_v1/install/urscript_interfaces/lib/liburscript_interfaces__rosidl_typesupport_c.so
[1.738s] -- Up-to-date: /home/ubuntu/workspace/robotics_v1/install/urscript_interfaces/lib/liburscript_interfaces__rosidl_typesupport_introspection_cpp.so
[1.739s] -- Up-to-date: /home/ubuntu/workspace/robotics_v1/install/urscript_interfaces/lib/liburscript_interfaces__rosidl_typesupport_cpp.so
[1.894s] -- Up-to-date: /home/ubuntu/workspace/robotics_v1/install/urscript_interfaces/share/urscript_interfaces/cmake/urscript_interfaces__rosidl_generator_cExport.cmake
[1.894s] -- Up-to-date: /home/ubuntu/workspace/robotics_v1/install/urscript_interfaces/share/urscript_interfaces/cmake/urscript_interfaces__rosidl_generator_cExport-debug.cmake
[1.898s] -- Up-to-date: /home/ubuntu/workspace/robotics_v1/install/urscript_interfaces/share/urscript_interfaces/cmake/urscript_interfaces__rosidl_typesupport_introspection_cExport.cmake
[1.898s] -- Up-to-date: /home/ubuntu/workspace/robotics_v1/install/urscript_interfaces/share/urscript_interfaces/cmake/urscript_interfaces__rosidl_typesupport_introspection_cExport-debug.cmake
[1.898s] -- Up-to-date: /home/ubuntu/workspace/robotics_v1/install/urscript_interfaces/share/urscript_interfaces/cmake/urscript_interfaces__rosidl_typesupport_cExport.cmake
[1.899s] -- Up-to-date: /home/ubuntu/workspace/robotics_v1/install/urscript_interfaces/share/urscript_interfaces/cmake/urscript_interfaces__rosidl_typesupport_cExport-debug.cmake
[1.899s] -- Up-to-date: /home/ubuntu/workspace/robotics_v1/install/urscript_interfaces/share/urscript_interfaces/cmake/urscript_interfaces__rosidl_generator_cppExport.cmake
[1.899s] -- Up-to-date: /home/ubuntu/workspace/robotics_v1/install/urscript_interfaces/share/urscript_interfaces/cmake/urscript_interfaces__rosidl_typesupport_introspection_cppExport.cmake
[1.899s] -- Up-to-date: /home/ubuntu/workspace/robotics_v1/install/urscript_interfaces/share/urscript_interfaces/cmake/urscript_interfaces__rosidl_typesupport_introspection_cppExport-debug.cmake
[1.901s] -- Up-to-date: /home/ubuntu/workspace/robotics_v1/install/urscript_interfaces/share/urscript_interfaces/cmake/urscript_interfaces__rosidl_typesupport_cppExport.cmake
[1.901s] -- Up-to-date: /home/ubuntu/workspace/robotics_v1/install/urscript_interfaces/share/urscript_interfaces/cmake/urscript_interfaces__rosidl_typesupport_cppExport-debug.cmake
[1.905s] Invoked command in '/home/ubuntu/workspace/robotics_v1/build/urscript_interfaces' returned '0': CMAKE_PREFIX_PATH=/opt/ros/foxy /usr/bin/cmake --install /home/ubuntu/workspace/robotics_v1/build/urscript_interfaces
