[0.032s] Invoking command in '/home/ubuntu/workspace/robotics_v1/build/utils': CMAKE_PREFIX_PATH=/home/ubuntu/workspace/robotics_v1/install/cmake_helpers:/opt/ros/foxy PKG_CONFIG_PATH=/home/ubuntu/workspace/robotics_v1/install/cmake_helpers/lib/x86_64-linux-gnu/pkgconfig:/home/ubuntu/workspace/robotics_v1/install/cmake_helpers/lib/pkgconfig /usr/bin/cmake --build /home/ubuntu/workspace/robotics_v1/build/utils -- -j4 -l4
[0.247s] [100%] Built target utils
[0.298s] Invoked command in '/home/ubuntu/workspace/robotics_v1/build/utils' returned '0': CMAKE_PREFIX_PATH=/home/ubuntu/workspace/robotics_v1/install/cmake_helpers:/opt/ros/foxy PKG_CONFIG_PATH=/home/ubuntu/workspace/robotics_v1/install/cmake_helpers/lib/x86_64-linux-gnu/pkgconfig:/home/ubuntu/workspace/robotics_v1/install/cmake_helpers/lib/pkgconfig /usr/bin/cmake --build /home/ubuntu/workspace/robotics_v1/build/utils -- -j4 -l4
[0.677s] Invoking command in '/home/ubuntu/workspace/robotics_v1/build/utils': CMAKE_PREFIX_PATH=/home/ubuntu/workspace/robotics_v1/install/cmake_helpers:/opt/ros/foxy PKG_CONFIG_PATH=/home/ubuntu/workspace/robotics_v1/install/cmake_helpers/lib/x86_64-linux-gnu/pkgconfig:/home/ubuntu/workspace/robotics_v1/install/cmake_helpers/lib/pkgconfig /usr/bin/cmake --install /home/ubuntu/workspace/robotics_v1/build/utils
[0.735s] -- Install configuration: "Debug"
[0.736s] -- Up-to-date: /home/ubuntu/workspace/robotics_v1/install/utils/share/utils/package.xml
[0.737s] -- Up-to-date: /home/ubuntu/workspace/robotics_v1/install/utils/lib/utils/libutils.a
[0.737s] -- Installing: /home/ubuntu/workspace/robotics_v1/install/utils/share/ament_index/resource_index/packages/utils
[0.738s] -- Up-to-date: /home/ubuntu/workspace/robotics_v1/install/utils/share/utils/hook/ament_prefix_path.dsv
[0.739s] -- Up-to-date: /home/ubuntu/workspace/robotics_v1/install/utils/share/utils/hook/ros_package_path.dsv
[0.741s] -- Up-to-date: /home/ubuntu/workspace/robotics_v1/install/utils/share/ament_index/resource_index/package_run_dependencies/utils
[0.742s] -- Up-to-date: /home/ubuntu/workspace/robotics_v1/install/utils/share/ament_index/resource_index/parent_prefix_path/utils
[0.746s] -- Up-to-date: /home/ubuntu/workspace/robotics_v1/install/utils/share/utils/environment/ament_prefix_path.sh
[0.747s] -- Up-to-date: /home/ubuntu/workspace/robotics_v1/install/utils/share/utils/environment/ament_prefix_path.dsv
[0.748s] -- Up-to-date: /home/ubuntu/workspace/robotics_v1/install/utils/share/utils/environment/path.sh
[0.748s] -- Up-to-date: /home/ubuntu/workspace/robotics_v1/install/utils/share/utils/environment/path.dsv
[0.749s] -- Up-to-date: /home/ubuntu/workspace/robotics_v1/install/utils/share/utils/local_setup.bash
[0.749s] -- Up-to-date: /home/ubuntu/workspace/robotics_v1/install/utils/share/utils/local_setup.sh
[0.750s] -- Up-to-date: /home/ubuntu/workspace/robotics_v1/install/utils/share/utils/local_setup.zsh
[0.750s] -- Up-to-date: /home/ubuntu/workspace/robotics_v1/install/utils/share/utils/local_setup.dsv
[0.751s] -- Installing: /home/ubuntu/workspace/robotics_v1/install/utils/share/utils/package.dsv
[0.752s] -- Installing: /home/ubuntu/workspace/robotics_v1/install/utils/share/ament_index/resource_index/packages/utils
[0.753s] -- Up-to-date: /home/ubuntu/workspace/robotics_v1/install/utils/share/utils/cmake/utilsConfig.cmake
[0.754s] -- Up-to-date: /home/ubuntu/workspace/robotics_v1/install/utils/share/utils/cmake/utilsConfig-version.cmake
[0.754s] -- Up-to-date: /home/ubuntu/workspace/robotics_v1/install/utils/share/utils/package.xml
[0.758s] -- Up-to-date: /home/ubuntu/workspace/robotics_v1/install/utils/lib/libutils.a
[0.759s] -- Up-to-date: /home/ubuntu/workspace/robotics_v1/install/utils/include
[0.760s] -- Up-to-date: /home/ubuntu/workspace/robotics_v1/install/utils/include/utils
[0.760s] -- Up-to-date: /home/ubuntu/workspace/robotics_v1/install/utils/include/utils/concurrency
[0.761s] -- Up-to-date: /home/ubuntu/workspace/robotics_v1/install/utils/include/utils/concurrency/ThreadSafeQueue.h
[0.761s] -- Up-to-date: /home/ubuntu/workspace/robotics_v1/install/utils/include/utils/Log.h
[0.761s] -- Up-to-date: /home/ubuntu/workspace/robotics_v1/install/utils/include/utils/ErrorCode.h
[0.762s] -- Up-to-date: /home/ubuntu/workspace/robotics_v1/install/utils/include/utils/rng
[0.762s] -- Up-to-date: /home/ubuntu/workspace/robotics_v1/install/utils/include/utils/rng/Rng.h
[0.763s] -- Up-to-date: /home/ubuntu/workspace/robotics_v1/install/utils/include/utils/time
[0.764s] -- Up-to-date: /home/ubuntu/workspace/robotics_v1/install/utils/include/utils/time/Time.h
[0.766s] -- Up-to-date: /home/ubuntu/workspace/robotics_v1/install/utils/include/utils/drawing
[0.766s] -- Up-to-date: /home/ubuntu/workspace/robotics_v1/install/utils/include/utils/drawing/WidgetAligner.h
[0.767s] -- Up-to-date: /home/ubuntu/workspace/robotics_v1/install/utils/include/utils/drawing/Point.h
[0.767s] -- Up-to-date: /home/ubuntu/workspace/robotics_v1/install/utils/include/utils/drawing/Rectangle.h
[0.768s] -- Up-to-date: /home/ubuntu/workspace/robotics_v1/install/utils/include/utils/drawing/Margin.h
[0.768s] -- Up-to-date: /home/ubuntu/workspace/robotics_v1/install/utils/include/utils/drawing/Color.h
[0.769s] -- Up-to-date: /home/ubuntu/workspace/robotics_v1/install/utils/include/utils/file
[0.770s] -- Up-to-date: /home/ubuntu/workspace/robotics_v1/install/utils/include/utils/file/IniFileParser.h
[0.771s] -- Up-to-date: /home/ubuntu/workspace/robotics_v1/install/utils/include/utils/file_system
[0.771s] -- Up-to-date: /home/ubuntu/workspace/robotics_v1/install/utils/include/utils/file_system/FileSystemUtils.h
[0.772s] -- Up-to-date: /home/ubuntu/workspace/robotics_v1/install/utils/include/utils/data_type
[0.772s] -- Up-to-date: /home/ubuntu/workspace/robotics_v1/install/utils/include/utils/data_type/StringUtils.h
[0.772s] -- Up-to-date: /home/ubuntu/workspace/robotics_v1/install/utils/include/utils/data_type/EnumClassUtils.h
[0.773s] -- Up-to-date: /home/ubuntu/workspace/robotics_v1/install/utils/include/utils/data_type/FloatingPointUtils.h
[0.777s] -- Up-to-date: /home/ubuntu/workspace/robotics_v1/install/utils/include/utils/data_type/FloatingPoint.h
[0.777s] -- Up-to-date: /home/ubuntu/workspace/robotics_v1/install/utils/include/utils/data_type/IntegerUtils.h
[0.778s] -- Up-to-date: /home/ubuntu/workspace/robotics_v1/install/utils/include/utils/LimitValues.h
[0.779s] -- Up-to-date: /home/ubuntu/workspace/robotics_v1/install/utils/include/utils/common
[0.779s] -- Up-to-date: /home/ubuntu/workspace/robotics_v1/install/utils/include/utils/common/Crc.h
[0.780s] -- Up-to-date: /home/ubuntu/workspace/robotics_v1/install/utils/include/utils/common/AutoCircularBuffer.h
[0.781s] -- Up-to-date: /home/ubuntu/workspace/robotics_v1/install/utils/include/utils/common/CircularBuffer.h
[0.781s] -- Up-to-date: /home/ubuntu/workspace/robotics_v1/install/utils/include/utils/common/defines
[0.782s] -- Up-to-date: /home/ubuntu/workspace/robotics_v1/install/utils/include/utils/common/defines/SymbolNameDefines.h
[0.782s] -- Up-to-date: /home/ubuntu/workspace/robotics_v1/install/utils/include/utils/debug
[0.784s] -- Up-to-date: /home/ubuntu/workspace/robotics_v1/install/utils/include/utils/debug/StackTrace.h
[0.816s] -- Up-to-date: /home/ubuntu/workspace/robotics_v1/install/utils/include/utils/debug/FunctionTracer.h
[0.827s] -- Up-to-date: /home/ubuntu/workspace/robotics_v1/install/utils/include/utils/debug/SignalHandler.h
[0.828s] -- Up-to-date: /home/ubuntu/workspace/robotics_v1/install/utils/include/utils/class
[0.829s] -- Up-to-date: /home/ubuntu/workspace/robotics_v1/install/utils/include/utils/class/NonMoveable.h
[0.829s] -- Up-to-date: /home/ubuntu/workspace/robotics_v1/install/utils/include/utils/class/NonCopyable.h
[0.832s] -- Up-to-date: /home/ubuntu/workspace/robotics_v1/install/utils/lib/cmake/utils/utilsTargets.cmake
[0.832s] -- Up-to-date: /home/ubuntu/workspace/robotics_v1/install/utils/lib/cmake/utils/utilsTargets-debug.cmake
[0.833s] -- Up-to-date: /home/ubuntu/workspace/robotics_v1/install/utils/lib/cmake/utils/utilsConfig.cmake
[0.843s] Invoked command in '/home/ubuntu/workspace/robotics_v1/build/utils' returned '0': CMAKE_PREFIX_PATH=/home/ubuntu/workspace/robotics_v1/install/cmake_helpers:/opt/ros/foxy PKG_CONFIG_PATH=/home/ubuntu/workspace/robotics_v1/install/cmake_helpers/lib/x86_64-linux-gnu/pkgconfig:/home/ubuntu/workspace/robotics_v1/install/cmake_helpers/lib/pkgconfig /usr/bin/cmake --install /home/ubuntu/workspace/robotics_v1/build/utils
