[0.031s] Invoking command in '/home/ubuntu/workspace/robotics_v1/build/manager_utils': CMAKE_PREFIX_PATH=/home/ubuntu/workspace/robotics_v1/install/sdl_utils:/home/ubuntu/workspace/robotics_v1/install/resource_utils:/home/ubuntu/workspace/robotics_v1/install/utils:/home/ubuntu/workspace/robotics_v1/install/cmake_helpers:/opt/ros/foxy PKG_CONFIG_PATH=/home/ubuntu/workspace/robotics_v1/install/sdl_utils/lib/x86_64-linux-gnu/pkgconfig:/home/ubuntu/workspace/robotics_v1/install/sdl_utils/lib/pkgconfig:/home/ubuntu/workspace/robotics_v1/install/resource_utils/lib/x86_64-linux-gnu/pkgconfig:/home/ubuntu/workspace/robotics_v1/install/resource_utils/lib/pkgconfig:/home/ubuntu/workspace/robotics_v1/install/utils/lib/x86_64-linux-gnu/pkgconfig:/home/ubuntu/workspace/robotics_v1/install/utils/lib/pkgconfig:/home/ubuntu/workspace/robotics_v1/install/cmake_helpers/lib/x86_64-linux-gnu/pkgconfig:/home/ubuntu/workspace/robotics_v1/install/cmake_helpers/lib/pkgconfig PS1=[\u@\h \W]$(git_branch)$ /usr/bin/cmake --build /home/ubuntu/workspace/robotics_v1/build/manager_utils -- -j4 -l4
[0.189s] [100%] Built target manager_utils
[0.224s] Invoked command in '/home/ubuntu/workspace/robotics_v1/build/manager_utils' returned '0': CMAKE_PREFIX_PATH=/home/ubuntu/workspace/robotics_v1/install/sdl_utils:/home/ubuntu/workspace/robotics_v1/install/resource_utils:/home/ubuntu/workspace/robotics_v1/install/utils:/home/ubuntu/workspace/robotics_v1/install/cmake_helpers:/opt/ros/foxy PKG_CONFIG_PATH=/home/ubuntu/workspace/robotics_v1/install/sdl_utils/lib/x86_64-linux-gnu/pkgconfig:/home/ubuntu/workspace/robotics_v1/install/sdl_utils/lib/pkgconfig:/home/ubuntu/workspace/robotics_v1/install/resource_utils/lib/x86_64-linux-gnu/pkgconfig:/home/ubuntu/workspace/robotics_v1/install/resource_utils/lib/pkgconfig:/home/ubuntu/workspace/robotics_v1/install/utils/lib/x86_64-linux-gnu/pkgconfig:/home/ubuntu/workspace/robotics_v1/install/utils/lib/pkgconfig:/home/ubuntu/workspace/robotics_v1/install/cmake_helpers/lib/x86_64-linux-gnu/pkgconfig:/home/ubuntu/workspace/robotics_v1/install/cmake_helpers/lib/pkgconfig PS1=[\u@\h \W]$(git_branch)$ /usr/bin/cmake --build /home/ubuntu/workspace/robotics_v1/build/manager_utils -- -j4 -l4
[0.487s] Invoking command in '/home/ubuntu/workspace/robotics_v1/build/manager_utils': CMAKE_PREFIX_PATH=/home/ubuntu/workspace/robotics_v1/install/sdl_utils:/home/ubuntu/workspace/robotics_v1/install/resource_utils:/home/ubuntu/workspace/robotics_v1/install/utils:/home/ubuntu/workspace/robotics_v1/install/cmake_helpers:/opt/ros/foxy PKG_CONFIG_PATH=/home/ubuntu/workspace/robotics_v1/install/sdl_utils/lib/x86_64-linux-gnu/pkgconfig:/home/ubuntu/workspace/robotics_v1/install/sdl_utils/lib/pkgconfig:/home/ubuntu/workspace/robotics_v1/install/resource_utils/lib/x86_64-linux-gnu/pkgconfig:/home/ubuntu/workspace/robotics_v1/install/resource_utils/lib/pkgconfig:/home/ubuntu/workspace/robotics_v1/install/utils/lib/x86_64-linux-gnu/pkgconfig:/home/ubuntu/workspace/robotics_v1/install/utils/lib/pkgconfig:/home/ubuntu/workspace/robotics_v1/install/cmake_helpers/lib/x86_64-linux-gnu/pkgconfig:/home/ubuntu/workspace/robotics_v1/install/cmake_helpers/lib/pkgconfig PS1=[\u@\h \W]$(git_branch)$ /usr/bin/cmake --install /home/ubuntu/workspace/robotics_v1/build/manager_utils
[0.508s] -- Install configuration: "Debug"
[0.508s] -- Up-to-date: /home/ubuntu/workspace/robotics_v1/install/manager_utils/share/manager_utils/package.xml
[0.508s] -- Up-to-date: /home/ubuntu/workspace/robotics_v1/install/manager_utils/lib/manager_utils/libmanager_utils.a
[0.508s] -- Up-to-date: /home/ubuntu/workspace/robotics_v1/install/manager_utils/share/ament_index/resource_index/packages/manager_utils
[0.508s] -- Up-to-date: /home/ubuntu/workspace/robotics_v1/install/manager_utils/share/manager_utils/hook/ament_prefix_path.dsv
[0.509s] -- Up-to-date: /home/ubuntu/workspace/robotics_v1/install/manager_utils/share/manager_utils/hook/ros_package_path.dsv
[0.509s] -- Up-to-date: /home/ubuntu/workspace/robotics_v1/install/manager_utils/share/ament_index/resource_index/package_run_dependencies/manager_utils
[0.509s] -- Up-to-date: /home/ubuntu/workspace/robotics_v1/install/manager_utils/share/ament_index/resource_index/parent_prefix_path/manager_utils
[0.509s] -- Up-to-date: /home/ubuntu/workspace/robotics_v1/install/manager_utils/share/manager_utils/environment/ament_prefix_path.sh
[0.510s] -- Up-to-date: /home/ubuntu/workspace/robotics_v1/install/manager_utils/share/manager_utils/environment/ament_prefix_path.dsv
[0.510s] -- Up-to-date: /home/ubuntu/workspace/robotics_v1/install/manager_utils/share/manager_utils/environment/path.sh
[0.510s] -- Up-to-date: /home/ubuntu/workspace/robotics_v1/install/manager_utils/share/manager_utils/environment/path.dsv
[0.511s] -- Up-to-date: /home/ubuntu/workspace/robotics_v1/install/manager_utils/share/manager_utils/local_setup.bash
[0.511s] -- Up-to-date: /home/ubuntu/workspace/robotics_v1/install/manager_utils/share/manager_utils/local_setup.sh
[0.511s] -- Up-to-date: /home/ubuntu/workspace/robotics_v1/install/manager_utils/share/manager_utils/local_setup.zsh
[0.512s] -- Up-to-date: /home/ubuntu/workspace/robotics_v1/install/manager_utils/share/manager_utils/local_setup.dsv
[0.512s] -- Installing: /home/ubuntu/workspace/robotics_v1/install/manager_utils/share/manager_utils/package.dsv
[0.512s] -- Up-to-date: /home/ubuntu/workspace/robotics_v1/install/manager_utils/share/ament_index/resource_index/packages/manager_utils
[0.512s] -- Up-to-date: /home/ubuntu/workspace/robotics_v1/install/manager_utils/share/manager_utils/cmake/manager_utilsConfig.cmake
[0.512s] -- Up-to-date: /home/ubuntu/workspace/robotics_v1/install/manager_utils/share/manager_utils/cmake/manager_utilsConfig-version.cmake
[0.512s] -- Up-to-date: /home/ubuntu/workspace/robotics_v1/install/manager_utils/share/manager_utils/package.xml
[0.513s] -- Up-to-date: /home/ubuntu/workspace/robotics_v1/install/manager_utils/lib/libmanager_utils.a
[0.513s] -- Up-to-date: /home/ubuntu/workspace/robotics_v1/install/manager_utils/include
[0.513s] -- Up-to-date: /home/ubuntu/workspace/robotics_v1/install/manager_utils/include/manager_utils
[0.513s] -- Up-to-date: /home/ubuntu/workspace/robotics_v1/install/manager_utils/include/manager_utils/time
[0.513s] -- Up-to-date: /home/ubuntu/workspace/robotics_v1/install/manager_utils/include/manager_utils/time/UserTimerClient.h
[0.513s] -- Up-to-date: /home/ubuntu/workspace/robotics_v1/install/manager_utils/include/manager_utils/time/defines
[0.513s] -- Up-to-date: /home/ubuntu/workspace/robotics_v1/install/manager_utils/include/manager_utils/time/defines/TimerClientDefines.h
[0.513s] -- Up-to-date: /home/ubuntu/workspace/robotics_v1/install/manager_utils/include/manager_utils/time/TimerClient.h
[0.514s] -- Up-to-date: /home/ubuntu/workspace/robotics_v1/install/manager_utils/include/manager_utils/time/TimerClientSpeedAdjustable.h
[0.514s] -- Up-to-date: /home/ubuntu/workspace/robotics_v1/install/manager_utils/include/manager_utils/drawing
[0.514s] -- Up-to-date: /home/ubuntu/workspace/robotics_v1/install/manager_utils/include/manager_utils/drawing/Sprite.h
[0.514s] -- Up-to-date: /home/ubuntu/workspace/robotics_v1/install/manager_utils/include/manager_utils/drawing/Fbo.h
[0.514s] -- Up-to-date: /home/ubuntu/workspace/robotics_v1/install/manager_utils/include/manager_utils/drawing/NumberCounter.h
[0.514s] -- Up-to-date: /home/ubuntu/workspace/robotics_v1/install/manager_utils/include/manager_utils/drawing/DynamicImage.h
[0.515s] -- Up-to-date: /home/ubuntu/workspace/robotics_v1/install/manager_utils/include/manager_utils/drawing/Text.h
[0.516s] -- Up-to-date: /home/ubuntu/workspace/robotics_v1/install/manager_utils/include/manager_utils/drawing/Image.h
[0.516s] -- Up-to-date: /home/ubuntu/workspace/robotics_v1/install/manager_utils/include/manager_utils/drawing/Widget.h
[0.517s] -- Up-to-date: /home/ubuntu/workspace/robotics_v1/install/manager_utils/include/manager_utils/drawing/animation
[0.517s] -- Up-to-date: /home/ubuntu/workspace/robotics_v1/install/manager_utils/include/manager_utils/drawing/animation/RotationAnimation.h
[0.518s] -- Up-to-date: /home/ubuntu/workspace/robotics_v1/install/manager_utils/include/manager_utils/drawing/animation/PulseAnimation.h
[0.521s] -- Up-to-date: /home/ubuntu/workspace/robotics_v1/install/manager_utils/include/manager_utils/drawing/animation/AnimationBase.h
[0.522s] -- Up-to-date: /home/ubuntu/workspace/robotics_v1/install/manager_utils/include/manager_utils/drawing/animation/FrameAnimation.h
[0.523s] -- Up-to-date: /home/ubuntu/workspace/robotics_v1/install/manager_utils/include/manager_utils/drawing/animation/defines
[0.523s] -- Up-to-date: /home/ubuntu/workspace/robotics_v1/install/manager_utils/include/manager_utils/drawing/animation/defines/AnimationDefines.h
[0.524s] -- Up-to-date: /home/ubuntu/workspace/robotics_v1/install/manager_utils/include/manager_utils/drawing/animation/defines/CommonAnimationStructs.h
[0.524s] -- Up-to-date: /home/ubuntu/workspace/robotics_v1/install/manager_utils/include/manager_utils/drawing/animation/PositionAnimation.h
[0.524s] -- Up-to-date: /home/ubuntu/workspace/robotics_v1/install/manager_utils/include/manager_utils/drawing/animation/AnimationEndCb.h
[0.524s] -- Up-to-date: /home/ubuntu/workspace/robotics_v1/install/manager_utils/include/manager_utils/managers
[0.524s] -- Up-to-date: /home/ubuntu/workspace/robotics_v1/install/manager_utils/include/manager_utils/managers/DrawMgr.h
[0.524s] -- Up-to-date: /home/ubuntu/workspace/robotics_v1/install/manager_utils/include/manager_utils/managers/SoundMgr.h
[0.524s] -- Up-to-date: /home/ubuntu/workspace/robotics_v1/install/manager_utils/include/manager_utils/managers/config
[0.524s] -- Up-to-date: /home/ubuntu/workspace/robotics_v1/install/manager_utils/include/manager_utils/managers/config/DrawMgrConfig.h
[0.524s] -- Up-to-date: /home/ubuntu/workspace/robotics_v1/install/manager_utils/include/manager_utils/managers/config/ManagerHandlerConfig.h
[0.525s] -- Up-to-date: /home/ubuntu/workspace/robotics_v1/install/manager_utils/include/manager_utils/managers/MgrBase.h
[0.525s] -- Up-to-date: /home/ubuntu/workspace/robotics_v1/install/manager_utils/include/manager_utils/managers/RsrcMgr.h
[0.525s] -- Up-to-date: /home/ubuntu/workspace/robotics_v1/install/manager_utils/include/manager_utils/managers/ManagerHandler.h
[0.525s] -- Up-to-date: /home/ubuntu/workspace/robotics_v1/install/manager_utils/include/manager_utils/managers/TimerMgr.h
[0.525s] -- Up-to-date: /home/ubuntu/workspace/robotics_v1/install/manager_utils/include/manager_utils/sound
[0.525s] -- Up-to-date: /home/ubuntu/workspace/robotics_v1/install/manager_utils/include/manager_utils/sound/SoundWidget.h
[0.525s] -- Up-to-date: /home/ubuntu/workspace/robotics_v1/install/manager_utils/include/manager_utils/sound/Music.h
[0.526s] -- Up-to-date: /home/ubuntu/workspace/robotics_v1/install/manager_utils/include/manager_utils/sound/Sound.h
[0.526s] -- Up-to-date: /home/ubuntu/workspace/robotics_v1/install/manager_utils/include/manager_utils/sound/SoundWidgetEndCb.h
[0.526s] -- Up-to-date: /home/ubuntu/workspace/robotics_v1/install/manager_utils/include/manager_utils/input
[0.526s] -- Up-to-date: /home/ubuntu/workspace/robotics_v1/install/manager_utils/include/manager_utils/input/Scroller.h
[0.526s] -- Up-to-date: /home/ubuntu/workspace/robotics_v1/install/manager_utils/include/manager_utils/input/ButtonBase.h
[0.526s] -- Up-to-date: /home/ubuntu/workspace/robotics_v1/install/manager_utils/lib/cmake/manager_utils/manager_utilsTargets.cmake
[0.526s] -- Up-to-date: /home/ubuntu/workspace/robotics_v1/install/manager_utils/lib/cmake/manager_utils/manager_utilsTargets-debug.cmake
[0.526s] -- Up-to-date: /home/ubuntu/workspace/robotics_v1/install/manager_utils/lib/cmake/manager_utils/manager_utilsConfig.cmake
[0.527s] Invoked command in '/home/ubuntu/workspace/robotics_v1/build/manager_utils' returned '0': CMAKE_PREFIX_PATH=/home/ubuntu/workspace/robotics_v1/install/sdl_utils:/home/ubuntu/workspace/robotics_v1/install/resource_utils:/home/ubuntu/workspace/robotics_v1/install/utils:/home/ubuntu/workspace/robotics_v1/install/cmake_helpers:/opt/ros/foxy PKG_CONFIG_PATH=/home/ubuntu/workspace/robotics_v1/install/sdl_utils/lib/x86_64-linux-gnu/pkgconfig:/home/ubuntu/workspace/robotics_v1/install/sdl_utils/lib/pkgconfig:/home/ubuntu/workspace/robotics_v1/install/resource_utils/lib/x86_64-linux-gnu/pkgconfig:/home/ubuntu/workspace/robotics_v1/install/resource_utils/lib/pkgconfig:/home/ubuntu/workspace/robotics_v1/install/utils/lib/x86_64-linux-gnu/pkgconfig:/home/ubuntu/workspace/robotics_v1/install/utils/lib/pkgconfig:/home/ubuntu/workspace/robotics_v1/install/cmake_helpers/lib/x86_64-linux-gnu/pkgconfig:/home/ubuntu/workspace/robotics_v1/install/cmake_helpers/lib/pkgconfig PS1=[\u@\h \W]$(git_branch)$ /usr/bin/cmake --install /home/ubuntu/workspace/robotics_v1/build/manager_utils
