[0.083s] Invoking command in '/home/ubuntu/workspace/robotics_v1/build/robo_cleaner_interfaces': CMAKE_PREFIX_PATH=/opt/ros/foxy /usr/bin/cmake /home/ubuntu/workspace/robotics_v1/src/robo_cleaner/robo_cleaner_interfaces -DCMAKE_INSTALL_PREFIX=/home/ubuntu/workspace/robotics_v1/install/robo_cleaner_interfaces
[0.217s] -- Found ament_cmake: 0.9.9 (/opt/ros/foxy/share/ament_cmake/cmake)
[0.328s] -- Found PythonInterp: /usr/bin/python3 (found suitable version "3.8.10", minimum required is "3") 
[0.328s] -- Using PYTHON_EXECUTABLE: /usr/bin/python3
[1.254s] -- Override CMake install command with custom implementation using symlinks instead of copying resources
[1.274s] -- Found rosidl_default_generators: 1.0.1 (/opt/ros/foxy/share/rosidl_default_generators/cmake)
[1.279s] -- Using all available rosidl_typesupport_c: rosidl_typesupport_fastrtps_c;rosidl_typesupport_introspection_c
[1.286s] -- Found rosidl_adapter: 1.2.1 (/opt/ros/foxy/share/rosidl_adapter/cmake)
[1.583s] -- Using all available rosidl_typesupport_cpp: rosidl_typesupport_fastrtps_cpp;rosidl_typesupport_introspection_cpp
[1.760s] -- Found PythonInterp: /usr/bin/python3 (found version "3.8.10") 
[2.776s] -- Found ament_cmake_ros: 0.9.2 (/opt/ros/foxy/share/ament_cmake_ros/cmake)
[3.447s] -- Using all available rosidl_typesupport_c: rosidl_typesupport_fastrtps_c;rosidl_typesupport_introspection_c
[3.629s] -- Using all available rosidl_typesupport_cpp: rosidl_typesupport_fastrtps_cpp;rosidl_typesupport_introspection_cpp
[3.781s] -- Found PythonInterp: /usr/bin/python3 (found suitable version "3.8.10", minimum required is "3.5") 
[3.782s] -- Found python_cmake_module: 0.8.1 (/opt/ros/foxy/share/python_cmake_module/cmake)
[3.909s] -- Using PYTHON_EXECUTABLE: /usr/bin/python3
[3.910s] -- Using PYTHON_INCLUDE_DIRS: /usr/include/python3.8
[3.910s] -- Using PYTHON_LIBRARIES: /usr/lib/x86_64-linux-gnu/libpython3.8.so
[4.277s] -- Configuring done
[4.884s] -- Generating done
[4.895s] -- Build files have been written to: /home/ubuntu/workspace/robotics_v1/build/robo_cleaner_interfaces
[4.916s] Invoked command in '/home/ubuntu/workspace/robotics_v1/build/robo_cleaner_interfaces' returned '0': CMAKE_PREFIX_PATH=/opt/ros/foxy /usr/bin/cmake /home/ubuntu/workspace/robotics_v1/src/robo_cleaner/robo_cleaner_interfaces -DCMAKE_INSTALL_PREFIX=/home/ubuntu/workspace/robotics_v1/install/robo_cleaner_interfaces
[4.923s] Invoking command in '/home/ubuntu/workspace/robotics_v1/build/robo_cleaner_interfaces': CMAKE_PREFIX_PATH=/opt/ros/foxy /usr/bin/cmake --build /home/ubuntu/workspace/robotics_v1/build/robo_cleaner_interfaces -- -j4 -l4
[5.144s] [  1%] Built target robo_cleaner_interfaces__cpp
[5.316s] [ 12%] Built target robo_cleaner_interfaces__rosidl_generator_c
[5.455s] [ 24%] Built target robo_cleaner_interfaces__rosidl_typesupport_introspection_cpp
[5.464s] [ 35%] Built target robo_cleaner_interfaces__rosidl_typesupport_cpp
[5.496s] [ 47%] Built target robo_cleaner_interfaces__rosidl_typesupport_fastrtps_cpp
[5.636s] [ 58%] Built target robo_cleaner_interfaces__rosidl_typesupport_introspection_c
[5.700s] [ 70%] Built target robo_cleaner_interfaces__rosidl_typesupport_c
[5.703s] [ 81%] Built target robo_cleaner_interfaces__rosidl_typesupport_fastrtps_c
[5.853s] [ 81%] Built target robo_cleaner_interfaces
[6.014s] [ 82%] Built target robo_cleaner_interfaces__py
[6.131s] [ 93%] Built target robo_cleaner_interfaces__python
[6.269s] [ 95%] Built target robo_cleaner_interfaces__rosidl_typesupport_c__pyext
[6.350s] [ 97%] Built target robo_cleaner_interfaces__rosidl_typesupport_introspection_c__pyext
[6.368s] [100%] Built target robo_cleaner_interfaces__rosidl_typesupport_fastrtps_c__pyext
[6.435s] Invoked command in '/home/ubuntu/workspace/robotics_v1/build/robo_cleaner_interfaces' returned '0': CMAKE_PREFIX_PATH=/opt/ros/foxy /usr/bin/cmake --build /home/ubuntu/workspace/robotics_v1/build/robo_cleaner_interfaces -- -j4 -l4
[8.456s] Invoking command in '/home/ubuntu/workspace/robotics_v1/build/robo_cleaner_interfaces': CMAKE_PREFIX_PATH=/opt/ros/foxy /usr/bin/cmake --install /home/ubuntu/workspace/robotics_v1/build/robo_cleaner_interfaces
[8.492s] -- Install configuration: "Debug"
[8.498s] -- Execute custom install script
[8.498s] -- Up-to-date symlink: /home/ubuntu/workspace/robotics_v1/install/robo_cleaner_interfaces/share/ament_index/resource_index/rosidl_interfaces/robo_cleaner_interfaces
[8.499s] -- Up-to-date symlink: /home/ubuntu/workspace/robotics_v1/install/robo_cleaner_interfaces/include/robo_cleaner_interfaces/action/detail/robot_move__functions.h
[8.500s] -- Up-to-date symlink: /home/ubuntu/workspace/robotics_v1/install/robo_cleaner_interfaces/include/robo_cleaner_interfaces/action/detail/robot_move__struct.h
[8.501s] -- Up-to-date symlink: /home/ubuntu/workspace/robotics_v1/install/robo_cleaner_interfaces/include/robo_cleaner_interfaces/action/detail/robot_move__type_support.h
[8.501s] -- Up-to-date symlink: /home/ubuntu/workspace/robotics_v1/install/robo_cleaner_interfaces/include/robo_cleaner_interfaces/action/robot_move.h
[8.502s] -- Up-to-date symlink: /home/ubuntu/workspace/robotics_v1/install/robo_cleaner_interfaces/include/robo_cleaner_interfaces/msg/battery_status.h
[8.503s] -- Up-to-date symlink: /home/ubuntu/workspace/robotics_v1/install/robo_cleaner_interfaces/include/robo_cleaner_interfaces/msg/detail/battery_status__functions.h
[8.503s] -- Up-to-date symlink: /home/ubuntu/workspace/robotics_v1/install/robo_cleaner_interfaces/include/robo_cleaner_interfaces/msg/detail/battery_status__struct.h
[8.504s] -- Up-to-date symlink: /home/ubuntu/workspace/robotics_v1/install/robo_cleaner_interfaces/include/robo_cleaner_interfaces/msg/detail/battery_status__type_support.h
[8.504s] -- Up-to-date symlink: /home/ubuntu/workspace/robotics_v1/install/robo_cleaner_interfaces/include/robo_cleaner_interfaces/msg/detail/initial_robot_state__functions.h
[8.505s] -- Up-to-date symlink: /home/ubuntu/workspace/robotics_v1/install/robo_cleaner_interfaces/include/robo_cleaner_interfaces/msg/detail/initial_robot_state__struct.h
[8.505s] -- Up-to-date symlink: /home/ubuntu/workspace/robotics_v1/install/robo_cleaner_interfaces/include/robo_cleaner_interfaces/msg/detail/initial_robot_state__type_support.h
[8.506s] -- Up-to-date symlink: /home/ubuntu/workspace/robotics_v1/install/robo_cleaner_interfaces/include/robo_cleaner_interfaces/msg/detail/robot_move_type__functions.h
[8.506s] -- Up-to-date symlink: /home/ubuntu/workspace/robotics_v1/install/robo_cleaner_interfaces/include/robo_cleaner_interfaces/msg/detail/robot_move_type__struct.h
[8.507s] -- Up-to-date symlink: /home/ubuntu/workspace/robotics_v1/install/robo_cleaner_interfaces/include/robo_cleaner_interfaces/msg/detail/robot_move_type__type_support.h
[8.507s] -- Up-to-date symlink: /home/ubuntu/workspace/robotics_v1/install/robo_cleaner_interfaces/include/robo_cleaner_interfaces/msg/detail/user_authenticate__functions.h
[8.512s] -- Up-to-date symlink: /home/ubuntu/workspace/robotics_v1/install/robo_cleaner_interfaces/include/robo_cleaner_interfaces/msg/detail/user_authenticate__struct.h
[8.514s] -- Up-to-date symlink: /home/ubuntu/workspace/robotics_v1/install/robo_cleaner_interfaces/include/robo_cleaner_interfaces/msg/detail/user_authenticate__type_support.h
[8.515s] -- Up-to-date symlink: /home/ubuntu/workspace/robotics_v1/install/robo_cleaner_interfaces/include/robo_cleaner_interfaces/msg/initial_robot_state.h
[8.516s] -- Up-to-date symlink: /home/ubuntu/workspace/robotics_v1/install/robo_cleaner_interfaces/include/robo_cleaner_interfaces/msg/robot_move_type.h
[8.517s] -- Up-to-date symlink: /home/ubuntu/workspace/robotics_v1/install/robo_cleaner_interfaces/include/robo_cleaner_interfaces/msg/rosidl_generator_c__visibility_control.h
[8.517s] -- Up-to-date symlink: /home/ubuntu/workspace/robotics_v1/install/robo_cleaner_interfaces/include/robo_cleaner_interfaces/msg/user_authenticate.h
[8.521s] -- Up-to-date symlink: /home/ubuntu/workspace/robotics_v1/install/robo_cleaner_interfaces/include/robo_cleaner_interfaces/srv/charge_battery.h
[8.522s] -- Up-to-date symlink: /home/ubuntu/workspace/robotics_v1/install/robo_cleaner_interfaces/include/robo_cleaner_interfaces/srv/detail/charge_battery__functions.h
[8.523s] -- Up-to-date symlink: /home/ubuntu/workspace/robotics_v1/install/robo_cleaner_interfaces/include/robo_cleaner_interfaces/srv/detail/charge_battery__struct.h
[8.524s] -- Up-to-date symlink: /home/ubuntu/workspace/robotics_v1/install/robo_cleaner_interfaces/include/robo_cleaner_interfaces/srv/detail/charge_battery__type_support.h
[8.525s] -- Up-to-date symlink: /home/ubuntu/workspace/robotics_v1/install/robo_cleaner_interfaces/include/robo_cleaner_interfaces/srv/detail/query_battery_status__functions.h
[8.526s] -- Up-to-date symlink: /home/ubuntu/workspace/robotics_v1/install/robo_cleaner_interfaces/include/robo_cleaner_interfaces/srv/detail/query_battery_status__struct.h
[8.527s] -- Up-to-date symlink: /home/ubuntu/workspace/robotics_v1/install/robo_cleaner_interfaces/include/robo_cleaner_interfaces/srv/detail/query_battery_status__type_support.h
[8.530s] -- Up-to-date symlink: /home/ubuntu/workspace/robotics_v1/install/robo_cleaner_interfaces/include/robo_cleaner_interfaces/srv/detail/query_initial_robot_state__functions.h
[8.530s] -- Up-to-date symlink: /home/ubuntu/workspace/robotics_v1/install/robo_cleaner_interfaces/include/robo_cleaner_interfaces/srv/detail/query_initial_robot_state__struct.h
[8.530s] -- Up-to-date symlink: /home/ubuntu/workspace/robotics_v1/install/robo_cleaner_interfaces/include/robo_cleaner_interfaces/srv/detail/query_initial_robot_state__type_support.h
[8.530s] -- Up-to-date symlink: /home/ubuntu/workspace/robotics_v1/install/robo_cleaner_interfaces/include/robo_cleaner_interfaces/srv/query_battery_status.h
[8.533s] -- Up-to-date symlink: /home/ubuntu/workspace/robotics_v1/install/robo_cleaner_interfaces/include/robo_cleaner_interfaces/srv/query_initial_robot_state.h
[8.533s] -- Up-to-date symlink: /home/ubuntu/workspace/robotics_v1/install/robo_cleaner_interfaces/share/robo_cleaner_interfaces/environment/library_path.sh
[8.533s] -- Up-to-date symlink: /home/ubuntu/workspace/robotics_v1/install/robo_cleaner_interfaces/share/robo_cleaner_interfaces/environment/library_path.dsv
[8.534s] -- Up-to-date symlink: /home/ubuntu/workspace/robotics_v1/install/robo_cleaner_interfaces/include/robo_cleaner_interfaces/action/detail/robot_move__rosidl_typesupport_fastrtps_c.h
[8.534s] -- Up-to-date symlink: /home/ubuntu/workspace/robotics_v1/install/robo_cleaner_interfaces/include/robo_cleaner_interfaces/msg/detail/battery_status__rosidl_typesupport_fastrtps_c.h
[8.534s] -- Up-to-date symlink: /home/ubuntu/workspace/robotics_v1/install/robo_cleaner_interfaces/include/robo_cleaner_interfaces/msg/detail/initial_robot_state__rosidl_typesupport_fastrtps_c.h
[8.535s] -- Up-to-date symlink: /home/ubuntu/workspace/robotics_v1/install/robo_cleaner_interfaces/include/robo_cleaner_interfaces/msg/detail/robot_move_type__rosidl_typesupport_fastrtps_c.h
[8.535s] -- Up-to-date symlink: /home/ubuntu/workspace/robotics_v1/install/robo_cleaner_interfaces/include/robo_cleaner_interfaces/msg/detail/user_authenticate__rosidl_typesupport_fastrtps_c.h
[8.535s] -- Up-to-date symlink: /home/ubuntu/workspace/robotics_v1/install/robo_cleaner_interfaces/include/robo_cleaner_interfaces/msg/rosidl_typesupport_fastrtps_c__visibility_control.h
[8.535s] -- Up-to-date symlink: /home/ubuntu/workspace/robotics_v1/install/robo_cleaner_interfaces/include/robo_cleaner_interfaces/srv/detail/charge_battery__rosidl_typesupport_fastrtps_c.h
[8.535s] -- Up-to-date symlink: /home/ubuntu/workspace/robotics_v1/install/robo_cleaner_interfaces/include/robo_cleaner_interfaces/srv/detail/query_battery_status__rosidl_typesupport_fastrtps_c.h
[8.542s] -- Up-to-date symlink: /home/ubuntu/workspace/robotics_v1/install/robo_cleaner_interfaces/include/robo_cleaner_interfaces/srv/detail/query_initial_robot_state__rosidl_typesupport_fastrtps_c.h
[8.560s] -- Up-to-date symlink: /home/ubuntu/workspace/robotics_v1/install/robo_cleaner_interfaces/lib/librobo_cleaner_interfaces__rosidl_typesupport_fastrtps_c.so
[8.561s] -- Up-to-date symlink: /home/ubuntu/workspace/robotics_v1/install/robo_cleaner_interfaces/include/robo_cleaner_interfaces/action/detail/robot_move__rosidl_typesupport_fastrtps_cpp.hpp
[8.561s] -- Up-to-date symlink: /home/ubuntu/workspace/robotics_v1/install/robo_cleaner_interfaces/include/robo_cleaner_interfaces/msg/detail/battery_status__rosidl_typesupport_fastrtps_cpp.hpp
[8.562s] -- Up-to-date symlink: /home/ubuntu/workspace/robotics_v1/install/robo_cleaner_interfaces/include/robo_cleaner_interfaces/msg/detail/initial_robot_state__rosidl_typesupport_fastrtps_cpp.hpp
[8.562s] -- Up-to-date symlink: /home/ubuntu/workspace/robotics_v1/install/robo_cleaner_interfaces/include/robo_cleaner_interfaces/msg/detail/robot_move_type__rosidl_typesupport_fastrtps_cpp.hpp
[8.563s] -- Up-to-date symlink: /home/ubuntu/workspace/robotics_v1/install/robo_cleaner_interfaces/include/robo_cleaner_interfaces/msg/detail/user_authenticate__rosidl_typesupport_fastrtps_cpp.hpp
[8.563s] -- Up-to-date symlink: /home/ubuntu/workspace/robotics_v1/install/robo_cleaner_interfaces/include/robo_cleaner_interfaces/msg/rosidl_typesupport_fastrtps_cpp__visibility_control.h
[8.563s] -- Up-to-date symlink: /home/ubuntu/workspace/robotics_v1/install/robo_cleaner_interfaces/include/robo_cleaner_interfaces/srv/detail/charge_battery__rosidl_typesupport_fastrtps_cpp.hpp
[8.564s] -- Up-to-date symlink: /home/ubuntu/workspace/robotics_v1/install/robo_cleaner_interfaces/include/robo_cleaner_interfaces/srv/detail/query_battery_status__rosidl_typesupport_fastrtps_cpp.hpp
[8.564s] -- Up-to-date symlink: /home/ubuntu/workspace/robotics_v1/install/robo_cleaner_interfaces/include/robo_cleaner_interfaces/srv/detail/query_initial_robot_state__rosidl_typesupport_fastrtps_cpp.hpp
[8.564s] -- Up-to-date symlink: /home/ubuntu/workspace/robotics_v1/install/robo_cleaner_interfaces/lib/librobo_cleaner_interfaces__rosidl_typesupport_fastrtps_cpp.so
[8.564s] -- Up-to-date symlink: /home/ubuntu/workspace/robotics_v1/install/robo_cleaner_interfaces/include/robo_cleaner_interfaces/action/detail/robot_move__rosidl_typesupport_introspection_c.h
[8.565s] -- Up-to-date symlink: /home/ubuntu/workspace/robotics_v1/install/robo_cleaner_interfaces/include/robo_cleaner_interfaces/msg/detail/battery_status__rosidl_typesupport_introspection_c.h
[8.565s] -- Up-to-date symlink: /home/ubuntu/workspace/robotics_v1/install/robo_cleaner_interfaces/include/robo_cleaner_interfaces/msg/detail/initial_robot_state__rosidl_typesupport_introspection_c.h
[8.565s] -- Up-to-date symlink: /home/ubuntu/workspace/robotics_v1/install/robo_cleaner_interfaces/include/robo_cleaner_interfaces/msg/detail/robot_move_type__rosidl_typesupport_introspection_c.h
[8.569s] -- Up-to-date symlink: /home/ubuntu/workspace/robotics_v1/install/robo_cleaner_interfaces/include/robo_cleaner_interfaces/msg/detail/user_authenticate__rosidl_typesupport_introspection_c.h
[8.569s] -- Up-to-date symlink: /home/ubuntu/workspace/robotics_v1/install/robo_cleaner_interfaces/include/robo_cleaner_interfaces/msg/rosidl_typesupport_introspection_c__visibility_control.h
[8.569s] -- Up-to-date symlink: /home/ubuntu/workspace/robotics_v1/install/robo_cleaner_interfaces/include/robo_cleaner_interfaces/srv/detail/charge_battery__rosidl_typesupport_introspection_c.h
[8.569s] -- Up-to-date symlink: /home/ubuntu/workspace/robotics_v1/install/robo_cleaner_interfaces/include/robo_cleaner_interfaces/srv/detail/query_battery_status__rosidl_typesupport_introspection_c.h
[8.570s] -- Up-to-date symlink: /home/ubuntu/workspace/robotics_v1/install/robo_cleaner_interfaces/include/robo_cleaner_interfaces/srv/detail/query_initial_robot_state__rosidl_typesupport_introspection_c.h
[8.570s] -- Up-to-date symlink: /home/ubuntu/workspace/robotics_v1/install/robo_cleaner_interfaces/include/robo_cleaner_interfaces/action/detail/robot_move__builder.hpp
[8.570s] -- Up-to-date symlink: /home/ubuntu/workspace/robotics_v1/install/robo_cleaner_interfaces/include/robo_cleaner_interfaces/action/detail/robot_move__struct.hpp
[8.570s] -- Up-to-date symlink: /home/ubuntu/workspace/robotics_v1/install/robo_cleaner_interfaces/include/robo_cleaner_interfaces/action/detail/robot_move__traits.hpp
[8.570s] -- Up-to-date symlink: /home/ubuntu/workspace/robotics_v1/install/robo_cleaner_interfaces/include/robo_cleaner_interfaces/action/robot_move.hpp
[8.570s] -- Up-to-date symlink: /home/ubuntu/workspace/robotics_v1/install/robo_cleaner_interfaces/include/robo_cleaner_interfaces/msg/battery_status.hpp
[8.574s] -- Up-to-date symlink: /home/ubuntu/workspace/robotics_v1/install/robo_cleaner_interfaces/include/robo_cleaner_interfaces/msg/detail/battery_status__builder.hpp
[8.574s] -- Up-to-date symlink: /home/ubuntu/workspace/robotics_v1/install/robo_cleaner_interfaces/include/robo_cleaner_interfaces/msg/detail/battery_status__struct.hpp
[8.575s] -- Up-to-date symlink: /home/ubuntu/workspace/robotics_v1/install/robo_cleaner_interfaces/include/robo_cleaner_interfaces/msg/detail/battery_status__traits.hpp
[8.575s] -- Up-to-date symlink: /home/ubuntu/workspace/robotics_v1/install/robo_cleaner_interfaces/include/robo_cleaner_interfaces/msg/detail/initial_robot_state__builder.hpp
[8.575s] -- Up-to-date symlink: /home/ubuntu/workspace/robotics_v1/install/robo_cleaner_interfaces/include/robo_cleaner_interfaces/msg/detail/initial_robot_state__struct.hpp
[8.576s] -- Up-to-date symlink: /home/ubuntu/workspace/robotics_v1/install/robo_cleaner_interfaces/include/robo_cleaner_interfaces/msg/detail/initial_robot_state__traits.hpp
[8.576s] -- Up-to-date symlink: /home/ubuntu/workspace/robotics_v1/install/robo_cleaner_interfaces/include/robo_cleaner_interfaces/msg/detail/robot_move_type__builder.hpp
[8.577s] -- Up-to-date symlink: /home/ubuntu/workspace/robotics_v1/install/robo_cleaner_interfaces/include/robo_cleaner_interfaces/msg/detail/robot_move_type__struct.hpp
[8.578s] -- Up-to-date symlink: /home/ubuntu/workspace/robotics_v1/install/robo_cleaner_interfaces/include/robo_cleaner_interfaces/msg/detail/robot_move_type__traits.hpp
[8.581s] -- Up-to-date symlink: /home/ubuntu/workspace/robotics_v1/install/robo_cleaner_interfaces/include/robo_cleaner_interfaces/msg/detail/user_authenticate__builder.hpp
[8.582s] -- Up-to-date symlink: /home/ubuntu/workspace/robotics_v1/install/robo_cleaner_interfaces/include/robo_cleaner_interfaces/msg/detail/user_authenticate__struct.hpp
[8.583s] -- Up-to-date symlink: /home/ubuntu/workspace/robotics_v1/install/robo_cleaner_interfaces/include/robo_cleaner_interfaces/msg/detail/user_authenticate__traits.hpp
[8.583s] -- Up-to-date symlink: /home/ubuntu/workspace/robotics_v1/install/robo_cleaner_interfaces/include/robo_cleaner_interfaces/msg/initial_robot_state.hpp
[8.583s] -- Up-to-date symlink: /home/ubuntu/workspace/robotics_v1/install/robo_cleaner_interfaces/include/robo_cleaner_interfaces/msg/robot_move_type.hpp
[8.584s] -- Up-to-date symlink: /home/ubuntu/workspace/robotics_v1/install/robo_cleaner_interfaces/include/robo_cleaner_interfaces/msg/user_authenticate.hpp
[8.584s] -- Up-to-date symlink: /home/ubuntu/workspace/robotics_v1/install/robo_cleaner_interfaces/include/robo_cleaner_interfaces/srv/charge_battery.hpp
[8.584s] -- Up-to-date symlink: /home/ubuntu/workspace/robotics_v1/install/robo_cleaner_interfaces/include/robo_cleaner_interfaces/srv/detail/charge_battery__builder.hpp
[8.598s] -- Up-to-date symlink: /home/ubuntu/workspace/robotics_v1/install/robo_cleaner_interfaces/include/robo_cleaner_interfaces/srv/detail/charge_battery__struct.hpp
[8.599s] -- Up-to-date symlink: /home/ubuntu/workspace/robotics_v1/install/robo_cleaner_interfaces/include/robo_cleaner_interfaces/srv/detail/charge_battery__traits.hpp
[8.599s] -- Up-to-date symlink: /home/ubuntu/workspace/robotics_v1/install/robo_cleaner_interfaces/include/robo_cleaner_interfaces/srv/detail/query_battery_status__builder.hpp
[8.599s] -- Up-to-date symlink: /home/ubuntu/workspace/robotics_v1/install/robo_cleaner_interfaces/include/robo_cleaner_interfaces/srv/detail/query_battery_status__struct.hpp
[8.600s] -- Up-to-date symlink: /home/ubuntu/workspace/robotics_v1/install/robo_cleaner_interfaces/include/robo_cleaner_interfaces/srv/detail/query_battery_status__traits.hpp
[8.600s] -- Up-to-date symlink: /home/ubuntu/workspace/robotics_v1/install/robo_cleaner_interfaces/include/robo_cleaner_interfaces/srv/detail/query_initial_robot_state__builder.hpp
[8.601s] -- Up-to-date symlink: /home/ubuntu/workspace/robotics_v1/install/robo_cleaner_interfaces/include/robo_cleaner_interfaces/srv/detail/query_initial_robot_state__struct.hpp
[8.601s] -- Up-to-date symlink: /home/ubuntu/workspace/robotics_v1/install/robo_cleaner_interfaces/include/robo_cleaner_interfaces/srv/detail/query_initial_robot_state__traits.hpp
[8.601s] -- Up-to-date symlink: /home/ubuntu/workspace/robotics_v1/install/robo_cleaner_interfaces/include/robo_cleaner_interfaces/srv/query_battery_status.hpp
[8.601s] -- Up-to-date symlink: /home/ubuntu/workspace/robotics_v1/install/robo_cleaner_interfaces/include/robo_cleaner_interfaces/srv/query_initial_robot_state.hpp
[8.601s] -- Up-to-date symlink: /home/ubuntu/workspace/robotics_v1/install/robo_cleaner_interfaces/include/robo_cleaner_interfaces/action/detail/robot_move__rosidl_typesupport_introspection_cpp.hpp
[8.602s] -- Up-to-date symlink: /home/ubuntu/workspace/robotics_v1/install/robo_cleaner_interfaces/include/robo_cleaner_interfaces/msg/detail/battery_status__rosidl_typesupport_introspection_cpp.hpp
[8.602s] -- Up-to-date symlink: /home/ubuntu/workspace/robotics_v1/install/robo_cleaner_interfaces/include/robo_cleaner_interfaces/msg/detail/initial_robot_state__rosidl_typesupport_introspection_cpp.hpp
[8.602s] -- Up-to-date symlink: /home/ubuntu/workspace/robotics_v1/install/robo_cleaner_interfaces/include/robo_cleaner_interfaces/msg/detail/robot_move_type__rosidl_typesupport_introspection_cpp.hpp
[8.602s] -- Up-to-date symlink: /home/ubuntu/workspace/robotics_v1/install/robo_cleaner_interfaces/include/robo_cleaner_interfaces/msg/detail/user_authenticate__rosidl_typesupport_introspection_cpp.hpp
[8.603s] -- Up-to-date symlink: /home/ubuntu/workspace/robotics_v1/install/robo_cleaner_interfaces/include/robo_cleaner_interfaces/srv/detail/charge_battery__rosidl_typesupport_introspection_cpp.hpp
[8.603s] -- Up-to-date symlink: /home/ubuntu/workspace/robotics_v1/install/robo_cleaner_interfaces/include/robo_cleaner_interfaces/srv/detail/query_battery_status__rosidl_typesupport_introspection_cpp.hpp
[8.603s] -- Up-to-date symlink: /home/ubuntu/workspace/robotics_v1/install/robo_cleaner_interfaces/include/robo_cleaner_interfaces/srv/detail/query_initial_robot_state__rosidl_typesupport_introspection_cpp.hpp
[8.603s] -- Up-to-date symlink: /home/ubuntu/workspace/robotics_v1/install/robo_cleaner_interfaces/share/robo_cleaner_interfaces/environment/pythonpath.sh
[8.604s] -- Up-to-date symlink: /home/ubuntu/workspace/robotics_v1/install/robo_cleaner_interfaces/share/robo_cleaner_interfaces/environment/pythonpath.dsv
[8.604s] -- Up-to-date symlink: /home/ubuntu/workspace/robotics_v1/install/robo_cleaner_interfaces/lib/python3.8/site-packages/robo_cleaner_interfaces/__init__.py
[8.604s] -- Up-to-date symlink: /home/ubuntu/workspace/robotics_v1/install/robo_cleaner_interfaces/lib/python3.8/site-packages/robo_cleaner_interfaces/msg/__init__.py
[8.604s] -- Up-to-date symlink: /home/ubuntu/workspace/robotics_v1/install/robo_cleaner_interfaces/lib/python3.8/site-packages/robo_cleaner_interfaces/msg/_battery_status.py
[8.604s] -- Up-to-date symlink: /home/ubuntu/workspace/robotics_v1/install/robo_cleaner_interfaces/lib/python3.8/site-packages/robo_cleaner_interfaces/msg/_initial_robot_state.py
[8.605s] -- Up-to-date symlink: /home/ubuntu/workspace/robotics_v1/install/robo_cleaner_interfaces/lib/python3.8/site-packages/robo_cleaner_interfaces/msg/_robot_move_type.py
[8.605s] -- Up-to-date symlink: /home/ubuntu/workspace/robotics_v1/install/robo_cleaner_interfaces/lib/python3.8/site-packages/robo_cleaner_interfaces/msg/_user_authenticate.py
[8.605s] -- Up-to-date symlink: /home/ubuntu/workspace/robotics_v1/install/robo_cleaner_interfaces/lib/python3.8/site-packages/robo_cleaner_interfaces/srv/__init__.py
[8.605s] -- Up-to-date symlink: /home/ubuntu/workspace/robotics_v1/install/robo_cleaner_interfaces/lib/python3.8/site-packages/robo_cleaner_interfaces/srv/_charge_battery.py
[8.606s] -- Up-to-date symlink: /home/ubuntu/workspace/robotics_v1/install/robo_cleaner_interfaces/lib/python3.8/site-packages/robo_cleaner_interfaces/srv/_query_battery_status.py
[8.610s] -- Up-to-date symlink: /home/ubuntu/workspace/robotics_v1/install/robo_cleaner_interfaces/lib/python3.8/site-packages/robo_cleaner_interfaces/srv/_query_initial_robot_state.py
[8.610s] -- Up-to-date symlink: /home/ubuntu/workspace/robotics_v1/install/robo_cleaner_interfaces/lib/python3.8/site-packages/robo_cleaner_interfaces/action/__init__.py
[8.610s] -- Up-to-date symlink: /home/ubuntu/workspace/robotics_v1/install/robo_cleaner_interfaces/lib/python3.8/site-packages/robo_cleaner_interfaces/action/_robot_move.py
[8.611s] -- Up-to-date symlink: /home/ubuntu/workspace/robotics_v1/install/robo_cleaner_interfaces/lib/python3.8/site-packages/robo_cleaner_interfaces/robo_cleaner_interfaces_s__rosidl_typesupport_fastrtps_c.cpython-38-x86_64-linux-gnu.so
[8.611s] -- Up-to-date symlink: /home/ubuntu/workspace/robotics_v1/install/robo_cleaner_interfaces/lib/python3.8/site-packages/robo_cleaner_interfaces/robo_cleaner_interfaces_s__rosidl_typesupport_introspection_c.cpython-38-x86_64-linux-gnu.so
[8.611s] -- Up-to-date symlink: /home/ubuntu/workspace/robotics_v1/install/robo_cleaner_interfaces/lib/python3.8/site-packages/robo_cleaner_interfaces/robo_cleaner_interfaces_s__rosidl_typesupport_c.cpython-38-x86_64-linux-gnu.so
[8.611s] -- Up-to-date symlink: /home/ubuntu/workspace/robotics_v1/install/robo_cleaner_interfaces/lib/librobo_cleaner_interfaces__python.so
[8.611s] -- Up-to-date symlink: /home/ubuntu/workspace/robotics_v1/install/robo_cleaner_interfaces/share/robo_cleaner_interfaces/msg/BatteryStatus.idl
[8.612s] -- Up-to-date symlink: /home/ubuntu/workspace/robotics_v1/install/robo_cleaner_interfaces/share/robo_cleaner_interfaces/msg/InitialRobotState.idl
[8.612s] -- Up-to-date symlink: /home/ubuntu/workspace/robotics_v1/install/robo_cleaner_interfaces/share/robo_cleaner_interfaces/msg/RobotMoveType.idl
[8.613s] -- Up-to-date symlink: /home/ubuntu/workspace/robotics_v1/install/robo_cleaner_interfaces/share/robo_cleaner_interfaces/msg/UserAuthenticate.idl
[8.613s] -- Up-to-date symlink: /home/ubuntu/workspace/robotics_v1/install/robo_cleaner_interfaces/share/robo_cleaner_interfaces/srv/ChargeBattery.idl
[8.613s] -- Up-to-date symlink: /home/ubuntu/workspace/robotics_v1/install/robo_cleaner_interfaces/share/robo_cleaner_interfaces/srv/QueryBatteryStatus.idl
[8.613s] -- Up-to-date symlink: /home/ubuntu/workspace/robotics_v1/install/robo_cleaner_interfaces/share/robo_cleaner_interfaces/srv/QueryInitialRobotState.idl
[8.613s] -- Up-to-date symlink: /home/ubuntu/workspace/robotics_v1/install/robo_cleaner_interfaces/share/robo_cleaner_interfaces/action/RobotMove.idl
[8.614s] -- Up-to-date symlink: /home/ubuntu/workspace/robotics_v1/install/robo_cleaner_interfaces/share/robo_cleaner_interfaces/msg/BatteryStatus.msg
[8.614s] -- Up-to-date symlink: /home/ubuntu/workspace/robotics_v1/install/robo_cleaner_interfaces/share/robo_cleaner_interfaces/msg/InitialRobotState.msg
[8.614s] -- Up-to-date symlink: /home/ubuntu/workspace/robotics_v1/install/robo_cleaner_interfaces/share/robo_cleaner_interfaces/msg/RobotMoveType.msg
[8.614s] -- Up-to-date symlink: /home/ubuntu/workspace/robotics_v1/install/robo_cleaner_interfaces/share/robo_cleaner_interfaces/msg/UserAuthenticate.msg
[8.614s] -- Up-to-date symlink: /home/ubuntu/workspace/robotics_v1/install/robo_cleaner_interfaces/share/robo_cleaner_interfaces/srv/ChargeBattery.srv
[8.614s] -- Up-to-date symlink: /home/ubuntu/workspace/robotics_v1/install/robo_cleaner_interfaces/share/robo_cleaner_interfaces/srv/ChargeBattery_Request.msg
[8.618s] -- Up-to-date symlink: /home/ubuntu/workspace/robotics_v1/install/robo_cleaner_interfaces/share/robo_cleaner_interfaces/srv/ChargeBattery_Response.msg
[8.619s] -- Up-to-date symlink: /home/ubuntu/workspace/robotics_v1/install/robo_cleaner_interfaces/share/robo_cleaner_interfaces/srv/QueryBatteryStatus.srv
[8.619s] -- Up-to-date symlink: /home/ubuntu/workspace/robotics_v1/install/robo_cleaner_interfaces/share/robo_cleaner_interfaces/srv/QueryBatteryStatus_Request.msg
[8.619s] -- Up-to-date symlink: /home/ubuntu/workspace/robotics_v1/install/robo_cleaner_interfaces/share/robo_cleaner_interfaces/srv/QueryBatteryStatus_Response.msg
[8.620s] -- Up-to-date symlink: /home/ubuntu/workspace/robotics_v1/install/robo_cleaner_interfaces/share/robo_cleaner_interfaces/srv/QueryInitialRobotState.srv
[8.620s] -- Up-to-date symlink: /home/ubuntu/workspace/robotics_v1/install/robo_cleaner_interfaces/share/robo_cleaner_interfaces/srv/QueryInitialRobotState_Request.msg
[8.621s] -- Up-to-date symlink: /home/ubuntu/workspace/robotics_v1/install/robo_cleaner_interfaces/share/robo_cleaner_interfaces/srv/QueryInitialRobotState_Response.msg
[8.621s] -- Up-to-date symlink: /home/ubuntu/workspace/robotics_v1/install/robo_cleaner_interfaces/share/robo_cleaner_interfaces/action/RobotMove.action
[8.621s] -- Up-to-date symlink: /home/ubuntu/workspace/robotics_v1/install/robo_cleaner_interfaces/share/ament_index/resource_index/package_run_dependencies/robo_cleaner_interfaces
[8.622s] -- Up-to-date symlink: /home/ubuntu/workspace/robotics_v1/install/robo_cleaner_interfaces/share/ament_index/resource_index/parent_prefix_path/robo_cleaner_interfaces
[8.623s] -- Up-to-date symlink: /home/ubuntu/workspace/robotics_v1/install/robo_cleaner_interfaces/share/robo_cleaner_interfaces/environment/ament_prefix_path.sh
[8.623s] -- Up-to-date symlink: /home/ubuntu/workspace/robotics_v1/install/robo_cleaner_interfaces/share/robo_cleaner_interfaces/environment/ament_prefix_path.dsv
[8.623s] -- Up-to-date symlink: /home/ubuntu/workspace/robotics_v1/install/robo_cleaner_interfaces/share/robo_cleaner_interfaces/environment/path.sh
[8.624s] -- Up-to-date symlink: /home/ubuntu/workspace/robotics_v1/install/robo_cleaner_interfaces/share/robo_cleaner_interfaces/environment/path.dsv
[8.624s] -- Up-to-date symlink: /home/ubuntu/workspace/robotics_v1/install/robo_cleaner_interfaces/share/robo_cleaner_interfaces/local_setup.bash
[8.625s] -- Up-to-date symlink: /home/ubuntu/workspace/robotics_v1/install/robo_cleaner_interfaces/share/robo_cleaner_interfaces/local_setup.sh
[8.625s] -- Up-to-date symlink: /home/ubuntu/workspace/robotics_v1/install/robo_cleaner_interfaces/share/robo_cleaner_interfaces/local_setup.zsh
[8.625s] -- Up-to-date symlink: /home/ubuntu/workspace/robotics_v1/install/robo_cleaner_interfaces/share/robo_cleaner_interfaces/local_setup.dsv
[8.625s] -- Symlinking: /home/ubuntu/workspace/robotics_v1/install/robo_cleaner_interfaces/share/robo_cleaner_interfaces/package.dsv
[8.661s] -- Up-to-date symlink: /home/ubuntu/workspace/robotics_v1/install/robo_cleaner_interfaces/share/ament_index/resource_index/packages/robo_cleaner_interfaces
[8.661s] -- Up-to-date symlink: /home/ubuntu/workspace/robotics_v1/install/robo_cleaner_interfaces/share/robo_cleaner_interfaces/cmake/rosidl_cmake-extras.cmake
[8.662s] -- Up-to-date symlink: /home/ubuntu/workspace/robotics_v1/install/robo_cleaner_interfaces/share/robo_cleaner_interfaces/cmake/ament_cmake_export_dependencies-extras.cmake
[8.662s] -- Up-to-date symlink: /home/ubuntu/workspace/robotics_v1/install/robo_cleaner_interfaces/share/robo_cleaner_interfaces/cmake/ament_cmake_export_libraries-extras.cmake
[8.662s] -- Up-to-date symlink: /home/ubuntu/workspace/robotics_v1/install/robo_cleaner_interfaces/share/robo_cleaner_interfaces/cmake/ament_cmake_export_targets-extras.cmake
[8.662s] -- Up-to-date symlink: /home/ubuntu/workspace/robotics_v1/install/robo_cleaner_interfaces/share/robo_cleaner_interfaces/cmake/ament_cmake_export_include_directories-extras.cmake
[8.662s] -- Up-to-date symlink: /home/ubuntu/workspace/robotics_v1/install/robo_cleaner_interfaces/share/robo_cleaner_interfaces/cmake/rosidl_cmake_export_typesupport_libraries-extras.cmake
[8.662s] -- Up-to-date symlink: /home/ubuntu/workspace/robotics_v1/install/robo_cleaner_interfaces/share/robo_cleaner_interfaces/cmake/rosidl_cmake_export_typesupport_targets-extras.cmake
[8.663s] -- Up-to-date symlink: /home/ubuntu/workspace/robotics_v1/install/robo_cleaner_interfaces/share/robo_cleaner_interfaces/cmake/robo_cleaner_interfacesConfig.cmake
[8.663s] -- Up-to-date symlink: /home/ubuntu/workspace/robotics_v1/install/robo_cleaner_interfaces/share/robo_cleaner_interfaces/cmake/robo_cleaner_interfacesConfig-version.cmake
[8.663s] -- Up-to-date symlink: /home/ubuntu/workspace/robotics_v1/install/robo_cleaner_interfaces/share/robo_cleaner_interfaces/package.xml
[8.663s] -- Up-to-date: /home/ubuntu/workspace/robotics_v1/install/robo_cleaner_interfaces/lib/librobo_cleaner_interfaces__rosidl_generator_c.so
[8.664s] -- Up-to-date: /home/ubuntu/workspace/robotics_v1/install/robo_cleaner_interfaces/lib/librobo_cleaner_interfaces__rosidl_typesupport_introspection_c.so
[8.664s] -- Up-to-date: /home/ubuntu/workspace/robotics_v1/install/robo_cleaner_interfaces/lib/librobo_cleaner_interfaces__rosidl_typesupport_c.so
[8.665s] -- Up-to-date: /home/ubuntu/workspace/robotics_v1/install/robo_cleaner_interfaces/lib/librobo_cleaner_interfaces__rosidl_typesupport_introspection_cpp.so
[8.667s] -- Up-to-date: /home/ubuntu/workspace/robotics_v1/install/robo_cleaner_interfaces/lib/librobo_cleaner_interfaces__rosidl_typesupport_cpp.so
[8.786s] Compiling '/home/ubuntu/workspace/robotics_v1/install/robo_cleaner_interfaces/lib/python3.8/site-packages/robo_cleaner_interfaces/__init__.py'...
[8.796s] -- Up-to-date: /home/ubuntu/workspace/robotics_v1/install/robo_cleaner_interfaces/share/robo_cleaner_interfaces/cmake/robo_cleaner_interfaces__rosidl_generator_cExport.cmake
[8.796s] -- Installing: /home/ubuntu/workspace/robotics_v1/install/robo_cleaner_interfaces/share/robo_cleaner_interfaces/cmake/robo_cleaner_interfaces__rosidl_generator_cExport-debug.cmake
[8.798s] -- Up-to-date: /home/ubuntu/workspace/robotics_v1/install/robo_cleaner_interfaces/share/robo_cleaner_interfaces/cmake/robo_cleaner_interfaces__rosidl_typesupport_introspection_cExport.cmake
[8.798s] -- Installing: /home/ubuntu/workspace/robotics_v1/install/robo_cleaner_interfaces/share/robo_cleaner_interfaces/cmake/robo_cleaner_interfaces__rosidl_typesupport_introspection_cExport-debug.cmake
[8.799s] -- Up-to-date: /home/ubuntu/workspace/robotics_v1/install/robo_cleaner_interfaces/share/robo_cleaner_interfaces/cmake/robo_cleaner_interfaces__rosidl_typesupport_cExport.cmake
[8.799s] -- Installing: /home/ubuntu/workspace/robotics_v1/install/robo_cleaner_interfaces/share/robo_cleaner_interfaces/cmake/robo_cleaner_interfaces__rosidl_typesupport_cExport-debug.cmake
[8.800s] -- Up-to-date: /home/ubuntu/workspace/robotics_v1/install/robo_cleaner_interfaces/share/robo_cleaner_interfaces/cmake/robo_cleaner_interfaces__rosidl_generator_cppExport.cmake
[8.800s] -- Up-to-date: /home/ubuntu/workspace/robotics_v1/install/robo_cleaner_interfaces/share/robo_cleaner_interfaces/cmake/robo_cleaner_interfaces__rosidl_typesupport_introspection_cppExport.cmake
[8.801s] -- Installing: /home/ubuntu/workspace/robotics_v1/install/robo_cleaner_interfaces/share/robo_cleaner_interfaces/cmake/robo_cleaner_interfaces__rosidl_typesupport_introspection_cppExport-debug.cmake
[8.802s] -- Up-to-date: /home/ubuntu/workspace/robotics_v1/install/robo_cleaner_interfaces/share/robo_cleaner_interfaces/cmake/robo_cleaner_interfaces__rosidl_typesupport_cppExport.cmake
[8.802s] -- Installing: /home/ubuntu/workspace/robotics_v1/install/robo_cleaner_interfaces/share/robo_cleaner_interfaces/cmake/robo_cleaner_interfaces__rosidl_typesupport_cppExport-debug.cmake
[8.810s] Invoked command in '/home/ubuntu/workspace/robotics_v1/build/robo_cleaner_interfaces' returned '0': CMAKE_PREFIX_PATH=/opt/ros/foxy /usr/bin/cmake --install /home/ubuntu/workspace/robotics_v1/build/robo_cleaner_interfaces
