[0.392s] Invoking command in '/home/ubuntu/workspace/robotics_v1/build/robo_cleaner_gui': AMENT_PREFIX_PATH=/home/ubuntu/workspace/robotics_v1/install/robo_cleaner_common:/home/ubuntu/workspace/robotics_v1/install/robo_cleaner_interfaces:${AMENT_PREFIX_PATH} CMAKE_PREFIX_PATH=/home/ubuntu/workspace/robotics_v1/install/ros2_game_engine:/home/ubuntu/workspace/robotics_v1/install/robo_cleaner_common:/home/ubuntu/workspace/robotics_v1/install/robo_common:/home/ubuntu/workspace/robotics_v1/install/game_engine:/home/ubuntu/workspace/robotics_v1/install/manager_utils:/home/ubuntu/workspace/robotics_v1/install/sdl_utils:/home/ubuntu/workspace/robotics_v1/install/resource_utils:/home/ubuntu/workspace/robotics_v1/install/utils:/home/ubuntu/workspace/robotics_v1/install/robo_cleaner_interfaces:/home/ubuntu/workspace/robotics_v1/install/cmake_helpers:/opt/ros/foxy LD_LIBRARY_PATH=/home/ubuntu/workspace/robotics_v1/install/robo_cleaner_interfaces/lib:${LD_LIBRARY_PATH} PKG_CONFIG_PATH=/home/ubuntu/workspace/robotics_v1/install/ros2_game_engine/lib/x86_64-linux-gnu/pkgconfig:/home/ubuntu/workspace/robotics_v1/install/ros2_game_engine/lib/pkgconfig:/home/ubuntu/workspace/robotics_v1/install/robo_common/lib/x86_64-linux-gnu/pkgconfig:/home/ubuntu/workspace/robotics_v1/install/robo_common/lib/pkgconfig:/home/ubuntu/workspace/robotics_v1/install/game_engine/lib/x86_64-linux-gnu/pkgconfig:/home/ubuntu/workspace/robotics_v1/install/game_engine/lib/pkgconfig:/home/ubuntu/workspace/robotics_v1/install/manager_utils/lib/x86_64-linux-gnu/pkgconfig:/home/ubuntu/workspace/robotics_v1/install/manager_utils/lib/pkgconfig:/home/ubuntu/workspace/robotics_v1/install/sdl_utils/lib/x86_64-linux-gnu/pkgconfig:/home/ubuntu/workspace/robotics_v1/install/sdl_utils/lib/pkgconfig:/home/ubuntu/workspace/robotics_v1/install/resource_utils/lib/x86_64-linux-gnu/pkgconfig:/home/ubuntu/workspace/robotics_v1/install/resource_utils/lib/pkgconfig:/home/ubuntu/workspace/robotics_v1/install/utils/lib/x86_64-linux-gnu/pkgconfig:/home/ubuntu/workspace/robotics_v1/install/utils/lib/pkgconfig:/home/ubuntu/workspace/robotics_v1/install/cmake_helpers/lib/x86_64-linux-gnu/pkgconfig:/home/ubuntu/workspace/robotics_v1/install/cmake_helpers/lib/pkgconfig PYTHONPATH=/home/ubuntu/workspace/robotics_v1/install/robo_cleaner_interfaces/lib/python3.8/site-packages:${PYTHONPATH} /usr/bin/cmake --build /home/ubuntu/workspace/robotics_v1/build/robo_cleaner_gui -- -j4 -l4
[0.944s] [100%] Built target robo_cleaner_gui
[1.034s] Invoked command in '/home/ubuntu/workspace/robotics_v1/build/robo_cleaner_gui' returned '0': AMENT_PREFIX_PATH=/home/ubuntu/workspace/robotics_v1/install/robo_cleaner_common:/home/ubuntu/workspace/robotics_v1/install/robo_cleaner_interfaces:${AMENT_PREFIX_PATH} CMAKE_PREFIX_PATH=/home/ubuntu/workspace/robotics_v1/install/ros2_game_engine:/home/ubuntu/workspace/robotics_v1/install/robo_cleaner_common:/home/ubuntu/workspace/robotics_v1/install/robo_common:/home/ubuntu/workspace/robotics_v1/install/game_engine:/home/ubuntu/workspace/robotics_v1/install/manager_utils:/home/ubuntu/workspace/robotics_v1/install/sdl_utils:/home/ubuntu/workspace/robotics_v1/install/resource_utils:/home/ubuntu/workspace/robotics_v1/install/utils:/home/ubuntu/workspace/robotics_v1/install/robo_cleaner_interfaces:/home/ubuntu/workspace/robotics_v1/install/cmake_helpers:/opt/ros/foxy LD_LIBRARY_PATH=/home/ubuntu/workspace/robotics_v1/install/robo_cleaner_interfaces/lib:${LD_LIBRARY_PATH} PKG_CONFIG_PATH=/home/ubuntu/workspace/robotics_v1/install/ros2_game_engine/lib/x86_64-linux-gnu/pkgconfig:/home/ubuntu/workspace/robotics_v1/install/ros2_game_engine/lib/pkgconfig:/home/ubuntu/workspace/robotics_v1/install/robo_common/lib/x86_64-linux-gnu/pkgconfig:/home/ubuntu/workspace/robotics_v1/install/robo_common/lib/pkgconfig:/home/ubuntu/workspace/robotics_v1/install/game_engine/lib/x86_64-linux-gnu/pkgconfig:/home/ubuntu/workspace/robotics_v1/install/game_engine/lib/pkgconfig:/home/ubuntu/workspace/robotics_v1/install/manager_utils/lib/x86_64-linux-gnu/pkgconfig:/home/ubuntu/workspace/robotics_v1/install/manager_utils/lib/pkgconfig:/home/ubuntu/workspace/robotics_v1/install/sdl_utils/lib/x86_64-linux-gnu/pkgconfig:/home/ubuntu/workspace/robotics_v1/install/sdl_utils/lib/pkgconfig:/home/ubuntu/workspace/robotics_v1/install/resource_utils/lib/x86_64-linux-gnu/pkgconfig:/home/ubuntu/workspace/robotics_v1/install/resource_utils/lib/pkgconfig:/home/ubuntu/workspace/robotics_v1/install/utils/lib/x86_64-linux-gnu/pkgconfig:/home/ubuntu/workspace/robotics_v1/install/utils/lib/pkgconfig:/home/ubuntu/workspace/robotics_v1/install/cmake_helpers/lib/x86_64-linux-gnu/pkgconfig:/home/ubuntu/workspace/robotics_v1/install/cmake_helpers/lib/pkgconfig PYTHONPATH=/home/ubuntu/workspace/robotics_v1/install/robo_cleaner_interfaces/lib/python3.8/site-packages:${PYTHONPATH} /usr/bin/cmake --build /home/ubuntu/workspace/robotics_v1/build/robo_cleaner_gui -- -j4 -l4
[1.930s] Invoking command in '/home/ubuntu/workspace/robotics_v1/build/robo_cleaner_gui': AMENT_PREFIX_PATH=/home/ubuntu/workspace/robotics_v1/install/robo_cleaner_common:/home/ubuntu/workspace/robotics_v1/install/robo_cleaner_interfaces:${AMENT_PREFIX_PATH} CMAKE_PREFIX_PATH=/home/ubuntu/workspace/robotics_v1/install/ros2_game_engine:/home/ubuntu/workspace/robotics_v1/install/robo_cleaner_common:/home/ubuntu/workspace/robotics_v1/install/robo_common:/home/ubuntu/workspace/robotics_v1/install/game_engine:/home/ubuntu/workspace/robotics_v1/install/manager_utils:/home/ubuntu/workspace/robotics_v1/install/sdl_utils:/home/ubuntu/workspace/robotics_v1/install/resource_utils:/home/ubuntu/workspace/robotics_v1/install/utils:/home/ubuntu/workspace/robotics_v1/install/robo_cleaner_interfaces:/home/ubuntu/workspace/robotics_v1/install/cmake_helpers:/opt/ros/foxy LD_LIBRARY_PATH=/home/ubuntu/workspace/robotics_v1/install/robo_cleaner_interfaces/lib:${LD_LIBRARY_PATH} PKG_CONFIG_PATH=/home/ubuntu/workspace/robotics_v1/install/ros2_game_engine/lib/x86_64-linux-gnu/pkgconfig:/home/ubuntu/workspace/robotics_v1/install/ros2_game_engine/lib/pkgconfig:/home/ubuntu/workspace/robotics_v1/install/robo_common/lib/x86_64-linux-gnu/pkgconfig:/home/ubuntu/workspace/robotics_v1/install/robo_common/lib/pkgconfig:/home/ubuntu/workspace/robotics_v1/install/game_engine/lib/x86_64-linux-gnu/pkgconfig:/home/ubuntu/workspace/robotics_v1/install/game_engine/lib/pkgconfig:/home/ubuntu/workspace/robotics_v1/install/manager_utils/lib/x86_64-linux-gnu/pkgconfig:/home/ubuntu/workspace/robotics_v1/install/manager_utils/lib/pkgconfig:/home/ubuntu/workspace/robotics_v1/install/sdl_utils/lib/x86_64-linux-gnu/pkgconfig:/home/ubuntu/workspace/robotics_v1/install/sdl_utils/lib/pkgconfig:/home/ubuntu/workspace/robotics_v1/install/resource_utils/lib/x86_64-linux-gnu/pkgconfig:/home/ubuntu/workspace/robotics_v1/install/resource_utils/lib/pkgconfig:/home/ubuntu/workspace/robotics_v1/install/utils/lib/x86_64-linux-gnu/pkgconfig:/home/ubuntu/workspace/robotics_v1/install/utils/lib/pkgconfig:/home/ubuntu/workspace/robotics_v1/install/cmake_helpers/lib/x86_64-linux-gnu/pkgconfig:/home/ubuntu/workspace/robotics_v1/install/cmake_helpers/lib/pkgconfig PYTHONPATH=/home/ubuntu/workspace/robotics_v1/install/robo_cleaner_interfaces/lib/python3.8/site-packages:${PYTHONPATH} /usr/bin/cmake --install /home/ubuntu/workspace/robotics_v1/build/robo_cleaner_gui
[2.000s] -- Install configuration: "Debug"
[2.002s] -- Execute custom install script
[2.003s] -- Up-to-date symlink: /home/ubuntu/workspace/robotics_v1/install/robo_cleaner_gui/share/robo_cleaner_gui/package.xml
[2.009s] -- Up-to-date symlink: /home/ubuntu/workspace/robotics_v1/install/robo_cleaner_gui/share/robo_cleaner_gui//launch/launch.py
[2.016s] -- Up-to-date symlink: /home/ubuntu/workspace/robotics_v1/install/robo_cleaner_gui/share/robo_cleaner_gui//config/params.yaml
[2.022s] -- Up-to-date symlink: /home/ubuntu/workspace/robotics_v1/install/robo_cleaner_gui/lib/robo_cleaner_gui/robo_cleaner_gui
[2.029s] -- Symlinking: /home/ubuntu/workspace/robotics_v1/install/robo_cleaner_gui/share/ament_index/resource_index/packages/robo_cleaner_gui
[2.092s] -- Up-to-date symlink: /home/ubuntu/workspace/robotics_v1/install/robo_cleaner_gui/share/robo_cleaner_gui/hook/ament_prefix_path.dsv
[2.092s] -- Up-to-date symlink: /home/ubuntu/workspace/robotics_v1/install/robo_cleaner_gui/share/robo_cleaner_gui/hook/ros_package_path.dsv
[2.092s] -- Up-to-date symlink: /home/ubuntu/workspace/robotics_v1/install/robo_cleaner_gui/share/ament_index/resource_index/package_run_dependencies/robo_cleaner_gui
[2.092s] -- Up-to-date symlink: /home/ubuntu/workspace/robotics_v1/install/robo_cleaner_gui/share/ament_index/resource_index/parent_prefix_path/robo_cleaner_gui
[2.092s] -- Up-to-date symlink: /home/ubuntu/workspace/robotics_v1/install/robo_cleaner_gui/share/robo_cleaner_gui/environment/ament_prefix_path.sh
[2.092s] -- Up-to-date symlink: /home/ubuntu/workspace/robotics_v1/install/robo_cleaner_gui/share/robo_cleaner_gui/environment/ament_prefix_path.dsv
[2.093s] -- Up-to-date symlink: /home/ubuntu/workspace/robotics_v1/install/robo_cleaner_gui/share/robo_cleaner_gui/environment/path.sh
[2.093s] -- Up-to-date symlink: /home/ubuntu/workspace/robotics_v1/install/robo_cleaner_gui/share/robo_cleaner_gui/environment/path.dsv
[2.093s] -- Up-to-date symlink: /home/ubuntu/workspace/robotics_v1/install/robo_cleaner_gui/share/robo_cleaner_gui/local_setup.bash
[2.093s] -- Up-to-date symlink: /home/ubuntu/workspace/robotics_v1/install/robo_cleaner_gui/share/robo_cleaner_gui/local_setup.sh
[2.093s] -- Up-to-date symlink: /home/ubuntu/workspace/robotics_v1/install/robo_cleaner_gui/share/robo_cleaner_gui/local_setup.zsh
[2.093s] -- Up-to-date symlink: /home/ubuntu/workspace/robotics_v1/install/robo_cleaner_gui/share/robo_cleaner_gui/local_setup.dsv
[2.093s] -- Symlinking: /home/ubuntu/workspace/robotics_v1/install/robo_cleaner_gui/share/robo_cleaner_gui/package.dsv
[2.170s] -- Symlinking: /home/ubuntu/workspace/robotics_v1/install/robo_cleaner_gui/share/ament_index/resource_index/packages/robo_cleaner_gui
[2.232s] -- Up-to-date symlink: /home/ubuntu/workspace/robotics_v1/install/robo_cleaner_gui/share/robo_cleaner_gui/cmake/robo_cleaner_guiConfig.cmake
[2.232s] -- Up-to-date symlink: /home/ubuntu/workspace/robotics_v1/install/robo_cleaner_gui/share/robo_cleaner_gui/cmake/robo_cleaner_guiConfig-version.cmake
[2.232s] -- Up-to-date symlink: /home/ubuntu/workspace/robotics_v1/install/robo_cleaner_gui/share/robo_cleaner_gui/package.xml
[2.233s] -- Up-to-date symlink: /home/ubuntu/workspace/robotics_v1/install/robo_cleaner_gui/share/robo_cleaner_gui/resources//RoboCleanerGui.rsrc
[2.233s] -- Up-to-date symlink: /home/ubuntu/workspace/robotics_v1/install/robo_cleaner_gui/share/robo_cleaner_gui/resources//f/vinque_rg_20.ttf
[2.233s] -- Up-to-date symlink: /home/ubuntu/workspace/robotics_v1/install/robo_cleaner_gui/share/robo_cleaner_gui/resources//f/vinque_rg_30.ttf
[2.233s] -- Up-to-date symlink: /home/ubuntu/workspace/robotics_v1/install/robo_cleaner_gui/share/robo_cleaner_gui/resources//f/vinque_rg_75.ttf
[2.234s] -- Up-to-date symlink: /home/ubuntu/workspace/robotics_v1/install/robo_cleaner_gui/share/robo_cleaner_gui/resources//generated/RoboCleanerGuiResources.h
[2.234s] -- Up-to-date symlink: /home/ubuntu/workspace/robotics_v1/install/robo_cleaner_gui/share/robo_cleaner_gui/resources//generated/RoboCleanerGuiResourcesDynamic.h
[2.234s] -- Up-to-date symlink: /home/ubuntu/workspace/robotics_v1/install/robo_cleaner_gui/share/robo_cleaner_gui/resources//generated/RoboCleanerGuiResourcesDynamicValues.h
[2.234s] -- Up-to-date symlink: /home/ubuntu/workspace/robotics_v1/install/robo_cleaner_gui/share/robo_cleaner_gui/resources//generated/fonts.bin
[2.235s] -- Up-to-date symlink: /home/ubuntu/workspace/robotics_v1/install/robo_cleaner_gui/share/robo_cleaner_gui/resources//generated/resources.bin
[2.235s] -- Up-to-date symlink: /home/ubuntu/workspace/robotics_v1/install/robo_cleaner_gui/share/robo_cleaner_gui/resources//generated/sounds.bin
[2.236s] -- Up-to-date symlink: /home/ubuntu/workspace/robotics_v1/install/robo_cleaner_gui/share/robo_cleaner_gui/resources//levels/level_1/field_map.txt
[2.238s] -- Up-to-date symlink: /home/ubuntu/workspace/robotics_v1/install/robo_cleaner_gui/share/robo_cleaner_gui/resources//levels/level_2/field_map.txt
[2.239s] -- Up-to-date symlink: /home/ubuntu/workspace/robotics_v1/install/robo_cleaner_gui/share/robo_cleaner_gui/resources//levels/level_3/field_map.txt
[2.240s] -- Up-to-date symlink: /home/ubuntu/workspace/robotics_v1/install/robo_cleaner_gui/share/robo_cleaner_gui/resources//p/background/fogOfWar.png
[2.240s] -- Up-to-date symlink: /home/ubuntu/workspace/robotics_v1/install/robo_cleaner_gui/share/robo_cleaner_gui/resources//p/background/map.png
[2.240s] -- Up-to-date symlink: /home/ubuntu/workspace/robotics_v1/install/robo_cleaner_gui/share/robo_cleaner_gui/resources//p/background/obstacle.png
[2.240s] -- Up-to-date symlink: /home/ubuntu/workspace/robotics_v1/install/robo_cleaner_gui/share/robo_cleaner_gui/resources//p/background/tile.png
[2.240s] -- Up-to-date symlink: /home/ubuntu/workspace/robotics_v1/install/robo_cleaner_gui/share/robo_cleaner_gui/resources//p/entities/damage_marker.png
[2.241s] -- Up-to-date symlink: /home/ubuntu/workspace/robotics_v1/install/robo_cleaner_gui/share/robo_cleaner_gui/resources//p/entities/player_robot.png
[2.241s] -- Up-to-date symlink: /home/ubuntu/workspace/robotics_v1/install/robo_cleaner_gui/share/robo_cleaner_gui/resources//p/entities/rubbish.png
[2.241s] -- Up-to-date symlink: /home/ubuntu/workspace/robotics_v1/install/robo_cleaner_gui/share/robo_cleaner_gui/resources//p/panels/energy_indicator.png
[2.241s] -- Up-to-date symlink: /home/ubuntu/workspace/robotics_v1/install/robo_cleaner_gui/share/robo_cleaner_gui/resources//p/panels/energy_panel.png
[2.241s] -- Up-to-date symlink: /home/ubuntu/workspace/robotics_v1/install/robo_cleaner_gui/share/robo_cleaner_gui/resources//p/panels/health_indicator.png
[2.241s] -- Up-to-date symlink: /home/ubuntu/workspace/robotics_v1/install/robo_cleaner_gui/share/robo_cleaner_gui/resources//p/panels/health_panel.png
[2.242s] -- Up-to-date symlink: /home/ubuntu/workspace/robotics_v1/install/robo_cleaner_gui/share/robo_cleaner_gui/resources//p/panels/hor_delimiter.png
[2.242s] -- Up-to-date symlink: /home/ubuntu/workspace/robotics_v1/install/robo_cleaner_gui/share/robo_cleaner_gui/resources//p/panels/rubbish_panel.png
[2.243s] -- Up-to-date symlink: /home/ubuntu/workspace/robotics_v1/install/robo_cleaner_gui/share/robo_cleaner_gui/resources//p/panels/tile_panel.png
[2.243s] -- Up-to-date symlink: /home/ubuntu/workspace/robotics_v1/install/robo_cleaner_gui/share/robo_cleaner_gui/resources//p/panels/vert_delimiter.png
[2.244s] -- Up-to-date symlink: /home/ubuntu/workspace/robotics_v1/install/robo_cleaner_gui/share/robo_cleaner_gui/resources//p/stars/star_single.png
[2.244s] -- Up-to-date symlink: /home/ubuntu/workspace/robotics_v1/install/robo_cleaner_gui/share/robo_cleaner_gui/resources//p/stars/stars.png
[2.253s] Invoked command in '/home/ubuntu/workspace/robotics_v1/build/robo_cleaner_gui' returned '0': AMENT_PREFIX_PATH=/home/ubuntu/workspace/robotics_v1/install/robo_cleaner_common:/home/ubuntu/workspace/robotics_v1/install/robo_cleaner_interfaces:${AMENT_PREFIX_PATH} CMAKE_PREFIX_PATH=/home/ubuntu/workspace/robotics_v1/install/ros2_game_engine:/home/ubuntu/workspace/robotics_v1/install/robo_cleaner_common:/home/ubuntu/workspace/robotics_v1/install/robo_common:/home/ubuntu/workspace/robotics_v1/install/game_engine:/home/ubuntu/workspace/robotics_v1/install/manager_utils:/home/ubuntu/workspace/robotics_v1/install/sdl_utils:/home/ubuntu/workspace/robotics_v1/install/resource_utils:/home/ubuntu/workspace/robotics_v1/install/utils:/home/ubuntu/workspace/robotics_v1/install/robo_cleaner_interfaces:/home/ubuntu/workspace/robotics_v1/install/cmake_helpers:/opt/ros/foxy LD_LIBRARY_PATH=/home/ubuntu/workspace/robotics_v1/install/robo_cleaner_interfaces/lib:${LD_LIBRARY_PATH} PKG_CONFIG_PATH=/home/ubuntu/workspace/robotics_v1/install/ros2_game_engine/lib/x86_64-linux-gnu/pkgconfig:/home/ubuntu/workspace/robotics_v1/install/ros2_game_engine/lib/pkgconfig:/home/ubuntu/workspace/robotics_v1/install/robo_common/lib/x86_64-linux-gnu/pkgconfig:/home/ubuntu/workspace/robotics_v1/install/robo_common/lib/pkgconfig:/home/ubuntu/workspace/robotics_v1/install/game_engine/lib/x86_64-linux-gnu/pkgconfig:/home/ubuntu/workspace/robotics_v1/install/game_engine/lib/pkgconfig:/home/ubuntu/workspace/robotics_v1/install/manager_utils/lib/x86_64-linux-gnu/pkgconfig:/home/ubuntu/workspace/robotics_v1/install/manager_utils/lib/pkgconfig:/home/ubuntu/workspace/robotics_v1/install/sdl_utils/lib/x86_64-linux-gnu/pkgconfig:/home/ubuntu/workspace/robotics_v1/install/sdl_utils/lib/pkgconfig:/home/ubuntu/workspace/robotics_v1/install/resource_utils/lib/x86_64-linux-gnu/pkgconfig:/home/ubuntu/workspace/robotics_v1/install/resource_utils/lib/pkgconfig:/home/ubuntu/workspace/robotics_v1/install/utils/lib/x86_64-linux-gnu/pkgconfig:/home/ubuntu/workspace/robotics_v1/install/utils/lib/pkgconfig:/home/ubuntu/workspace/robotics_v1/install/cmake_helpers/lib/x86_64-linux-gnu/pkgconfig:/home/ubuntu/workspace/robotics_v1/install/cmake_helpers/lib/pkgconfig PYTHONPATH=/home/ubuntu/workspace/robotics_v1/install/robo_cleaner_interfaces/lib/python3.8/site-packages:${PYTHONPATH} /usr/bin/cmake --install /home/ubuntu/workspace/robotics_v1/build/robo_cleaner_gui
