[0.127s] Invoking command in '/home/ubuntu/workspace/robotics_v1/build/robo_collector_gui': AMENT_PREFIX_PATH=/home/ubuntu/workspace/robotics_v1/install/robo_collector_common:/home/ubuntu/workspace/robotics_v1/install/robo_collector_interfaces:${AMENT_PREFIX_PATH} CMAKE_PREFIX_PATH=/home/ubuntu/workspace/robotics_v1/install/ros2_game_engine:/home/ubuntu/workspace/robotics_v1/install/robo_collector_common:/home/ubuntu/workspace/robotics_v1/install/robo_common:/home/ubuntu/workspace/robotics_v1/install/game_engine:/home/ubuntu/workspace/robotics_v1/install/manager_utils:/home/ubuntu/workspace/robotics_v1/install/sdl_utils:/home/ubuntu/workspace/robotics_v1/install/resource_utils:/home/ubuntu/workspace/robotics_v1/install/utils:/home/ubuntu/workspace/robotics_v1/install/robo_collector_interfaces:/home/ubuntu/workspace/robotics_v1/install/cmake_helpers:/opt/ros/foxy LD_LIBRARY_PATH=/home/ubuntu/workspace/robotics_v1/install/robo_collector_interfaces/lib:${LD_LIBRARY_PATH} PKG_CONFIG_PATH=/home/ubuntu/workspace/robotics_v1/install/ros2_game_engine/lib/x86_64-linux-gnu/pkgconfig:/home/ubuntu/workspace/robotics_v1/install/ros2_game_engine/lib/pkgconfig:/home/ubuntu/workspace/robotics_v1/install/robo_common/lib/x86_64-linux-gnu/pkgconfig:/home/ubuntu/workspace/robotics_v1/install/robo_common/lib/pkgconfig:/home/ubuntu/workspace/robotics_v1/install/game_engine/lib/x86_64-linux-gnu/pkgconfig:/home/ubuntu/workspace/robotics_v1/install/game_engine/lib/pkgconfig:/home/ubuntu/workspace/robotics_v1/install/manager_utils/lib/x86_64-linux-gnu/pkgconfig:/home/ubuntu/workspace/robotics_v1/install/manager_utils/lib/pkgconfig:/home/ubuntu/workspace/robotics_v1/install/sdl_utils/lib/x86_64-linux-gnu/pkgconfig:/home/ubuntu/workspace/robotics_v1/install/sdl_utils/lib/pkgconfig:/home/ubuntu/workspace/robotics_v1/install/resource_utils/lib/x86_64-linux-gnu/pkgconfig:/home/ubuntu/workspace/robotics_v1/install/resource_utils/lib/pkgconfig:/home/ubuntu/workspace/robotics_v1/install/utils/lib/x86_64-linux-gnu/pkgconfig:/home/ubuntu/workspace/robotics_v1/install/utils/lib/pkgconfig:/home/ubuntu/workspace/robotics_v1/install/cmake_helpers/lib/x86_64-linux-gnu/pkgconfig:/home/ubuntu/workspace/robotics_v1/install/cmake_helpers/lib/pkgconfig PYTHONPATH=/home/ubuntu/workspace/robotics_v1/install/robo_collector_interfaces/lib/python3.8/site-packages:${PYTHONPATH} /usr/bin/cmake --build /home/ubuntu/workspace/robotics_v1/build/robo_collector_gui -- -j4 -l4
[0.616s] [100%] Built target robo_collector_gui
[0.655s] Invoked command in '/home/ubuntu/workspace/robotics_v1/build/robo_collector_gui' returned '0': AMENT_PREFIX_PATH=/home/ubuntu/workspace/robotics_v1/install/robo_collector_common:/home/ubuntu/workspace/robotics_v1/install/robo_collector_interfaces:${AMENT_PREFIX_PATH} CMAKE_PREFIX_PATH=/home/ubuntu/workspace/robotics_v1/install/ros2_game_engine:/home/ubuntu/workspace/robotics_v1/install/robo_collector_common:/home/ubuntu/workspace/robotics_v1/install/robo_common:/home/ubuntu/workspace/robotics_v1/install/game_engine:/home/ubuntu/workspace/robotics_v1/install/manager_utils:/home/ubuntu/workspace/robotics_v1/install/sdl_utils:/home/ubuntu/workspace/robotics_v1/install/resource_utils:/home/ubuntu/workspace/robotics_v1/install/utils:/home/ubuntu/workspace/robotics_v1/install/robo_collector_interfaces:/home/ubuntu/workspace/robotics_v1/install/cmake_helpers:/opt/ros/foxy LD_LIBRARY_PATH=/home/ubuntu/workspace/robotics_v1/install/robo_collector_interfaces/lib:${LD_LIBRARY_PATH} PKG_CONFIG_PATH=/home/ubuntu/workspace/robotics_v1/install/ros2_game_engine/lib/x86_64-linux-gnu/pkgconfig:/home/ubuntu/workspace/robotics_v1/install/ros2_game_engine/lib/pkgconfig:/home/ubuntu/workspace/robotics_v1/install/robo_common/lib/x86_64-linux-gnu/pkgconfig:/home/ubuntu/workspace/robotics_v1/install/robo_common/lib/pkgconfig:/home/ubuntu/workspace/robotics_v1/install/game_engine/lib/x86_64-linux-gnu/pkgconfig:/home/ubuntu/workspace/robotics_v1/install/game_engine/lib/pkgconfig:/home/ubuntu/workspace/robotics_v1/install/manager_utils/lib/x86_64-linux-gnu/pkgconfig:/home/ubuntu/workspace/robotics_v1/install/manager_utils/lib/pkgconfig:/home/ubuntu/workspace/robotics_v1/install/sdl_utils/lib/x86_64-linux-gnu/pkgconfig:/home/ubuntu/workspace/robotics_v1/install/sdl_utils/lib/pkgconfig:/home/ubuntu/workspace/robotics_v1/install/resource_utils/lib/x86_64-linux-gnu/pkgconfig:/home/ubuntu/workspace/robotics_v1/install/resource_utils/lib/pkgconfig:/home/ubuntu/workspace/robotics_v1/install/utils/lib/x86_64-linux-gnu/pkgconfig:/home/ubuntu/workspace/robotics_v1/install/utils/lib/pkgconfig:/home/ubuntu/workspace/robotics_v1/install/cmake_helpers/lib/x86_64-linux-gnu/pkgconfig:/home/ubuntu/workspace/robotics_v1/install/cmake_helpers/lib/pkgconfig PYTHONPATH=/home/ubuntu/workspace/robotics_v1/install/robo_collector_interfaces/lib/python3.8/site-packages:${PYTHONPATH} /usr/bin/cmake --build /home/ubuntu/workspace/robotics_v1/build/robo_collector_gui -- -j4 -l4
[1.302s] Invoking command in '/home/ubuntu/workspace/robotics_v1/build/robo_collector_gui': AMENT_PREFIX_PATH=/home/ubuntu/workspace/robotics_v1/install/robo_collector_common:/home/ubuntu/workspace/robotics_v1/install/robo_collector_interfaces:${AMENT_PREFIX_PATH} CMAKE_PREFIX_PATH=/home/ubuntu/workspace/robotics_v1/install/ros2_game_engine:/home/ubuntu/workspace/robotics_v1/install/robo_collector_common:/home/ubuntu/workspace/robotics_v1/install/robo_common:/home/ubuntu/workspace/robotics_v1/install/game_engine:/home/ubuntu/workspace/robotics_v1/install/manager_utils:/home/ubuntu/workspace/robotics_v1/install/sdl_utils:/home/ubuntu/workspace/robotics_v1/install/resource_utils:/home/ubuntu/workspace/robotics_v1/install/utils:/home/ubuntu/workspace/robotics_v1/install/robo_collector_interfaces:/home/ubuntu/workspace/robotics_v1/install/cmake_helpers:/opt/ros/foxy LD_LIBRARY_PATH=/home/ubuntu/workspace/robotics_v1/install/robo_collector_interfaces/lib:${LD_LIBRARY_PATH} PKG_CONFIG_PATH=/home/ubuntu/workspace/robotics_v1/install/ros2_game_engine/lib/x86_64-linux-gnu/pkgconfig:/home/ubuntu/workspace/robotics_v1/install/ros2_game_engine/lib/pkgconfig:/home/ubuntu/workspace/robotics_v1/install/robo_common/lib/x86_64-linux-gnu/pkgconfig:/home/ubuntu/workspace/robotics_v1/install/robo_common/lib/pkgconfig:/home/ubuntu/workspace/robotics_v1/install/game_engine/lib/x86_64-linux-gnu/pkgconfig:/home/ubuntu/workspace/robotics_v1/install/game_engine/lib/pkgconfig:/home/ubuntu/workspace/robotics_v1/install/manager_utils/lib/x86_64-linux-gnu/pkgconfig:/home/ubuntu/workspace/robotics_v1/install/manager_utils/lib/pkgconfig:/home/ubuntu/workspace/robotics_v1/install/sdl_utils/lib/x86_64-linux-gnu/pkgconfig:/home/ubuntu/workspace/robotics_v1/install/sdl_utils/lib/pkgconfig:/home/ubuntu/workspace/robotics_v1/install/resource_utils/lib/x86_64-linux-gnu/pkgconfig:/home/ubuntu/workspace/robotics_v1/install/resource_utils/lib/pkgconfig:/home/ubuntu/workspace/robotics_v1/install/utils/lib/x86_64-linux-gnu/pkgconfig:/home/ubuntu/workspace/robotics_v1/install/utils/lib/pkgconfig:/home/ubuntu/workspace/robotics_v1/install/cmake_helpers/lib/x86_64-linux-gnu/pkgconfig:/home/ubuntu/workspace/robotics_v1/install/cmake_helpers/lib/pkgconfig PYTHONPATH=/home/ubuntu/workspace/robotics_v1/install/robo_collector_interfaces/lib/python3.8/site-packages:${PYTHONPATH} /usr/bin/cmake --install /home/ubuntu/workspace/robotics_v1/build/robo_collector_gui
[1.355s] -- Install configuration: "Debug"
[1.356s] -- Execute custom install script
[1.388s] -- Up-to-date symlink: /home/ubuntu/workspace/robotics_v1/install/robo_collector_gui/share/robo_collector_gui/package.xml
[1.389s] -- Up-to-date symlink: /home/ubuntu/workspace/robotics_v1/install/robo_collector_gui/share/robo_collector_gui//launch/launch.py
[1.396s] -- Up-to-date symlink: /home/ubuntu/workspace/robotics_v1/install/robo_collector_gui/share/robo_collector_gui//config/params.yaml
[1.396s] -- Up-to-date symlink: /home/ubuntu/workspace/robotics_v1/install/robo_collector_gui/lib/robo_collector_gui/robo_collector_gui
[1.399s] -- Symlinking: /home/ubuntu/workspace/robotics_v1/install/robo_collector_gui/share/ament_index/resource_index/packages/robo_collector_gui
[1.438s] -- Up-to-date symlink: /home/ubuntu/workspace/robotics_v1/install/robo_collector_gui/share/robo_collector_gui/hook/ament_prefix_path.dsv
[1.439s] -- Up-to-date symlink: /home/ubuntu/workspace/robotics_v1/install/robo_collector_gui/share/robo_collector_gui/hook/ros_package_path.dsv
[1.439s] -- Up-to-date symlink: /home/ubuntu/workspace/robotics_v1/install/robo_collector_gui/share/ament_index/resource_index/package_run_dependencies/robo_collector_gui
[1.439s] -- Up-to-date symlink: /home/ubuntu/workspace/robotics_v1/install/robo_collector_gui/share/ament_index/resource_index/parent_prefix_path/robo_collector_gui
[1.439s] -- Up-to-date symlink: /home/ubuntu/workspace/robotics_v1/install/robo_collector_gui/share/robo_collector_gui/environment/ament_prefix_path.sh
[1.439s] -- Up-to-date symlink: /home/ubuntu/workspace/robotics_v1/install/robo_collector_gui/share/robo_collector_gui/environment/ament_prefix_path.dsv
[1.439s] -- Up-to-date symlink: /home/ubuntu/workspace/robotics_v1/install/robo_collector_gui/share/robo_collector_gui/environment/path.sh
[1.440s] -- Up-to-date symlink: /home/ubuntu/workspace/robotics_v1/install/robo_collector_gui/share/robo_collector_gui/environment/path.dsv
[1.440s] -- Up-to-date symlink: /home/ubuntu/workspace/robotics_v1/install/robo_collector_gui/share/robo_collector_gui/local_setup.bash
[1.440s] -- Up-to-date symlink: /home/ubuntu/workspace/robotics_v1/install/robo_collector_gui/share/robo_collector_gui/local_setup.sh
[1.440s] -- Up-to-date symlink: /home/ubuntu/workspace/robotics_v1/install/robo_collector_gui/share/robo_collector_gui/local_setup.zsh
[1.440s] -- Up-to-date symlink: /home/ubuntu/workspace/robotics_v1/install/robo_collector_gui/share/robo_collector_gui/local_setup.dsv
[1.440s] -- Symlinking: /home/ubuntu/workspace/robotics_v1/install/robo_collector_gui/share/robo_collector_gui/package.dsv
[1.467s] -- Symlinking: /home/ubuntu/workspace/robotics_v1/install/robo_collector_gui/share/ament_index/resource_index/packages/robo_collector_gui
[1.488s] -- Up-to-date symlink: /home/ubuntu/workspace/robotics_v1/install/robo_collector_gui/share/robo_collector_gui/cmake/robo_collector_guiConfig.cmake
[1.489s] -- Up-to-date symlink: /home/ubuntu/workspace/robotics_v1/install/robo_collector_gui/share/robo_collector_gui/cmake/robo_collector_guiConfig-version.cmake
[1.489s] -- Up-to-date symlink: /home/ubuntu/workspace/robotics_v1/install/robo_collector_gui/share/robo_collector_gui/package.xml
[1.491s] -- Up-to-date symlink: /home/ubuntu/workspace/robotics_v1/install/robo_collector_gui/share/robo_collector_gui/resources//RoboCollectorGui.rsrc
[1.492s] -- Up-to-date symlink: /home/ubuntu/workspace/robotics_v1/install/robo_collector_gui/share/robo_collector_gui/resources//f/vinque_rg_20.ttf
[1.493s] -- Up-to-date symlink: /home/ubuntu/workspace/robotics_v1/install/robo_collector_gui/share/robo_collector_gui/resources//f/vinque_rg_30.ttf
[1.494s] -- Up-to-date symlink: /home/ubuntu/workspace/robotics_v1/install/robo_collector_gui/share/robo_collector_gui/resources//f/vinque_rg_75.ttf
[1.495s] -- Up-to-date symlink: /home/ubuntu/workspace/robotics_v1/install/robo_collector_gui/share/robo_collector_gui/resources//generated/RoboCollectorGuiResources.h
[1.496s] -- Up-to-date symlink: /home/ubuntu/workspace/robotics_v1/install/robo_collector_gui/share/robo_collector_gui/resources//generated/RoboCollectorGuiResourcesDynamic.h
[1.497s] -- Up-to-date symlink: /home/ubuntu/workspace/robotics_v1/install/robo_collector_gui/share/robo_collector_gui/resources//generated/RoboCollectorGuiResourcesDynamicValues.h
[1.498s] -- Up-to-date symlink: /home/ubuntu/workspace/robotics_v1/install/robo_collector_gui/share/robo_collector_gui/resources//generated/fonts.bin
[1.500s] -- Up-to-date symlink: /home/ubuntu/workspace/robotics_v1/install/robo_collector_gui/share/robo_collector_gui/resources//generated/resources.bin
[1.503s] -- Up-to-date symlink: /home/ubuntu/workspace/robotics_v1/install/robo_collector_gui/share/robo_collector_gui/resources//generated/sounds.bin
[1.505s] -- Up-to-date symlink: /home/ubuntu/workspace/robotics_v1/install/robo_collector_gui/share/robo_collector_gui/resources//levels/level_1/field_map.txt
[1.506s] -- Up-to-date symlink: /home/ubuntu/workspace/robotics_v1/install/robo_collector_gui/share/robo_collector_gui/resources//p/background/map.png
[1.510s] -- Up-to-date symlink: /home/ubuntu/workspace/robotics_v1/install/robo_collector_gui/share/robo_collector_gui/resources//p/background/obstacle.png
[1.510s] -- Up-to-date symlink: /home/ubuntu/workspace/robotics_v1/install/robo_collector_gui/share/robo_collector_gui/resources//p/background/tile.png
[1.513s] -- Up-to-date symlink: /home/ubuntu/workspace/robotics_v1/install/robo_collector_gui/share/robo_collector_gui/resources//p/buttons/help_button.png
[1.513s] -- Up-to-date symlink: /home/ubuntu/workspace/robotics_v1/install/robo_collector_gui/share/robo_collector_gui/resources//p/buttons/left_button.png
[1.513s] -- Up-to-date symlink: /home/ubuntu/workspace/robotics_v1/install/robo_collector_gui/share/robo_collector_gui/resources//p/buttons/right_button.png
[1.513s] -- Up-to-date symlink: /home/ubuntu/workspace/robotics_v1/install/robo_collector_gui/share/robo_collector_gui/resources//p/buttons/settings_button.png
[1.514s] -- Up-to-date symlink: /home/ubuntu/workspace/robotics_v1/install/robo_collector_gui/share/robo_collector_gui/resources//p/buttons/up_button.png
[1.514s] -- Up-to-date symlink: /home/ubuntu/workspace/robotics_v1/install/robo_collector_gui/share/robo_collector_gui/resources//p/coin_animations/bronze/coin_anim_bronze.png
[1.515s] -- Up-to-date symlink: /home/ubuntu/workspace/robotics_v1/install/robo_collector_gui/share/robo_collector_gui/resources//p/coin_animations/gold/coin_anim_gold.png
[1.516s] -- Up-to-date symlink: /home/ubuntu/workspace/robotics_v1/install/robo_collector_gui/share/robo_collector_gui/resources//p/coin_animations/silver/coin_anim_silver.png
[1.516s] -- Up-to-date symlink: /home/ubuntu/workspace/robotics_v1/install/robo_collector_gui/share/robo_collector_gui/resources//p/entities/damage_marker.png
[1.517s] -- Up-to-date symlink: /home/ubuntu/workspace/robotics_v1/install/robo_collector_gui/share/robo_collector_gui/resources//p/entities/enemy_robots.png
[1.518s] -- Up-to-date symlink: /home/ubuntu/workspace/robotics_v1/install/robo_collector_gui/share/robo_collector_gui/resources//p/entities/player_robot.png
[1.520s] -- Up-to-date symlink: /home/ubuntu/workspace/robotics_v1/install/robo_collector_gui/share/robo_collector_gui/resources//p/panels/coin_panel.png
[1.521s] -- Up-to-date symlink: /home/ubuntu/workspace/robotics_v1/install/robo_collector_gui/share/robo_collector_gui/resources//p/panels/health_indicator.png
[1.521s] -- Up-to-date symlink: /home/ubuntu/workspace/robotics_v1/install/robo_collector_gui/share/robo_collector_gui/resources//p/panels/health_panel.png
[1.522s] -- Up-to-date symlink: /home/ubuntu/workspace/robotics_v1/install/robo_collector_gui/share/robo_collector_gui/resources//p/panels/hor_delimiter.png
[1.523s] -- Up-to-date symlink: /home/ubuntu/workspace/robotics_v1/install/robo_collector_gui/share/robo_collector_gui/resources//p/panels/time_panel.png
[1.524s] -- Up-to-date symlink: /home/ubuntu/workspace/robotics_v1/install/robo_collector_gui/share/robo_collector_gui/resources//p/panels/vert_delimiter.png
[1.533s] -- Up-to-date symlink: /home/ubuntu/workspace/robotics_v1/install/robo_collector_gui/share/robo_collector_gui/resources//p/stars/star_single.png
[1.534s] -- Up-to-date symlink: /home/ubuntu/workspace/robotics_v1/install/robo_collector_gui/share/robo_collector_gui/resources//p/stars/stars.png
[1.560s] Invoked command in '/home/ubuntu/workspace/robotics_v1/build/robo_collector_gui' returned '0': AMENT_PREFIX_PATH=/home/ubuntu/workspace/robotics_v1/install/robo_collector_common:/home/ubuntu/workspace/robotics_v1/install/robo_collector_interfaces:${AMENT_PREFIX_PATH} CMAKE_PREFIX_PATH=/home/ubuntu/workspace/robotics_v1/install/ros2_game_engine:/home/ubuntu/workspace/robotics_v1/install/robo_collector_common:/home/ubuntu/workspace/robotics_v1/install/robo_common:/home/ubuntu/workspace/robotics_v1/install/game_engine:/home/ubuntu/workspace/robotics_v1/install/manager_utils:/home/ubuntu/workspace/robotics_v1/install/sdl_utils:/home/ubuntu/workspace/robotics_v1/install/resource_utils:/home/ubuntu/workspace/robotics_v1/install/utils:/home/ubuntu/workspace/robotics_v1/install/robo_collector_interfaces:/home/ubuntu/workspace/robotics_v1/install/cmake_helpers:/opt/ros/foxy LD_LIBRARY_PATH=/home/ubuntu/workspace/robotics_v1/install/robo_collector_interfaces/lib:${LD_LIBRARY_PATH} PKG_CONFIG_PATH=/home/ubuntu/workspace/robotics_v1/install/ros2_game_engine/lib/x86_64-linux-gnu/pkgconfig:/home/ubuntu/workspace/robotics_v1/install/ros2_game_engine/lib/pkgconfig:/home/ubuntu/workspace/robotics_v1/install/robo_common/lib/x86_64-linux-gnu/pkgconfig:/home/ubuntu/workspace/robotics_v1/install/robo_common/lib/pkgconfig:/home/ubuntu/workspace/robotics_v1/install/game_engine/lib/x86_64-linux-gnu/pkgconfig:/home/ubuntu/workspace/robotics_v1/install/game_engine/lib/pkgconfig:/home/ubuntu/workspace/robotics_v1/install/manager_utils/lib/x86_64-linux-gnu/pkgconfig:/home/ubuntu/workspace/robotics_v1/install/manager_utils/lib/pkgconfig:/home/ubuntu/workspace/robotics_v1/install/sdl_utils/lib/x86_64-linux-gnu/pkgconfig:/home/ubuntu/workspace/robotics_v1/install/sdl_utils/lib/pkgconfig:/home/ubuntu/workspace/robotics_v1/install/resource_utils/lib/x86_64-linux-gnu/pkgconfig:/home/ubuntu/workspace/robotics_v1/install/resource_utils/lib/pkgconfig:/home/ubuntu/workspace/robotics_v1/install/utils/lib/x86_64-linux-gnu/pkgconfig:/home/ubuntu/workspace/robotics_v1/install/utils/lib/pkgconfig:/home/ubuntu/workspace/robotics_v1/install/cmake_helpers/lib/x86_64-linux-gnu/pkgconfig:/home/ubuntu/workspace/robotics_v1/install/cmake_helpers/lib/pkgconfig PYTHONPATH=/home/ubuntu/workspace/robotics_v1/install/robo_collector_interfaces/lib/python3.8/site-packages:${PYTHONPATH} /usr/bin/cmake --install /home/ubuntu/workspace/robotics_v1/build/robo_collector_gui
