[0.100s] Invoking command in '/home/ubuntu/workspace/robotics_v1/build/ur_dashboard_msgs': CMAKE_PREFIX_PATH=/opt/ros/foxy /usr/bin/cmake --build /home/ubuntu/workspace/robotics_v1/build/ur_dashboard_msgs -- -j4 -l4
[0.585s] [  0%] Built target ur_dashboard_msgs__cpp
[0.646s] [ 12%] Built target ur_dashboard_msgs__rosidl_generator_c
[0.813s] [ 24%] Built target ur_dashboard_msgs__rosidl_typesupport_cpp
[0.868s] [ 36%] Built target ur_dashboard_msgs__rosidl_typesupport_introspection_cpp
[0.899s] [ 48%] Built target ur_dashboard_msgs__rosidl_typesupport_introspection_c
[0.926s] [ 60%] Built target ur_dashboard_msgs__rosidl_typesupport_fastrtps_cpp
[1.102s] [ 72%] Built target ur_dashboard_msgs__rosidl_typesupport_c
[1.279s] [ 84%] Built target ur_dashboard_msgs__rosidl_typesupport_fastrtps_c
[1.417s] [ 84%] Built target ur_dashboard_msgs
[1.592s] [ 85%] Built target ur_dashboard_msgs__py
[1.747s] [ 96%] Built target ur_dashboard_msgs__python
[1.996s] [ 97%] Built target ur_dashboard_msgs__rosidl_typesupport_c__pyext
[2.009s] [ 98%] Built target ur_dashboard_msgs__rosidl_typesupport_fastrtps_c__pyext
[2.038s] [100%] Built target ur_dashboard_msgs__rosidl_typesupport_introspection_c__pyext
[2.089s] Invoked command in '/home/ubuntu/workspace/robotics_v1/build/ur_dashboard_msgs' returned '0': CMAKE_PREFIX_PATH=/opt/ros/foxy /usr/bin/cmake --build /home/ubuntu/workspace/robotics_v1/build/ur_dashboard_msgs -- -j4 -l4
[3.336s] Invoking command in '/home/ubuntu/workspace/robotics_v1/build/ur_dashboard_msgs': CMAKE_PREFIX_PATH=/opt/ros/foxy /usr/bin/cmake --install /home/ubuntu/workspace/robotics_v1/build/ur_dashboard_msgs
[3.359s] -- Install configuration: "Debug"
[3.364s] -- Execute custom install script
[3.365s] -- Up-to-date symlink: /home/ubuntu/workspace/robotics_v1/install/ur_dashboard_msgs/share/ament_index/resource_index/rosidl_interfaces/ur_dashboard_msgs
[3.369s] -- Up-to-date symlink: /home/ubuntu/workspace/robotics_v1/install/ur_dashboard_msgs/include/ur_dashboard_msgs/action/detail/set_mode__functions.h
[3.369s] -- Up-to-date symlink: /home/ubuntu/workspace/robotics_v1/install/ur_dashboard_msgs/include/ur_dashboard_msgs/action/detail/set_mode__struct.h
[3.370s] -- Up-to-date symlink: /home/ubuntu/workspace/robotics_v1/install/ur_dashboard_msgs/include/ur_dashboard_msgs/action/detail/set_mode__type_support.h
[3.370s] -- Up-to-date symlink: /home/ubuntu/workspace/robotics_v1/install/ur_dashboard_msgs/include/ur_dashboard_msgs/action/set_mode.h
[3.371s] -- Up-to-date symlink: /home/ubuntu/workspace/robotics_v1/install/ur_dashboard_msgs/include/ur_dashboard_msgs/msg/detail/program_state__functions.h
[3.371s] -- Up-to-date symlink: /home/ubuntu/workspace/robotics_v1/install/ur_dashboard_msgs/include/ur_dashboard_msgs/msg/detail/program_state__struct.h
[3.373s] -- Up-to-date symlink: /home/ubuntu/workspace/robotics_v1/install/ur_dashboard_msgs/include/ur_dashboard_msgs/msg/detail/program_state__type_support.h
[3.374s] -- Up-to-date symlink: /home/ubuntu/workspace/robotics_v1/install/ur_dashboard_msgs/include/ur_dashboard_msgs/msg/detail/robot_mode__functions.h
[3.374s] -- Up-to-date symlink: /home/ubuntu/workspace/robotics_v1/install/ur_dashboard_msgs/include/ur_dashboard_msgs/msg/detail/robot_mode__struct.h
[3.375s] -- Up-to-date symlink: /home/ubuntu/workspace/robotics_v1/install/ur_dashboard_msgs/include/ur_dashboard_msgs/msg/detail/robot_mode__type_support.h
[3.376s] -- Up-to-date symlink: /home/ubuntu/workspace/robotics_v1/install/ur_dashboard_msgs/include/ur_dashboard_msgs/msg/detail/safety_mode__functions.h
[3.376s] -- Up-to-date symlink: /home/ubuntu/workspace/robotics_v1/install/ur_dashboard_msgs/include/ur_dashboard_msgs/msg/detail/safety_mode__struct.h
[3.377s] -- Up-to-date symlink: /home/ubuntu/workspace/robotics_v1/install/ur_dashboard_msgs/include/ur_dashboard_msgs/msg/detail/safety_mode__type_support.h
[3.377s] -- Up-to-date symlink: /home/ubuntu/workspace/robotics_v1/install/ur_dashboard_msgs/include/ur_dashboard_msgs/msg/program_state.h
[3.378s] -- Up-to-date symlink: /home/ubuntu/workspace/robotics_v1/install/ur_dashboard_msgs/include/ur_dashboard_msgs/msg/robot_mode.h
[3.379s] -- Up-to-date symlink: /home/ubuntu/workspace/robotics_v1/install/ur_dashboard_msgs/include/ur_dashboard_msgs/msg/rosidl_generator_c__visibility_control.h
[3.380s] -- Up-to-date symlink: /home/ubuntu/workspace/robotics_v1/install/ur_dashboard_msgs/include/ur_dashboard_msgs/msg/safety_mode.h
[3.383s] -- Up-to-date symlink: /home/ubuntu/workspace/robotics_v1/install/ur_dashboard_msgs/include/ur_dashboard_msgs/srv/add_to_log.h
[3.383s] -- Up-to-date symlink: /home/ubuntu/workspace/robotics_v1/install/ur_dashboard_msgs/include/ur_dashboard_msgs/srv/detail/add_to_log__functions.h
[3.384s] -- Up-to-date symlink: /home/ubuntu/workspace/robotics_v1/install/ur_dashboard_msgs/include/ur_dashboard_msgs/srv/detail/add_to_log__struct.h
[3.384s] -- Up-to-date symlink: /home/ubuntu/workspace/robotics_v1/install/ur_dashboard_msgs/include/ur_dashboard_msgs/srv/detail/add_to_log__type_support.h
[3.385s] -- Up-to-date symlink: /home/ubuntu/workspace/robotics_v1/install/ur_dashboard_msgs/include/ur_dashboard_msgs/srv/detail/get_loaded_program__functions.h
[3.387s] -- Up-to-date symlink: /home/ubuntu/workspace/robotics_v1/install/ur_dashboard_msgs/include/ur_dashboard_msgs/srv/detail/get_loaded_program__struct.h
[3.388s] -- Up-to-date symlink: /home/ubuntu/workspace/robotics_v1/install/ur_dashboard_msgs/include/ur_dashboard_msgs/srv/detail/get_loaded_program__type_support.h
[3.388s] -- Up-to-date symlink: /home/ubuntu/workspace/robotics_v1/install/ur_dashboard_msgs/include/ur_dashboard_msgs/srv/detail/get_program_state__functions.h
[3.389s] -- Up-to-date symlink: /home/ubuntu/workspace/robotics_v1/install/ur_dashboard_msgs/include/ur_dashboard_msgs/srv/detail/get_program_state__struct.h
[3.389s] -- Up-to-date symlink: /home/ubuntu/workspace/robotics_v1/install/ur_dashboard_msgs/include/ur_dashboard_msgs/srv/detail/get_program_state__type_support.h
[3.390s] -- Up-to-date symlink: /home/ubuntu/workspace/robotics_v1/install/ur_dashboard_msgs/include/ur_dashboard_msgs/srv/detail/get_robot_mode__functions.h
[3.391s] -- Up-to-date symlink: /home/ubuntu/workspace/robotics_v1/install/ur_dashboard_msgs/include/ur_dashboard_msgs/srv/detail/get_robot_mode__struct.h
[3.391s] -- Up-to-date symlink: /home/ubuntu/workspace/robotics_v1/install/ur_dashboard_msgs/include/ur_dashboard_msgs/srv/detail/get_robot_mode__type_support.h
[3.392s] -- Up-to-date symlink: /home/ubuntu/workspace/robotics_v1/install/ur_dashboard_msgs/include/ur_dashboard_msgs/srv/detail/get_safety_mode__functions.h
[3.392s] -- Up-to-date symlink: /home/ubuntu/workspace/robotics_v1/install/ur_dashboard_msgs/include/ur_dashboard_msgs/srv/detail/get_safety_mode__struct.h
[3.393s] -- Up-to-date symlink: /home/ubuntu/workspace/robotics_v1/install/ur_dashboard_msgs/include/ur_dashboard_msgs/srv/detail/get_safety_mode__type_support.h
[3.394s] -- Up-to-date symlink: /home/ubuntu/workspace/robotics_v1/install/ur_dashboard_msgs/include/ur_dashboard_msgs/srv/detail/is_program_running__functions.h
[3.394s] -- Up-to-date symlink: /home/ubuntu/workspace/robotics_v1/install/ur_dashboard_msgs/include/ur_dashboard_msgs/srv/detail/is_program_running__struct.h
[3.395s] -- Up-to-date symlink: /home/ubuntu/workspace/robotics_v1/install/ur_dashboard_msgs/include/ur_dashboard_msgs/srv/detail/is_program_running__type_support.h
[3.396s] -- Up-to-date symlink: /home/ubuntu/workspace/robotics_v1/install/ur_dashboard_msgs/include/ur_dashboard_msgs/srv/detail/is_program_saved__functions.h
[3.397s] -- Up-to-date symlink: /home/ubuntu/workspace/robotics_v1/install/ur_dashboard_msgs/include/ur_dashboard_msgs/srv/detail/is_program_saved__struct.h
[3.398s] -- Up-to-date symlink: /home/ubuntu/workspace/robotics_v1/install/ur_dashboard_msgs/include/ur_dashboard_msgs/srv/detail/is_program_saved__type_support.h
[3.399s] -- Up-to-date symlink: /home/ubuntu/workspace/robotics_v1/install/ur_dashboard_msgs/include/ur_dashboard_msgs/srv/detail/load__functions.h
[3.399s] -- Up-to-date symlink: /home/ubuntu/workspace/robotics_v1/install/ur_dashboard_msgs/include/ur_dashboard_msgs/srv/detail/load__struct.h
[3.400s] -- Up-to-date symlink: /home/ubuntu/workspace/robotics_v1/install/ur_dashboard_msgs/include/ur_dashboard_msgs/srv/detail/load__type_support.h
[3.400s] -- Up-to-date symlink: /home/ubuntu/workspace/robotics_v1/install/ur_dashboard_msgs/include/ur_dashboard_msgs/srv/detail/popup__functions.h
[3.401s] -- Up-to-date symlink: /home/ubuntu/workspace/robotics_v1/install/ur_dashboard_msgs/include/ur_dashboard_msgs/srv/detail/popup__struct.h
[3.402s] -- Up-to-date symlink: /home/ubuntu/workspace/robotics_v1/install/ur_dashboard_msgs/include/ur_dashboard_msgs/srv/detail/popup__type_support.h
[3.402s] -- Up-to-date symlink: /home/ubuntu/workspace/robotics_v1/install/ur_dashboard_msgs/include/ur_dashboard_msgs/srv/detail/raw_request__functions.h
[3.403s] -- Up-to-date symlink: /home/ubuntu/workspace/robotics_v1/install/ur_dashboard_msgs/include/ur_dashboard_msgs/srv/detail/raw_request__struct.h
[3.403s] -- Up-to-date symlink: /home/ubuntu/workspace/robotics_v1/install/ur_dashboard_msgs/include/ur_dashboard_msgs/srv/detail/raw_request__type_support.h
[3.404s] -- Up-to-date symlink: /home/ubuntu/workspace/robotics_v1/install/ur_dashboard_msgs/include/ur_dashboard_msgs/srv/get_loaded_program.h
[3.405s] -- Up-to-date symlink: /home/ubuntu/workspace/robotics_v1/install/ur_dashboard_msgs/include/ur_dashboard_msgs/srv/get_program_state.h
[3.405s] -- Up-to-date symlink: /home/ubuntu/workspace/robotics_v1/install/ur_dashboard_msgs/include/ur_dashboard_msgs/srv/get_robot_mode.h
[3.414s] -- Up-to-date symlink: /home/ubuntu/workspace/robotics_v1/install/ur_dashboard_msgs/include/ur_dashboard_msgs/srv/get_safety_mode.h
[3.415s] -- Up-to-date symlink: /home/ubuntu/workspace/robotics_v1/install/ur_dashboard_msgs/include/ur_dashboard_msgs/srv/is_program_running.h
[3.415s] -- Up-to-date symlink: /home/ubuntu/workspace/robotics_v1/install/ur_dashboard_msgs/include/ur_dashboard_msgs/srv/is_program_saved.h
[3.416s] -- Up-to-date symlink: /home/ubuntu/workspace/robotics_v1/install/ur_dashboard_msgs/include/ur_dashboard_msgs/srv/load.h
[3.420s] -- Up-to-date symlink: /home/ubuntu/workspace/robotics_v1/install/ur_dashboard_msgs/include/ur_dashboard_msgs/srv/popup.h
[3.421s] -- Up-to-date symlink: /home/ubuntu/workspace/robotics_v1/install/ur_dashboard_msgs/include/ur_dashboard_msgs/srv/raw_request.h
[3.422s] -- Up-to-date symlink: /home/ubuntu/workspace/robotics_v1/install/ur_dashboard_msgs/share/ur_dashboard_msgs/environment/library_path.sh
[3.422s] -- Up-to-date symlink: /home/ubuntu/workspace/robotics_v1/install/ur_dashboard_msgs/share/ur_dashboard_msgs/environment/library_path.dsv
[3.423s] -- Up-to-date symlink: /home/ubuntu/workspace/robotics_v1/install/ur_dashboard_msgs/include/ur_dashboard_msgs/action/detail/set_mode__rosidl_typesupport_fastrtps_c.h
[3.423s] -- Up-to-date symlink: /home/ubuntu/workspace/robotics_v1/install/ur_dashboard_msgs/include/ur_dashboard_msgs/msg/detail/program_state__rosidl_typesupport_fastrtps_c.h
[3.425s] -- Up-to-date symlink: /home/ubuntu/workspace/robotics_v1/install/ur_dashboard_msgs/include/ur_dashboard_msgs/msg/detail/robot_mode__rosidl_typesupport_fastrtps_c.h
[3.425s] -- Up-to-date symlink: /home/ubuntu/workspace/robotics_v1/install/ur_dashboard_msgs/include/ur_dashboard_msgs/msg/detail/safety_mode__rosidl_typesupport_fastrtps_c.h
[3.425s] -- Up-to-date symlink: /home/ubuntu/workspace/robotics_v1/install/ur_dashboard_msgs/include/ur_dashboard_msgs/msg/rosidl_typesupport_fastrtps_c__visibility_control.h
[3.425s] -- Up-to-date symlink: /home/ubuntu/workspace/robotics_v1/install/ur_dashboard_msgs/include/ur_dashboard_msgs/srv/detail/add_to_log__rosidl_typesupport_fastrtps_c.h
[3.425s] -- Up-to-date symlink: /home/ubuntu/workspace/robotics_v1/install/ur_dashboard_msgs/include/ur_dashboard_msgs/srv/detail/get_loaded_program__rosidl_typesupport_fastrtps_c.h
[3.425s] -- Up-to-date symlink: /home/ubuntu/workspace/robotics_v1/install/ur_dashboard_msgs/include/ur_dashboard_msgs/srv/detail/get_program_state__rosidl_typesupport_fastrtps_c.h
[3.426s] -- Up-to-date symlink: /home/ubuntu/workspace/robotics_v1/install/ur_dashboard_msgs/include/ur_dashboard_msgs/srv/detail/get_robot_mode__rosidl_typesupport_fastrtps_c.h
[3.426s] -- Up-to-date symlink: /home/ubuntu/workspace/robotics_v1/install/ur_dashboard_msgs/include/ur_dashboard_msgs/srv/detail/get_safety_mode__rosidl_typesupport_fastrtps_c.h
[3.426s] -- Up-to-date symlink: /home/ubuntu/workspace/robotics_v1/install/ur_dashboard_msgs/include/ur_dashboard_msgs/srv/detail/is_program_running__rosidl_typesupport_fastrtps_c.h
[3.428s] -- Up-to-date symlink: /home/ubuntu/workspace/robotics_v1/install/ur_dashboard_msgs/include/ur_dashboard_msgs/srv/detail/is_program_saved__rosidl_typesupport_fastrtps_c.h
[3.429s] -- Up-to-date symlink: /home/ubuntu/workspace/robotics_v1/install/ur_dashboard_msgs/include/ur_dashboard_msgs/srv/detail/load__rosidl_typesupport_fastrtps_c.h
[3.429s] -- Up-to-date symlink: /home/ubuntu/workspace/robotics_v1/install/ur_dashboard_msgs/include/ur_dashboard_msgs/srv/detail/popup__rosidl_typesupport_fastrtps_c.h
[3.430s] -- Up-to-date symlink: /home/ubuntu/workspace/robotics_v1/install/ur_dashboard_msgs/include/ur_dashboard_msgs/srv/detail/raw_request__rosidl_typesupport_fastrtps_c.h
[3.430s] -- Up-to-date symlink: /home/ubuntu/workspace/robotics_v1/install/ur_dashboard_msgs/lib/libur_dashboard_msgs__rosidl_typesupport_fastrtps_c.so
[3.434s] -- Up-to-date symlink: /home/ubuntu/workspace/robotics_v1/install/ur_dashboard_msgs/include/ur_dashboard_msgs/action/detail/set_mode__rosidl_typesupport_fastrtps_cpp.hpp
[3.435s] -- Up-to-date symlink: /home/ubuntu/workspace/robotics_v1/install/ur_dashboard_msgs/include/ur_dashboard_msgs/msg/detail/program_state__rosidl_typesupport_fastrtps_cpp.hpp
[3.435s] -- Up-to-date symlink: /home/ubuntu/workspace/robotics_v1/install/ur_dashboard_msgs/include/ur_dashboard_msgs/msg/detail/robot_mode__rosidl_typesupport_fastrtps_cpp.hpp
[3.436s] -- Up-to-date symlink: /home/ubuntu/workspace/robotics_v1/install/ur_dashboard_msgs/include/ur_dashboard_msgs/msg/detail/safety_mode__rosidl_typesupport_fastrtps_cpp.hpp
[3.436s] -- Up-to-date symlink: /home/ubuntu/workspace/robotics_v1/install/ur_dashboard_msgs/include/ur_dashboard_msgs/msg/rosidl_typesupport_fastrtps_cpp__visibility_control.h
[3.437s] -- Up-to-date symlink: /home/ubuntu/workspace/robotics_v1/install/ur_dashboard_msgs/include/ur_dashboard_msgs/srv/detail/add_to_log__rosidl_typesupport_fastrtps_cpp.hpp
[3.438s] -- Up-to-date symlink: /home/ubuntu/workspace/robotics_v1/install/ur_dashboard_msgs/include/ur_dashboard_msgs/srv/detail/get_loaded_program__rosidl_typesupport_fastrtps_cpp.hpp
[3.438s] -- Up-to-date symlink: /home/ubuntu/workspace/robotics_v1/install/ur_dashboard_msgs/include/ur_dashboard_msgs/srv/detail/get_program_state__rosidl_typesupport_fastrtps_cpp.hpp
[3.439s] -- Up-to-date symlink: /home/ubuntu/workspace/robotics_v1/install/ur_dashboard_msgs/include/ur_dashboard_msgs/srv/detail/get_robot_mode__rosidl_typesupport_fastrtps_cpp.hpp
[3.440s] -- Up-to-date symlink: /home/ubuntu/workspace/robotics_v1/install/ur_dashboard_msgs/include/ur_dashboard_msgs/srv/detail/get_safety_mode__rosidl_typesupport_fastrtps_cpp.hpp
[3.440s] -- Up-to-date symlink: /home/ubuntu/workspace/robotics_v1/install/ur_dashboard_msgs/include/ur_dashboard_msgs/srv/detail/is_program_running__rosidl_typesupport_fastrtps_cpp.hpp
[3.441s] -- Up-to-date symlink: /home/ubuntu/workspace/robotics_v1/install/ur_dashboard_msgs/include/ur_dashboard_msgs/srv/detail/is_program_saved__rosidl_typesupport_fastrtps_cpp.hpp
[3.442s] -- Up-to-date symlink: /home/ubuntu/workspace/robotics_v1/install/ur_dashboard_msgs/include/ur_dashboard_msgs/srv/detail/load__rosidl_typesupport_fastrtps_cpp.hpp
[3.442s] -- Up-to-date symlink: /home/ubuntu/workspace/robotics_v1/install/ur_dashboard_msgs/include/ur_dashboard_msgs/srv/detail/popup__rosidl_typesupport_fastrtps_cpp.hpp
[3.443s] -- Up-to-date symlink: /home/ubuntu/workspace/robotics_v1/install/ur_dashboard_msgs/include/ur_dashboard_msgs/srv/detail/raw_request__rosidl_typesupport_fastrtps_cpp.hpp
[3.444s] -- Up-to-date symlink: /home/ubuntu/workspace/robotics_v1/install/ur_dashboard_msgs/lib/libur_dashboard_msgs__rosidl_typesupport_fastrtps_cpp.so
[3.446s] -- Up-to-date symlink: /home/ubuntu/workspace/robotics_v1/install/ur_dashboard_msgs/include/ur_dashboard_msgs/action/detail/set_mode__rosidl_typesupport_introspection_c.h
[3.447s] -- Up-to-date symlink: /home/ubuntu/workspace/robotics_v1/install/ur_dashboard_msgs/include/ur_dashboard_msgs/msg/detail/program_state__rosidl_typesupport_introspection_c.h
[3.448s] -- Up-to-date symlink: /home/ubuntu/workspace/robotics_v1/install/ur_dashboard_msgs/include/ur_dashboard_msgs/msg/detail/robot_mode__rosidl_typesupport_introspection_c.h
[3.449s] -- Up-to-date symlink: /home/ubuntu/workspace/robotics_v1/install/ur_dashboard_msgs/include/ur_dashboard_msgs/msg/detail/safety_mode__rosidl_typesupport_introspection_c.h
[3.449s] -- Up-to-date symlink: /home/ubuntu/workspace/robotics_v1/install/ur_dashboard_msgs/include/ur_dashboard_msgs/msg/rosidl_typesupport_introspection_c__visibility_control.h
[3.454s] -- Up-to-date symlink: /home/ubuntu/workspace/robotics_v1/install/ur_dashboard_msgs/include/ur_dashboard_msgs/srv/detail/add_to_log__rosidl_typesupport_introspection_c.h
[3.454s] -- Up-to-date symlink: /home/ubuntu/workspace/robotics_v1/install/ur_dashboard_msgs/include/ur_dashboard_msgs/srv/detail/get_loaded_program__rosidl_typesupport_introspection_c.h
[3.455s] -- Up-to-date symlink: /home/ubuntu/workspace/robotics_v1/install/ur_dashboard_msgs/include/ur_dashboard_msgs/srv/detail/get_program_state__rosidl_typesupport_introspection_c.h
[3.456s] -- Up-to-date symlink: /home/ubuntu/workspace/robotics_v1/install/ur_dashboard_msgs/include/ur_dashboard_msgs/srv/detail/get_robot_mode__rosidl_typesupport_introspection_c.h
[3.456s] -- Up-to-date symlink: /home/ubuntu/workspace/robotics_v1/install/ur_dashboard_msgs/include/ur_dashboard_msgs/srv/detail/get_safety_mode__rosidl_typesupport_introspection_c.h
[3.457s] -- Up-to-date symlink: /home/ubuntu/workspace/robotics_v1/install/ur_dashboard_msgs/include/ur_dashboard_msgs/srv/detail/is_program_running__rosidl_typesupport_introspection_c.h
[3.457s] -- Up-to-date symlink: /home/ubuntu/workspace/robotics_v1/install/ur_dashboard_msgs/include/ur_dashboard_msgs/srv/detail/is_program_saved__rosidl_typesupport_introspection_c.h
[3.458s] -- Up-to-date symlink: /home/ubuntu/workspace/robotics_v1/install/ur_dashboard_msgs/include/ur_dashboard_msgs/srv/detail/load__rosidl_typesupport_introspection_c.h
[3.459s] -- Up-to-date symlink: /home/ubuntu/workspace/robotics_v1/install/ur_dashboard_msgs/include/ur_dashboard_msgs/srv/detail/popup__rosidl_typesupport_introspection_c.h
[3.459s] -- Up-to-date symlink: /home/ubuntu/workspace/robotics_v1/install/ur_dashboard_msgs/include/ur_dashboard_msgs/srv/detail/raw_request__rosidl_typesupport_introspection_c.h
[3.462s] -- Up-to-date symlink: /home/ubuntu/workspace/robotics_v1/install/ur_dashboard_msgs/include/ur_dashboard_msgs/action/detail/set_mode__builder.hpp
[3.463s] -- Up-to-date symlink: /home/ubuntu/workspace/robotics_v1/install/ur_dashboard_msgs/include/ur_dashboard_msgs/action/detail/set_mode__struct.hpp
[3.464s] -- Up-to-date symlink: /home/ubuntu/workspace/robotics_v1/install/ur_dashboard_msgs/include/ur_dashboard_msgs/action/detail/set_mode__traits.hpp
[3.465s] -- Up-to-date symlink: /home/ubuntu/workspace/robotics_v1/install/ur_dashboard_msgs/include/ur_dashboard_msgs/action/set_mode.hpp
[3.466s] -- Up-to-date symlink: /home/ubuntu/workspace/robotics_v1/install/ur_dashboard_msgs/include/ur_dashboard_msgs/msg/detail/program_state__builder.hpp
[3.467s] -- Up-to-date symlink: /home/ubuntu/workspace/robotics_v1/install/ur_dashboard_msgs/include/ur_dashboard_msgs/msg/detail/program_state__struct.hpp
[3.468s] -- Up-to-date symlink: /home/ubuntu/workspace/robotics_v1/install/ur_dashboard_msgs/include/ur_dashboard_msgs/msg/detail/program_state__traits.hpp
[3.468s] -- Up-to-date symlink: /home/ubuntu/workspace/robotics_v1/install/ur_dashboard_msgs/include/ur_dashboard_msgs/msg/detail/robot_mode__builder.hpp
[3.469s] -- Up-to-date symlink: /home/ubuntu/workspace/robotics_v1/install/ur_dashboard_msgs/include/ur_dashboard_msgs/msg/detail/robot_mode__struct.hpp
[3.470s] -- Up-to-date symlink: /home/ubuntu/workspace/robotics_v1/install/ur_dashboard_msgs/include/ur_dashboard_msgs/msg/detail/robot_mode__traits.hpp
[3.470s] -- Up-to-date symlink: /home/ubuntu/workspace/robotics_v1/install/ur_dashboard_msgs/include/ur_dashboard_msgs/msg/detail/safety_mode__builder.hpp
[3.471s] -- Up-to-date symlink: /home/ubuntu/workspace/robotics_v1/install/ur_dashboard_msgs/include/ur_dashboard_msgs/msg/detail/safety_mode__struct.hpp
[3.471s] -- Up-to-date symlink: /home/ubuntu/workspace/robotics_v1/install/ur_dashboard_msgs/include/ur_dashboard_msgs/msg/detail/safety_mode__traits.hpp
[3.472s] -- Up-to-date symlink: /home/ubuntu/workspace/robotics_v1/install/ur_dashboard_msgs/include/ur_dashboard_msgs/msg/program_state.hpp
[3.472s] -- Up-to-date symlink: /home/ubuntu/workspace/robotics_v1/install/ur_dashboard_msgs/include/ur_dashboard_msgs/msg/robot_mode.hpp
[3.473s] -- Up-to-date symlink: /home/ubuntu/workspace/robotics_v1/install/ur_dashboard_msgs/include/ur_dashboard_msgs/msg/safety_mode.hpp
[3.474s] -- Up-to-date symlink: /home/ubuntu/workspace/robotics_v1/install/ur_dashboard_msgs/include/ur_dashboard_msgs/srv/add_to_log.hpp
[3.474s] -- Up-to-date symlink: /home/ubuntu/workspace/robotics_v1/install/ur_dashboard_msgs/include/ur_dashboard_msgs/srv/detail/add_to_log__builder.hpp
[3.475s] -- Up-to-date symlink: /home/ubuntu/workspace/robotics_v1/install/ur_dashboard_msgs/include/ur_dashboard_msgs/srv/detail/add_to_log__struct.hpp
[3.475s] -- Up-to-date symlink: /home/ubuntu/workspace/robotics_v1/install/ur_dashboard_msgs/include/ur_dashboard_msgs/srv/detail/add_to_log__traits.hpp
[3.476s] -- Up-to-date symlink: /home/ubuntu/workspace/robotics_v1/install/ur_dashboard_msgs/include/ur_dashboard_msgs/srv/detail/get_loaded_program__builder.hpp
[3.477s] -- Up-to-date symlink: /home/ubuntu/workspace/robotics_v1/install/ur_dashboard_msgs/include/ur_dashboard_msgs/srv/detail/get_loaded_program__struct.hpp
[3.477s] -- Up-to-date symlink: /home/ubuntu/workspace/robotics_v1/install/ur_dashboard_msgs/include/ur_dashboard_msgs/srv/detail/get_loaded_program__traits.hpp
[3.478s] -- Up-to-date symlink: /home/ubuntu/workspace/robotics_v1/install/ur_dashboard_msgs/include/ur_dashboard_msgs/srv/detail/get_program_state__builder.hpp
[3.478s] -- Up-to-date symlink: /home/ubuntu/workspace/robotics_v1/install/ur_dashboard_msgs/include/ur_dashboard_msgs/srv/detail/get_program_state__struct.hpp
[3.479s] -- Up-to-date symlink: /home/ubuntu/workspace/robotics_v1/install/ur_dashboard_msgs/include/ur_dashboard_msgs/srv/detail/get_program_state__traits.hpp
[3.480s] -- Up-to-date symlink: /home/ubuntu/workspace/robotics_v1/install/ur_dashboard_msgs/include/ur_dashboard_msgs/srv/detail/get_robot_mode__builder.hpp
[3.481s] -- Up-to-date symlink: /home/ubuntu/workspace/robotics_v1/install/ur_dashboard_msgs/include/ur_dashboard_msgs/srv/detail/get_robot_mode__struct.hpp
[3.489s] -- Up-to-date symlink: /home/ubuntu/workspace/robotics_v1/install/ur_dashboard_msgs/include/ur_dashboard_msgs/srv/detail/get_robot_mode__traits.hpp
[3.490s] -- Up-to-date symlink: /home/ubuntu/workspace/robotics_v1/install/ur_dashboard_msgs/include/ur_dashboard_msgs/srv/detail/get_safety_mode__builder.hpp
[3.491s] -- Up-to-date symlink: /home/ubuntu/workspace/robotics_v1/install/ur_dashboard_msgs/include/ur_dashboard_msgs/srv/detail/get_safety_mode__struct.hpp
[3.492s] -- Up-to-date symlink: /home/ubuntu/workspace/robotics_v1/install/ur_dashboard_msgs/include/ur_dashboard_msgs/srv/detail/get_safety_mode__traits.hpp
[3.492s] -- Up-to-date symlink: /home/ubuntu/workspace/robotics_v1/install/ur_dashboard_msgs/include/ur_dashboard_msgs/srv/detail/is_program_running__builder.hpp
[3.500s] -- Up-to-date symlink: /home/ubuntu/workspace/robotics_v1/install/ur_dashboard_msgs/include/ur_dashboard_msgs/srv/detail/is_program_running__struct.hpp
[3.502s] -- Up-to-date symlink: /home/ubuntu/workspace/robotics_v1/install/ur_dashboard_msgs/include/ur_dashboard_msgs/srv/detail/is_program_running__traits.hpp
[3.503s] -- Up-to-date symlink: /home/ubuntu/workspace/robotics_v1/install/ur_dashboard_msgs/include/ur_dashboard_msgs/srv/detail/is_program_saved__builder.hpp
[3.504s] -- Up-to-date symlink: /home/ubuntu/workspace/robotics_v1/install/ur_dashboard_msgs/include/ur_dashboard_msgs/srv/detail/is_program_saved__struct.hpp
[3.506s] -- Up-to-date symlink: /home/ubuntu/workspace/robotics_v1/install/ur_dashboard_msgs/include/ur_dashboard_msgs/srv/detail/is_program_saved__traits.hpp
[3.507s] -- Up-to-date symlink: /home/ubuntu/workspace/robotics_v1/install/ur_dashboard_msgs/include/ur_dashboard_msgs/srv/detail/load__builder.hpp
[3.508s] -- Up-to-date symlink: /home/ubuntu/workspace/robotics_v1/install/ur_dashboard_msgs/include/ur_dashboard_msgs/srv/detail/load__struct.hpp
[3.510s] -- Up-to-date symlink: /home/ubuntu/workspace/robotics_v1/install/ur_dashboard_msgs/include/ur_dashboard_msgs/srv/detail/load__traits.hpp
[3.511s] -- Up-to-date symlink: /home/ubuntu/workspace/robotics_v1/install/ur_dashboard_msgs/include/ur_dashboard_msgs/srv/detail/popup__builder.hpp
[3.511s] -- Up-to-date symlink: /home/ubuntu/workspace/robotics_v1/install/ur_dashboard_msgs/include/ur_dashboard_msgs/srv/detail/popup__struct.hpp
[3.512s] -- Up-to-date symlink: /home/ubuntu/workspace/robotics_v1/install/ur_dashboard_msgs/include/ur_dashboard_msgs/srv/detail/popup__traits.hpp
[3.513s] -- Up-to-date symlink: /home/ubuntu/workspace/robotics_v1/install/ur_dashboard_msgs/include/ur_dashboard_msgs/srv/detail/raw_request__builder.hpp
[3.513s] -- Up-to-date symlink: /home/ubuntu/workspace/robotics_v1/install/ur_dashboard_msgs/include/ur_dashboard_msgs/srv/detail/raw_request__struct.hpp
[3.514s] -- Up-to-date symlink: /home/ubuntu/workspace/robotics_v1/install/ur_dashboard_msgs/include/ur_dashboard_msgs/srv/detail/raw_request__traits.hpp
[3.515s] -- Up-to-date symlink: /home/ubuntu/workspace/robotics_v1/install/ur_dashboard_msgs/include/ur_dashboard_msgs/srv/get_loaded_program.hpp
[3.516s] -- Up-to-date symlink: /home/ubuntu/workspace/robotics_v1/install/ur_dashboard_msgs/include/ur_dashboard_msgs/srv/get_program_state.hpp
[3.517s] -- Up-to-date symlink: /home/ubuntu/workspace/robotics_v1/install/ur_dashboard_msgs/include/ur_dashboard_msgs/srv/get_robot_mode.hpp
[3.518s] -- Up-to-date symlink: /home/ubuntu/workspace/robotics_v1/install/ur_dashboard_msgs/include/ur_dashboard_msgs/srv/get_safety_mode.hpp
[3.519s] -- Up-to-date symlink: /home/ubuntu/workspace/robotics_v1/install/ur_dashboard_msgs/include/ur_dashboard_msgs/srv/is_program_running.hpp
[3.519s] -- Up-to-date symlink: /home/ubuntu/workspace/robotics_v1/install/ur_dashboard_msgs/include/ur_dashboard_msgs/srv/is_program_saved.hpp
[3.520s] -- Up-to-date symlink: /home/ubuntu/workspace/robotics_v1/install/ur_dashboard_msgs/include/ur_dashboard_msgs/srv/load.hpp
[3.521s] -- Up-to-date symlink: /home/ubuntu/workspace/robotics_v1/install/ur_dashboard_msgs/include/ur_dashboard_msgs/srv/popup.hpp
[3.521s] -- Up-to-date symlink: /home/ubuntu/workspace/robotics_v1/install/ur_dashboard_msgs/include/ur_dashboard_msgs/srv/raw_request.hpp
[3.524s] -- Up-to-date symlink: /home/ubuntu/workspace/robotics_v1/install/ur_dashboard_msgs/include/ur_dashboard_msgs/action/detail/set_mode__rosidl_typesupport_introspection_cpp.hpp
[3.524s] -- Up-to-date symlink: /home/ubuntu/workspace/robotics_v1/install/ur_dashboard_msgs/include/ur_dashboard_msgs/msg/detail/program_state__rosidl_typesupport_introspection_cpp.hpp
[3.525s] -- Up-to-date symlink: /home/ubuntu/workspace/robotics_v1/install/ur_dashboard_msgs/include/ur_dashboard_msgs/msg/detail/robot_mode__rosidl_typesupport_introspection_cpp.hpp
[3.525s] -- Up-to-date symlink: /home/ubuntu/workspace/robotics_v1/install/ur_dashboard_msgs/include/ur_dashboard_msgs/msg/detail/safety_mode__rosidl_typesupport_introspection_cpp.hpp
[3.526s] -- Up-to-date symlink: /home/ubuntu/workspace/robotics_v1/install/ur_dashboard_msgs/include/ur_dashboard_msgs/srv/detail/add_to_log__rosidl_typesupport_introspection_cpp.hpp
[3.527s] -- Up-to-date symlink: /home/ubuntu/workspace/robotics_v1/install/ur_dashboard_msgs/include/ur_dashboard_msgs/srv/detail/get_loaded_program__rosidl_typesupport_introspection_cpp.hpp
[3.527s] -- Up-to-date symlink: /home/ubuntu/workspace/robotics_v1/install/ur_dashboard_msgs/include/ur_dashboard_msgs/srv/detail/get_program_state__rosidl_typesupport_introspection_cpp.hpp
[3.528s] -- Up-to-date symlink: /home/ubuntu/workspace/robotics_v1/install/ur_dashboard_msgs/include/ur_dashboard_msgs/srv/detail/get_robot_mode__rosidl_typesupport_introspection_cpp.hpp
[3.529s] -- Up-to-date symlink: /home/ubuntu/workspace/robotics_v1/install/ur_dashboard_msgs/include/ur_dashboard_msgs/srv/detail/get_safety_mode__rosidl_typesupport_introspection_cpp.hpp
[3.529s] -- Up-to-date symlink: /home/ubuntu/workspace/robotics_v1/install/ur_dashboard_msgs/include/ur_dashboard_msgs/srv/detail/is_program_running__rosidl_typesupport_introspection_cpp.hpp
[3.530s] -- Up-to-date symlink: /home/ubuntu/workspace/robotics_v1/install/ur_dashboard_msgs/include/ur_dashboard_msgs/srv/detail/is_program_saved__rosidl_typesupport_introspection_cpp.hpp
[3.531s] -- Up-to-date symlink: /home/ubuntu/workspace/robotics_v1/install/ur_dashboard_msgs/include/ur_dashboard_msgs/srv/detail/load__rosidl_typesupport_introspection_cpp.hpp
[3.532s] -- Up-to-date symlink: /home/ubuntu/workspace/robotics_v1/install/ur_dashboard_msgs/include/ur_dashboard_msgs/srv/detail/popup__rosidl_typesupport_introspection_cpp.hpp
[3.533s] -- Up-to-date symlink: /home/ubuntu/workspace/robotics_v1/install/ur_dashboard_msgs/include/ur_dashboard_msgs/srv/detail/raw_request__rosidl_typesupport_introspection_cpp.hpp
[3.535s] -- Up-to-date symlink: /home/ubuntu/workspace/robotics_v1/install/ur_dashboard_msgs/share/ur_dashboard_msgs/environment/pythonpath.sh
[3.535s] -- Up-to-date symlink: /home/ubuntu/workspace/robotics_v1/install/ur_dashboard_msgs/share/ur_dashboard_msgs/environment/pythonpath.dsv
[3.537s] -- Up-to-date symlink: /home/ubuntu/workspace/robotics_v1/install/ur_dashboard_msgs/lib/python3.8/site-packages/ur_dashboard_msgs/__init__.py
[3.538s] -- Up-to-date symlink: /home/ubuntu/workspace/robotics_v1/install/ur_dashboard_msgs/lib/python3.8/site-packages/ur_dashboard_msgs/msg/__init__.py
[3.539s] -- Up-to-date symlink: /home/ubuntu/workspace/robotics_v1/install/ur_dashboard_msgs/lib/python3.8/site-packages/ur_dashboard_msgs/msg/_program_state.py
[3.539s] -- Up-to-date symlink: /home/ubuntu/workspace/robotics_v1/install/ur_dashboard_msgs/lib/python3.8/site-packages/ur_dashboard_msgs/msg/_robot_mode.py
[3.540s] -- Up-to-date symlink: /home/ubuntu/workspace/robotics_v1/install/ur_dashboard_msgs/lib/python3.8/site-packages/ur_dashboard_msgs/msg/_safety_mode.py
[3.542s] -- Up-to-date symlink: /home/ubuntu/workspace/robotics_v1/install/ur_dashboard_msgs/lib/python3.8/site-packages/ur_dashboard_msgs/srv/__init__.py
[3.543s] -- Up-to-date symlink: /home/ubuntu/workspace/robotics_v1/install/ur_dashboard_msgs/lib/python3.8/site-packages/ur_dashboard_msgs/srv/_add_to_log.py
[3.543s] -- Up-to-date symlink: /home/ubuntu/workspace/robotics_v1/install/ur_dashboard_msgs/lib/python3.8/site-packages/ur_dashboard_msgs/srv/_get_loaded_program.py
[3.544s] -- Up-to-date symlink: /home/ubuntu/workspace/robotics_v1/install/ur_dashboard_msgs/lib/python3.8/site-packages/ur_dashboard_msgs/srv/_get_program_state.py
[3.545s] -- Up-to-date symlink: /home/ubuntu/workspace/robotics_v1/install/ur_dashboard_msgs/lib/python3.8/site-packages/ur_dashboard_msgs/srv/_get_robot_mode.py
[3.545s] -- Up-to-date symlink: /home/ubuntu/workspace/robotics_v1/install/ur_dashboard_msgs/lib/python3.8/site-packages/ur_dashboard_msgs/srv/_get_safety_mode.py
[3.546s] -- Up-to-date symlink: /home/ubuntu/workspace/robotics_v1/install/ur_dashboard_msgs/lib/python3.8/site-packages/ur_dashboard_msgs/srv/_is_program_running.py
[3.547s] -- Up-to-date symlink: /home/ubuntu/workspace/robotics_v1/install/ur_dashboard_msgs/lib/python3.8/site-packages/ur_dashboard_msgs/srv/_is_program_saved.py
[3.548s] -- Up-to-date symlink: /home/ubuntu/workspace/robotics_v1/install/ur_dashboard_msgs/lib/python3.8/site-packages/ur_dashboard_msgs/srv/_load.py
[3.549s] -- Up-to-date symlink: /home/ubuntu/workspace/robotics_v1/install/ur_dashboard_msgs/lib/python3.8/site-packages/ur_dashboard_msgs/srv/_popup.py
[3.549s] -- Up-to-date symlink: /home/ubuntu/workspace/robotics_v1/install/ur_dashboard_msgs/lib/python3.8/site-packages/ur_dashboard_msgs/srv/_raw_request.py
[3.551s] -- Up-to-date symlink: /home/ubuntu/workspace/robotics_v1/install/ur_dashboard_msgs/lib/python3.8/site-packages/ur_dashboard_msgs/action/__init__.py
[3.552s] -- Up-to-date symlink: /home/ubuntu/workspace/robotics_v1/install/ur_dashboard_msgs/lib/python3.8/site-packages/ur_dashboard_msgs/action/_set_mode.py
[3.553s] -- Up-to-date symlink: /home/ubuntu/workspace/robotics_v1/install/ur_dashboard_msgs/lib/python3.8/site-packages/ur_dashboard_msgs/ur_dashboard_msgs_s__rosidl_typesupport_fastrtps_c.cpython-38-x86_64-linux-gnu.so
[3.555s] -- Up-to-date symlink: /home/ubuntu/workspace/robotics_v1/install/ur_dashboard_msgs/lib/python3.8/site-packages/ur_dashboard_msgs/ur_dashboard_msgs_s__rosidl_typesupport_introspection_c.cpython-38-x86_64-linux-gnu.so
[3.556s] -- Up-to-date symlink: /home/ubuntu/workspace/robotics_v1/install/ur_dashboard_msgs/lib/python3.8/site-packages/ur_dashboard_msgs/ur_dashboard_msgs_s__rosidl_typesupport_c.cpython-38-x86_64-linux-gnu.so
[3.557s] -- Up-to-date symlink: /home/ubuntu/workspace/robotics_v1/install/ur_dashboard_msgs/lib/libur_dashboard_msgs__python.so
[3.558s] -- Up-to-date symlink: /home/ubuntu/workspace/robotics_v1/install/ur_dashboard_msgs/share/ur_dashboard_msgs/msg/ProgramState.idl
[3.559s] -- Up-to-date symlink: /home/ubuntu/workspace/robotics_v1/install/ur_dashboard_msgs/share/ur_dashboard_msgs/msg/RobotMode.idl
[3.560s] -- Up-to-date symlink: /home/ubuntu/workspace/robotics_v1/install/ur_dashboard_msgs/share/ur_dashboard_msgs/msg/SafetyMode.idl
[3.560s] -- Up-to-date symlink: /home/ubuntu/workspace/robotics_v1/install/ur_dashboard_msgs/share/ur_dashboard_msgs/srv/AddToLog.idl
[3.561s] -- Up-to-date symlink: /home/ubuntu/workspace/robotics_v1/install/ur_dashboard_msgs/share/ur_dashboard_msgs/srv/GetLoadedProgram.idl
[3.562s] -- Up-to-date symlink: /home/ubuntu/workspace/robotics_v1/install/ur_dashboard_msgs/share/ur_dashboard_msgs/srv/GetProgramState.idl
[3.563s] -- Up-to-date symlink: /home/ubuntu/workspace/robotics_v1/install/ur_dashboard_msgs/share/ur_dashboard_msgs/srv/GetRobotMode.idl
[3.564s] -- Up-to-date symlink: /home/ubuntu/workspace/robotics_v1/install/ur_dashboard_msgs/share/ur_dashboard_msgs/srv/GetSafetyMode.idl
[3.565s] -- Up-to-date symlink: /home/ubuntu/workspace/robotics_v1/install/ur_dashboard_msgs/share/ur_dashboard_msgs/srv/IsProgramRunning.idl
[3.567s] -- Up-to-date symlink: /home/ubuntu/workspace/robotics_v1/install/ur_dashboard_msgs/share/ur_dashboard_msgs/srv/IsProgramSaved.idl
[3.568s] -- Up-to-date symlink: /home/ubuntu/workspace/robotics_v1/install/ur_dashboard_msgs/share/ur_dashboard_msgs/srv/Load.idl
[3.569s] -- Up-to-date symlink: /home/ubuntu/workspace/robotics_v1/install/ur_dashboard_msgs/share/ur_dashboard_msgs/srv/Popup.idl
[3.570s] -- Up-to-date symlink: /home/ubuntu/workspace/robotics_v1/install/ur_dashboard_msgs/share/ur_dashboard_msgs/srv/RawRequest.idl
[3.571s] -- Up-to-date symlink: /home/ubuntu/workspace/robotics_v1/install/ur_dashboard_msgs/share/ur_dashboard_msgs/action/SetMode.idl
[3.572s] -- Up-to-date symlink: /home/ubuntu/workspace/robotics_v1/install/ur_dashboard_msgs/share/ur_dashboard_msgs/msg/ProgramState.msg
[3.573s] -- Up-to-date symlink: /home/ubuntu/workspace/robotics_v1/install/ur_dashboard_msgs/share/ur_dashboard_msgs/msg/RobotMode.msg
[3.574s] -- Up-to-date symlink: /home/ubuntu/workspace/robotics_v1/install/ur_dashboard_msgs/share/ur_dashboard_msgs/msg/SafetyMode.msg
[3.575s] -- Up-to-date symlink: /home/ubuntu/workspace/robotics_v1/install/ur_dashboard_msgs/share/ur_dashboard_msgs/srv/AddToLog.srv
[3.576s] -- Up-to-date symlink: /home/ubuntu/workspace/robotics_v1/install/ur_dashboard_msgs/share/ur_dashboard_msgs/srv/AddToLog_Request.msg
[3.577s] -- Up-to-date symlink: /home/ubuntu/workspace/robotics_v1/install/ur_dashboard_msgs/share/ur_dashboard_msgs/srv/AddToLog_Response.msg
[3.577s] -- Up-to-date symlink: /home/ubuntu/workspace/robotics_v1/install/ur_dashboard_msgs/share/ur_dashboard_msgs/srv/GetLoadedProgram.srv
[3.578s] -- Up-to-date symlink: /home/ubuntu/workspace/robotics_v1/install/ur_dashboard_msgs/share/ur_dashboard_msgs/srv/GetLoadedProgram_Request.msg
[3.579s] -- Up-to-date symlink: /home/ubuntu/workspace/robotics_v1/install/ur_dashboard_msgs/share/ur_dashboard_msgs/srv/GetLoadedProgram_Response.msg
[3.580s] -- Up-to-date symlink: /home/ubuntu/workspace/robotics_v1/install/ur_dashboard_msgs/share/ur_dashboard_msgs/srv/GetProgramState.srv
[3.581s] -- Up-to-date symlink: /home/ubuntu/workspace/robotics_v1/install/ur_dashboard_msgs/share/ur_dashboard_msgs/srv/GetProgramState_Request.msg
[3.581s] -- Up-to-date symlink: /home/ubuntu/workspace/robotics_v1/install/ur_dashboard_msgs/share/ur_dashboard_msgs/srv/GetProgramState_Response.msg
[3.582s] -- Up-to-date symlink: /home/ubuntu/workspace/robotics_v1/install/ur_dashboard_msgs/share/ur_dashboard_msgs/srv/GetRobotMode.srv
[3.586s] -- Up-to-date symlink: /home/ubuntu/workspace/robotics_v1/install/ur_dashboard_msgs/share/ur_dashboard_msgs/srv/GetRobotMode_Request.msg
[3.590s] -- Up-to-date symlink: /home/ubuntu/workspace/robotics_v1/install/ur_dashboard_msgs/share/ur_dashboard_msgs/srv/GetRobotMode_Response.msg
[3.590s] -- Up-to-date symlink: /home/ubuntu/workspace/robotics_v1/install/ur_dashboard_msgs/share/ur_dashboard_msgs/srv/GetSafetyMode.srv
[3.591s] -- Up-to-date symlink: /home/ubuntu/workspace/robotics_v1/install/ur_dashboard_msgs/share/ur_dashboard_msgs/srv/GetSafetyMode_Request.msg
[3.598s] -- Up-to-date symlink: /home/ubuntu/workspace/robotics_v1/install/ur_dashboard_msgs/share/ur_dashboard_msgs/srv/GetSafetyMode_Response.msg
[3.598s] -- Up-to-date symlink: /home/ubuntu/workspace/robotics_v1/install/ur_dashboard_msgs/share/ur_dashboard_msgs/srv/IsProgramRunning.srv
[3.598s] -- Up-to-date symlink: /home/ubuntu/workspace/robotics_v1/install/ur_dashboard_msgs/share/ur_dashboard_msgs/srv/IsProgramRunning_Request.msg
[3.599s] -- Up-to-date symlink: /home/ubuntu/workspace/robotics_v1/install/ur_dashboard_msgs/share/ur_dashboard_msgs/srv/IsProgramRunning_Response.msg
[3.599s] -- Up-to-date symlink: /home/ubuntu/workspace/robotics_v1/install/ur_dashboard_msgs/share/ur_dashboard_msgs/srv/IsProgramSaved.srv
[3.599s] -- Up-to-date symlink: /home/ubuntu/workspace/robotics_v1/install/ur_dashboard_msgs/share/ur_dashboard_msgs/srv/IsProgramSaved_Request.msg
[3.600s] -- Up-to-date symlink: /home/ubuntu/workspace/robotics_v1/install/ur_dashboard_msgs/share/ur_dashboard_msgs/srv/IsProgramSaved_Response.msg
[3.601s] -- Up-to-date symlink: /home/ubuntu/workspace/robotics_v1/install/ur_dashboard_msgs/share/ur_dashboard_msgs/srv/Load.srv
[3.603s] -- Up-to-date symlink: /home/ubuntu/workspace/robotics_v1/install/ur_dashboard_msgs/share/ur_dashboard_msgs/srv/Load_Request.msg
[3.604s] -- Up-to-date symlink: /home/ubuntu/workspace/robotics_v1/install/ur_dashboard_msgs/share/ur_dashboard_msgs/srv/Load_Response.msg
[3.605s] -- Up-to-date symlink: /home/ubuntu/workspace/robotics_v1/install/ur_dashboard_msgs/share/ur_dashboard_msgs/srv/Popup.srv
[3.606s] -- Up-to-date symlink: /home/ubuntu/workspace/robotics_v1/install/ur_dashboard_msgs/share/ur_dashboard_msgs/srv/Popup_Request.msg
[3.607s] -- Up-to-date symlink: /home/ubuntu/workspace/robotics_v1/install/ur_dashboard_msgs/share/ur_dashboard_msgs/srv/Popup_Response.msg
[3.608s] -- Up-to-date symlink: /home/ubuntu/workspace/robotics_v1/install/ur_dashboard_msgs/share/ur_dashboard_msgs/srv/RawRequest.srv
[3.608s] -- Up-to-date symlink: /home/ubuntu/workspace/robotics_v1/install/ur_dashboard_msgs/share/ur_dashboard_msgs/srv/RawRequest_Request.msg
[3.609s] -- Up-to-date symlink: /home/ubuntu/workspace/robotics_v1/install/ur_dashboard_msgs/share/ur_dashboard_msgs/srv/RawRequest_Response.msg
[3.610s] -- Up-to-date symlink: /home/ubuntu/workspace/robotics_v1/install/ur_dashboard_msgs/share/ur_dashboard_msgs/action/SetMode.action
[3.612s] -- Up-to-date symlink: /home/ubuntu/workspace/robotics_v1/install/ur_dashboard_msgs/share/ament_index/resource_index/package_run_dependencies/ur_dashboard_msgs
[3.612s] -- Up-to-date symlink: /home/ubuntu/workspace/robotics_v1/install/ur_dashboard_msgs/share/ament_index/resource_index/parent_prefix_path/ur_dashboard_msgs
[3.613s] -- Up-to-date symlink: /home/ubuntu/workspace/robotics_v1/install/ur_dashboard_msgs/share/ur_dashboard_msgs/environment/ament_prefix_path.sh
[3.617s] -- Up-to-date symlink: /home/ubuntu/workspace/robotics_v1/install/ur_dashboard_msgs/share/ur_dashboard_msgs/environment/ament_prefix_path.dsv
[3.617s] -- Up-to-date symlink: /home/ubuntu/workspace/robotics_v1/install/ur_dashboard_msgs/share/ur_dashboard_msgs/environment/path.sh
[3.618s] -- Up-to-date symlink: /home/ubuntu/workspace/robotics_v1/install/ur_dashboard_msgs/share/ur_dashboard_msgs/environment/path.dsv
[3.619s] -- Up-to-date symlink: /home/ubuntu/workspace/robotics_v1/install/ur_dashboard_msgs/share/ur_dashboard_msgs/local_setup.bash
[3.619s] -- Up-to-date symlink: /home/ubuntu/workspace/robotics_v1/install/ur_dashboard_msgs/share/ur_dashboard_msgs/local_setup.sh
[3.620s] -- Up-to-date symlink: /home/ubuntu/workspace/robotics_v1/install/ur_dashboard_msgs/share/ur_dashboard_msgs/local_setup.zsh
[3.621s] -- Up-to-date symlink: /home/ubuntu/workspace/robotics_v1/install/ur_dashboard_msgs/share/ur_dashboard_msgs/local_setup.dsv
[3.622s] -- Symlinking: /home/ubuntu/workspace/robotics_v1/install/ur_dashboard_msgs/share/ur_dashboard_msgs/package.dsv
[3.653s] -- Up-to-date symlink: /home/ubuntu/workspace/robotics_v1/install/ur_dashboard_msgs/share/ament_index/resource_index/packages/ur_dashboard_msgs
[3.654s] -- Up-to-date symlink: /home/ubuntu/workspace/robotics_v1/install/ur_dashboard_msgs/share/ur_dashboard_msgs/cmake/rosidl_cmake-extras.cmake
[3.654s] -- Up-to-date symlink: /home/ubuntu/workspace/robotics_v1/install/ur_dashboard_msgs/share/ur_dashboard_msgs/cmake/ament_cmake_export_dependencies-extras.cmake
[3.655s] -- Up-to-date symlink: /home/ubuntu/workspace/robotics_v1/install/ur_dashboard_msgs/share/ur_dashboard_msgs/cmake/ament_cmake_export_libraries-extras.cmake
[3.655s] -- Up-to-date symlink: /home/ubuntu/workspace/robotics_v1/install/ur_dashboard_msgs/share/ur_dashboard_msgs/cmake/ament_cmake_export_targets-extras.cmake
[3.656s] -- Up-to-date symlink: /home/ubuntu/workspace/robotics_v1/install/ur_dashboard_msgs/share/ur_dashboard_msgs/cmake/ament_cmake_export_include_directories-extras.cmake
[3.657s] -- Up-to-date symlink: /home/ubuntu/workspace/robotics_v1/install/ur_dashboard_msgs/share/ur_dashboard_msgs/cmake/rosidl_cmake_export_typesupport_libraries-extras.cmake
[3.658s] -- Up-to-date symlink: /home/ubuntu/workspace/robotics_v1/install/ur_dashboard_msgs/share/ur_dashboard_msgs/cmake/rosidl_cmake_export_typesupport_targets-extras.cmake
[3.659s] -- Up-to-date symlink: /home/ubuntu/workspace/robotics_v1/install/ur_dashboard_msgs/share/ur_dashboard_msgs/cmake/ur_dashboard_msgsConfig.cmake
[3.659s] -- Up-to-date symlink: /home/ubuntu/workspace/robotics_v1/install/ur_dashboard_msgs/share/ur_dashboard_msgs/cmake/ur_dashboard_msgsConfig-version.cmake
[3.660s] -- Up-to-date symlink: /home/ubuntu/workspace/robotics_v1/install/ur_dashboard_msgs/share/ur_dashboard_msgs/package.xml
[3.661s] -- Up-to-date: /home/ubuntu/workspace/robotics_v1/install/ur_dashboard_msgs/lib/libur_dashboard_msgs__rosidl_generator_c.so
[3.662s] -- Up-to-date: /home/ubuntu/workspace/robotics_v1/install/ur_dashboard_msgs/lib/libur_dashboard_msgs__rosidl_typesupport_introspection_c.so
[3.669s] -- Up-to-date: /home/ubuntu/workspace/robotics_v1/install/ur_dashboard_msgs/lib/libur_dashboard_msgs__rosidl_typesupport_c.so
[3.670s] -- Up-to-date: /home/ubuntu/workspace/robotics_v1/install/ur_dashboard_msgs/lib/libur_dashboard_msgs__rosidl_typesupport_introspection_cpp.so
[3.672s] -- Up-to-date: /home/ubuntu/workspace/robotics_v1/install/ur_dashboard_msgs/lib/libur_dashboard_msgs__rosidl_typesupport_cpp.so
[3.806s] -- Up-to-date: /home/ubuntu/workspace/robotics_v1/install/ur_dashboard_msgs/share/ur_dashboard_msgs/cmake/ur_dashboard_msgs__rosidl_generator_cExport.cmake
[3.807s] -- Up-to-date: /home/ubuntu/workspace/robotics_v1/install/ur_dashboard_msgs/share/ur_dashboard_msgs/cmake/ur_dashboard_msgs__rosidl_generator_cExport-debug.cmake
[3.808s] -- Up-to-date: /home/ubuntu/workspace/robotics_v1/install/ur_dashboard_msgs/share/ur_dashboard_msgs/cmake/ur_dashboard_msgs__rosidl_typesupport_introspection_cExport.cmake
[3.809s] -- Up-to-date: /home/ubuntu/workspace/robotics_v1/install/ur_dashboard_msgs/share/ur_dashboard_msgs/cmake/ur_dashboard_msgs__rosidl_typesupport_introspection_cExport-debug.cmake
[3.809s] -- Up-to-date: /home/ubuntu/workspace/robotics_v1/install/ur_dashboard_msgs/share/ur_dashboard_msgs/cmake/ur_dashboard_msgs__rosidl_typesupport_cExport.cmake
[3.809s] -- Up-to-date: /home/ubuntu/workspace/robotics_v1/install/ur_dashboard_msgs/share/ur_dashboard_msgs/cmake/ur_dashboard_msgs__rosidl_typesupport_cExport-debug.cmake
[3.809s] -- Up-to-date: /home/ubuntu/workspace/robotics_v1/install/ur_dashboard_msgs/share/ur_dashboard_msgs/cmake/ur_dashboard_msgs__rosidl_generator_cppExport.cmake
[3.810s] -- Up-to-date: /home/ubuntu/workspace/robotics_v1/install/ur_dashboard_msgs/share/ur_dashboard_msgs/cmake/ur_dashboard_msgs__rosidl_typesupport_introspection_cppExport.cmake
[3.810s] -- Up-to-date: /home/ubuntu/workspace/robotics_v1/install/ur_dashboard_msgs/share/ur_dashboard_msgs/cmake/ur_dashboard_msgs__rosidl_typesupport_introspection_cppExport-debug.cmake
[3.810s] -- Up-to-date: /home/ubuntu/workspace/robotics_v1/install/ur_dashboard_msgs/share/ur_dashboard_msgs/cmake/ur_dashboard_msgs__rosidl_typesupport_cppExport.cmake
[3.810s] -- Up-to-date: /home/ubuntu/workspace/robotics_v1/install/ur_dashboard_msgs/share/ur_dashboard_msgs/cmake/ur_dashboard_msgs__rosidl_typesupport_cppExport-debug.cmake
[3.827s] Invoked command in '/home/ubuntu/workspace/robotics_v1/build/ur_dashboard_msgs' returned '0': CMAKE_PREFIX_PATH=/opt/ros/foxy /usr/bin/cmake --install /home/ubuntu/workspace/robotics_v1/build/ur_dashboard_msgs
