[0.051s] Invoking command in '/home/ubuntu/workspace/robotics_v1/build/resource_utils': CMAKE_PREFIX_PATH=/home/ubuntu/workspace/robotics_v1/install/utils:/home/ubuntu/workspace/robotics_v1/install/cmake_helpers:/opt/ros/foxy PKG_CONFIG_PATH=/home/ubuntu/workspace/robotics_v1/install/utils/lib/x86_64-linux-gnu/pkgconfig:/home/ubuntu/workspace/robotics_v1/install/utils/lib/pkgconfig:/home/ubuntu/workspace/robotics_v1/install/cmake_helpers/lib/x86_64-linux-gnu/pkgconfig:/home/ubuntu/workspace/robotics_v1/install/cmake_helpers/lib/pkgconfig /usr/bin/cmake --build /home/ubuntu/workspace/robotics_v1/build/resource_utils -- -j4 -l4
[0.332s] [100%] Built target resource_utils
[0.376s] Invoked command in '/home/ubuntu/workspace/robotics_v1/build/resource_utils' returned '0': CMAKE_PREFIX_PATH=/home/ubuntu/workspace/robotics_v1/install/utils:/home/ubuntu/workspace/robotics_v1/install/cmake_helpers:/opt/ros/foxy PKG_CONFIG_PATH=/home/ubuntu/workspace/robotics_v1/install/utils/lib/x86_64-linux-gnu/pkgconfig:/home/ubuntu/workspace/robotics_v1/install/utils/lib/pkgconfig:/home/ubuntu/workspace/robotics_v1/install/cmake_helpers/lib/x86_64-linux-gnu/pkgconfig:/home/ubuntu/workspace/robotics_v1/install/cmake_helpers/lib/pkgconfig /usr/bin/cmake --build /home/ubuntu/workspace/robotics_v1/build/resource_utils -- -j4 -l4
[0.623s] Invoking command in '/home/ubuntu/workspace/robotics_v1/build/resource_utils': CMAKE_PREFIX_PATH=/home/ubuntu/workspace/robotics_v1/install/utils:/home/ubuntu/workspace/robotics_v1/install/cmake_helpers:/opt/ros/foxy PKG_CONFIG_PATH=/home/ubuntu/workspace/robotics_v1/install/utils/lib/x86_64-linux-gnu/pkgconfig:/home/ubuntu/workspace/robotics_v1/install/utils/lib/pkgconfig:/home/ubuntu/workspace/robotics_v1/install/cmake_helpers/lib/x86_64-linux-gnu/pkgconfig:/home/ubuntu/workspace/robotics_v1/install/cmake_helpers/lib/pkgconfig /usr/bin/cmake --install /home/ubuntu/workspace/robotics_v1/build/resource_utils
[0.644s] -- Install configuration: "Debug"
[0.644s] -- Up-to-date: /home/ubuntu/workspace/robotics_v1/install/resource_utils/share/resource_utils/package.xml
[0.644s] -- Up-to-date: /home/ubuntu/workspace/robotics_v1/install/resource_utils/lib/resource_utils/libresource_utils.a
[0.645s] -- Installing: /home/ubuntu/workspace/robotics_v1/install/resource_utils/share/ament_index/resource_index/packages/resource_utils
[0.646s] -- Up-to-date: /home/ubuntu/workspace/robotics_v1/install/resource_utils/share/resource_utils/hook/ament_prefix_path.dsv
[0.646s] -- Up-to-date: /home/ubuntu/workspace/robotics_v1/install/resource_utils/share/resource_utils/hook/ros_package_path.dsv
[0.650s] -- Up-to-date: /home/ubuntu/workspace/robotics_v1/install/resource_utils/share/ament_index/resource_index/package_run_dependencies/resource_utils
[0.652s] -- Up-to-date: /home/ubuntu/workspace/robotics_v1/install/resource_utils/share/ament_index/resource_index/parent_prefix_path/resource_utils
[0.657s] -- Up-to-date: /home/ubuntu/workspace/robotics_v1/install/resource_utils/share/resource_utils/environment/ament_prefix_path.sh
[0.660s] -- Up-to-date: /home/ubuntu/workspace/robotics_v1/install/resource_utils/share/resource_utils/environment/ament_prefix_path.dsv
[0.661s] -- Up-to-date: /home/ubuntu/workspace/robotics_v1/install/resource_utils/share/resource_utils/environment/path.sh
[0.663s] -- Up-to-date: /home/ubuntu/workspace/robotics_v1/install/resource_utils/share/resource_utils/environment/path.dsv
[0.664s] -- Up-to-date: /home/ubuntu/workspace/robotics_v1/install/resource_utils/share/resource_utils/local_setup.bash
[0.667s] -- Up-to-date: /home/ubuntu/workspace/robotics_v1/install/resource_utils/share/resource_utils/local_setup.sh
[0.669s] -- Up-to-date: /home/ubuntu/workspace/robotics_v1/install/resource_utils/share/resource_utils/local_setup.zsh
[0.670s] -- Up-to-date: /home/ubuntu/workspace/robotics_v1/install/resource_utils/share/resource_utils/local_setup.dsv
[0.672s] -- Installing: /home/ubuntu/workspace/robotics_v1/install/resource_utils/share/resource_utils/package.dsv
[0.675s] -- Installing: /home/ubuntu/workspace/robotics_v1/install/resource_utils/share/ament_index/resource_index/packages/resource_utils
[0.687s] -- Up-to-date: /home/ubuntu/workspace/robotics_v1/install/resource_utils/share/resource_utils/cmake/resource_utilsConfig.cmake
[0.688s] -- Up-to-date: /home/ubuntu/workspace/robotics_v1/install/resource_utils/share/resource_utils/cmake/resource_utilsConfig-version.cmake
[0.690s] -- Up-to-date: /home/ubuntu/workspace/robotics_v1/install/resource_utils/share/resource_utils/package.xml
[0.691s] -- Up-to-date: /home/ubuntu/workspace/robotics_v1/install/resource_utils/lib/libresource_utils.a
[0.694s] -- Up-to-date: /home/ubuntu/workspace/robotics_v1/install/resource_utils/include
[0.695s] -- Up-to-date: /home/ubuntu/workspace/robotics_v1/install/resource_utils/include/resource_utils
[0.703s] -- Up-to-date: /home/ubuntu/workspace/robotics_v1/install/resource_utils/include/resource_utils/structs
[0.704s] -- Up-to-date: /home/ubuntu/workspace/robotics_v1/install/resource_utils/include/resource_utils/structs/ResourceData.h
[0.704s] -- Up-to-date: /home/ubuntu/workspace/robotics_v1/install/resource_utils/include/resource_utils/structs/FontData.h
[0.705s] -- Up-to-date: /home/ubuntu/workspace/robotics_v1/install/resource_utils/include/resource_utils/structs/DataHeader.h
[0.705s] -- Up-to-date: /home/ubuntu/workspace/robotics_v1/install/resource_utils/include/resource_utils/structs/SoundData.h
[0.705s] -- Up-to-date: /home/ubuntu/workspace/robotics_v1/install/resource_utils/include/resource_utils/structs/CombinedStructs.h
[0.706s] -- Up-to-date: /home/ubuntu/workspace/robotics_v1/install/resource_utils/include/resource_utils/common
[0.706s] -- Up-to-date: /home/ubuntu/workspace/robotics_v1/install/resource_utils/include/resource_utils/common/ResourceFileHeader.h
[0.706s] -- Up-to-date: /home/ubuntu/workspace/robotics_v1/install/resource_utils/include/resource_utils/defines
[0.707s] -- Up-to-date: /home/ubuntu/workspace/robotics_v1/install/resource_utils/include/resource_utils/defines/ResourceDefines.h
[0.707s] -- Up-to-date: /home/ubuntu/workspace/robotics_v1/install/resource_utils/include/resource_utils/defines/SoundDefines.h
[0.707s] -- Up-to-date: /home/ubuntu/workspace/robotics_v1/install/resource_utils/include/resource_utils/resource_loader
[0.707s] -- Up-to-date: /home/ubuntu/workspace/robotics_v1/install/resource_utils/include/resource_utils/resource_loader/ResourceLoader.h
[0.708s] -- Up-to-date: /home/ubuntu/workspace/robotics_v1/install/resource_utils/lib/cmake/resource_utils/resource_utilsTargets.cmake
[0.723s] -- Up-to-date: /home/ubuntu/workspace/robotics_v1/install/resource_utils/lib/cmake/resource_utils/resource_utilsTargets-debug.cmake
[0.724s] -- Up-to-date: /home/ubuntu/workspace/robotics_v1/install/resource_utils/lib/cmake/resource_utils/resource_utilsConfig.cmake
[1.090s] Invoked command in '/home/ubuntu/workspace/robotics_v1/build/resource_utils' returned '0': CMAKE_PREFIX_PATH=/home/ubuntu/workspace/robotics_v1/install/utils:/home/ubuntu/workspace/robotics_v1/install/cmake_helpers:/opt/ros/foxy PKG_CONFIG_PATH=/home/ubuntu/workspace/robotics_v1/install/utils/lib/x86_64-linux-gnu/pkgconfig:/home/ubuntu/workspace/robotics_v1/install/utils/lib/pkgconfig:/home/ubuntu/workspace/robotics_v1/install/cmake_helpers/lib/x86_64-linux-gnu/pkgconfig:/home/ubuntu/workspace/robotics_v1/install/cmake_helpers/lib/pkgconfig /usr/bin/cmake --install /home/ubuntu/workspace/robotics_v1/build/resource_utils
