[0.130s] Invoking command in '/home/ubuntu/workspace/robotics_v1/build/robo_cleaner_gui': AMENT_PREFIX_PATH=/home/ubuntu/workspace/robotics_v1/install/robo_cleaner_common:/home/ubuntu/workspace/robotics_v1/install/robo_cleaner_interfaces:${AMENT_PREFIX_PATH} CMAKE_PREFIX_PATH=/home/ubuntu/workspace/robotics_v1/install/ros2_game_engine:/home/ubuntu/workspace/robotics_v1/install/robo_cleaner_common:/home/ubuntu/workspace/robotics_v1/install/robo_common:/home/ubuntu/workspace/robotics_v1/install/game_engine:/home/ubuntu/workspace/robotics_v1/install/manager_utils:/home/ubuntu/workspace/robotics_v1/install/sdl_utils:/home/ubuntu/workspace/robotics_v1/install/resource_utils:/home/ubuntu/workspace/robotics_v1/install/utils:/home/ubuntu/workspace/robotics_v1/install/robo_cleaner_interfaces:/home/ubuntu/workspace/robotics_v1/install/cmake_helpers:/opt/ros/foxy LD_LIBRARY_PATH=/home/ubuntu/workspace/robotics_v1/install/robo_cleaner_interfaces/lib:${LD_LIBRARY_PATH} PKG_CONFIG_PATH=/home/ubuntu/workspace/robotics_v1/install/ros2_game_engine/lib/x86_64-linux-gnu/pkgconfig:/home/ubuntu/workspace/robotics_v1/install/ros2_game_engine/lib/pkgconfig:/home/ubuntu/workspace/robotics_v1/install/robo_common/lib/x86_64-linux-gnu/pkgconfig:/home/ubuntu/workspace/robotics_v1/install/robo_common/lib/pkgconfig:/home/ubuntu/workspace/robotics_v1/install/game_engine/lib/x86_64-linux-gnu/pkgconfig:/home/ubuntu/workspace/robotics_v1/install/game_engine/lib/pkgconfig:/home/ubuntu/workspace/robotics_v1/install/manager_utils/lib/x86_64-linux-gnu/pkgconfig:/home/ubuntu/workspace/robotics_v1/install/manager_utils/lib/pkgconfig:/home/ubuntu/workspace/robotics_v1/install/sdl_utils/lib/x86_64-linux-gnu/pkgconfig:/home/ubuntu/workspace/robotics_v1/install/sdl_utils/lib/pkgconfig:/home/ubuntu/workspace/robotics_v1/install/resource_utils/lib/x86_64-linux-gnu/pkgconfig:/home/ubuntu/workspace/robotics_v1/install/resource_utils/lib/pkgconfig:/home/ubuntu/workspace/robotics_v1/install/utils/lib/x86_64-linux-gnu/pkgconfig:/home/ubuntu/workspace/robotics_v1/install/utils/lib/pkgconfig:/home/ubuntu/workspace/robotics_v1/install/cmake_helpers/lib/x86_64-linux-gnu/pkgconfig:/home/ubuntu/workspace/robotics_v1/install/cmake_helpers/lib/pkgconfig PYTHONPATH=/home/ubuntu/workspace/robotics_v1/install/robo_cleaner_interfaces/lib/python3.8/site-packages:${PYTHONPATH} /usr/bin/cmake --build /home/ubuntu/workspace/robotics_v1/build/robo_cleaner_gui -- -j4 -l4
[0.936s] [100%] Built target robo_cleaner_gui
[1.069s] Invoked command in '/home/ubuntu/workspace/robotics_v1/build/robo_cleaner_gui' returned '0': AMENT_PREFIX_PATH=/home/ubuntu/workspace/robotics_v1/install/robo_cleaner_common:/home/ubuntu/workspace/robotics_v1/install/robo_cleaner_interfaces:${AMENT_PREFIX_PATH} CMAKE_PREFIX_PATH=/home/ubuntu/workspace/robotics_v1/install/ros2_game_engine:/home/ubuntu/workspace/robotics_v1/install/robo_cleaner_common:/home/ubuntu/workspace/robotics_v1/install/robo_common:/home/ubuntu/workspace/robotics_v1/install/game_engine:/home/ubuntu/workspace/robotics_v1/install/manager_utils:/home/ubuntu/workspace/robotics_v1/install/sdl_utils:/home/ubuntu/workspace/robotics_v1/install/resource_utils:/home/ubuntu/workspace/robotics_v1/install/utils:/home/ubuntu/workspace/robotics_v1/install/robo_cleaner_interfaces:/home/ubuntu/workspace/robotics_v1/install/cmake_helpers:/opt/ros/foxy LD_LIBRARY_PATH=/home/ubuntu/workspace/robotics_v1/install/robo_cleaner_interfaces/lib:${LD_LIBRARY_PATH} PKG_CONFIG_PATH=/home/ubuntu/workspace/robotics_v1/install/ros2_game_engine/lib/x86_64-linux-gnu/pkgconfig:/home/ubuntu/workspace/robotics_v1/install/ros2_game_engine/lib/pkgconfig:/home/ubuntu/workspace/robotics_v1/install/robo_common/lib/x86_64-linux-gnu/pkgconfig:/home/ubuntu/workspace/robotics_v1/install/robo_common/lib/pkgconfig:/home/ubuntu/workspace/robotics_v1/install/game_engine/lib/x86_64-linux-gnu/pkgconfig:/home/ubuntu/workspace/robotics_v1/install/game_engine/lib/pkgconfig:/home/ubuntu/workspace/robotics_v1/install/manager_utils/lib/x86_64-linux-gnu/pkgconfig:/home/ubuntu/workspace/robotics_v1/install/manager_utils/lib/pkgconfig:/home/ubuntu/workspace/robotics_v1/install/sdl_utils/lib/x86_64-linux-gnu/pkgconfig:/home/ubuntu/workspace/robotics_v1/install/sdl_utils/lib/pkgconfig:/home/ubuntu/workspace/robotics_v1/install/resource_utils/lib/x86_64-linux-gnu/pkgconfig:/home/ubuntu/workspace/robotics_v1/install/resource_utils/lib/pkgconfig:/home/ubuntu/workspace/robotics_v1/install/utils/lib/x86_64-linux-gnu/pkgconfig:/home/ubuntu/workspace/robotics_v1/install/utils/lib/pkgconfig:/home/ubuntu/workspace/robotics_v1/install/cmake_helpers/lib/x86_64-linux-gnu/pkgconfig:/home/ubuntu/workspace/robotics_v1/install/cmake_helpers/lib/pkgconfig PYTHONPATH=/home/ubuntu/workspace/robotics_v1/install/robo_cleaner_interfaces/lib/python3.8/site-packages:${PYTHONPATH} /usr/bin/cmake --build /home/ubuntu/workspace/robotics_v1/build/robo_cleaner_gui -- -j4 -l4
[1.737s] Invoking command in '/home/ubuntu/workspace/robotics_v1/build/robo_cleaner_gui': AMENT_PREFIX_PATH=/home/ubuntu/workspace/robotics_v1/install/robo_cleaner_common:/home/ubuntu/workspace/robotics_v1/install/robo_cleaner_interfaces:${AMENT_PREFIX_PATH} CMAKE_PREFIX_PATH=/home/ubuntu/workspace/robotics_v1/install/ros2_game_engine:/home/ubuntu/workspace/robotics_v1/install/robo_cleaner_common:/home/ubuntu/workspace/robotics_v1/install/robo_common:/home/ubuntu/workspace/robotics_v1/install/game_engine:/home/ubuntu/workspace/robotics_v1/install/manager_utils:/home/ubuntu/workspace/robotics_v1/install/sdl_utils:/home/ubuntu/workspace/robotics_v1/install/resource_utils:/home/ubuntu/workspace/robotics_v1/install/utils:/home/ubuntu/workspace/robotics_v1/install/robo_cleaner_interfaces:/home/ubuntu/workspace/robotics_v1/install/cmake_helpers:/opt/ros/foxy LD_LIBRARY_PATH=/home/ubuntu/workspace/robotics_v1/install/robo_cleaner_interfaces/lib:${LD_LIBRARY_PATH} PKG_CONFIG_PATH=/home/ubuntu/workspace/robotics_v1/install/ros2_game_engine/lib/x86_64-linux-gnu/pkgconfig:/home/ubuntu/workspace/robotics_v1/install/ros2_game_engine/lib/pkgconfig:/home/ubuntu/workspace/robotics_v1/install/robo_common/lib/x86_64-linux-gnu/pkgconfig:/home/ubuntu/workspace/robotics_v1/install/robo_common/lib/pkgconfig:/home/ubuntu/workspace/robotics_v1/install/game_engine/lib/x86_64-linux-gnu/pkgconfig:/home/ubuntu/workspace/robotics_v1/install/game_engine/lib/pkgconfig:/home/ubuntu/workspace/robotics_v1/install/manager_utils/lib/x86_64-linux-gnu/pkgconfig:/home/ubuntu/workspace/robotics_v1/install/manager_utils/lib/pkgconfig:/home/ubuntu/workspace/robotics_v1/install/sdl_utils/lib/x86_64-linux-gnu/pkgconfig:/home/ubuntu/workspace/robotics_v1/install/sdl_utils/lib/pkgconfig:/home/ubuntu/workspace/robotics_v1/install/resource_utils/lib/x86_64-linux-gnu/pkgconfig:/home/ubuntu/workspace/robotics_v1/install/resource_utils/lib/pkgconfig:/home/ubuntu/workspace/robotics_v1/install/utils/lib/x86_64-linux-gnu/pkgconfig:/home/ubuntu/workspace/robotics_v1/install/utils/lib/pkgconfig:/home/ubuntu/workspace/robotics_v1/install/cmake_helpers/lib/x86_64-linux-gnu/pkgconfig:/home/ubuntu/workspace/robotics_v1/install/cmake_helpers/lib/pkgconfig PYTHONPATH=/home/ubuntu/workspace/robotics_v1/install/robo_cleaner_interfaces/lib/python3.8/site-packages:${PYTHONPATH} /usr/bin/cmake --install /home/ubuntu/workspace/robotics_v1/build/robo_cleaner_gui
[1.827s] -- Install configuration: "Debug"
[1.834s] -- Execute custom install script
[1.840s] -- Up-to-date symlink: /home/ubuntu/workspace/robotics_v1/install/robo_cleaner_gui/share/robo_cleaner_gui/package.xml
[1.846s] -- Up-to-date symlink: /home/ubuntu/workspace/robotics_v1/install/robo_cleaner_gui/share/robo_cleaner_gui//launch/launch.py
[1.856s] -- Up-to-date symlink: /home/ubuntu/workspace/robotics_v1/install/robo_cleaner_gui/share/robo_cleaner_gui//config/params.yaml
[1.859s] -- Up-to-date symlink: /home/ubuntu/workspace/robotics_v1/install/robo_cleaner_gui/lib/robo_cleaner_gui/robo_cleaner_gui
[1.864s] -- Symlinking: /home/ubuntu/workspace/robotics_v1/install/robo_cleaner_gui/share/ament_index/resource_index/packages/robo_cleaner_gui
[1.976s] -- Up-to-date symlink: /home/ubuntu/workspace/robotics_v1/install/robo_cleaner_gui/share/robo_cleaner_gui/hook/ament_prefix_path.dsv
[1.976s] -- Up-to-date symlink: /home/ubuntu/workspace/robotics_v1/install/robo_cleaner_gui/share/robo_cleaner_gui/hook/ros_package_path.dsv
[1.977s] -- Up-to-date symlink: /home/ubuntu/workspace/robotics_v1/install/robo_cleaner_gui/share/ament_index/resource_index/package_run_dependencies/robo_cleaner_gui
[1.978s] -- Up-to-date symlink: /home/ubuntu/workspace/robotics_v1/install/robo_cleaner_gui/share/ament_index/resource_index/parent_prefix_path/robo_cleaner_gui
[1.979s] -- Up-to-date symlink: /home/ubuntu/workspace/robotics_v1/install/robo_cleaner_gui/share/robo_cleaner_gui/environment/ament_prefix_path.sh
[1.979s] -- Up-to-date symlink: /home/ubuntu/workspace/robotics_v1/install/robo_cleaner_gui/share/robo_cleaner_gui/environment/ament_prefix_path.dsv
[1.980s] -- Up-to-date symlink: /home/ubuntu/workspace/robotics_v1/install/robo_cleaner_gui/share/robo_cleaner_gui/environment/path.sh
[1.981s] -- Up-to-date symlink: /home/ubuntu/workspace/robotics_v1/install/robo_cleaner_gui/share/robo_cleaner_gui/environment/path.dsv
[1.983s] -- Up-to-date symlink: /home/ubuntu/workspace/robotics_v1/install/robo_cleaner_gui/share/robo_cleaner_gui/local_setup.bash
[1.990s] -- Up-to-date symlink: /home/ubuntu/workspace/robotics_v1/install/robo_cleaner_gui/share/robo_cleaner_gui/local_setup.sh
[1.994s] -- Up-to-date symlink: /home/ubuntu/workspace/robotics_v1/install/robo_cleaner_gui/share/robo_cleaner_gui/local_setup.zsh
[2.002s] -- Up-to-date symlink: /home/ubuntu/workspace/robotics_v1/install/robo_cleaner_gui/share/robo_cleaner_gui/local_setup.dsv
[2.010s] -- Symlinking: /home/ubuntu/workspace/robotics_v1/install/robo_cleaner_gui/share/robo_cleaner_gui/package.dsv
[2.047s] -- Symlinking: /home/ubuntu/workspace/robotics_v1/install/robo_cleaner_gui/share/ament_index/resource_index/packages/robo_cleaner_gui
[2.118s] -- Up-to-date symlink: /home/ubuntu/workspace/robotics_v1/install/robo_cleaner_gui/share/robo_cleaner_gui/cmake/robo_cleaner_guiConfig.cmake
[2.118s] -- Up-to-date symlink: /home/ubuntu/workspace/robotics_v1/install/robo_cleaner_gui/share/robo_cleaner_gui/cmake/robo_cleaner_guiConfig-version.cmake
[2.119s] -- Up-to-date symlink: /home/ubuntu/workspace/robotics_v1/install/robo_cleaner_gui/share/robo_cleaner_gui/package.xml
[2.124s] -- Up-to-date symlink: /home/ubuntu/workspace/robotics_v1/install/robo_cleaner_gui/share/robo_cleaner_gui/resources//RoboCleanerGui.rsrc
[2.138s] -- Up-to-date symlink: /home/ubuntu/workspace/robotics_v1/install/robo_cleaner_gui/share/robo_cleaner_gui/resources//f/vinque_rg_20.ttf
[2.140s] -- Up-to-date symlink: /home/ubuntu/workspace/robotics_v1/install/robo_cleaner_gui/share/robo_cleaner_gui/resources//f/vinque_rg_30.ttf
[2.141s] -- Up-to-date symlink: /home/ubuntu/workspace/robotics_v1/install/robo_cleaner_gui/share/robo_cleaner_gui/resources//f/vinque_rg_75.ttf
[2.143s] -- Up-to-date symlink: /home/ubuntu/workspace/robotics_v1/install/robo_cleaner_gui/share/robo_cleaner_gui/resources//generated/RoboCleanerGuiResources.h
[2.145s] -- Up-to-date symlink: /home/ubuntu/workspace/robotics_v1/install/robo_cleaner_gui/share/robo_cleaner_gui/resources//generated/RoboCleanerGuiResourcesDynamic.h
[2.146s] -- Up-to-date symlink: /home/ubuntu/workspace/robotics_v1/install/robo_cleaner_gui/share/robo_cleaner_gui/resources//generated/RoboCleanerGuiResourcesDynamicValues.h
[2.150s] -- Up-to-date symlink: /home/ubuntu/workspace/robotics_v1/install/robo_cleaner_gui/share/robo_cleaner_gui/resources//generated/fonts.bin
[2.151s] -- Up-to-date symlink: /home/ubuntu/workspace/robotics_v1/install/robo_cleaner_gui/share/robo_cleaner_gui/resources//generated/resources.bin
[2.155s] -- Up-to-date symlink: /home/ubuntu/workspace/robotics_v1/install/robo_cleaner_gui/share/robo_cleaner_gui/resources//generated/sounds.bin
[2.174s] -- Up-to-date symlink: /home/ubuntu/workspace/robotics_v1/install/robo_cleaner_gui/share/robo_cleaner_gui/resources//levels/level_1/field_map.txt
[2.176s] -- Up-to-date symlink: /home/ubuntu/workspace/robotics_v1/install/robo_cleaner_gui/share/robo_cleaner_gui/resources//levels/level_2/field_map.txt
[2.178s] -- Up-to-date symlink: /home/ubuntu/workspace/robotics_v1/install/robo_cleaner_gui/share/robo_cleaner_gui/resources//levels/level_3/field_map.txt
[2.180s] -- Up-to-date symlink: /home/ubuntu/workspace/robotics_v1/install/robo_cleaner_gui/share/robo_cleaner_gui/resources//p/background/fogOfWar.png
[2.182s] -- Up-to-date symlink: /home/ubuntu/workspace/robotics_v1/install/robo_cleaner_gui/share/robo_cleaner_gui/resources//p/background/map.png
[2.195s] -- Up-to-date symlink: /home/ubuntu/workspace/robotics_v1/install/robo_cleaner_gui/share/robo_cleaner_gui/resources//p/background/obstacle.png
[2.198s] -- Up-to-date symlink: /home/ubuntu/workspace/robotics_v1/install/robo_cleaner_gui/share/robo_cleaner_gui/resources//p/background/tile.png
[2.202s] -- Up-to-date symlink: /home/ubuntu/workspace/robotics_v1/install/robo_cleaner_gui/share/robo_cleaner_gui/resources//p/entities/damage_marker.png
[2.203s] -- Up-to-date symlink: /home/ubuntu/workspace/robotics_v1/install/robo_cleaner_gui/share/robo_cleaner_gui/resources//p/entities/player_robot.png
[2.208s] -- Up-to-date symlink: /home/ubuntu/workspace/robotics_v1/install/robo_cleaner_gui/share/robo_cleaner_gui/resources//p/entities/rubbish.png
[2.211s] -- Up-to-date symlink: /home/ubuntu/workspace/robotics_v1/install/robo_cleaner_gui/share/robo_cleaner_gui/resources//p/panels/energy_indicator.png
[2.213s] -- Up-to-date symlink: /home/ubuntu/workspace/robotics_v1/install/robo_cleaner_gui/share/robo_cleaner_gui/resources//p/panels/energy_panel.png
[2.216s] -- Up-to-date symlink: /home/ubuntu/workspace/robotics_v1/install/robo_cleaner_gui/share/robo_cleaner_gui/resources//p/panels/health_indicator.png
[2.218s] -- Up-to-date symlink: /home/ubuntu/workspace/robotics_v1/install/robo_cleaner_gui/share/robo_cleaner_gui/resources//p/panels/health_panel.png
[2.220s] -- Up-to-date symlink: /home/ubuntu/workspace/robotics_v1/install/robo_cleaner_gui/share/robo_cleaner_gui/resources//p/panels/hor_delimiter.png
[2.226s] -- Up-to-date symlink: /home/ubuntu/workspace/robotics_v1/install/robo_cleaner_gui/share/robo_cleaner_gui/resources//p/panels/rubbish_panel.png
[2.234s] -- Up-to-date symlink: /home/ubuntu/workspace/robotics_v1/install/robo_cleaner_gui/share/robo_cleaner_gui/resources//p/panels/tile_panel.png
[2.235s] -- Up-to-date symlink: /home/ubuntu/workspace/robotics_v1/install/robo_cleaner_gui/share/robo_cleaner_gui/resources//p/panels/vert_delimiter.png
[2.235s] -- Up-to-date symlink: /home/ubuntu/workspace/robotics_v1/install/robo_cleaner_gui/share/robo_cleaner_gui/resources//p/stars/star_single.png
[2.235s] -- Up-to-date symlink: /home/ubuntu/workspace/robotics_v1/install/robo_cleaner_gui/share/robo_cleaner_gui/resources//p/stars/stars.png
[2.267s] Invoked command in '/home/ubuntu/workspace/robotics_v1/build/robo_cleaner_gui' returned '0': AMENT_PREFIX_PATH=/home/ubuntu/workspace/robotics_v1/install/robo_cleaner_common:/home/ubuntu/workspace/robotics_v1/install/robo_cleaner_interfaces:${AMENT_PREFIX_PATH} CMAKE_PREFIX_PATH=/home/ubuntu/workspace/robotics_v1/install/ros2_game_engine:/home/ubuntu/workspace/robotics_v1/install/robo_cleaner_common:/home/ubuntu/workspace/robotics_v1/install/robo_common:/home/ubuntu/workspace/robotics_v1/install/game_engine:/home/ubuntu/workspace/robotics_v1/install/manager_utils:/home/ubuntu/workspace/robotics_v1/install/sdl_utils:/home/ubuntu/workspace/robotics_v1/install/resource_utils:/home/ubuntu/workspace/robotics_v1/install/utils:/home/ubuntu/workspace/robotics_v1/install/robo_cleaner_interfaces:/home/ubuntu/workspace/robotics_v1/install/cmake_helpers:/opt/ros/foxy LD_LIBRARY_PATH=/home/ubuntu/workspace/robotics_v1/install/robo_cleaner_interfaces/lib:${LD_LIBRARY_PATH} PKG_CONFIG_PATH=/home/ubuntu/workspace/robotics_v1/install/ros2_game_engine/lib/x86_64-linux-gnu/pkgconfig:/home/ubuntu/workspace/robotics_v1/install/ros2_game_engine/lib/pkgconfig:/home/ubuntu/workspace/robotics_v1/install/robo_common/lib/x86_64-linux-gnu/pkgconfig:/home/ubuntu/workspace/robotics_v1/install/robo_common/lib/pkgconfig:/home/ubuntu/workspace/robotics_v1/install/game_engine/lib/x86_64-linux-gnu/pkgconfig:/home/ubuntu/workspace/robotics_v1/install/game_engine/lib/pkgconfig:/home/ubuntu/workspace/robotics_v1/install/manager_utils/lib/x86_64-linux-gnu/pkgconfig:/home/ubuntu/workspace/robotics_v1/install/manager_utils/lib/pkgconfig:/home/ubuntu/workspace/robotics_v1/install/sdl_utils/lib/x86_64-linux-gnu/pkgconfig:/home/ubuntu/workspace/robotics_v1/install/sdl_utils/lib/pkgconfig:/home/ubuntu/workspace/robotics_v1/install/resource_utils/lib/x86_64-linux-gnu/pkgconfig:/home/ubuntu/workspace/robotics_v1/install/resource_utils/lib/pkgconfig:/home/ubuntu/workspace/robotics_v1/install/utils/lib/x86_64-linux-gnu/pkgconfig:/home/ubuntu/workspace/robotics_v1/install/utils/lib/pkgconfig:/home/ubuntu/workspace/robotics_v1/install/cmake_helpers/lib/x86_64-linux-gnu/pkgconfig:/home/ubuntu/workspace/robotics_v1/install/cmake_helpers/lib/pkgconfig PYTHONPATH=/home/ubuntu/workspace/robotics_v1/install/robo_cleaner_interfaces/lib/python3.8/site-packages:${PYTHONPATH} /usr/bin/cmake --install /home/ubuntu/workspace/robotics_v1/build/robo_cleaner_gui
