[0.098s] Invoking command in '/home/ubuntu/workspace/robotics_v1/build/robo_miner_interfaces': CMAKE_PREFIX_PATH=/opt/ros/foxy /usr/bin/cmake --build /home/ubuntu/workspace/robotics_v1/build/robo_miner_interfaces -- -j4 -l4
[0.419s] [  0%] Built target robo_miner_interfaces__cpp
[0.658s] [ 11%] Built target robo_miner_interfaces__rosidl_typesupport_fastrtps_cpp
[0.697s] [ 24%] Built target robo_miner_interfaces__rosidl_typesupport_introspection_cpp
[0.700s] [ 35%] Built target robo_miner_interfaces__rosidl_generator_c
[0.718s] [ 47%] Built target robo_miner_interfaces__rosidl_typesupport_cpp
[0.902s] [ 59%] Built target robo_miner_interfaces__rosidl_typesupport_introspection_c
[0.920s] [ 70%] Built target robo_miner_interfaces__rosidl_typesupport_c
[1.020s] [ 82%] Built target robo_miner_interfaces__rosidl_typesupport_fastrtps_c
[1.103s] [ 82%] Built target robo_miner_interfaces
[1.238s] [ 83%] Built target robo_miner_interfaces__py
[1.408s] [ 94%] Built target robo_miner_interfaces__python
[1.658s] [ 96%] Built target robo_miner_interfaces__rosidl_typesupport_introspection_c__pyext
[1.676s] [ 98%] Built target robo_miner_interfaces__rosidl_typesupport_fastrtps_c__pyext
[1.730s] [100%] Built target robo_miner_interfaces__rosidl_typesupport_c__pyext
[1.783s] Invoked command in '/home/ubuntu/workspace/robotics_v1/build/robo_miner_interfaces' returned '0': CMAKE_PREFIX_PATH=/opt/ros/foxy /usr/bin/cmake --build /home/ubuntu/workspace/robotics_v1/build/robo_miner_interfaces -- -j4 -l4
[2.723s] Invoking command in '/home/ubuntu/workspace/robotics_v1/build/robo_miner_interfaces': CMAKE_PREFIX_PATH=/opt/ros/foxy /usr/bin/cmake --install /home/ubuntu/workspace/robotics_v1/build/robo_miner_interfaces
[2.745s] -- Install configuration: "Debug"
[2.747s] -- Execute custom install script
[2.747s] -- Up-to-date symlink: /home/ubuntu/workspace/robotics_v1/install/robo_miner_interfaces/share/ament_index/resource_index/rosidl_interfaces/robo_miner_interfaces
[2.749s] -- Up-to-date symlink: /home/ubuntu/workspace/robotics_v1/install/robo_miner_interfaces/include/robo_miner_interfaces/msg/detail/field_point__functions.h
[2.749s] -- Up-to-date symlink: /home/ubuntu/workspace/robotics_v1/install/robo_miner_interfaces/include/robo_miner_interfaces/msg/detail/field_point__struct.h
[2.750s] -- Up-to-date symlink: /home/ubuntu/workspace/robotics_v1/install/robo_miner_interfaces/include/robo_miner_interfaces/msg/detail/field_point__type_support.h
[2.750s] -- Up-to-date symlink: /home/ubuntu/workspace/robotics_v1/install/robo_miner_interfaces/include/robo_miner_interfaces/msg/detail/robot_move_type__functions.h
[2.751s] -- Up-to-date symlink: /home/ubuntu/workspace/robotics_v1/install/robo_miner_interfaces/include/robo_miner_interfaces/msg/detail/robot_move_type__struct.h
[2.753s] -- Up-to-date symlink: /home/ubuntu/workspace/robotics_v1/install/robo_miner_interfaces/include/robo_miner_interfaces/msg/detail/robot_move_type__type_support.h
[2.753s] -- Up-to-date symlink: /home/ubuntu/workspace/robotics_v1/install/robo_miner_interfaces/include/robo_miner_interfaces/msg/detail/robot_position_response__functions.h
[2.754s] -- Up-to-date symlink: /home/ubuntu/workspace/robotics_v1/install/robo_miner_interfaces/include/robo_miner_interfaces/msg/detail/robot_position_response__struct.h
[2.754s] -- Up-to-date symlink: /home/ubuntu/workspace/robotics_v1/install/robo_miner_interfaces/include/robo_miner_interfaces/msg/detail/robot_position_response__type_support.h
[2.755s] -- Up-to-date symlink: /home/ubuntu/workspace/robotics_v1/install/robo_miner_interfaces/include/robo_miner_interfaces/msg/detail/u_int8_multi_array__functions.h
[2.755s] -- Up-to-date symlink: /home/ubuntu/workspace/robotics_v1/install/robo_miner_interfaces/include/robo_miner_interfaces/msg/detail/u_int8_multi_array__struct.h
[2.756s] -- Up-to-date symlink: /home/ubuntu/workspace/robotics_v1/install/robo_miner_interfaces/include/robo_miner_interfaces/msg/detail/u_int8_multi_array__type_support.h
[2.756s] -- Up-to-date symlink: /home/ubuntu/workspace/robotics_v1/install/robo_miner_interfaces/include/robo_miner_interfaces/msg/detail/user_authenticate__functions.h
[2.757s] -- Up-to-date symlink: /home/ubuntu/workspace/robotics_v1/install/robo_miner_interfaces/include/robo_miner_interfaces/msg/detail/user_authenticate__struct.h
[2.758s] -- Up-to-date symlink: /home/ubuntu/workspace/robotics_v1/install/robo_miner_interfaces/include/robo_miner_interfaces/msg/detail/user_authenticate__type_support.h
[2.758s] -- Up-to-date symlink: /home/ubuntu/workspace/robotics_v1/install/robo_miner_interfaces/include/robo_miner_interfaces/msg/field_point.h
[2.759s] -- Up-to-date symlink: /home/ubuntu/workspace/robotics_v1/install/robo_miner_interfaces/include/robo_miner_interfaces/msg/robot_move_type.h
[2.759s] -- Up-to-date symlink: /home/ubuntu/workspace/robotics_v1/install/robo_miner_interfaces/include/robo_miner_interfaces/msg/robot_position_response.h
[2.760s] -- Up-to-date symlink: /home/ubuntu/workspace/robotics_v1/install/robo_miner_interfaces/include/robo_miner_interfaces/msg/rosidl_generator_c__visibility_control.h
[2.760s] -- Up-to-date symlink: /home/ubuntu/workspace/robotics_v1/install/robo_miner_interfaces/include/robo_miner_interfaces/msg/u_int8_multi_array.h
[2.761s] -- Up-to-date symlink: /home/ubuntu/workspace/robotics_v1/install/robo_miner_interfaces/include/robo_miner_interfaces/msg/user_authenticate.h
[2.761s] -- Up-to-date symlink: /home/ubuntu/workspace/robotics_v1/install/robo_miner_interfaces/include/robo_miner_interfaces/srv/activate_mining_validate.h
[2.762s] -- Up-to-date symlink: /home/ubuntu/workspace/robotics_v1/install/robo_miner_interfaces/include/robo_miner_interfaces/srv/detail/activate_mining_validate__functions.h
[2.763s] -- Up-to-date symlink: /home/ubuntu/workspace/robotics_v1/install/robo_miner_interfaces/include/robo_miner_interfaces/srv/detail/activate_mining_validate__struct.h
[2.763s] -- Up-to-date symlink: /home/ubuntu/workspace/robotics_v1/install/robo_miner_interfaces/include/robo_miner_interfaces/srv/detail/activate_mining_validate__type_support.h
[2.764s] -- Up-to-date symlink: /home/ubuntu/workspace/robotics_v1/install/robo_miner_interfaces/include/robo_miner_interfaces/srv/detail/field_map_validate__functions.h
[2.767s] -- Up-to-date symlink: /home/ubuntu/workspace/robotics_v1/install/robo_miner_interfaces/include/robo_miner_interfaces/srv/detail/field_map_validate__struct.h
[2.767s] -- Up-to-date symlink: /home/ubuntu/workspace/robotics_v1/install/robo_miner_interfaces/include/robo_miner_interfaces/srv/detail/field_map_validate__type_support.h
[2.770s] -- Up-to-date symlink: /home/ubuntu/workspace/robotics_v1/install/robo_miner_interfaces/include/robo_miner_interfaces/srv/detail/longest_sequence_validate__functions.h
[2.771s] -- Up-to-date symlink: /home/ubuntu/workspace/robotics_v1/install/robo_miner_interfaces/include/robo_miner_interfaces/srv/detail/longest_sequence_validate__struct.h
[2.771s] -- Up-to-date symlink: /home/ubuntu/workspace/robotics_v1/install/robo_miner_interfaces/include/robo_miner_interfaces/srv/detail/longest_sequence_validate__type_support.h
[2.771s] -- Up-to-date symlink: /home/ubuntu/workspace/robotics_v1/install/robo_miner_interfaces/include/robo_miner_interfaces/srv/detail/query_initial_robot_position__functions.h
[2.772s] -- Up-to-date symlink: /home/ubuntu/workspace/robotics_v1/install/robo_miner_interfaces/include/robo_miner_interfaces/srv/detail/query_initial_robot_position__struct.h
[2.772s] -- Up-to-date symlink: /home/ubuntu/workspace/robotics_v1/install/robo_miner_interfaces/include/robo_miner_interfaces/srv/detail/query_initial_robot_position__type_support.h
[2.772s] -- Up-to-date symlink: /home/ubuntu/workspace/robotics_v1/install/robo_miner_interfaces/include/robo_miner_interfaces/srv/detail/robot_move__functions.h
[2.773s] -- Up-to-date symlink: /home/ubuntu/workspace/robotics_v1/install/robo_miner_interfaces/include/robo_miner_interfaces/srv/detail/robot_move__struct.h
[2.773s] -- Up-to-date symlink: /home/ubuntu/workspace/robotics_v1/install/robo_miner_interfaces/include/robo_miner_interfaces/srv/detail/robot_move__type_support.h
[2.773s] -- Up-to-date symlink: /home/ubuntu/workspace/robotics_v1/install/robo_miner_interfaces/include/robo_miner_interfaces/srv/field_map_validate.h
[2.773s] -- Up-to-date symlink: /home/ubuntu/workspace/robotics_v1/install/robo_miner_interfaces/include/robo_miner_interfaces/srv/longest_sequence_validate.h
[2.774s] -- Up-to-date symlink: /home/ubuntu/workspace/robotics_v1/install/robo_miner_interfaces/include/robo_miner_interfaces/srv/query_initial_robot_position.h
[2.775s] -- Up-to-date symlink: /home/ubuntu/workspace/robotics_v1/install/robo_miner_interfaces/include/robo_miner_interfaces/srv/robot_move.h
[2.777s] -- Up-to-date symlink: /home/ubuntu/workspace/robotics_v1/install/robo_miner_interfaces/share/robo_miner_interfaces/environment/library_path.sh
[2.779s] -- Up-to-date symlink: /home/ubuntu/workspace/robotics_v1/install/robo_miner_interfaces/share/robo_miner_interfaces/environment/library_path.dsv
[2.784s] -- Up-to-date symlink: /home/ubuntu/workspace/robotics_v1/install/robo_miner_interfaces/include/robo_miner_interfaces/msg/detail/field_point__rosidl_typesupport_fastrtps_c.h
[2.784s] -- Up-to-date symlink: /home/ubuntu/workspace/robotics_v1/install/robo_miner_interfaces/include/robo_miner_interfaces/msg/detail/robot_move_type__rosidl_typesupport_fastrtps_c.h
[2.785s] -- Up-to-date symlink: /home/ubuntu/workspace/robotics_v1/install/robo_miner_interfaces/include/robo_miner_interfaces/msg/detail/robot_position_response__rosidl_typesupport_fastrtps_c.h
[2.787s] -- Up-to-date symlink: /home/ubuntu/workspace/robotics_v1/install/robo_miner_interfaces/include/robo_miner_interfaces/msg/detail/u_int8_multi_array__rosidl_typesupport_fastrtps_c.h
[2.788s] -- Up-to-date symlink: /home/ubuntu/workspace/robotics_v1/install/robo_miner_interfaces/include/robo_miner_interfaces/msg/detail/user_authenticate__rosidl_typesupport_fastrtps_c.h
[2.789s] -- Up-to-date symlink: /home/ubuntu/workspace/robotics_v1/install/robo_miner_interfaces/include/robo_miner_interfaces/msg/rosidl_typesupport_fastrtps_c__visibility_control.h
[2.792s] -- Up-to-date symlink: /home/ubuntu/workspace/robotics_v1/install/robo_miner_interfaces/include/robo_miner_interfaces/srv/detail/activate_mining_validate__rosidl_typesupport_fastrtps_c.h
[2.793s] -- Up-to-date symlink: /home/ubuntu/workspace/robotics_v1/install/robo_miner_interfaces/include/robo_miner_interfaces/srv/detail/field_map_validate__rosidl_typesupport_fastrtps_c.h
[2.797s] -- Up-to-date symlink: /home/ubuntu/workspace/robotics_v1/install/robo_miner_interfaces/include/robo_miner_interfaces/srv/detail/longest_sequence_validate__rosidl_typesupport_fastrtps_c.h
[2.797s] -- Up-to-date symlink: /home/ubuntu/workspace/robotics_v1/install/robo_miner_interfaces/include/robo_miner_interfaces/srv/detail/query_initial_robot_position__rosidl_typesupport_fastrtps_c.h
[2.797s] -- Up-to-date symlink: /home/ubuntu/workspace/robotics_v1/install/robo_miner_interfaces/include/robo_miner_interfaces/srv/detail/robot_move__rosidl_typesupport_fastrtps_c.h
[2.804s] -- Up-to-date symlink: /home/ubuntu/workspace/robotics_v1/install/robo_miner_interfaces/lib/librobo_miner_interfaces__rosidl_typesupport_fastrtps_c.so
[2.806s] -- Up-to-date symlink: /home/ubuntu/workspace/robotics_v1/install/robo_miner_interfaces/include/robo_miner_interfaces/msg/detail/field_point__rosidl_typesupport_fastrtps_cpp.hpp
[2.806s] -- Up-to-date symlink: /home/ubuntu/workspace/robotics_v1/install/robo_miner_interfaces/include/robo_miner_interfaces/msg/detail/robot_move_type__rosidl_typesupport_fastrtps_cpp.hpp
[2.807s] -- Up-to-date symlink: /home/ubuntu/workspace/robotics_v1/install/robo_miner_interfaces/include/robo_miner_interfaces/msg/detail/robot_position_response__rosidl_typesupport_fastrtps_cpp.hpp
[2.810s] -- Up-to-date symlink: /home/ubuntu/workspace/robotics_v1/install/robo_miner_interfaces/include/robo_miner_interfaces/msg/detail/u_int8_multi_array__rosidl_typesupport_fastrtps_cpp.hpp
[2.811s] -- Up-to-date symlink: /home/ubuntu/workspace/robotics_v1/install/robo_miner_interfaces/include/robo_miner_interfaces/msg/detail/user_authenticate__rosidl_typesupport_fastrtps_cpp.hpp
[2.811s] -- Up-to-date symlink: /home/ubuntu/workspace/robotics_v1/install/robo_miner_interfaces/include/robo_miner_interfaces/msg/rosidl_typesupport_fastrtps_cpp__visibility_control.h
[2.814s] -- Up-to-date symlink: /home/ubuntu/workspace/robotics_v1/install/robo_miner_interfaces/include/robo_miner_interfaces/srv/detail/activate_mining_validate__rosidl_typesupport_fastrtps_cpp.hpp
[2.815s] -- Up-to-date symlink: /home/ubuntu/workspace/robotics_v1/install/robo_miner_interfaces/include/robo_miner_interfaces/srv/detail/field_map_validate__rosidl_typesupport_fastrtps_cpp.hpp
[2.816s] -- Up-to-date symlink: /home/ubuntu/workspace/robotics_v1/install/robo_miner_interfaces/include/robo_miner_interfaces/srv/detail/longest_sequence_validate__rosidl_typesupport_fastrtps_cpp.hpp
[2.817s] -- Up-to-date symlink: /home/ubuntu/workspace/robotics_v1/install/robo_miner_interfaces/include/robo_miner_interfaces/srv/detail/query_initial_robot_position__rosidl_typesupport_fastrtps_cpp.hpp
[2.817s] -- Up-to-date symlink: /home/ubuntu/workspace/robotics_v1/install/robo_miner_interfaces/include/robo_miner_interfaces/srv/detail/robot_move__rosidl_typesupport_fastrtps_cpp.hpp
[2.819s] -- Up-to-date symlink: /home/ubuntu/workspace/robotics_v1/install/robo_miner_interfaces/lib/librobo_miner_interfaces__rosidl_typesupport_fastrtps_cpp.so
[2.821s] -- Up-to-date symlink: /home/ubuntu/workspace/robotics_v1/install/robo_miner_interfaces/include/robo_miner_interfaces/msg/detail/field_point__rosidl_typesupport_introspection_c.h
[2.821s] -- Up-to-date symlink: /home/ubuntu/workspace/robotics_v1/install/robo_miner_interfaces/include/robo_miner_interfaces/msg/detail/robot_move_type__rosidl_typesupport_introspection_c.h
[2.822s] -- Up-to-date symlink: /home/ubuntu/workspace/robotics_v1/install/robo_miner_interfaces/include/robo_miner_interfaces/msg/detail/robot_position_response__rosidl_typesupport_introspection_c.h
[2.823s] -- Up-to-date symlink: /home/ubuntu/workspace/robotics_v1/install/robo_miner_interfaces/include/robo_miner_interfaces/msg/detail/u_int8_multi_array__rosidl_typesupport_introspection_c.h
[2.823s] -- Up-to-date symlink: /home/ubuntu/workspace/robotics_v1/install/robo_miner_interfaces/include/robo_miner_interfaces/msg/detail/user_authenticate__rosidl_typesupport_introspection_c.h
[2.825s] -- Up-to-date symlink: /home/ubuntu/workspace/robotics_v1/install/robo_miner_interfaces/include/robo_miner_interfaces/msg/rosidl_typesupport_introspection_c__visibility_control.h
[2.826s] -- Up-to-date symlink: /home/ubuntu/workspace/robotics_v1/install/robo_miner_interfaces/include/robo_miner_interfaces/srv/detail/activate_mining_validate__rosidl_typesupport_introspection_c.h
[2.826s] -- Up-to-date symlink: /home/ubuntu/workspace/robotics_v1/install/robo_miner_interfaces/include/robo_miner_interfaces/srv/detail/field_map_validate__rosidl_typesupport_introspection_c.h
[2.827s] -- Up-to-date symlink: /home/ubuntu/workspace/robotics_v1/install/robo_miner_interfaces/include/robo_miner_interfaces/srv/detail/longest_sequence_validate__rosidl_typesupport_introspection_c.h
[2.827s] -- Up-to-date symlink: /home/ubuntu/workspace/robotics_v1/install/robo_miner_interfaces/include/robo_miner_interfaces/srv/detail/query_initial_robot_position__rosidl_typesupport_introspection_c.h
[2.828s] -- Up-to-date symlink: /home/ubuntu/workspace/robotics_v1/install/robo_miner_interfaces/include/robo_miner_interfaces/srv/detail/robot_move__rosidl_typesupport_introspection_c.h
[2.832s] -- Up-to-date symlink: /home/ubuntu/workspace/robotics_v1/install/robo_miner_interfaces/include/robo_miner_interfaces/msg/detail/field_point__builder.hpp
[2.832s] -- Up-to-date symlink: /home/ubuntu/workspace/robotics_v1/install/robo_miner_interfaces/include/robo_miner_interfaces/msg/detail/field_point__struct.hpp
[2.833s] -- Up-to-date symlink: /home/ubuntu/workspace/robotics_v1/install/robo_miner_interfaces/include/robo_miner_interfaces/msg/detail/field_point__traits.hpp
[2.834s] -- Up-to-date symlink: /home/ubuntu/workspace/robotics_v1/install/robo_miner_interfaces/include/robo_miner_interfaces/msg/detail/robot_move_type__builder.hpp
[2.837s] -- Up-to-date symlink: /home/ubuntu/workspace/robotics_v1/install/robo_miner_interfaces/include/robo_miner_interfaces/msg/detail/robot_move_type__struct.hpp
[2.837s] -- Up-to-date symlink: /home/ubuntu/workspace/robotics_v1/install/robo_miner_interfaces/include/robo_miner_interfaces/msg/detail/robot_move_type__traits.hpp
[2.837s] -- Up-to-date symlink: /home/ubuntu/workspace/robotics_v1/install/robo_miner_interfaces/include/robo_miner_interfaces/msg/detail/robot_position_response__builder.hpp
[2.838s] -- Up-to-date symlink: /home/ubuntu/workspace/robotics_v1/install/robo_miner_interfaces/include/robo_miner_interfaces/msg/detail/robot_position_response__struct.hpp
[2.838s] -- Up-to-date symlink: /home/ubuntu/workspace/robotics_v1/install/robo_miner_interfaces/include/robo_miner_interfaces/msg/detail/robot_position_response__traits.hpp
[2.839s] -- Up-to-date symlink: /home/ubuntu/workspace/robotics_v1/install/robo_miner_interfaces/include/robo_miner_interfaces/msg/detail/u_int8_multi_array__builder.hpp
[2.840s] -- Up-to-date symlink: /home/ubuntu/workspace/robotics_v1/install/robo_miner_interfaces/include/robo_miner_interfaces/msg/detail/u_int8_multi_array__struct.hpp
[2.841s] -- Up-to-date symlink: /home/ubuntu/workspace/robotics_v1/install/robo_miner_interfaces/include/robo_miner_interfaces/msg/detail/u_int8_multi_array__traits.hpp
[2.842s] -- Up-to-date symlink: /home/ubuntu/workspace/robotics_v1/install/robo_miner_interfaces/include/robo_miner_interfaces/msg/detail/user_authenticate__builder.hpp
[2.843s] -- Up-to-date symlink: /home/ubuntu/workspace/robotics_v1/install/robo_miner_interfaces/include/robo_miner_interfaces/msg/detail/user_authenticate__struct.hpp
[2.843s] -- Up-to-date symlink: /home/ubuntu/workspace/robotics_v1/install/robo_miner_interfaces/include/robo_miner_interfaces/msg/detail/user_authenticate__traits.hpp
[2.844s] -- Up-to-date symlink: /home/ubuntu/workspace/robotics_v1/install/robo_miner_interfaces/include/robo_miner_interfaces/msg/field_point.hpp
[2.844s] -- Up-to-date symlink: /home/ubuntu/workspace/robotics_v1/install/robo_miner_interfaces/include/robo_miner_interfaces/msg/robot_move_type.hpp
[2.845s] -- Up-to-date symlink: /home/ubuntu/workspace/robotics_v1/install/robo_miner_interfaces/include/robo_miner_interfaces/msg/robot_position_response.hpp
[2.846s] -- Up-to-date symlink: /home/ubuntu/workspace/robotics_v1/install/robo_miner_interfaces/include/robo_miner_interfaces/msg/u_int8_multi_array.hpp
[2.846s] -- Up-to-date symlink: /home/ubuntu/workspace/robotics_v1/install/robo_miner_interfaces/include/robo_miner_interfaces/msg/user_authenticate.hpp
[2.847s] -- Up-to-date symlink: /home/ubuntu/workspace/robotics_v1/install/robo_miner_interfaces/include/robo_miner_interfaces/srv/activate_mining_validate.hpp
[2.847s] -- Up-to-date symlink: /home/ubuntu/workspace/robotics_v1/install/robo_miner_interfaces/include/robo_miner_interfaces/srv/detail/activate_mining_validate__builder.hpp
[2.848s] -- Up-to-date symlink: /home/ubuntu/workspace/robotics_v1/install/robo_miner_interfaces/include/robo_miner_interfaces/srv/detail/activate_mining_validate__struct.hpp
[2.849s] -- Up-to-date symlink: /home/ubuntu/workspace/robotics_v1/install/robo_miner_interfaces/include/robo_miner_interfaces/srv/detail/activate_mining_validate__traits.hpp
[2.849s] -- Up-to-date symlink: /home/ubuntu/workspace/robotics_v1/install/robo_miner_interfaces/include/robo_miner_interfaces/srv/detail/field_map_validate__builder.hpp
[2.850s] -- Up-to-date symlink: /home/ubuntu/workspace/robotics_v1/install/robo_miner_interfaces/include/robo_miner_interfaces/srv/detail/field_map_validate__struct.hpp
[2.850s] -- Up-to-date symlink: /home/ubuntu/workspace/robotics_v1/install/robo_miner_interfaces/include/robo_miner_interfaces/srv/detail/field_map_validate__traits.hpp
[2.851s] -- Up-to-date symlink: /home/ubuntu/workspace/robotics_v1/install/robo_miner_interfaces/include/robo_miner_interfaces/srv/detail/longest_sequence_validate__builder.hpp
[2.851s] -- Up-to-date symlink: /home/ubuntu/workspace/robotics_v1/install/robo_miner_interfaces/include/robo_miner_interfaces/srv/detail/longest_sequence_validate__struct.hpp
[2.852s] -- Up-to-date symlink: /home/ubuntu/workspace/robotics_v1/install/robo_miner_interfaces/include/robo_miner_interfaces/srv/detail/longest_sequence_validate__traits.hpp
[2.853s] -- Up-to-date symlink: /home/ubuntu/workspace/robotics_v1/install/robo_miner_interfaces/include/robo_miner_interfaces/srv/detail/query_initial_robot_position__builder.hpp
[2.853s] -- Up-to-date symlink: /home/ubuntu/workspace/robotics_v1/install/robo_miner_interfaces/include/robo_miner_interfaces/srv/detail/query_initial_robot_position__struct.hpp
[2.854s] -- Up-to-date symlink: /home/ubuntu/workspace/robotics_v1/install/robo_miner_interfaces/include/robo_miner_interfaces/srv/detail/query_initial_robot_position__traits.hpp
[2.855s] -- Up-to-date symlink: /home/ubuntu/workspace/robotics_v1/install/robo_miner_interfaces/include/robo_miner_interfaces/srv/detail/robot_move__builder.hpp
[2.856s] -- Up-to-date symlink: /home/ubuntu/workspace/robotics_v1/install/robo_miner_interfaces/include/robo_miner_interfaces/srv/detail/robot_move__struct.hpp
[2.856s] -- Up-to-date symlink: /home/ubuntu/workspace/robotics_v1/install/robo_miner_interfaces/include/robo_miner_interfaces/srv/detail/robot_move__traits.hpp
[2.857s] -- Up-to-date symlink: /home/ubuntu/workspace/robotics_v1/install/robo_miner_interfaces/include/robo_miner_interfaces/srv/field_map_validate.hpp
[2.857s] -- Up-to-date symlink: /home/ubuntu/workspace/robotics_v1/install/robo_miner_interfaces/include/robo_miner_interfaces/srv/longest_sequence_validate.hpp
[2.858s] -- Up-to-date symlink: /home/ubuntu/workspace/robotics_v1/install/robo_miner_interfaces/include/robo_miner_interfaces/srv/query_initial_robot_position.hpp
[2.858s] -- Up-to-date symlink: /home/ubuntu/workspace/robotics_v1/install/robo_miner_interfaces/include/robo_miner_interfaces/srv/robot_move.hpp
[2.860s] -- Up-to-date symlink: /home/ubuntu/workspace/robotics_v1/install/robo_miner_interfaces/include/robo_miner_interfaces/msg/detail/field_point__rosidl_typesupport_introspection_cpp.hpp
[2.861s] -- Up-to-date symlink: /home/ubuntu/workspace/robotics_v1/install/robo_miner_interfaces/include/robo_miner_interfaces/msg/detail/robot_move_type__rosidl_typesupport_introspection_cpp.hpp
[2.861s] -- Up-to-date symlink: /home/ubuntu/workspace/robotics_v1/install/robo_miner_interfaces/include/robo_miner_interfaces/msg/detail/robot_position_response__rosidl_typesupport_introspection_cpp.hpp
[2.862s] -- Up-to-date symlink: /home/ubuntu/workspace/robotics_v1/install/robo_miner_interfaces/include/robo_miner_interfaces/msg/detail/u_int8_multi_array__rosidl_typesupport_introspection_cpp.hpp
[2.862s] -- Up-to-date symlink: /home/ubuntu/workspace/robotics_v1/install/robo_miner_interfaces/include/robo_miner_interfaces/msg/detail/user_authenticate__rosidl_typesupport_introspection_cpp.hpp
[2.863s] -- Up-to-date symlink: /home/ubuntu/workspace/robotics_v1/install/robo_miner_interfaces/include/robo_miner_interfaces/srv/detail/activate_mining_validate__rosidl_typesupport_introspection_cpp.hpp
[2.864s] -- Up-to-date symlink: /home/ubuntu/workspace/robotics_v1/install/robo_miner_interfaces/include/robo_miner_interfaces/srv/detail/field_map_validate__rosidl_typesupport_introspection_cpp.hpp
[2.865s] -- Up-to-date symlink: /home/ubuntu/workspace/robotics_v1/install/robo_miner_interfaces/include/robo_miner_interfaces/srv/detail/longest_sequence_validate__rosidl_typesupport_introspection_cpp.hpp
[2.868s] -- Up-to-date symlink: /home/ubuntu/workspace/robotics_v1/install/robo_miner_interfaces/include/robo_miner_interfaces/srv/detail/query_initial_robot_position__rosidl_typesupport_introspection_cpp.hpp
[2.869s] -- Up-to-date symlink: /home/ubuntu/workspace/robotics_v1/install/robo_miner_interfaces/include/robo_miner_interfaces/srv/detail/robot_move__rosidl_typesupport_introspection_cpp.hpp
[2.870s] -- Up-to-date symlink: /home/ubuntu/workspace/robotics_v1/install/robo_miner_interfaces/share/robo_miner_interfaces/environment/pythonpath.sh
[2.871s] -- Up-to-date symlink: /home/ubuntu/workspace/robotics_v1/install/robo_miner_interfaces/share/robo_miner_interfaces/environment/pythonpath.dsv
[2.871s] -- Up-to-date symlink: /home/ubuntu/workspace/robotics_v1/install/robo_miner_interfaces/lib/python3.8/site-packages/robo_miner_interfaces/__init__.py
[2.873s] -- Up-to-date symlink: /home/ubuntu/workspace/robotics_v1/install/robo_miner_interfaces/lib/python3.8/site-packages/robo_miner_interfaces/msg/__init__.py
[2.874s] -- Up-to-date symlink: /home/ubuntu/workspace/robotics_v1/install/robo_miner_interfaces/lib/python3.8/site-packages/robo_miner_interfaces/msg/_field_point.py
[2.883s] -- Up-to-date symlink: /home/ubuntu/workspace/robotics_v1/install/robo_miner_interfaces/lib/python3.8/site-packages/robo_miner_interfaces/msg/_robot_move_type.py
[2.883s] -- Up-to-date symlink: /home/ubuntu/workspace/robotics_v1/install/robo_miner_interfaces/lib/python3.8/site-packages/robo_miner_interfaces/msg/_robot_position_response.py
[2.883s] -- Up-to-date symlink: /home/ubuntu/workspace/robotics_v1/install/robo_miner_interfaces/lib/python3.8/site-packages/robo_miner_interfaces/msg/_u_int8_multi_array.py
[2.884s] -- Up-to-date symlink: /home/ubuntu/workspace/robotics_v1/install/robo_miner_interfaces/lib/python3.8/site-packages/robo_miner_interfaces/msg/_user_authenticate.py
[2.884s] -- Up-to-date symlink: /home/ubuntu/workspace/robotics_v1/install/robo_miner_interfaces/lib/python3.8/site-packages/robo_miner_interfaces/srv/__init__.py
[2.890s] -- Up-to-date symlink: /home/ubuntu/workspace/robotics_v1/install/robo_miner_interfaces/lib/python3.8/site-packages/robo_miner_interfaces/srv/_activate_mining_validate.py
[2.890s] -- Up-to-date symlink: /home/ubuntu/workspace/robotics_v1/install/robo_miner_interfaces/lib/python3.8/site-packages/robo_miner_interfaces/srv/_field_map_validate.py
[2.891s] -- Up-to-date symlink: /home/ubuntu/workspace/robotics_v1/install/robo_miner_interfaces/lib/python3.8/site-packages/robo_miner_interfaces/srv/_longest_sequence_validate.py
[2.892s] -- Up-to-date symlink: /home/ubuntu/workspace/robotics_v1/install/robo_miner_interfaces/lib/python3.8/site-packages/robo_miner_interfaces/srv/_query_initial_robot_position.py
[2.899s] -- Up-to-date symlink: /home/ubuntu/workspace/robotics_v1/install/robo_miner_interfaces/lib/python3.8/site-packages/robo_miner_interfaces/srv/_robot_move.py
[2.899s] -- Up-to-date symlink: /home/ubuntu/workspace/robotics_v1/install/robo_miner_interfaces/lib/python3.8/site-packages/robo_miner_interfaces/robo_miner_interfaces_s__rosidl_typesupport_fastrtps_c.cpython-38-x86_64-linux-gnu.so
[2.899s] -- Up-to-date symlink: /home/ubuntu/workspace/robotics_v1/install/robo_miner_interfaces/lib/python3.8/site-packages/robo_miner_interfaces/robo_miner_interfaces_s__rosidl_typesupport_introspection_c.cpython-38-x86_64-linux-gnu.so
[2.900s] -- Up-to-date symlink: /home/ubuntu/workspace/robotics_v1/install/robo_miner_interfaces/lib/python3.8/site-packages/robo_miner_interfaces/robo_miner_interfaces_s__rosidl_typesupport_c.cpython-38-x86_64-linux-gnu.so
[2.900s] -- Up-to-date symlink: /home/ubuntu/workspace/robotics_v1/install/robo_miner_interfaces/lib/librobo_miner_interfaces__python.so
[2.900s] -- Up-to-date symlink: /home/ubuntu/workspace/robotics_v1/install/robo_miner_interfaces/share/robo_miner_interfaces/msg/FieldPoint.idl
[2.900s] -- Up-to-date symlink: /home/ubuntu/workspace/robotics_v1/install/robo_miner_interfaces/share/robo_miner_interfaces/msg/RobotPositionResponse.idl
[2.900s] -- Up-to-date symlink: /home/ubuntu/workspace/robotics_v1/install/robo_miner_interfaces/share/robo_miner_interfaces/msg/UInt8MultiArray.idl
[2.901s] -- Up-to-date symlink: /home/ubuntu/workspace/robotics_v1/install/robo_miner_interfaces/share/robo_miner_interfaces/msg/RobotMoveType.idl
[2.901s] -- Up-to-date symlink: /home/ubuntu/workspace/robotics_v1/install/robo_miner_interfaces/share/robo_miner_interfaces/msg/UserAuthenticate.idl
[2.901s] -- Up-to-date symlink: /home/ubuntu/workspace/robotics_v1/install/robo_miner_interfaces/share/robo_miner_interfaces/srv/ActivateMiningValidate.idl
[2.901s] -- Up-to-date symlink: /home/ubuntu/workspace/robotics_v1/install/robo_miner_interfaces/share/robo_miner_interfaces/srv/RobotMove.idl
[2.902s] -- Up-to-date symlink: /home/ubuntu/workspace/robotics_v1/install/robo_miner_interfaces/share/robo_miner_interfaces/srv/LongestSequenceValidate.idl
[2.902s] -- Up-to-date symlink: /home/ubuntu/workspace/robotics_v1/install/robo_miner_interfaces/share/robo_miner_interfaces/srv/FieldMapValidate.idl
[2.902s] -- Up-to-date symlink: /home/ubuntu/workspace/robotics_v1/install/robo_miner_interfaces/share/robo_miner_interfaces/srv/QueryInitialRobotPosition.idl
[2.902s] -- Up-to-date symlink: /home/ubuntu/workspace/robotics_v1/install/robo_miner_interfaces/share/robo_miner_interfaces/msg/FieldPoint.msg
[2.903s] -- Up-to-date symlink: /home/ubuntu/workspace/robotics_v1/install/robo_miner_interfaces/share/robo_miner_interfaces/msg/RobotPositionResponse.msg
[2.903s] -- Up-to-date symlink: /home/ubuntu/workspace/robotics_v1/install/robo_miner_interfaces/share/robo_miner_interfaces/msg/UInt8MultiArray.msg
[2.903s] -- Up-to-date symlink: /home/ubuntu/workspace/robotics_v1/install/robo_miner_interfaces/share/robo_miner_interfaces/msg/RobotMoveType.msg
[2.903s] -- Up-to-date symlink: /home/ubuntu/workspace/robotics_v1/install/robo_miner_interfaces/share/robo_miner_interfaces/msg/UserAuthenticate.msg
[2.903s] -- Up-to-date symlink: /home/ubuntu/workspace/robotics_v1/install/robo_miner_interfaces/share/robo_miner_interfaces/srv/ActivateMiningValidate.srv
[2.904s] -- Up-to-date symlink: /home/ubuntu/workspace/robotics_v1/install/robo_miner_interfaces/share/robo_miner_interfaces/srv/ActivateMiningValidate_Request.msg
[2.904s] -- Up-to-date symlink: /home/ubuntu/workspace/robotics_v1/install/robo_miner_interfaces/share/robo_miner_interfaces/srv/ActivateMiningValidate_Response.msg
[2.904s] -- Up-to-date symlink: /home/ubuntu/workspace/robotics_v1/install/robo_miner_interfaces/share/robo_miner_interfaces/srv/RobotMove.srv
[2.904s] -- Up-to-date symlink: /home/ubuntu/workspace/robotics_v1/install/robo_miner_interfaces/share/robo_miner_interfaces/srv/RobotMove_Request.msg
[2.904s] -- Up-to-date symlink: /home/ubuntu/workspace/robotics_v1/install/robo_miner_interfaces/share/robo_miner_interfaces/srv/RobotMove_Response.msg
[2.905s] -- Up-to-date symlink: /home/ubuntu/workspace/robotics_v1/install/robo_miner_interfaces/share/robo_miner_interfaces/srv/LongestSequenceValidate.srv
[2.905s] -- Up-to-date symlink: /home/ubuntu/workspace/robotics_v1/install/robo_miner_interfaces/share/robo_miner_interfaces/srv/LongestSequenceValidate_Request.msg
[2.906s] -- Up-to-date symlink: /home/ubuntu/workspace/robotics_v1/install/robo_miner_interfaces/share/robo_miner_interfaces/srv/LongestSequenceValidate_Response.msg
[2.907s] -- Up-to-date symlink: /home/ubuntu/workspace/robotics_v1/install/robo_miner_interfaces/share/robo_miner_interfaces/srv/FieldMapValidate.srv
[2.907s] -- Up-to-date symlink: /home/ubuntu/workspace/robotics_v1/install/robo_miner_interfaces/share/robo_miner_interfaces/srv/FieldMapValidate_Request.msg
[2.907s] -- Up-to-date symlink: /home/ubuntu/workspace/robotics_v1/install/robo_miner_interfaces/share/robo_miner_interfaces/srv/FieldMapValidate_Response.msg
[2.916s] -- Up-to-date symlink: /home/ubuntu/workspace/robotics_v1/install/robo_miner_interfaces/share/robo_miner_interfaces/srv/QueryInitialRobotPosition.srv
[2.917s] -- Up-to-date symlink: /home/ubuntu/workspace/robotics_v1/install/robo_miner_interfaces/share/robo_miner_interfaces/srv/QueryInitialRobotPosition_Request.msg
[2.917s] -- Up-to-date symlink: /home/ubuntu/workspace/robotics_v1/install/robo_miner_interfaces/share/robo_miner_interfaces/srv/QueryInitialRobotPosition_Response.msg
[2.917s] -- Up-to-date symlink: /home/ubuntu/workspace/robotics_v1/install/robo_miner_interfaces/share/ament_index/resource_index/package_run_dependencies/robo_miner_interfaces
[2.919s] -- Up-to-date symlink: /home/ubuntu/workspace/robotics_v1/install/robo_miner_interfaces/share/ament_index/resource_index/parent_prefix_path/robo_miner_interfaces
[2.919s] -- Up-to-date symlink: /home/ubuntu/workspace/robotics_v1/install/robo_miner_interfaces/share/robo_miner_interfaces/environment/ament_prefix_path.sh
[2.920s] -- Up-to-date symlink: /home/ubuntu/workspace/robotics_v1/install/robo_miner_interfaces/share/robo_miner_interfaces/environment/ament_prefix_path.dsv
[2.920s] -- Up-to-date symlink: /home/ubuntu/workspace/robotics_v1/install/robo_miner_interfaces/share/robo_miner_interfaces/environment/path.sh
[2.920s] -- Up-to-date symlink: /home/ubuntu/workspace/robotics_v1/install/robo_miner_interfaces/share/robo_miner_interfaces/environment/path.dsv
[2.920s] -- Up-to-date symlink: /home/ubuntu/workspace/robotics_v1/install/robo_miner_interfaces/share/robo_miner_interfaces/local_setup.bash
[2.921s] -- Up-to-date symlink: /home/ubuntu/workspace/robotics_v1/install/robo_miner_interfaces/share/robo_miner_interfaces/local_setup.sh
[2.921s] -- Up-to-date symlink: /home/ubuntu/workspace/robotics_v1/install/robo_miner_interfaces/share/robo_miner_interfaces/local_setup.zsh
[2.922s] -- Up-to-date symlink: /home/ubuntu/workspace/robotics_v1/install/robo_miner_interfaces/share/robo_miner_interfaces/local_setup.dsv
[2.922s] -- Symlinking: /home/ubuntu/workspace/robotics_v1/install/robo_miner_interfaces/share/robo_miner_interfaces/package.dsv
[2.940s] -- Up-to-date symlink: /home/ubuntu/workspace/robotics_v1/install/robo_miner_interfaces/share/ament_index/resource_index/packages/robo_miner_interfaces
[2.942s] -- Up-to-date symlink: /home/ubuntu/workspace/robotics_v1/install/robo_miner_interfaces/share/robo_miner_interfaces/cmake/rosidl_cmake-extras.cmake
[2.943s] -- Up-to-date symlink: /home/ubuntu/workspace/robotics_v1/install/robo_miner_interfaces/share/robo_miner_interfaces/cmake/ament_cmake_export_dependencies-extras.cmake
[2.943s] -- Up-to-date symlink: /home/ubuntu/workspace/robotics_v1/install/robo_miner_interfaces/share/robo_miner_interfaces/cmake/ament_cmake_export_libraries-extras.cmake
[2.943s] -- Up-to-date symlink: /home/ubuntu/workspace/robotics_v1/install/robo_miner_interfaces/share/robo_miner_interfaces/cmake/ament_cmake_export_targets-extras.cmake
[2.944s] -- Up-to-date symlink: /home/ubuntu/workspace/robotics_v1/install/robo_miner_interfaces/share/robo_miner_interfaces/cmake/ament_cmake_export_include_directories-extras.cmake
[2.945s] -- Up-to-date symlink: /home/ubuntu/workspace/robotics_v1/install/robo_miner_interfaces/share/robo_miner_interfaces/cmake/rosidl_cmake_export_typesupport_libraries-extras.cmake
[2.945s] -- Up-to-date symlink: /home/ubuntu/workspace/robotics_v1/install/robo_miner_interfaces/share/robo_miner_interfaces/cmake/rosidl_cmake_export_typesupport_targets-extras.cmake
[2.951s] -- Up-to-date symlink: /home/ubuntu/workspace/robotics_v1/install/robo_miner_interfaces/share/robo_miner_interfaces/cmake/robo_miner_interfacesConfig.cmake
[2.952s] -- Up-to-date symlink: /home/ubuntu/workspace/robotics_v1/install/robo_miner_interfaces/share/robo_miner_interfaces/cmake/robo_miner_interfacesConfig-version.cmake
[2.953s] -- Up-to-date symlink: /home/ubuntu/workspace/robotics_v1/install/robo_miner_interfaces/share/robo_miner_interfaces/package.xml
[2.953s] -- Up-to-date: /home/ubuntu/workspace/robotics_v1/install/robo_miner_interfaces/lib/librobo_miner_interfaces__rosidl_generator_c.so
[2.954s] -- Up-to-date: /home/ubuntu/workspace/robotics_v1/install/robo_miner_interfaces/lib/librobo_miner_interfaces__rosidl_typesupport_introspection_c.so
[2.954s] -- Up-to-date: /home/ubuntu/workspace/robotics_v1/install/robo_miner_interfaces/lib/librobo_miner_interfaces__rosidl_typesupport_c.so
[2.956s] -- Up-to-date: /home/ubuntu/workspace/robotics_v1/install/robo_miner_interfaces/lib/librobo_miner_interfaces__rosidl_typesupport_introspection_cpp.so
[2.960s] -- Up-to-date: /home/ubuntu/workspace/robotics_v1/install/robo_miner_interfaces/lib/librobo_miner_interfaces__rosidl_typesupport_cpp.so
[3.052s] -- Up-to-date: /home/ubuntu/workspace/robotics_v1/install/robo_miner_interfaces/share/robo_miner_interfaces/cmake/robo_miner_interfaces__rosidl_generator_cExport.cmake
[3.053s] -- Up-to-date: /home/ubuntu/workspace/robotics_v1/install/robo_miner_interfaces/share/robo_miner_interfaces/cmake/robo_miner_interfaces__rosidl_generator_cExport-debug.cmake
[3.054s] -- Up-to-date: /home/ubuntu/workspace/robotics_v1/install/robo_miner_interfaces/share/robo_miner_interfaces/cmake/robo_miner_interfaces__rosidl_typesupport_introspection_cExport.cmake
[3.056s] -- Up-to-date: /home/ubuntu/workspace/robotics_v1/install/robo_miner_interfaces/share/robo_miner_interfaces/cmake/robo_miner_interfaces__rosidl_typesupport_introspection_cExport-debug.cmake
[3.057s] -- Up-to-date: /home/ubuntu/workspace/robotics_v1/install/robo_miner_interfaces/share/robo_miner_interfaces/cmake/robo_miner_interfaces__rosidl_typesupport_cExport.cmake
[3.057s] -- Up-to-date: /home/ubuntu/workspace/robotics_v1/install/robo_miner_interfaces/share/robo_miner_interfaces/cmake/robo_miner_interfaces__rosidl_typesupport_cExport-debug.cmake
[3.059s] -- Up-to-date: /home/ubuntu/workspace/robotics_v1/install/robo_miner_interfaces/share/robo_miner_interfaces/cmake/robo_miner_interfaces__rosidl_generator_cppExport.cmake
[3.061s] -- Up-to-date: /home/ubuntu/workspace/robotics_v1/install/robo_miner_interfaces/share/robo_miner_interfaces/cmake/robo_miner_interfaces__rosidl_typesupport_introspection_cppExport.cmake
[3.062s] -- Up-to-date: /home/ubuntu/workspace/robotics_v1/install/robo_miner_interfaces/share/robo_miner_interfaces/cmake/robo_miner_interfaces__rosidl_typesupport_introspection_cppExport-debug.cmake
[3.062s] -- Up-to-date: /home/ubuntu/workspace/robotics_v1/install/robo_miner_interfaces/share/robo_miner_interfaces/cmake/robo_miner_interfaces__rosidl_typesupport_cppExport.cmake
[3.063s] -- Up-to-date: /home/ubuntu/workspace/robotics_v1/install/robo_miner_interfaces/share/robo_miner_interfaces/cmake/robo_miner_interfaces__rosidl_typesupport_cppExport-debug.cmake
[3.075s] Invoked command in '/home/ubuntu/workspace/robotics_v1/build/robo_miner_interfaces' returned '0': CMAKE_PREFIX_PATH=/opt/ros/foxy /usr/bin/cmake --install /home/ubuntu/workspace/robotics_v1/build/robo_miner_interfaces
