[0.026s] Invoking command in '/home/ubuntu/workspace/robotics_v1/build/ur_client_library': CMAKE_PREFIX_PATH=/opt/ros/foxy /usr/bin/cmake --build /home/ubuntu/workspace/robotics_v1/build/ur_client_library -- -j4 -l4
[0.305s] [ 82%] Built target urcl
[0.460s] [ 88%] Built target rtde_client_example
[0.496s] [ 94%] Built target primary_pipeline_example
[0.498s] [100%] Built target driver_example
[0.541s] Invoked command in '/home/ubuntu/workspace/robotics_v1/build/ur_client_library' returned '0': CMAKE_PREFIX_PATH=/opt/ros/foxy /usr/bin/cmake --build /home/ubuntu/workspace/robotics_v1/build/ur_client_library -- -j4 -l4
[1.049s] Invoking command in '/home/ubuntu/workspace/robotics_v1/build/ur_client_library': CMAKE_PREFIX_PATH=/opt/ros/foxy /usr/bin/cmake --install /home/ubuntu/workspace/robotics_v1/build/ur_client_library
[1.070s] -- Install configuration: "Debug"
[1.073s] -- Up-to-date: /home/ubuntu/workspace/robotics_v1/install/ur_client_library/lib/liburcl.so
[1.074s] -- Up-to-date: /home/ubuntu/workspace/robotics_v1/install/ur_client_library/include
[1.074s] -- Up-to-date: /home/ubuntu/workspace/robotics_v1/install/ur_client_library/include/ur_client_library
[1.074s] -- Up-to-date: /home/ubuntu/workspace/robotics_v1/install/ur_client_library/include/ur_client_library/exceptions.h
[1.075s] -- Up-to-date: /home/ubuntu/workspace/robotics_v1/install/ur_client_library/include/ur_client_library/control
[1.075s] -- Up-to-date: /home/ubuntu/workspace/robotics_v1/install/ur_client_library/include/ur_client_library/control/script_sender.h
[1.075s] -- Up-to-date: /home/ubuntu/workspace/robotics_v1/install/ur_client_library/include/ur_client_library/control/reverse_interface.h
[1.075s] -- Up-to-date: /home/ubuntu/workspace/robotics_v1/install/ur_client_library/include/ur_client_library/control/trajectory_point_interface.h
[1.076s] -- Up-to-date: /home/ubuntu/workspace/robotics_v1/install/ur_client_library/include/ur_client_library/types.h
[1.077s] -- Up-to-date: /home/ubuntu/workspace/robotics_v1/install/ur_client_library/include/ur_client_library/ur
[1.077s] -- Up-to-date: /home/ubuntu/workspace/robotics_v1/install/ur_client_library/include/ur_client_library/ur/dashboard_client.h
[1.077s] -- Up-to-date: /home/ubuntu/workspace/robotics_v1/install/ur_client_library/include/ur_client_library/ur/datatypes.h
[1.077s] -- Up-to-date: /home/ubuntu/workspace/robotics_v1/install/ur_client_library/include/ur_client_library/ur/version_information.h
[1.078s] -- Up-to-date: /home/ubuntu/workspace/robotics_v1/install/ur_client_library/include/ur_client_library/ur/ur_driver.h
[1.078s] -- Up-to-date: /home/ubuntu/workspace/robotics_v1/install/ur_client_library/include/ur_client_library/ur/tool_communication.h
[1.078s] -- Up-to-date: /home/ubuntu/workspace/robotics_v1/install/ur_client_library/include/ur_client_library/ur/calibration_checker.h
[1.078s] -- Up-to-date: /home/ubuntu/workspace/robotics_v1/install/ur_client_library/include/ur_client_library/log.h
[1.078s] -- Up-to-date: /home/ubuntu/workspace/robotics_v1/install/ur_client_library/include/ur_client_library/primary
[1.078s] -- Up-to-date: /home/ubuntu/workspace/robotics_v1/install/ur_client_library/include/ur_client_library/primary/package_header.h
[1.079s] -- Up-to-date: /home/ubuntu/workspace/robotics_v1/install/ur_client_library/include/ur_client_library/primary/primary_package.h
[1.082s] -- Up-to-date: /home/ubuntu/workspace/robotics_v1/install/ur_client_library/include/ur_client_library/primary/robot_message.h
[1.083s] -- Up-to-date: /home/ubuntu/workspace/robotics_v1/install/ur_client_library/include/ur_client_library/primary/primary_parser.h
[1.083s] -- Up-to-date: /home/ubuntu/workspace/robotics_v1/install/ur_client_library/include/ur_client_library/primary/robot_message
[1.083s] -- Up-to-date: /home/ubuntu/workspace/robotics_v1/install/ur_client_library/include/ur_client_library/primary/robot_message/version_message.h
[1.083s] -- Up-to-date: /home/ubuntu/workspace/robotics_v1/install/ur_client_library/include/ur_client_library/primary/abstract_primary_consumer.h
[1.084s] -- Up-to-date: /home/ubuntu/workspace/robotics_v1/install/ur_client_library/include/ur_client_library/primary/robot_state
[1.084s] -- Up-to-date: /home/ubuntu/workspace/robotics_v1/install/ur_client_library/include/ur_client_library/primary/robot_state/kinematics_info.h
[1.093s] -- Up-to-date: /home/ubuntu/workspace/robotics_v1/install/ur_client_library/include/ur_client_library/primary/robot_state.h
[1.093s] -- Up-to-date: /home/ubuntu/workspace/robotics_v1/install/ur_client_library/include/ur_client_library/default_log_handler.h
[1.095s] -- Up-to-date: /home/ubuntu/workspace/robotics_v1/install/ur_client_library/include/ur_client_library/comm
[1.096s] -- Up-to-date: /home/ubuntu/workspace/robotics_v1/install/ur_client_library/include/ur_client_library/comm/pipeline.h
[1.097s] -- Up-to-date: /home/ubuntu/workspace/robotics_v1/install/ur_client_library/include/ur_client_library/comm/control_mode.h
[1.097s] -- Up-to-date: /home/ubuntu/workspace/robotics_v1/install/ur_client_library/include/ur_client_library/comm/package_serializer.h
[1.097s] -- Up-to-date: /home/ubuntu/workspace/robotics_v1/install/ur_client_library/include/ur_client_library/comm/parser.h
[1.111s] -- Up-to-date: /home/ubuntu/workspace/robotics_v1/install/ur_client_library/include/ur_client_library/comm/shell_consumer.h
[1.112s] -- Up-to-date: /home/ubuntu/workspace/robotics_v1/install/ur_client_library/include/ur_client_library/comm/stream.h
[1.116s] -- Up-to-date: /home/ubuntu/workspace/robotics_v1/install/ur_client_library/include/ur_client_library/comm/bin_parser.h
[1.117s] -- Up-to-date: /home/ubuntu/workspace/robotics_v1/install/ur_client_library/include/ur_client_library/comm/tcp_socket.h
[1.117s] -- Up-to-date: /home/ubuntu/workspace/robotics_v1/install/ur_client_library/include/ur_client_library/comm/producer.h
[1.118s] -- Up-to-date: /home/ubuntu/workspace/robotics_v1/install/ur_client_library/include/ur_client_library/comm/tcp_server.h
[1.118s] -- Up-to-date: /home/ubuntu/workspace/robotics_v1/install/ur_client_library/include/ur_client_library/comm/package.h
[1.119s] -- Up-to-date: /home/ubuntu/workspace/robotics_v1/install/ur_client_library/include/ur_client_library/rtde
[1.119s] -- Up-to-date: /home/ubuntu/workspace/robotics_v1/install/ur_client_library/include/ur_client_library/rtde/package_header.h
[1.120s] -- Up-to-date: /home/ubuntu/workspace/robotics_v1/install/ur_client_library/include/ur_client_library/rtde/rtde_client.h
[1.120s] -- Up-to-date: /home/ubuntu/workspace/robotics_v1/install/ur_client_library/include/ur_client_library/rtde/text_message.h
[1.120s] -- Up-to-date: /home/ubuntu/workspace/robotics_v1/install/ur_client_library/include/ur_client_library/rtde/rtde_writer.h
[1.121s] -- Up-to-date: /home/ubuntu/workspace/robotics_v1/install/ur_client_library/include/ur_client_library/rtde/rtde_package.h
[1.121s] -- Up-to-date: /home/ubuntu/workspace/robotics_v1/install/ur_client_library/include/ur_client_library/rtde/rtde_parser.h
[1.122s] -- Up-to-date: /home/ubuntu/workspace/robotics_v1/install/ur_client_library/include/ur_client_library/rtde/control_package_start.h
[1.122s] -- Up-to-date: /home/ubuntu/workspace/robotics_v1/install/ur_client_library/include/ur_client_library/rtde/control_package_setup_outputs.h
[1.125s] -- Up-to-date: /home/ubuntu/workspace/robotics_v1/install/ur_client_library/include/ur_client_library/rtde/control_package_pause.h
[1.127s] -- Up-to-date: /home/ubuntu/workspace/robotics_v1/install/ur_client_library/include/ur_client_library/rtde/get_urcontrol_version.h
[1.128s] -- Up-to-date: /home/ubuntu/workspace/robotics_v1/install/ur_client_library/include/ur_client_library/rtde/control_package_setup_inputs.h
[1.129s] -- Up-to-date: /home/ubuntu/workspace/robotics_v1/install/ur_client_library/include/ur_client_library/rtde/data_package.h
[1.129s] -- Up-to-date: /home/ubuntu/workspace/robotics_v1/install/ur_client_library/include/ur_client_library/rtde/request_protocol_version.h
[1.130s] -- Up-to-date: /home/ubuntu/workspace/robotics_v1/install/ur_client_library/include/ur_client_library/queue
[1.132s] -- Up-to-date: /home/ubuntu/workspace/robotics_v1/install/ur_client_library/include/ur_client_library/queue/readerwriterqueue.h
[1.132s] -- Up-to-date: /home/ubuntu/workspace/robotics_v1/install/ur_client_library/include/ur_client_library/queue/LICENSE.md
[1.132s] -- Up-to-date: /home/ubuntu/workspace/robotics_v1/install/ur_client_library/include/ur_client_library/queue/atomicops.h
[1.133s] -- Up-to-date: /home/ubuntu/workspace/robotics_v1/install/ur_client_library/lib/cmake/ur_client_library/urclTargets.cmake
[1.133s] -- Up-to-date: /home/ubuntu/workspace/robotics_v1/install/ur_client_library/lib/cmake/ur_client_library/urclTargets-debug.cmake
[1.133s] -- Up-to-date: /home/ubuntu/workspace/robotics_v1/install/ur_client_library/lib/cmake/ur_client_library/ur_client_libraryConfig.cmake
[1.133s] -- Up-to-date: /home/ubuntu/workspace/robotics_v1/install/ur_client_library/share/ur_client_library/package.xml
[1.133s] -- Up-to-date: /home/ubuntu/workspace/robotics_v1/install/ur_client_library/share/ament_index/resource_index/packages/ur_client_library
[1.133s] -- Up-to-date: /home/ubuntu/workspace/robotics_v1/install/ur_client_library/share/ur_client_library/hook/ament_prefix_path.dsv
[1.134s] -- Up-to-date: /home/ubuntu/workspace/robotics_v1/install/ur_client_library/share/ur_client_library/hook/ros_package_path.dsv
[1.134s] -- Up-to-date: /home/ubuntu/workspace/robotics_v1/install/ur_client_library/share/ur_client_library/resources
[1.134s] -- Up-to-date: /home/ubuntu/workspace/robotics_v1/install/ur_client_library/share/ur_client_library/resources/external_control.urscript
[1.134s] Invoked command in '/home/ubuntu/workspace/robotics_v1/build/ur_client_library' returned '0': CMAKE_PREFIX_PATH=/opt/ros/foxy /usr/bin/cmake --install /home/ubuntu/workspace/robotics_v1/build/ur_client_library
