[0.074s] Invoking command in '/home/ubuntu/workspace/robotics_v1/build/ur_controllers': AMENT_PREFIX_PATH=/home/ubuntu/workspace/robotics_v1/install/ur_dashboard_msgs:${AMENT_PREFIX_PATH} CMAKE_PREFIX_PATH=/home/ubuntu/workspace/robotics_v1/install/ur_dashboard_msgs:/home/ubuntu/workspace/robotics_v1/install/ur_client_library:/opt/ros/foxy LD_LIBRARY_PATH=/home/ubuntu/workspace/robotics_v1/install/ur_dashboard_msgs/lib:/home/ubuntu/workspace/robotics_v1/install/ur_client_library/lib:${LD_LIBRARY_PATH} PKG_CONFIG_PATH=/home/ubuntu/workspace/robotics_v1/install/ur_client_library/lib/x86_64-linux-gnu/pkgconfig:/home/ubuntu/workspace/robotics_v1/install/ur_client_library/lib/pkgconfig PYTHONPATH=/home/ubuntu/workspace/robotics_v1/install/ur_dashboard_msgs/lib/python3.8/site-packages:${PYTHONPATH} /usr/bin/cmake --build /home/ubuntu/workspace/robotics_v1/build/ur_controllers -- -j4 -l4
[0.518s] [100%] Built target ur_controllers
[0.607s] Invoked command in '/home/ubuntu/workspace/robotics_v1/build/ur_controllers' returned '0': AMENT_PREFIX_PATH=/home/ubuntu/workspace/robotics_v1/install/ur_dashboard_msgs:${AMENT_PREFIX_PATH} CMAKE_PREFIX_PATH=/home/ubuntu/workspace/robotics_v1/install/ur_dashboard_msgs:/home/ubuntu/workspace/robotics_v1/install/ur_client_library:/opt/ros/foxy LD_LIBRARY_PATH=/home/ubuntu/workspace/robotics_v1/install/ur_dashboard_msgs/lib:/home/ubuntu/workspace/robotics_v1/install/ur_client_library/lib:${LD_LIBRARY_PATH} PKG_CONFIG_PATH=/home/ubuntu/workspace/robotics_v1/install/ur_client_library/lib/x86_64-linux-gnu/pkgconfig:/home/ubuntu/workspace/robotics_v1/install/ur_client_library/lib/pkgconfig PYTHONPATH=/home/ubuntu/workspace/robotics_v1/install/ur_dashboard_msgs/lib/python3.8/site-packages:${PYTHONPATH} /usr/bin/cmake --build /home/ubuntu/workspace/robotics_v1/build/ur_controllers -- -j4 -l4
[0.922s] Invoking command in '/home/ubuntu/workspace/robotics_v1/build/ur_controllers': AMENT_PREFIX_PATH=/home/ubuntu/workspace/robotics_v1/install/ur_dashboard_msgs:${AMENT_PREFIX_PATH} CMAKE_PREFIX_PATH=/home/ubuntu/workspace/robotics_v1/install/ur_dashboard_msgs:/home/ubuntu/workspace/robotics_v1/install/ur_client_library:/opt/ros/foxy LD_LIBRARY_PATH=/home/ubuntu/workspace/robotics_v1/install/ur_dashboard_msgs/lib:/home/ubuntu/workspace/robotics_v1/install/ur_client_library/lib:${LD_LIBRARY_PATH} PKG_CONFIG_PATH=/home/ubuntu/workspace/robotics_v1/install/ur_client_library/lib/x86_64-linux-gnu/pkgconfig:/home/ubuntu/workspace/robotics_v1/install/ur_client_library/lib/pkgconfig PYTHONPATH=/home/ubuntu/workspace/robotics_v1/install/ur_dashboard_msgs/lib/python3.8/site-packages:${PYTHONPATH} /usr/bin/cmake --install /home/ubuntu/workspace/robotics_v1/build/ur_controllers
[1.013s] -- Install configuration: "Debug"
[1.013s] -- Execute custom install script
[1.013s] -- Up-to-date symlink: /home/ubuntu/workspace/robotics_v1/install/ur_controllers/share/ur_controllers//controller_plugins.xml
[1.017s] -- Up-to-date symlink: /home/ubuntu/workspace/robotics_v1/install/ur_controllers/lib/libur_controllers.so
[1.018s] -- Up-to-date symlink: /home/ubuntu/workspace/robotics_v1/install/ur_controllers/include/ur_controllers/force_torque_sensor_broadcaster.hpp
[1.023s] -- Up-to-date symlink: /home/ubuntu/workspace/robotics_v1/install/ur_controllers/include/ur_controllers/gpio_controller.hpp
[1.024s] -- Up-to-date symlink: /home/ubuntu/workspace/robotics_v1/install/ur_controllers/include/ur_controllers/scaled_joint_trajectory_controller.hpp
[1.025s] -- Up-to-date symlink: /home/ubuntu/workspace/robotics_v1/install/ur_controllers/include/ur_controllers/speed_scaling_state_broadcaster.hpp
[1.026s] -- Up-to-date symlink: /home/ubuntu/workspace/robotics_v1/install/ur_controllers/share/ur_controllers/controller_plugins.xml
[1.027s] -- Up-to-date symlink: /home/ubuntu/workspace/robotics_v1/install/ur_controllers/share/ur_controllers/environment/library_path.sh
[1.031s] -- Up-to-date symlink: /home/ubuntu/workspace/robotics_v1/install/ur_controllers/share/ur_controllers/environment/library_path.dsv
[1.032s] -- Up-to-date symlink: /home/ubuntu/workspace/robotics_v1/install/ur_controllers/share/ament_index/resource_index/package_run_dependencies/ur_controllers
[1.033s] -- Up-to-date symlink: /home/ubuntu/workspace/robotics_v1/install/ur_controllers/share/ament_index/resource_index/parent_prefix_path/ur_controllers
[1.034s] -- Up-to-date symlink: /home/ubuntu/workspace/robotics_v1/install/ur_controllers/share/ur_controllers/environment/ament_prefix_path.sh
[1.035s] -- Up-to-date symlink: /home/ubuntu/workspace/robotics_v1/install/ur_controllers/share/ur_controllers/environment/ament_prefix_path.dsv
[1.037s] -- Up-to-date symlink: /home/ubuntu/workspace/robotics_v1/install/ur_controllers/share/ur_controllers/environment/path.sh
[1.039s] -- Up-to-date symlink: /home/ubuntu/workspace/robotics_v1/install/ur_controllers/share/ur_controllers/environment/path.dsv
[1.040s] -- Up-to-date symlink: /home/ubuntu/workspace/robotics_v1/install/ur_controllers/share/ur_controllers/local_setup.bash
[1.047s] -- Up-to-date symlink: /home/ubuntu/workspace/robotics_v1/install/ur_controllers/share/ur_controllers/local_setup.sh
[1.054s] -- Up-to-date symlink: /home/ubuntu/workspace/robotics_v1/install/ur_controllers/share/ur_controllers/local_setup.zsh
[1.054s] -- Up-to-date symlink: /home/ubuntu/workspace/robotics_v1/install/ur_controllers/share/ur_controllers/local_setup.dsv
[1.055s] -- Symlinking: /home/ubuntu/workspace/robotics_v1/install/ur_controllers/share/ur_controllers/package.dsv
[1.105s] -- Up-to-date symlink: /home/ubuntu/workspace/robotics_v1/install/ur_controllers/share/ament_index/resource_index/packages/ur_controllers
[1.107s] -- Up-to-date symlink: /home/ubuntu/workspace/robotics_v1/install/ur_controllers/share/ament_index/resource_index/controller_interface__pluginlib__plugin/ur_controllers
[1.107s] -- Up-to-date symlink: /home/ubuntu/workspace/robotics_v1/install/ur_controllers/share/ur_controllers/cmake/ament_cmake_export_dependencies-extras.cmake
[1.108s] -- Up-to-date symlink: /home/ubuntu/workspace/robotics_v1/install/ur_controllers/share/ur_controllers/cmake/ament_cmake_export_include_directories-extras.cmake
[1.109s] -- Up-to-date symlink: /home/ubuntu/workspace/robotics_v1/install/ur_controllers/share/ur_controllers/cmake/ament_cmake_export_libraries-extras.cmake
[1.109s] -- Up-to-date symlink: /home/ubuntu/workspace/robotics_v1/install/ur_controllers/share/ur_controllers/cmake/ur_controllersConfig.cmake
[1.109s] -- Up-to-date symlink: /home/ubuntu/workspace/robotics_v1/install/ur_controllers/share/ur_controllers/cmake/ur_controllersConfig-version.cmake
[1.110s] -- Up-to-date symlink: /home/ubuntu/workspace/robotics_v1/install/ur_controllers/share/ur_controllers/package.xml
[1.126s] Invoked command in '/home/ubuntu/workspace/robotics_v1/build/ur_controllers' returned '0': AMENT_PREFIX_PATH=/home/ubuntu/workspace/robotics_v1/install/ur_dashboard_msgs:${AMENT_PREFIX_PATH} CMAKE_PREFIX_PATH=/home/ubuntu/workspace/robotics_v1/install/ur_dashboard_msgs:/home/ubuntu/workspace/robotics_v1/install/ur_client_library:/opt/ros/foxy LD_LIBRARY_PATH=/home/ubuntu/workspace/robotics_v1/install/ur_dashboard_msgs/lib:/home/ubuntu/workspace/robotics_v1/install/ur_client_library/lib:${LD_LIBRARY_PATH} PKG_CONFIG_PATH=/home/ubuntu/workspace/robotics_v1/install/ur_client_library/lib/x86_64-linux-gnu/pkgconfig:/home/ubuntu/workspace/robotics_v1/install/ur_client_library/lib/pkgconfig PYTHONPATH=/home/ubuntu/workspace/robotics_v1/install/ur_dashboard_msgs/lib/python3.8/site-packages:${PYTHONPATH} /usr/bin/cmake --install /home/ubuntu/workspace/robotics_v1/build/ur_controllers
