[0.050s] Invoking command in '/home/ubuntu/workspace/robotics_v1/build/robo_miner_controller': AMENT_PREFIX_PATH=/home/ubuntu/workspace/robotics_v1/install/robo_miner_interfaces:${AMENT_PREFIX_PATH} CMAKE_PREFIX_PATH=/home/ubuntu/workspace/robotics_v1/install/robo_miner_interfaces:/opt/ros/foxy LD_LIBRARY_PATH=/home/ubuntu/workspace/robotics_v1/install/robo_miner_interfaces/lib:${LD_LIBRARY_PATH} PYTHONPATH=/home/ubuntu/workspace/robotics_v1/install/robo_miner_interfaces/lib/python3.8/site-packages:${PYTHONPATH} /usr/bin/cmake --build /home/ubuntu/workspace/robotics_v1/build/robo_miner_controller -- -j4 -l4
[0.149s] [35m[1mScanning dependencies of target robo_miner_controller[0m
[0.223s] [ 50%] [32mBuilding CXX object CMakeFiles/robo_miner_controller.dir/src/robo_miner_controller.cpp.o[0m
[2.958s] In file included from [01m[K/home/ubuntu/workspace/robotics_v1/src/robo_miner/robo_miner_controller/include/robo_miner_controller/RobotMoveLogistics/RobotMoveLogistics.hpp:5[m[K,
[2.959s]                  from [01m[K/home/ubuntu/workspace/robotics_v1/src/robo_miner/robo_miner_controller/src/robo_miner_controller.cpp:19[m[K:
[2.959s] [01m[K/home/ubuntu/workspace/robotics_v1/src/robo_miner/robo_miner_controller/include/robo_miner_controller/MapNode/MapNode.hpp:[m[K In constructor ‘[01m[KMapNode::MapNode(int, int, char, bool)[m[K’:
[2.959s] [01m[K/home/ubuntu/workspace/robotics_v1/src/robo_miner/robo_miner_controller/include/robo_miner_controller/MapNode/MapNode.hpp:12:11:[m[K [01;35m[Kwarning: [m[K‘[01m[KMapNode::fieldtype[m[K’ will be initialized after [[01;35m[K-Wreorder[m[K]
[2.959s]    12 | FieldType [01;35m[Kfieldtype[m[K;
[2.959s]       |           [01;35m[K^~~~~~~~~[m[K
[2.960s] [01m[K/home/ubuntu/workspace/robotics_v1/src/robo_miner/robo_miner_controller/include/robo_miner_controller/MapNode/MapNode.hpp:11:6:[m[K [01;35m[Kwarning: [m[K  ‘[01m[Kbool MapNode::locked[m[K’ [[01;35m[K-Wreorder[m[K]
[2.960s]    11 | bool [01;35m[Klocked[m[K = false;
[2.960s]       |      [01;35m[K^~~~~~[m[K
[2.960s] [01m[K/home/ubuntu/workspace/robotics_v1/src/robo_miner/robo_miner_controller/include/robo_miner_controller/MapNode/MapNode.hpp:17:2:[m[K [01;35m[Kwarning: [m[K  when initialized here [[01;35m[K-Wreorder[m[K]
[2.960s]    17 |  [01;35m[KMapNode[m[K(int x,int y,char fieldtype,bool locked = false):fieldtype(getCrystalType(fieldtype)),locked(locked),send_location({x,y}){
[2.960s]       |  [01;35m[K^~~~~~~[m[K
[2.961s] [01m[K/home/ubuntu/workspace/robotics_v1/src/robo_miner/robo_miner_controller/include/robo_miner_controller/MapNode/MapNode.hpp:[m[K In constructor ‘[01m[KMapNode::MapNode(char, bool)[m[K’:
[2.962s] [01m[K/home/ubuntu/workspace/robotics_v1/src/robo_miner/robo_miner_controller/include/robo_miner_controller/MapNode/MapNode.hpp:12:11:[m[K [01;35m[Kwarning: [m[K‘[01m[KMapNode::fieldtype[m[K’ will be initialized after [[01;35m[K-Wreorder[m[K]
[2.962s]    12 | FieldType [01;35m[Kfieldtype[m[K;
[2.962s]       |           [01;35m[K^~~~~~~~~[m[K
[2.962s] [01m[K/home/ubuntu/workspace/robotics_v1/src/robo_miner/robo_miner_controller/include/robo_miner_controller/MapNode/MapNode.hpp:11:6:[m[K [01;35m[Kwarning: [m[K  ‘[01m[Kbool MapNode::locked[m[K’ [[01;35m[K-Wreorder[m[K]
[2.962s]    11 | bool [01;35m[Klocked[m[K = false;
[2.962s]       |      [01;35m[K^~~~~~[m[K
[2.963s] In file included from [01m[K/home/ubuntu/workspace/robotics_v1/src/robo_miner/robo_miner_controller/include/robo_miner_controller/RobotMoveLogistics/RobotMoveLogistics.hpp:5[m[K,
[2.963s]                  from [01m[K/home/ubuntu/workspace/robotics_v1/src/robo_miner/robo_miner_controller/src/robo_miner_controller.cpp:19[m[K:
[2.963s] [01m[K/home/ubuntu/workspace/robotics_v1/src/robo_miner/robo_miner_controller/include/robo_miner_controller/MapNode/MapNode.hpp:20:2:[m[K [01;35m[Kwarning: [m[K  when initialized here [[01;35m[K-Wreorder[m[K]
[2.964s]    20 |  [01;35m[KMapNode[m[K(char fieldtype,bool locked = false):fieldtype(getCrystalType(fieldtype)),locked(locked){
[2.964s]       |  [01;35m[K^~~~~~~[m[K
[3.023s] In file included from [01m[K/home/ubuntu/workspace/robotics_v1/src/robo_miner/robo_miner_controller/src/robo_miner_controller.cpp:19[m[K:
[3.023s] [01m[K/home/ubuntu/workspace/robotics_v1/src/robo_miner/robo_miner_controller/include/robo_miner_controller/RobotMoveLogistics/RobotMoveLogistics.hpp:[m[K In member function ‘[01m[Kstd::pair<long unsigned int, long unsigned int> RobotMoverLogistics::getSizes()[m[K’:
[3.024s] [01m[K/home/ubuntu/workspace/robotics_v1/src/robo_miner/robo_miner_controller/include/robo_miner_controller/RobotMoveLogistics/RobotMoveLogistics.hpp:249:8:[m[K [01;35m[Kwarning: [m[Kunused variable ‘[01m[KXsize[m[K’ [[01;35m[K-Wunused-variable[m[K]
[3.024s]   249 |    int [01;35m[KXsize[m[K = maxMapX -  minMapX;
[3.024s]       |        [01;35m[K^~~~~[m[K
[3.024s] [01m[K/home/ubuntu/workspace/robotics_v1/src/robo_miner/robo_miner_controller/include/robo_miner_controller/RobotMoveLogistics/RobotMoveLogistics.hpp:250:8:[m[K [01;35m[Kwarning: [m[Kunused variable ‘[01m[KYsize[m[K’ [[01;35m[K-Wunused-variable[m[K]
[3.026s]   250 |    int [01;35m[KYsize[m[K = maxMapY - minMapY;
[3.026s]       |        [01;35m[K^~~~~[m[K
[3.028s] [01m[K/home/ubuntu/workspace/robotics_v1/src/robo_miner/robo_miner_controller/include/robo_miner_controller/RobotMoveLogistics/RobotMoveLogistics.hpp:[m[K In member function ‘[01m[Kauto RobotMoverLogistics::fillList()[m[K’:
[3.028s] [01m[K/home/ubuntu/workspace/robotics_v1/src/robo_miner/robo_miner_controller/include/robo_miner_controller/RobotMoveLogistics/RobotMoveLogistics.hpp:290:19:[m[K [01;35m[Kwarning: [m[Kcomparison of integer expressions of different signedness: ‘[01m[Kint[m[K’ and ‘[01m[Kstd::vector<std::vector<std::shared_ptr<MapNode> > >::size_type[m[K’ {aka ‘[01m[Klong unsigned int[m[K’} [[01;35m[K-Wsign-compare[m[K]
[3.029s]   290 |    for(int i = 0;[01;35m[Ki<this->num.size()[m[K;i++){
[3.029s]       |                  [01;35m[K~^~~~~~~~~~~~~~~~~[m[K
[3.029s] [01m[K/home/ubuntu/workspace/robotics_v1/src/robo_miner/robo_miner_controller/include/robo_miner_controller/RobotMoveLogistics/RobotMoveLogistics.hpp:291:20:[m[K [01;35m[Kwarning: [m[Kcomparison of integer expressions of different signedness: ‘[01m[Kint[m[K’ and ‘[01m[Kstd::vector<std::shared_ptr<MapNode> >::size_type[m[K’ {aka ‘[01m[Klong unsigned int[m[K’} [[01;35m[K-Wsign-compare[m[K]
[3.029s]   291 |     for(int j = 0;[01;35m[Kj<this->num[0].size()[m[K;j++){
[3.030s]       |                   [01;35m[K~^~~~~~~~~~~~~~~~~~~~[m[K
[3.032s] [01m[K/home/ubuntu/workspace/robotics_v1/src/robo_miner/robo_miner_controller/include/robo_miner_controller/RobotMoveLogistics/RobotMoveLogistics.hpp:[m[K In member function ‘[01m[Kvoid RobotMoverLogistics::DFSFindLonggestGemRec(int, int, int)[m[K’:
[3.032s] [01m[K/home/ubuntu/workspace/robotics_v1/src/robo_miner/robo_miner_controller/include/robo_miner_controller/RobotMoveLogistics/RobotMoveLogistics.hpp:312:16:[m[K [01;35m[Kwarning: [m[Kformat ‘[01m[K%d[m[K’ expects a matching ‘[01m[Kint[m[K’ argument [[01;35m[K-Wformat=[m[K]
[3.032s]   312 |    printf("X: [01;35m[K%d[m[K, Y: %d, id: %d\n");
[3.032s]       |               [01;35m[K~^[m[K
[3.033s]       |                [01;35m[K|[m[K
[3.033s]       |                [01;35m[Kint[m[K
[3.033s] [01m[K/home/ubuntu/workspace/robotics_v1/src/robo_miner/robo_miner_controller/include/robo_miner_controller/RobotMoveLogistics/RobotMoveLogistics.hpp:312:23:[m[K [01;35m[Kwarning: [m[Kformat ‘[01m[K%d[m[K’ expects a matching ‘[01m[Kint[m[K’ argument [[01;35m[K-Wformat=[m[K]
[3.033s]   312 |    printf("X: %d, Y: [01;35m[K%d[m[K, id: %d\n");
[3.034s]       |                      [01;35m[K~^[m[K
[3.034s]       |                       [01;35m[K|[m[K
[3.034s]       |                       [01;35m[Kint[m[K
[3.034s] [01m[K/home/ubuntu/workspace/robotics_v1/src/robo_miner/robo_miner_controller/include/robo_miner_controller/RobotMoveLogistics/RobotMoveLogistics.hpp:312:31:[m[K [01;35m[Kwarning: [m[Kformat ‘[01m[K%d[m[K’ expects a matching ‘[01m[Kint[m[K’ argument [[01;35m[K-Wformat=[m[K]
[3.035s]   312 |    printf("X: %d, Y: %d, id: [01;35m[K%d[m[K\n");
[3.035s]       |                              [01;35m[K~^[m[K
[3.035s]       |                               [01;35m[K|[m[K
[3.035s]       |                               [01;35m[Kint[m[K
[3.036s] [01m[K/home/ubuntu/workspace/robotics_v1/src/robo_miner/robo_miner_controller/include/robo_miner_controller/RobotMoveLogistics/RobotMoveLogistics.hpp:314:8:[m[K [01;35m[Kwarning: [m[Kcomparison of integer expressions of different signedness: ‘[01m[Kint[m[K’ and ‘[01m[Kstd::vector<std::shared_ptr<MapNode> >::size_type[m[K’ {aka ‘[01m[Klong unsigned int[m[K’} [[01;35m[K-Wsign-compare[m[K]
[3.036s]   314 |    if([01;35m[Kx>=this->num[0].size()[m[K || x<0 || y<0 || y>=this->num.size() ){
[3.037s]       |       [01;35m[K~^~~~~~~~~~~~~~~~~~~~~[m[K
[3.037s] [01m[K/home/ubuntu/workspace/robotics_v1/src/robo_miner/robo_miner_controller/include/robo_miner_controller/RobotMoveLogistics/RobotMoveLogistics.hpp:314:48:[m[K [01;35m[Kwarning: [m[Kcomparison of integer expressions of different signedness: ‘[01m[Kint[m[K’ and ‘[01m[Kstd::vector<std::vector<std::shared_ptr<MapNode> > >::size_type[m[K’ {aka ‘[01m[Klong unsigned int[m[K’} [[01;35m[K-Wsign-compare[m[K]
[3.037s]   314 |    if(x>=this->num[0].size() || x<0 || y<0 || [01;35m[Ky>=this->num.size()[m[K ){
[3.038s]       |                                               [01;35m[K~^~~~~~~~~~~~~~~~~~[m[K
[3.038s] [01m[K/home/ubuntu/workspace/robotics_v1/src/robo_miner/robo_miner_controller/include/robo_miner_controller/RobotMoveLogistics/RobotMoveLogistics.hpp:[m[K In member function ‘[01m[Kstd::shared_ptr<robo_miner_interfaces::srv::LongestSequenceValidate_Request_<std::allocator<void> > > RobotMoverLogistics::longest_gem()[m[K’:
[3.038s] [01m[K/home/ubuntu/workspace/robotics_v1/src/robo_miner/robo_miner_controller/include/robo_miner_controller/RobotMoveLogistics/RobotMoveLogistics.hpp:369:11:[m[K [01;35m[Kwarning: [m[Kcomparison of integer expressions of different signedness: ‘[01m[Kint[m[K’ and ‘[01m[Kstd::vector<std::shared_ptr<MapNode> >::size_type[m[K’ {aka ‘[01m[Klong unsigned int[m[K’} [[01;35m[K-Wsign-compare[m[K]
[3.039s]   369 |     if([01;35m[Kmax<gems[i].size()[m[K){
[3.039s]       |        [01;35m[K~~~^~~~~~~~~~~~~~~[m[K
[5.185s] In file included from [01m[K/home/ubuntu/workspace/robotics_v1/src/robo_miner/robo_miner_controller/src/robo_miner_controller.cpp:19[m[K:
[5.186s] [01m[K/home/ubuntu/workspace/robotics_v1/src/robo_miner/robo_miner_controller/include/robo_miner_controller/RobotMoveLogistics/RobotMoveLogistics.hpp:[m[K In member function ‘[01m[Kstd::shared_ptr<MapNode> RobotMoverLogistics::get(int, int)[m[K’:
[5.186s] [01m[K/home/ubuntu/workspace/robotics_v1/src/robo_miner/robo_miner_controller/include/robo_miner_controller/RobotMoveLogistics/RobotMoveLogistics.hpp:69:3:[m[K [01;35m[Kwarning: [m[Kcontrol reaches end of non-void function [[01;35m[K-Wreturn-type[m[K]
[5.186s]    69 |   [01;35m[K}[m[K
[5.186s]       |   [01;35m[K^[m[K
[8.140s] [100%] [32m[1mLinking CXX executable robo_miner_controller[0m
[8.629s] [100%] Built target robo_miner_controller
[8.652s] Invoked command in '/home/ubuntu/workspace/robotics_v1/build/robo_miner_controller' returned '0': AMENT_PREFIX_PATH=/home/ubuntu/workspace/robotics_v1/install/robo_miner_interfaces:${AMENT_PREFIX_PATH} CMAKE_PREFIX_PATH=/home/ubuntu/workspace/robotics_v1/install/robo_miner_interfaces:/opt/ros/foxy LD_LIBRARY_PATH=/home/ubuntu/workspace/robotics_v1/install/robo_miner_interfaces/lib:${LD_LIBRARY_PATH} PYTHONPATH=/home/ubuntu/workspace/robotics_v1/install/robo_miner_interfaces/lib/python3.8/site-packages:${PYTHONPATH} /usr/bin/cmake --build /home/ubuntu/workspace/robotics_v1/build/robo_miner_controller -- -j4 -l4
[8.726s] Invoking command in '/home/ubuntu/workspace/robotics_v1/build/robo_miner_controller': AMENT_PREFIX_PATH=/home/ubuntu/workspace/robotics_v1/install/robo_miner_interfaces:${AMENT_PREFIX_PATH} CMAKE_PREFIX_PATH=/home/ubuntu/workspace/robotics_v1/install/robo_miner_interfaces:/opt/ros/foxy LD_LIBRARY_PATH=/home/ubuntu/workspace/robotics_v1/install/robo_miner_interfaces/lib:${LD_LIBRARY_PATH} PYTHONPATH=/home/ubuntu/workspace/robotics_v1/install/robo_miner_interfaces/lib/python3.8/site-packages:${PYTHONPATH} /usr/bin/cmake --install /home/ubuntu/workspace/robotics_v1/build/robo_miner_controller
[8.741s] -- Install configuration: ""
[8.742s] -- Installing: /home/ubuntu/workspace/robotics_v1/install/robo_miner_controller/lib/robo_miner_controller/robo_miner_controller
[8.745s] -- Set runtime path of "/home/ubuntu/workspace/robotics_v1/install/robo_miner_controller/lib/robo_miner_controller/robo_miner_controller" to ""
[8.746s] -- Up-to-date: /home/ubuntu/workspace/robotics_v1/install/robo_miner_controller/share/ament_index/resource_index/package_run_dependencies/robo_miner_controller
[8.746s] -- Up-to-date: /home/ubuntu/workspace/robotics_v1/install/robo_miner_controller/share/ament_index/resource_index/parent_prefix_path/robo_miner_controller
[8.747s] -- Up-to-date: /home/ubuntu/workspace/robotics_v1/install/robo_miner_controller/share/robo_miner_controller/environment/ament_prefix_path.sh
[8.747s] -- Up-to-date: /home/ubuntu/workspace/robotics_v1/install/robo_miner_controller/share/robo_miner_controller/environment/ament_prefix_path.dsv
[8.747s] -- Up-to-date: /home/ubuntu/workspace/robotics_v1/install/robo_miner_controller/share/robo_miner_controller/environment/path.sh
[8.748s] -- Up-to-date: /home/ubuntu/workspace/robotics_v1/install/robo_miner_controller/share/robo_miner_controller/environment/path.dsv
[8.748s] -- Up-to-date: /home/ubuntu/workspace/robotics_v1/install/robo_miner_controller/share/robo_miner_controller/local_setup.bash
[8.748s] -- Up-to-date: /home/ubuntu/workspace/robotics_v1/install/robo_miner_controller/share/robo_miner_controller/local_setup.sh
[8.748s] -- Up-to-date: /home/ubuntu/workspace/robotics_v1/install/robo_miner_controller/share/robo_miner_controller/local_setup.zsh
[8.748s] -- Up-to-date: /home/ubuntu/workspace/robotics_v1/install/robo_miner_controller/share/robo_miner_controller/local_setup.dsv
[8.748s] -- Installing: /home/ubuntu/workspace/robotics_v1/install/robo_miner_controller/share/robo_miner_controller/package.dsv
[8.749s] -- Up-to-date: /home/ubuntu/workspace/robotics_v1/install/robo_miner_controller/share/ament_index/resource_index/packages/robo_miner_controller
[8.749s] -- Up-to-date: /home/ubuntu/workspace/robotics_v1/install/robo_miner_controller/share/robo_miner_controller/cmake/robo_miner_controllerConfig.cmake
[8.749s] -- Up-to-date: /home/ubuntu/workspace/robotics_v1/install/robo_miner_controller/share/robo_miner_controller/cmake/robo_miner_controllerConfig-version.cmake
[8.749s] -- Up-to-date: /home/ubuntu/workspace/robotics_v1/install/robo_miner_controller/share/robo_miner_controller/package.xml
[8.752s] Invoked command in '/home/ubuntu/workspace/robotics_v1/build/robo_miner_controller' returned '0': AMENT_PREFIX_PATH=/home/ubuntu/workspace/robotics_v1/install/robo_miner_interfaces:${AMENT_PREFIX_PATH} CMAKE_PREFIX_PATH=/home/ubuntu/workspace/robotics_v1/install/robo_miner_interfaces:/opt/ros/foxy LD_LIBRARY_PATH=/home/ubuntu/workspace/robotics_v1/install/robo_miner_interfaces/lib:${LD_LIBRARY_PATH} PYTHONPATH=/home/ubuntu/workspace/robotics_v1/install/robo_miner_interfaces/lib/python3.8/site-packages:${PYTHONPATH} /usr/bin/cmake --install /home/ubuntu/workspace/robotics_v1/build/robo_miner_controller
