[0.169s] Invoking command in '/home/ubuntu/workspace/robotics_v1/build/ros2_game_engine': CMAKE_PREFIX_PATH=/home/ubuntu/workspace/robotics_v1/install/game_engine:/home/ubuntu/workspace/robotics_v1/install/manager_utils:/home/ubuntu/workspace/robotics_v1/install/sdl_utils:/home/ubuntu/workspace/robotics_v1/install/resource_utils:/home/ubuntu/workspace/robotics_v1/install/utils:/home/ubuntu/workspace/robotics_v1/install/cmake_helpers:/opt/ros/foxy PKG_CONFIG_PATH=/home/ubuntu/workspace/robotics_v1/install/game_engine/lib/x86_64-linux-gnu/pkgconfig:/home/ubuntu/workspace/robotics_v1/install/game_engine/lib/pkgconfig:/home/ubuntu/workspace/robotics_v1/install/manager_utils/lib/x86_64-linux-gnu/pkgconfig:/home/ubuntu/workspace/robotics_v1/install/manager_utils/lib/pkgconfig:/home/ubuntu/workspace/robotics_v1/install/sdl_utils/lib/x86_64-linux-gnu/pkgconfig:/home/ubuntu/workspace/robotics_v1/install/sdl_utils/lib/pkgconfig:/home/ubuntu/workspace/robotics_v1/install/resource_utils/lib/x86_64-linux-gnu/pkgconfig:/home/ubuntu/workspace/robotics_v1/install/resource_utils/lib/pkgconfig:/home/ubuntu/workspace/robotics_v1/install/utils/lib/x86_64-linux-gnu/pkgconfig:/home/ubuntu/workspace/robotics_v1/install/utils/lib/pkgconfig:/home/ubuntu/workspace/robotics_v1/install/cmake_helpers/lib/x86_64-linux-gnu/pkgconfig:/home/ubuntu/workspace/robotics_v1/install/cmake_helpers/lib/pkgconfig /usr/bin/cmake --build /home/ubuntu/workspace/robotics_v1/build/ros2_game_engine -- -j4 -l4
[0.498s] [100%] Built target ros2_game_engine
[0.560s] Invoked command in '/home/ubuntu/workspace/robotics_v1/build/ros2_game_engine' returned '0': CMAKE_PREFIX_PATH=/home/ubuntu/workspace/robotics_v1/install/game_engine:/home/ubuntu/workspace/robotics_v1/install/manager_utils:/home/ubuntu/workspace/robotics_v1/install/sdl_utils:/home/ubuntu/workspace/robotics_v1/install/resource_utils:/home/ubuntu/workspace/robotics_v1/install/utils:/home/ubuntu/workspace/robotics_v1/install/cmake_helpers:/opt/ros/foxy PKG_CONFIG_PATH=/home/ubuntu/workspace/robotics_v1/install/game_engine/lib/x86_64-linux-gnu/pkgconfig:/home/ubuntu/workspace/robotics_v1/install/game_engine/lib/pkgconfig:/home/ubuntu/workspace/robotics_v1/install/manager_utils/lib/x86_64-linux-gnu/pkgconfig:/home/ubuntu/workspace/robotics_v1/install/manager_utils/lib/pkgconfig:/home/ubuntu/workspace/robotics_v1/install/sdl_utils/lib/x86_64-linux-gnu/pkgconfig:/home/ubuntu/workspace/robotics_v1/install/sdl_utils/lib/pkgconfig:/home/ubuntu/workspace/robotics_v1/install/resource_utils/lib/x86_64-linux-gnu/pkgconfig:/home/ubuntu/workspace/robotics_v1/install/resource_utils/lib/pkgconfig:/home/ubuntu/workspace/robotics_v1/install/utils/lib/x86_64-linux-gnu/pkgconfig:/home/ubuntu/workspace/robotics_v1/install/utils/lib/pkgconfig:/home/ubuntu/workspace/robotics_v1/install/cmake_helpers/lib/x86_64-linux-gnu/pkgconfig:/home/ubuntu/workspace/robotics_v1/install/cmake_helpers/lib/pkgconfig /usr/bin/cmake --build /home/ubuntu/workspace/robotics_v1/build/ros2_game_engine -- -j4 -l4
[0.697s] Invoking command in '/home/ubuntu/workspace/robotics_v1/build/ros2_game_engine': CMAKE_PREFIX_PATH=/home/ubuntu/workspace/robotics_v1/install/game_engine:/home/ubuntu/workspace/robotics_v1/install/manager_utils:/home/ubuntu/workspace/robotics_v1/install/sdl_utils:/home/ubuntu/workspace/robotics_v1/install/resource_utils:/home/ubuntu/workspace/robotics_v1/install/utils:/home/ubuntu/workspace/robotics_v1/install/cmake_helpers:/opt/ros/foxy PKG_CONFIG_PATH=/home/ubuntu/workspace/robotics_v1/install/game_engine/lib/x86_64-linux-gnu/pkgconfig:/home/ubuntu/workspace/robotics_v1/install/game_engine/lib/pkgconfig:/home/ubuntu/workspace/robotics_v1/install/manager_utils/lib/x86_64-linux-gnu/pkgconfig:/home/ubuntu/workspace/robotics_v1/install/manager_utils/lib/pkgconfig:/home/ubuntu/workspace/robotics_v1/install/sdl_utils/lib/x86_64-linux-gnu/pkgconfig:/home/ubuntu/workspace/robotics_v1/install/sdl_utils/lib/pkgconfig:/home/ubuntu/workspace/robotics_v1/install/resource_utils/lib/x86_64-linux-gnu/pkgconfig:/home/ubuntu/workspace/robotics_v1/install/resource_utils/lib/pkgconfig:/home/ubuntu/workspace/robotics_v1/install/utils/lib/x86_64-linux-gnu/pkgconfig:/home/ubuntu/workspace/robotics_v1/install/utils/lib/pkgconfig:/home/ubuntu/workspace/robotics_v1/install/cmake_helpers/lib/x86_64-linux-gnu/pkgconfig:/home/ubuntu/workspace/robotics_v1/install/cmake_helpers/lib/pkgconfig /usr/bin/cmake --install /home/ubuntu/workspace/robotics_v1/build/ros2_game_engine
[0.813s] -- Install configuration: "Debug"
[0.814s] -- Up-to-date: /home/ubuntu/workspace/robotics_v1/install/ros2_game_engine/share/ros2_game_engine/package.xml
[0.815s] -- Up-to-date: /home/ubuntu/workspace/robotics_v1/install/ros2_game_engine/lib/ros2_game_engine/libros2_game_engine.a
[0.815s] -- Installing: /home/ubuntu/workspace/robotics_v1/install/ros2_game_engine/share/ament_index/resource_index/packages/ros2_game_engine
[0.820s] -- Up-to-date: /home/ubuntu/workspace/robotics_v1/install/ros2_game_engine/share/ros2_game_engine/hook/ament_prefix_path.dsv
[0.821s] -- Up-to-date: /home/ubuntu/workspace/robotics_v1/install/ros2_game_engine/share/ros2_game_engine/hook/ros_package_path.dsv
[0.822s] -- Up-to-date: /home/ubuntu/workspace/robotics_v1/install/ros2_game_engine/share/ament_index/resource_index/package_run_dependencies/ros2_game_engine
[0.823s] -- Up-to-date: /home/ubuntu/workspace/robotics_v1/install/ros2_game_engine/share/ament_index/resource_index/parent_prefix_path/ros2_game_engine
[0.824s] -- Up-to-date: /home/ubuntu/workspace/robotics_v1/install/ros2_game_engine/share/ros2_game_engine/environment/ament_prefix_path.sh
[0.829s] -- Up-to-date: /home/ubuntu/workspace/robotics_v1/install/ros2_game_engine/share/ros2_game_engine/environment/ament_prefix_path.dsv
[0.829s] -- Up-to-date: /home/ubuntu/workspace/robotics_v1/install/ros2_game_engine/share/ros2_game_engine/environment/path.sh
[0.830s] -- Up-to-date: /home/ubuntu/workspace/robotics_v1/install/ros2_game_engine/share/ros2_game_engine/environment/path.dsv
[0.830s] -- Up-to-date: /home/ubuntu/workspace/robotics_v1/install/ros2_game_engine/share/ros2_game_engine/local_setup.bash
[0.830s] -- Up-to-date: /home/ubuntu/workspace/robotics_v1/install/ros2_game_engine/share/ros2_game_engine/local_setup.sh
[0.831s] -- Up-to-date: /home/ubuntu/workspace/robotics_v1/install/ros2_game_engine/share/ros2_game_engine/local_setup.zsh
[0.839s] -- Up-to-date: /home/ubuntu/workspace/robotics_v1/install/ros2_game_engine/share/ros2_game_engine/local_setup.dsv
[0.841s] -- Installing: /home/ubuntu/workspace/robotics_v1/install/ros2_game_engine/share/ros2_game_engine/package.dsv
[0.842s] -- Installing: /home/ubuntu/workspace/robotics_v1/install/ros2_game_engine/share/ament_index/resource_index/packages/ros2_game_engine
[0.843s] -- Up-to-date: /home/ubuntu/workspace/robotics_v1/install/ros2_game_engine/share/ros2_game_engine/cmake/ament_cmake_export_dependencies-extras.cmake
[0.843s] -- Up-to-date: /home/ubuntu/workspace/robotics_v1/install/ros2_game_engine/share/ros2_game_engine/cmake/ros2_game_engineConfig.cmake
[0.843s] -- Up-to-date: /home/ubuntu/workspace/robotics_v1/install/ros2_game_engine/share/ros2_game_engine/cmake/ros2_game_engineConfig-version.cmake
[0.843s] -- Up-to-date: /home/ubuntu/workspace/robotics_v1/install/ros2_game_engine/share/ros2_game_engine/package.xml
[0.844s] -- Up-to-date: /home/ubuntu/workspace/robotics_v1/install/ros2_game_engine/lib/libros2_game_engine.a
[0.844s] -- Up-to-date: /home/ubuntu/workspace/robotics_v1/install/ros2_game_engine/include
[0.845s] -- Up-to-date: /home/ubuntu/workspace/robotics_v1/install/ros2_game_engine/include/ros2_game_engine
[0.846s] -- Up-to-date: /home/ubuntu/workspace/robotics_v1/install/ros2_game_engine/include/ros2_game_engine/communicator
[0.847s] -- Up-to-date: /home/ubuntu/workspace/robotics_v1/install/ros2_game_engine/include/ros2_game_engine/communicator/Ros2Communicator.h
[0.848s] -- Up-to-date: /home/ubuntu/workspace/robotics_v1/install/ros2_game_engine/include/ros2_game_engine/communicator/config
[0.849s] -- Up-to-date: /home/ubuntu/workspace/robotics_v1/install/ros2_game_engine/include/ros2_game_engine/communicator/config/Ros2CommunicatorConfig.h
[0.851s] -- Up-to-date: /home/ubuntu/workspace/robotics_v1/install/ros2_game_engine/include/ros2_game_engine/communicator/Ros2CommunicatorInterface.h
[0.865s] -- Up-to-date: /home/ubuntu/workspace/robotics_v1/install/ros2_game_engine/lib/cmake/ros2_game_engine/ros2_game_engineTargets.cmake
[0.865s] -- Up-to-date: /home/ubuntu/workspace/robotics_v1/install/ros2_game_engine/lib/cmake/ros2_game_engine/ros2_game_engineTargets-debug.cmake
[0.866s] -- Up-to-date: /home/ubuntu/workspace/robotics_v1/install/ros2_game_engine/lib/cmake/ros2_game_engine/ros2_game_engineConfig.cmake
[0.892s] Invoked command in '/home/ubuntu/workspace/robotics_v1/build/ros2_game_engine' returned '0': CMAKE_PREFIX_PATH=/home/ubuntu/workspace/robotics_v1/install/game_engine:/home/ubuntu/workspace/robotics_v1/install/manager_utils:/home/ubuntu/workspace/robotics_v1/install/sdl_utils:/home/ubuntu/workspace/robotics_v1/install/resource_utils:/home/ubuntu/workspace/robotics_v1/install/utils:/home/ubuntu/workspace/robotics_v1/install/cmake_helpers:/opt/ros/foxy PKG_CONFIG_PATH=/home/ubuntu/workspace/robotics_v1/install/game_engine/lib/x86_64-linux-gnu/pkgconfig:/home/ubuntu/workspace/robotics_v1/install/game_engine/lib/pkgconfig:/home/ubuntu/workspace/robotics_v1/install/manager_utils/lib/x86_64-linux-gnu/pkgconfig:/home/ubuntu/workspace/robotics_v1/install/manager_utils/lib/pkgconfig:/home/ubuntu/workspace/robotics_v1/install/sdl_utils/lib/x86_64-linux-gnu/pkgconfig:/home/ubuntu/workspace/robotics_v1/install/sdl_utils/lib/pkgconfig:/home/ubuntu/workspace/robotics_v1/install/resource_utils/lib/x86_64-linux-gnu/pkgconfig:/home/ubuntu/workspace/robotics_v1/install/resource_utils/lib/pkgconfig:/home/ubuntu/workspace/robotics_v1/install/utils/lib/x86_64-linux-gnu/pkgconfig:/home/ubuntu/workspace/robotics_v1/install/utils/lib/pkgconfig:/home/ubuntu/workspace/robotics_v1/install/cmake_helpers/lib/x86_64-linux-gnu/pkgconfig:/home/ubuntu/workspace/robotics_v1/install/cmake_helpers/lib/pkgconfig /usr/bin/cmake --install /home/ubuntu/workspace/robotics_v1/build/ros2_game_engine
