[0.157s] Invoking command in '/home/ubuntu/workspace/robotics_v1/build/robo_cleaner_gui': AMENT_PREFIX_PATH=/home/ubuntu/workspace/robotics_v1/install/robo_cleaner_common:/home/ubuntu/workspace/robotics_v1/install/robo_cleaner_interfaces:${AMENT_PREFIX_PATH} CMAKE_PREFIX_PATH=/home/ubuntu/workspace/robotics_v1/install/ros2_game_engine:/home/ubuntu/workspace/robotics_v1/install/robo_cleaner_common:/home/ubuntu/workspace/robotics_v1/install/robo_common:/home/ubuntu/workspace/robotics_v1/install/game_engine:/home/ubuntu/workspace/robotics_v1/install/manager_utils:/home/ubuntu/workspace/robotics_v1/install/sdl_utils:/home/ubuntu/workspace/robotics_v1/install/resource_utils:/home/ubuntu/workspace/robotics_v1/install/utils:/home/ubuntu/workspace/robotics_v1/install/robo_cleaner_interfaces:/home/ubuntu/workspace/robotics_v1/install/cmake_helpers:/opt/ros/foxy LD_LIBRARY_PATH=/home/ubuntu/workspace/robotics_v1/install/robo_cleaner_interfaces/lib:${LD_LIBRARY_PATH} PKG_CONFIG_PATH=/home/ubuntu/workspace/robotics_v1/install/ros2_game_engine/lib/x86_64-linux-gnu/pkgconfig:/home/ubuntu/workspace/robotics_v1/install/ros2_game_engine/lib/pkgconfig:/home/ubuntu/workspace/robotics_v1/install/robo_common/lib/x86_64-linux-gnu/pkgconfig:/home/ubuntu/workspace/robotics_v1/install/robo_common/lib/pkgconfig:/home/ubuntu/workspace/robotics_v1/install/game_engine/lib/x86_64-linux-gnu/pkgconfig:/home/ubuntu/workspace/robotics_v1/install/game_engine/lib/pkgconfig:/home/ubuntu/workspace/robotics_v1/install/manager_utils/lib/x86_64-linux-gnu/pkgconfig:/home/ubuntu/workspace/robotics_v1/install/manager_utils/lib/pkgconfig:/home/ubuntu/workspace/robotics_v1/install/sdl_utils/lib/x86_64-linux-gnu/pkgconfig:/home/ubuntu/workspace/robotics_v1/install/sdl_utils/lib/pkgconfig:/home/ubuntu/workspace/robotics_v1/install/resource_utils/lib/x86_64-linux-gnu/pkgconfig:/home/ubuntu/workspace/robotics_v1/install/resource_utils/lib/pkgconfig:/home/ubuntu/workspace/robotics_v1/install/utils/lib/x86_64-linux-gnu/pkgconfig:/home/ubuntu/workspace/robotics_v1/install/utils/lib/pkgconfig:/home/ubuntu/workspace/robotics_v1/install/cmake_helpers/lib/x86_64-linux-gnu/pkgconfig:/home/ubuntu/workspace/robotics_v1/install/cmake_helpers/lib/pkgconfig PYTHONPATH=/home/ubuntu/workspace/robotics_v1/install/robo_cleaner_interfaces/lib/python3.8/site-packages:${PYTHONPATH} /usr/bin/cmake --build /home/ubuntu/workspace/robotics_v1/build/robo_cleaner_gui -- -j4 -l4
[0.720s] [100%] Built target robo_cleaner_gui
[0.765s] Invoked command in '/home/ubuntu/workspace/robotics_v1/build/robo_cleaner_gui' returned '0': AMENT_PREFIX_PATH=/home/ubuntu/workspace/robotics_v1/install/robo_cleaner_common:/home/ubuntu/workspace/robotics_v1/install/robo_cleaner_interfaces:${AMENT_PREFIX_PATH} CMAKE_PREFIX_PATH=/home/ubuntu/workspace/robotics_v1/install/ros2_game_engine:/home/ubuntu/workspace/robotics_v1/install/robo_cleaner_common:/home/ubuntu/workspace/robotics_v1/install/robo_common:/home/ubuntu/workspace/robotics_v1/install/game_engine:/home/ubuntu/workspace/robotics_v1/install/manager_utils:/home/ubuntu/workspace/robotics_v1/install/sdl_utils:/home/ubuntu/workspace/robotics_v1/install/resource_utils:/home/ubuntu/workspace/robotics_v1/install/utils:/home/ubuntu/workspace/robotics_v1/install/robo_cleaner_interfaces:/home/ubuntu/workspace/robotics_v1/install/cmake_helpers:/opt/ros/foxy LD_LIBRARY_PATH=/home/ubuntu/workspace/robotics_v1/install/robo_cleaner_interfaces/lib:${LD_LIBRARY_PATH} PKG_CONFIG_PATH=/home/ubuntu/workspace/robotics_v1/install/ros2_game_engine/lib/x86_64-linux-gnu/pkgconfig:/home/ubuntu/workspace/robotics_v1/install/ros2_game_engine/lib/pkgconfig:/home/ubuntu/workspace/robotics_v1/install/robo_common/lib/x86_64-linux-gnu/pkgconfig:/home/ubuntu/workspace/robotics_v1/install/robo_common/lib/pkgconfig:/home/ubuntu/workspace/robotics_v1/install/game_engine/lib/x86_64-linux-gnu/pkgconfig:/home/ubuntu/workspace/robotics_v1/install/game_engine/lib/pkgconfig:/home/ubuntu/workspace/robotics_v1/install/manager_utils/lib/x86_64-linux-gnu/pkgconfig:/home/ubuntu/workspace/robotics_v1/install/manager_utils/lib/pkgconfig:/home/ubuntu/workspace/robotics_v1/install/sdl_utils/lib/x86_64-linux-gnu/pkgconfig:/home/ubuntu/workspace/robotics_v1/install/sdl_utils/lib/pkgconfig:/home/ubuntu/workspace/robotics_v1/install/resource_utils/lib/x86_64-linux-gnu/pkgconfig:/home/ubuntu/workspace/robotics_v1/install/resource_utils/lib/pkgconfig:/home/ubuntu/workspace/robotics_v1/install/utils/lib/x86_64-linux-gnu/pkgconfig:/home/ubuntu/workspace/robotics_v1/install/utils/lib/pkgconfig:/home/ubuntu/workspace/robotics_v1/install/cmake_helpers/lib/x86_64-linux-gnu/pkgconfig:/home/ubuntu/workspace/robotics_v1/install/cmake_helpers/lib/pkgconfig PYTHONPATH=/home/ubuntu/workspace/robotics_v1/install/robo_cleaner_interfaces/lib/python3.8/site-packages:${PYTHONPATH} /usr/bin/cmake --build /home/ubuntu/workspace/robotics_v1/build/robo_cleaner_gui -- -j4 -l4
[1.394s] Invoking command in '/home/ubuntu/workspace/robotics_v1/build/robo_cleaner_gui': AMENT_PREFIX_PATH=/home/ubuntu/workspace/robotics_v1/install/robo_cleaner_common:/home/ubuntu/workspace/robotics_v1/install/robo_cleaner_interfaces:${AMENT_PREFIX_PATH} CMAKE_PREFIX_PATH=/home/ubuntu/workspace/robotics_v1/install/ros2_game_engine:/home/ubuntu/workspace/robotics_v1/install/robo_cleaner_common:/home/ubuntu/workspace/robotics_v1/install/robo_common:/home/ubuntu/workspace/robotics_v1/install/game_engine:/home/ubuntu/workspace/robotics_v1/install/manager_utils:/home/ubuntu/workspace/robotics_v1/install/sdl_utils:/home/ubuntu/workspace/robotics_v1/install/resource_utils:/home/ubuntu/workspace/robotics_v1/install/utils:/home/ubuntu/workspace/robotics_v1/install/robo_cleaner_interfaces:/home/ubuntu/workspace/robotics_v1/install/cmake_helpers:/opt/ros/foxy LD_LIBRARY_PATH=/home/ubuntu/workspace/robotics_v1/install/robo_cleaner_interfaces/lib:${LD_LIBRARY_PATH} PKG_CONFIG_PATH=/home/ubuntu/workspace/robotics_v1/install/ros2_game_engine/lib/x86_64-linux-gnu/pkgconfig:/home/ubuntu/workspace/robotics_v1/install/ros2_game_engine/lib/pkgconfig:/home/ubuntu/workspace/robotics_v1/install/robo_common/lib/x86_64-linux-gnu/pkgconfig:/home/ubuntu/workspace/robotics_v1/install/robo_common/lib/pkgconfig:/home/ubuntu/workspace/robotics_v1/install/game_engine/lib/x86_64-linux-gnu/pkgconfig:/home/ubuntu/workspace/robotics_v1/install/game_engine/lib/pkgconfig:/home/ubuntu/workspace/robotics_v1/install/manager_utils/lib/x86_64-linux-gnu/pkgconfig:/home/ubuntu/workspace/robotics_v1/install/manager_utils/lib/pkgconfig:/home/ubuntu/workspace/robotics_v1/install/sdl_utils/lib/x86_64-linux-gnu/pkgconfig:/home/ubuntu/workspace/robotics_v1/install/sdl_utils/lib/pkgconfig:/home/ubuntu/workspace/robotics_v1/install/resource_utils/lib/x86_64-linux-gnu/pkgconfig:/home/ubuntu/workspace/robotics_v1/install/resource_utils/lib/pkgconfig:/home/ubuntu/workspace/robotics_v1/install/utils/lib/x86_64-linux-gnu/pkgconfig:/home/ubuntu/workspace/robotics_v1/install/utils/lib/pkgconfig:/home/ubuntu/workspace/robotics_v1/install/cmake_helpers/lib/x86_64-linux-gnu/pkgconfig:/home/ubuntu/workspace/robotics_v1/install/cmake_helpers/lib/pkgconfig PYTHONPATH=/home/ubuntu/workspace/robotics_v1/install/robo_cleaner_interfaces/lib/python3.8/site-packages:${PYTHONPATH} /usr/bin/cmake --install /home/ubuntu/workspace/robotics_v1/build/robo_cleaner_gui
[1.431s] -- Install configuration: "Debug"
[1.432s] -- Execute custom install script
[1.432s] -- Up-to-date symlink: /home/ubuntu/workspace/robotics_v1/install/robo_cleaner_gui/share/robo_cleaner_gui/package.xml
[1.440s] -- Up-to-date symlink: /home/ubuntu/workspace/robotics_v1/install/robo_cleaner_gui/share/robo_cleaner_gui//launch/launch.py
[1.440s] -- Up-to-date symlink: /home/ubuntu/workspace/robotics_v1/install/robo_cleaner_gui/share/robo_cleaner_gui//config/params.yaml
[1.440s] -- Up-to-date symlink: /home/ubuntu/workspace/robotics_v1/install/robo_cleaner_gui/lib/robo_cleaner_gui/robo_cleaner_gui
[1.441s] -- Symlinking: /home/ubuntu/workspace/robotics_v1/install/robo_cleaner_gui/share/ament_index/resource_index/packages/robo_cleaner_gui
[1.491s] -- Up-to-date symlink: /home/ubuntu/workspace/robotics_v1/install/robo_cleaner_gui/share/robo_cleaner_gui/hook/ament_prefix_path.dsv
[1.492s] -- Up-to-date symlink: /home/ubuntu/workspace/robotics_v1/install/robo_cleaner_gui/share/robo_cleaner_gui/hook/ros_package_path.dsv
[1.493s] -- Up-to-date symlink: /home/ubuntu/workspace/robotics_v1/install/robo_cleaner_gui/share/ament_index/resource_index/package_run_dependencies/robo_cleaner_gui
[1.494s] -- Up-to-date symlink: /home/ubuntu/workspace/robotics_v1/install/robo_cleaner_gui/share/ament_index/resource_index/parent_prefix_path/robo_cleaner_gui
[1.495s] -- Up-to-date symlink: /home/ubuntu/workspace/robotics_v1/install/robo_cleaner_gui/share/robo_cleaner_gui/environment/ament_prefix_path.sh
[1.496s] -- Up-to-date symlink: /home/ubuntu/workspace/robotics_v1/install/robo_cleaner_gui/share/robo_cleaner_gui/environment/ament_prefix_path.dsv
[1.496s] -- Up-to-date symlink: /home/ubuntu/workspace/robotics_v1/install/robo_cleaner_gui/share/robo_cleaner_gui/environment/path.sh
[1.497s] -- Up-to-date symlink: /home/ubuntu/workspace/robotics_v1/install/robo_cleaner_gui/share/robo_cleaner_gui/environment/path.dsv
[1.497s] -- Up-to-date symlink: /home/ubuntu/workspace/robotics_v1/install/robo_cleaner_gui/share/robo_cleaner_gui/local_setup.bash
[1.498s] -- Up-to-date symlink: /home/ubuntu/workspace/robotics_v1/install/robo_cleaner_gui/share/robo_cleaner_gui/local_setup.sh
[1.499s] -- Up-to-date symlink: /home/ubuntu/workspace/robotics_v1/install/robo_cleaner_gui/share/robo_cleaner_gui/local_setup.zsh
[1.499s] -- Up-to-date symlink: /home/ubuntu/workspace/robotics_v1/install/robo_cleaner_gui/share/robo_cleaner_gui/local_setup.dsv
[1.500s] -- Symlinking: /home/ubuntu/workspace/robotics_v1/install/robo_cleaner_gui/share/robo_cleaner_gui/package.dsv
[1.535s] -- Symlinking: /home/ubuntu/workspace/robotics_v1/install/robo_cleaner_gui/share/ament_index/resource_index/packages/robo_cleaner_gui
[1.562s] -- Up-to-date symlink: /home/ubuntu/workspace/robotics_v1/install/robo_cleaner_gui/share/robo_cleaner_gui/cmake/robo_cleaner_guiConfig.cmake
[1.563s] -- Up-to-date symlink: /home/ubuntu/workspace/robotics_v1/install/robo_cleaner_gui/share/robo_cleaner_gui/cmake/robo_cleaner_guiConfig-version.cmake
[1.563s] -- Up-to-date symlink: /home/ubuntu/workspace/robotics_v1/install/robo_cleaner_gui/share/robo_cleaner_gui/package.xml
[1.565s] -- Up-to-date symlink: /home/ubuntu/workspace/robotics_v1/install/robo_cleaner_gui/share/robo_cleaner_gui/resources//RoboCleanerGui.rsrc
[1.565s] -- Up-to-date symlink: /home/ubuntu/workspace/robotics_v1/install/robo_cleaner_gui/share/robo_cleaner_gui/resources//f/vinque_rg_20.ttf
[1.566s] -- Up-to-date symlink: /home/ubuntu/workspace/robotics_v1/install/robo_cleaner_gui/share/robo_cleaner_gui/resources//f/vinque_rg_30.ttf
[1.566s] -- Up-to-date symlink: /home/ubuntu/workspace/robotics_v1/install/robo_cleaner_gui/share/robo_cleaner_gui/resources//f/vinque_rg_75.ttf
[1.566s] -- Up-to-date symlink: /home/ubuntu/workspace/robotics_v1/install/robo_cleaner_gui/share/robo_cleaner_gui/resources//generated/RoboCleanerGuiResources.h
[1.567s] -- Up-to-date symlink: /home/ubuntu/workspace/robotics_v1/install/robo_cleaner_gui/share/robo_cleaner_gui/resources//generated/RoboCleanerGuiResourcesDynamic.h
[1.567s] -- Up-to-date symlink: /home/ubuntu/workspace/robotics_v1/install/robo_cleaner_gui/share/robo_cleaner_gui/resources//generated/RoboCleanerGuiResourcesDynamicValues.h
[1.568s] -- Up-to-date symlink: /home/ubuntu/workspace/robotics_v1/install/robo_cleaner_gui/share/robo_cleaner_gui/resources//generated/fonts.bin
[1.568s] -- Up-to-date symlink: /home/ubuntu/workspace/robotics_v1/install/robo_cleaner_gui/share/robo_cleaner_gui/resources//generated/resources.bin
[1.568s] -- Up-to-date symlink: /home/ubuntu/workspace/robotics_v1/install/robo_cleaner_gui/share/robo_cleaner_gui/resources//generated/sounds.bin
[1.569s] -- Up-to-date symlink: /home/ubuntu/workspace/robotics_v1/install/robo_cleaner_gui/share/robo_cleaner_gui/resources//levels/level_1/field_map.txt
[1.569s] -- Up-to-date symlink: /home/ubuntu/workspace/robotics_v1/install/robo_cleaner_gui/share/robo_cleaner_gui/resources//levels/level_2/field_map.txt
[1.570s] -- Up-to-date symlink: /home/ubuntu/workspace/robotics_v1/install/robo_cleaner_gui/share/robo_cleaner_gui/resources//levels/level_3/field_map.txt
[1.570s] -- Up-to-date symlink: /home/ubuntu/workspace/robotics_v1/install/robo_cleaner_gui/share/robo_cleaner_gui/resources//p/background/fogOfWar.png
[1.571s] -- Up-to-date symlink: /home/ubuntu/workspace/robotics_v1/install/robo_cleaner_gui/share/robo_cleaner_gui/resources//p/background/map.png
[1.571s] -- Up-to-date symlink: /home/ubuntu/workspace/robotics_v1/install/robo_cleaner_gui/share/robo_cleaner_gui/resources//p/background/obstacle.png
[1.572s] -- Up-to-date symlink: /home/ubuntu/workspace/robotics_v1/install/robo_cleaner_gui/share/robo_cleaner_gui/resources//p/background/tile.png
[1.572s] -- Up-to-date symlink: /home/ubuntu/workspace/robotics_v1/install/robo_cleaner_gui/share/robo_cleaner_gui/resources//p/entities/damage_marker.png
[1.572s] -- Up-to-date symlink: /home/ubuntu/workspace/robotics_v1/install/robo_cleaner_gui/share/robo_cleaner_gui/resources//p/entities/player_robot.png
[1.573s] -- Up-to-date symlink: /home/ubuntu/workspace/robotics_v1/install/robo_cleaner_gui/share/robo_cleaner_gui/resources//p/entities/rubbish.png
[1.573s] -- Up-to-date symlink: /home/ubuntu/workspace/robotics_v1/install/robo_cleaner_gui/share/robo_cleaner_gui/resources//p/panels/energy_indicator.png
[1.574s] -- Up-to-date symlink: /home/ubuntu/workspace/robotics_v1/install/robo_cleaner_gui/share/robo_cleaner_gui/resources//p/panels/energy_panel.png
[1.575s] -- Up-to-date symlink: /home/ubuntu/workspace/robotics_v1/install/robo_cleaner_gui/share/robo_cleaner_gui/resources//p/panels/health_indicator.png
[1.575s] -- Up-to-date symlink: /home/ubuntu/workspace/robotics_v1/install/robo_cleaner_gui/share/robo_cleaner_gui/resources//p/panels/health_panel.png
[1.576s] -- Up-to-date symlink: /home/ubuntu/workspace/robotics_v1/install/robo_cleaner_gui/share/robo_cleaner_gui/resources//p/panels/hor_delimiter.png
[1.576s] -- Up-to-date symlink: /home/ubuntu/workspace/robotics_v1/install/robo_cleaner_gui/share/robo_cleaner_gui/resources//p/panels/rubbish_panel.png
[1.577s] -- Up-to-date symlink: /home/ubuntu/workspace/robotics_v1/install/robo_cleaner_gui/share/robo_cleaner_gui/resources//p/panels/tile_panel.png
[1.577s] -- Up-to-date symlink: /home/ubuntu/workspace/robotics_v1/install/robo_cleaner_gui/share/robo_cleaner_gui/resources//p/panels/vert_delimiter.png
[1.578s] -- Up-to-date symlink: /home/ubuntu/workspace/robotics_v1/install/robo_cleaner_gui/share/robo_cleaner_gui/resources//p/stars/star_single.png
[1.579s] -- Up-to-date symlink: /home/ubuntu/workspace/robotics_v1/install/robo_cleaner_gui/share/robo_cleaner_gui/resources//p/stars/stars.png
[1.589s] Invoked command in '/home/ubuntu/workspace/robotics_v1/build/robo_cleaner_gui' returned '0': AMENT_PREFIX_PATH=/home/ubuntu/workspace/robotics_v1/install/robo_cleaner_common:/home/ubuntu/workspace/robotics_v1/install/robo_cleaner_interfaces:${AMENT_PREFIX_PATH} CMAKE_PREFIX_PATH=/home/ubuntu/workspace/robotics_v1/install/ros2_game_engine:/home/ubuntu/workspace/robotics_v1/install/robo_cleaner_common:/home/ubuntu/workspace/robotics_v1/install/robo_common:/home/ubuntu/workspace/robotics_v1/install/game_engine:/home/ubuntu/workspace/robotics_v1/install/manager_utils:/home/ubuntu/workspace/robotics_v1/install/sdl_utils:/home/ubuntu/workspace/robotics_v1/install/resource_utils:/home/ubuntu/workspace/robotics_v1/install/utils:/home/ubuntu/workspace/robotics_v1/install/robo_cleaner_interfaces:/home/ubuntu/workspace/robotics_v1/install/cmake_helpers:/opt/ros/foxy LD_LIBRARY_PATH=/home/ubuntu/workspace/robotics_v1/install/robo_cleaner_interfaces/lib:${LD_LIBRARY_PATH} PKG_CONFIG_PATH=/home/ubuntu/workspace/robotics_v1/install/ros2_game_engine/lib/x86_64-linux-gnu/pkgconfig:/home/ubuntu/workspace/robotics_v1/install/ros2_game_engine/lib/pkgconfig:/home/ubuntu/workspace/robotics_v1/install/robo_common/lib/x86_64-linux-gnu/pkgconfig:/home/ubuntu/workspace/robotics_v1/install/robo_common/lib/pkgconfig:/home/ubuntu/workspace/robotics_v1/install/game_engine/lib/x86_64-linux-gnu/pkgconfig:/home/ubuntu/workspace/robotics_v1/install/game_engine/lib/pkgconfig:/home/ubuntu/workspace/robotics_v1/install/manager_utils/lib/x86_64-linux-gnu/pkgconfig:/home/ubuntu/workspace/robotics_v1/install/manager_utils/lib/pkgconfig:/home/ubuntu/workspace/robotics_v1/install/sdl_utils/lib/x86_64-linux-gnu/pkgconfig:/home/ubuntu/workspace/robotics_v1/install/sdl_utils/lib/pkgconfig:/home/ubuntu/workspace/robotics_v1/install/resource_utils/lib/x86_64-linux-gnu/pkgconfig:/home/ubuntu/workspace/robotics_v1/install/resource_utils/lib/pkgconfig:/home/ubuntu/workspace/robotics_v1/install/utils/lib/x86_64-linux-gnu/pkgconfig:/home/ubuntu/workspace/robotics_v1/install/utils/lib/pkgconfig:/home/ubuntu/workspace/robotics_v1/install/cmake_helpers/lib/x86_64-linux-gnu/pkgconfig:/home/ubuntu/workspace/robotics_v1/install/cmake_helpers/lib/pkgconfig PYTHONPATH=/home/ubuntu/workspace/robotics_v1/install/robo_cleaner_interfaces/lib/python3.8/site-packages:${PYTHONPATH} /usr/bin/cmake --install /home/ubuntu/workspace/robotics_v1/build/robo_cleaner_gui
