[0.069s] Invoking command in '/home/ubuntu/workspace/robotics_v1/build/robo_miner_controller': AMENT_PREFIX_PATH=/home/ubuntu/workspace/robotics_v1/install/robo_miner_interfaces:${AMENT_PREFIX_PATH} CMAKE_PREFIX_PATH=/home/ubuntu/workspace/robotics_v1/install/robo_miner_interfaces:/opt/ros/foxy LD_LIBRARY_PATH=/home/ubuntu/workspace/robotics_v1/install/robo_miner_interfaces/lib:${LD_LIBRARY_PATH} PYTHONPATH=/home/ubuntu/workspace/robotics_v1/install/robo_miner_interfaces/lib/python3.8/site-packages:${PYTHONPATH} /usr/bin/cmake --build /home/ubuntu/workspace/robotics_v1/build/robo_miner_controller -- -j4 -l4
[0.309s] [35m[1mScanning dependencies of target robo_miner_controller[0m
[0.533s] [ 50%] [32mBuilding CXX object CMakeFiles/robo_miner_controller.dir/src/robo_miner_controller.cpp.o[0m
[0.884s] In file included from [01m[K/home/ubuntu/workspace/robotics_v1/src/robo_miner/robo_miner_controller/src/robo_miner_controller.cpp:5[m[K:
[0.884s] [01m[K/home/ubuntu/workspace/robotics_v1/src/robo_miner/robo_miner_controller/include/robo_miner_controller/Application1/Application1.hpp:12:1:[m[K [01;35m[Kwarning: [m[Kmulti-line comment [[01;35m[K-Wcomment[m[K]
[0.884s]    12 | [01;35m[K/[m[K/ros2 service call /activate_mining_validate robo_miner_interfaces/srv/ActivateMiningValidate {}\
[0.885s]       | [01;35m[K^[m[K
[4.930s] In file included from [01m[K/home/ubuntu/workspace/robotics_v1/src/robo_miner/robo_miner_controller/include/robo_miner_controller/RobotMoveLogistics/RobotMoveLogistics.hpp:6[m[K,
[4.930s]                  from [01m[K/home/ubuntu/workspace/robotics_v1/src/robo_miner/robo_miner_controller/include/robo_miner_controller/Application1/Application1.hpp:27[m[K,
[4.930s]                  from [01m[K/home/ubuntu/workspace/robotics_v1/src/robo_miner/robo_miner_controller/src/robo_miner_controller.cpp:5[m[K:
[4.931s] [01m[K/home/ubuntu/workspace/robotics_v1/src/robo_miner/robo_miner_controller/include/robo_miner_controller/MapNode/MapNode.hpp:[m[K In constructor ‘[01m[KMapNode::MapNode(int, int, char, bool)[m[K’:
[4.931s] [01m[K/home/ubuntu/workspace/robotics_v1/src/robo_miner/robo_miner_controller/include/robo_miner_controller/MapNode/MapNode.hpp:12:11:[m[K [01;35m[Kwarning: [m[K‘[01m[KMapNode::fieldtype[m[K’ will be initialized after [[01;35m[K-Wreorder[m[K]
[4.931s]    12 | FieldType [01;35m[Kfieldtype[m[K;
[4.933s]       |           [01;35m[K^~~~~~~~~[m[K
[4.933s] [01m[K/home/ubuntu/workspace/robotics_v1/src/robo_miner/robo_miner_controller/include/robo_miner_controller/MapNode/MapNode.hpp:11:6:[m[K [01;35m[Kwarning: [m[K  ‘[01m[Kbool MapNode::locked[m[K’ [[01;35m[K-Wreorder[m[K]
[4.933s]    11 | bool [01;35m[Klocked[m[K = false;
[4.933s]       |      [01;35m[K^~~~~~[m[K
[4.933s] [01m[K/home/ubuntu/workspace/robotics_v1/src/robo_miner/robo_miner_controller/include/robo_miner_controller/MapNode/MapNode.hpp:17:2:[m[K [01;35m[Kwarning: [m[K  when initialized here [[01;35m[K-Wreorder[m[K]
[4.933s]    17 |  [01;35m[KMapNode[m[K(int x,int y,char fieldtype,bool locked = false):fieldtype(getCrystalType(fieldtype)),locked(locked),send_location({x,y}){
[4.934s]       |  [01;35m[K^~~~~~~[m[K
[4.934s] [01m[K/home/ubuntu/workspace/robotics_v1/src/robo_miner/robo_miner_controller/include/robo_miner_controller/MapNode/MapNode.hpp:[m[K In constructor ‘[01m[KMapNode::MapNode(char, bool)[m[K’:
[4.934s] [01m[K/home/ubuntu/workspace/robotics_v1/src/robo_miner/robo_miner_controller/include/robo_miner_controller/MapNode/MapNode.hpp:12:11:[m[K [01;35m[Kwarning: [m[K‘[01m[KMapNode::fieldtype[m[K’ will be initialized after [[01;35m[K-Wreorder[m[K]
[4.934s]    12 | FieldType [01;35m[Kfieldtype[m[K;
[4.934s]       |           [01;35m[K^~~~~~~~~[m[K
[4.934s] [01m[K/home/ubuntu/workspace/robotics_v1/src/robo_miner/robo_miner_controller/include/robo_miner_controller/MapNode/MapNode.hpp:11:6:[m[K [01;35m[Kwarning: [m[K  ‘[01m[Kbool MapNode::locked[m[K’ [[01;35m[K-Wreorder[m[K]
[4.935s]    11 | bool [01;35m[Klocked[m[K = false;
[4.935s]       |      [01;35m[K^~~~~~[m[K
[4.935s] In file included from [01m[K/home/ubuntu/workspace/robotics_v1/src/robo_miner/robo_miner_controller/include/robo_miner_controller/RobotMoveLogistics/RobotMoveLogistics.hpp:6[m[K,
[4.935s]                  from [01m[K/home/ubuntu/workspace/robotics_v1/src/robo_miner/robo_miner_controller/include/robo_miner_controller/Application1/Application1.hpp:27[m[K,
[4.935s]                  from [01m[K/home/ubuntu/workspace/robotics_v1/src/robo_miner/robo_miner_controller/src/robo_miner_controller.cpp:5[m[K:
[4.935s] [01m[K/home/ubuntu/workspace/robotics_v1/src/robo_miner/robo_miner_controller/include/robo_miner_controller/MapNode/MapNode.hpp:20:2:[m[K [01;35m[Kwarning: [m[K  when initialized here [[01;35m[K-Wreorder[m[K]
[4.935s]    20 |  [01;35m[KMapNode[m[K(char fieldtype,bool locked = false):fieldtype(getCrystalType(fieldtype)),locked(locked){
[4.936s]       |  [01;35m[K^~~~~~~[m[K
[5.100s] In file included from [01m[K/home/ubuntu/workspace/robotics_v1/src/robo_miner/robo_miner_controller/include/robo_miner_controller/Application1/Application1.hpp:27[m[K,
[5.100s]                  from [01m[K/home/ubuntu/workspace/robotics_v1/src/robo_miner/robo_miner_controller/src/robo_miner_controller.cpp:5[m[K:
[5.101s] [01m[K/home/ubuntu/workspace/robotics_v1/src/robo_miner/robo_miner_controller/include/robo_miner_controller/RobotMoveLogistics/RobotMoveLogistics.hpp:[m[K In member function ‘[01m[Kstd::pair<long unsigned int, long unsigned int> RobotMoverLogistics::getSizes()[m[K’:
[5.101s] [01m[K/home/ubuntu/workspace/robotics_v1/src/robo_miner/robo_miner_controller/include/robo_miner_controller/RobotMoveLogistics/RobotMoveLogistics.hpp:250:8:[m[K [01;35m[Kwarning: [m[Kunused variable ‘[01m[KXsize[m[K’ [[01;35m[K-Wunused-variable[m[K]
[5.101s]   250 |    int [01;35m[KXsize[m[K = maxMapX -  minMapX;
[5.101s]       |        [01;35m[K^~~~~[m[K
[5.101s] [01m[K/home/ubuntu/workspace/robotics_v1/src/robo_miner/robo_miner_controller/include/robo_miner_controller/RobotMoveLogistics/RobotMoveLogistics.hpp:251:8:[m[K [01;35m[Kwarning: [m[Kunused variable ‘[01m[KYsize[m[K’ [[01;35m[K-Wunused-variable[m[K]
[5.101s]   251 |    int [01;35m[KYsize[m[K = maxMapY - minMapY;
[5.101s]       |        [01;35m[K^~~~~[m[K
[5.121s] [01m[K/home/ubuntu/workspace/robotics_v1/src/robo_miner/robo_miner_controller/include/robo_miner_controller/RobotMoveLogistics/RobotMoveLogistics.hpp:[m[K In member function ‘[01m[Kstd::vector<unsigned char, std::allocator<unsigned char> > RobotMoverLogistics::getArray()[m[K’:
[5.121s] [01m[K/home/ubuntu/workspace/robotics_v1/src/robo_miner/robo_miner_controller/include/robo_miner_controller/RobotMoveLogistics/RobotMoveLogistics.hpp:294:19:[m[K [01;35m[Kwarning: [m[Kcomparison of integer expressions of different signedness: ‘[01m[Kint[m[K’ and ‘[01m[Kstd::vector<std::vector<std::shared_ptr<MapNode> > >::size_type[m[K’ {aka ‘[01m[Klong unsigned int[m[K’} [[01;35m[K-Wsign-compare[m[K]
[5.122s]   294 |    for(int i = 0;[01;35m[Ki<this->num.size()[m[K;i++){
[5.122s]       |                  [01;35m[K~^~~~~~~~~~~~~~~~~[m[K
[5.122s] [01m[K/home/ubuntu/workspace/robotics_v1/src/robo_miner/robo_miner_controller/include/robo_miner_controller/RobotMoveLogistics/RobotMoveLogistics.hpp:295:20:[m[K [01;35m[Kwarning: [m[Kcomparison of integer expressions of different signedness: ‘[01m[Kint[m[K’ and ‘[01m[Kstd::vector<std::shared_ptr<MapNode> >::size_type[m[K’ {aka ‘[01m[Klong unsigned int[m[K’} [[01;35m[K-Wsign-compare[m[K]
[5.122s]   295 |     for(int j = 0;[01;35m[Kj<this->num[0].size()[m[K;j++){
[5.122s]       |                   [01;35m[K~^~~~~~~~~~~~~~~~~~~~[m[K
[5.125s] [01m[K/home/ubuntu/workspace/robotics_v1/src/robo_miner/robo_miner_controller/include/robo_miner_controller/RobotMoveLogistics/RobotMoveLogistics.hpp:[m[K In member function ‘[01m[Kvoid RobotMoverLogistics::DFSFindLonggestGemRec(int, int, int)[m[K’:
[5.126s] [01m[K/home/ubuntu/workspace/robotics_v1/src/robo_miner/robo_miner_controller/include/robo_miner_controller/RobotMoveLogistics/RobotMoveLogistics.hpp:313:8:[m[K [01;35m[Kwarning: [m[Kcomparison of integer expressions of different signedness: ‘[01m[Kint[m[K’ and ‘[01m[Kstd::vector<std::shared_ptr<MapNode> >::size_type[m[K’ {aka ‘[01m[Klong unsigned int[m[K’} [[01;35m[K-Wsign-compare[m[K]
[5.126s]   313 |    if([01;35m[Kx>=this->num[0].size()[m[K || x<0 || y<0 || y>=this->num.size() ){
[5.126s]       |       [01;35m[K~^~~~~~~~~~~~~~~~~~~~~[m[K
[5.126s] [01m[K/home/ubuntu/workspace/robotics_v1/src/robo_miner/robo_miner_controller/include/robo_miner_controller/RobotMoveLogistics/RobotMoveLogistics.hpp:313:48:[m[K [01;35m[Kwarning: [m[Kcomparison of integer expressions of different signedness: ‘[01m[Kint[m[K’ and ‘[01m[Kstd::vector<std::vector<std::shared_ptr<MapNode> > >::size_type[m[K’ {aka ‘[01m[Klong unsigned int[m[K’} [[01;35m[K-Wsign-compare[m[K]
[5.127s]   313 |    if(x>=this->num[0].size() || x<0 || y<0 || [01;35m[Ky>=this->num.size()[m[K ){
[5.127s]       |                                               [01;35m[K~^~~~~~~~~~~~~~~~~~[m[K
[5.127s] [01m[K/home/ubuntu/workspace/robotics_v1/src/robo_miner/robo_miner_controller/include/robo_miner_controller/RobotMoveLogistics/RobotMoveLogistics.hpp:[m[K In member function ‘[01m[Kbool RobotMoverLogistics::MiningLocationOk(int, int)[m[K’:
[5.128s] [01m[K/home/ubuntu/workspace/robotics_v1/src/robo_miner/robo_miner_controller/include/robo_miner_controller/RobotMoveLogistics/RobotMoveLogistics.hpp:350:8:[m[K [01;35m[Kwarning: [m[Kcomparison of integer expressions of different signedness: ‘[01m[Kint[m[K’ and ‘[01m[Kstd::vector<std::shared_ptr<MapNode> >::size_type[m[K’ {aka ‘[01m[Klong unsigned int[m[K’} [[01;35m[K-Wsign-compare[m[K]
[5.128s]   350 |    if([01;35m[Kx>=this->num[0].size()[m[K || x<0 || y<0 || y>=this->num.size() ){
[5.128s]       |       [01;35m[K~^~~~~~~~~~~~~~~~~~~~~[m[K
[5.128s] [01m[K/home/ubuntu/workspace/robotics_v1/src/robo_miner/robo_miner_controller/include/robo_miner_controller/RobotMoveLogistics/RobotMoveLogistics.hpp:350:48:[m[K [01;35m[Kwarning: [m[Kcomparison of integer expressions of different signedness: ‘[01m[Kint[m[K’ and ‘[01m[Kstd::vector<std::vector<std::shared_ptr<MapNode> > >::size_type[m[K’ {aka ‘[01m[Klong unsigned int[m[K’} [[01;35m[K-Wsign-compare[m[K]
[5.129s]   350 |    if(x>=this->num[0].size() || x<0 || y<0 || [01;35m[Ky>=this->num.size()[m[K ){
[5.129s]       |                                               [01;35m[K~^~~~~~~~~~~~~~~~~~[m[K
[5.130s] [01m[K/home/ubuntu/workspace/robotics_v1/src/robo_miner/robo_miner_controller/include/robo_miner_controller/RobotMoveLogistics/RobotMoveLogistics.hpp:[m[K In member function ‘[01m[Kvoid RobotMoverLogistics::DFSFindLonggestGem()[m[K’:
[5.130s] [01m[K/home/ubuntu/workspace/robotics_v1/src/robo_miner/robo_miner_controller/include/robo_miner_controller/RobotMoveLogistics/RobotMoveLogistics.hpp:376:19:[m[K [01;35m[Kwarning: [m[Kcomparison of integer expressions of different signedness: ‘[01m[Kint[m[K’ and ‘[01m[Kstd::vector<std::vector<std::shared_ptr<MapNode> > >::size_type[m[K’ {aka ‘[01m[Klong unsigned int[m[K’} [[01;35m[K-Wsign-compare[m[K]
[5.137s]   376 |    for(int i = 0;[01;35m[Ki<this->num.size()[m[K;i++){
[5.139s]       |                  [01;35m[K~^~~~~~~~~~~~~~~~~[m[K
[5.145s] [01m[K/home/ubuntu/workspace/robotics_v1/src/robo_miner/robo_miner_controller/include/robo_miner_controller/RobotMoveLogistics/RobotMoveLogistics.hpp:377:20:[m[K [01;35m[Kwarning: [m[Kcomparison of integer expressions of different signedness: ‘[01m[Kint[m[K’ and ‘[01m[Kstd::vector<std::shared_ptr<MapNode> >::size_type[m[K’ {aka ‘[01m[Klong unsigned int[m[K’} [[01;35m[K-Wsign-compare[m[K]
[5.145s]   377 |     for(int j = 0;[01;35m[Kj<this->num[0].size()[m[K;j++){
[5.146s]       |                   [01;35m[K~^~~~~~~~~~~~~~~~~~~~[m[K
[5.146s] [01m[K/home/ubuntu/workspace/robotics_v1/src/robo_miner/robo_miner_controller/include/robo_miner_controller/RobotMoveLogistics/RobotMoveLogistics.hpp:[m[K In member function ‘[01m[Kstd::pair<int, int> RobotMoverLogistics::indexesBiggestGem()[m[K’:
[5.146s] [01m[K/home/ubuntu/workspace/robotics_v1/src/robo_miner/robo_miner_controller/include/robo_miner_controller/RobotMoveLogistics/RobotMoveLogistics.hpp:404:11:[m[K [01;35m[Kwarning: [m[Kcomparison of integer expressions of different signedness: ‘[01m[Kint[m[K’ and ‘[01m[Kstd::vector<std::shared_ptr<MapNode> >::size_type[m[K’ {aka ‘[01m[Klong unsigned int[m[K’} [[01;35m[K-Wsign-compare[m[K]
[5.146s]   404 |     if([01;35m[Kmax<gems[i].size()[m[K){
[5.147s]       |        [01;35m[K~~~^~~~~~~~~~~~~~~[m[K
[5.148s] [01m[K/home/ubuntu/workspace/robotics_v1/src/robo_miner/robo_miner_controller/include/robo_miner_controller/RobotMoveLogistics/RobotMoveLogistics.hpp:[m[K In member function ‘[01m[Kstd::shared_ptr<robo_miner_interfaces::srv::LongestSequenceValidate_Request_<std::allocator<void> > > RobotMoverLogistics::longest_gem()[m[K’:
[5.149s] [01m[K/home/ubuntu/workspace/robotics_v1/src/robo_miner/robo_miner_controller/include/robo_miner_controller/RobotMoveLogistics/RobotMoveLogistics.hpp:412:8:[m[K [01;35m[Kwarning: [m[Kunused variable ‘[01m[Kmax[m[K’ [[01;35m[K-Wunused-variable[m[K]
[5.149s]   412 |    int [01;35m[Kmax[m[K= indexesBiggestGem().first;
[5.149s]       |        [01;35m[K^~~[m[K
[5.150s] [01m[K/home/ubuntu/workspace/robotics_v1/src/robo_miner/robo_miner_controller/include/robo_miner_controller/RobotMoveLogistics/RobotMoveLogistics.hpp:[m[K In member function ‘[01m[Kbool RobotMoverLogistics::isValid(int, int)[m[K’:
[5.150s] [01m[K/home/ubuntu/workspace/robotics_v1/src/robo_miner/robo_miner_controller/include/robo_miner_controller/RobotMoveLogistics/RobotMoveLogistics.hpp:428:10:[m[K [01;35m[Kwarning: [m[Kcomparison of integer expressions of different signedness: ‘[01m[Kint[m[K’ and ‘[01m[Kstd::vector<std::shared_ptr<MapNode> >::size_type[m[K’ {aka ‘[01m[Klong unsigned int[m[K’} [[01;35m[K-Wsign-compare[m[K]
[5.151s]   428 |     || [01;35m[Kx >= this->num[0].size()[m[K || y >= this->num.size())
[5.151s]       |        [01;35m[K~~^~~~~~~~~~~~~~~~~~~~~~[m[K
[5.151s] [01m[K/home/ubuntu/workspace/robotics_v1/src/robo_miner/robo_miner_controller/include/robo_miner_controller/RobotMoveLogistics/RobotMoveLogistics.hpp:428:38:[m[K [01;35m[Kwarning: [m[Kcomparison of integer expressions of different signedness: ‘[01m[Kint[m[K’ and ‘[01m[Kstd::vector<std::vector<std::shared_ptr<MapNode> > >::size_type[m[K’ {aka ‘[01m[Klong unsigned int[m[K’} [[01;35m[K-Wsign-compare[m[K]
[5.151s]   428 |     || x >= this->num[0].size() || [01;35m[Ky >= this->num.size()[m[K)
[5.151s]       |                                    [01;35m[K~~^~~~~~~~~~~~~~~~~~~[m[K
[5.187s] [01m[K/home/ubuntu/workspace/robotics_v1/src/robo_miner/robo_miner_controller/include/robo_miner_controller/RobotMoveLogistics/RobotMoveLogistics.hpp:[m[K In member function ‘[01m[Kstd::vector<MapNodeFields> RobotMoverLogistics::BFS(int, int)[m[K’:
[5.187s] [01m[K/home/ubuntu/workspace/robotics_v1/src/robo_miner/robo_miner_controller/include/robo_miner_controller/RobotMoveLogistics/RobotMoveLogistics.hpp:473:7:[m[K [01;35m[Kwarning: [m[Kstatement has no effect [[01;35m[K-Wunused-value[m[K]
[5.187s]   473 |       [01;35m[KDOWN[m[K;
[5.188s]       |       [01;35m[K^~~~[m[K
[5.376s] In file included from [01m[K/home/ubuntu/workspace/robotics_v1/src/robo_miner/robo_miner_controller/src/robo_miner_controller.cpp:5[m[K:
[5.376s] [01m[K/home/ubuntu/workspace/robotics_v1/src/robo_miner/robo_miner_controller/include/robo_miner_controller/Application1/Application1.hpp:[m[K In constructor ‘[01m[KRoboMinerControler::RoboMinerControler()[m[K’:
[5.376s] [01m[K/home/ubuntu/workspace/robotics_v1/src/robo_miner/robo_miner_controller/include/robo_miner_controller/Application1/Application1.hpp:55:35:[m[K [01;31m[Kerror: [m[Kinvalid use of non-static member function ‘[01m[Kvoid RoboMinerControler::callback11(std::shared_ptr<robo_miner_interfaces::srv::Item_Request_<std::allocator<void> > >, std::shared_ptr<robo_miner_interfaces::srv::Item_Response_<std::allocator<void> > >)[m[K’
[5.377s]    55 |    &std::bind([01;31m[KRoboMinerControler::callback11[m[K,this,_1,_2)
[5.377s]       |               [01;31m[K~~~~~~~~~~~~~~~~~~~~^~~~~~~~~~[m[K
[5.377s] [01m[K/home/ubuntu/workspace/robotics_v1/src/robo_miner/robo_miner_controller/include/robo_miner_controller/Application1/Application1.hpp:66:7:[m[K [01;36m[Knote: [m[Kdeclared here
[5.377s]    66 |  void [01;36m[Kcallback11[m[K(const std::shared_ptr<Item::Request> req,std::shared_ptr<Item::Response> res){
[5.377s]       |       [01;36m[K^~~~~~~~~~[m[K
[5.396s] [01m[K/home/ubuntu/workspace/robotics_v1/src/robo_miner/robo_miner_controller/include/robo_miner_controller/Application1/Application1.hpp:[m[K In member function ‘[01m[Kvoid RoboMinerControler::callback11(std::shared_ptr<robo_miner_interfaces::srv::Item_Request_<std::allocator<void> > >, std::shared_ptr<robo_miner_interfaces::srv::Item_Response_<std::allocator<void> > >)[m[K’:
[5.397s] [01m[K/home/ubuntu/workspace/robotics_v1/src/robo_miner/robo_miner_controller/include/robo_miner_controller/Application1/Application1.hpp:76:21:[m[K [01;35m[Kwarning: [m[Kcomparison of integer expressions of different signedness: ‘[01m[Krobo_miner_interfaces::msg::FieldPoint_<std::allocator<void> >::_col_type[m[K’ {aka ‘[01m[Kint[m[K’} and ‘[01m[Klong unsigned int[m[K’ [[01;35m[K-Wsign-compare[m[K]
[5.397s]    76 |    if([01;35m[Kreq->point.col>=RML.getSizes().second[m[K || req->point.col<0 || req->point.row<0 || req->point.row>=RML.getSizes().first ){
[5.397s]       |       [01;35m[K~~~~~~~~~~~~~~^~~~~~~~~~~~~~~~~~~~~~~[m[K
[5.397s] [01m[K/home/ubuntu/workspace/robotics_v1/src/robo_miner/robo_miner_controller/include/robo_miner_controller/Application1/Application1.hpp:76:102:[m[K [01;35m[Kwarning: [m[Kcomparison of integer expressions of different signedness: ‘[01m[Krobo_miner_interfaces::msg::FieldPoint_<std::allocator<void> >::_row_type[m[K’ {aka ‘[01m[Kint[m[K’} and ‘[01m[Klong unsigned int[m[K’ [[01;35m[K-Wsign-compare[m[K]
[5.397s]    76 |    if(req->point.col>=RML.getSizes().second || req->point.col<0 || req->point.row<0 || [01;35m[Kreq->point.row>=RML.getSizes().first[m[K ){
[5.397s]       |                                                                                        [01;35m[K~~~~~~~~~~~~~~^~~~~~~~~~~~~~~~~~~~~~[m[K
[5.579s] [01m[K/home/ubuntu/workspace/robotics_v1/src/robo_miner/robo_miner_controller/src/robo_miner_controller.cpp:[m[K At global scope:
[5.580s] [01m[K/home/ubuntu/workspace/robotics_v1/src/robo_miner/robo_miner_controller/src/robo_miner_controller.cpp:6:23:[m[K [01;31m[Kerror: [m[Kredefinition of ‘[01m[Kconstexpr const char* const GET_MINE_ID[m[K’
[5.580s]     6 | constexpr const char *[01;31m[KGET_MINE_ID[m[K = "get_item";
[5.580s]       |                       [01;31m[K^~~~~~~~~~~[m[K
[5.580s] In file included from [01m[K/home/ubuntu/workspace/robotics_v1/src/robo_miner/robo_miner_controller/src/robo_miner_controller.cpp:5[m[K:
[5.580s] [01m[K/home/ubuntu/workspace/robotics_v1/src/robo_miner/robo_miner_controller/include/robo_miner_controller/Application1/Application1.hpp:19:23:[m[K [01;36m[Knote: [m[K‘[01m[Kconstexpr const char* const GET_MINE_ID[m[K’ previously defined here
[5.580s]    19 | constexpr const char *[01;36m[KGET_MINE_ID[m[K = "get_item";
[5.581s]       |                       [01;36m[K^~~~~~~~~~~[m[K
[5.581s] [01m[K/home/ubuntu/workspace/robotics_v1/src/robo_miner/robo_miner_controller/src/robo_miner_controller.cpp:7:23:[m[K [01;31m[Kerror: [m[Kredefinition of ‘[01m[Kconstexpr const char* const LONGEST_SEQUENCE_VALIDATION[m[K’
[5.581s]     7 | constexpr const char *[01;31m[KLONGEST_SEQUENCE_VALIDATION[m[K = "longest_sequence_validate";
[5.581s]       |                       [01;31m[K^~~~~~~~~~~~~~~~~~~~~~~~~~~[m[K
[5.581s] In file included from [01m[K/home/ubuntu/workspace/robotics_v1/src/robo_miner/robo_miner_controller/src/robo_miner_controller.cpp:5[m[K:
[5.581s] [01m[K/home/ubuntu/workspace/robotics_v1/src/robo_miner/robo_miner_controller/include/robo_miner_controller/Application1/Application1.hpp:17:23:[m[K [01;36m[Knote: [m[K‘[01m[Kconstexpr const char* const LONGEST_SEQUENCE_VALIDATION[m[K’ previously defined here
[5.582s]    17 | constexpr const char *[01;36m[KLONGEST_SEQUENCE_VALIDATION[m[K = "longest_sequence_validate";
[5.582s]       |                       [01;36m[K^~~~~~~~~~~~~~~~~~~~~~~~~~~[m[K
[5.645s] [01m[K/home/ubuntu/workspace/robotics_v1/src/robo_miner/robo_miner_controller/src/robo_miner_controller.cpp:[m[K In member function ‘[01m[Kstd::pair<unsigned char, bool> RoboLongestGem::getInfo(int, int)[m[K’:
[5.645s] [01m[K/home/ubuntu/workspace/robotics_v1/src/robo_miner/robo_miner_controller/src/robo_miner_controller.cpp:31:6:[m[K [01;31m[Kerror: [m[Kreturn-statement with no value, in function returning ‘[01m[Kstd::pair<unsigned char, bool>[m[K’ [[01;31m[K-fpermissive[m[K]
[5.645s]    31 |      [01;31m[Kreturn[m[K;
[5.645s]       |      [01;31m[K^~~~~~[m[K
[5.684s] [01m[K/home/ubuntu/workspace/robotics_v1/src/robo_miner/robo_miner_controller/src/robo_miner_controller.cpp:[m[K In member function ‘[01m[Kstd::pair<int, int> RoboLongestGem::indexesBiggestGem()[m[K’:
[5.684s] [01m[K/home/ubuntu/workspace/robotics_v1/src/robo_miner/robo_miner_controller/src/robo_miner_controller.cpp:98:11:[m[K [01;35m[Kwarning: [m[Kcomparison of integer expressions of different signedness: ‘[01m[Kint[m[K’ and ‘[01m[Kstd::vector<std::pair<unsigned char, std::pair<int, int> > >::size_type[m[K’ {aka ‘[01m[Klong unsigned int[m[K’} [[01;35m[K-Wsign-compare[m[K]
[5.684s]    98 |     if([01;35m[Kmax<gems[i].size()[m[K){
[5.684s]       |        [01;35m[K~~~^~~~~~~~~~~~~~~[m[K
[5.688s] [01m[K/home/ubuntu/workspace/robotics_v1/src/robo_miner/robo_miner_controller/src/robo_miner_controller.cpp:[m[K In member function ‘[01m[Kstd::shared_ptr<robo_miner_interfaces::srv::LongestSequenceValidate_Request_<std::allocator<void> > > RoboLongestGem::longest_gem()[m[K’:
[5.688s] [01m[K/home/ubuntu/workspace/robotics_v1/src/robo_miner/robo_miner_controller/src/robo_miner_controller.cpp:106:8:[m[K [01;35m[Kwarning: [m[Kunused variable ‘[01m[Kmax[m[K’ [[01;35m[K-Wunused-variable[m[K]
[5.688s]   106 |    int [01;35m[Kmax[m[K= indexesBiggestGem().first;
[5.688s]       |        [01;35m[K^~~[m[K
[8.510s] In file included from [01m[K/home/ubuntu/workspace/robotics_v1/src/robo_miner/robo_miner_controller/include/robo_miner_controller/Application1/Application1.hpp:27[m[K,
[8.510s]                  from [01m[K/home/ubuntu/workspace/robotics_v1/src/robo_miner/robo_miner_controller/src/robo_miner_controller.cpp:5[m[K:
[8.510s] [01m[K/home/ubuntu/workspace/robotics_v1/src/robo_miner/robo_miner_controller/include/robo_miner_controller/RobotMoveLogistics/RobotMoveLogistics.hpp:[m[K In member function ‘[01m[Kstd::shared_ptr<MapNode> RobotMoverLogistics::get(int, int)[m[K’:
[8.510s] [01m[K/home/ubuntu/workspace/robotics_v1/src/robo_miner/robo_miner_controller/include/robo_miner_controller/RobotMoveLogistics/RobotMoveLogistics.hpp:71:3:[m[K [01;35m[Kwarning: [m[Kcontrol reaches end of non-void function [[01;35m[K-Wreturn-type[m[K]
[8.511s]    71 |   [01;35m[K}[m[K
[8.511s]       |   [01;35m[K^[m[K
[8.655s] [01m[K/home/ubuntu/workspace/robotics_v1/src/robo_miner/robo_miner_controller/src/robo_miner_controller.cpp:[m[K In member function ‘[01m[Kstd::pair<unsigned char, bool> RoboLongestGem::getInfo(int, int)[m[K’:
[8.655s] [01m[K/home/ubuntu/workspace/robotics_v1/src/robo_miner/robo_miner_controller/src/robo_miner_controller.cpp:44:2:[m[K [01;35m[Kwarning: [m[Kcontrol reaches end of non-void function [[01;35m[K-Wreturn-type[m[K]
[8.655s]    44 |  [01;35m[K}[m[K
[8.656s]       |  [01;35m[K^[m[K
[8.733s] In file included from [01m[K/home/ubuntu/workspace/robotics_v1/src/robo_miner/robo_miner_controller/include/robo_miner_controller/Application1/Application1.hpp:27[m[K,
[8.733s]                  from [01m[K/home/ubuntu/workspace/robotics_v1/src/robo_miner/robo_miner_controller/src/robo_miner_controller.cpp:5[m[K:
[8.734s] [01m[K/home/ubuntu/workspace/robotics_v1/src/robo_miner/robo_miner_controller/include/robo_miner_controller/RobotMoveLogistics/RobotMoveLogistics.hpp:[m[K In member function ‘[01m[Kstd::vector<MapNodeFields> RobotMoverLogistics::BFS(int, int)[m[K’:
[8.734s] [01m[K/home/ubuntu/workspace/robotics_v1/src/robo_miner/robo_miner_controller/include/robo_miner_controller/RobotMoveLogistics/RobotMoveLogistics.hpp:472:18:[m[K [01;35m[Kwarning: [m[Kthis statement may fall through [[01;35m[K-Wimplicit-fallthrough=[m[K]
[8.734s]   472 |       std::cout<<[01;35m[K"UP-> "[m[K;
[8.734s]       |                  [01;35m[K^~~~~~~[m[K
[8.734s] [01m[K/home/ubuntu/workspace/robotics_v1/src/robo_miner/robo_miner_controller/include/robo_miner_controller/RobotMoveLogistics/RobotMoveLogistics.hpp:474:6:[m[K [01;36m[Knote: [m[Khere
[8.734s]   474 |      [01;36m[Kcase[m[K DOWN:
[8.734s]       |      [01;36m[K^~~~[m[K
[8.808s] make[2]: *** [CMakeFiles/robo_miner_controller.dir/build.make:63: CMakeFiles/robo_miner_controller.dir/src/robo_miner_controller.cpp.o] Error 1
[8.809s] make[1]: *** [CMakeFiles/Makefile2:78: CMakeFiles/robo_miner_controller.dir/all] Error 2
[8.811s] make: *** [Makefile:141: all] Error 2
[8.813s] Invoked command in '/home/ubuntu/workspace/robotics_v1/build/robo_miner_controller' returned '2': AMENT_PREFIX_PATH=/home/ubuntu/workspace/robotics_v1/install/robo_miner_interfaces:${AMENT_PREFIX_PATH} CMAKE_PREFIX_PATH=/home/ubuntu/workspace/robotics_v1/install/robo_miner_interfaces:/opt/ros/foxy LD_LIBRARY_PATH=/home/ubuntu/workspace/robotics_v1/install/robo_miner_interfaces/lib:${LD_LIBRARY_PATH} PYTHONPATH=/home/ubuntu/workspace/robotics_v1/install/robo_miner_interfaces/lib/python3.8/site-packages:${PYTHONPATH} /usr/bin/cmake --build /home/ubuntu/workspace/robotics_v1/build/robo_miner_controller -- -j4 -l4
