[0.065s] Invoking command in '/home/ubuntu/workspace/robotics_v1/build/utils': CMAKE_PREFIX_PATH=/home/ubuntu/workspace/robotics_v1/install/cmake_helpers:/opt/ros/foxy PKG_CONFIG_PATH=/home/ubuntu/workspace/robotics_v1/install/cmake_helpers/lib/x86_64-linux-gnu/pkgconfig:/home/ubuntu/workspace/robotics_v1/install/cmake_helpers/lib/pkgconfig /usr/bin/cmake --build /home/ubuntu/workspace/robotics_v1/build/utils -- -j4 -l4
[0.500s] [100%] Built target utils
[0.526s] Invoked command in '/home/ubuntu/workspace/robotics_v1/build/utils' returned '0': CMAKE_PREFIX_PATH=/home/ubuntu/workspace/robotics_v1/install/cmake_helpers:/opt/ros/foxy PKG_CONFIG_PATH=/home/ubuntu/workspace/robotics_v1/install/cmake_helpers/lib/x86_64-linux-gnu/pkgconfig:/home/ubuntu/workspace/robotics_v1/install/cmake_helpers/lib/pkgconfig /usr/bin/cmake --build /home/ubuntu/workspace/robotics_v1/build/utils -- -j4 -l4
[1.356s] Invoking command in '/home/ubuntu/workspace/robotics_v1/build/utils': CMAKE_PREFIX_PATH=/home/ubuntu/workspace/robotics_v1/install/cmake_helpers:/opt/ros/foxy PKG_CONFIG_PATH=/home/ubuntu/workspace/robotics_v1/install/cmake_helpers/lib/x86_64-linux-gnu/pkgconfig:/home/ubuntu/workspace/robotics_v1/install/cmake_helpers/lib/pkgconfig /usr/bin/cmake --install /home/ubuntu/workspace/robotics_v1/build/utils
[1.401s] -- Install configuration: "Debug"
[1.402s] -- Up-to-date: /home/ubuntu/workspace/robotics_v1/install/utils/share/utils/package.xml
[1.408s] -- Up-to-date: /home/ubuntu/workspace/robotics_v1/install/utils/lib/utils/libutils.a
[1.409s] -- Installing: /home/ubuntu/workspace/robotics_v1/install/utils/share/ament_index/resource_index/packages/utils
[1.409s] -- Up-to-date: /home/ubuntu/workspace/robotics_v1/install/utils/share/utils/hook/ament_prefix_path.dsv
[1.410s] -- Up-to-date: /home/ubuntu/workspace/robotics_v1/install/utils/share/utils/hook/ros_package_path.dsv
[1.410s] -- Up-to-date: /home/ubuntu/workspace/robotics_v1/install/utils/share/ament_index/resource_index/package_run_dependencies/utils
[1.411s] -- Up-to-date: /home/ubuntu/workspace/robotics_v1/install/utils/share/ament_index/resource_index/parent_prefix_path/utils
[1.411s] -- Up-to-date: /home/ubuntu/workspace/robotics_v1/install/utils/share/utils/environment/ament_prefix_path.sh
[1.412s] -- Up-to-date: /home/ubuntu/workspace/robotics_v1/install/utils/share/utils/environment/ament_prefix_path.dsv
[1.412s] -- Up-to-date: /home/ubuntu/workspace/robotics_v1/install/utils/share/utils/environment/path.sh
[1.413s] -- Up-to-date: /home/ubuntu/workspace/robotics_v1/install/utils/share/utils/environment/path.dsv
[1.413s] -- Up-to-date: /home/ubuntu/workspace/robotics_v1/install/utils/share/utils/local_setup.bash
[1.414s] -- Up-to-date: /home/ubuntu/workspace/robotics_v1/install/utils/share/utils/local_setup.sh
[1.414s] -- Up-to-date: /home/ubuntu/workspace/robotics_v1/install/utils/share/utils/local_setup.zsh
[1.415s] -- Up-to-date: /home/ubuntu/workspace/robotics_v1/install/utils/share/utils/local_setup.dsv
[1.415s] -- Installing: /home/ubuntu/workspace/robotics_v1/install/utils/share/utils/package.dsv
[1.417s] -- Installing: /home/ubuntu/workspace/robotics_v1/install/utils/share/ament_index/resource_index/packages/utils
[1.417s] -- Up-to-date: /home/ubuntu/workspace/robotics_v1/install/utils/share/utils/cmake/utilsConfig.cmake
[1.418s] -- Up-to-date: /home/ubuntu/workspace/robotics_v1/install/utils/share/utils/cmake/utilsConfig-version.cmake
[1.418s] -- Up-to-date: /home/ubuntu/workspace/robotics_v1/install/utils/share/utils/package.xml
[1.419s] -- Up-to-date: /home/ubuntu/workspace/robotics_v1/install/utils/lib/libutils.a
[1.419s] -- Up-to-date: /home/ubuntu/workspace/robotics_v1/install/utils/include
[1.420s] -- Up-to-date: /home/ubuntu/workspace/robotics_v1/install/utils/include/utils
[1.420s] -- Up-to-date: /home/ubuntu/workspace/robotics_v1/install/utils/include/utils/concurrency
[1.420s] -- Up-to-date: /home/ubuntu/workspace/robotics_v1/install/utils/include/utils/concurrency/ThreadSafeQueue.h
[1.421s] -- Up-to-date: /home/ubuntu/workspace/robotics_v1/install/utils/include/utils/Log.h
[1.421s] -- Up-to-date: /home/ubuntu/workspace/robotics_v1/install/utils/include/utils/ErrorCode.h
[1.422s] -- Up-to-date: /home/ubuntu/workspace/robotics_v1/install/utils/include/utils/rng
[1.422s] -- Up-to-date: /home/ubuntu/workspace/robotics_v1/install/utils/include/utils/rng/Rng.h
[1.422s] -- Up-to-date: /home/ubuntu/workspace/robotics_v1/install/utils/include/utils/time
[1.422s] -- Up-to-date: /home/ubuntu/workspace/robotics_v1/install/utils/include/utils/time/Time.h
[1.423s] -- Up-to-date: /home/ubuntu/workspace/robotics_v1/install/utils/include/utils/drawing
[1.427s] -- Up-to-date: /home/ubuntu/workspace/robotics_v1/install/utils/include/utils/drawing/WidgetAligner.h
[1.428s] -- Up-to-date: /home/ubuntu/workspace/robotics_v1/install/utils/include/utils/drawing/Point.h
[1.429s] -- Up-to-date: /home/ubuntu/workspace/robotics_v1/install/utils/include/utils/drawing/Rectangle.h
[1.429s] -- Up-to-date: /home/ubuntu/workspace/robotics_v1/install/utils/include/utils/drawing/Margin.h
[1.430s] -- Up-to-date: /home/ubuntu/workspace/robotics_v1/install/utils/include/utils/drawing/Color.h
[1.430s] -- Up-to-date: /home/ubuntu/workspace/robotics_v1/install/utils/include/utils/file
[1.431s] -- Up-to-date: /home/ubuntu/workspace/robotics_v1/install/utils/include/utils/file/IniFileParser.h
[1.432s] -- Up-to-date: /home/ubuntu/workspace/robotics_v1/install/utils/include/utils/file_system
[1.432s] -- Up-to-date: /home/ubuntu/workspace/robotics_v1/install/utils/include/utils/file_system/FileSystemUtils.h
[1.432s] -- Up-to-date: /home/ubuntu/workspace/robotics_v1/install/utils/include/utils/data_type
[1.433s] -- Up-to-date: /home/ubuntu/workspace/robotics_v1/install/utils/include/utils/data_type/StringUtils.h
[1.433s] -- Up-to-date: /home/ubuntu/workspace/robotics_v1/install/utils/include/utils/data_type/EnumClassUtils.h
[1.433s] -- Up-to-date: /home/ubuntu/workspace/robotics_v1/install/utils/include/utils/data_type/FloatingPointUtils.h
[1.434s] -- Up-to-date: /home/ubuntu/workspace/robotics_v1/install/utils/include/utils/data_type/FloatingPoint.h
[1.434s] -- Up-to-date: /home/ubuntu/workspace/robotics_v1/install/utils/include/utils/data_type/IntegerUtils.h
[1.434s] -- Up-to-date: /home/ubuntu/workspace/robotics_v1/install/utils/include/utils/LimitValues.h
[1.435s] -- Up-to-date: /home/ubuntu/workspace/robotics_v1/install/utils/include/utils/common
[1.435s] -- Up-to-date: /home/ubuntu/workspace/robotics_v1/install/utils/include/utils/common/Crc.h
[1.435s] -- Up-to-date: /home/ubuntu/workspace/robotics_v1/install/utils/include/utils/common/AutoCircularBuffer.h
[1.436s] -- Up-to-date: /home/ubuntu/workspace/robotics_v1/install/utils/include/utils/common/CircularBuffer.h
[1.436s] -- Up-to-date: /home/ubuntu/workspace/robotics_v1/install/utils/include/utils/common/defines
[1.437s] -- Up-to-date: /home/ubuntu/workspace/robotics_v1/install/utils/include/utils/common/defines/SymbolNameDefines.h
[1.437s] -- Up-to-date: /home/ubuntu/workspace/robotics_v1/install/utils/include/utils/debug
[1.437s] -- Up-to-date: /home/ubuntu/workspace/robotics_v1/install/utils/include/utils/debug/StackTrace.h
[1.438s] -- Up-to-date: /home/ubuntu/workspace/robotics_v1/install/utils/include/utils/debug/FunctionTracer.h
[1.438s] -- Up-to-date: /home/ubuntu/workspace/robotics_v1/install/utils/include/utils/debug/SignalHandler.h
[1.438s] -- Up-to-date: /home/ubuntu/workspace/robotics_v1/install/utils/include/utils/class
[1.439s] -- Up-to-date: /home/ubuntu/workspace/robotics_v1/install/utils/include/utils/class/NonMoveable.h
[1.439s] -- Up-to-date: /home/ubuntu/workspace/robotics_v1/install/utils/include/utils/class/NonCopyable.h
[1.445s] -- Up-to-date: /home/ubuntu/workspace/robotics_v1/install/utils/lib/cmake/utils/utilsTargets.cmake
[1.445s] -- Up-to-date: /home/ubuntu/workspace/robotics_v1/install/utils/lib/cmake/utils/utilsTargets-debug.cmake
[1.446s] -- Up-to-date: /home/ubuntu/workspace/robotics_v1/install/utils/lib/cmake/utils/utilsConfig.cmake
[1.457s] Invoked command in '/home/ubuntu/workspace/robotics_v1/build/utils' returned '0': CMAKE_PREFIX_PATH=/home/ubuntu/workspace/robotics_v1/install/cmake_helpers:/opt/ros/foxy PKG_CONFIG_PATH=/home/ubuntu/workspace/robotics_v1/install/cmake_helpers/lib/x86_64-linux-gnu/pkgconfig:/home/ubuntu/workspace/robotics_v1/install/cmake_helpers/lib/pkgconfig /usr/bin/cmake --install /home/ubuntu/workspace/robotics_v1/build/utils
