[0.140s] Invoking command in '/home/ubuntu/workspace/robotics_v1/build/ur_description': CMAKE_PREFIX_PATH=/opt/ros/foxy /usr/bin/cmake --build /home/ubuntu/workspace/robotics_v1/build/ur_description -- -j4 -l4
[0.243s] Invoked command in '/home/ubuntu/workspace/robotics_v1/build/ur_description' returned '0': CMAKE_PREFIX_PATH=/opt/ros/foxy /usr/bin/cmake --build /home/ubuntu/workspace/robotics_v1/build/ur_description -- -j4 -l4
[0.315s] Invoking command in '/home/ubuntu/workspace/robotics_v1/build/ur_description': CMAKE_PREFIX_PATH=/opt/ros/foxy /usr/bin/cmake --install /home/ubuntu/workspace/robotics_v1/build/ur_description
[0.352s] -- Install configuration: "Debug"
[0.357s] -- Execute custom install script
[0.371s] -- Up-to-date symlink: /home/ubuntu/workspace/robotics_v1/install/ur_description/share/ur_description/config/initial_positions.yaml
[0.378s] -- Up-to-date symlink: /home/ubuntu/workspace/robotics_v1/install/ur_description/share/ur_description/config/ur10/default_kinematics.yaml
[0.378s] -- Up-to-date symlink: /home/ubuntu/workspace/robotics_v1/install/ur_description/share/ur_description/config/ur10/joint_limits.yaml
[0.379s] -- Up-to-date symlink: /home/ubuntu/workspace/robotics_v1/install/ur_description/share/ur_description/config/ur10/physical_parameters.yaml
[0.379s] -- Up-to-date symlink: /home/ubuntu/workspace/robotics_v1/install/ur_description/share/ur_description/config/ur10/visual_parameters.yaml
[0.379s] -- Up-to-date symlink: /home/ubuntu/workspace/robotics_v1/install/ur_description/share/ur_description/config/ur10e/default_kinematics.yaml
[0.380s] -- Up-to-date symlink: /home/ubuntu/workspace/robotics_v1/install/ur_description/share/ur_description/config/ur10e/joint_limits.yaml
[0.380s] -- Up-to-date symlink: /home/ubuntu/workspace/robotics_v1/install/ur_description/share/ur_description/config/ur10e/physical_parameters.yaml
[0.382s] -- Up-to-date symlink: /home/ubuntu/workspace/robotics_v1/install/ur_description/share/ur_description/config/ur10e/visual_parameters.yaml
[0.384s] -- Up-to-date symlink: /home/ubuntu/workspace/robotics_v1/install/ur_description/share/ur_description/config/ur16e/default_kinematics.yaml
[0.385s] -- Up-to-date symlink: /home/ubuntu/workspace/robotics_v1/install/ur_description/share/ur_description/config/ur16e/joint_limits.yaml
[0.386s] -- Up-to-date symlink: /home/ubuntu/workspace/robotics_v1/install/ur_description/share/ur_description/config/ur16e/physical_parameters.yaml
[0.387s] -- Up-to-date symlink: /home/ubuntu/workspace/robotics_v1/install/ur_description/share/ur_description/config/ur16e/visual_parameters.yaml
[0.388s] -- Up-to-date symlink: /home/ubuntu/workspace/robotics_v1/install/ur_description/share/ur_description/config/ur3/default_kinematics.yaml
[0.391s] -- Up-to-date symlink: /home/ubuntu/workspace/robotics_v1/install/ur_description/share/ur_description/config/ur3/joint_limits.yaml
[0.391s] -- Up-to-date symlink: /home/ubuntu/workspace/robotics_v1/install/ur_description/share/ur_description/config/ur3/physical_parameters.yaml
[0.392s] -- Up-to-date symlink: /home/ubuntu/workspace/robotics_v1/install/ur_description/share/ur_description/config/ur3/visual_parameters.yaml
[0.394s] -- Up-to-date symlink: /home/ubuntu/workspace/robotics_v1/install/ur_description/share/ur_description/config/ur3e/default_kinematics.yaml
[0.395s] -- Up-to-date symlink: /home/ubuntu/workspace/robotics_v1/install/ur_description/share/ur_description/config/ur3e/joint_limits.yaml
[0.401s] -- Up-to-date symlink: /home/ubuntu/workspace/robotics_v1/install/ur_description/share/ur_description/config/ur3e/physical_parameters.yaml
[0.403s] -- Up-to-date symlink: /home/ubuntu/workspace/robotics_v1/install/ur_description/share/ur_description/config/ur3e/visual_parameters.yaml
[0.404s] -- Up-to-date symlink: /home/ubuntu/workspace/robotics_v1/install/ur_description/share/ur_description/config/ur5/default_kinematics.yaml
[0.406s] -- Up-to-date symlink: /home/ubuntu/workspace/robotics_v1/install/ur_description/share/ur_description/config/ur5/joint_limits.yaml
[0.407s] -- Up-to-date symlink: /home/ubuntu/workspace/robotics_v1/install/ur_description/share/ur_description/config/ur5/physical_parameters.yaml
[0.410s] -- Up-to-date symlink: /home/ubuntu/workspace/robotics_v1/install/ur_description/share/ur_description/config/ur5/visual_parameters.yaml
[0.410s] -- Up-to-date symlink: /home/ubuntu/workspace/robotics_v1/install/ur_description/share/ur_description/config/ur5e/default_kinematics.yaml
[0.412s] -- Up-to-date symlink: /home/ubuntu/workspace/robotics_v1/install/ur_description/share/ur_description/config/ur5e/joint_limits.yaml
[0.413s] -- Up-to-date symlink: /home/ubuntu/workspace/robotics_v1/install/ur_description/share/ur_description/config/ur5e/physical_parameters.yaml
[0.416s] -- Up-to-date symlink: /home/ubuntu/workspace/robotics_v1/install/ur_description/share/ur_description/config/ur5e/visual_parameters.yaml
[0.420s] -- Up-to-date symlink: /home/ubuntu/workspace/robotics_v1/install/ur_description/share/ur_description/launch/view_ur.launch.py
[0.430s] -- Up-to-date symlink: /home/ubuntu/workspace/robotics_v1/install/ur_description/share/ur_description/meshes/ur10/collision/base.stl
[0.433s] -- Up-to-date symlink: /home/ubuntu/workspace/robotics_v1/install/ur_description/share/ur_description/meshes/ur10/collision/forearm.stl
[0.434s] -- Up-to-date symlink: /home/ubuntu/workspace/robotics_v1/install/ur_description/share/ur_description/meshes/ur10/collision/shoulder.stl
[0.438s] -- Up-to-date symlink: /home/ubuntu/workspace/robotics_v1/install/ur_description/share/ur_description/meshes/ur10/collision/upperarm.stl
[0.439s] -- Up-to-date symlink: /home/ubuntu/workspace/robotics_v1/install/ur_description/share/ur_description/meshes/ur10/collision/wrist1.stl
[0.442s] -- Up-to-date symlink: /home/ubuntu/workspace/robotics_v1/install/ur_description/share/ur_description/meshes/ur10/collision/wrist2.stl
[0.444s] -- Up-to-date symlink: /home/ubuntu/workspace/robotics_v1/install/ur_description/share/ur_description/meshes/ur10/collision/wrist3.stl
[0.445s] -- Up-to-date symlink: /home/ubuntu/workspace/robotics_v1/install/ur_description/share/ur_description/meshes/ur10/visual/base.dae
[0.447s] -- Up-to-date symlink: /home/ubuntu/workspace/robotics_v1/install/ur_description/share/ur_description/meshes/ur10/visual/forearm.dae
[0.448s] -- Up-to-date symlink: /home/ubuntu/workspace/robotics_v1/install/ur_description/share/ur_description/meshes/ur10/visual/shoulder.dae
[0.450s] -- Up-to-date symlink: /home/ubuntu/workspace/robotics_v1/install/ur_description/share/ur_description/meshes/ur10/visual/upperarm.dae
[0.452s] -- Up-to-date symlink: /home/ubuntu/workspace/robotics_v1/install/ur_description/share/ur_description/meshes/ur10/visual/wrist1.dae
[0.454s] -- Up-to-date symlink: /home/ubuntu/workspace/robotics_v1/install/ur_description/share/ur_description/meshes/ur10/visual/wrist2.dae
[0.455s] -- Up-to-date symlink: /home/ubuntu/workspace/robotics_v1/install/ur_description/share/ur_description/meshes/ur10/visual/wrist3.dae
[0.456s] -- Up-to-date symlink: /home/ubuntu/workspace/robotics_v1/install/ur_description/share/ur_description/meshes/ur10e/collision/base.stl
[0.458s] -- Up-to-date symlink: /home/ubuntu/workspace/robotics_v1/install/ur_description/share/ur_description/meshes/ur10e/collision/forearm.stl
[0.459s] -- Up-to-date symlink: /home/ubuntu/workspace/robotics_v1/install/ur_description/share/ur_description/meshes/ur10e/collision/shoulder.stl
[0.461s] -- Up-to-date symlink: /home/ubuntu/workspace/robotics_v1/install/ur_description/share/ur_description/meshes/ur10e/collision/upperarm.stl
[0.463s] -- Up-to-date symlink: /home/ubuntu/workspace/robotics_v1/install/ur_description/share/ur_description/meshes/ur10e/collision/wrist1.stl
[0.464s] -- Up-to-date symlink: /home/ubuntu/workspace/robotics_v1/install/ur_description/share/ur_description/meshes/ur10e/collision/wrist2.stl
[0.465s] -- Up-to-date symlink: /home/ubuntu/workspace/robotics_v1/install/ur_description/share/ur_description/meshes/ur10e/collision/wrist3.stl
[0.469s] -- Up-to-date symlink: /home/ubuntu/workspace/robotics_v1/install/ur_description/share/ur_description/meshes/ur10e/visual/base.dae
[0.470s] -- Up-to-date symlink: /home/ubuntu/workspace/robotics_v1/install/ur_description/share/ur_description/meshes/ur10e/visual/forearm.dae
[0.472s] -- Up-to-date symlink: /home/ubuntu/workspace/robotics_v1/install/ur_description/share/ur_description/meshes/ur10e/visual/shoulder.dae
[0.473s] -- Up-to-date symlink: /home/ubuntu/workspace/robotics_v1/install/ur_description/share/ur_description/meshes/ur10e/visual/upperarm.dae
[0.474s] -- Up-to-date symlink: /home/ubuntu/workspace/robotics_v1/install/ur_description/share/ur_description/meshes/ur10e/visual/wrist1.dae
[0.476s] -- Up-to-date symlink: /home/ubuntu/workspace/robotics_v1/install/ur_description/share/ur_description/meshes/ur10e/visual/wrist2.dae
[0.477s] -- Up-to-date symlink: /home/ubuntu/workspace/robotics_v1/install/ur_description/share/ur_description/meshes/ur10e/visual/wrist3.dae
[0.479s] -- Up-to-date symlink: /home/ubuntu/workspace/robotics_v1/install/ur_description/share/ur_description/meshes/ur16e/collision/forearm.stl
[0.480s] -- Up-to-date symlink: /home/ubuntu/workspace/robotics_v1/install/ur_description/share/ur_description/meshes/ur16e/collision/upperarm.stl
[0.482s] -- Up-to-date symlink: /home/ubuntu/workspace/robotics_v1/install/ur_description/share/ur_description/meshes/ur16e/visual/forearm.dae
[0.486s] -- Up-to-date symlink: /home/ubuntu/workspace/robotics_v1/install/ur_description/share/ur_description/meshes/ur16e/visual/upperarm.dae
[0.487s] -- Up-to-date symlink: /home/ubuntu/workspace/robotics_v1/install/ur_description/share/ur_description/meshes/ur3/collision/base.stl
[0.488s] -- Up-to-date symlink: /home/ubuntu/workspace/robotics_v1/install/ur_description/share/ur_description/meshes/ur3/collision/forearm.stl
[0.491s] -- Up-to-date symlink: /home/ubuntu/workspace/robotics_v1/install/ur_description/share/ur_description/meshes/ur3/collision/shoulder.stl
[0.492s] -- Up-to-date symlink: /home/ubuntu/workspace/robotics_v1/install/ur_description/share/ur_description/meshes/ur3/collision/upperarm.stl
[0.494s] -- Up-to-date symlink: /home/ubuntu/workspace/robotics_v1/install/ur_description/share/ur_description/meshes/ur3/collision/wrist1.stl
[0.496s] -- Up-to-date symlink: /home/ubuntu/workspace/robotics_v1/install/ur_description/share/ur_description/meshes/ur3/collision/wrist2.stl
[0.498s] -- Up-to-date symlink: /home/ubuntu/workspace/robotics_v1/install/ur_description/share/ur_description/meshes/ur3/collision/wrist3.stl
[0.499s] -- Up-to-date symlink: /home/ubuntu/workspace/robotics_v1/install/ur_description/share/ur_description/meshes/ur3/visual/base.dae
[0.503s] -- Up-to-date symlink: /home/ubuntu/workspace/robotics_v1/install/ur_description/share/ur_description/meshes/ur3/visual/forearm.dae
[0.510s] -- Up-to-date symlink: /home/ubuntu/workspace/robotics_v1/install/ur_description/share/ur_description/meshes/ur3/visual/shoulder.dae
[0.512s] -- Up-to-date symlink: /home/ubuntu/workspace/robotics_v1/install/ur_description/share/ur_description/meshes/ur3/visual/upperarm.dae
[0.514s] -- Up-to-date symlink: /home/ubuntu/workspace/robotics_v1/install/ur_description/share/ur_description/meshes/ur3/visual/wrist1.dae
[0.514s] -- Up-to-date symlink: /home/ubuntu/workspace/robotics_v1/install/ur_description/share/ur_description/meshes/ur3/visual/wrist2.dae
[0.521s] -- Up-to-date symlink: /home/ubuntu/workspace/robotics_v1/install/ur_description/share/ur_description/meshes/ur3/visual/wrist3.dae
[0.521s] -- Up-to-date symlink: /home/ubuntu/workspace/robotics_v1/install/ur_description/share/ur_description/meshes/ur3e/collision/base.stl
[0.522s] -- Up-to-date symlink: /home/ubuntu/workspace/robotics_v1/install/ur_description/share/ur_description/meshes/ur3e/collision/forearm.stl
[0.523s] -- Up-to-date symlink: /home/ubuntu/workspace/robotics_v1/install/ur_description/share/ur_description/meshes/ur3e/collision/shoulder.stl
[0.523s] -- Up-to-date symlink: /home/ubuntu/workspace/robotics_v1/install/ur_description/share/ur_description/meshes/ur3e/collision/upperarm.stl
[0.525s] -- Up-to-date symlink: /home/ubuntu/workspace/robotics_v1/install/ur_description/share/ur_description/meshes/ur3e/collision/wrist1.stl
[0.526s] -- Up-to-date symlink: /home/ubuntu/workspace/robotics_v1/install/ur_description/share/ur_description/meshes/ur3e/collision/wrist2.stl
[0.527s] -- Up-to-date symlink: /home/ubuntu/workspace/robotics_v1/install/ur_description/share/ur_description/meshes/ur3e/collision/wrist3.stl
[0.528s] -- Up-to-date symlink: /home/ubuntu/workspace/robotics_v1/install/ur_description/share/ur_description/meshes/ur3e/visual/base.dae
[0.528s] -- Up-to-date symlink: /home/ubuntu/workspace/robotics_v1/install/ur_description/share/ur_description/meshes/ur3e/visual/forearm.dae
[0.530s] -- Up-to-date symlink: /home/ubuntu/workspace/robotics_v1/install/ur_description/share/ur_description/meshes/ur3e/visual/shoulder.dae
[0.531s] -- Up-to-date symlink: /home/ubuntu/workspace/robotics_v1/install/ur_description/share/ur_description/meshes/ur3e/visual/upperarm.dae
[0.531s] -- Up-to-date symlink: /home/ubuntu/workspace/robotics_v1/install/ur_description/share/ur_description/meshes/ur3e/visual/wrist1.dae
[0.531s] -- Up-to-date symlink: /home/ubuntu/workspace/robotics_v1/install/ur_description/share/ur_description/meshes/ur3e/visual/wrist2.dae
[0.532s] -- Up-to-date symlink: /home/ubuntu/workspace/robotics_v1/install/ur_description/share/ur_description/meshes/ur3e/visual/wrist3.dae
[0.534s] -- Up-to-date symlink: /home/ubuntu/workspace/robotics_v1/install/ur_description/share/ur_description/meshes/ur5/collision/base.stl
[0.537s] -- Up-to-date symlink: /home/ubuntu/workspace/robotics_v1/install/ur_description/share/ur_description/meshes/ur5/collision/forearm.stl
[0.538s] -- Up-to-date symlink: /home/ubuntu/workspace/robotics_v1/install/ur_description/share/ur_description/meshes/ur5/collision/shoulder.stl
[0.538s] -- Up-to-date symlink: /home/ubuntu/workspace/robotics_v1/install/ur_description/share/ur_description/meshes/ur5/collision/upperarm.stl
[0.541s] -- Up-to-date symlink: /home/ubuntu/workspace/robotics_v1/install/ur_description/share/ur_description/meshes/ur5/collision/wrist1.stl
[0.541s] -- Up-to-date symlink: /home/ubuntu/workspace/robotics_v1/install/ur_description/share/ur_description/meshes/ur5/collision/wrist2.stl
[0.542s] -- Up-to-date symlink: /home/ubuntu/workspace/robotics_v1/install/ur_description/share/ur_description/meshes/ur5/collision/wrist3.stl
[0.542s] -- Up-to-date symlink: /home/ubuntu/workspace/robotics_v1/install/ur_description/share/ur_description/meshes/ur5/visual/base.dae
[0.542s] -- Up-to-date symlink: /home/ubuntu/workspace/robotics_v1/install/ur_description/share/ur_description/meshes/ur5/visual/forearm.dae
[0.545s] -- Up-to-date symlink: /home/ubuntu/workspace/robotics_v1/install/ur_description/share/ur_description/meshes/ur5/visual/shoulder.dae
[0.546s] -- Up-to-date symlink: /home/ubuntu/workspace/robotics_v1/install/ur_description/share/ur_description/meshes/ur5/visual/upperarm.dae
[0.547s] -- Up-to-date symlink: /home/ubuntu/workspace/robotics_v1/install/ur_description/share/ur_description/meshes/ur5/visual/wrist1.dae
[0.547s] -- Up-to-date symlink: /home/ubuntu/workspace/robotics_v1/install/ur_description/share/ur_description/meshes/ur5/visual/wrist2.dae
[0.548s] -- Up-to-date symlink: /home/ubuntu/workspace/robotics_v1/install/ur_description/share/ur_description/meshes/ur5/visual/wrist3.dae
[0.549s] -- Up-to-date symlink: /home/ubuntu/workspace/robotics_v1/install/ur_description/share/ur_description/meshes/ur5e/collision/base.stl
[0.549s] -- Up-to-date symlink: /home/ubuntu/workspace/robotics_v1/install/ur_description/share/ur_description/meshes/ur5e/collision/forearm.stl
[0.551s] -- Up-to-date symlink: /home/ubuntu/workspace/robotics_v1/install/ur_description/share/ur_description/meshes/ur5e/collision/shoulder.stl
[0.555s] -- Up-to-date symlink: /home/ubuntu/workspace/robotics_v1/install/ur_description/share/ur_description/meshes/ur5e/collision/upperarm.stl
[0.555s] -- Up-to-date symlink: /home/ubuntu/workspace/robotics_v1/install/ur_description/share/ur_description/meshes/ur5e/collision/wrist1.stl
[0.556s] -- Up-to-date symlink: /home/ubuntu/workspace/robotics_v1/install/ur_description/share/ur_description/meshes/ur5e/collision/wrist2.stl
[0.556s] -- Up-to-date symlink: /home/ubuntu/workspace/robotics_v1/install/ur_description/share/ur_description/meshes/ur5e/collision/wrist3.stl
[0.556s] -- Up-to-date symlink: /home/ubuntu/workspace/robotics_v1/install/ur_description/share/ur_description/meshes/ur5e/visual/base.dae
[0.556s] -- Up-to-date symlink: /home/ubuntu/workspace/robotics_v1/install/ur_description/share/ur_description/meshes/ur5e/visual/forearm.dae
[0.556s] -- Up-to-date symlink: /home/ubuntu/workspace/robotics_v1/install/ur_description/share/ur_description/meshes/ur5e/visual/shoulder.dae
[0.556s] -- Up-to-date symlink: /home/ubuntu/workspace/robotics_v1/install/ur_description/share/ur_description/meshes/ur5e/visual/upperarm.dae
[0.556s] -- Up-to-date symlink: /home/ubuntu/workspace/robotics_v1/install/ur_description/share/ur_description/meshes/ur5e/visual/wrist1.dae
[0.556s] -- Up-to-date symlink: /home/ubuntu/workspace/robotics_v1/install/ur_description/share/ur_description/meshes/ur5e/visual/wrist2.dae
[0.558s] -- Up-to-date symlink: /home/ubuntu/workspace/robotics_v1/install/ur_description/share/ur_description/meshes/ur5e/visual/wrist3.dae
[0.558s] -- Up-to-date symlink: /home/ubuntu/workspace/robotics_v1/install/ur_description/share/ur_description/rviz/view_robot.rviz
[0.558s] -- Up-to-date symlink: /home/ubuntu/workspace/robotics_v1/install/ur_description/share/ur_description/urdf/inc/ur_common.xacro
[0.558s] -- Up-to-date symlink: /home/ubuntu/workspace/robotics_v1/install/ur_description/share/ur_description/urdf/inc/ur_transmissions.xacro
[0.563s] -- Up-to-date symlink: /home/ubuntu/workspace/robotics_v1/install/ur_description/share/ur_description/urdf/ur.ros2_control.xacro
[0.564s] -- Up-to-date symlink: /home/ubuntu/workspace/robotics_v1/install/ur_description/share/ur_description/urdf/ur.urdf.xacro
[0.564s] -- Up-to-date symlink: /home/ubuntu/workspace/robotics_v1/install/ur_description/share/ur_description/urdf/ur_macro.xacro
[0.566s] -- Up-to-date symlink: /home/ubuntu/workspace/robotics_v1/install/ur_description/share/ament_index/resource_index/package_run_dependencies/ur_description
[0.567s] -- Up-to-date symlink: /home/ubuntu/workspace/robotics_v1/install/ur_description/share/ament_index/resource_index/parent_prefix_path/ur_description
[0.573s] -- Up-to-date symlink: /home/ubuntu/workspace/robotics_v1/install/ur_description/share/ur_description/environment/ament_prefix_path.sh
[0.573s] -- Up-to-date symlink: /home/ubuntu/workspace/robotics_v1/install/ur_description/share/ur_description/environment/ament_prefix_path.dsv
[0.577s] -- Up-to-date symlink: /home/ubuntu/workspace/robotics_v1/install/ur_description/share/ur_description/environment/path.sh
[0.585s] -- Up-to-date symlink: /home/ubuntu/workspace/robotics_v1/install/ur_description/share/ur_description/environment/path.dsv
[0.587s] -- Up-to-date symlink: /home/ubuntu/workspace/robotics_v1/install/ur_description/share/ur_description/local_setup.bash
[0.596s] -- Up-to-date symlink: /home/ubuntu/workspace/robotics_v1/install/ur_description/share/ur_description/local_setup.sh
[0.596s] -- Up-to-date symlink: /home/ubuntu/workspace/robotics_v1/install/ur_description/share/ur_description/local_setup.zsh
[0.603s] -- Up-to-date symlink: /home/ubuntu/workspace/robotics_v1/install/ur_description/share/ur_description/local_setup.dsv
[0.605s] -- Symlinking: /home/ubuntu/workspace/robotics_v1/install/ur_description/share/ur_description/package.dsv
[0.667s] -- Up-to-date symlink: /home/ubuntu/workspace/robotics_v1/install/ur_description/share/ament_index/resource_index/packages/ur_description
[0.668s] -- Up-to-date symlink: /home/ubuntu/workspace/robotics_v1/install/ur_description/share/ur_description/cmake/ur_descriptionConfig.cmake
[0.668s] -- Up-to-date symlink: /home/ubuntu/workspace/robotics_v1/install/ur_description/share/ur_description/cmake/ur_descriptionConfig-version.cmake
[0.669s] -- Up-to-date symlink: /home/ubuntu/workspace/robotics_v1/install/ur_description/share/ur_description/package.xml
[0.696s] Invoked command in '/home/ubuntu/workspace/robotics_v1/build/ur_description' returned '0': CMAKE_PREFIX_PATH=/opt/ros/foxy /usr/bin/cmake --install /home/ubuntu/workspace/robotics_v1/build/ur_description
