[0.074s] Invoking command in '/home/ubuntu/workspace/robotics_v1/build/sdl_utils': CMAKE_PREFIX_PATH=/home/ubuntu/workspace/robotics_v1/install/resource_utils:/home/ubuntu/workspace/robotics_v1/install/utils:/home/ubuntu/workspace/robotics_v1/install/cmake_helpers:/opt/ros/foxy PKG_CONFIG_PATH=/home/ubuntu/workspace/robotics_v1/install/resource_utils/lib/x86_64-linux-gnu/pkgconfig:/home/ubuntu/workspace/robotics_v1/install/resource_utils/lib/pkgconfig:/home/ubuntu/workspace/robotics_v1/install/utils/lib/x86_64-linux-gnu/pkgconfig:/home/ubuntu/workspace/robotics_v1/install/utils/lib/pkgconfig:/home/ubuntu/workspace/robotics_v1/install/cmake_helpers/lib/x86_64-linux-gnu/pkgconfig:/home/ubuntu/workspace/robotics_v1/install/cmake_helpers/lib/pkgconfig PS1=[\u@\h \W]$(git_branch)$ /usr/bin/cmake --build /home/ubuntu/workspace/robotics_v1/build/sdl_utils -- -j4 -l4
[0.368s] [100%] Built target sdl_utils
[0.398s] Invoked command in '/home/ubuntu/workspace/robotics_v1/build/sdl_utils' returned '0': CMAKE_PREFIX_PATH=/home/ubuntu/workspace/robotics_v1/install/resource_utils:/home/ubuntu/workspace/robotics_v1/install/utils:/home/ubuntu/workspace/robotics_v1/install/cmake_helpers:/opt/ros/foxy PKG_CONFIG_PATH=/home/ubuntu/workspace/robotics_v1/install/resource_utils/lib/x86_64-linux-gnu/pkgconfig:/home/ubuntu/workspace/robotics_v1/install/resource_utils/lib/pkgconfig:/home/ubuntu/workspace/robotics_v1/install/utils/lib/x86_64-linux-gnu/pkgconfig:/home/ubuntu/workspace/robotics_v1/install/utils/lib/pkgconfig:/home/ubuntu/workspace/robotics_v1/install/cmake_helpers/lib/x86_64-linux-gnu/pkgconfig:/home/ubuntu/workspace/robotics_v1/install/cmake_helpers/lib/pkgconfig PS1=[\u@\h \W]$(git_branch)$ /usr/bin/cmake --build /home/ubuntu/workspace/robotics_v1/build/sdl_utils -- -j4 -l4
[0.558s] Invoking command in '/home/ubuntu/workspace/robotics_v1/build/sdl_utils': CMAKE_PREFIX_PATH=/home/ubuntu/workspace/robotics_v1/install/resource_utils:/home/ubuntu/workspace/robotics_v1/install/utils:/home/ubuntu/workspace/robotics_v1/install/cmake_helpers:/opt/ros/foxy PKG_CONFIG_PATH=/home/ubuntu/workspace/robotics_v1/install/resource_utils/lib/x86_64-linux-gnu/pkgconfig:/home/ubuntu/workspace/robotics_v1/install/resource_utils/lib/pkgconfig:/home/ubuntu/workspace/robotics_v1/install/utils/lib/x86_64-linux-gnu/pkgconfig:/home/ubuntu/workspace/robotics_v1/install/utils/lib/pkgconfig:/home/ubuntu/workspace/robotics_v1/install/cmake_helpers/lib/x86_64-linux-gnu/pkgconfig:/home/ubuntu/workspace/robotics_v1/install/cmake_helpers/lib/pkgconfig PS1=[\u@\h \W]$(git_branch)$ /usr/bin/cmake --install /home/ubuntu/workspace/robotics_v1/build/sdl_utils
[0.580s] -- Install configuration: "Debug"
[0.583s] -- Up-to-date: /home/ubuntu/workspace/robotics_v1/install/sdl_utils/share/sdl_utils/package.xml
[0.584s] -- Up-to-date: /home/ubuntu/workspace/robotics_v1/install/sdl_utils/lib/sdl_utils/libsdl_utils.a
[0.587s] -- Up-to-date: /home/ubuntu/workspace/robotics_v1/install/sdl_utils/share/ament_index/resource_index/packages/sdl_utils
[0.588s] -- Up-to-date: /home/ubuntu/workspace/robotics_v1/install/sdl_utils/share/sdl_utils/hook/ament_prefix_path.dsv
[0.589s] -- Up-to-date: /home/ubuntu/workspace/robotics_v1/install/sdl_utils/share/sdl_utils/hook/ros_package_path.dsv
[0.590s] -- Up-to-date: /home/ubuntu/workspace/robotics_v1/install/sdl_utils/share/ament_index/resource_index/package_run_dependencies/sdl_utils
[0.591s] -- Up-to-date: /home/ubuntu/workspace/robotics_v1/install/sdl_utils/share/ament_index/resource_index/parent_prefix_path/sdl_utils
[0.592s] -- Up-to-date: /home/ubuntu/workspace/robotics_v1/install/sdl_utils/share/sdl_utils/environment/ament_prefix_path.sh
[0.593s] -- Up-to-date: /home/ubuntu/workspace/robotics_v1/install/sdl_utils/share/sdl_utils/environment/ament_prefix_path.dsv
[0.593s] -- Up-to-date: /home/ubuntu/workspace/robotics_v1/install/sdl_utils/share/sdl_utils/environment/path.sh
[0.593s] -- Up-to-date: /home/ubuntu/workspace/robotics_v1/install/sdl_utils/share/sdl_utils/environment/path.dsv
[0.594s] -- Up-to-date: /home/ubuntu/workspace/robotics_v1/install/sdl_utils/share/sdl_utils/local_setup.bash
[0.594s] -- Up-to-date: /home/ubuntu/workspace/robotics_v1/install/sdl_utils/share/sdl_utils/local_setup.sh
[0.595s] -- Up-to-date: /home/ubuntu/workspace/robotics_v1/install/sdl_utils/share/sdl_utils/local_setup.zsh
[0.595s] -- Up-to-date: /home/ubuntu/workspace/robotics_v1/install/sdl_utils/share/sdl_utils/local_setup.dsv
[0.595s] -- Installing: /home/ubuntu/workspace/robotics_v1/install/sdl_utils/share/sdl_utils/package.dsv
[0.597s] -- Up-to-date: /home/ubuntu/workspace/robotics_v1/install/sdl_utils/share/ament_index/resource_index/packages/sdl_utils
[0.599s] -- Up-to-date: /home/ubuntu/workspace/robotics_v1/install/sdl_utils/share/sdl_utils/cmake/sdl_utilsConfig.cmake
[0.599s] -- Up-to-date: /home/ubuntu/workspace/robotics_v1/install/sdl_utils/share/sdl_utils/cmake/sdl_utilsConfig-version.cmake
[0.600s] -- Up-to-date: /home/ubuntu/workspace/robotics_v1/install/sdl_utils/share/sdl_utils/package.xml
[0.601s] -- Up-to-date: /home/ubuntu/workspace/robotics_v1/install/sdl_utils/lib/libsdl_utils.a
[0.601s] -- Up-to-date: /home/ubuntu/workspace/robotics_v1/install/sdl_utils/include
[0.602s] -- Up-to-date: /home/ubuntu/workspace/robotics_v1/install/sdl_utils/include/sdl_utils
[0.603s] -- Up-to-date: /home/ubuntu/workspace/robotics_v1/install/sdl_utils/include/sdl_utils/containers
[0.604s] -- Up-to-date: /home/ubuntu/workspace/robotics_v1/install/sdl_utils/include/sdl_utils/containers/TextContainer.h
[0.604s] -- Up-to-date: /home/ubuntu/workspace/robotics_v1/install/sdl_utils/include/sdl_utils/containers/config
[0.605s] -- Up-to-date: /home/ubuntu/workspace/robotics_v1/install/sdl_utils/include/sdl_utils/containers/config/SDLContainersConfig.h
[0.605s] -- Up-to-date: /home/ubuntu/workspace/robotics_v1/install/sdl_utils/include/sdl_utils/containers/ResourceContainer.h
[0.607s] -- Up-to-date: /home/ubuntu/workspace/robotics_v1/install/sdl_utils/include/sdl_utils/containers/FboContainer.h
[0.607s] -- Up-to-date: /home/ubuntu/workspace/robotics_v1/install/sdl_utils/include/sdl_utils/containers/FontContainer.h
[0.607s] -- Up-to-date: /home/ubuntu/workspace/robotics_v1/install/sdl_utils/include/sdl_utils/containers/SoundContainer.h
[0.608s] -- Up-to-date: /home/ubuntu/workspace/robotics_v1/install/sdl_utils/include/sdl_utils/containers/SDLContainers.h
[0.609s] -- Up-to-date: /home/ubuntu/workspace/robotics_v1/install/sdl_utils/include/sdl_utils/drawing
[0.609s] -- Up-to-date: /home/ubuntu/workspace/robotics_v1/install/sdl_utils/include/sdl_utils/drawing/Texture.h
[0.609s] -- Up-to-date: /home/ubuntu/workspace/robotics_v1/install/sdl_utils/include/sdl_utils/drawing/MonitorWindow.h
[0.610s] -- Up-to-date: /home/ubuntu/workspace/robotics_v1/install/sdl_utils/include/sdl_utils/drawing/DrawParams.h
[0.610s] -- Up-to-date: /home/ubuntu/workspace/robotics_v1/install/sdl_utils/include/sdl_utils/drawing/LoadingScreen.h
[0.610s] -- Up-to-date: /home/ubuntu/workspace/robotics_v1/install/sdl_utils/include/sdl_utils/drawing/config
[0.611s] -- Up-to-date: /home/ubuntu/workspace/robotics_v1/install/sdl_utils/include/sdl_utils/drawing/config/LoadingScreenConfig.h
[0.612s] -- Up-to-date: /home/ubuntu/workspace/robotics_v1/install/sdl_utils/include/sdl_utils/drawing/config/MonitorWindowConfig.h
[0.612s] -- Up-to-date: /home/ubuntu/workspace/robotics_v1/install/sdl_utils/include/sdl_utils/drawing/config/RendererConfig.h
[0.612s] -- Up-to-date: /home/ubuntu/workspace/robotics_v1/install/sdl_utils/include/sdl_utils/drawing/RendererState.h
[0.613s] -- Up-to-date: /home/ubuntu/workspace/robotics_v1/install/sdl_utils/include/sdl_utils/drawing/Renderer.h
[0.613s] -- Up-to-date: /home/ubuntu/workspace/robotics_v1/install/sdl_utils/include/sdl_utils/drawing/GeometryUtils.h
[0.613s] -- Up-to-date: /home/ubuntu/workspace/robotics_v1/install/sdl_utils/include/sdl_utils/drawing/defines
[0.614s] -- Up-to-date: /home/ubuntu/workspace/robotics_v1/install/sdl_utils/include/sdl_utils/drawing/defines/DrawConstants.h
[0.615s] -- Up-to-date: /home/ubuntu/workspace/robotics_v1/install/sdl_utils/include/sdl_utils/drawing/defines/DrawUtilityDefines.h
[0.615s] -- Up-to-date: /home/ubuntu/workspace/robotics_v1/install/sdl_utils/include/sdl_utils/drawing/defines/RendererDefines.h
[0.616s] -- Up-to-date: /home/ubuntu/workspace/robotics_v1/install/sdl_utils/include/sdl_utils/drawing/defines/MonitorDefines.h
[0.616s] -- Up-to-date: /home/ubuntu/workspace/robotics_v1/install/sdl_utils/include/sdl_utils/sound
[0.617s] -- Up-to-date: /home/ubuntu/workspace/robotics_v1/install/sdl_utils/include/sdl_utils/sound/SoundMixer.h
[0.617s] -- Up-to-date: /home/ubuntu/workspace/robotics_v1/install/sdl_utils/include/sdl_utils/sound/defines
[0.617s] -- Up-to-date: /home/ubuntu/workspace/robotics_v1/install/sdl_utils/include/sdl_utils/sound/defines/SoundMixerDefines.h
[0.618s] -- Up-to-date: /home/ubuntu/workspace/robotics_v1/install/sdl_utils/include/sdl_utils/input
[0.618s] -- Up-to-date: /home/ubuntu/workspace/robotics_v1/install/sdl_utils/include/sdl_utils/input/TouchEntity.h
[0.619s] -- Up-to-date: /home/ubuntu/workspace/robotics_v1/install/sdl_utils/include/sdl_utils/input/InputEvent.h
[0.619s] -- Up-to-date: /home/ubuntu/workspace/robotics_v1/install/sdl_utils/include/sdl_utils/input/TouchEntityInterface.h
[0.619s] -- Up-to-date: /home/ubuntu/workspace/robotics_v1/install/sdl_utils/include/sdl_utils/input/InputEventGenerator.h
[0.620s] -- Up-to-date: /home/ubuntu/workspace/robotics_v1/install/sdl_utils/include/sdl_utils/input/MouseUtils.h
[0.620s] -- Up-to-date: /home/ubuntu/workspace/robotics_v1/install/sdl_utils/include/sdl_utils/input/defines
[0.621s] -- Up-to-date: /home/ubuntu/workspace/robotics_v1/install/sdl_utils/include/sdl_utils/input/defines/EventDefines.h
[0.621s] -- Up-to-date: /home/ubuntu/workspace/robotics_v1/install/sdl_utils/include/sdl_utils/SDLLoader.h
[0.625s] -- Up-to-date: /home/ubuntu/workspace/robotics_v1/install/sdl_utils/lib/cmake/sdl_utils/sdl_utilsTargets.cmake
[0.626s] -- Up-to-date: /home/ubuntu/workspace/robotics_v1/install/sdl_utils/lib/cmake/sdl_utils/sdl_utilsTargets-debug.cmake
[0.627s] -- Up-to-date: /home/ubuntu/workspace/robotics_v1/install/sdl_utils/lib/cmake/sdl_utils/sdl_utilsConfig.cmake
[0.631s] Invoked command in '/home/ubuntu/workspace/robotics_v1/build/sdl_utils' returned '0': CMAKE_PREFIX_PATH=/home/ubuntu/workspace/robotics_v1/install/resource_utils:/home/ubuntu/workspace/robotics_v1/install/utils:/home/ubuntu/workspace/robotics_v1/install/cmake_helpers:/opt/ros/foxy PKG_CONFIG_PATH=/home/ubuntu/workspace/robotics_v1/install/resource_utils/lib/x86_64-linux-gnu/pkgconfig:/home/ubuntu/workspace/robotics_v1/install/resource_utils/lib/pkgconfig:/home/ubuntu/workspace/robotics_v1/install/utils/lib/x86_64-linux-gnu/pkgconfig:/home/ubuntu/workspace/robotics_v1/install/utils/lib/pkgconfig:/home/ubuntu/workspace/robotics_v1/install/cmake_helpers/lib/x86_64-linux-gnu/pkgconfig:/home/ubuntu/workspace/robotics_v1/install/cmake_helpers/lib/pkgconfig PS1=[\u@\h \W]$(git_branch)$ /usr/bin/cmake --install /home/ubuntu/workspace/robotics_v1/build/sdl_utils
