[0.003s] Invoking command in '/home/ubuntu/workspace/robotics_v1/build/urscript_common': AMENT_PREFIX_PATH=/home/ubuntu/workspace/robotics_v1/install/urscript_interfaces:${AMENT_PREFIX_PATH} CMAKE_PREFIX_PATH=/home/ubuntu/workspace/robotics_v1/install/utils:/home/ubuntu/workspace/robotics_v1/install/urscript_interfaces:/home/ubuntu/workspace/robotics_v1/install/cmake_helpers:/opt/ros/foxy LD_LIBRARY_PATH=/home/ubuntu/workspace/robotics_v1/install/urscript_interfaces/lib:${LD_LIBRARY_PATH} PKG_CONFIG_PATH=/home/ubuntu/workspace/robotics_v1/install/utils/lib/x86_64-linux-gnu/pkgconfig:/home/ubuntu/workspace/robotics_v1/install/utils/lib/pkgconfig:/home/ubuntu/workspace/robotics_v1/install/cmake_helpers/lib/x86_64-linux-gnu/pkgconfig:/home/ubuntu/workspace/robotics_v1/install/cmake_helpers/lib/pkgconfig PYTHONPATH=/home/ubuntu/workspace/robotics_v1/install/urscript_interfaces/lib/python3.8/site-packages:${PYTHONPATH} /usr/bin/cmake --build /home/ubuntu/workspace/robotics_v1/build/urscript_common -- -j4 -l4
[0.019s] [100%] Built target urscript_common
[0.020s] Invoked command in '/home/ubuntu/workspace/robotics_v1/build/urscript_common' returned '0': AMENT_PREFIX_PATH=/home/ubuntu/workspace/robotics_v1/install/urscript_interfaces:${AMENT_PREFIX_PATH} CMAKE_PREFIX_PATH=/home/ubuntu/workspace/robotics_v1/install/utils:/home/ubuntu/workspace/robotics_v1/install/urscript_interfaces:/home/ubuntu/workspace/robotics_v1/install/cmake_helpers:/opt/ros/foxy LD_LIBRARY_PATH=/home/ubuntu/workspace/robotics_v1/install/urscript_interfaces/lib:${LD_LIBRARY_PATH} PKG_CONFIG_PATH=/home/ubuntu/workspace/robotics_v1/install/utils/lib/x86_64-linux-gnu/pkgconfig:/home/ubuntu/workspace/robotics_v1/install/utils/lib/pkgconfig:/home/ubuntu/workspace/robotics_v1/install/cmake_helpers/lib/x86_64-linux-gnu/pkgconfig:/home/ubuntu/workspace/robotics_v1/install/cmake_helpers/lib/pkgconfig PYTHONPATH=/home/ubuntu/workspace/robotics_v1/install/urscript_interfaces/lib/python3.8/site-packages:${PYTHONPATH} /usr/bin/cmake --build /home/ubuntu/workspace/robotics_v1/build/urscript_common -- -j4 -l4
[0.021s] Invoking command in '/home/ubuntu/workspace/robotics_v1/build/urscript_common': AMENT_PREFIX_PATH=/home/ubuntu/workspace/robotics_v1/install/urscript_interfaces:${AMENT_PREFIX_PATH} CMAKE_PREFIX_PATH=/home/ubuntu/workspace/robotics_v1/install/utils:/home/ubuntu/workspace/robotics_v1/install/urscript_interfaces:/home/ubuntu/workspace/robotics_v1/install/cmake_helpers:/opt/ros/foxy LD_LIBRARY_PATH=/home/ubuntu/workspace/robotics_v1/install/urscript_interfaces/lib:${LD_LIBRARY_PATH} PKG_CONFIG_PATH=/home/ubuntu/workspace/robotics_v1/install/utils/lib/x86_64-linux-gnu/pkgconfig:/home/ubuntu/workspace/robotics_v1/install/utils/lib/pkgconfig:/home/ubuntu/workspace/robotics_v1/install/cmake_helpers/lib/x86_64-linux-gnu/pkgconfig:/home/ubuntu/workspace/robotics_v1/install/cmake_helpers/lib/pkgconfig PYTHONPATH=/home/ubuntu/workspace/robotics_v1/install/urscript_interfaces/lib/python3.8/site-packages:${PYTHONPATH} /usr/bin/cmake --install /home/ubuntu/workspace/robotics_v1/build/urscript_common
[0.022s] -- Install configuration: "Debug"
[0.022s] -- Execute custom install script
[0.023s] -- Up-to-date symlink: /home/ubuntu/workspace/robotics_v1/install/urscript_common/share/urscript_common/package.xml
[0.023s] -- Up-to-date symlink: /home/ubuntu/workspace/robotics_v1/install/urscript_common/lib/urscript_common/liburscript_common.a
[0.023s] -- Symlinking: /home/ubuntu/workspace/robotics_v1/install/urscript_common/share/ament_index/resource_index/packages/urscript_common
[0.025s] -- Up-to-date symlink: /home/ubuntu/workspace/robotics_v1/install/urscript_common/share/urscript_common/hook/ament_prefix_path.dsv
[0.025s] -- Up-to-date symlink: /home/ubuntu/workspace/robotics_v1/install/urscript_common/share/urscript_common/hook/ros_package_path.dsv
[0.025s] -- Up-to-date symlink: /home/ubuntu/workspace/robotics_v1/install/urscript_common/share/ament_index/resource_index/package_run_dependencies/urscript_common
[0.026s] -- Up-to-date symlink: /home/ubuntu/workspace/robotics_v1/install/urscript_common/share/ament_index/resource_index/parent_prefix_path/urscript_common
[0.026s] -- Up-to-date symlink: /home/ubuntu/workspace/robotics_v1/install/urscript_common/share/urscript_common/environment/ament_prefix_path.sh
[0.026s] -- Up-to-date symlink: /home/ubuntu/workspace/robotics_v1/install/urscript_common/share/urscript_common/environment/ament_prefix_path.dsv
[0.027s] -- Up-to-date symlink: /home/ubuntu/workspace/robotics_v1/install/urscript_common/share/urscript_common/environment/path.sh
[0.027s] -- Up-to-date symlink: /home/ubuntu/workspace/robotics_v1/install/urscript_common/share/urscript_common/environment/path.dsv
[0.027s] -- Up-to-date symlink: /home/ubuntu/workspace/robotics_v1/install/urscript_common/share/urscript_common/local_setup.bash
[0.028s] -- Up-to-date symlink: /home/ubuntu/workspace/robotics_v1/install/urscript_common/share/urscript_common/local_setup.sh
[0.028s] -- Up-to-date symlink: /home/ubuntu/workspace/robotics_v1/install/urscript_common/share/urscript_common/local_setup.zsh
[0.028s] -- Up-to-date symlink: /home/ubuntu/workspace/robotics_v1/install/urscript_common/share/urscript_common/local_setup.dsv
[0.029s] -- Symlinking: /home/ubuntu/workspace/robotics_v1/install/urscript_common/share/urscript_common/package.dsv
[0.063s] -- Symlinking: /home/ubuntu/workspace/robotics_v1/install/urscript_common/share/ament_index/resource_index/packages/urscript_common
[0.066s] -- Up-to-date symlink: /home/ubuntu/workspace/robotics_v1/install/urscript_common/share/urscript_common/cmake/urscript_commonConfig.cmake
[0.067s] -- Up-to-date symlink: /home/ubuntu/workspace/robotics_v1/install/urscript_common/share/urscript_common/cmake/urscript_commonConfig-version.cmake
[0.067s] -- Up-to-date symlink: /home/ubuntu/workspace/robotics_v1/install/urscript_common/share/urscript_common/package.xml
[0.067s] -- Up-to-date symlink: /home/ubuntu/workspace/robotics_v1/install/urscript_common/include/urscript_common/defines/UrScriptTopics.h
[0.068s] -- Up-to-date symlink: /home/ubuntu/workspace/robotics_v1/install/urscript_common/include/urscript_common/message_helpers/UrScriptMessageHelpers.h
[0.068s] -- Up-to-date symlink: /home/ubuntu/workspace/robotics_v1/install/urscript_common/lib/cmake/urscript_common/urscript_commonConfig.cmake
[0.068s] -- Up-to-date: /home/ubuntu/workspace/robotics_v1/install/urscript_common/lib/liburscript_common.a
[0.069s] -- Up-to-date: /home/ubuntu/workspace/robotics_v1/install/urscript_common/lib/cmake/urscript_common/urscript_commonTargets.cmake
[0.069s] -- Up-to-date: /home/ubuntu/workspace/robotics_v1/install/urscript_common/lib/cmake/urscript_common/urscript_commonTargets-debug.cmake
[0.070s] Invoked command in '/home/ubuntu/workspace/robotics_v1/build/urscript_common' returned '0': AMENT_PREFIX_PATH=/home/ubuntu/workspace/robotics_v1/install/urscript_interfaces:${AMENT_PREFIX_PATH} CMAKE_PREFIX_PATH=/home/ubuntu/workspace/robotics_v1/install/utils:/home/ubuntu/workspace/robotics_v1/install/urscript_interfaces:/home/ubuntu/workspace/robotics_v1/install/cmake_helpers:/opt/ros/foxy LD_LIBRARY_PATH=/home/ubuntu/workspace/robotics_v1/install/urscript_interfaces/lib:${LD_LIBRARY_PATH} PKG_CONFIG_PATH=/home/ubuntu/workspace/robotics_v1/install/utils/lib/x86_64-linux-gnu/pkgconfig:/home/ubuntu/workspace/robotics_v1/install/utils/lib/pkgconfig:/home/ubuntu/workspace/robotics_v1/install/cmake_helpers/lib/x86_64-linux-gnu/pkgconfig:/home/ubuntu/workspace/robotics_v1/install/cmake_helpers/lib/pkgconfig PYTHONPATH=/home/ubuntu/workspace/robotics_v1/install/urscript_interfaces/lib/python3.8/site-packages:${PYTHONPATH} /usr/bin/cmake --install /home/ubuntu/workspace/robotics_v1/build/urscript_common
