[0.308s] Invoking command in '/home/ubuntu/workspace/robotics_v1/build/robo_cleaner_gui': AMENT_PREFIX_PATH=/home/ubuntu/workspace/robotics_v1/install/robo_cleaner_common:/home/ubuntu/workspace/robotics_v1/install/robo_cleaner_interfaces:${AMENT_PREFIX_PATH} CMAKE_PREFIX_PATH=/home/ubuntu/workspace/robotics_v1/install/ros2_game_engine:/home/ubuntu/workspace/robotics_v1/install/robo_cleaner_common:/home/ubuntu/workspace/robotics_v1/install/robo_common:/home/ubuntu/workspace/robotics_v1/install/game_engine:/home/ubuntu/workspace/robotics_v1/install/manager_utils:/home/ubuntu/workspace/robotics_v1/install/sdl_utils:/home/ubuntu/workspace/robotics_v1/install/resource_utils:/home/ubuntu/workspace/robotics_v1/install/utils:/home/ubuntu/workspace/robotics_v1/install/robo_cleaner_interfaces:/home/ubuntu/workspace/robotics_v1/install/cmake_helpers:/opt/ros/foxy LD_LIBRARY_PATH=/home/ubuntu/workspace/robotics_v1/install/robo_cleaner_interfaces/lib:${LD_LIBRARY_PATH} PKG_CONFIG_PATH=/home/ubuntu/workspace/robotics_v1/install/ros2_game_engine/lib/x86_64-linux-gnu/pkgconfig:/home/ubuntu/workspace/robotics_v1/install/ros2_game_engine/lib/pkgconfig:/home/ubuntu/workspace/robotics_v1/install/robo_common/lib/x86_64-linux-gnu/pkgconfig:/home/ubuntu/workspace/robotics_v1/install/robo_common/lib/pkgconfig:/home/ubuntu/workspace/robotics_v1/install/game_engine/lib/x86_64-linux-gnu/pkgconfig:/home/ubuntu/workspace/robotics_v1/install/game_engine/lib/pkgconfig:/home/ubuntu/workspace/robotics_v1/install/manager_utils/lib/x86_64-linux-gnu/pkgconfig:/home/ubuntu/workspace/robotics_v1/install/manager_utils/lib/pkgconfig:/home/ubuntu/workspace/robotics_v1/install/sdl_utils/lib/x86_64-linux-gnu/pkgconfig:/home/ubuntu/workspace/robotics_v1/install/sdl_utils/lib/pkgconfig:/home/ubuntu/workspace/robotics_v1/install/resource_utils/lib/x86_64-linux-gnu/pkgconfig:/home/ubuntu/workspace/robotics_v1/install/resource_utils/lib/pkgconfig:/home/ubuntu/workspace/robotics_v1/install/utils/lib/x86_64-linux-gnu/pkgconfig:/home/ubuntu/workspace/robotics_v1/install/utils/lib/pkgconfig:/home/ubuntu/workspace/robotics_v1/install/cmake_helpers/lib/x86_64-linux-gnu/pkgconfig:/home/ubuntu/workspace/robotics_v1/install/cmake_helpers/lib/pkgconfig PYTHONPATH=/home/ubuntu/workspace/robotics_v1/install/robo_cleaner_interfaces/lib/python3.8/site-packages:${PYTHONPATH} /usr/bin/cmake --build /home/ubuntu/workspace/robotics_v1/build/robo_cleaner_gui -- -j4 -l4
[0.813s] [100%] Built target robo_cleaner_gui
[0.908s] Invoked command in '/home/ubuntu/workspace/robotics_v1/build/robo_cleaner_gui' returned '0': AMENT_PREFIX_PATH=/home/ubuntu/workspace/robotics_v1/install/robo_cleaner_common:/home/ubuntu/workspace/robotics_v1/install/robo_cleaner_interfaces:${AMENT_PREFIX_PATH} CMAKE_PREFIX_PATH=/home/ubuntu/workspace/robotics_v1/install/ros2_game_engine:/home/ubuntu/workspace/robotics_v1/install/robo_cleaner_common:/home/ubuntu/workspace/robotics_v1/install/robo_common:/home/ubuntu/workspace/robotics_v1/install/game_engine:/home/ubuntu/workspace/robotics_v1/install/manager_utils:/home/ubuntu/workspace/robotics_v1/install/sdl_utils:/home/ubuntu/workspace/robotics_v1/install/resource_utils:/home/ubuntu/workspace/robotics_v1/install/utils:/home/ubuntu/workspace/robotics_v1/install/robo_cleaner_interfaces:/home/ubuntu/workspace/robotics_v1/install/cmake_helpers:/opt/ros/foxy LD_LIBRARY_PATH=/home/ubuntu/workspace/robotics_v1/install/robo_cleaner_interfaces/lib:${LD_LIBRARY_PATH} PKG_CONFIG_PATH=/home/ubuntu/workspace/robotics_v1/install/ros2_game_engine/lib/x86_64-linux-gnu/pkgconfig:/home/ubuntu/workspace/robotics_v1/install/ros2_game_engine/lib/pkgconfig:/home/ubuntu/workspace/robotics_v1/install/robo_common/lib/x86_64-linux-gnu/pkgconfig:/home/ubuntu/workspace/robotics_v1/install/robo_common/lib/pkgconfig:/home/ubuntu/workspace/robotics_v1/install/game_engine/lib/x86_64-linux-gnu/pkgconfig:/home/ubuntu/workspace/robotics_v1/install/game_engine/lib/pkgconfig:/home/ubuntu/workspace/robotics_v1/install/manager_utils/lib/x86_64-linux-gnu/pkgconfig:/home/ubuntu/workspace/robotics_v1/install/manager_utils/lib/pkgconfig:/home/ubuntu/workspace/robotics_v1/install/sdl_utils/lib/x86_64-linux-gnu/pkgconfig:/home/ubuntu/workspace/robotics_v1/install/sdl_utils/lib/pkgconfig:/home/ubuntu/workspace/robotics_v1/install/resource_utils/lib/x86_64-linux-gnu/pkgconfig:/home/ubuntu/workspace/robotics_v1/install/resource_utils/lib/pkgconfig:/home/ubuntu/workspace/robotics_v1/install/utils/lib/x86_64-linux-gnu/pkgconfig:/home/ubuntu/workspace/robotics_v1/install/utils/lib/pkgconfig:/home/ubuntu/workspace/robotics_v1/install/cmake_helpers/lib/x86_64-linux-gnu/pkgconfig:/home/ubuntu/workspace/robotics_v1/install/cmake_helpers/lib/pkgconfig PYTHONPATH=/home/ubuntu/workspace/robotics_v1/install/robo_cleaner_interfaces/lib/python3.8/site-packages:${PYTHONPATH} /usr/bin/cmake --build /home/ubuntu/workspace/robotics_v1/build/robo_cleaner_gui -- -j4 -l4
[1.357s] Invoking command in '/home/ubuntu/workspace/robotics_v1/build/robo_cleaner_gui': AMENT_PREFIX_PATH=/home/ubuntu/workspace/robotics_v1/install/robo_cleaner_common:/home/ubuntu/workspace/robotics_v1/install/robo_cleaner_interfaces:${AMENT_PREFIX_PATH} CMAKE_PREFIX_PATH=/home/ubuntu/workspace/robotics_v1/install/ros2_game_engine:/home/ubuntu/workspace/robotics_v1/install/robo_cleaner_common:/home/ubuntu/workspace/robotics_v1/install/robo_common:/home/ubuntu/workspace/robotics_v1/install/game_engine:/home/ubuntu/workspace/robotics_v1/install/manager_utils:/home/ubuntu/workspace/robotics_v1/install/sdl_utils:/home/ubuntu/workspace/robotics_v1/install/resource_utils:/home/ubuntu/workspace/robotics_v1/install/utils:/home/ubuntu/workspace/robotics_v1/install/robo_cleaner_interfaces:/home/ubuntu/workspace/robotics_v1/install/cmake_helpers:/opt/ros/foxy LD_LIBRARY_PATH=/home/ubuntu/workspace/robotics_v1/install/robo_cleaner_interfaces/lib:${LD_LIBRARY_PATH} PKG_CONFIG_PATH=/home/ubuntu/workspace/robotics_v1/install/ros2_game_engine/lib/x86_64-linux-gnu/pkgconfig:/home/ubuntu/workspace/robotics_v1/install/ros2_game_engine/lib/pkgconfig:/home/ubuntu/workspace/robotics_v1/install/robo_common/lib/x86_64-linux-gnu/pkgconfig:/home/ubuntu/workspace/robotics_v1/install/robo_common/lib/pkgconfig:/home/ubuntu/workspace/robotics_v1/install/game_engine/lib/x86_64-linux-gnu/pkgconfig:/home/ubuntu/workspace/robotics_v1/install/game_engine/lib/pkgconfig:/home/ubuntu/workspace/robotics_v1/install/manager_utils/lib/x86_64-linux-gnu/pkgconfig:/home/ubuntu/workspace/robotics_v1/install/manager_utils/lib/pkgconfig:/home/ubuntu/workspace/robotics_v1/install/sdl_utils/lib/x86_64-linux-gnu/pkgconfig:/home/ubuntu/workspace/robotics_v1/install/sdl_utils/lib/pkgconfig:/home/ubuntu/workspace/robotics_v1/install/resource_utils/lib/x86_64-linux-gnu/pkgconfig:/home/ubuntu/workspace/robotics_v1/install/resource_utils/lib/pkgconfig:/home/ubuntu/workspace/robotics_v1/install/utils/lib/x86_64-linux-gnu/pkgconfig:/home/ubuntu/workspace/robotics_v1/install/utils/lib/pkgconfig:/home/ubuntu/workspace/robotics_v1/install/cmake_helpers/lib/x86_64-linux-gnu/pkgconfig:/home/ubuntu/workspace/robotics_v1/install/cmake_helpers/lib/pkgconfig PYTHONPATH=/home/ubuntu/workspace/robotics_v1/install/robo_cleaner_interfaces/lib/python3.8/site-packages:${PYTHONPATH} /usr/bin/cmake --install /home/ubuntu/workspace/robotics_v1/build/robo_cleaner_gui
[1.403s] -- Install configuration: "Debug"
[1.406s] -- Execute custom install script
[1.407s] -- Up-to-date symlink: /home/ubuntu/workspace/robotics_v1/install/robo_cleaner_gui/share/robo_cleaner_gui/package.xml
[1.409s] -- Up-to-date symlink: /home/ubuntu/workspace/robotics_v1/install/robo_cleaner_gui/share/robo_cleaner_gui//launch/launch.py
[1.411s] -- Up-to-date symlink: /home/ubuntu/workspace/robotics_v1/install/robo_cleaner_gui/share/robo_cleaner_gui//config/params.yaml
[1.413s] -- Up-to-date symlink: /home/ubuntu/workspace/robotics_v1/install/robo_cleaner_gui/lib/robo_cleaner_gui/robo_cleaner_gui
[1.414s] -- Symlinking: /home/ubuntu/workspace/robotics_v1/install/robo_cleaner_gui/share/ament_index/resource_index/packages/robo_cleaner_gui
[1.473s] -- Up-to-date symlink: /home/ubuntu/workspace/robotics_v1/install/robo_cleaner_gui/share/robo_cleaner_gui/hook/ament_prefix_path.dsv
[1.481s] -- Up-to-date symlink: /home/ubuntu/workspace/robotics_v1/install/robo_cleaner_gui/share/robo_cleaner_gui/hook/ros_package_path.dsv
[1.482s] -- Up-to-date symlink: /home/ubuntu/workspace/robotics_v1/install/robo_cleaner_gui/share/ament_index/resource_index/package_run_dependencies/robo_cleaner_gui
[1.484s] -- Up-to-date symlink: /home/ubuntu/workspace/robotics_v1/install/robo_cleaner_gui/share/ament_index/resource_index/parent_prefix_path/robo_cleaner_gui
[1.488s] -- Up-to-date symlink: /home/ubuntu/workspace/robotics_v1/install/robo_cleaner_gui/share/robo_cleaner_gui/environment/ament_prefix_path.sh
[1.489s] -- Up-to-date symlink: /home/ubuntu/workspace/robotics_v1/install/robo_cleaner_gui/share/robo_cleaner_gui/environment/ament_prefix_path.dsv
[1.496s] -- Up-to-date symlink: /home/ubuntu/workspace/robotics_v1/install/robo_cleaner_gui/share/robo_cleaner_gui/environment/path.sh
[1.498s] -- Up-to-date symlink: /home/ubuntu/workspace/robotics_v1/install/robo_cleaner_gui/share/robo_cleaner_gui/environment/path.dsv
[1.504s] -- Up-to-date symlink: /home/ubuntu/workspace/robotics_v1/install/robo_cleaner_gui/share/robo_cleaner_gui/local_setup.bash
[1.505s] -- Up-to-date symlink: /home/ubuntu/workspace/robotics_v1/install/robo_cleaner_gui/share/robo_cleaner_gui/local_setup.sh
[1.505s] -- Up-to-date symlink: /home/ubuntu/workspace/robotics_v1/install/robo_cleaner_gui/share/robo_cleaner_gui/local_setup.zsh
[1.511s] -- Up-to-date symlink: /home/ubuntu/workspace/robotics_v1/install/robo_cleaner_gui/share/robo_cleaner_gui/local_setup.dsv
[1.521s] -- Symlinking: /home/ubuntu/workspace/robotics_v1/install/robo_cleaner_gui/share/robo_cleaner_gui/package.dsv
[1.599s] -- Symlinking: /home/ubuntu/workspace/robotics_v1/install/robo_cleaner_gui/share/ament_index/resource_index/packages/robo_cleaner_gui
[1.647s] -- Up-to-date symlink: /home/ubuntu/workspace/robotics_v1/install/robo_cleaner_gui/share/robo_cleaner_gui/cmake/robo_cleaner_guiConfig.cmake
[1.648s] -- Up-to-date symlink: /home/ubuntu/workspace/robotics_v1/install/robo_cleaner_gui/share/robo_cleaner_gui/cmake/robo_cleaner_guiConfig-version.cmake
[1.648s] -- Up-to-date symlink: /home/ubuntu/workspace/robotics_v1/install/robo_cleaner_gui/share/robo_cleaner_gui/package.xml
[1.651s] -- Up-to-date symlink: /home/ubuntu/workspace/robotics_v1/install/robo_cleaner_gui/share/robo_cleaner_gui/resources//RoboCleanerGui.rsrc
[1.651s] -- Up-to-date symlink: /home/ubuntu/workspace/robotics_v1/install/robo_cleaner_gui/share/robo_cleaner_gui/resources//f/vinque_rg_20.ttf
[1.652s] -- Up-to-date symlink: /home/ubuntu/workspace/robotics_v1/install/robo_cleaner_gui/share/robo_cleaner_gui/resources//f/vinque_rg_30.ttf
[1.653s] -- Up-to-date symlink: /home/ubuntu/workspace/robotics_v1/install/robo_cleaner_gui/share/robo_cleaner_gui/resources//f/vinque_rg_75.ttf
[1.653s] -- Up-to-date symlink: /home/ubuntu/workspace/robotics_v1/install/robo_cleaner_gui/share/robo_cleaner_gui/resources//generated/RoboCleanerGuiResources.h
[1.654s] -- Up-to-date symlink: /home/ubuntu/workspace/robotics_v1/install/robo_cleaner_gui/share/robo_cleaner_gui/resources//generated/RoboCleanerGuiResourcesDynamic.h
[1.654s] -- Up-to-date symlink: /home/ubuntu/workspace/robotics_v1/install/robo_cleaner_gui/share/robo_cleaner_gui/resources//generated/RoboCleanerGuiResourcesDynamicValues.h
[1.655s] -- Up-to-date symlink: /home/ubuntu/workspace/robotics_v1/install/robo_cleaner_gui/share/robo_cleaner_gui/resources//generated/fonts.bin
[1.660s] -- Up-to-date symlink: /home/ubuntu/workspace/robotics_v1/install/robo_cleaner_gui/share/robo_cleaner_gui/resources//generated/resources.bin
[1.660s] -- Up-to-date symlink: /home/ubuntu/workspace/robotics_v1/install/robo_cleaner_gui/share/robo_cleaner_gui/resources//generated/sounds.bin
[1.661s] -- Up-to-date symlink: /home/ubuntu/workspace/robotics_v1/install/robo_cleaner_gui/share/robo_cleaner_gui/resources//levels/level_1/field_map.txt
[1.662s] -- Up-to-date symlink: /home/ubuntu/workspace/robotics_v1/install/robo_cleaner_gui/share/robo_cleaner_gui/resources//levels/level_2/field_map.txt
[1.662s] -- Up-to-date symlink: /home/ubuntu/workspace/robotics_v1/install/robo_cleaner_gui/share/robo_cleaner_gui/resources//levels/level_3/field_map.txt
[1.663s] -- Up-to-date symlink: /home/ubuntu/workspace/robotics_v1/install/robo_cleaner_gui/share/robo_cleaner_gui/resources//p/background/fogOfWar.png
[1.664s] -- Up-to-date symlink: /home/ubuntu/workspace/robotics_v1/install/robo_cleaner_gui/share/robo_cleaner_gui/resources//p/background/map.png
[1.664s] -- Up-to-date symlink: /home/ubuntu/workspace/robotics_v1/install/robo_cleaner_gui/share/robo_cleaner_gui/resources//p/background/obstacle.png
[1.665s] -- Up-to-date symlink: /home/ubuntu/workspace/robotics_v1/install/robo_cleaner_gui/share/robo_cleaner_gui/resources//p/background/tile.png
[1.666s] -- Up-to-date symlink: /home/ubuntu/workspace/robotics_v1/install/robo_cleaner_gui/share/robo_cleaner_gui/resources//p/entities/damage_marker.png
[1.667s] -- Up-to-date symlink: /home/ubuntu/workspace/robotics_v1/install/robo_cleaner_gui/share/robo_cleaner_gui/resources//p/entities/player_robot.png
[1.668s] -- Up-to-date symlink: /home/ubuntu/workspace/robotics_v1/install/robo_cleaner_gui/share/robo_cleaner_gui/resources//p/entities/rubbish.png
[1.674s] -- Up-to-date symlink: /home/ubuntu/workspace/robotics_v1/install/robo_cleaner_gui/share/robo_cleaner_gui/resources//p/panels/energy_indicator.png
[1.676s] -- Up-to-date symlink: /home/ubuntu/workspace/robotics_v1/install/robo_cleaner_gui/share/robo_cleaner_gui/resources//p/panels/energy_panel.png
[1.676s] -- Up-to-date symlink: /home/ubuntu/workspace/robotics_v1/install/robo_cleaner_gui/share/robo_cleaner_gui/resources//p/panels/health_indicator.png
[1.677s] -- Up-to-date symlink: /home/ubuntu/workspace/robotics_v1/install/robo_cleaner_gui/share/robo_cleaner_gui/resources//p/panels/health_panel.png
[1.678s] -- Up-to-date symlink: /home/ubuntu/workspace/robotics_v1/install/robo_cleaner_gui/share/robo_cleaner_gui/resources//p/panels/hor_delimiter.png
[1.679s] -- Up-to-date symlink: /home/ubuntu/workspace/robotics_v1/install/robo_cleaner_gui/share/robo_cleaner_gui/resources//p/panels/rubbish_panel.png
[1.679s] -- Up-to-date symlink: /home/ubuntu/workspace/robotics_v1/install/robo_cleaner_gui/share/robo_cleaner_gui/resources//p/panels/tile_panel.png
[1.680s] -- Up-to-date symlink: /home/ubuntu/workspace/robotics_v1/install/robo_cleaner_gui/share/robo_cleaner_gui/resources//p/panels/vert_delimiter.png
[1.681s] -- Up-to-date symlink: /home/ubuntu/workspace/robotics_v1/install/robo_cleaner_gui/share/robo_cleaner_gui/resources//p/stars/star_single.png
[1.682s] -- Up-to-date symlink: /home/ubuntu/workspace/robotics_v1/install/robo_cleaner_gui/share/robo_cleaner_gui/resources//p/stars/stars.png
[1.695s] Invoked command in '/home/ubuntu/workspace/robotics_v1/build/robo_cleaner_gui' returned '0': AMENT_PREFIX_PATH=/home/ubuntu/workspace/robotics_v1/install/robo_cleaner_common:/home/ubuntu/workspace/robotics_v1/install/robo_cleaner_interfaces:${AMENT_PREFIX_PATH} CMAKE_PREFIX_PATH=/home/ubuntu/workspace/robotics_v1/install/ros2_game_engine:/home/ubuntu/workspace/robotics_v1/install/robo_cleaner_common:/home/ubuntu/workspace/robotics_v1/install/robo_common:/home/ubuntu/workspace/robotics_v1/install/game_engine:/home/ubuntu/workspace/robotics_v1/install/manager_utils:/home/ubuntu/workspace/robotics_v1/install/sdl_utils:/home/ubuntu/workspace/robotics_v1/install/resource_utils:/home/ubuntu/workspace/robotics_v1/install/utils:/home/ubuntu/workspace/robotics_v1/install/robo_cleaner_interfaces:/home/ubuntu/workspace/robotics_v1/install/cmake_helpers:/opt/ros/foxy LD_LIBRARY_PATH=/home/ubuntu/workspace/robotics_v1/install/robo_cleaner_interfaces/lib:${LD_LIBRARY_PATH} PKG_CONFIG_PATH=/home/ubuntu/workspace/robotics_v1/install/ros2_game_engine/lib/x86_64-linux-gnu/pkgconfig:/home/ubuntu/workspace/robotics_v1/install/ros2_game_engine/lib/pkgconfig:/home/ubuntu/workspace/robotics_v1/install/robo_common/lib/x86_64-linux-gnu/pkgconfig:/home/ubuntu/workspace/robotics_v1/install/robo_common/lib/pkgconfig:/home/ubuntu/workspace/robotics_v1/install/game_engine/lib/x86_64-linux-gnu/pkgconfig:/home/ubuntu/workspace/robotics_v1/install/game_engine/lib/pkgconfig:/home/ubuntu/workspace/robotics_v1/install/manager_utils/lib/x86_64-linux-gnu/pkgconfig:/home/ubuntu/workspace/robotics_v1/install/manager_utils/lib/pkgconfig:/home/ubuntu/workspace/robotics_v1/install/sdl_utils/lib/x86_64-linux-gnu/pkgconfig:/home/ubuntu/workspace/robotics_v1/install/sdl_utils/lib/pkgconfig:/home/ubuntu/workspace/robotics_v1/install/resource_utils/lib/x86_64-linux-gnu/pkgconfig:/home/ubuntu/workspace/robotics_v1/install/resource_utils/lib/pkgconfig:/home/ubuntu/workspace/robotics_v1/install/utils/lib/x86_64-linux-gnu/pkgconfig:/home/ubuntu/workspace/robotics_v1/install/utils/lib/pkgconfig:/home/ubuntu/workspace/robotics_v1/install/cmake_helpers/lib/x86_64-linux-gnu/pkgconfig:/home/ubuntu/workspace/robotics_v1/install/cmake_helpers/lib/pkgconfig PYTHONPATH=/home/ubuntu/workspace/robotics_v1/install/robo_cleaner_interfaces/lib/python3.8/site-packages:${PYTHONPATH} /usr/bin/cmake --install /home/ubuntu/workspace/robotics_v1/build/robo_cleaner_gui
