[0.180s] Invoking command in '/home/ubuntu/workspace/robotics_v1/build/robo_collector_gui': AMENT_PREFIX_PATH=/home/ubuntu/workspace/robotics_v1/install/robo_collector_common:/home/ubuntu/workspace/robotics_v1/install/robo_collector_interfaces:${AMENT_PREFIX_PATH} CMAKE_PREFIX_PATH=/home/ubuntu/workspace/robotics_v1/install/ros2_game_engine:/home/ubuntu/workspace/robotics_v1/install/robo_collector_common:/home/ubuntu/workspace/robotics_v1/install/robo_common:/home/ubuntu/workspace/robotics_v1/install/game_engine:/home/ubuntu/workspace/robotics_v1/install/manager_utils:/home/ubuntu/workspace/robotics_v1/install/sdl_utils:/home/ubuntu/workspace/robotics_v1/install/resource_utils:/home/ubuntu/workspace/robotics_v1/install/utils:/home/ubuntu/workspace/robotics_v1/install/robo_collector_interfaces:/home/ubuntu/workspace/robotics_v1/install/cmake_helpers:/opt/ros/foxy LD_LIBRARY_PATH=/home/ubuntu/workspace/robotics_v1/install/robo_collector_interfaces/lib:${LD_LIBRARY_PATH} PKG_CONFIG_PATH=/home/ubuntu/workspace/robotics_v1/install/ros2_game_engine/lib/x86_64-linux-gnu/pkgconfig:/home/ubuntu/workspace/robotics_v1/install/ros2_game_engine/lib/pkgconfig:/home/ubuntu/workspace/robotics_v1/install/robo_common/lib/x86_64-linux-gnu/pkgconfig:/home/ubuntu/workspace/robotics_v1/install/robo_common/lib/pkgconfig:/home/ubuntu/workspace/robotics_v1/install/game_engine/lib/x86_64-linux-gnu/pkgconfig:/home/ubuntu/workspace/robotics_v1/install/game_engine/lib/pkgconfig:/home/ubuntu/workspace/robotics_v1/install/manager_utils/lib/x86_64-linux-gnu/pkgconfig:/home/ubuntu/workspace/robotics_v1/install/manager_utils/lib/pkgconfig:/home/ubuntu/workspace/robotics_v1/install/sdl_utils/lib/x86_64-linux-gnu/pkgconfig:/home/ubuntu/workspace/robotics_v1/install/sdl_utils/lib/pkgconfig:/home/ubuntu/workspace/robotics_v1/install/resource_utils/lib/x86_64-linux-gnu/pkgconfig:/home/ubuntu/workspace/robotics_v1/install/resource_utils/lib/pkgconfig:/home/ubuntu/workspace/robotics_v1/install/utils/lib/x86_64-linux-gnu/pkgconfig:/home/ubuntu/workspace/robotics_v1/install/utils/lib/pkgconfig:/home/ubuntu/workspace/robotics_v1/install/cmake_helpers/lib/x86_64-linux-gnu/pkgconfig:/home/ubuntu/workspace/robotics_v1/install/cmake_helpers/lib/pkgconfig PYTHONPATH=/home/ubuntu/workspace/robotics_v1/install/robo_collector_interfaces/lib/python3.8/site-packages:${PYTHONPATH} /usr/bin/cmake --build /home/ubuntu/workspace/robotics_v1/build/robo_collector_gui -- -j4 -l4
[0.620s] [100%] Built target robo_collector_gui
[0.742s] Invoked command in '/home/ubuntu/workspace/robotics_v1/build/robo_collector_gui' returned '0': AMENT_PREFIX_PATH=/home/ubuntu/workspace/robotics_v1/install/robo_collector_common:/home/ubuntu/workspace/robotics_v1/install/robo_collector_interfaces:${AMENT_PREFIX_PATH} CMAKE_PREFIX_PATH=/home/ubuntu/workspace/robotics_v1/install/ros2_game_engine:/home/ubuntu/workspace/robotics_v1/install/robo_collector_common:/home/ubuntu/workspace/robotics_v1/install/robo_common:/home/ubuntu/workspace/robotics_v1/install/game_engine:/home/ubuntu/workspace/robotics_v1/install/manager_utils:/home/ubuntu/workspace/robotics_v1/install/sdl_utils:/home/ubuntu/workspace/robotics_v1/install/resource_utils:/home/ubuntu/workspace/robotics_v1/install/utils:/home/ubuntu/workspace/robotics_v1/install/robo_collector_interfaces:/home/ubuntu/workspace/robotics_v1/install/cmake_helpers:/opt/ros/foxy LD_LIBRARY_PATH=/home/ubuntu/workspace/robotics_v1/install/robo_collector_interfaces/lib:${LD_LIBRARY_PATH} PKG_CONFIG_PATH=/home/ubuntu/workspace/robotics_v1/install/ros2_game_engine/lib/x86_64-linux-gnu/pkgconfig:/home/ubuntu/workspace/robotics_v1/install/ros2_game_engine/lib/pkgconfig:/home/ubuntu/workspace/robotics_v1/install/robo_common/lib/x86_64-linux-gnu/pkgconfig:/home/ubuntu/workspace/robotics_v1/install/robo_common/lib/pkgconfig:/home/ubuntu/workspace/robotics_v1/install/game_engine/lib/x86_64-linux-gnu/pkgconfig:/home/ubuntu/workspace/robotics_v1/install/game_engine/lib/pkgconfig:/home/ubuntu/workspace/robotics_v1/install/manager_utils/lib/x86_64-linux-gnu/pkgconfig:/home/ubuntu/workspace/robotics_v1/install/manager_utils/lib/pkgconfig:/home/ubuntu/workspace/robotics_v1/install/sdl_utils/lib/x86_64-linux-gnu/pkgconfig:/home/ubuntu/workspace/robotics_v1/install/sdl_utils/lib/pkgconfig:/home/ubuntu/workspace/robotics_v1/install/resource_utils/lib/x86_64-linux-gnu/pkgconfig:/home/ubuntu/workspace/robotics_v1/install/resource_utils/lib/pkgconfig:/home/ubuntu/workspace/robotics_v1/install/utils/lib/x86_64-linux-gnu/pkgconfig:/home/ubuntu/workspace/robotics_v1/install/utils/lib/pkgconfig:/home/ubuntu/workspace/robotics_v1/install/cmake_helpers/lib/x86_64-linux-gnu/pkgconfig:/home/ubuntu/workspace/robotics_v1/install/cmake_helpers/lib/pkgconfig PYTHONPATH=/home/ubuntu/workspace/robotics_v1/install/robo_collector_interfaces/lib/python3.8/site-packages:${PYTHONPATH} /usr/bin/cmake --build /home/ubuntu/workspace/robotics_v1/build/robo_collector_gui -- -j4 -l4
[1.284s] Invoking command in '/home/ubuntu/workspace/robotics_v1/build/robo_collector_gui': AMENT_PREFIX_PATH=/home/ubuntu/workspace/robotics_v1/install/robo_collector_common:/home/ubuntu/workspace/robotics_v1/install/robo_collector_interfaces:${AMENT_PREFIX_PATH} CMAKE_PREFIX_PATH=/home/ubuntu/workspace/robotics_v1/install/ros2_game_engine:/home/ubuntu/workspace/robotics_v1/install/robo_collector_common:/home/ubuntu/workspace/robotics_v1/install/robo_common:/home/ubuntu/workspace/robotics_v1/install/game_engine:/home/ubuntu/workspace/robotics_v1/install/manager_utils:/home/ubuntu/workspace/robotics_v1/install/sdl_utils:/home/ubuntu/workspace/robotics_v1/install/resource_utils:/home/ubuntu/workspace/robotics_v1/install/utils:/home/ubuntu/workspace/robotics_v1/install/robo_collector_interfaces:/home/ubuntu/workspace/robotics_v1/install/cmake_helpers:/opt/ros/foxy LD_LIBRARY_PATH=/home/ubuntu/workspace/robotics_v1/install/robo_collector_interfaces/lib:${LD_LIBRARY_PATH} PKG_CONFIG_PATH=/home/ubuntu/workspace/robotics_v1/install/ros2_game_engine/lib/x86_64-linux-gnu/pkgconfig:/home/ubuntu/workspace/robotics_v1/install/ros2_game_engine/lib/pkgconfig:/home/ubuntu/workspace/robotics_v1/install/robo_common/lib/x86_64-linux-gnu/pkgconfig:/home/ubuntu/workspace/robotics_v1/install/robo_common/lib/pkgconfig:/home/ubuntu/workspace/robotics_v1/install/game_engine/lib/x86_64-linux-gnu/pkgconfig:/home/ubuntu/workspace/robotics_v1/install/game_engine/lib/pkgconfig:/home/ubuntu/workspace/robotics_v1/install/manager_utils/lib/x86_64-linux-gnu/pkgconfig:/home/ubuntu/workspace/robotics_v1/install/manager_utils/lib/pkgconfig:/home/ubuntu/workspace/robotics_v1/install/sdl_utils/lib/x86_64-linux-gnu/pkgconfig:/home/ubuntu/workspace/robotics_v1/install/sdl_utils/lib/pkgconfig:/home/ubuntu/workspace/robotics_v1/install/resource_utils/lib/x86_64-linux-gnu/pkgconfig:/home/ubuntu/workspace/robotics_v1/install/resource_utils/lib/pkgconfig:/home/ubuntu/workspace/robotics_v1/install/utils/lib/x86_64-linux-gnu/pkgconfig:/home/ubuntu/workspace/robotics_v1/install/utils/lib/pkgconfig:/home/ubuntu/workspace/robotics_v1/install/cmake_helpers/lib/x86_64-linux-gnu/pkgconfig:/home/ubuntu/workspace/robotics_v1/install/cmake_helpers/lib/pkgconfig PYTHONPATH=/home/ubuntu/workspace/robotics_v1/install/robo_collector_interfaces/lib/python3.8/site-packages:${PYTHONPATH} /usr/bin/cmake --install /home/ubuntu/workspace/robotics_v1/build/robo_collector_gui
[1.326s] -- Install configuration: "Debug"
[1.328s] -- Execute custom install script
[1.330s] -- Up-to-date symlink: /home/ubuntu/workspace/robotics_v1/install/robo_collector_gui/share/robo_collector_gui/package.xml
[1.335s] -- Up-to-date symlink: /home/ubuntu/workspace/robotics_v1/install/robo_collector_gui/share/robo_collector_gui//launch/launch.py
[1.343s] -- Up-to-date symlink: /home/ubuntu/workspace/robotics_v1/install/robo_collector_gui/share/robo_collector_gui//config/params.yaml
[1.344s] -- Up-to-date symlink: /home/ubuntu/workspace/robotics_v1/install/robo_collector_gui/lib/robo_collector_gui/robo_collector_gui
[1.345s] -- Symlinking: /home/ubuntu/workspace/robotics_v1/install/robo_collector_gui/share/ament_index/resource_index/packages/robo_collector_gui
[1.439s] -- Up-to-date symlink: /home/ubuntu/workspace/robotics_v1/install/robo_collector_gui/share/robo_collector_gui/hook/ament_prefix_path.dsv
[1.441s] -- Up-to-date symlink: /home/ubuntu/workspace/robotics_v1/install/robo_collector_gui/share/robo_collector_gui/hook/ros_package_path.dsv
[1.448s] -- Up-to-date symlink: /home/ubuntu/workspace/robotics_v1/install/robo_collector_gui/share/ament_index/resource_index/package_run_dependencies/robo_collector_gui
[1.450s] -- Up-to-date symlink: /home/ubuntu/workspace/robotics_v1/install/robo_collector_gui/share/ament_index/resource_index/parent_prefix_path/robo_collector_gui
[1.460s] -- Up-to-date symlink: /home/ubuntu/workspace/robotics_v1/install/robo_collector_gui/share/robo_collector_gui/environment/ament_prefix_path.sh
[1.461s] -- Up-to-date symlink: /home/ubuntu/workspace/robotics_v1/install/robo_collector_gui/share/robo_collector_gui/environment/ament_prefix_path.dsv
[1.483s] -- Up-to-date symlink: /home/ubuntu/workspace/robotics_v1/install/robo_collector_gui/share/robo_collector_gui/environment/path.sh
[1.483s] -- Up-to-date symlink: /home/ubuntu/workspace/robotics_v1/install/robo_collector_gui/share/robo_collector_gui/environment/path.dsv
[1.484s] -- Up-to-date symlink: /home/ubuntu/workspace/robotics_v1/install/robo_collector_gui/share/robo_collector_gui/local_setup.bash
[1.484s] -- Up-to-date symlink: /home/ubuntu/workspace/robotics_v1/install/robo_collector_gui/share/robo_collector_gui/local_setup.sh
[1.484s] -- Up-to-date symlink: /home/ubuntu/workspace/robotics_v1/install/robo_collector_gui/share/robo_collector_gui/local_setup.zsh
[1.485s] -- Up-to-date symlink: /home/ubuntu/workspace/robotics_v1/install/robo_collector_gui/share/robo_collector_gui/local_setup.dsv
[1.487s] -- Symlinking: /home/ubuntu/workspace/robotics_v1/install/robo_collector_gui/share/robo_collector_gui/package.dsv
[1.551s] -- Symlinking: /home/ubuntu/workspace/robotics_v1/install/robo_collector_gui/share/ament_index/resource_index/packages/robo_collector_gui
[1.595s] -- Up-to-date symlink: /home/ubuntu/workspace/robotics_v1/install/robo_collector_gui/share/robo_collector_gui/cmake/robo_collector_guiConfig.cmake
[1.595s] -- Up-to-date symlink: /home/ubuntu/workspace/robotics_v1/install/robo_collector_gui/share/robo_collector_gui/cmake/robo_collector_guiConfig-version.cmake
[1.597s] -- Up-to-date symlink: /home/ubuntu/workspace/robotics_v1/install/robo_collector_gui/share/robo_collector_gui/package.xml
[1.601s] -- Up-to-date symlink: /home/ubuntu/workspace/robotics_v1/install/robo_collector_gui/share/robo_collector_gui/resources//RoboCollectorGui.rsrc
[1.603s] -- Up-to-date symlink: /home/ubuntu/workspace/robotics_v1/install/robo_collector_gui/share/robo_collector_gui/resources//f/vinque_rg_20.ttf
[1.606s] -- Up-to-date symlink: /home/ubuntu/workspace/robotics_v1/install/robo_collector_gui/share/robo_collector_gui/resources//f/vinque_rg_30.ttf
[1.607s] -- Up-to-date symlink: /home/ubuntu/workspace/robotics_v1/install/robo_collector_gui/share/robo_collector_gui/resources//f/vinque_rg_75.ttf
[1.608s] -- Up-to-date symlink: /home/ubuntu/workspace/robotics_v1/install/robo_collector_gui/share/robo_collector_gui/resources//generated/RoboCollectorGuiResources.h
[1.609s] -- Up-to-date symlink: /home/ubuntu/workspace/robotics_v1/install/robo_collector_gui/share/robo_collector_gui/resources//generated/RoboCollectorGuiResourcesDynamic.h
[1.620s] -- Up-to-date symlink: /home/ubuntu/workspace/robotics_v1/install/robo_collector_gui/share/robo_collector_gui/resources//generated/RoboCollectorGuiResourcesDynamicValues.h
[1.621s] -- Up-to-date symlink: /home/ubuntu/workspace/robotics_v1/install/robo_collector_gui/share/robo_collector_gui/resources//generated/fonts.bin
[1.622s] -- Up-to-date symlink: /home/ubuntu/workspace/robotics_v1/install/robo_collector_gui/share/robo_collector_gui/resources//generated/resources.bin
[1.623s] -- Up-to-date symlink: /home/ubuntu/workspace/robotics_v1/install/robo_collector_gui/share/robo_collector_gui/resources//generated/sounds.bin
[1.624s] -- Up-to-date symlink: /home/ubuntu/workspace/robotics_v1/install/robo_collector_gui/share/robo_collector_gui/resources//levels/level_1/field_map.txt
[1.626s] -- Up-to-date symlink: /home/ubuntu/workspace/robotics_v1/install/robo_collector_gui/share/robo_collector_gui/resources//p/background/map.png
[1.627s] -- Up-to-date symlink: /home/ubuntu/workspace/robotics_v1/install/robo_collector_gui/share/robo_collector_gui/resources//p/background/obstacle.png
[1.628s] -- Up-to-date symlink: /home/ubuntu/workspace/robotics_v1/install/robo_collector_gui/share/robo_collector_gui/resources//p/background/tile.png
[1.629s] -- Up-to-date symlink: /home/ubuntu/workspace/robotics_v1/install/robo_collector_gui/share/robo_collector_gui/resources//p/buttons/help_button.png
[1.630s] -- Up-to-date symlink: /home/ubuntu/workspace/robotics_v1/install/robo_collector_gui/share/robo_collector_gui/resources//p/buttons/left_button.png
[1.631s] -- Up-to-date symlink: /home/ubuntu/workspace/robotics_v1/install/robo_collector_gui/share/robo_collector_gui/resources//p/buttons/right_button.png
[1.632s] -- Up-to-date symlink: /home/ubuntu/workspace/robotics_v1/install/robo_collector_gui/share/robo_collector_gui/resources//p/buttons/settings_button.png
[1.633s] -- Up-to-date symlink: /home/ubuntu/workspace/robotics_v1/install/robo_collector_gui/share/robo_collector_gui/resources//p/buttons/up_button.png
[1.634s] -- Up-to-date symlink: /home/ubuntu/workspace/robotics_v1/install/robo_collector_gui/share/robo_collector_gui/resources//p/coin_animations/bronze/coin_anim_bronze.png
[1.636s] -- Up-to-date symlink: /home/ubuntu/workspace/robotics_v1/install/robo_collector_gui/share/robo_collector_gui/resources//p/coin_animations/gold/coin_anim_gold.png
[1.638s] -- Up-to-date symlink: /home/ubuntu/workspace/robotics_v1/install/robo_collector_gui/share/robo_collector_gui/resources//p/coin_animations/silver/coin_anim_silver.png
[1.639s] -- Up-to-date symlink: /home/ubuntu/workspace/robotics_v1/install/robo_collector_gui/share/robo_collector_gui/resources//p/entities/damage_marker.png
[1.640s] -- Up-to-date symlink: /home/ubuntu/workspace/robotics_v1/install/robo_collector_gui/share/robo_collector_gui/resources//p/entities/enemy_robots.png
[1.641s] -- Up-to-date symlink: /home/ubuntu/workspace/robotics_v1/install/robo_collector_gui/share/robo_collector_gui/resources//p/entities/player_robot.png
[1.643s] -- Up-to-date symlink: /home/ubuntu/workspace/robotics_v1/install/robo_collector_gui/share/robo_collector_gui/resources//p/panels/coin_panel.png
[1.644s] -- Up-to-date symlink: /home/ubuntu/workspace/robotics_v1/install/robo_collector_gui/share/robo_collector_gui/resources//p/panels/health_indicator.png
[1.644s] -- Up-to-date symlink: /home/ubuntu/workspace/robotics_v1/install/robo_collector_gui/share/robo_collector_gui/resources//p/panels/health_panel.png
[1.646s] -- Up-to-date symlink: /home/ubuntu/workspace/robotics_v1/install/robo_collector_gui/share/robo_collector_gui/resources//p/panels/hor_delimiter.png
[1.647s] -- Up-to-date symlink: /home/ubuntu/workspace/robotics_v1/install/robo_collector_gui/share/robo_collector_gui/resources//p/panels/time_panel.png
[1.649s] -- Up-to-date symlink: /home/ubuntu/workspace/robotics_v1/install/robo_collector_gui/share/robo_collector_gui/resources//p/panels/vert_delimiter.png
[1.655s] -- Up-to-date symlink: /home/ubuntu/workspace/robotics_v1/install/robo_collector_gui/share/robo_collector_gui/resources//p/stars/star_single.png
[1.657s] -- Up-to-date symlink: /home/ubuntu/workspace/robotics_v1/install/robo_collector_gui/share/robo_collector_gui/resources//p/stars/stars.png
[1.674s] Invoked command in '/home/ubuntu/workspace/robotics_v1/build/robo_collector_gui' returned '0': AMENT_PREFIX_PATH=/home/ubuntu/workspace/robotics_v1/install/robo_collector_common:/home/ubuntu/workspace/robotics_v1/install/robo_collector_interfaces:${AMENT_PREFIX_PATH} CMAKE_PREFIX_PATH=/home/ubuntu/workspace/robotics_v1/install/ros2_game_engine:/home/ubuntu/workspace/robotics_v1/install/robo_collector_common:/home/ubuntu/workspace/robotics_v1/install/robo_common:/home/ubuntu/workspace/robotics_v1/install/game_engine:/home/ubuntu/workspace/robotics_v1/install/manager_utils:/home/ubuntu/workspace/robotics_v1/install/sdl_utils:/home/ubuntu/workspace/robotics_v1/install/resource_utils:/home/ubuntu/workspace/robotics_v1/install/utils:/home/ubuntu/workspace/robotics_v1/install/robo_collector_interfaces:/home/ubuntu/workspace/robotics_v1/install/cmake_helpers:/opt/ros/foxy LD_LIBRARY_PATH=/home/ubuntu/workspace/robotics_v1/install/robo_collector_interfaces/lib:${LD_LIBRARY_PATH} PKG_CONFIG_PATH=/home/ubuntu/workspace/robotics_v1/install/ros2_game_engine/lib/x86_64-linux-gnu/pkgconfig:/home/ubuntu/workspace/robotics_v1/install/ros2_game_engine/lib/pkgconfig:/home/ubuntu/workspace/robotics_v1/install/robo_common/lib/x86_64-linux-gnu/pkgconfig:/home/ubuntu/workspace/robotics_v1/install/robo_common/lib/pkgconfig:/home/ubuntu/workspace/robotics_v1/install/game_engine/lib/x86_64-linux-gnu/pkgconfig:/home/ubuntu/workspace/robotics_v1/install/game_engine/lib/pkgconfig:/home/ubuntu/workspace/robotics_v1/install/manager_utils/lib/x86_64-linux-gnu/pkgconfig:/home/ubuntu/workspace/robotics_v1/install/manager_utils/lib/pkgconfig:/home/ubuntu/workspace/robotics_v1/install/sdl_utils/lib/x86_64-linux-gnu/pkgconfig:/home/ubuntu/workspace/robotics_v1/install/sdl_utils/lib/pkgconfig:/home/ubuntu/workspace/robotics_v1/install/resource_utils/lib/x86_64-linux-gnu/pkgconfig:/home/ubuntu/workspace/robotics_v1/install/resource_utils/lib/pkgconfig:/home/ubuntu/workspace/robotics_v1/install/utils/lib/x86_64-linux-gnu/pkgconfig:/home/ubuntu/workspace/robotics_v1/install/utils/lib/pkgconfig:/home/ubuntu/workspace/robotics_v1/install/cmake_helpers/lib/x86_64-linux-gnu/pkgconfig:/home/ubuntu/workspace/robotics_v1/install/cmake_helpers/lib/pkgconfig PYTHONPATH=/home/ubuntu/workspace/robotics_v1/install/robo_collector_interfaces/lib/python3.8/site-packages:${PYTHONPATH} /usr/bin/cmake --install /home/ubuntu/workspace/robotics_v1/build/robo_collector_gui
