[0.132s] Invoking command in '/home/ubuntu/workspace/robotics_v1/build/ur_controllers': AMENT_PREFIX_PATH=/home/ubuntu/workspace/robotics_v1/install/ur_dashboard_msgs:${AMENT_PREFIX_PATH} CMAKE_PREFIX_PATH=/home/ubuntu/workspace/robotics_v1/install/ur_dashboard_msgs:/home/ubuntu/workspace/robotics_v1/install/ur_client_library:/opt/ros/foxy LD_LIBRARY_PATH=/home/ubuntu/workspace/robotics_v1/install/ur_dashboard_msgs/lib:/home/ubuntu/workspace/robotics_v1/install/ur_client_library/lib:${LD_LIBRARY_PATH} PKG_CONFIG_PATH=/home/ubuntu/workspace/robotics_v1/install/ur_client_library/lib/x86_64-linux-gnu/pkgconfig:/home/ubuntu/workspace/robotics_v1/install/ur_client_library/lib/pkgconfig PYTHONPATH=/home/ubuntu/workspace/robotics_v1/install/ur_dashboard_msgs/lib/python3.8/site-packages:${PYTHONPATH} /usr/bin/cmake --build /home/ubuntu/workspace/robotics_v1/build/ur_controllers -- -j4 -l4
[0.485s] [100%] Built target ur_controllers
[0.541s] Invoked command in '/home/ubuntu/workspace/robotics_v1/build/ur_controllers' returned '0': AMENT_PREFIX_PATH=/home/ubuntu/workspace/robotics_v1/install/ur_dashboard_msgs:${AMENT_PREFIX_PATH} CMAKE_PREFIX_PATH=/home/ubuntu/workspace/robotics_v1/install/ur_dashboard_msgs:/home/ubuntu/workspace/robotics_v1/install/ur_client_library:/opt/ros/foxy LD_LIBRARY_PATH=/home/ubuntu/workspace/robotics_v1/install/ur_dashboard_msgs/lib:/home/ubuntu/workspace/robotics_v1/install/ur_client_library/lib:${LD_LIBRARY_PATH} PKG_CONFIG_PATH=/home/ubuntu/workspace/robotics_v1/install/ur_client_library/lib/x86_64-linux-gnu/pkgconfig:/home/ubuntu/workspace/robotics_v1/install/ur_client_library/lib/pkgconfig PYTHONPATH=/home/ubuntu/workspace/robotics_v1/install/ur_dashboard_msgs/lib/python3.8/site-packages:${PYTHONPATH} /usr/bin/cmake --build /home/ubuntu/workspace/robotics_v1/build/ur_controllers -- -j4 -l4
[0.825s] Invoking command in '/home/ubuntu/workspace/robotics_v1/build/ur_controllers': AMENT_PREFIX_PATH=/home/ubuntu/workspace/robotics_v1/install/ur_dashboard_msgs:${AMENT_PREFIX_PATH} CMAKE_PREFIX_PATH=/home/ubuntu/workspace/robotics_v1/install/ur_dashboard_msgs:/home/ubuntu/workspace/robotics_v1/install/ur_client_library:/opt/ros/foxy LD_LIBRARY_PATH=/home/ubuntu/workspace/robotics_v1/install/ur_dashboard_msgs/lib:/home/ubuntu/workspace/robotics_v1/install/ur_client_library/lib:${LD_LIBRARY_PATH} PKG_CONFIG_PATH=/home/ubuntu/workspace/robotics_v1/install/ur_client_library/lib/x86_64-linux-gnu/pkgconfig:/home/ubuntu/workspace/robotics_v1/install/ur_client_library/lib/pkgconfig PYTHONPATH=/home/ubuntu/workspace/robotics_v1/install/ur_dashboard_msgs/lib/python3.8/site-packages:${PYTHONPATH} /usr/bin/cmake --install /home/ubuntu/workspace/robotics_v1/build/ur_controllers
[0.884s] -- Install configuration: "Debug"
[0.884s] -- Execute custom install script
[0.885s] -- Up-to-date symlink: /home/ubuntu/workspace/robotics_v1/install/ur_controllers/share/ur_controllers//controller_plugins.xml
[0.885s] -- Up-to-date symlink: /home/ubuntu/workspace/robotics_v1/install/ur_controllers/lib/libur_controllers.so
[0.886s] -- Up-to-date symlink: /home/ubuntu/workspace/robotics_v1/install/ur_controllers/include/ur_controllers/force_torque_sensor_broadcaster.hpp
[0.886s] -- Up-to-date symlink: /home/ubuntu/workspace/robotics_v1/install/ur_controllers/include/ur_controllers/gpio_controller.hpp
[0.887s] -- Up-to-date symlink: /home/ubuntu/workspace/robotics_v1/install/ur_controllers/include/ur_controllers/scaled_joint_trajectory_controller.hpp
[0.887s] -- Up-to-date symlink: /home/ubuntu/workspace/robotics_v1/install/ur_controllers/include/ur_controllers/speed_scaling_state_broadcaster.hpp
[0.892s] -- Up-to-date symlink: /home/ubuntu/workspace/robotics_v1/install/ur_controllers/share/ur_controllers/controller_plugins.xml
[0.893s] -- Up-to-date symlink: /home/ubuntu/workspace/robotics_v1/install/ur_controllers/share/ur_controllers/environment/library_path.sh
[0.894s] -- Up-to-date symlink: /home/ubuntu/workspace/robotics_v1/install/ur_controllers/share/ur_controllers/environment/library_path.dsv
[0.896s] -- Up-to-date symlink: /home/ubuntu/workspace/robotics_v1/install/ur_controllers/share/ament_index/resource_index/package_run_dependencies/ur_controllers
[0.897s] -- Up-to-date symlink: /home/ubuntu/workspace/robotics_v1/install/ur_controllers/share/ament_index/resource_index/parent_prefix_path/ur_controllers
[0.898s] -- Up-to-date symlink: /home/ubuntu/workspace/robotics_v1/install/ur_controllers/share/ur_controllers/environment/ament_prefix_path.sh
[0.898s] -- Up-to-date symlink: /home/ubuntu/workspace/robotics_v1/install/ur_controllers/share/ur_controllers/environment/ament_prefix_path.dsv
[0.899s] -- Up-to-date symlink: /home/ubuntu/workspace/robotics_v1/install/ur_controllers/share/ur_controllers/environment/path.sh
[0.899s] -- Up-to-date symlink: /home/ubuntu/workspace/robotics_v1/install/ur_controllers/share/ur_controllers/environment/path.dsv
[0.900s] -- Up-to-date symlink: /home/ubuntu/workspace/robotics_v1/install/ur_controllers/share/ur_controllers/local_setup.bash
[0.901s] -- Up-to-date symlink: /home/ubuntu/workspace/robotics_v1/install/ur_controllers/share/ur_controllers/local_setup.sh
[0.905s] -- Up-to-date symlink: /home/ubuntu/workspace/robotics_v1/install/ur_controllers/share/ur_controllers/local_setup.zsh
[0.906s] -- Up-to-date symlink: /home/ubuntu/workspace/robotics_v1/install/ur_controllers/share/ur_controllers/local_setup.dsv
[0.907s] -- Symlinking: /home/ubuntu/workspace/robotics_v1/install/ur_controllers/share/ur_controllers/package.dsv
[0.930s] -- Up-to-date symlink: /home/ubuntu/workspace/robotics_v1/install/ur_controllers/share/ament_index/resource_index/packages/ur_controllers
[0.931s] -- Up-to-date symlink: /home/ubuntu/workspace/robotics_v1/install/ur_controllers/share/ament_index/resource_index/controller_interface__pluginlib__plugin/ur_controllers
[0.932s] -- Up-to-date symlink: /home/ubuntu/workspace/robotics_v1/install/ur_controllers/share/ur_controllers/cmake/ament_cmake_export_dependencies-extras.cmake
[0.932s] -- Up-to-date symlink: /home/ubuntu/workspace/robotics_v1/install/ur_controllers/share/ur_controllers/cmake/ament_cmake_export_include_directories-extras.cmake
[0.933s] -- Up-to-date symlink: /home/ubuntu/workspace/robotics_v1/install/ur_controllers/share/ur_controllers/cmake/ament_cmake_export_libraries-extras.cmake
[0.933s] -- Up-to-date symlink: /home/ubuntu/workspace/robotics_v1/install/ur_controllers/share/ur_controllers/cmake/ur_controllersConfig.cmake
[0.934s] -- Up-to-date symlink: /home/ubuntu/workspace/robotics_v1/install/ur_controllers/share/ur_controllers/cmake/ur_controllersConfig-version.cmake
[0.934s] -- Up-to-date symlink: /home/ubuntu/workspace/robotics_v1/install/ur_controllers/share/ur_controllers/package.xml
[0.945s] Invoked command in '/home/ubuntu/workspace/robotics_v1/build/ur_controllers' returned '0': AMENT_PREFIX_PATH=/home/ubuntu/workspace/robotics_v1/install/ur_dashboard_msgs:${AMENT_PREFIX_PATH} CMAKE_PREFIX_PATH=/home/ubuntu/workspace/robotics_v1/install/ur_dashboard_msgs:/home/ubuntu/workspace/robotics_v1/install/ur_client_library:/opt/ros/foxy LD_LIBRARY_PATH=/home/ubuntu/workspace/robotics_v1/install/ur_dashboard_msgs/lib:/home/ubuntu/workspace/robotics_v1/install/ur_client_library/lib:${LD_LIBRARY_PATH} PKG_CONFIG_PATH=/home/ubuntu/workspace/robotics_v1/install/ur_client_library/lib/x86_64-linux-gnu/pkgconfig:/home/ubuntu/workspace/robotics_v1/install/ur_client_library/lib/pkgconfig PYTHONPATH=/home/ubuntu/workspace/robotics_v1/install/ur_dashboard_msgs/lib/python3.8/site-packages:${PYTHONPATH} /usr/bin/cmake --install /home/ubuntu/workspace/robotics_v1/build/ur_controllers
