[0.076s] Invoking command in '/home/ubuntu/workspace/robotics_v1/build/robo_collector_interfaces': CMAKE_PREFIX_PATH=/opt/ros/foxy /usr/bin/cmake --build /home/ubuntu/workspace/robotics_v1/build/robo_collector_interfaces -- -j4 -l4
[0.278s] [ 10%] Built target robo_collector_interfaces__rosidl_generator_c
[0.340s] [ 12%] Built target robo_collector_interfaces__cpp
[0.372s] [ 23%] Built target robo_collector_interfaces__rosidl_typesupport_introspection_c
[0.408s] [ 33%] Built target robo_collector_interfaces__rosidl_typesupport_c
[0.509s] [ 43%] Built target robo_collector_interfaces__rosidl_typesupport_fastrtps_cpp
[0.517s] [ 53%] Built target robo_collector_interfaces__rosidl_typesupport_introspection_cpp
[0.563s] [ 64%] Built target robo_collector_interfaces__rosidl_typesupport_cpp
[0.649s] [ 74%] Built target robo_collector_interfaces__rosidl_typesupport_fastrtps_c
[0.774s] [ 74%] Built target robo_collector_interfaces
[0.850s] [ 76%] Built target robo_collector_interfaces__py
[0.952s] [ 84%] Built target robo_collector_interfaces__python
[1.028s] [ 89%] Built target robo_collector_interfaces__rosidl_typesupport_c__pyext
[1.072s] [ 94%] Built target robo_collector_interfaces__rosidl_typesupport_fastrtps_c__pyext
[1.116s] [100%] Built target robo_collector_interfaces__rosidl_typesupport_introspection_c__pyext
[1.176s] Invoked command in '/home/ubuntu/workspace/robotics_v1/build/robo_collector_interfaces' returned '0': CMAKE_PREFIX_PATH=/opt/ros/foxy /usr/bin/cmake --build /home/ubuntu/workspace/robotics_v1/build/robo_collector_interfaces -- -j4 -l4
[1.527s] Invoking command in '/home/ubuntu/workspace/robotics_v1/build/robo_collector_interfaces': CMAKE_PREFIX_PATH=/opt/ros/foxy /usr/bin/cmake --install /home/ubuntu/workspace/robotics_v1/build/robo_collector_interfaces
[1.575s] -- Install configuration: "Debug"
[1.575s] -- Execute custom install script
[1.575s] -- Up-to-date symlink: /home/ubuntu/workspace/robotics_v1/install/robo_collector_interfaces/share/ament_index/resource_index/rosidl_interfaces/robo_collector_interfaces
[1.575s] -- Up-to-date symlink: /home/ubuntu/workspace/robotics_v1/install/robo_collector_interfaces/include/robo_collector_interfaces/msg/detail/robot_move_type__functions.h
[1.575s] -- Up-to-date symlink: /home/ubuntu/workspace/robotics_v1/install/robo_collector_interfaces/include/robo_collector_interfaces/msg/detail/robot_move_type__struct.h
[1.576s] -- Up-to-date symlink: /home/ubuntu/workspace/robotics_v1/install/robo_collector_interfaces/include/robo_collector_interfaces/msg/detail/robot_move_type__type_support.h
[1.576s] -- Up-to-date symlink: /home/ubuntu/workspace/robotics_v1/install/robo_collector_interfaces/include/robo_collector_interfaces/msg/detail/user_authenticate__functions.h
[1.578s] -- Up-to-date symlink: /home/ubuntu/workspace/robotics_v1/install/robo_collector_interfaces/include/robo_collector_interfaces/msg/detail/user_authenticate__struct.h
[1.579s] -- Up-to-date symlink: /home/ubuntu/workspace/robotics_v1/install/robo_collector_interfaces/include/robo_collector_interfaces/msg/detail/user_authenticate__type_support.h
[1.580s] -- Up-to-date symlink: /home/ubuntu/workspace/robotics_v1/install/robo_collector_interfaces/include/robo_collector_interfaces/msg/robot_move_type.h
[1.581s] -- Up-to-date symlink: /home/ubuntu/workspace/robotics_v1/install/robo_collector_interfaces/include/robo_collector_interfaces/msg/rosidl_generator_c__visibility_control.h
[1.584s] -- Up-to-date symlink: /home/ubuntu/workspace/robotics_v1/install/robo_collector_interfaces/include/robo_collector_interfaces/msg/user_authenticate.h
[1.586s] -- Up-to-date symlink: /home/ubuntu/workspace/robotics_v1/install/robo_collector_interfaces/share/robo_collector_interfaces/environment/library_path.sh
[1.588s] -- Up-to-date symlink: /home/ubuntu/workspace/robotics_v1/install/robo_collector_interfaces/share/robo_collector_interfaces/environment/library_path.dsv
[1.595s] -- Up-to-date symlink: /home/ubuntu/workspace/robotics_v1/install/robo_collector_interfaces/include/robo_collector_interfaces/msg/detail/robot_move_type__rosidl_typesupport_fastrtps_c.h
[1.599s] -- Up-to-date symlink: /home/ubuntu/workspace/robotics_v1/install/robo_collector_interfaces/include/robo_collector_interfaces/msg/detail/user_authenticate__rosidl_typesupport_fastrtps_c.h
[1.604s] -- Up-to-date symlink: /home/ubuntu/workspace/robotics_v1/install/robo_collector_interfaces/include/robo_collector_interfaces/msg/rosidl_typesupport_fastrtps_c__visibility_control.h
[1.608s] -- Up-to-date symlink: /home/ubuntu/workspace/robotics_v1/install/robo_collector_interfaces/lib/librobo_collector_interfaces__rosidl_typesupport_fastrtps_c.so
[1.613s] -- Up-to-date symlink: /home/ubuntu/workspace/robotics_v1/install/robo_collector_interfaces/include/robo_collector_interfaces/msg/detail/robot_move_type__rosidl_typesupport_fastrtps_cpp.hpp
[1.615s] -- Up-to-date symlink: /home/ubuntu/workspace/robotics_v1/install/robo_collector_interfaces/include/robo_collector_interfaces/msg/detail/user_authenticate__rosidl_typesupport_fastrtps_cpp.hpp
[1.618s] -- Up-to-date symlink: /home/ubuntu/workspace/robotics_v1/install/robo_collector_interfaces/include/robo_collector_interfaces/msg/rosidl_typesupport_fastrtps_cpp__visibility_control.h
[1.625s] -- Up-to-date symlink: /home/ubuntu/workspace/robotics_v1/install/robo_collector_interfaces/lib/librobo_collector_interfaces__rosidl_typesupport_fastrtps_cpp.so
[1.632s] -- Up-to-date symlink: /home/ubuntu/workspace/robotics_v1/install/robo_collector_interfaces/include/robo_collector_interfaces/msg/detail/robot_move_type__rosidl_typesupport_introspection_c.h
[1.634s] -- Up-to-date symlink: /home/ubuntu/workspace/robotics_v1/install/robo_collector_interfaces/include/robo_collector_interfaces/msg/detail/user_authenticate__rosidl_typesupport_introspection_c.h
[1.635s] -- Up-to-date symlink: /home/ubuntu/workspace/robotics_v1/install/robo_collector_interfaces/include/robo_collector_interfaces/msg/rosidl_typesupport_introspection_c__visibility_control.h
[1.641s] -- Up-to-date symlink: /home/ubuntu/workspace/robotics_v1/install/robo_collector_interfaces/include/robo_collector_interfaces/msg/detail/robot_move_type__builder.hpp
[1.642s] -- Up-to-date symlink: /home/ubuntu/workspace/robotics_v1/install/robo_collector_interfaces/include/robo_collector_interfaces/msg/detail/robot_move_type__struct.hpp
[1.643s] -- Up-to-date symlink: /home/ubuntu/workspace/robotics_v1/install/robo_collector_interfaces/include/robo_collector_interfaces/msg/detail/robot_move_type__traits.hpp
[1.643s] -- Up-to-date symlink: /home/ubuntu/workspace/robotics_v1/install/robo_collector_interfaces/include/robo_collector_interfaces/msg/detail/user_authenticate__builder.hpp
[1.644s] -- Up-to-date symlink: /home/ubuntu/workspace/robotics_v1/install/robo_collector_interfaces/include/robo_collector_interfaces/msg/detail/user_authenticate__struct.hpp
[1.645s] -- Up-to-date symlink: /home/ubuntu/workspace/robotics_v1/install/robo_collector_interfaces/include/robo_collector_interfaces/msg/detail/user_authenticate__traits.hpp
[1.645s] -- Up-to-date symlink: /home/ubuntu/workspace/robotics_v1/install/robo_collector_interfaces/include/robo_collector_interfaces/msg/robot_move_type.hpp
[1.645s] -- Up-to-date symlink: /home/ubuntu/workspace/robotics_v1/install/robo_collector_interfaces/include/robo_collector_interfaces/msg/user_authenticate.hpp
[1.647s] -- Up-to-date symlink: /home/ubuntu/workspace/robotics_v1/install/robo_collector_interfaces/include/robo_collector_interfaces/msg/detail/robot_move_type__rosidl_typesupport_introspection_cpp.hpp
[1.648s] -- Up-to-date symlink: /home/ubuntu/workspace/robotics_v1/install/robo_collector_interfaces/include/robo_collector_interfaces/msg/detail/user_authenticate__rosidl_typesupport_introspection_cpp.hpp
[1.659s] -- Up-to-date symlink: /home/ubuntu/workspace/robotics_v1/install/robo_collector_interfaces/share/robo_collector_interfaces/environment/pythonpath.sh
[1.660s] -- Up-to-date symlink: /home/ubuntu/workspace/robotics_v1/install/robo_collector_interfaces/share/robo_collector_interfaces/environment/pythonpath.dsv
[1.668s] -- Up-to-date symlink: /home/ubuntu/workspace/robotics_v1/install/robo_collector_interfaces/lib/python3.8/site-packages/robo_collector_interfaces/__init__.py
[1.672s] -- Up-to-date symlink: /home/ubuntu/workspace/robotics_v1/install/robo_collector_interfaces/lib/python3.8/site-packages/robo_collector_interfaces/msg/__init__.py
[1.673s] -- Up-to-date symlink: /home/ubuntu/workspace/robotics_v1/install/robo_collector_interfaces/lib/python3.8/site-packages/robo_collector_interfaces/msg/_robot_move_type.py
[1.674s] -- Up-to-date symlink: /home/ubuntu/workspace/robotics_v1/install/robo_collector_interfaces/lib/python3.8/site-packages/robo_collector_interfaces/msg/_user_authenticate.py
[1.675s] -- Up-to-date symlink: /home/ubuntu/workspace/robotics_v1/install/robo_collector_interfaces/lib/python3.8/site-packages/robo_collector_interfaces/robo_collector_interfaces_s__rosidl_typesupport_fastrtps_c.cpython-38-x86_64-linux-gnu.so
[1.677s] -- Up-to-date symlink: /home/ubuntu/workspace/robotics_v1/install/robo_collector_interfaces/lib/python3.8/site-packages/robo_collector_interfaces/robo_collector_interfaces_s__rosidl_typesupport_introspection_c.cpython-38-x86_64-linux-gnu.so
[1.681s] -- Up-to-date symlink: /home/ubuntu/workspace/robotics_v1/install/robo_collector_interfaces/lib/python3.8/site-packages/robo_collector_interfaces/robo_collector_interfaces_s__rosidl_typesupport_c.cpython-38-x86_64-linux-gnu.so
[1.684s] -- Up-to-date symlink: /home/ubuntu/workspace/robotics_v1/install/robo_collector_interfaces/lib/librobo_collector_interfaces__python.so
[1.686s] -- Up-to-date symlink: /home/ubuntu/workspace/robotics_v1/install/robo_collector_interfaces/share/robo_collector_interfaces/msg/RobotMoveType.idl
[1.687s] -- Up-to-date symlink: /home/ubuntu/workspace/robotics_v1/install/robo_collector_interfaces/share/robo_collector_interfaces/msg/UserAuthenticate.idl
[1.689s] -- Up-to-date symlink: /home/ubuntu/workspace/robotics_v1/install/robo_collector_interfaces/share/robo_collector_interfaces/msg/RobotMoveType.msg
[1.690s] -- Up-to-date symlink: /home/ubuntu/workspace/robotics_v1/install/robo_collector_interfaces/share/robo_collector_interfaces/msg/UserAuthenticate.msg
[1.691s] -- Up-to-date symlink: /home/ubuntu/workspace/robotics_v1/install/robo_collector_interfaces/share/ament_index/resource_index/package_run_dependencies/robo_collector_interfaces
[1.692s] -- Up-to-date symlink: /home/ubuntu/workspace/robotics_v1/install/robo_collector_interfaces/share/ament_index/resource_index/parent_prefix_path/robo_collector_interfaces
[1.693s] -- Up-to-date symlink: /home/ubuntu/workspace/robotics_v1/install/robo_collector_interfaces/share/robo_collector_interfaces/environment/ament_prefix_path.sh
[1.694s] -- Up-to-date symlink: /home/ubuntu/workspace/robotics_v1/install/robo_collector_interfaces/share/robo_collector_interfaces/environment/ament_prefix_path.dsv
[1.695s] -- Up-to-date symlink: /home/ubuntu/workspace/robotics_v1/install/robo_collector_interfaces/share/robo_collector_interfaces/environment/path.sh
[1.697s] -- Up-to-date symlink: /home/ubuntu/workspace/robotics_v1/install/robo_collector_interfaces/share/robo_collector_interfaces/environment/path.dsv
[1.698s] -- Up-to-date symlink: /home/ubuntu/workspace/robotics_v1/install/robo_collector_interfaces/share/robo_collector_interfaces/local_setup.bash
[1.700s] -- Up-to-date symlink: /home/ubuntu/workspace/robotics_v1/install/robo_collector_interfaces/share/robo_collector_interfaces/local_setup.sh
[1.704s] -- Up-to-date symlink: /home/ubuntu/workspace/robotics_v1/install/robo_collector_interfaces/share/robo_collector_interfaces/local_setup.zsh
[1.706s] -- Up-to-date symlink: /home/ubuntu/workspace/robotics_v1/install/robo_collector_interfaces/share/robo_collector_interfaces/local_setup.dsv
[1.709s] -- Symlinking: /home/ubuntu/workspace/robotics_v1/install/robo_collector_interfaces/share/robo_collector_interfaces/package.dsv
[1.780s] -- Up-to-date symlink: /home/ubuntu/workspace/robotics_v1/install/robo_collector_interfaces/share/ament_index/resource_index/packages/robo_collector_interfaces
[1.781s] -- Up-to-date symlink: /home/ubuntu/workspace/robotics_v1/install/robo_collector_interfaces/share/robo_collector_interfaces/cmake/rosidl_cmake-extras.cmake
[1.781s] -- Up-to-date symlink: /home/ubuntu/workspace/robotics_v1/install/robo_collector_interfaces/share/robo_collector_interfaces/cmake/ament_cmake_export_dependencies-extras.cmake
[1.781s] -- Up-to-date symlink: /home/ubuntu/workspace/robotics_v1/install/robo_collector_interfaces/share/robo_collector_interfaces/cmake/ament_cmake_export_libraries-extras.cmake
[1.782s] -- Up-to-date symlink: /home/ubuntu/workspace/robotics_v1/install/robo_collector_interfaces/share/robo_collector_interfaces/cmake/ament_cmake_export_targets-extras.cmake
[1.784s] -- Up-to-date symlink: /home/ubuntu/workspace/robotics_v1/install/robo_collector_interfaces/share/robo_collector_interfaces/cmake/ament_cmake_export_include_directories-extras.cmake
[1.785s] -- Up-to-date symlink: /home/ubuntu/workspace/robotics_v1/install/robo_collector_interfaces/share/robo_collector_interfaces/cmake/rosidl_cmake_export_typesupport_libraries-extras.cmake
[1.785s] -- Up-to-date symlink: /home/ubuntu/workspace/robotics_v1/install/robo_collector_interfaces/share/robo_collector_interfaces/cmake/rosidl_cmake_export_typesupport_targets-extras.cmake
[1.785s] -- Up-to-date symlink: /home/ubuntu/workspace/robotics_v1/install/robo_collector_interfaces/share/robo_collector_interfaces/cmake/robo_collector_interfacesConfig.cmake
[1.786s] -- Up-to-date symlink: /home/ubuntu/workspace/robotics_v1/install/robo_collector_interfaces/share/robo_collector_interfaces/cmake/robo_collector_interfacesConfig-version.cmake
[1.788s] -- Up-to-date symlink: /home/ubuntu/workspace/robotics_v1/install/robo_collector_interfaces/share/robo_collector_interfaces/package.xml
[1.790s] -- Up-to-date: /home/ubuntu/workspace/robotics_v1/install/robo_collector_interfaces/lib/librobo_collector_interfaces__rosidl_generator_c.so
[1.795s] -- Up-to-date: /home/ubuntu/workspace/robotics_v1/install/robo_collector_interfaces/lib/librobo_collector_interfaces__rosidl_typesupport_introspection_c.so
[1.798s] -- Up-to-date: /home/ubuntu/workspace/robotics_v1/install/robo_collector_interfaces/lib/librobo_collector_interfaces__rosidl_typesupport_c.so
[1.802s] -- Up-to-date: /home/ubuntu/workspace/robotics_v1/install/robo_collector_interfaces/lib/librobo_collector_interfaces__rosidl_typesupport_introspection_cpp.so
[1.806s] -- Up-to-date: /home/ubuntu/workspace/robotics_v1/install/robo_collector_interfaces/lib/librobo_collector_interfaces__rosidl_typesupport_cpp.so
[1.971s] -- Up-to-date: /home/ubuntu/workspace/robotics_v1/install/robo_collector_interfaces/share/robo_collector_interfaces/cmake/robo_collector_interfaces__rosidl_generator_cExport.cmake
[1.971s] -- Up-to-date: /home/ubuntu/workspace/robotics_v1/install/robo_collector_interfaces/share/robo_collector_interfaces/cmake/robo_collector_interfaces__rosidl_generator_cExport-debug.cmake
[1.972s] -- Up-to-date: /home/ubuntu/workspace/robotics_v1/install/robo_collector_interfaces/share/robo_collector_interfaces/cmake/robo_collector_interfaces__rosidl_typesupport_introspection_cExport.cmake
[1.972s] -- Up-to-date: /home/ubuntu/workspace/robotics_v1/install/robo_collector_interfaces/share/robo_collector_interfaces/cmake/robo_collector_interfaces__rosidl_typesupport_introspection_cExport-debug.cmake
[1.972s] -- Up-to-date: /home/ubuntu/workspace/robotics_v1/install/robo_collector_interfaces/share/robo_collector_interfaces/cmake/robo_collector_interfaces__rosidl_typesupport_cExport.cmake
[1.973s] -- Up-to-date: /home/ubuntu/workspace/robotics_v1/install/robo_collector_interfaces/share/robo_collector_interfaces/cmake/robo_collector_interfaces__rosidl_typesupport_cExport-debug.cmake
[1.973s] -- Up-to-date: /home/ubuntu/workspace/robotics_v1/install/robo_collector_interfaces/share/robo_collector_interfaces/cmake/robo_collector_interfaces__rosidl_generator_cppExport.cmake
[1.973s] -- Up-to-date: /home/ubuntu/workspace/robotics_v1/install/robo_collector_interfaces/share/robo_collector_interfaces/cmake/robo_collector_interfaces__rosidl_typesupport_introspection_cppExport.cmake
[1.973s] -- Up-to-date: /home/ubuntu/workspace/robotics_v1/install/robo_collector_interfaces/share/robo_collector_interfaces/cmake/robo_collector_interfaces__rosidl_typesupport_introspection_cppExport-debug.cmake
[1.974s] -- Up-to-date: /home/ubuntu/workspace/robotics_v1/install/robo_collector_interfaces/share/robo_collector_interfaces/cmake/robo_collector_interfaces__rosidl_typesupport_cppExport.cmake
[1.974s] -- Up-to-date: /home/ubuntu/workspace/robotics_v1/install/robo_collector_interfaces/share/robo_collector_interfaces/cmake/robo_collector_interfaces__rosidl_typesupport_cppExport-debug.cmake
[2.057s] Invoked command in '/home/ubuntu/workspace/robotics_v1/build/robo_collector_interfaces' returned '0': CMAKE_PREFIX_PATH=/opt/ros/foxy /usr/bin/cmake --install /home/ubuntu/workspace/robotics_v1/build/robo_collector_interfaces
