[0.327s] Invoking command in '/home/ubuntu/workspace/robotics_v1/build/robo_common': CMAKE_PREFIX_PATH=/home/ubuntu/workspace/robotics_v1/install/manager_utils:/home/ubuntu/workspace/robotics_v1/install/sdl_utils:/home/ubuntu/workspace/robotics_v1/install/resource_utils:/home/ubuntu/workspace/robotics_v1/install/utils:/home/ubuntu/workspace/robotics_v1/install/cmake_helpers:/opt/ros/foxy PKG_CONFIG_PATH=/home/ubuntu/workspace/robotics_v1/install/manager_utils/lib/x86_64-linux-gnu/pkgconfig:/home/ubuntu/workspace/robotics_v1/install/manager_utils/lib/pkgconfig:/home/ubuntu/workspace/robotics_v1/install/sdl_utils/lib/x86_64-linux-gnu/pkgconfig:/home/ubuntu/workspace/robotics_v1/install/sdl_utils/lib/pkgconfig:/home/ubuntu/workspace/robotics_v1/install/resource_utils/lib/x86_64-linux-gnu/pkgconfig:/home/ubuntu/workspace/robotics_v1/install/resource_utils/lib/pkgconfig:/home/ubuntu/workspace/robotics_v1/install/utils/lib/x86_64-linux-gnu/pkgconfig:/home/ubuntu/workspace/robotics_v1/install/utils/lib/pkgconfig:/home/ubuntu/workspace/robotics_v1/install/cmake_helpers/lib/x86_64-linux-gnu/pkgconfig:/home/ubuntu/workspace/robotics_v1/install/cmake_helpers/lib/pkgconfig /usr/bin/cmake --build /home/ubuntu/workspace/robotics_v1/build/robo_common -- -j4 -l4
[0.927s] [100%] Built target robo_common
[1.205s] Invoked command in '/home/ubuntu/workspace/robotics_v1/build/robo_common' returned '0': CMAKE_PREFIX_PATH=/home/ubuntu/workspace/robotics_v1/install/manager_utils:/home/ubuntu/workspace/robotics_v1/install/sdl_utils:/home/ubuntu/workspace/robotics_v1/install/resource_utils:/home/ubuntu/workspace/robotics_v1/install/utils:/home/ubuntu/workspace/robotics_v1/install/cmake_helpers:/opt/ros/foxy PKG_CONFIG_PATH=/home/ubuntu/workspace/robotics_v1/install/manager_utils/lib/x86_64-linux-gnu/pkgconfig:/home/ubuntu/workspace/robotics_v1/install/manager_utils/lib/pkgconfig:/home/ubuntu/workspace/robotics_v1/install/sdl_utils/lib/x86_64-linux-gnu/pkgconfig:/home/ubuntu/workspace/robotics_v1/install/sdl_utils/lib/pkgconfig:/home/ubuntu/workspace/robotics_v1/install/resource_utils/lib/x86_64-linux-gnu/pkgconfig:/home/ubuntu/workspace/robotics_v1/install/resource_utils/lib/pkgconfig:/home/ubuntu/workspace/robotics_v1/install/utils/lib/x86_64-linux-gnu/pkgconfig:/home/ubuntu/workspace/robotics_v1/install/utils/lib/pkgconfig:/home/ubuntu/workspace/robotics_v1/install/cmake_helpers/lib/x86_64-linux-gnu/pkgconfig:/home/ubuntu/workspace/robotics_v1/install/cmake_helpers/lib/pkgconfig /usr/bin/cmake --build /home/ubuntu/workspace/robotics_v1/build/robo_common -- -j4 -l4
[2.336s] Invoking command in '/home/ubuntu/workspace/robotics_v1/build/robo_common': CMAKE_PREFIX_PATH=/home/ubuntu/workspace/robotics_v1/install/manager_utils:/home/ubuntu/workspace/robotics_v1/install/sdl_utils:/home/ubuntu/workspace/robotics_v1/install/resource_utils:/home/ubuntu/workspace/robotics_v1/install/utils:/home/ubuntu/workspace/robotics_v1/install/cmake_helpers:/opt/ros/foxy PKG_CONFIG_PATH=/home/ubuntu/workspace/robotics_v1/install/manager_utils/lib/x86_64-linux-gnu/pkgconfig:/home/ubuntu/workspace/robotics_v1/install/manager_utils/lib/pkgconfig:/home/ubuntu/workspace/robotics_v1/install/sdl_utils/lib/x86_64-linux-gnu/pkgconfig:/home/ubuntu/workspace/robotics_v1/install/sdl_utils/lib/pkgconfig:/home/ubuntu/workspace/robotics_v1/install/resource_utils/lib/x86_64-linux-gnu/pkgconfig:/home/ubuntu/workspace/robotics_v1/install/resource_utils/lib/pkgconfig:/home/ubuntu/workspace/robotics_v1/install/utils/lib/x86_64-linux-gnu/pkgconfig:/home/ubuntu/workspace/robotics_v1/install/utils/lib/pkgconfig:/home/ubuntu/workspace/robotics_v1/install/cmake_helpers/lib/x86_64-linux-gnu/pkgconfig:/home/ubuntu/workspace/robotics_v1/install/cmake_helpers/lib/pkgconfig /usr/bin/cmake --install /home/ubuntu/workspace/robotics_v1/build/robo_common
[2.369s] -- Install configuration: "Debug"
[2.370s] -- Up-to-date: /home/ubuntu/workspace/robotics_v1/install/robo_common/share/robo_common/package.xml
[2.372s] -- Up-to-date: /home/ubuntu/workspace/robotics_v1/install/robo_common/lib/robo_common/librobo_common.a
[2.373s] -- Installing: /home/ubuntu/workspace/robotics_v1/install/robo_common/share/ament_index/resource_index/packages/robo_common
[2.374s] -- Up-to-date: /home/ubuntu/workspace/robotics_v1/install/robo_common/share/robo_common/hook/ament_prefix_path.dsv
[2.377s] -- Up-to-date: /home/ubuntu/workspace/robotics_v1/install/robo_common/share/robo_common/hook/ros_package_path.dsv
[2.377s] -- Up-to-date: /home/ubuntu/workspace/robotics_v1/install/robo_common/share/ament_index/resource_index/package_run_dependencies/robo_common
[2.378s] -- Up-to-date: /home/ubuntu/workspace/robotics_v1/install/robo_common/share/ament_index/resource_index/parent_prefix_path/robo_common
[2.385s] -- Up-to-date: /home/ubuntu/workspace/robotics_v1/install/robo_common/share/robo_common/environment/ament_prefix_path.sh
[2.386s] -- Up-to-date: /home/ubuntu/workspace/robotics_v1/install/robo_common/share/robo_common/environment/ament_prefix_path.dsv
[2.387s] -- Up-to-date: /home/ubuntu/workspace/robotics_v1/install/robo_common/share/robo_common/environment/path.sh
[2.387s] -- Up-to-date: /home/ubuntu/workspace/robotics_v1/install/robo_common/share/robo_common/environment/path.dsv
[2.388s] -- Up-to-date: /home/ubuntu/workspace/robotics_v1/install/robo_common/share/robo_common/local_setup.bash
[2.388s] -- Up-to-date: /home/ubuntu/workspace/robotics_v1/install/robo_common/share/robo_common/local_setup.sh
[2.389s] -- Up-to-date: /home/ubuntu/workspace/robotics_v1/install/robo_common/share/robo_common/local_setup.zsh
[2.389s] -- Up-to-date: /home/ubuntu/workspace/robotics_v1/install/robo_common/share/robo_common/local_setup.dsv
[2.389s] -- Installing: /home/ubuntu/workspace/robotics_v1/install/robo_common/share/robo_common/package.dsv
[2.390s] -- Installing: /home/ubuntu/workspace/robotics_v1/install/robo_common/share/ament_index/resource_index/packages/robo_common
[2.399s] -- Up-to-date: /home/ubuntu/workspace/robotics_v1/install/robo_common/share/robo_common/cmake/robo_commonConfig.cmake
[2.400s] -- Up-to-date: /home/ubuntu/workspace/robotics_v1/install/robo_common/share/robo_common/cmake/robo_commonConfig-version.cmake
[2.406s] -- Up-to-date: /home/ubuntu/workspace/robotics_v1/install/robo_common/share/robo_common/package.xml
[2.407s] -- Up-to-date: /home/ubuntu/workspace/robotics_v1/install/robo_common/lib/librobo_common.a
[2.408s] -- Up-to-date: /home/ubuntu/workspace/robotics_v1/install/robo_common/include
[2.409s] -- Up-to-date: /home/ubuntu/workspace/robotics_v1/install/robo_common/include/robo_common
[2.426s] -- Up-to-date: /home/ubuntu/workspace/robotics_v1/install/robo_common/include/robo_common/helpers
[2.437s] -- Up-to-date: /home/ubuntu/workspace/robotics_v1/install/robo_common/include/robo_common/helpers/CollisionWatcher.h
[2.438s] -- Up-to-date: /home/ubuntu/workspace/robotics_v1/install/robo_common/include/robo_common/helpers/CollisionObject.h
[2.439s] -- Up-to-date: /home/ubuntu/workspace/robotics_v1/install/robo_common/include/robo_common/helpers/LevelFileLoader.h
[2.439s] -- Up-to-date: /home/ubuntu/workspace/robotics_v1/install/robo_common/include/robo_common/layout
[2.440s] -- Up-to-date: /home/ubuntu/workspace/robotics_v1/install/robo_common/include/robo_common/layout/helpers
[2.440s] -- Up-to-date: /home/ubuntu/workspace/robotics_v1/install/robo_common/include/robo_common/layout/helpers/RoboCommonLayoutInterfaces.h
[2.440s] -- Up-to-date: /home/ubuntu/workspace/robotics_v1/install/robo_common/include/robo_common/layout/helpers/RoboCommonLayoutInitHelper.h
[2.441s] -- Up-to-date: /home/ubuntu/workspace/robotics_v1/install/robo_common/include/robo_common/layout/panels
[2.441s] -- Up-to-date: /home/ubuntu/workspace/robotics_v1/install/robo_common/include/robo_common/layout/panels/NumberCounterPanel.h
[2.441s] -- Up-to-date: /home/ubuntu/workspace/robotics_v1/install/robo_common/include/robo_common/layout/panels/IndicatorPanel.h
[2.442s] -- Up-to-date: /home/ubuntu/workspace/robotics_v1/install/robo_common/include/robo_common/layout/panels/TimePanel.h
[2.442s] -- Up-to-date: /home/ubuntu/workspace/robotics_v1/install/robo_common/include/robo_common/layout/panels/config
[2.443s] -- Up-to-date: /home/ubuntu/workspace/robotics_v1/install/robo_common/include/robo_common/layout/panels/config/NumberCounterPanelConfig.h
[2.444s] -- Up-to-date: /home/ubuntu/workspace/robotics_v1/install/robo_common/include/robo_common/layout/panels/config/TimePanelConfig.h
[2.444s] -- Up-to-date: /home/ubuntu/workspace/robotics_v1/install/robo_common/include/robo_common/layout/panels/config/IndicatorPanelConfig.h
[2.444s] -- Up-to-date: /home/ubuntu/workspace/robotics_v1/install/robo_common/include/robo_common/layout/config
[2.445s] -- Up-to-date: /home/ubuntu/workspace/robotics_v1/install/robo_common/include/robo_common/layout/config/RoboCommonLayoutConfig.h
[2.445s] -- Up-to-date: /home/ubuntu/workspace/robotics_v1/install/robo_common/include/robo_common/layout/RoboCommonLayout.h
[2.445s] -- Up-to-date: /home/ubuntu/workspace/robotics_v1/install/robo_common/include/robo_common/layout/field
[2.445s] -- Up-to-date: /home/ubuntu/workspace/robotics_v1/install/robo_common/include/robo_common/layout/field/fog_of_war
[2.446s] -- Up-to-date: /home/ubuntu/workspace/robotics_v1/install/robo_common/include/robo_common/layout/field/fog_of_war/FogCollisionObject.h
[2.446s] -- Up-to-date: /home/ubuntu/workspace/robotics_v1/install/robo_common/include/robo_common/layout/field/fog_of_war/FogOfWar.h
[2.446s] -- Up-to-date: /home/ubuntu/workspace/robotics_v1/install/robo_common/include/robo_common/layout/field/Tile.h
[2.447s] -- Up-to-date: /home/ubuntu/workspace/robotics_v1/install/robo_common/include/robo_common/layout/field/config
[2.447s] -- Up-to-date: /home/ubuntu/workspace/robotics_v1/install/robo_common/include/robo_common/layout/field/config/TileConfig.h
[2.447s] -- Up-to-date: /home/ubuntu/workspace/robotics_v1/install/robo_common/include/robo_common/layout/field/config/FieldConfig.h
[2.448s] -- Up-to-date: /home/ubuntu/workspace/robotics_v1/install/robo_common/include/robo_common/layout/field/config/ObstacleHandlerConfig.h
[2.448s] -- Up-to-date: /home/ubuntu/workspace/robotics_v1/install/robo_common/include/robo_common/layout/field/config/FogOfWarConfig.h
[2.448s] -- Up-to-date: /home/ubuntu/workspace/robotics_v1/install/robo_common/include/robo_common/layout/field/ObjectApproachOverlay.h
[2.448s] -- Up-to-date: /home/ubuntu/workspace/robotics_v1/install/robo_common/include/robo_common/layout/field/obstacles
[2.449s] -- Up-to-date: /home/ubuntu/workspace/robotics_v1/install/robo_common/include/robo_common/layout/field/obstacles/ObstacleHandler.h
[2.449s] -- Up-to-date: /home/ubuntu/workspace/robotics_v1/install/robo_common/include/robo_common/layout/field/obstacles/Obstacle.h
[2.449s] -- Up-to-date: /home/ubuntu/workspace/robotics_v1/install/robo_common/include/robo_common/layout/field/Field.h
[2.450s] -- Up-to-date: /home/ubuntu/workspace/robotics_v1/install/robo_common/include/robo_common/layout/field/FieldPos.h
[2.465s] -- Up-to-date: /home/ubuntu/workspace/robotics_v1/install/robo_common/include/robo_common/layout/field/FieldUtils.h
[2.465s] -- Up-to-date: /home/ubuntu/workspace/robotics_v1/install/robo_common/include/robo_common/layout/entities
[2.466s] -- Up-to-date: /home/ubuntu/workspace/robotics_v1/install/robo_common/include/robo_common/layout/entities/robot
[2.466s] -- Up-to-date: /home/ubuntu/workspace/robotics_v1/install/robo_common/include/robo_common/layout/entities/robot/helpers
[2.466s] -- Up-to-date: /home/ubuntu/workspace/robotics_v1/install/robo_common/include/robo_common/layout/entities/robot/helpers/RobotInitHelper.h
[2.467s] -- Up-to-date: /home/ubuntu/workspace/robotics_v1/install/robo_common/include/robo_common/layout/entities/robot/helpers/RobotUtils.h
[2.468s] -- Up-to-date: /home/ubuntu/workspace/robotics_v1/install/robo_common/include/robo_common/layout/entities/robot/helpers/RobotActInterface.h
[2.469s] -- Up-to-date: /home/ubuntu/workspace/robotics_v1/install/robo_common/include/robo_common/layout/entities/robot/Robot.h
[2.469s] -- Up-to-date: /home/ubuntu/workspace/robotics_v1/install/robo_common/include/robo_common/layout/entities/robot/config
[2.470s] -- Up-to-date: /home/ubuntu/workspace/robotics_v1/install/robo_common/include/robo_common/layout/entities/robot/config/RobotBaseConfig.h
[2.470s] -- Up-to-date: /home/ubuntu/workspace/robotics_v1/install/robo_common/include/robo_common/layout/entities/robot/animation
[2.470s] -- Up-to-date: /home/ubuntu/workspace/robotics_v1/install/robo_common/include/robo_common/layout/entities/robot/animation/PlayerDamageAnimEndCb.h
[2.471s] -- Up-to-date: /home/ubuntu/workspace/robotics_v1/install/robo_common/include/robo_common/layout/entities/robot/animation/RobotAnimator.h
[2.471s] -- Up-to-date: /home/ubuntu/workspace/robotics_v1/install/robo_common/include/robo_common/layout/entities/robot/animation/RobotAnimEndCb.h
[2.471s] -- Up-to-date: /home/ubuntu/workspace/robotics_v1/install/robo_common/include/robo_common/layout/debug
[2.472s] -- Up-to-date: /home/ubuntu/workspace/robotics_v1/install/robo_common/include/robo_common/layout/debug/config
[2.472s] -- Up-to-date: /home/ubuntu/workspace/robotics_v1/install/robo_common/include/robo_common/layout/debug/config/DebugFieldConfig.h
[2.472s] -- Up-to-date: /home/ubuntu/workspace/robotics_v1/install/robo_common/include/robo_common/layout/debug/DebugField.h
[2.473s] -- Up-to-date: /home/ubuntu/workspace/robotics_v1/install/robo_common/include/robo_common/layout/animators
[2.473s] -- Up-to-date: /home/ubuntu/workspace/robotics_v1/install/robo_common/include/robo_common/layout/animators/EndScreenAppearAnimator.h
[2.473s] -- Up-to-date: /home/ubuntu/workspace/robotics_v1/install/robo_common/include/robo_common/layout/animators/config
[2.474s] -- Up-to-date: /home/ubuntu/workspace/robotics_v1/install/robo_common/include/robo_common/layout/animators/config/AchievementAnimatorConfig.h
[2.474s] -- Up-to-date: /home/ubuntu/workspace/robotics_v1/install/robo_common/include/robo_common/layout/animators/config/GameEndAnimatorConfig.h
[2.474s] -- Up-to-date: /home/ubuntu/workspace/robotics_v1/install/robo_common/include/robo_common/layout/animators/config/HelpPageAnimatorConfig.h
[2.475s] -- Up-to-date: /home/ubuntu/workspace/robotics_v1/install/robo_common/include/robo_common/layout/animators/GameEndAnimator.h
[2.475s] -- Up-to-date: /home/ubuntu/workspace/robotics_v1/install/robo_common/include/robo_common/layout/animators/HelpPageAnimator.h
[2.475s] -- Up-to-date: /home/ubuntu/workspace/robotics_v1/install/robo_common/include/robo_common/layout/animators/CountdownAnimator.h
[2.476s] -- Up-to-date: /home/ubuntu/workspace/robotics_v1/install/robo_common/include/robo_common/layout/animators/AchievementAnimator.h
[2.476s] -- Up-to-date: /home/ubuntu/workspace/robotics_v1/install/robo_common/include/robo_common/defines
[2.476s] -- Up-to-date: /home/ubuntu/workspace/robotics_v1/install/robo_common/include/robo_common/defines/RoboCommonFunctionalDefines.h
[2.476s] -- Up-to-date: /home/ubuntu/workspace/robotics_v1/install/robo_common/include/robo_common/defines/RoboCommonDefines.h
[2.477s] -- Up-to-date: /home/ubuntu/workspace/robotics_v1/install/robo_common/lib/cmake/robo_common/robo_commonTargets.cmake
[2.478s] -- Up-to-date: /home/ubuntu/workspace/robotics_v1/install/robo_common/lib/cmake/robo_common/robo_commonTargets-debug.cmake
[2.478s] -- Up-to-date: /home/ubuntu/workspace/robotics_v1/install/robo_common/lib/cmake/robo_common/robo_commonConfig.cmake
[2.501s] Invoked command in '/home/ubuntu/workspace/robotics_v1/build/robo_common' returned '0': CMAKE_PREFIX_PATH=/home/ubuntu/workspace/robotics_v1/install/manager_utils:/home/ubuntu/workspace/robotics_v1/install/sdl_utils:/home/ubuntu/workspace/robotics_v1/install/resource_utils:/home/ubuntu/workspace/robotics_v1/install/utils:/home/ubuntu/workspace/robotics_v1/install/cmake_helpers:/opt/ros/foxy PKG_CONFIG_PATH=/home/ubuntu/workspace/robotics_v1/install/manager_utils/lib/x86_64-linux-gnu/pkgconfig:/home/ubuntu/workspace/robotics_v1/install/manager_utils/lib/pkgconfig:/home/ubuntu/workspace/robotics_v1/install/sdl_utils/lib/x86_64-linux-gnu/pkgconfig:/home/ubuntu/workspace/robotics_v1/install/sdl_utils/lib/pkgconfig:/home/ubuntu/workspace/robotics_v1/install/resource_utils/lib/x86_64-linux-gnu/pkgconfig:/home/ubuntu/workspace/robotics_v1/install/resource_utils/lib/pkgconfig:/home/ubuntu/workspace/robotics_v1/install/utils/lib/x86_64-linux-gnu/pkgconfig:/home/ubuntu/workspace/robotics_v1/install/utils/lib/pkgconfig:/home/ubuntu/workspace/robotics_v1/install/cmake_helpers/lib/x86_64-linux-gnu/pkgconfig:/home/ubuntu/workspace/robotics_v1/install/cmake_helpers/lib/pkgconfig /usr/bin/cmake --install /home/ubuntu/workspace/robotics_v1/build/robo_common
