[0.152s] Invoking command in '/home/ubuntu/workspace/robotics_v1/build/game_engine': CMAKE_PREFIX_PATH=/home/ubuntu/workspace/robotics_v1/install/manager_utils:/home/ubuntu/workspace/robotics_v1/install/sdl_utils:/home/ubuntu/workspace/robotics_v1/install/resource_utils:/home/ubuntu/workspace/robotics_v1/install/utils:/home/ubuntu/workspace/robotics_v1/install/cmake_helpers:/opt/ros/foxy PKG_CONFIG_PATH=/home/ubuntu/workspace/robotics_v1/install/manager_utils/lib/x86_64-linux-gnu/pkgconfig:/home/ubuntu/workspace/robotics_v1/install/manager_utils/lib/pkgconfig:/home/ubuntu/workspace/robotics_v1/install/sdl_utils/lib/x86_64-linux-gnu/pkgconfig:/home/ubuntu/workspace/robotics_v1/install/sdl_utils/lib/pkgconfig:/home/ubuntu/workspace/robotics_v1/install/resource_utils/lib/x86_64-linux-gnu/pkgconfig:/home/ubuntu/workspace/robotics_v1/install/resource_utils/lib/pkgconfig:/home/ubuntu/workspace/robotics_v1/install/utils/lib/x86_64-linux-gnu/pkgconfig:/home/ubuntu/workspace/robotics_v1/install/utils/lib/pkgconfig:/home/ubuntu/workspace/robotics_v1/install/cmake_helpers/lib/x86_64-linux-gnu/pkgconfig:/home/ubuntu/workspace/robotics_v1/install/cmake_helpers/lib/pkgconfig /usr/bin/cmake --build /home/ubuntu/workspace/robotics_v1/build/game_engine -- -j4 -l4
[0.554s] [100%] Built target game_engine
[0.627s] Invoked command in '/home/ubuntu/workspace/robotics_v1/build/game_engine' returned '0': CMAKE_PREFIX_PATH=/home/ubuntu/workspace/robotics_v1/install/manager_utils:/home/ubuntu/workspace/robotics_v1/install/sdl_utils:/home/ubuntu/workspace/robotics_v1/install/resource_utils:/home/ubuntu/workspace/robotics_v1/install/utils:/home/ubuntu/workspace/robotics_v1/install/cmake_helpers:/opt/ros/foxy PKG_CONFIG_PATH=/home/ubuntu/workspace/robotics_v1/install/manager_utils/lib/x86_64-linux-gnu/pkgconfig:/home/ubuntu/workspace/robotics_v1/install/manager_utils/lib/pkgconfig:/home/ubuntu/workspace/robotics_v1/install/sdl_utils/lib/x86_64-linux-gnu/pkgconfig:/home/ubuntu/workspace/robotics_v1/install/sdl_utils/lib/pkgconfig:/home/ubuntu/workspace/robotics_v1/install/resource_utils/lib/x86_64-linux-gnu/pkgconfig:/home/ubuntu/workspace/robotics_v1/install/resource_utils/lib/pkgconfig:/home/ubuntu/workspace/robotics_v1/install/utils/lib/x86_64-linux-gnu/pkgconfig:/home/ubuntu/workspace/robotics_v1/install/utils/lib/pkgconfig:/home/ubuntu/workspace/robotics_v1/install/cmake_helpers/lib/x86_64-linux-gnu/pkgconfig:/home/ubuntu/workspace/robotics_v1/install/cmake_helpers/lib/pkgconfig /usr/bin/cmake --build /home/ubuntu/workspace/robotics_v1/build/game_engine -- -j4 -l4
[1.126s] Invoking command in '/home/ubuntu/workspace/robotics_v1/build/game_engine': CMAKE_PREFIX_PATH=/home/ubuntu/workspace/robotics_v1/install/manager_utils:/home/ubuntu/workspace/robotics_v1/install/sdl_utils:/home/ubuntu/workspace/robotics_v1/install/resource_utils:/home/ubuntu/workspace/robotics_v1/install/utils:/home/ubuntu/workspace/robotics_v1/install/cmake_helpers:/opt/ros/foxy PKG_CONFIG_PATH=/home/ubuntu/workspace/robotics_v1/install/manager_utils/lib/x86_64-linux-gnu/pkgconfig:/home/ubuntu/workspace/robotics_v1/install/manager_utils/lib/pkgconfig:/home/ubuntu/workspace/robotics_v1/install/sdl_utils/lib/x86_64-linux-gnu/pkgconfig:/home/ubuntu/workspace/robotics_v1/install/sdl_utils/lib/pkgconfig:/home/ubuntu/workspace/robotics_v1/install/resource_utils/lib/x86_64-linux-gnu/pkgconfig:/home/ubuntu/workspace/robotics_v1/install/resource_utils/lib/pkgconfig:/home/ubuntu/workspace/robotics_v1/install/utils/lib/x86_64-linux-gnu/pkgconfig:/home/ubuntu/workspace/robotics_v1/install/utils/lib/pkgconfig:/home/ubuntu/workspace/robotics_v1/install/cmake_helpers/lib/x86_64-linux-gnu/pkgconfig:/home/ubuntu/workspace/robotics_v1/install/cmake_helpers/lib/pkgconfig /usr/bin/cmake --install /home/ubuntu/workspace/robotics_v1/build/game_engine
[1.261s] -- Install configuration: "Debug"
[1.261s] -- Up-to-date: /home/ubuntu/workspace/robotics_v1/install/game_engine/share/game_engine/package.xml
[1.262s] -- Up-to-date: /home/ubuntu/workspace/robotics_v1/install/game_engine/lib/game_engine/libgame_engine.a
[1.264s] -- Installing: /home/ubuntu/workspace/robotics_v1/install/game_engine/share/ament_index/resource_index/packages/game_engine
[1.266s] -- Up-to-date: /home/ubuntu/workspace/robotics_v1/install/game_engine/share/game_engine/hook/ament_prefix_path.dsv
[1.267s] -- Up-to-date: /home/ubuntu/workspace/robotics_v1/install/game_engine/share/game_engine/hook/ros_package_path.dsv
[1.269s] -- Up-to-date: /home/ubuntu/workspace/robotics_v1/install/game_engine/share/ament_index/resource_index/package_run_dependencies/game_engine
[1.271s] -- Up-to-date: /home/ubuntu/workspace/robotics_v1/install/game_engine/share/ament_index/resource_index/parent_prefix_path/game_engine
[1.272s] -- Up-to-date: /home/ubuntu/workspace/robotics_v1/install/game_engine/share/game_engine/environment/ament_prefix_path.sh
[1.275s] -- Up-to-date: /home/ubuntu/workspace/robotics_v1/install/game_engine/share/game_engine/environment/ament_prefix_path.dsv
[1.276s] -- Up-to-date: /home/ubuntu/workspace/robotics_v1/install/game_engine/share/game_engine/environment/path.sh
[1.276s] -- Up-to-date: /home/ubuntu/workspace/robotics_v1/install/game_engine/share/game_engine/environment/path.dsv
[1.277s] -- Up-to-date: /home/ubuntu/workspace/robotics_v1/install/game_engine/share/game_engine/local_setup.bash
[1.277s] -- Up-to-date: /home/ubuntu/workspace/robotics_v1/install/game_engine/share/game_engine/local_setup.sh
[1.279s] -- Up-to-date: /home/ubuntu/workspace/robotics_v1/install/game_engine/share/game_engine/local_setup.zsh
[1.280s] -- Up-to-date: /home/ubuntu/workspace/robotics_v1/install/game_engine/share/game_engine/local_setup.dsv
[1.281s] -- Installing: /home/ubuntu/workspace/robotics_v1/install/game_engine/share/game_engine/package.dsv
[1.297s] -- Installing: /home/ubuntu/workspace/robotics_v1/install/game_engine/share/ament_index/resource_index/packages/game_engine
[1.298s] -- Up-to-date: /home/ubuntu/workspace/robotics_v1/install/game_engine/share/game_engine/cmake/game_engineConfig.cmake
[1.308s] -- Up-to-date: /home/ubuntu/workspace/robotics_v1/install/game_engine/share/game_engine/cmake/game_engineConfig-version.cmake
[1.309s] -- Up-to-date: /home/ubuntu/workspace/robotics_v1/install/game_engine/share/game_engine/package.xml
[1.309s] -- Up-to-date: /home/ubuntu/workspace/robotics_v1/install/game_engine/lib/libgame_engine.a
[1.309s] -- Up-to-date: /home/ubuntu/workspace/robotics_v1/install/game_engine/include
[1.309s] -- Up-to-date: /home/ubuntu/workspace/robotics_v1/install/game_engine/include/game_engine
[1.309s] -- Up-to-date: /home/ubuntu/workspace/robotics_v1/install/game_engine/include/game_engine/event_handler
[1.310s] -- Up-to-date: /home/ubuntu/workspace/robotics_v1/install/game_engine/include/game_engine/event_handler/ActionEventHandler.h
[1.310s] -- Up-to-date: /home/ubuntu/workspace/robotics_v1/install/game_engine/include/game_engine/Game.h
[1.311s] -- Up-to-date: /home/ubuntu/workspace/robotics_v1/install/game_engine/include/game_engine/communicator
[1.311s] -- Up-to-date: /home/ubuntu/workspace/robotics_v1/install/game_engine/include/game_engine/communicator/Communicator.h
[1.311s] -- Up-to-date: /home/ubuntu/workspace/robotics_v1/install/game_engine/include/game_engine/communicator/NullCommunicator.h
[1.312s] -- Up-to-date: /home/ubuntu/workspace/robotics_v1/install/game_engine/include/game_engine/utils
[1.313s] -- Up-to-date: /home/ubuntu/workspace/robotics_v1/install/game_engine/include/game_engine/utils/config
[1.313s] -- Up-to-date: /home/ubuntu/workspace/robotics_v1/install/game_engine/include/game_engine/utils/config/DebugConsoleConfig.h
[1.314s] -- Up-to-date: /home/ubuntu/workspace/robotics_v1/install/game_engine/include/game_engine/utils/DebugConsole.h
[1.315s] -- Up-to-date: /home/ubuntu/workspace/robotics_v1/install/game_engine/include/game_engine/Application.h
[1.316s] -- Up-to-date: /home/ubuntu/workspace/robotics_v1/install/game_engine/include/game_engine/config
[1.316s] -- Up-to-date: /home/ubuntu/workspace/robotics_v1/install/game_engine/include/game_engine/config/ApplicationConfig.h
[1.317s] -- Up-to-date: /home/ubuntu/workspace/robotics_v1/install/game_engine/include/game_engine/engine
[1.317s] -- Up-to-date: /home/ubuntu/workspace/robotics_v1/install/game_engine/include/game_engine/engine/Engine.h
[1.318s] -- Up-to-date: /home/ubuntu/workspace/robotics_v1/install/game_engine/include/game_engine/engine/config
[1.318s] -- Up-to-date: /home/ubuntu/workspace/robotics_v1/install/game_engine/include/game_engine/engine/config/EngineConfig.h
[1.319s] -- Up-to-date: /home/ubuntu/workspace/robotics_v1/install/game_engine/include/game_engine/defines
[1.319s] -- Up-to-date: /home/ubuntu/workspace/robotics_v1/install/game_engine/include/game_engine/defines/DependencyDefines.h
[1.319s] -- Up-to-date: /home/ubuntu/workspace/robotics_v1/install/game_engine/include/game_engine/defines/ActionEventDefines.h
[1.321s] -- Up-to-date: /home/ubuntu/workspace/robotics_v1/install/game_engine/lib/cmake/game_engine/game_engineTargets.cmake
[1.322s] -- Up-to-date: /home/ubuntu/workspace/robotics_v1/install/game_engine/lib/cmake/game_engine/game_engineTargets-debug.cmake
[1.323s] -- Up-to-date: /home/ubuntu/workspace/robotics_v1/install/game_engine/lib/cmake/game_engine/game_engineConfig.cmake
[1.329s] Invoked command in '/home/ubuntu/workspace/robotics_v1/build/game_engine' returned '0': CMAKE_PREFIX_PATH=/home/ubuntu/workspace/robotics_v1/install/manager_utils:/home/ubuntu/workspace/robotics_v1/install/sdl_utils:/home/ubuntu/workspace/robotics_v1/install/resource_utils:/home/ubuntu/workspace/robotics_v1/install/utils:/home/ubuntu/workspace/robotics_v1/install/cmake_helpers:/opt/ros/foxy PKG_CONFIG_PATH=/home/ubuntu/workspace/robotics_v1/install/manager_utils/lib/x86_64-linux-gnu/pkgconfig:/home/ubuntu/workspace/robotics_v1/install/manager_utils/lib/pkgconfig:/home/ubuntu/workspace/robotics_v1/install/sdl_utils/lib/x86_64-linux-gnu/pkgconfig:/home/ubuntu/workspace/robotics_v1/install/sdl_utils/lib/pkgconfig:/home/ubuntu/workspace/robotics_v1/install/resource_utils/lib/x86_64-linux-gnu/pkgconfig:/home/ubuntu/workspace/robotics_v1/install/resource_utils/lib/pkgconfig:/home/ubuntu/workspace/robotics_v1/install/utils/lib/x86_64-linux-gnu/pkgconfig:/home/ubuntu/workspace/robotics_v1/install/utils/lib/pkgconfig:/home/ubuntu/workspace/robotics_v1/install/cmake_helpers/lib/x86_64-linux-gnu/pkgconfig:/home/ubuntu/workspace/robotics_v1/install/cmake_helpers/lib/pkgconfig /usr/bin/cmake --install /home/ubuntu/workspace/robotics_v1/build/game_engine
