[0.101s] Invoking command in '/home/ubuntu/workspace/robotics_v1/build/robo_cleaner_interfaces': CMAKE_PREFIX_PATH=/opt/ros/foxy /usr/bin/cmake --build /home/ubuntu/workspace/robotics_v1/build/robo_cleaner_interfaces -- -j4 -l4
[0.417s] [  1%] Built target robo_cleaner_interfaces__cpp
[0.468s] [ 12%] Built target robo_cleaner_interfaces__rosidl_generator_c
[0.508s] [ 24%] Built target robo_cleaner_interfaces__rosidl_typesupport_introspection_cpp
[0.582s] [ 35%] Built target robo_cleaner_interfaces__rosidl_typesupport_cpp
[0.589s] [ 58%] Built target robo_cleaner_interfaces__rosidl_typesupport_c
[0.589s] [ 58%] Built target robo_cleaner_interfaces__rosidl_typesupport_introspection_c
[0.666s] [ 70%] Built target robo_cleaner_interfaces__rosidl_typesupport_fastrtps_cpp
[0.747s] [ 81%] Built target robo_cleaner_interfaces__rosidl_typesupport_fastrtps_c
[0.827s] [ 81%] Built target robo_cleaner_interfaces
[0.949s] [ 82%] Built target robo_cleaner_interfaces__py
[1.161s] [ 93%] Built target robo_cleaner_interfaces__python
[1.367s] [ 95%] Built target robo_cleaner_interfaces__rosidl_typesupport_fastrtps_c__pyext
[1.394s] [ 97%] Built target robo_cleaner_interfaces__rosidl_typesupport_introspection_c__pyext
[1.413s] [100%] Built target robo_cleaner_interfaces__rosidl_typesupport_c__pyext
[1.488s] Invoked command in '/home/ubuntu/workspace/robotics_v1/build/robo_cleaner_interfaces' returned '0': CMAKE_PREFIX_PATH=/opt/ros/foxy /usr/bin/cmake --build /home/ubuntu/workspace/robotics_v1/build/robo_cleaner_interfaces -- -j4 -l4
[2.609s] Invoking command in '/home/ubuntu/workspace/robotics_v1/build/robo_cleaner_interfaces': CMAKE_PREFIX_PATH=/opt/ros/foxy /usr/bin/cmake --install /home/ubuntu/workspace/robotics_v1/build/robo_cleaner_interfaces
[2.671s] -- Install configuration: "Debug"
[2.673s] -- Execute custom install script
[2.674s] -- Up-to-date symlink: /home/ubuntu/workspace/robotics_v1/install/robo_cleaner_interfaces/share/ament_index/resource_index/rosidl_interfaces/robo_cleaner_interfaces
[2.692s] -- Up-to-date symlink: /home/ubuntu/workspace/robotics_v1/install/robo_cleaner_interfaces/include/robo_cleaner_interfaces/action/detail/robot_move__functions.h
[2.693s] -- Up-to-date symlink: /home/ubuntu/workspace/robotics_v1/install/robo_cleaner_interfaces/include/robo_cleaner_interfaces/action/detail/robot_move__struct.h
[2.701s] -- Up-to-date symlink: /home/ubuntu/workspace/robotics_v1/install/robo_cleaner_interfaces/include/robo_cleaner_interfaces/action/detail/robot_move__type_support.h
[2.702s] -- Up-to-date symlink: /home/ubuntu/workspace/robotics_v1/install/robo_cleaner_interfaces/include/robo_cleaner_interfaces/action/robot_move.h
[2.702s] -- Up-to-date symlink: /home/ubuntu/workspace/robotics_v1/install/robo_cleaner_interfaces/include/robo_cleaner_interfaces/msg/battery_status.h
[2.705s] -- Up-to-date symlink: /home/ubuntu/workspace/robotics_v1/install/robo_cleaner_interfaces/include/robo_cleaner_interfaces/msg/detail/battery_status__functions.h
[2.706s] -- Up-to-date symlink: /home/ubuntu/workspace/robotics_v1/install/robo_cleaner_interfaces/include/robo_cleaner_interfaces/msg/detail/battery_status__struct.h
[2.707s] -- Up-to-date symlink: /home/ubuntu/workspace/robotics_v1/install/robo_cleaner_interfaces/include/robo_cleaner_interfaces/msg/detail/battery_status__type_support.h
[2.709s] -- Up-to-date symlink: /home/ubuntu/workspace/robotics_v1/install/robo_cleaner_interfaces/include/robo_cleaner_interfaces/msg/detail/initial_robot_state__functions.h
[2.709s] -- Up-to-date symlink: /home/ubuntu/workspace/robotics_v1/install/robo_cleaner_interfaces/include/robo_cleaner_interfaces/msg/detail/initial_robot_state__struct.h
[2.710s] -- Up-to-date symlink: /home/ubuntu/workspace/robotics_v1/install/robo_cleaner_interfaces/include/robo_cleaner_interfaces/msg/detail/initial_robot_state__type_support.h
[2.711s] -- Up-to-date symlink: /home/ubuntu/workspace/robotics_v1/install/robo_cleaner_interfaces/include/robo_cleaner_interfaces/msg/detail/robot_move_type__functions.h
[2.711s] -- Up-to-date symlink: /home/ubuntu/workspace/robotics_v1/install/robo_cleaner_interfaces/include/robo_cleaner_interfaces/msg/detail/robot_move_type__struct.h
[2.712s] -- Up-to-date symlink: /home/ubuntu/workspace/robotics_v1/install/robo_cleaner_interfaces/include/robo_cleaner_interfaces/msg/detail/robot_move_type__type_support.h
[2.713s] -- Up-to-date symlink: /home/ubuntu/workspace/robotics_v1/install/robo_cleaner_interfaces/include/robo_cleaner_interfaces/msg/detail/user_authenticate__functions.h
[2.721s] -- Up-to-date symlink: /home/ubuntu/workspace/robotics_v1/install/robo_cleaner_interfaces/include/robo_cleaner_interfaces/msg/detail/user_authenticate__struct.h
[2.721s] -- Up-to-date symlink: /home/ubuntu/workspace/robotics_v1/install/robo_cleaner_interfaces/include/robo_cleaner_interfaces/msg/detail/user_authenticate__type_support.h
[2.722s] -- Up-to-date symlink: /home/ubuntu/workspace/robotics_v1/install/robo_cleaner_interfaces/include/robo_cleaner_interfaces/msg/initial_robot_state.h
[2.723s] -- Up-to-date symlink: /home/ubuntu/workspace/robotics_v1/install/robo_cleaner_interfaces/include/robo_cleaner_interfaces/msg/robot_move_type.h
[2.724s] -- Up-to-date symlink: /home/ubuntu/workspace/robotics_v1/install/robo_cleaner_interfaces/include/robo_cleaner_interfaces/msg/rosidl_generator_c__visibility_control.h
[2.724s] -- Up-to-date symlink: /home/ubuntu/workspace/robotics_v1/install/robo_cleaner_interfaces/include/robo_cleaner_interfaces/msg/user_authenticate.h
[2.725s] -- Up-to-date symlink: /home/ubuntu/workspace/robotics_v1/install/robo_cleaner_interfaces/include/robo_cleaner_interfaces/srv/charge_battery.h
[2.725s] -- Up-to-date symlink: /home/ubuntu/workspace/robotics_v1/install/robo_cleaner_interfaces/include/robo_cleaner_interfaces/srv/detail/charge_battery__functions.h
[2.726s] -- Up-to-date symlink: /home/ubuntu/workspace/robotics_v1/install/robo_cleaner_interfaces/include/robo_cleaner_interfaces/srv/detail/charge_battery__struct.h
[2.727s] -- Up-to-date symlink: /home/ubuntu/workspace/robotics_v1/install/robo_cleaner_interfaces/include/robo_cleaner_interfaces/srv/detail/charge_battery__type_support.h
[2.727s] -- Up-to-date symlink: /home/ubuntu/workspace/robotics_v1/install/robo_cleaner_interfaces/include/robo_cleaner_interfaces/srv/detail/query_battery_status__functions.h
[2.728s] -- Up-to-date symlink: /home/ubuntu/workspace/robotics_v1/install/robo_cleaner_interfaces/include/robo_cleaner_interfaces/srv/detail/query_battery_status__struct.h
[2.728s] -- Up-to-date symlink: /home/ubuntu/workspace/robotics_v1/install/robo_cleaner_interfaces/include/robo_cleaner_interfaces/srv/detail/query_battery_status__type_support.h
[2.730s] -- Up-to-date symlink: /home/ubuntu/workspace/robotics_v1/install/robo_cleaner_interfaces/include/robo_cleaner_interfaces/srv/detail/query_initial_robot_state__functions.h
[2.733s] -- Up-to-date symlink: /home/ubuntu/workspace/robotics_v1/install/robo_cleaner_interfaces/include/robo_cleaner_interfaces/srv/detail/query_initial_robot_state__struct.h
[2.737s] -- Up-to-date symlink: /home/ubuntu/workspace/robotics_v1/install/robo_cleaner_interfaces/include/robo_cleaner_interfaces/srv/detail/query_initial_robot_state__type_support.h
[2.738s] -- Up-to-date symlink: /home/ubuntu/workspace/robotics_v1/install/robo_cleaner_interfaces/include/robo_cleaner_interfaces/srv/query_battery_status.h
[2.738s] -- Up-to-date symlink: /home/ubuntu/workspace/robotics_v1/install/robo_cleaner_interfaces/include/robo_cleaner_interfaces/srv/query_initial_robot_state.h
[2.741s] -- Up-to-date symlink: /home/ubuntu/workspace/robotics_v1/install/robo_cleaner_interfaces/share/robo_cleaner_interfaces/environment/library_path.sh
[2.743s] -- Up-to-date symlink: /home/ubuntu/workspace/robotics_v1/install/robo_cleaner_interfaces/share/robo_cleaner_interfaces/environment/library_path.dsv
[2.750s] -- Up-to-date symlink: /home/ubuntu/workspace/robotics_v1/install/robo_cleaner_interfaces/include/robo_cleaner_interfaces/action/detail/robot_move__rosidl_typesupport_fastrtps_c.h
[2.752s] -- Up-to-date symlink: /home/ubuntu/workspace/robotics_v1/install/robo_cleaner_interfaces/include/robo_cleaner_interfaces/msg/detail/battery_status__rosidl_typesupport_fastrtps_c.h
[2.753s] -- Up-to-date symlink: /home/ubuntu/workspace/robotics_v1/install/robo_cleaner_interfaces/include/robo_cleaner_interfaces/msg/detail/initial_robot_state__rosidl_typesupport_fastrtps_c.h
[2.756s] -- Up-to-date symlink: /home/ubuntu/workspace/robotics_v1/install/robo_cleaner_interfaces/include/robo_cleaner_interfaces/msg/detail/robot_move_type__rosidl_typesupport_fastrtps_c.h
[2.757s] -- Up-to-date symlink: /home/ubuntu/workspace/robotics_v1/install/robo_cleaner_interfaces/include/robo_cleaner_interfaces/msg/detail/user_authenticate__rosidl_typesupport_fastrtps_c.h
[2.758s] -- Up-to-date symlink: /home/ubuntu/workspace/robotics_v1/install/robo_cleaner_interfaces/include/robo_cleaner_interfaces/msg/rosidl_typesupport_fastrtps_c__visibility_control.h
[2.760s] -- Up-to-date symlink: /home/ubuntu/workspace/robotics_v1/install/robo_cleaner_interfaces/include/robo_cleaner_interfaces/srv/detail/charge_battery__rosidl_typesupport_fastrtps_c.h
[2.761s] -- Up-to-date symlink: /home/ubuntu/workspace/robotics_v1/install/robo_cleaner_interfaces/include/robo_cleaner_interfaces/srv/detail/query_battery_status__rosidl_typesupport_fastrtps_c.h
[2.762s] -- Up-to-date symlink: /home/ubuntu/workspace/robotics_v1/install/robo_cleaner_interfaces/include/robo_cleaner_interfaces/srv/detail/query_initial_robot_state__rosidl_typesupport_fastrtps_c.h
[2.766s] -- Up-to-date symlink: /home/ubuntu/workspace/robotics_v1/install/robo_cleaner_interfaces/lib/librobo_cleaner_interfaces__rosidl_typesupport_fastrtps_c.so
[2.773s] -- Up-to-date symlink: /home/ubuntu/workspace/robotics_v1/install/robo_cleaner_interfaces/include/robo_cleaner_interfaces/action/detail/robot_move__rosidl_typesupport_fastrtps_cpp.hpp
[2.775s] -- Up-to-date symlink: /home/ubuntu/workspace/robotics_v1/install/robo_cleaner_interfaces/include/robo_cleaner_interfaces/msg/detail/battery_status__rosidl_typesupport_fastrtps_cpp.hpp
[2.776s] -- Up-to-date symlink: /home/ubuntu/workspace/robotics_v1/install/robo_cleaner_interfaces/include/robo_cleaner_interfaces/msg/detail/initial_robot_state__rosidl_typesupport_fastrtps_cpp.hpp
[2.777s] -- Up-to-date symlink: /home/ubuntu/workspace/robotics_v1/install/robo_cleaner_interfaces/include/robo_cleaner_interfaces/msg/detail/robot_move_type__rosidl_typesupport_fastrtps_cpp.hpp
[2.780s] -- Up-to-date symlink: /home/ubuntu/workspace/robotics_v1/install/robo_cleaner_interfaces/include/robo_cleaner_interfaces/msg/detail/user_authenticate__rosidl_typesupport_fastrtps_cpp.hpp
[2.782s] -- Up-to-date symlink: /home/ubuntu/workspace/robotics_v1/install/robo_cleaner_interfaces/include/robo_cleaner_interfaces/msg/rosidl_typesupport_fastrtps_cpp__visibility_control.h
[2.784s] -- Up-to-date symlink: /home/ubuntu/workspace/robotics_v1/install/robo_cleaner_interfaces/include/robo_cleaner_interfaces/srv/detail/charge_battery__rosidl_typesupport_fastrtps_cpp.hpp
[2.784s] -- Up-to-date symlink: /home/ubuntu/workspace/robotics_v1/install/robo_cleaner_interfaces/include/robo_cleaner_interfaces/srv/detail/query_battery_status__rosidl_typesupport_fastrtps_cpp.hpp
[2.787s] -- Up-to-date symlink: /home/ubuntu/workspace/robotics_v1/install/robo_cleaner_interfaces/include/robo_cleaner_interfaces/srv/detail/query_initial_robot_state__rosidl_typesupport_fastrtps_cpp.hpp
[2.789s] -- Up-to-date symlink: /home/ubuntu/workspace/robotics_v1/install/robo_cleaner_interfaces/lib/librobo_cleaner_interfaces__rosidl_typesupport_fastrtps_cpp.so
[2.794s] -- Up-to-date symlink: /home/ubuntu/workspace/robotics_v1/install/robo_cleaner_interfaces/include/robo_cleaner_interfaces/action/detail/robot_move__rosidl_typesupport_introspection_c.h
[2.802s] -- Up-to-date symlink: /home/ubuntu/workspace/robotics_v1/install/robo_cleaner_interfaces/include/robo_cleaner_interfaces/msg/detail/battery_status__rosidl_typesupport_introspection_c.h
[2.802s] -- Up-to-date symlink: /home/ubuntu/workspace/robotics_v1/install/robo_cleaner_interfaces/include/robo_cleaner_interfaces/msg/detail/initial_robot_state__rosidl_typesupport_introspection_c.h
[2.803s] -- Up-to-date symlink: /home/ubuntu/workspace/robotics_v1/install/robo_cleaner_interfaces/include/robo_cleaner_interfaces/msg/detail/robot_move_type__rosidl_typesupport_introspection_c.h
[2.804s] -- Up-to-date symlink: /home/ubuntu/workspace/robotics_v1/install/robo_cleaner_interfaces/include/robo_cleaner_interfaces/msg/detail/user_authenticate__rosidl_typesupport_introspection_c.h
[2.806s] -- Up-to-date symlink: /home/ubuntu/workspace/robotics_v1/install/robo_cleaner_interfaces/include/robo_cleaner_interfaces/msg/rosidl_typesupport_introspection_c__visibility_control.h
[2.806s] -- Up-to-date symlink: /home/ubuntu/workspace/robotics_v1/install/robo_cleaner_interfaces/include/robo_cleaner_interfaces/srv/detail/charge_battery__rosidl_typesupport_introspection_c.h
[2.806s] -- Up-to-date symlink: /home/ubuntu/workspace/robotics_v1/install/robo_cleaner_interfaces/include/robo_cleaner_interfaces/srv/detail/query_battery_status__rosidl_typesupport_introspection_c.h
[2.807s] -- Up-to-date symlink: /home/ubuntu/workspace/robotics_v1/install/robo_cleaner_interfaces/include/robo_cleaner_interfaces/srv/detail/query_initial_robot_state__rosidl_typesupport_introspection_c.h
[2.823s] -- Up-to-date symlink: /home/ubuntu/workspace/robotics_v1/install/robo_cleaner_interfaces/include/robo_cleaner_interfaces/action/detail/robot_move__builder.hpp
[2.824s] -- Up-to-date symlink: /home/ubuntu/workspace/robotics_v1/install/robo_cleaner_interfaces/include/robo_cleaner_interfaces/action/detail/robot_move__struct.hpp
[2.824s] -- Up-to-date symlink: /home/ubuntu/workspace/robotics_v1/install/robo_cleaner_interfaces/include/robo_cleaner_interfaces/action/detail/robot_move__traits.hpp
[2.825s] -- Up-to-date symlink: /home/ubuntu/workspace/robotics_v1/install/robo_cleaner_interfaces/include/robo_cleaner_interfaces/action/robot_move.hpp
[2.825s] -- Up-to-date symlink: /home/ubuntu/workspace/robotics_v1/install/robo_cleaner_interfaces/include/robo_cleaner_interfaces/msg/battery_status.hpp
[2.825s] -- Up-to-date symlink: /home/ubuntu/workspace/robotics_v1/install/robo_cleaner_interfaces/include/robo_cleaner_interfaces/msg/detail/battery_status__builder.hpp
[2.827s] -- Up-to-date symlink: /home/ubuntu/workspace/robotics_v1/install/robo_cleaner_interfaces/include/robo_cleaner_interfaces/msg/detail/battery_status__struct.hpp
[2.829s] -- Up-to-date symlink: /home/ubuntu/workspace/robotics_v1/install/robo_cleaner_interfaces/include/robo_cleaner_interfaces/msg/detail/battery_status__traits.hpp
[2.831s] -- Up-to-date symlink: /home/ubuntu/workspace/robotics_v1/install/robo_cleaner_interfaces/include/robo_cleaner_interfaces/msg/detail/initial_robot_state__builder.hpp
[2.835s] -- Up-to-date symlink: /home/ubuntu/workspace/robotics_v1/install/robo_cleaner_interfaces/include/robo_cleaner_interfaces/msg/detail/initial_robot_state__struct.hpp
[2.836s] -- Up-to-date symlink: /home/ubuntu/workspace/robotics_v1/install/robo_cleaner_interfaces/include/robo_cleaner_interfaces/msg/detail/initial_robot_state__traits.hpp
[2.836s] -- Up-to-date symlink: /home/ubuntu/workspace/robotics_v1/install/robo_cleaner_interfaces/include/robo_cleaner_interfaces/msg/detail/robot_move_type__builder.hpp
[2.838s] -- Up-to-date symlink: /home/ubuntu/workspace/robotics_v1/install/robo_cleaner_interfaces/include/robo_cleaner_interfaces/msg/detail/robot_move_type__struct.hpp
[2.839s] -- Up-to-date symlink: /home/ubuntu/workspace/robotics_v1/install/robo_cleaner_interfaces/include/robo_cleaner_interfaces/msg/detail/robot_move_type__traits.hpp
[2.840s] -- Up-to-date symlink: /home/ubuntu/workspace/robotics_v1/install/robo_cleaner_interfaces/include/robo_cleaner_interfaces/msg/detail/user_authenticate__builder.hpp
[2.840s] -- Up-to-date symlink: /home/ubuntu/workspace/robotics_v1/install/robo_cleaner_interfaces/include/robo_cleaner_interfaces/msg/detail/user_authenticate__struct.hpp
[2.842s] -- Up-to-date symlink: /home/ubuntu/workspace/robotics_v1/install/robo_cleaner_interfaces/include/robo_cleaner_interfaces/msg/detail/user_authenticate__traits.hpp
[2.843s] -- Up-to-date symlink: /home/ubuntu/workspace/robotics_v1/install/robo_cleaner_interfaces/include/robo_cleaner_interfaces/msg/initial_robot_state.hpp
[2.851s] -- Up-to-date symlink: /home/ubuntu/workspace/robotics_v1/install/robo_cleaner_interfaces/include/robo_cleaner_interfaces/msg/robot_move_type.hpp
[2.859s] -- Up-to-date symlink: /home/ubuntu/workspace/robotics_v1/install/robo_cleaner_interfaces/include/robo_cleaner_interfaces/msg/user_authenticate.hpp
[2.861s] -- Up-to-date symlink: /home/ubuntu/workspace/robotics_v1/install/robo_cleaner_interfaces/include/robo_cleaner_interfaces/srv/charge_battery.hpp
[2.862s] -- Up-to-date symlink: /home/ubuntu/workspace/robotics_v1/install/robo_cleaner_interfaces/include/robo_cleaner_interfaces/srv/detail/charge_battery__builder.hpp
[2.864s] -- Up-to-date symlink: /home/ubuntu/workspace/robotics_v1/install/robo_cleaner_interfaces/include/robo_cleaner_interfaces/srv/detail/charge_battery__struct.hpp
[2.865s] -- Up-to-date symlink: /home/ubuntu/workspace/robotics_v1/install/robo_cleaner_interfaces/include/robo_cleaner_interfaces/srv/detail/charge_battery__traits.hpp
[2.866s] -- Up-to-date symlink: /home/ubuntu/workspace/robotics_v1/install/robo_cleaner_interfaces/include/robo_cleaner_interfaces/srv/detail/query_battery_status__builder.hpp
[2.867s] -- Up-to-date symlink: /home/ubuntu/workspace/robotics_v1/install/robo_cleaner_interfaces/include/robo_cleaner_interfaces/srv/detail/query_battery_status__struct.hpp
[2.868s] -- Up-to-date symlink: /home/ubuntu/workspace/robotics_v1/install/robo_cleaner_interfaces/include/robo_cleaner_interfaces/srv/detail/query_battery_status__traits.hpp
[2.874s] -- Up-to-date symlink: /home/ubuntu/workspace/robotics_v1/install/robo_cleaner_interfaces/include/robo_cleaner_interfaces/srv/detail/query_initial_robot_state__builder.hpp
[2.885s] -- Up-to-date symlink: /home/ubuntu/workspace/robotics_v1/install/robo_cleaner_interfaces/include/robo_cleaner_interfaces/srv/detail/query_initial_robot_state__struct.hpp
[2.885s] -- Up-to-date symlink: /home/ubuntu/workspace/robotics_v1/install/robo_cleaner_interfaces/include/robo_cleaner_interfaces/srv/detail/query_initial_robot_state__traits.hpp
[2.887s] -- Up-to-date symlink: /home/ubuntu/workspace/robotics_v1/install/robo_cleaner_interfaces/include/robo_cleaner_interfaces/srv/query_battery_status.hpp
[2.890s] -- Up-to-date symlink: /home/ubuntu/workspace/robotics_v1/install/robo_cleaner_interfaces/include/robo_cleaner_interfaces/srv/query_initial_robot_state.hpp
[2.895s] -- Up-to-date symlink: /home/ubuntu/workspace/robotics_v1/install/robo_cleaner_interfaces/include/robo_cleaner_interfaces/action/detail/robot_move__rosidl_typesupport_introspection_cpp.hpp
[2.909s] -- Up-to-date symlink: /home/ubuntu/workspace/robotics_v1/install/robo_cleaner_interfaces/include/robo_cleaner_interfaces/msg/detail/battery_status__rosidl_typesupport_introspection_cpp.hpp
[2.912s] -- Up-to-date symlink: /home/ubuntu/workspace/robotics_v1/install/robo_cleaner_interfaces/include/robo_cleaner_interfaces/msg/detail/initial_robot_state__rosidl_typesupport_introspection_cpp.hpp
[2.913s] -- Up-to-date symlink: /home/ubuntu/workspace/robotics_v1/install/robo_cleaner_interfaces/include/robo_cleaner_interfaces/msg/detail/robot_move_type__rosidl_typesupport_introspection_cpp.hpp
[2.913s] -- Up-to-date symlink: /home/ubuntu/workspace/robotics_v1/install/robo_cleaner_interfaces/include/robo_cleaner_interfaces/msg/detail/user_authenticate__rosidl_typesupport_introspection_cpp.hpp
[2.913s] -- Up-to-date symlink: /home/ubuntu/workspace/robotics_v1/install/robo_cleaner_interfaces/include/robo_cleaner_interfaces/srv/detail/charge_battery__rosidl_typesupport_introspection_cpp.hpp
[2.914s] -- Up-to-date symlink: /home/ubuntu/workspace/robotics_v1/install/robo_cleaner_interfaces/include/robo_cleaner_interfaces/srv/detail/query_battery_status__rosidl_typesupport_introspection_cpp.hpp
[2.914s] -- Up-to-date symlink: /home/ubuntu/workspace/robotics_v1/install/robo_cleaner_interfaces/include/robo_cleaner_interfaces/srv/detail/query_initial_robot_state__rosidl_typesupport_introspection_cpp.hpp
[2.919s] -- Up-to-date symlink: /home/ubuntu/workspace/robotics_v1/install/robo_cleaner_interfaces/share/robo_cleaner_interfaces/environment/pythonpath.sh
[2.920s] -- Up-to-date symlink: /home/ubuntu/workspace/robotics_v1/install/robo_cleaner_interfaces/share/robo_cleaner_interfaces/environment/pythonpath.dsv
[2.920s] -- Up-to-date symlink: /home/ubuntu/workspace/robotics_v1/install/robo_cleaner_interfaces/lib/python3.8/site-packages/robo_cleaner_interfaces/__init__.py
[2.921s] -- Up-to-date symlink: /home/ubuntu/workspace/robotics_v1/install/robo_cleaner_interfaces/lib/python3.8/site-packages/robo_cleaner_interfaces/msg/__init__.py
[2.921s] -- Up-to-date symlink: /home/ubuntu/workspace/robotics_v1/install/robo_cleaner_interfaces/lib/python3.8/site-packages/robo_cleaner_interfaces/msg/_battery_status.py
[2.922s] -- Up-to-date symlink: /home/ubuntu/workspace/robotics_v1/install/robo_cleaner_interfaces/lib/python3.8/site-packages/robo_cleaner_interfaces/msg/_initial_robot_state.py
[2.922s] -- Up-to-date symlink: /home/ubuntu/workspace/robotics_v1/install/robo_cleaner_interfaces/lib/python3.8/site-packages/robo_cleaner_interfaces/msg/_robot_move_type.py
[2.923s] -- Up-to-date symlink: /home/ubuntu/workspace/robotics_v1/install/robo_cleaner_interfaces/lib/python3.8/site-packages/robo_cleaner_interfaces/msg/_user_authenticate.py
[2.924s] -- Up-to-date symlink: /home/ubuntu/workspace/robotics_v1/install/robo_cleaner_interfaces/lib/python3.8/site-packages/robo_cleaner_interfaces/srv/__init__.py
[2.924s] -- Up-to-date symlink: /home/ubuntu/workspace/robotics_v1/install/robo_cleaner_interfaces/lib/python3.8/site-packages/robo_cleaner_interfaces/srv/_charge_battery.py
[2.927s] -- Up-to-date symlink: /home/ubuntu/workspace/robotics_v1/install/robo_cleaner_interfaces/lib/python3.8/site-packages/robo_cleaner_interfaces/srv/_query_battery_status.py
[2.928s] -- Up-to-date symlink: /home/ubuntu/workspace/robotics_v1/install/robo_cleaner_interfaces/lib/python3.8/site-packages/robo_cleaner_interfaces/srv/_query_initial_robot_state.py
[2.929s] -- Up-to-date symlink: /home/ubuntu/workspace/robotics_v1/install/robo_cleaner_interfaces/lib/python3.8/site-packages/robo_cleaner_interfaces/action/__init__.py
[2.930s] -- Up-to-date symlink: /home/ubuntu/workspace/robotics_v1/install/robo_cleaner_interfaces/lib/python3.8/site-packages/robo_cleaner_interfaces/action/_robot_move.py
[2.933s] -- Up-to-date symlink: /home/ubuntu/workspace/robotics_v1/install/robo_cleaner_interfaces/lib/python3.8/site-packages/robo_cleaner_interfaces/robo_cleaner_interfaces_s__rosidl_typesupport_fastrtps_c.cpython-38-x86_64-linux-gnu.so
[2.933s] -- Up-to-date symlink: /home/ubuntu/workspace/robotics_v1/install/robo_cleaner_interfaces/lib/python3.8/site-packages/robo_cleaner_interfaces/robo_cleaner_interfaces_s__rosidl_typesupport_introspection_c.cpython-38-x86_64-linux-gnu.so
[2.934s] -- Up-to-date symlink: /home/ubuntu/workspace/robotics_v1/install/robo_cleaner_interfaces/lib/python3.8/site-packages/robo_cleaner_interfaces/robo_cleaner_interfaces_s__rosidl_typesupport_c.cpython-38-x86_64-linux-gnu.so
[2.934s] -- Up-to-date symlink: /home/ubuntu/workspace/robotics_v1/install/robo_cleaner_interfaces/lib/librobo_cleaner_interfaces__python.so
[2.934s] -- Up-to-date symlink: /home/ubuntu/workspace/robotics_v1/install/robo_cleaner_interfaces/share/robo_cleaner_interfaces/msg/BatteryStatus.idl
[2.934s] -- Up-to-date symlink: /home/ubuntu/workspace/robotics_v1/install/robo_cleaner_interfaces/share/robo_cleaner_interfaces/msg/InitialRobotState.idl
[2.935s] -- Up-to-date symlink: /home/ubuntu/workspace/robotics_v1/install/robo_cleaner_interfaces/share/robo_cleaner_interfaces/msg/RobotMoveType.idl
[2.935s] -- Up-to-date symlink: /home/ubuntu/workspace/robotics_v1/install/robo_cleaner_interfaces/share/robo_cleaner_interfaces/msg/UserAuthenticate.idl
[2.935s] -- Up-to-date symlink: /home/ubuntu/workspace/robotics_v1/install/robo_cleaner_interfaces/share/robo_cleaner_interfaces/srv/ChargeBattery.idl
[2.936s] -- Up-to-date symlink: /home/ubuntu/workspace/robotics_v1/install/robo_cleaner_interfaces/share/robo_cleaner_interfaces/srv/QueryBatteryStatus.idl
[2.936s] -- Up-to-date symlink: /home/ubuntu/workspace/robotics_v1/install/robo_cleaner_interfaces/share/robo_cleaner_interfaces/srv/QueryInitialRobotState.idl
[2.937s] -- Up-to-date symlink: /home/ubuntu/workspace/robotics_v1/install/robo_cleaner_interfaces/share/robo_cleaner_interfaces/action/RobotMove.idl
[2.937s] -- Up-to-date symlink: /home/ubuntu/workspace/robotics_v1/install/robo_cleaner_interfaces/share/robo_cleaner_interfaces/msg/BatteryStatus.msg
[2.938s] -- Up-to-date symlink: /home/ubuntu/workspace/robotics_v1/install/robo_cleaner_interfaces/share/robo_cleaner_interfaces/msg/InitialRobotState.msg
[2.939s] -- Up-to-date symlink: /home/ubuntu/workspace/robotics_v1/install/robo_cleaner_interfaces/share/robo_cleaner_interfaces/msg/RobotMoveType.msg
[2.942s] -- Up-to-date symlink: /home/ubuntu/workspace/robotics_v1/install/robo_cleaner_interfaces/share/robo_cleaner_interfaces/msg/UserAuthenticate.msg
[2.943s] -- Up-to-date symlink: /home/ubuntu/workspace/robotics_v1/install/robo_cleaner_interfaces/share/robo_cleaner_interfaces/srv/ChargeBattery.srv
[2.945s] -- Up-to-date symlink: /home/ubuntu/workspace/robotics_v1/install/robo_cleaner_interfaces/share/robo_cleaner_interfaces/srv/ChargeBattery_Request.msg
[2.946s] -- Up-to-date symlink: /home/ubuntu/workspace/robotics_v1/install/robo_cleaner_interfaces/share/robo_cleaner_interfaces/srv/ChargeBattery_Response.msg
[2.947s] -- Up-to-date symlink: /home/ubuntu/workspace/robotics_v1/install/robo_cleaner_interfaces/share/robo_cleaner_interfaces/srv/QueryBatteryStatus.srv
[2.954s] -- Up-to-date symlink: /home/ubuntu/workspace/robotics_v1/install/robo_cleaner_interfaces/share/robo_cleaner_interfaces/srv/QueryBatteryStatus_Request.msg
[2.954s] -- Up-to-date symlink: /home/ubuntu/workspace/robotics_v1/install/robo_cleaner_interfaces/share/robo_cleaner_interfaces/srv/QueryBatteryStatus_Response.msg
[2.958s] -- Up-to-date symlink: /home/ubuntu/workspace/robotics_v1/install/robo_cleaner_interfaces/share/robo_cleaner_interfaces/srv/QueryInitialRobotState.srv
[2.964s] -- Up-to-date symlink: /home/ubuntu/workspace/robotics_v1/install/robo_cleaner_interfaces/share/robo_cleaner_interfaces/srv/QueryInitialRobotState_Request.msg
[2.964s] -- Up-to-date symlink: /home/ubuntu/workspace/robotics_v1/install/robo_cleaner_interfaces/share/robo_cleaner_interfaces/srv/QueryInitialRobotState_Response.msg
[2.964s] -- Up-to-date symlink: /home/ubuntu/workspace/robotics_v1/install/robo_cleaner_interfaces/share/robo_cleaner_interfaces/action/RobotMove.action
[2.964s] -- Up-to-date symlink: /home/ubuntu/workspace/robotics_v1/install/robo_cleaner_interfaces/share/ament_index/resource_index/package_run_dependencies/robo_cleaner_interfaces
[2.965s] -- Up-to-date symlink: /home/ubuntu/workspace/robotics_v1/install/robo_cleaner_interfaces/share/ament_index/resource_index/parent_prefix_path/robo_cleaner_interfaces
[2.965s] -- Up-to-date symlink: /home/ubuntu/workspace/robotics_v1/install/robo_cleaner_interfaces/share/robo_cleaner_interfaces/environment/ament_prefix_path.sh
[2.965s] -- Up-to-date symlink: /home/ubuntu/workspace/robotics_v1/install/robo_cleaner_interfaces/share/robo_cleaner_interfaces/environment/ament_prefix_path.dsv
[2.965s] -- Up-to-date symlink: /home/ubuntu/workspace/robotics_v1/install/robo_cleaner_interfaces/share/robo_cleaner_interfaces/environment/path.sh
[2.965s] -- Up-to-date symlink: /home/ubuntu/workspace/robotics_v1/install/robo_cleaner_interfaces/share/robo_cleaner_interfaces/environment/path.dsv
[2.965s] -- Up-to-date symlink: /home/ubuntu/workspace/robotics_v1/install/robo_cleaner_interfaces/share/robo_cleaner_interfaces/local_setup.bash
[2.966s] -- Up-to-date symlink: /home/ubuntu/workspace/robotics_v1/install/robo_cleaner_interfaces/share/robo_cleaner_interfaces/local_setup.sh
[2.966s] -- Up-to-date symlink: /home/ubuntu/workspace/robotics_v1/install/robo_cleaner_interfaces/share/robo_cleaner_interfaces/local_setup.zsh
[2.966s] -- Up-to-date symlink: /home/ubuntu/workspace/robotics_v1/install/robo_cleaner_interfaces/share/robo_cleaner_interfaces/local_setup.dsv
[2.966s] -- Symlinking: /home/ubuntu/workspace/robotics_v1/install/robo_cleaner_interfaces/share/robo_cleaner_interfaces/package.dsv
[2.966s] -- Up-to-date symlink: /home/ubuntu/workspace/robotics_v1/install/robo_cleaner_interfaces/share/ament_index/resource_index/packages/robo_cleaner_interfaces
[2.966s] -- Up-to-date symlink: /home/ubuntu/workspace/robotics_v1/install/robo_cleaner_interfaces/share/robo_cleaner_interfaces/cmake/rosidl_cmake-extras.cmake
[2.966s] -- Up-to-date symlink: /home/ubuntu/workspace/robotics_v1/install/robo_cleaner_interfaces/share/robo_cleaner_interfaces/cmake/ament_cmake_export_dependencies-extras.cmake
[2.967s] -- Up-to-date symlink: /home/ubuntu/workspace/robotics_v1/install/robo_cleaner_interfaces/share/robo_cleaner_interfaces/cmake/ament_cmake_export_libraries-extras.cmake
[2.967s] -- Up-to-date symlink: /home/ubuntu/workspace/robotics_v1/install/robo_cleaner_interfaces/share/robo_cleaner_interfaces/cmake/ament_cmake_export_targets-extras.cmake
[2.967s] -- Up-to-date symlink: /home/ubuntu/workspace/robotics_v1/install/robo_cleaner_interfaces/share/robo_cleaner_interfaces/cmake/ament_cmake_export_include_directories-extras.cmake
[2.967s] -- Up-to-date symlink: /home/ubuntu/workspace/robotics_v1/install/robo_cleaner_interfaces/share/robo_cleaner_interfaces/cmake/rosidl_cmake_export_typesupport_libraries-extras.cmake
[2.967s] -- Up-to-date symlink: /home/ubuntu/workspace/robotics_v1/install/robo_cleaner_interfaces/share/robo_cleaner_interfaces/cmake/rosidl_cmake_export_typesupport_targets-extras.cmake
[2.968s] -- Up-to-date symlink: /home/ubuntu/workspace/robotics_v1/install/robo_cleaner_interfaces/share/robo_cleaner_interfaces/cmake/robo_cleaner_interfacesConfig.cmake
[2.974s] -- Up-to-date symlink: /home/ubuntu/workspace/robotics_v1/install/robo_cleaner_interfaces/share/robo_cleaner_interfaces/cmake/robo_cleaner_interfacesConfig-version.cmake
[2.974s] -- Up-to-date symlink: /home/ubuntu/workspace/robotics_v1/install/robo_cleaner_interfaces/share/robo_cleaner_interfaces/package.xml
[2.974s] -- Up-to-date: /home/ubuntu/workspace/robotics_v1/install/robo_cleaner_interfaces/lib/librobo_cleaner_interfaces__rosidl_generator_c.so
[2.995s] -- Up-to-date: /home/ubuntu/workspace/robotics_v1/install/robo_cleaner_interfaces/lib/librobo_cleaner_interfaces__rosidl_typesupport_introspection_c.so
[3.000s] -- Up-to-date: /home/ubuntu/workspace/robotics_v1/install/robo_cleaner_interfaces/lib/librobo_cleaner_interfaces__rosidl_typesupport_c.so
[3.000s] -- Up-to-date: /home/ubuntu/workspace/robotics_v1/install/robo_cleaner_interfaces/lib/librobo_cleaner_interfaces__rosidl_typesupport_introspection_cpp.so
[3.001s] -- Up-to-date: /home/ubuntu/workspace/robotics_v1/install/robo_cleaner_interfaces/lib/librobo_cleaner_interfaces__rosidl_typesupport_cpp.so
[3.028s] -- Up-to-date: /home/ubuntu/workspace/robotics_v1/install/robo_cleaner_interfaces/share/robo_cleaner_interfaces/cmake/robo_cleaner_interfaces__rosidl_generator_cExport.cmake
[3.029s] -- Up-to-date: /home/ubuntu/workspace/robotics_v1/install/robo_cleaner_interfaces/share/robo_cleaner_interfaces/cmake/robo_cleaner_interfaces__rosidl_generator_cExport-debug.cmake
[3.030s] -- Up-to-date: /home/ubuntu/workspace/robotics_v1/install/robo_cleaner_interfaces/share/robo_cleaner_interfaces/cmake/robo_cleaner_interfaces__rosidl_typesupport_introspection_cExport.cmake
[3.030s] -- Up-to-date: /home/ubuntu/workspace/robotics_v1/install/robo_cleaner_interfaces/share/robo_cleaner_interfaces/cmake/robo_cleaner_interfaces__rosidl_typesupport_introspection_cExport-debug.cmake
[3.031s] -- Up-to-date: /home/ubuntu/workspace/robotics_v1/install/robo_cleaner_interfaces/share/robo_cleaner_interfaces/cmake/robo_cleaner_interfaces__rosidl_typesupport_cExport.cmake
[3.031s] -- Up-to-date: /home/ubuntu/workspace/robotics_v1/install/robo_cleaner_interfaces/share/robo_cleaner_interfaces/cmake/robo_cleaner_interfaces__rosidl_typesupport_cExport-debug.cmake
[3.031s] -- Up-to-date: /home/ubuntu/workspace/robotics_v1/install/robo_cleaner_interfaces/share/robo_cleaner_interfaces/cmake/robo_cleaner_interfaces__rosidl_generator_cppExport.cmake
[3.032s] -- Up-to-date: /home/ubuntu/workspace/robotics_v1/install/robo_cleaner_interfaces/share/robo_cleaner_interfaces/cmake/robo_cleaner_interfaces__rosidl_typesupport_introspection_cppExport.cmake
[3.032s] -- Up-to-date: /home/ubuntu/workspace/robotics_v1/install/robo_cleaner_interfaces/share/robo_cleaner_interfaces/cmake/robo_cleaner_interfaces__rosidl_typesupport_introspection_cppExport-debug.cmake
[3.032s] -- Up-to-date: /home/ubuntu/workspace/robotics_v1/install/robo_cleaner_interfaces/share/robo_cleaner_interfaces/cmake/robo_cleaner_interfaces__rosidl_typesupport_cppExport.cmake
[3.033s] -- Up-to-date: /home/ubuntu/workspace/robotics_v1/install/robo_cleaner_interfaces/share/robo_cleaner_interfaces/cmake/robo_cleaner_interfaces__rosidl_typesupport_cppExport-debug.cmake
[3.078s] Invoked command in '/home/ubuntu/workspace/robotics_v1/build/robo_cleaner_interfaces' returned '0': CMAKE_PREFIX_PATH=/opt/ros/foxy /usr/bin/cmake --install /home/ubuntu/workspace/robotics_v1/build/robo_cleaner_interfaces
