[0.086s] Invoking command in '/home/ubuntu/workspace/robotics_v1/build/robo_miner_interfaces': CMAKE_PREFIX_PATH=/opt/ros/foxy /usr/bin/cmake --build /home/ubuntu/workspace/robotics_v1/build/robo_miner_interfaces -- -j4 -l4
[0.299s] [  0%] Built target robo_miner_interfaces__cpp
[0.350s] [ 12%] Built target robo_miner_interfaces__rosidl_generator_c
[0.422s] [ 24%] Built target robo_miner_interfaces__rosidl_typesupport_introspection_cpp
[0.489s] [ 37%] Built target robo_miner_interfaces__rosidl_typesupport_cpp
[0.506s] [ 48%] Built target robo_miner_interfaces__rosidl_typesupport_introspection_c
[0.523s] [ 59%] Built target robo_miner_interfaces__rosidl_typesupport_fastrtps_cpp
[0.558s] [ 70%] Built target robo_miner_interfaces__rosidl_typesupport_c
[0.667s] [ 82%] Built target robo_miner_interfaces__rosidl_typesupport_fastrtps_c
[0.722s] [ 82%] Built target robo_miner_interfaces
[0.754s] [ 83%] Built target robo_miner_interfaces__py
[0.878s] [ 94%] Built target robo_miner_interfaces__python
[0.991s] [ 96%] Built target robo_miner_interfaces__rosidl_typesupport_fastrtps_c__pyext
[1.007s] [ 98%] Built target robo_miner_interfaces__rosidl_typesupport_c__pyext
[1.017s] [100%] Built target robo_miner_interfaces__rosidl_typesupport_introspection_c__pyext
[1.072s] Invoked command in '/home/ubuntu/workspace/robotics_v1/build/robo_miner_interfaces' returned '0': CMAKE_PREFIX_PATH=/opt/ros/foxy /usr/bin/cmake --build /home/ubuntu/workspace/robotics_v1/build/robo_miner_interfaces -- -j4 -l4
[1.679s] Invoking command in '/home/ubuntu/workspace/robotics_v1/build/robo_miner_interfaces': CMAKE_PREFIX_PATH=/opt/ros/foxy /usr/bin/cmake --install /home/ubuntu/workspace/robotics_v1/build/robo_miner_interfaces
[1.713s] -- Install configuration: "Debug"
[1.714s] -- Execute custom install script
[1.714s] -- Up-to-date symlink: /home/ubuntu/workspace/robotics_v1/install/robo_miner_interfaces/share/ament_index/resource_index/rosidl_interfaces/robo_miner_interfaces
[1.714s] -- Up-to-date symlink: /home/ubuntu/workspace/robotics_v1/install/robo_miner_interfaces/include/robo_miner_interfaces/msg/detail/field_point__functions.h
[1.714s] -- Up-to-date symlink: /home/ubuntu/workspace/robotics_v1/install/robo_miner_interfaces/include/robo_miner_interfaces/msg/detail/field_point__struct.h
[1.714s] -- Up-to-date symlink: /home/ubuntu/workspace/robotics_v1/install/robo_miner_interfaces/include/robo_miner_interfaces/msg/detail/field_point__type_support.h
[1.714s] -- Up-to-date symlink: /home/ubuntu/workspace/robotics_v1/install/robo_miner_interfaces/include/robo_miner_interfaces/msg/detail/robot_move_type__functions.h
[1.714s] -- Up-to-date symlink: /home/ubuntu/workspace/robotics_v1/install/robo_miner_interfaces/include/robo_miner_interfaces/msg/detail/robot_move_type__struct.h
[1.715s] -- Up-to-date symlink: /home/ubuntu/workspace/robotics_v1/install/robo_miner_interfaces/include/robo_miner_interfaces/msg/detail/robot_move_type__type_support.h
[1.715s] -- Up-to-date symlink: /home/ubuntu/workspace/robotics_v1/install/robo_miner_interfaces/include/robo_miner_interfaces/msg/detail/robot_position_response__functions.h
[1.715s] -- Up-to-date symlink: /home/ubuntu/workspace/robotics_v1/install/robo_miner_interfaces/include/robo_miner_interfaces/msg/detail/robot_position_response__struct.h
[1.715s] -- Up-to-date symlink: /home/ubuntu/workspace/robotics_v1/install/robo_miner_interfaces/include/robo_miner_interfaces/msg/detail/robot_position_response__type_support.h
[1.715s] -- Up-to-date symlink: /home/ubuntu/workspace/robotics_v1/install/robo_miner_interfaces/include/robo_miner_interfaces/msg/detail/u_int8_multi_array__functions.h
[1.715s] -- Up-to-date symlink: /home/ubuntu/workspace/robotics_v1/install/robo_miner_interfaces/include/robo_miner_interfaces/msg/detail/u_int8_multi_array__struct.h
[1.715s] -- Up-to-date symlink: /home/ubuntu/workspace/robotics_v1/install/robo_miner_interfaces/include/robo_miner_interfaces/msg/detail/u_int8_multi_array__type_support.h
[1.716s] -- Up-to-date symlink: /home/ubuntu/workspace/robotics_v1/install/robo_miner_interfaces/include/robo_miner_interfaces/msg/detail/user_authenticate__functions.h
[1.716s] -- Up-to-date symlink: /home/ubuntu/workspace/robotics_v1/install/robo_miner_interfaces/include/robo_miner_interfaces/msg/detail/user_authenticate__struct.h
[1.716s] -- Up-to-date symlink: /home/ubuntu/workspace/robotics_v1/install/robo_miner_interfaces/include/robo_miner_interfaces/msg/detail/user_authenticate__type_support.h
[1.716s] -- Up-to-date symlink: /home/ubuntu/workspace/robotics_v1/install/robo_miner_interfaces/include/robo_miner_interfaces/msg/field_point.h
[1.716s] -- Up-to-date symlink: /home/ubuntu/workspace/robotics_v1/install/robo_miner_interfaces/include/robo_miner_interfaces/msg/robot_move_type.h
[1.716s] -- Up-to-date symlink: /home/ubuntu/workspace/robotics_v1/install/robo_miner_interfaces/include/robo_miner_interfaces/msg/robot_position_response.h
[1.717s] -- Up-to-date symlink: /home/ubuntu/workspace/robotics_v1/install/robo_miner_interfaces/include/robo_miner_interfaces/msg/rosidl_generator_c__visibility_control.h
[1.717s] -- Up-to-date symlink: /home/ubuntu/workspace/robotics_v1/install/robo_miner_interfaces/include/robo_miner_interfaces/msg/u_int8_multi_array.h
[1.717s] -- Up-to-date symlink: /home/ubuntu/workspace/robotics_v1/install/robo_miner_interfaces/include/robo_miner_interfaces/msg/user_authenticate.h
[1.718s] -- Up-to-date symlink: /home/ubuntu/workspace/robotics_v1/install/robo_miner_interfaces/include/robo_miner_interfaces/srv/activate_mining_validate.h
[1.722s] -- Up-to-date symlink: /home/ubuntu/workspace/robotics_v1/install/robo_miner_interfaces/include/robo_miner_interfaces/srv/detail/activate_mining_validate__functions.h
[1.725s] -- Up-to-date symlink: /home/ubuntu/workspace/robotics_v1/install/robo_miner_interfaces/include/robo_miner_interfaces/srv/detail/activate_mining_validate__struct.h
[1.725s] -- Up-to-date symlink: /home/ubuntu/workspace/robotics_v1/install/robo_miner_interfaces/include/robo_miner_interfaces/srv/detail/activate_mining_validate__type_support.h
[1.725s] -- Up-to-date symlink: /home/ubuntu/workspace/robotics_v1/install/robo_miner_interfaces/include/robo_miner_interfaces/srv/detail/field_map_validate__functions.h
[1.725s] -- Up-to-date symlink: /home/ubuntu/workspace/robotics_v1/install/robo_miner_interfaces/include/robo_miner_interfaces/srv/detail/field_map_validate__struct.h
[1.725s] -- Up-to-date symlink: /home/ubuntu/workspace/robotics_v1/install/robo_miner_interfaces/include/robo_miner_interfaces/srv/detail/field_map_validate__type_support.h
[1.725s] -- Up-to-date symlink: /home/ubuntu/workspace/robotics_v1/install/robo_miner_interfaces/include/robo_miner_interfaces/srv/detail/longest_sequence_validate__functions.h
[1.725s] -- Up-to-date symlink: /home/ubuntu/workspace/robotics_v1/install/robo_miner_interfaces/include/robo_miner_interfaces/srv/detail/longest_sequence_validate__struct.h
[1.727s] -- Up-to-date symlink: /home/ubuntu/workspace/robotics_v1/install/robo_miner_interfaces/include/robo_miner_interfaces/srv/detail/longest_sequence_validate__type_support.h
[1.727s] -- Up-to-date symlink: /home/ubuntu/workspace/robotics_v1/install/robo_miner_interfaces/include/robo_miner_interfaces/srv/detail/query_initial_robot_position__functions.h
[1.727s] -- Up-to-date symlink: /home/ubuntu/workspace/robotics_v1/install/robo_miner_interfaces/include/robo_miner_interfaces/srv/detail/query_initial_robot_position__struct.h
[1.727s] -- Up-to-date symlink: /home/ubuntu/workspace/robotics_v1/install/robo_miner_interfaces/include/robo_miner_interfaces/srv/detail/query_initial_robot_position__type_support.h
[1.727s] -- Up-to-date symlink: /home/ubuntu/workspace/robotics_v1/install/robo_miner_interfaces/include/robo_miner_interfaces/srv/detail/robot_move__functions.h
[1.727s] -- Up-to-date symlink: /home/ubuntu/workspace/robotics_v1/install/robo_miner_interfaces/include/robo_miner_interfaces/srv/detail/robot_move__struct.h
[1.727s] -- Up-to-date symlink: /home/ubuntu/workspace/robotics_v1/install/robo_miner_interfaces/include/robo_miner_interfaces/srv/detail/robot_move__type_support.h
[1.728s] -- Up-to-date symlink: /home/ubuntu/workspace/robotics_v1/install/robo_miner_interfaces/include/robo_miner_interfaces/srv/field_map_validate.h
[1.728s] -- Up-to-date symlink: /home/ubuntu/workspace/robotics_v1/install/robo_miner_interfaces/include/robo_miner_interfaces/srv/longest_sequence_validate.h
[1.728s] -- Up-to-date symlink: /home/ubuntu/workspace/robotics_v1/install/robo_miner_interfaces/include/robo_miner_interfaces/srv/query_initial_robot_position.h
[1.728s] -- Up-to-date symlink: /home/ubuntu/workspace/robotics_v1/install/robo_miner_interfaces/include/robo_miner_interfaces/srv/robot_move.h
[1.728s] -- Up-to-date symlink: /home/ubuntu/workspace/robotics_v1/install/robo_miner_interfaces/share/robo_miner_interfaces/environment/library_path.sh
[1.728s] -- Up-to-date symlink: /home/ubuntu/workspace/robotics_v1/install/robo_miner_interfaces/share/robo_miner_interfaces/environment/library_path.dsv
[1.729s] -- Up-to-date symlink: /home/ubuntu/workspace/robotics_v1/install/robo_miner_interfaces/include/robo_miner_interfaces/msg/detail/field_point__rosidl_typesupport_fastrtps_c.h
[1.729s] -- Up-to-date symlink: /home/ubuntu/workspace/robotics_v1/install/robo_miner_interfaces/include/robo_miner_interfaces/msg/detail/robot_move_type__rosidl_typesupport_fastrtps_c.h
[1.729s] -- Up-to-date symlink: /home/ubuntu/workspace/robotics_v1/install/robo_miner_interfaces/include/robo_miner_interfaces/msg/detail/robot_position_response__rosidl_typesupport_fastrtps_c.h
[1.729s] -- Up-to-date symlink: /home/ubuntu/workspace/robotics_v1/install/robo_miner_interfaces/include/robo_miner_interfaces/msg/detail/u_int8_multi_array__rosidl_typesupport_fastrtps_c.h
[1.729s] -- Up-to-date symlink: /home/ubuntu/workspace/robotics_v1/install/robo_miner_interfaces/include/robo_miner_interfaces/msg/detail/user_authenticate__rosidl_typesupport_fastrtps_c.h
[1.729s] -- Up-to-date symlink: /home/ubuntu/workspace/robotics_v1/install/robo_miner_interfaces/include/robo_miner_interfaces/msg/rosidl_typesupport_fastrtps_c__visibility_control.h
[1.729s] -- Up-to-date symlink: /home/ubuntu/workspace/robotics_v1/install/robo_miner_interfaces/include/robo_miner_interfaces/srv/detail/activate_mining_validate__rosidl_typesupport_fastrtps_c.h
[1.729s] -- Up-to-date symlink: /home/ubuntu/workspace/robotics_v1/install/robo_miner_interfaces/include/robo_miner_interfaces/srv/detail/field_map_validate__rosidl_typesupport_fastrtps_c.h
[1.729s] -- Up-to-date symlink: /home/ubuntu/workspace/robotics_v1/install/robo_miner_interfaces/include/robo_miner_interfaces/srv/detail/longest_sequence_validate__rosidl_typesupport_fastrtps_c.h
[1.731s] -- Up-to-date symlink: /home/ubuntu/workspace/robotics_v1/install/robo_miner_interfaces/include/robo_miner_interfaces/srv/detail/query_initial_robot_position__rosidl_typesupport_fastrtps_c.h
[1.731s] -- Up-to-date symlink: /home/ubuntu/workspace/robotics_v1/install/robo_miner_interfaces/include/robo_miner_interfaces/srv/detail/robot_move__rosidl_typesupport_fastrtps_c.h
[1.741s] -- Up-to-date symlink: /home/ubuntu/workspace/robotics_v1/install/robo_miner_interfaces/lib/librobo_miner_interfaces__rosidl_typesupport_fastrtps_c.so
[1.742s] -- Up-to-date symlink: /home/ubuntu/workspace/robotics_v1/install/robo_miner_interfaces/include/robo_miner_interfaces/msg/detail/field_point__rosidl_typesupport_fastrtps_cpp.hpp
[1.743s] -- Up-to-date symlink: /home/ubuntu/workspace/robotics_v1/install/robo_miner_interfaces/include/robo_miner_interfaces/msg/detail/robot_move_type__rosidl_typesupport_fastrtps_cpp.hpp
[1.743s] -- Up-to-date symlink: /home/ubuntu/workspace/robotics_v1/install/robo_miner_interfaces/include/robo_miner_interfaces/msg/detail/robot_position_response__rosidl_typesupport_fastrtps_cpp.hpp
[1.743s] -- Up-to-date symlink: /home/ubuntu/workspace/robotics_v1/install/robo_miner_interfaces/include/robo_miner_interfaces/msg/detail/u_int8_multi_array__rosidl_typesupport_fastrtps_cpp.hpp
[1.743s] -- Up-to-date symlink: /home/ubuntu/workspace/robotics_v1/install/robo_miner_interfaces/include/robo_miner_interfaces/msg/detail/user_authenticate__rosidl_typesupport_fastrtps_cpp.hpp
[1.743s] -- Up-to-date symlink: /home/ubuntu/workspace/robotics_v1/install/robo_miner_interfaces/include/robo_miner_interfaces/msg/rosidl_typesupport_fastrtps_cpp__visibility_control.h
[1.744s] -- Up-to-date symlink: /home/ubuntu/workspace/robotics_v1/install/robo_miner_interfaces/include/robo_miner_interfaces/srv/detail/activate_mining_validate__rosidl_typesupport_fastrtps_cpp.hpp
[1.744s] -- Up-to-date symlink: /home/ubuntu/workspace/robotics_v1/install/robo_miner_interfaces/include/robo_miner_interfaces/srv/detail/field_map_validate__rosidl_typesupport_fastrtps_cpp.hpp
[1.744s] -- Up-to-date symlink: /home/ubuntu/workspace/robotics_v1/install/robo_miner_interfaces/include/robo_miner_interfaces/srv/detail/longest_sequence_validate__rosidl_typesupport_fastrtps_cpp.hpp
[1.744s] -- Up-to-date symlink: /home/ubuntu/workspace/robotics_v1/install/robo_miner_interfaces/include/robo_miner_interfaces/srv/detail/query_initial_robot_position__rosidl_typesupport_fastrtps_cpp.hpp
[1.745s] -- Up-to-date symlink: /home/ubuntu/workspace/robotics_v1/install/robo_miner_interfaces/include/robo_miner_interfaces/srv/detail/robot_move__rosidl_typesupport_fastrtps_cpp.hpp
[1.746s] -- Up-to-date symlink: /home/ubuntu/workspace/robotics_v1/install/robo_miner_interfaces/lib/librobo_miner_interfaces__rosidl_typesupport_fastrtps_cpp.so
[1.747s] -- Up-to-date symlink: /home/ubuntu/workspace/robotics_v1/install/robo_miner_interfaces/include/robo_miner_interfaces/msg/detail/field_point__rosidl_typesupport_introspection_c.h
[1.747s] -- Up-to-date symlink: /home/ubuntu/workspace/robotics_v1/install/robo_miner_interfaces/include/robo_miner_interfaces/msg/detail/robot_move_type__rosidl_typesupport_introspection_c.h
[1.748s] -- Up-to-date symlink: /home/ubuntu/workspace/robotics_v1/install/robo_miner_interfaces/include/robo_miner_interfaces/msg/detail/robot_position_response__rosidl_typesupport_introspection_c.h
[1.748s] -- Up-to-date symlink: /home/ubuntu/workspace/robotics_v1/install/robo_miner_interfaces/include/robo_miner_interfaces/msg/detail/u_int8_multi_array__rosidl_typesupport_introspection_c.h
[1.749s] -- Up-to-date symlink: /home/ubuntu/workspace/robotics_v1/install/robo_miner_interfaces/include/robo_miner_interfaces/msg/detail/user_authenticate__rosidl_typesupport_introspection_c.h
[1.749s] -- Up-to-date symlink: /home/ubuntu/workspace/robotics_v1/install/robo_miner_interfaces/include/robo_miner_interfaces/msg/rosidl_typesupport_introspection_c__visibility_control.h
[1.749s] -- Up-to-date symlink: /home/ubuntu/workspace/robotics_v1/install/robo_miner_interfaces/include/robo_miner_interfaces/srv/detail/activate_mining_validate__rosidl_typesupport_introspection_c.h
[1.749s] -- Up-to-date symlink: /home/ubuntu/workspace/robotics_v1/install/robo_miner_interfaces/include/robo_miner_interfaces/srv/detail/field_map_validate__rosidl_typesupport_introspection_c.h
[1.749s] -- Up-to-date symlink: /home/ubuntu/workspace/robotics_v1/install/robo_miner_interfaces/include/robo_miner_interfaces/srv/detail/longest_sequence_validate__rosidl_typesupport_introspection_c.h
[1.749s] -- Up-to-date symlink: /home/ubuntu/workspace/robotics_v1/install/robo_miner_interfaces/include/robo_miner_interfaces/srv/detail/query_initial_robot_position__rosidl_typesupport_introspection_c.h
[1.750s] -- Up-to-date symlink: /home/ubuntu/workspace/robotics_v1/install/robo_miner_interfaces/include/robo_miner_interfaces/srv/detail/robot_move__rosidl_typesupport_introspection_c.h
[1.751s] -- Up-to-date symlink: /home/ubuntu/workspace/robotics_v1/install/robo_miner_interfaces/include/robo_miner_interfaces/msg/detail/field_point__builder.hpp
[1.751s] -- Up-to-date symlink: /home/ubuntu/workspace/robotics_v1/install/robo_miner_interfaces/include/robo_miner_interfaces/msg/detail/field_point__struct.hpp
[1.751s] -- Up-to-date symlink: /home/ubuntu/workspace/robotics_v1/install/robo_miner_interfaces/include/robo_miner_interfaces/msg/detail/field_point__traits.hpp
[1.751s] -- Up-to-date symlink: /home/ubuntu/workspace/robotics_v1/install/robo_miner_interfaces/include/robo_miner_interfaces/msg/detail/robot_move_type__builder.hpp
[1.751s] -- Up-to-date symlink: /home/ubuntu/workspace/robotics_v1/install/robo_miner_interfaces/include/robo_miner_interfaces/msg/detail/robot_move_type__struct.hpp
[1.752s] -- Up-to-date symlink: /home/ubuntu/workspace/robotics_v1/install/robo_miner_interfaces/include/robo_miner_interfaces/msg/detail/robot_move_type__traits.hpp
[1.752s] -- Up-to-date symlink: /home/ubuntu/workspace/robotics_v1/install/robo_miner_interfaces/include/robo_miner_interfaces/msg/detail/robot_position_response__builder.hpp
[1.752s] -- Up-to-date symlink: /home/ubuntu/workspace/robotics_v1/install/robo_miner_interfaces/include/robo_miner_interfaces/msg/detail/robot_position_response__struct.hpp
[1.752s] -- Up-to-date symlink: /home/ubuntu/workspace/robotics_v1/install/robo_miner_interfaces/include/robo_miner_interfaces/msg/detail/robot_position_response__traits.hpp
[1.752s] -- Up-to-date symlink: /home/ubuntu/workspace/robotics_v1/install/robo_miner_interfaces/include/robo_miner_interfaces/msg/detail/u_int8_multi_array__builder.hpp
[1.753s] -- Up-to-date symlink: /home/ubuntu/workspace/robotics_v1/install/robo_miner_interfaces/include/robo_miner_interfaces/msg/detail/u_int8_multi_array__struct.hpp
[1.753s] -- Up-to-date symlink: /home/ubuntu/workspace/robotics_v1/install/robo_miner_interfaces/include/robo_miner_interfaces/msg/detail/u_int8_multi_array__traits.hpp
[1.753s] -- Up-to-date symlink: /home/ubuntu/workspace/robotics_v1/install/robo_miner_interfaces/include/robo_miner_interfaces/msg/detail/user_authenticate__builder.hpp
[1.753s] -- Up-to-date symlink: /home/ubuntu/workspace/robotics_v1/install/robo_miner_interfaces/include/robo_miner_interfaces/msg/detail/user_authenticate__struct.hpp
[1.754s] -- Up-to-date symlink: /home/ubuntu/workspace/robotics_v1/install/robo_miner_interfaces/include/robo_miner_interfaces/msg/detail/user_authenticate__traits.hpp
[1.754s] -- Up-to-date symlink: /home/ubuntu/workspace/robotics_v1/install/robo_miner_interfaces/include/robo_miner_interfaces/msg/field_point.hpp
[1.754s] -- Up-to-date symlink: /home/ubuntu/workspace/robotics_v1/install/robo_miner_interfaces/include/robo_miner_interfaces/msg/robot_move_type.hpp
[1.755s] -- Up-to-date symlink: /home/ubuntu/workspace/robotics_v1/install/robo_miner_interfaces/include/robo_miner_interfaces/msg/robot_position_response.hpp
[1.755s] -- Up-to-date symlink: /home/ubuntu/workspace/robotics_v1/install/robo_miner_interfaces/include/robo_miner_interfaces/msg/u_int8_multi_array.hpp
[1.755s] -- Up-to-date symlink: /home/ubuntu/workspace/robotics_v1/install/robo_miner_interfaces/include/robo_miner_interfaces/msg/user_authenticate.hpp
[1.755s] -- Up-to-date symlink: /home/ubuntu/workspace/robotics_v1/install/robo_miner_interfaces/include/robo_miner_interfaces/srv/activate_mining_validate.hpp
[1.755s] -- Up-to-date symlink: /home/ubuntu/workspace/robotics_v1/install/robo_miner_interfaces/include/robo_miner_interfaces/srv/detail/activate_mining_validate__builder.hpp
[1.755s] -- Up-to-date symlink: /home/ubuntu/workspace/robotics_v1/install/robo_miner_interfaces/include/robo_miner_interfaces/srv/detail/activate_mining_validate__struct.hpp
[1.755s] -- Up-to-date symlink: /home/ubuntu/workspace/robotics_v1/install/robo_miner_interfaces/include/robo_miner_interfaces/srv/detail/activate_mining_validate__traits.hpp
[1.756s] -- Up-to-date symlink: /home/ubuntu/workspace/robotics_v1/install/robo_miner_interfaces/include/robo_miner_interfaces/srv/detail/field_map_validate__builder.hpp
[1.756s] -- Up-to-date symlink: /home/ubuntu/workspace/robotics_v1/install/robo_miner_interfaces/include/robo_miner_interfaces/srv/detail/field_map_validate__struct.hpp
[1.757s] -- Up-to-date symlink: /home/ubuntu/workspace/robotics_v1/install/robo_miner_interfaces/include/robo_miner_interfaces/srv/detail/field_map_validate__traits.hpp
[1.757s] -- Up-to-date symlink: /home/ubuntu/workspace/robotics_v1/install/robo_miner_interfaces/include/robo_miner_interfaces/srv/detail/longest_sequence_validate__builder.hpp
[1.758s] -- Up-to-date symlink: /home/ubuntu/workspace/robotics_v1/install/robo_miner_interfaces/include/robo_miner_interfaces/srv/detail/longest_sequence_validate__struct.hpp
[1.758s] -- Up-to-date symlink: /home/ubuntu/workspace/robotics_v1/install/robo_miner_interfaces/include/robo_miner_interfaces/srv/detail/longest_sequence_validate__traits.hpp
[1.758s] -- Up-to-date symlink: /home/ubuntu/workspace/robotics_v1/install/robo_miner_interfaces/include/robo_miner_interfaces/srv/detail/query_initial_robot_position__builder.hpp
[1.759s] -- Up-to-date symlink: /home/ubuntu/workspace/robotics_v1/install/robo_miner_interfaces/include/robo_miner_interfaces/srv/detail/query_initial_robot_position__struct.hpp
[1.759s] -- Up-to-date symlink: /home/ubuntu/workspace/robotics_v1/install/robo_miner_interfaces/include/robo_miner_interfaces/srv/detail/query_initial_robot_position__traits.hpp
[1.759s] -- Up-to-date symlink: /home/ubuntu/workspace/robotics_v1/install/robo_miner_interfaces/include/robo_miner_interfaces/srv/detail/robot_move__builder.hpp
[1.759s] -- Up-to-date symlink: /home/ubuntu/workspace/robotics_v1/install/robo_miner_interfaces/include/robo_miner_interfaces/srv/detail/robot_move__struct.hpp
[1.759s] -- Up-to-date symlink: /home/ubuntu/workspace/robotics_v1/install/robo_miner_interfaces/include/robo_miner_interfaces/srv/detail/robot_move__traits.hpp
[1.760s] -- Up-to-date symlink: /home/ubuntu/workspace/robotics_v1/install/robo_miner_interfaces/include/robo_miner_interfaces/srv/field_map_validate.hpp
[1.760s] -- Up-to-date symlink: /home/ubuntu/workspace/robotics_v1/install/robo_miner_interfaces/include/robo_miner_interfaces/srv/longest_sequence_validate.hpp
[1.760s] -- Up-to-date symlink: /home/ubuntu/workspace/robotics_v1/install/robo_miner_interfaces/include/robo_miner_interfaces/srv/query_initial_robot_position.hpp
[1.760s] -- Up-to-date symlink: /home/ubuntu/workspace/robotics_v1/install/robo_miner_interfaces/include/robo_miner_interfaces/srv/robot_move.hpp
[1.761s] -- Up-to-date symlink: /home/ubuntu/workspace/robotics_v1/install/robo_miner_interfaces/include/robo_miner_interfaces/msg/detail/field_point__rosidl_typesupport_introspection_cpp.hpp
[1.761s] -- Up-to-date symlink: /home/ubuntu/workspace/robotics_v1/install/robo_miner_interfaces/include/robo_miner_interfaces/msg/detail/robot_move_type__rosidl_typesupport_introspection_cpp.hpp
[1.762s] -- Up-to-date symlink: /home/ubuntu/workspace/robotics_v1/install/robo_miner_interfaces/include/robo_miner_interfaces/msg/detail/robot_position_response__rosidl_typesupport_introspection_cpp.hpp
[1.762s] -- Up-to-date symlink: /home/ubuntu/workspace/robotics_v1/install/robo_miner_interfaces/include/robo_miner_interfaces/msg/detail/u_int8_multi_array__rosidl_typesupport_introspection_cpp.hpp
[1.763s] -- Up-to-date symlink: /home/ubuntu/workspace/robotics_v1/install/robo_miner_interfaces/include/robo_miner_interfaces/msg/detail/user_authenticate__rosidl_typesupport_introspection_cpp.hpp
[1.763s] -- Up-to-date symlink: /home/ubuntu/workspace/robotics_v1/install/robo_miner_interfaces/include/robo_miner_interfaces/srv/detail/activate_mining_validate__rosidl_typesupport_introspection_cpp.hpp
[1.763s] -- Up-to-date symlink: /home/ubuntu/workspace/robotics_v1/install/robo_miner_interfaces/include/robo_miner_interfaces/srv/detail/field_map_validate__rosidl_typesupport_introspection_cpp.hpp
[1.763s] -- Up-to-date symlink: /home/ubuntu/workspace/robotics_v1/install/robo_miner_interfaces/include/robo_miner_interfaces/srv/detail/longest_sequence_validate__rosidl_typesupport_introspection_cpp.hpp
[1.764s] -- Up-to-date symlink: /home/ubuntu/workspace/robotics_v1/install/robo_miner_interfaces/include/robo_miner_interfaces/srv/detail/query_initial_robot_position__rosidl_typesupport_introspection_cpp.hpp
[1.764s] -- Up-to-date symlink: /home/ubuntu/workspace/robotics_v1/install/robo_miner_interfaces/include/robo_miner_interfaces/srv/detail/robot_move__rosidl_typesupport_introspection_cpp.hpp
[1.764s] -- Up-to-date symlink: /home/ubuntu/workspace/robotics_v1/install/robo_miner_interfaces/share/robo_miner_interfaces/environment/pythonpath.sh
[1.765s] -- Up-to-date symlink: /home/ubuntu/workspace/robotics_v1/install/robo_miner_interfaces/share/robo_miner_interfaces/environment/pythonpath.dsv
[1.765s] -- Up-to-date symlink: /home/ubuntu/workspace/robotics_v1/install/robo_miner_interfaces/lib/python3.8/site-packages/robo_miner_interfaces/__init__.py
[1.766s] -- Up-to-date symlink: /home/ubuntu/workspace/robotics_v1/install/robo_miner_interfaces/lib/python3.8/site-packages/robo_miner_interfaces/msg/__init__.py
[1.766s] -- Up-to-date symlink: /home/ubuntu/workspace/robotics_v1/install/robo_miner_interfaces/lib/python3.8/site-packages/robo_miner_interfaces/msg/_field_point.py
[1.766s] -- Up-to-date symlink: /home/ubuntu/workspace/robotics_v1/install/robo_miner_interfaces/lib/python3.8/site-packages/robo_miner_interfaces/msg/_robot_move_type.py
[1.767s] -- Up-to-date symlink: /home/ubuntu/workspace/robotics_v1/install/robo_miner_interfaces/lib/python3.8/site-packages/robo_miner_interfaces/msg/_robot_position_response.py
[1.767s] -- Up-to-date symlink: /home/ubuntu/workspace/robotics_v1/install/robo_miner_interfaces/lib/python3.8/site-packages/robo_miner_interfaces/msg/_u_int8_multi_array.py
[1.767s] -- Up-to-date symlink: /home/ubuntu/workspace/robotics_v1/install/robo_miner_interfaces/lib/python3.8/site-packages/robo_miner_interfaces/msg/_user_authenticate.py
[1.769s] -- Up-to-date symlink: /home/ubuntu/workspace/robotics_v1/install/robo_miner_interfaces/lib/python3.8/site-packages/robo_miner_interfaces/srv/__init__.py
[1.770s] -- Up-to-date symlink: /home/ubuntu/workspace/robotics_v1/install/robo_miner_interfaces/lib/python3.8/site-packages/robo_miner_interfaces/srv/_activate_mining_validate.py
[1.770s] -- Up-to-date symlink: /home/ubuntu/workspace/robotics_v1/install/robo_miner_interfaces/lib/python3.8/site-packages/robo_miner_interfaces/srv/_field_map_validate.py
[1.770s] -- Up-to-date symlink: /home/ubuntu/workspace/robotics_v1/install/robo_miner_interfaces/lib/python3.8/site-packages/robo_miner_interfaces/srv/_longest_sequence_validate.py
[1.770s] -- Up-to-date symlink: /home/ubuntu/workspace/robotics_v1/install/robo_miner_interfaces/lib/python3.8/site-packages/robo_miner_interfaces/srv/_query_initial_robot_position.py
[1.770s] -- Up-to-date symlink: /home/ubuntu/workspace/robotics_v1/install/robo_miner_interfaces/lib/python3.8/site-packages/robo_miner_interfaces/srv/_robot_move.py
[1.773s] -- Up-to-date symlink: /home/ubuntu/workspace/robotics_v1/install/robo_miner_interfaces/lib/python3.8/site-packages/robo_miner_interfaces/robo_miner_interfaces_s__rosidl_typesupport_fastrtps_c.cpython-38-x86_64-linux-gnu.so
[1.773s] -- Up-to-date symlink: /home/ubuntu/workspace/robotics_v1/install/robo_miner_interfaces/lib/python3.8/site-packages/robo_miner_interfaces/robo_miner_interfaces_s__rosidl_typesupport_introspection_c.cpython-38-x86_64-linux-gnu.so
[1.776s] -- Up-to-date symlink: /home/ubuntu/workspace/robotics_v1/install/robo_miner_interfaces/lib/python3.8/site-packages/robo_miner_interfaces/robo_miner_interfaces_s__rosidl_typesupport_c.cpython-38-x86_64-linux-gnu.so
[1.777s] -- Up-to-date symlink: /home/ubuntu/workspace/robotics_v1/install/robo_miner_interfaces/lib/librobo_miner_interfaces__python.so
[1.778s] -- Up-to-date symlink: /home/ubuntu/workspace/robotics_v1/install/robo_miner_interfaces/share/robo_miner_interfaces/msg/FieldPoint.idl
[1.779s] -- Up-to-date symlink: /home/ubuntu/workspace/robotics_v1/install/robo_miner_interfaces/share/robo_miner_interfaces/msg/RobotPositionResponse.idl
[1.779s] -- Up-to-date symlink: /home/ubuntu/workspace/robotics_v1/install/robo_miner_interfaces/share/robo_miner_interfaces/msg/UInt8MultiArray.idl
[1.779s] -- Up-to-date symlink: /home/ubuntu/workspace/robotics_v1/install/robo_miner_interfaces/share/robo_miner_interfaces/msg/RobotMoveType.idl
[1.780s] -- Up-to-date symlink: /home/ubuntu/workspace/robotics_v1/install/robo_miner_interfaces/share/robo_miner_interfaces/msg/UserAuthenticate.idl
[1.780s] -- Up-to-date symlink: /home/ubuntu/workspace/robotics_v1/install/robo_miner_interfaces/share/robo_miner_interfaces/srv/ActivateMiningValidate.idl
[1.781s] -- Up-to-date symlink: /home/ubuntu/workspace/robotics_v1/install/robo_miner_interfaces/share/robo_miner_interfaces/srv/RobotMove.idl
[1.781s] -- Up-to-date symlink: /home/ubuntu/workspace/robotics_v1/install/robo_miner_interfaces/share/robo_miner_interfaces/srv/LongestSequenceValidate.idl
[1.782s] -- Up-to-date symlink: /home/ubuntu/workspace/robotics_v1/install/robo_miner_interfaces/share/robo_miner_interfaces/srv/FieldMapValidate.idl
[1.783s] -- Up-to-date symlink: /home/ubuntu/workspace/robotics_v1/install/robo_miner_interfaces/share/robo_miner_interfaces/srv/QueryInitialRobotPosition.idl
[1.783s] -- Up-to-date symlink: /home/ubuntu/workspace/robotics_v1/install/robo_miner_interfaces/share/robo_miner_interfaces/msg/FieldPoint.msg
[1.784s] -- Up-to-date symlink: /home/ubuntu/workspace/robotics_v1/install/robo_miner_interfaces/share/robo_miner_interfaces/msg/RobotPositionResponse.msg
[1.785s] -- Up-to-date symlink: /home/ubuntu/workspace/robotics_v1/install/robo_miner_interfaces/share/robo_miner_interfaces/msg/UInt8MultiArray.msg
[1.785s] -- Up-to-date symlink: /home/ubuntu/workspace/robotics_v1/install/robo_miner_interfaces/share/robo_miner_interfaces/msg/RobotMoveType.msg
[1.786s] -- Up-to-date symlink: /home/ubuntu/workspace/robotics_v1/install/robo_miner_interfaces/share/robo_miner_interfaces/msg/UserAuthenticate.msg
[1.786s] -- Up-to-date symlink: /home/ubuntu/workspace/robotics_v1/install/robo_miner_interfaces/share/robo_miner_interfaces/srv/ActivateMiningValidate.srv
[1.787s] -- Up-to-date symlink: /home/ubuntu/workspace/robotics_v1/install/robo_miner_interfaces/share/robo_miner_interfaces/srv/ActivateMiningValidate_Request.msg
[1.789s] -- Up-to-date symlink: /home/ubuntu/workspace/robotics_v1/install/robo_miner_interfaces/share/robo_miner_interfaces/srv/ActivateMiningValidate_Response.msg
[1.789s] -- Up-to-date symlink: /home/ubuntu/workspace/robotics_v1/install/robo_miner_interfaces/share/robo_miner_interfaces/srv/RobotMove.srv
[1.789s] -- Up-to-date symlink: /home/ubuntu/workspace/robotics_v1/install/robo_miner_interfaces/share/robo_miner_interfaces/srv/RobotMove_Request.msg
[1.790s] -- Up-to-date symlink: /home/ubuntu/workspace/robotics_v1/install/robo_miner_interfaces/share/robo_miner_interfaces/srv/RobotMove_Response.msg
[1.790s] -- Up-to-date symlink: /home/ubuntu/workspace/robotics_v1/install/robo_miner_interfaces/share/robo_miner_interfaces/srv/LongestSequenceValidate.srv
[1.791s] -- Up-to-date symlink: /home/ubuntu/workspace/robotics_v1/install/robo_miner_interfaces/share/robo_miner_interfaces/srv/LongestSequenceValidate_Request.msg
[1.792s] -- Up-to-date symlink: /home/ubuntu/workspace/robotics_v1/install/robo_miner_interfaces/share/robo_miner_interfaces/srv/LongestSequenceValidate_Response.msg
[1.792s] -- Up-to-date symlink: /home/ubuntu/workspace/robotics_v1/install/robo_miner_interfaces/share/robo_miner_interfaces/srv/FieldMapValidate.srv
[1.793s] -- Up-to-date symlink: /home/ubuntu/workspace/robotics_v1/install/robo_miner_interfaces/share/robo_miner_interfaces/srv/FieldMapValidate_Request.msg
[1.793s] -- Up-to-date symlink: /home/ubuntu/workspace/robotics_v1/install/robo_miner_interfaces/share/robo_miner_interfaces/srv/FieldMapValidate_Response.msg
[1.794s] -- Up-to-date symlink: /home/ubuntu/workspace/robotics_v1/install/robo_miner_interfaces/share/robo_miner_interfaces/srv/QueryInitialRobotPosition.srv
[1.795s] -- Up-to-date symlink: /home/ubuntu/workspace/robotics_v1/install/robo_miner_interfaces/share/robo_miner_interfaces/srv/QueryInitialRobotPosition_Request.msg
[1.796s] -- Up-to-date symlink: /home/ubuntu/workspace/robotics_v1/install/robo_miner_interfaces/share/robo_miner_interfaces/srv/QueryInitialRobotPosition_Response.msg
[1.796s] -- Up-to-date symlink: /home/ubuntu/workspace/robotics_v1/install/robo_miner_interfaces/share/ament_index/resource_index/package_run_dependencies/robo_miner_interfaces
[1.796s] -- Up-to-date symlink: /home/ubuntu/workspace/robotics_v1/install/robo_miner_interfaces/share/ament_index/resource_index/parent_prefix_path/robo_miner_interfaces
[1.797s] -- Up-to-date symlink: /home/ubuntu/workspace/robotics_v1/install/robo_miner_interfaces/share/robo_miner_interfaces/environment/ament_prefix_path.sh
[1.797s] -- Up-to-date symlink: /home/ubuntu/workspace/robotics_v1/install/robo_miner_interfaces/share/robo_miner_interfaces/environment/ament_prefix_path.dsv
[1.798s] -- Up-to-date symlink: /home/ubuntu/workspace/robotics_v1/install/robo_miner_interfaces/share/robo_miner_interfaces/environment/path.sh
[1.798s] -- Up-to-date symlink: /home/ubuntu/workspace/robotics_v1/install/robo_miner_interfaces/share/robo_miner_interfaces/environment/path.dsv
[1.799s] -- Up-to-date symlink: /home/ubuntu/workspace/robotics_v1/install/robo_miner_interfaces/share/robo_miner_interfaces/local_setup.bash
[1.799s] -- Up-to-date symlink: /home/ubuntu/workspace/robotics_v1/install/robo_miner_interfaces/share/robo_miner_interfaces/local_setup.sh
[1.800s] -- Up-to-date symlink: /home/ubuntu/workspace/robotics_v1/install/robo_miner_interfaces/share/robo_miner_interfaces/local_setup.zsh
[1.800s] -- Up-to-date symlink: /home/ubuntu/workspace/robotics_v1/install/robo_miner_interfaces/share/robo_miner_interfaces/local_setup.dsv
[1.801s] -- Symlinking: /home/ubuntu/workspace/robotics_v1/install/robo_miner_interfaces/share/robo_miner_interfaces/package.dsv
[1.825s] -- Up-to-date symlink: /home/ubuntu/workspace/robotics_v1/install/robo_miner_interfaces/share/ament_index/resource_index/packages/robo_miner_interfaces
[1.825s] -- Up-to-date symlink: /home/ubuntu/workspace/robotics_v1/install/robo_miner_interfaces/share/robo_miner_interfaces/cmake/rosidl_cmake-extras.cmake
[1.826s] -- Up-to-date symlink: /home/ubuntu/workspace/robotics_v1/install/robo_miner_interfaces/share/robo_miner_interfaces/cmake/ament_cmake_export_dependencies-extras.cmake
[1.826s] -- Up-to-date symlink: /home/ubuntu/workspace/robotics_v1/install/robo_miner_interfaces/share/robo_miner_interfaces/cmake/ament_cmake_export_libraries-extras.cmake
[1.827s] -- Up-to-date symlink: /home/ubuntu/workspace/robotics_v1/install/robo_miner_interfaces/share/robo_miner_interfaces/cmake/ament_cmake_export_targets-extras.cmake
[1.827s] -- Up-to-date symlink: /home/ubuntu/workspace/robotics_v1/install/robo_miner_interfaces/share/robo_miner_interfaces/cmake/ament_cmake_export_include_directories-extras.cmake
[1.828s] -- Up-to-date symlink: /home/ubuntu/workspace/robotics_v1/install/robo_miner_interfaces/share/robo_miner_interfaces/cmake/rosidl_cmake_export_typesupport_libraries-extras.cmake
[1.828s] -- Up-to-date symlink: /home/ubuntu/workspace/robotics_v1/install/robo_miner_interfaces/share/robo_miner_interfaces/cmake/rosidl_cmake_export_typesupport_targets-extras.cmake
[1.828s] -- Up-to-date symlink: /home/ubuntu/workspace/robotics_v1/install/robo_miner_interfaces/share/robo_miner_interfaces/cmake/robo_miner_interfacesConfig.cmake
[1.828s] -- Up-to-date symlink: /home/ubuntu/workspace/robotics_v1/install/robo_miner_interfaces/share/robo_miner_interfaces/cmake/robo_miner_interfacesConfig-version.cmake
[1.831s] -- Up-to-date symlink: /home/ubuntu/workspace/robotics_v1/install/robo_miner_interfaces/share/robo_miner_interfaces/package.xml
[1.832s] -- Up-to-date: /home/ubuntu/workspace/robotics_v1/install/robo_miner_interfaces/lib/librobo_miner_interfaces__rosidl_generator_c.so
[1.836s] -- Up-to-date: /home/ubuntu/workspace/robotics_v1/install/robo_miner_interfaces/lib/librobo_miner_interfaces__rosidl_typesupport_introspection_c.so
[1.837s] -- Up-to-date: /home/ubuntu/workspace/robotics_v1/install/robo_miner_interfaces/lib/librobo_miner_interfaces__rosidl_typesupport_c.so
[1.841s] -- Up-to-date: /home/ubuntu/workspace/robotics_v1/install/robo_miner_interfaces/lib/librobo_miner_interfaces__rosidl_typesupport_introspection_cpp.so
[1.841s] -- Up-to-date: /home/ubuntu/workspace/robotics_v1/install/robo_miner_interfaces/lib/librobo_miner_interfaces__rosidl_typesupport_cpp.so
[1.922s] -- Up-to-date: /home/ubuntu/workspace/robotics_v1/install/robo_miner_interfaces/share/robo_miner_interfaces/cmake/robo_miner_interfaces__rosidl_generator_cExport.cmake
[1.922s] -- Up-to-date: /home/ubuntu/workspace/robotics_v1/install/robo_miner_interfaces/share/robo_miner_interfaces/cmake/robo_miner_interfaces__rosidl_generator_cExport-debug.cmake
[1.923s] -- Up-to-date: /home/ubuntu/workspace/robotics_v1/install/robo_miner_interfaces/share/robo_miner_interfaces/cmake/robo_miner_interfaces__rosidl_typesupport_introspection_cExport.cmake
[1.924s] -- Up-to-date: /home/ubuntu/workspace/robotics_v1/install/robo_miner_interfaces/share/robo_miner_interfaces/cmake/robo_miner_interfaces__rosidl_typesupport_introspection_cExport-debug.cmake
[1.925s] -- Up-to-date: /home/ubuntu/workspace/robotics_v1/install/robo_miner_interfaces/share/robo_miner_interfaces/cmake/robo_miner_interfaces__rosidl_typesupport_cExport.cmake
[1.925s] -- Up-to-date: /home/ubuntu/workspace/robotics_v1/install/robo_miner_interfaces/share/robo_miner_interfaces/cmake/robo_miner_interfaces__rosidl_typesupport_cExport-debug.cmake
[1.927s] -- Up-to-date: /home/ubuntu/workspace/robotics_v1/install/robo_miner_interfaces/share/robo_miner_interfaces/cmake/robo_miner_interfaces__rosidl_generator_cppExport.cmake
[1.929s] -- Up-to-date: /home/ubuntu/workspace/robotics_v1/install/robo_miner_interfaces/share/robo_miner_interfaces/cmake/robo_miner_interfaces__rosidl_typesupport_introspection_cppExport.cmake
[1.930s] -- Up-to-date: /home/ubuntu/workspace/robotics_v1/install/robo_miner_interfaces/share/robo_miner_interfaces/cmake/robo_miner_interfaces__rosidl_typesupport_introspection_cppExport-debug.cmake
[1.931s] -- Up-to-date: /home/ubuntu/workspace/robotics_v1/install/robo_miner_interfaces/share/robo_miner_interfaces/cmake/robo_miner_interfaces__rosidl_typesupport_cppExport.cmake
[1.931s] -- Up-to-date: /home/ubuntu/workspace/robotics_v1/install/robo_miner_interfaces/share/robo_miner_interfaces/cmake/robo_miner_interfaces__rosidl_typesupport_cppExport-debug.cmake
[1.948s] Invoked command in '/home/ubuntu/workspace/robotics_v1/build/robo_miner_interfaces' returned '0': CMAKE_PREFIX_PATH=/opt/ros/foxy /usr/bin/cmake --install /home/ubuntu/workspace/robotics_v1/build/robo_miner_interfaces
